[2023-11-08T14:16:28.571+0000] {processor.py:157} INFO - Started process (PID=104) to work on /home/airflow/.local/lib/python3.11/site-packages/airflow/example_dags/example_params_trigger_ui.py
[2023-11-08T14:16:28.573+0000] {processor.py:829} INFO - Processing file /home/airflow/.local/lib/python3.11/site-packages/airflow/example_dags/example_params_trigger_ui.py for tasks to queue
[2023-11-08T14:16:28.581+0000] {logging_mixin.py:154} INFO - [2023-11-08T14:16:28.580+0000] {dagbag.py:536} INFO - Filling up the DagBag from /home/airflow/.local/lib/python3.11/site-packages/airflow/example_dags/example_params_trigger_ui.py
[2023-11-08T14:16:28.645+0000] {processor.py:839} INFO - DAG(s) dict_keys(['example_params_trigger_ui']) retrieved from /home/airflow/.local/lib/python3.11/site-packages/airflow/example_dags/example_params_trigger_ui.py
[2023-11-08T14:16:29.149+0000] {logging_mixin.py:154} INFO - [2023-11-08T14:16:29.148+0000] {manager.py:499} INFO - Created Permission View: %s
[2023-11-08T14:16:29.182+0000] {logging_mixin.py:154} INFO - [2023-11-08T14:16:29.182+0000] {manager.py:499} INFO - Created Permission View: %s
[2023-11-08T14:16:29.206+0000] {logging_mixin.py:154} INFO - [2023-11-08T14:16:29.205+0000] {manager.py:499} INFO - Created Permission View: %s
[2023-11-08T14:16:29.207+0000] {logging_mixin.py:154} INFO - [2023-11-08T14:16:29.207+0000] {dag.py:2941} INFO - Sync 1 DAGs
[2023-11-08T14:16:29.250+0000] {logging_mixin.py:154} INFO - [2023-11-08T14:16:29.249+0000] {dag.py:2963} INFO - Creating ORM DAG for example_params_trigger_ui
[2023-11-08T14:16:29.251+0000] {logging_mixin.py:154} INFO - [2023-11-08T14:16:29.251+0000] {dag.py:3722} INFO - Setting next_dagrun for example_params_trigger_ui to None, run_after=None
[2023-11-08T14:16:29.317+0000] {processor.py:179} INFO - Processing /home/airflow/.local/lib/python3.11/site-packages/airflow/example_dags/example_params_trigger_ui.py took 0.756 seconds
[2023-11-08T14:16:59.528+0000] {processor.py:157} INFO - Started process (PID=180) to work on /home/airflow/.local/lib/python3.11/site-packages/airflow/example_dags/example_params_trigger_ui.py
[2023-11-08T14:16:59.529+0000] {processor.py:829} INFO - Processing file /home/airflow/.local/lib/python3.11/site-packages/airflow/example_dags/example_params_trigger_ui.py for tasks to queue
[2023-11-08T14:16:59.532+0000] {logging_mixin.py:154} INFO - [2023-11-08T14:16:59.531+0000] {dagbag.py:536} INFO - Filling up the DagBag from /home/airflow/.local/lib/python3.11/site-packages/airflow/example_dags/example_params_trigger_ui.py
[2023-11-08T14:16:59.557+0000] {processor.py:839} INFO - DAG(s) dict_keys(['example_params_trigger_ui']) retrieved from /home/airflow/.local/lib/python3.11/site-packages/airflow/example_dags/example_params_trigger_ui.py
[2023-11-08T14:16:59.636+0000] {logging_mixin.py:154} INFO - [2023-11-08T14:16:59.636+0000] {dag.py:2941} INFO - Sync 1 DAGs
[2023-11-08T14:16:59.663+0000] {logging_mixin.py:154} INFO - [2023-11-08T14:16:59.662+0000] {dag.py:3722} INFO - Setting next_dagrun for example_params_trigger_ui to None, run_after=None
[2023-11-08T14:16:59.694+0000] {processor.py:179} INFO - Processing /home/airflow/.local/lib/python3.11/site-packages/airflow/example_dags/example_params_trigger_ui.py took 0.171 seconds
[2023-11-08T14:17:29.831+0000] {processor.py:157} INFO - Started process (PID=256) to work on /home/airflow/.local/lib/python3.11/site-packages/airflow/example_dags/example_params_trigger_ui.py
[2023-11-08T14:17:29.833+0000] {processor.py:829} INFO - Processing file /home/airflow/.local/lib/python3.11/site-packages/airflow/example_dags/example_params_trigger_ui.py for tasks to queue
[2023-11-08T14:17:29.836+0000] {logging_mixin.py:154} INFO - [2023-11-08T14:17:29.835+0000] {dagbag.py:536} INFO - Filling up the DagBag from /home/airflow/.local/lib/python3.11/site-packages/airflow/example_dags/example_params_trigger_ui.py
[2023-11-08T14:17:29.861+0000] {processor.py:839} INFO - DAG(s) dict_keys(['example_params_trigger_ui']) retrieved from /home/airflow/.local/lib/python3.11/site-packages/airflow/example_dags/example_params_trigger_ui.py
[2023-11-08T14:17:29.938+0000] {logging_mixin.py:154} INFO - [2023-11-08T14:17:29.937+0000] {dag.py:2941} INFO - Sync 1 DAGs
[2023-11-08T14:17:29.958+0000] {logging_mixin.py:154} INFO - [2023-11-08T14:17:29.958+0000] {dag.py:3722} INFO - Setting next_dagrun for example_params_trigger_ui to None, run_after=None
[2023-11-08T14:17:29.991+0000] {processor.py:179} INFO - Processing /home/airflow/.local/lib/python3.11/site-packages/airflow/example_dags/example_params_trigger_ui.py took 0.165 seconds
[2023-11-08T14:18:00.438+0000] {processor.py:157} INFO - Started process (PID=332) to work on /home/airflow/.local/lib/python3.11/site-packages/airflow/example_dags/example_params_trigger_ui.py
[2023-11-08T14:18:00.441+0000] {processor.py:829} INFO - Processing file /home/airflow/.local/lib/python3.11/site-packages/airflow/example_dags/example_params_trigger_ui.py for tasks to queue
[2023-11-08T14:18:00.444+0000] {logging_mixin.py:154} INFO - [2023-11-08T14:18:00.444+0000] {dagbag.py:536} INFO - Filling up the DagBag from /home/airflow/.local/lib/python3.11/site-packages/airflow/example_dags/example_params_trigger_ui.py
[2023-11-08T14:18:00.496+0000] {processor.py:839} INFO - DAG(s) dict_keys(['example_params_trigger_ui']) retrieved from /home/airflow/.local/lib/python3.11/site-packages/airflow/example_dags/example_params_trigger_ui.py
[2023-11-08T14:18:00.581+0000] {logging_mixin.py:154} INFO - [2023-11-08T14:18:00.580+0000] {dag.py:2941} INFO - Sync 1 DAGs
[2023-11-08T14:18:00.610+0000] {logging_mixin.py:154} INFO - [2023-11-08T14:18:00.609+0000] {dag.py:3722} INFO - Setting next_dagrun for example_params_trigger_ui to None, run_after=None
[2023-11-08T14:18:00.657+0000] {processor.py:179} INFO - Processing /home/airflow/.local/lib/python3.11/site-packages/airflow/example_dags/example_params_trigger_ui.py took 0.234 seconds
[2023-11-08T14:18:31.752+0000] {processor.py:157} INFO - Started process (PID=408) to work on /home/airflow/.local/lib/python3.11/site-packages/airflow/example_dags/example_params_trigger_ui.py
[2023-11-08T14:18:31.754+0000] {processor.py:829} INFO - Processing file /home/airflow/.local/lib/python3.11/site-packages/airflow/example_dags/example_params_trigger_ui.py for tasks to queue
[2023-11-08T14:18:31.764+0000] {logging_mixin.py:154} INFO - [2023-11-08T14:18:31.763+0000] {dagbag.py:536} INFO - Filling up the DagBag from /home/airflow/.local/lib/python3.11/site-packages/airflow/example_dags/example_params_trigger_ui.py
[2023-11-08T14:18:31.820+0000] {processor.py:839} INFO - DAG(s) dict_keys(['example_params_trigger_ui']) retrieved from /home/airflow/.local/lib/python3.11/site-packages/airflow/example_dags/example_params_trigger_ui.py
[2023-11-08T14:18:32.003+0000] {logging_mixin.py:154} INFO - [2023-11-08T14:18:31.998+0000] {dag.py:2941} INFO - Sync 1 DAGs
[2023-11-08T14:18:32.058+0000] {logging_mixin.py:154} INFO - [2023-11-08T14:18:32.058+0000] {dag.py:3722} INFO - Setting next_dagrun for example_params_trigger_ui to None, run_after=None
[2023-11-08T14:18:32.126+0000] {processor.py:179} INFO - Processing /home/airflow/.local/lib/python3.11/site-packages/airflow/example_dags/example_params_trigger_ui.py took 0.389 seconds
[2023-11-08T14:19:13.378+0000] {processor.py:157} INFO - Started process (PID=484) to work on /home/airflow/.local/lib/python3.11/site-packages/airflow/example_dags/example_params_trigger_ui.py
[2023-11-08T14:19:13.403+0000] {processor.py:829} INFO - Processing file /home/airflow/.local/lib/python3.11/site-packages/airflow/example_dags/example_params_trigger_ui.py for tasks to queue
[2023-11-08T14:19:13.432+0000] {logging_mixin.py:154} INFO - [2023-11-08T14:19:13.430+0000] {dagbag.py:536} INFO - Filling up the DagBag from /home/airflow/.local/lib/python3.11/site-packages/airflow/example_dags/example_params_trigger_ui.py
[2023-11-08T14:19:13.779+0000] {processor.py:839} INFO - DAG(s) dict_keys(['example_params_trigger_ui']) retrieved from /home/airflow/.local/lib/python3.11/site-packages/airflow/example_dags/example_params_trigger_ui.py
[2023-11-08T14:19:14.150+0000] {logging_mixin.py:154} INFO - [2023-11-08T14:19:14.149+0000] {dag.py:2941} INFO - Sync 1 DAGs
[2023-11-08T14:19:14.322+0000] {logging_mixin.py:154} INFO - [2023-11-08T14:19:14.322+0000] {dag.py:3722} INFO - Setting next_dagrun for example_params_trigger_ui to None, run_after=None
[2023-11-08T14:19:14.545+0000] {processor.py:179} INFO - Processing /home/airflow/.local/lib/python3.11/site-packages/airflow/example_dags/example_params_trigger_ui.py took 1.206 seconds
[2023-11-08T14:19:45.002+0000] {processor.py:157} INFO - Started process (PID=560) to work on /home/airflow/.local/lib/python3.11/site-packages/airflow/example_dags/example_params_trigger_ui.py
[2023-11-08T14:19:45.004+0000] {processor.py:829} INFO - Processing file /home/airflow/.local/lib/python3.11/site-packages/airflow/example_dags/example_params_trigger_ui.py for tasks to queue
[2023-11-08T14:19:45.008+0000] {logging_mixin.py:154} INFO - [2023-11-08T14:19:45.008+0000] {dagbag.py:536} INFO - Filling up the DagBag from /home/airflow/.local/lib/python3.11/site-packages/airflow/example_dags/example_params_trigger_ui.py
[2023-11-08T14:19:45.091+0000] {processor.py:839} INFO - DAG(s) dict_keys(['example_params_trigger_ui']) retrieved from /home/airflow/.local/lib/python3.11/site-packages/airflow/example_dags/example_params_trigger_ui.py
[2023-11-08T14:19:45.343+0000] {logging_mixin.py:154} INFO - [2023-11-08T14:19:45.342+0000] {dag.py:2941} INFO - Sync 1 DAGs
[2023-11-08T14:19:45.459+0000] {logging_mixin.py:154} INFO - [2023-11-08T14:19:45.459+0000] {dag.py:3722} INFO - Setting next_dagrun for example_params_trigger_ui to None, run_after=None
[2023-11-08T14:19:45.541+0000] {processor.py:179} INFO - Processing /home/airflow/.local/lib/python3.11/site-packages/airflow/example_dags/example_params_trigger_ui.py took 0.551 seconds
[2023-11-08T14:20:15.783+0000] {processor.py:157} INFO - Started process (PID=637) to work on /home/airflow/.local/lib/python3.11/site-packages/airflow/example_dags/example_params_trigger_ui.py
[2023-11-08T14:20:15.784+0000] {processor.py:829} INFO - Processing file /home/airflow/.local/lib/python3.11/site-packages/airflow/example_dags/example_params_trigger_ui.py for tasks to queue
[2023-11-08T14:20:15.788+0000] {logging_mixin.py:154} INFO - [2023-11-08T14:20:15.787+0000] {dagbag.py:536} INFO - Filling up the DagBag from /home/airflow/.local/lib/python3.11/site-packages/airflow/example_dags/example_params_trigger_ui.py
[2023-11-08T14:20:15.817+0000] {processor.py:839} INFO - DAG(s) dict_keys(['example_params_trigger_ui']) retrieved from /home/airflow/.local/lib/python3.11/site-packages/airflow/example_dags/example_params_trigger_ui.py
[2023-11-08T14:20:15.907+0000] {logging_mixin.py:154} INFO - [2023-11-08T14:20:15.906+0000] {dag.py:2941} INFO - Sync 1 DAGs
[2023-11-08T14:20:15.932+0000] {logging_mixin.py:154} INFO - [2023-11-08T14:20:15.931+0000] {dag.py:3722} INFO - Setting next_dagrun for example_params_trigger_ui to None, run_after=None
[2023-11-08T14:20:15.967+0000] {processor.py:179} INFO - Processing /home/airflow/.local/lib/python3.11/site-packages/airflow/example_dags/example_params_trigger_ui.py took 0.191 seconds
[2023-11-08T14:20:46.588+0000] {processor.py:157} INFO - Started process (PID=713) to work on /home/airflow/.local/lib/python3.11/site-packages/airflow/example_dags/example_params_trigger_ui.py
[2023-11-08T14:20:46.590+0000] {processor.py:829} INFO - Processing file /home/airflow/.local/lib/python3.11/site-packages/airflow/example_dags/example_params_trigger_ui.py for tasks to queue
[2023-11-08T14:20:46.594+0000] {logging_mixin.py:154} INFO - [2023-11-08T14:20:46.593+0000] {dagbag.py:536} INFO - Filling up the DagBag from /home/airflow/.local/lib/python3.11/site-packages/airflow/example_dags/example_params_trigger_ui.py
[2023-11-08T14:20:46.646+0000] {processor.py:839} INFO - DAG(s) dict_keys(['example_params_trigger_ui']) retrieved from /home/airflow/.local/lib/python3.11/site-packages/airflow/example_dags/example_params_trigger_ui.py
[2023-11-08T14:20:46.787+0000] {logging_mixin.py:154} INFO - [2023-11-08T14:20:46.786+0000] {dag.py:2941} INFO - Sync 1 DAGs
[2023-11-08T14:20:46.825+0000] {logging_mixin.py:154} INFO - [2023-11-08T14:20:46.825+0000] {dag.py:3722} INFO - Setting next_dagrun for example_params_trigger_ui to None, run_after=None
[2023-11-08T14:20:46.879+0000] {processor.py:179} INFO - Processing /home/airflow/.local/lib/python3.11/site-packages/airflow/example_dags/example_params_trigger_ui.py took 0.305 seconds
[2023-11-08T14:21:17.012+0000] {processor.py:157} INFO - Started process (PID=788) to work on /home/airflow/.local/lib/python3.11/site-packages/airflow/example_dags/example_params_trigger_ui.py
[2023-11-08T14:21:17.015+0000] {processor.py:829} INFO - Processing file /home/airflow/.local/lib/python3.11/site-packages/airflow/example_dags/example_params_trigger_ui.py for tasks to queue
[2023-11-08T14:21:17.020+0000] {logging_mixin.py:154} INFO - [2023-11-08T14:21:17.019+0000] {dagbag.py:536} INFO - Filling up the DagBag from /home/airflow/.local/lib/python3.11/site-packages/airflow/example_dags/example_params_trigger_ui.py
[2023-11-08T14:21:17.066+0000] {processor.py:839} INFO - DAG(s) dict_keys(['example_params_trigger_ui']) retrieved from /home/airflow/.local/lib/python3.11/site-packages/airflow/example_dags/example_params_trigger_ui.py
[2023-11-08T14:21:17.203+0000] {logging_mixin.py:154} INFO - [2023-11-08T14:21:17.202+0000] {dag.py:2941} INFO - Sync 1 DAGs
[2023-11-08T14:21:17.243+0000] {logging_mixin.py:154} INFO - [2023-11-08T14:21:17.243+0000] {dag.py:3722} INFO - Setting next_dagrun for example_params_trigger_ui to None, run_after=None
[2023-11-08T14:21:17.296+0000] {processor.py:179} INFO - Processing /home/airflow/.local/lib/python3.11/site-packages/airflow/example_dags/example_params_trigger_ui.py took 0.292 seconds
[2023-11-08T14:21:47.751+0000] {processor.py:157} INFO - Started process (PID=864) to work on /home/airflow/.local/lib/python3.11/site-packages/airflow/example_dags/example_params_trigger_ui.py
[2023-11-08T14:21:47.753+0000] {processor.py:829} INFO - Processing file /home/airflow/.local/lib/python3.11/site-packages/airflow/example_dags/example_params_trigger_ui.py for tasks to queue
[2023-11-08T14:21:47.759+0000] {logging_mixin.py:154} INFO - [2023-11-08T14:21:47.758+0000] {dagbag.py:536} INFO - Filling up the DagBag from /home/airflow/.local/lib/python3.11/site-packages/airflow/example_dags/example_params_trigger_ui.py
[2023-11-08T14:21:47.793+0000] {processor.py:839} INFO - DAG(s) dict_keys(['example_params_trigger_ui']) retrieved from /home/airflow/.local/lib/python3.11/site-packages/airflow/example_dags/example_params_trigger_ui.py
[2023-11-08T14:21:47.890+0000] {logging_mixin.py:154} INFO - [2023-11-08T14:21:47.889+0000] {dag.py:2941} INFO - Sync 1 DAGs
[2023-11-08T14:21:47.918+0000] {logging_mixin.py:154} INFO - [2023-11-08T14:21:47.918+0000] {dag.py:3722} INFO - Setting next_dagrun for example_params_trigger_ui to None, run_after=None
[2023-11-08T14:21:47.959+0000] {processor.py:179} INFO - Processing /home/airflow/.local/lib/python3.11/site-packages/airflow/example_dags/example_params_trigger_ui.py took 0.215 seconds
[2023-11-08T14:22:18.163+0000] {processor.py:157} INFO - Started process (PID=940) to work on /home/airflow/.local/lib/python3.11/site-packages/airflow/example_dags/example_params_trigger_ui.py
[2023-11-08T14:22:18.166+0000] {processor.py:829} INFO - Processing file /home/airflow/.local/lib/python3.11/site-packages/airflow/example_dags/example_params_trigger_ui.py for tasks to queue
[2023-11-08T14:22:18.170+0000] {logging_mixin.py:154} INFO - [2023-11-08T14:22:18.170+0000] {dagbag.py:536} INFO - Filling up the DagBag from /home/airflow/.local/lib/python3.11/site-packages/airflow/example_dags/example_params_trigger_ui.py
[2023-11-08T14:22:18.218+0000] {processor.py:839} INFO - DAG(s) dict_keys(['example_params_trigger_ui']) retrieved from /home/airflow/.local/lib/python3.11/site-packages/airflow/example_dags/example_params_trigger_ui.py
[2023-11-08T14:22:18.317+0000] {logging_mixin.py:154} INFO - [2023-11-08T14:22:18.316+0000] {dag.py:2941} INFO - Sync 1 DAGs
[2023-11-08T14:22:18.346+0000] {logging_mixin.py:154} INFO - [2023-11-08T14:22:18.346+0000] {dag.py:3722} INFO - Setting next_dagrun for example_params_trigger_ui to None, run_after=None
[2023-11-08T14:22:18.379+0000] {processor.py:179} INFO - Processing /home/airflow/.local/lib/python3.11/site-packages/airflow/example_dags/example_params_trigger_ui.py took 0.223 seconds
[2023-11-08T14:22:48.585+0000] {processor.py:157} INFO - Started process (PID=1016) to work on /home/airflow/.local/lib/python3.11/site-packages/airflow/example_dags/example_params_trigger_ui.py
[2023-11-08T14:22:48.586+0000] {processor.py:829} INFO - Processing file /home/airflow/.local/lib/python3.11/site-packages/airflow/example_dags/example_params_trigger_ui.py for tasks to queue
[2023-11-08T14:22:48.589+0000] {logging_mixin.py:154} INFO - [2023-11-08T14:22:48.589+0000] {dagbag.py:536} INFO - Filling up the DagBag from /home/airflow/.local/lib/python3.11/site-packages/airflow/example_dags/example_params_trigger_ui.py
[2023-11-08T14:22:48.619+0000] {processor.py:839} INFO - DAG(s) dict_keys(['example_params_trigger_ui']) retrieved from /home/airflow/.local/lib/python3.11/site-packages/airflow/example_dags/example_params_trigger_ui.py
[2023-11-08T14:22:48.701+0000] {logging_mixin.py:154} INFO - [2023-11-08T14:22:48.701+0000] {dag.py:2941} INFO - Sync 1 DAGs
[2023-11-08T14:22:48.724+0000] {logging_mixin.py:154} INFO - [2023-11-08T14:22:48.724+0000] {dag.py:3722} INFO - Setting next_dagrun for example_params_trigger_ui to None, run_after=None
[2023-11-08T14:22:48.758+0000] {processor.py:179} INFO - Processing /home/airflow/.local/lib/python3.11/site-packages/airflow/example_dags/example_params_trigger_ui.py took 0.178 seconds
[2023-11-08T14:23:18.912+0000] {processor.py:157} INFO - Started process (PID=1092) to work on /home/airflow/.local/lib/python3.11/site-packages/airflow/example_dags/example_params_trigger_ui.py
[2023-11-08T14:23:18.918+0000] {processor.py:829} INFO - Processing file /home/airflow/.local/lib/python3.11/site-packages/airflow/example_dags/example_params_trigger_ui.py for tasks to queue
[2023-11-08T14:23:18.922+0000] {logging_mixin.py:154} INFO - [2023-11-08T14:23:18.922+0000] {dagbag.py:536} INFO - Filling up the DagBag from /home/airflow/.local/lib/python3.11/site-packages/airflow/example_dags/example_params_trigger_ui.py
[2023-11-08T14:23:18.989+0000] {processor.py:839} INFO - DAG(s) dict_keys(['example_params_trigger_ui']) retrieved from /home/airflow/.local/lib/python3.11/site-packages/airflow/example_dags/example_params_trigger_ui.py
[2023-11-08T14:23:19.231+0000] {logging_mixin.py:154} INFO - [2023-11-08T14:23:19.230+0000] {dag.py:2941} INFO - Sync 1 DAGs
[2023-11-08T14:23:19.293+0000] {logging_mixin.py:154} INFO - [2023-11-08T14:23:19.291+0000] {dag.py:3722} INFO - Setting next_dagrun for example_params_trigger_ui to None, run_after=None
[2023-11-08T14:23:19.370+0000] {processor.py:179} INFO - Processing /home/airflow/.local/lib/python3.11/site-packages/airflow/example_dags/example_params_trigger_ui.py took 0.474 seconds
[2023-11-08T14:23:58.880+0000] {processor.py:157} INFO - Started process (PID=1167) to work on /home/airflow/.local/lib/python3.11/site-packages/airflow/example_dags/example_params_trigger_ui.py
[2023-11-08T14:23:58.882+0000] {processor.py:829} INFO - Processing file /home/airflow/.local/lib/python3.11/site-packages/airflow/example_dags/example_params_trigger_ui.py for tasks to queue
[2023-11-08T14:23:58.885+0000] {logging_mixin.py:154} INFO - [2023-11-08T14:23:58.885+0000] {dagbag.py:536} INFO - Filling up the DagBag from /home/airflow/.local/lib/python3.11/site-packages/airflow/example_dags/example_params_trigger_ui.py
[2023-11-08T14:23:58.927+0000] {processor.py:839} INFO - DAG(s) dict_keys(['example_params_trigger_ui']) retrieved from /home/airflow/.local/lib/python3.11/site-packages/airflow/example_dags/example_params_trigger_ui.py
[2023-11-08T14:23:59.089+0000] {logging_mixin.py:154} INFO - [2023-11-08T14:23:59.088+0000] {dag.py:2941} INFO - Sync 1 DAGs
[2023-11-08T14:23:59.124+0000] {logging_mixin.py:154} INFO - [2023-11-08T14:23:59.123+0000] {dag.py:3722} INFO - Setting next_dagrun for example_params_trigger_ui to None, run_after=None
[2023-11-08T14:23:59.178+0000] {processor.py:179} INFO - Processing /home/airflow/.local/lib/python3.11/site-packages/airflow/example_dags/example_params_trigger_ui.py took 0.305 seconds
[2023-11-08T14:24:37.235+0000] {processor.py:157} INFO - Started process (PID=1271) to work on /home/airflow/.local/lib/python3.11/site-packages/airflow/example_dags/example_params_trigger_ui.py
[2023-11-08T14:24:37.239+0000] {processor.py:829} INFO - Processing file /home/airflow/.local/lib/python3.11/site-packages/airflow/example_dags/example_params_trigger_ui.py for tasks to queue
[2023-11-08T14:24:37.289+0000] {logging_mixin.py:154} INFO - [2023-11-08T14:24:37.288+0000] {dagbag.py:536} INFO - Filling up the DagBag from /home/airflow/.local/lib/python3.11/site-packages/airflow/example_dags/example_params_trigger_ui.py
[2023-11-08T14:24:37.438+0000] {processor.py:839} INFO - DAG(s) dict_keys(['example_params_trigger_ui']) retrieved from /home/airflow/.local/lib/python3.11/site-packages/airflow/example_dags/example_params_trigger_ui.py
[2023-11-08T14:24:37.699+0000] {logging_mixin.py:154} INFO - [2023-11-08T14:24:37.698+0000] {dag.py:2941} INFO - Sync 1 DAGs
[2023-11-08T14:24:37.840+0000] {logging_mixin.py:154} INFO - [2023-11-08T14:24:37.839+0000] {dag.py:3722} INFO - Setting next_dagrun for example_params_trigger_ui to None, run_after=None
[2023-11-08T14:24:37.959+0000] {processor.py:179} INFO - Processing /home/airflow/.local/lib/python3.11/site-packages/airflow/example_dags/example_params_trigger_ui.py took 0.733 seconds
[2023-11-08T14:25:08.707+0000] {processor.py:157} INFO - Started process (PID=1347) to work on /home/airflow/.local/lib/python3.11/site-packages/airflow/example_dags/example_params_trigger_ui.py
[2023-11-08T14:25:08.709+0000] {processor.py:829} INFO - Processing file /home/airflow/.local/lib/python3.11/site-packages/airflow/example_dags/example_params_trigger_ui.py for tasks to queue
[2023-11-08T14:25:08.714+0000] {logging_mixin.py:154} INFO - [2023-11-08T14:25:08.713+0000] {dagbag.py:536} INFO - Filling up the DagBag from /home/airflow/.local/lib/python3.11/site-packages/airflow/example_dags/example_params_trigger_ui.py
[2023-11-08T14:25:08.746+0000] {processor.py:839} INFO - DAG(s) dict_keys(['example_params_trigger_ui']) retrieved from /home/airflow/.local/lib/python3.11/site-packages/airflow/example_dags/example_params_trigger_ui.py
[2023-11-08T14:25:08.828+0000] {logging_mixin.py:154} INFO - [2023-11-08T14:25:08.828+0000] {dag.py:2941} INFO - Sync 1 DAGs
[2023-11-08T14:25:08.851+0000] {logging_mixin.py:154} INFO - [2023-11-08T14:25:08.850+0000] {dag.py:3722} INFO - Setting next_dagrun for example_params_trigger_ui to None, run_after=None
[2023-11-08T14:25:08.885+0000] {processor.py:179} INFO - Processing /home/airflow/.local/lib/python3.11/site-packages/airflow/example_dags/example_params_trigger_ui.py took 0.183 seconds
[2023-11-08T14:25:39.364+0000] {processor.py:157} INFO - Started process (PID=1423) to work on /home/airflow/.local/lib/python3.11/site-packages/airflow/example_dags/example_params_trigger_ui.py
[2023-11-08T14:25:39.366+0000] {processor.py:829} INFO - Processing file /home/airflow/.local/lib/python3.11/site-packages/airflow/example_dags/example_params_trigger_ui.py for tasks to queue
[2023-11-08T14:25:39.369+0000] {logging_mixin.py:154} INFO - [2023-11-08T14:25:39.369+0000] {dagbag.py:536} INFO - Filling up the DagBag from /home/airflow/.local/lib/python3.11/site-packages/airflow/example_dags/example_params_trigger_ui.py
[2023-11-08T14:25:39.400+0000] {processor.py:839} INFO - DAG(s) dict_keys(['example_params_trigger_ui']) retrieved from /home/airflow/.local/lib/python3.11/site-packages/airflow/example_dags/example_params_trigger_ui.py
[2023-11-08T14:25:39.484+0000] {logging_mixin.py:154} INFO - [2023-11-08T14:25:39.484+0000] {dag.py:2941} INFO - Sync 1 DAGs
[2023-11-08T14:25:39.511+0000] {logging_mixin.py:154} INFO - [2023-11-08T14:25:39.511+0000] {dag.py:3722} INFO - Setting next_dagrun for example_params_trigger_ui to None, run_after=None
[2023-11-08T14:25:39.548+0000] {processor.py:179} INFO - Processing /home/airflow/.local/lib/python3.11/site-packages/airflow/example_dags/example_params_trigger_ui.py took 0.187 seconds
[2023-11-08T14:26:10.089+0000] {processor.py:157} INFO - Started process (PID=1499) to work on /home/airflow/.local/lib/python3.11/site-packages/airflow/example_dags/example_params_trigger_ui.py
[2023-11-08T14:26:10.091+0000] {processor.py:829} INFO - Processing file /home/airflow/.local/lib/python3.11/site-packages/airflow/example_dags/example_params_trigger_ui.py for tasks to queue
[2023-11-08T14:26:10.095+0000] {logging_mixin.py:154} INFO - [2023-11-08T14:26:10.094+0000] {dagbag.py:536} INFO - Filling up the DagBag from /home/airflow/.local/lib/python3.11/site-packages/airflow/example_dags/example_params_trigger_ui.py
[2023-11-08T14:26:10.150+0000] {processor.py:839} INFO - DAG(s) dict_keys(['example_params_trigger_ui']) retrieved from /home/airflow/.local/lib/python3.11/site-packages/airflow/example_dags/example_params_trigger_ui.py
[2023-11-08T14:26:10.300+0000] {logging_mixin.py:154} INFO - [2023-11-08T14:26:10.299+0000] {dag.py:2941} INFO - Sync 1 DAGs
[2023-11-08T14:26:10.348+0000] {logging_mixin.py:154} INFO - [2023-11-08T14:26:10.348+0000] {dag.py:3722} INFO - Setting next_dagrun for example_params_trigger_ui to None, run_after=None
[2023-11-08T14:26:10.424+0000] {processor.py:179} INFO - Processing /home/airflow/.local/lib/python3.11/site-packages/airflow/example_dags/example_params_trigger_ui.py took 0.342 seconds
[2023-11-08T14:26:40.714+0000] {processor.py:157} INFO - Started process (PID=1575) to work on /home/airflow/.local/lib/python3.11/site-packages/airflow/example_dags/example_params_trigger_ui.py
[2023-11-08T14:26:40.715+0000] {processor.py:829} INFO - Processing file /home/airflow/.local/lib/python3.11/site-packages/airflow/example_dags/example_params_trigger_ui.py for tasks to queue
[2023-11-08T14:26:40.719+0000] {logging_mixin.py:154} INFO - [2023-11-08T14:26:40.718+0000] {dagbag.py:536} INFO - Filling up the DagBag from /home/airflow/.local/lib/python3.11/site-packages/airflow/example_dags/example_params_trigger_ui.py
[2023-11-08T14:26:40.747+0000] {processor.py:839} INFO - DAG(s) dict_keys(['example_params_trigger_ui']) retrieved from /home/airflow/.local/lib/python3.11/site-packages/airflow/example_dags/example_params_trigger_ui.py
[2023-11-08T14:26:40.828+0000] {logging_mixin.py:154} INFO - [2023-11-08T14:26:40.828+0000] {dag.py:2941} INFO - Sync 1 DAGs
[2023-11-08T14:26:40.849+0000] {logging_mixin.py:154} INFO - [2023-11-08T14:26:40.849+0000] {dag.py:3722} INFO - Setting next_dagrun for example_params_trigger_ui to None, run_after=None
[2023-11-08T14:26:40.883+0000] {processor.py:179} INFO - Processing /home/airflow/.local/lib/python3.11/site-packages/airflow/example_dags/example_params_trigger_ui.py took 0.173 seconds
[2023-11-08T14:27:11.043+0000] {processor.py:157} INFO - Started process (PID=1651) to work on /home/airflow/.local/lib/python3.11/site-packages/airflow/example_dags/example_params_trigger_ui.py
[2023-11-08T14:27:11.044+0000] {processor.py:829} INFO - Processing file /home/airflow/.local/lib/python3.11/site-packages/airflow/example_dags/example_params_trigger_ui.py for tasks to queue
[2023-11-08T14:27:11.051+0000] {logging_mixin.py:154} INFO - [2023-11-08T14:27:11.050+0000] {dagbag.py:536} INFO - Filling up the DagBag from /home/airflow/.local/lib/python3.11/site-packages/airflow/example_dags/example_params_trigger_ui.py
[2023-11-08T14:27:11.089+0000] {processor.py:839} INFO - DAG(s) dict_keys(['example_params_trigger_ui']) retrieved from /home/airflow/.local/lib/python3.11/site-packages/airflow/example_dags/example_params_trigger_ui.py
[2023-11-08T14:27:11.174+0000] {logging_mixin.py:154} INFO - [2023-11-08T14:27:11.174+0000] {dag.py:2941} INFO - Sync 1 DAGs
[2023-11-08T14:27:11.198+0000] {logging_mixin.py:154} INFO - [2023-11-08T14:27:11.198+0000] {dag.py:3722} INFO - Setting next_dagrun for example_params_trigger_ui to None, run_after=None
[2023-11-08T14:27:11.234+0000] {processor.py:179} INFO - Processing /home/airflow/.local/lib/python3.11/site-packages/airflow/example_dags/example_params_trigger_ui.py took 0.200 seconds
[2023-11-08T14:27:41.492+0000] {processor.py:157} INFO - Started process (PID=1727) to work on /home/airflow/.local/lib/python3.11/site-packages/airflow/example_dags/example_params_trigger_ui.py
[2023-11-08T14:27:41.493+0000] {processor.py:829} INFO - Processing file /home/airflow/.local/lib/python3.11/site-packages/airflow/example_dags/example_params_trigger_ui.py for tasks to queue
[2023-11-08T14:27:41.497+0000] {logging_mixin.py:154} INFO - [2023-11-08T14:27:41.496+0000] {dagbag.py:536} INFO - Filling up the DagBag from /home/airflow/.local/lib/python3.11/site-packages/airflow/example_dags/example_params_trigger_ui.py
[2023-11-08T14:27:41.530+0000] {processor.py:839} INFO - DAG(s) dict_keys(['example_params_trigger_ui']) retrieved from /home/airflow/.local/lib/python3.11/site-packages/airflow/example_dags/example_params_trigger_ui.py
[2023-11-08T14:27:41.615+0000] {logging_mixin.py:154} INFO - [2023-11-08T14:27:41.615+0000] {dag.py:2941} INFO - Sync 1 DAGs
[2023-11-08T14:27:41.635+0000] {logging_mixin.py:154} INFO - [2023-11-08T14:27:41.635+0000] {dag.py:3722} INFO - Setting next_dagrun for example_params_trigger_ui to None, run_after=None
[2023-11-08T14:27:41.668+0000] {processor.py:179} INFO - Processing /home/airflow/.local/lib/python3.11/site-packages/airflow/example_dags/example_params_trigger_ui.py took 0.181 seconds
[2023-11-08T14:28:12.649+0000] {processor.py:157} INFO - Started process (PID=1803) to work on /home/airflow/.local/lib/python3.11/site-packages/airflow/example_dags/example_params_trigger_ui.py
[2023-11-08T14:28:12.651+0000] {processor.py:829} INFO - Processing file /home/airflow/.local/lib/python3.11/site-packages/airflow/example_dags/example_params_trigger_ui.py for tasks to queue
[2023-11-08T14:28:12.654+0000] {logging_mixin.py:154} INFO - [2023-11-08T14:28:12.654+0000] {dagbag.py:536} INFO - Filling up the DagBag from /home/airflow/.local/lib/python3.11/site-packages/airflow/example_dags/example_params_trigger_ui.py
[2023-11-08T14:28:12.683+0000] {processor.py:839} INFO - DAG(s) dict_keys(['example_params_trigger_ui']) retrieved from /home/airflow/.local/lib/python3.11/site-packages/airflow/example_dags/example_params_trigger_ui.py
[2023-11-08T14:28:12.766+0000] {logging_mixin.py:154} INFO - [2023-11-08T14:28:12.765+0000] {dag.py:2941} INFO - Sync 1 DAGs
[2023-11-08T14:28:12.791+0000] {logging_mixin.py:154} INFO - [2023-11-08T14:28:12.790+0000] {dag.py:3722} INFO - Setting next_dagrun for example_params_trigger_ui to None, run_after=None
[2023-11-08T14:28:12.824+0000] {processor.py:179} INFO - Processing /home/airflow/.local/lib/python3.11/site-packages/airflow/example_dags/example_params_trigger_ui.py took 0.180 seconds
[2023-11-08T14:28:43.909+0000] {processor.py:157} INFO - Started process (PID=1881) to work on /home/airflow/.local/lib/python3.11/site-packages/airflow/example_dags/example_params_trigger_ui.py
[2023-11-08T14:28:43.910+0000] {processor.py:829} INFO - Processing file /home/airflow/.local/lib/python3.11/site-packages/airflow/example_dags/example_params_trigger_ui.py for tasks to queue
[2023-11-08T14:28:43.913+0000] {logging_mixin.py:154} INFO - [2023-11-08T14:28:43.913+0000] {dagbag.py:536} INFO - Filling up the DagBag from /home/airflow/.local/lib/python3.11/site-packages/airflow/example_dags/example_params_trigger_ui.py
[2023-11-08T14:28:43.937+0000] {processor.py:839} INFO - DAG(s) dict_keys(['example_params_trigger_ui']) retrieved from /home/airflow/.local/lib/python3.11/site-packages/airflow/example_dags/example_params_trigger_ui.py
[2023-11-08T14:28:44.025+0000] {logging_mixin.py:154} INFO - [2023-11-08T14:28:44.025+0000] {dag.py:2941} INFO - Sync 1 DAGs
[2023-11-08T14:28:44.047+0000] {logging_mixin.py:154} INFO - [2023-11-08T14:28:44.046+0000] {dag.py:3722} INFO - Setting next_dagrun for example_params_trigger_ui to None, run_after=None
[2023-11-08T14:28:44.079+0000] {processor.py:179} INFO - Processing /home/airflow/.local/lib/python3.11/site-packages/airflow/example_dags/example_params_trigger_ui.py took 0.174 seconds
[2023-11-08T14:29:14.503+0000] {processor.py:157} INFO - Started process (PID=1957) to work on /home/airflow/.local/lib/python3.11/site-packages/airflow/example_dags/example_params_trigger_ui.py
[2023-11-08T14:29:14.504+0000] {processor.py:829} INFO - Processing file /home/airflow/.local/lib/python3.11/site-packages/airflow/example_dags/example_params_trigger_ui.py for tasks to queue
[2023-11-08T14:29:14.507+0000] {logging_mixin.py:154} INFO - [2023-11-08T14:29:14.507+0000] {dagbag.py:536} INFO - Filling up the DagBag from /home/airflow/.local/lib/python3.11/site-packages/airflow/example_dags/example_params_trigger_ui.py
[2023-11-08T14:29:14.535+0000] {processor.py:839} INFO - DAG(s) dict_keys(['example_params_trigger_ui']) retrieved from /home/airflow/.local/lib/python3.11/site-packages/airflow/example_dags/example_params_trigger_ui.py
[2023-11-08T14:29:14.637+0000] {logging_mixin.py:154} INFO - [2023-11-08T14:29:14.637+0000] {dag.py:2941} INFO - Sync 1 DAGs
[2023-11-08T14:29:14.656+0000] {logging_mixin.py:154} INFO - [2023-11-08T14:29:14.655+0000] {dag.py:3722} INFO - Setting next_dagrun for example_params_trigger_ui to None, run_after=None
[2023-11-08T14:29:14.686+0000] {processor.py:179} INFO - Processing /home/airflow/.local/lib/python3.11/site-packages/airflow/example_dags/example_params_trigger_ui.py took 0.189 seconds
[2023-11-08T14:29:44.994+0000] {processor.py:157} INFO - Started process (PID=2033) to work on /home/airflow/.local/lib/python3.11/site-packages/airflow/example_dags/example_params_trigger_ui.py
[2023-11-08T14:29:44.995+0000] {processor.py:829} INFO - Processing file /home/airflow/.local/lib/python3.11/site-packages/airflow/example_dags/example_params_trigger_ui.py for tasks to queue
[2023-11-08T14:29:44.998+0000] {logging_mixin.py:154} INFO - [2023-11-08T14:29:44.998+0000] {dagbag.py:536} INFO - Filling up the DagBag from /home/airflow/.local/lib/python3.11/site-packages/airflow/example_dags/example_params_trigger_ui.py
[2023-11-08T14:29:45.024+0000] {processor.py:839} INFO - DAG(s) dict_keys(['example_params_trigger_ui']) retrieved from /home/airflow/.local/lib/python3.11/site-packages/airflow/example_dags/example_params_trigger_ui.py
[2023-11-08T14:29:45.097+0000] {logging_mixin.py:154} INFO - [2023-11-08T14:29:45.097+0000] {dag.py:2941} INFO - Sync 1 DAGs
[2023-11-08T14:29:45.122+0000] {logging_mixin.py:154} INFO - [2023-11-08T14:29:45.122+0000] {dag.py:3722} INFO - Setting next_dagrun for example_params_trigger_ui to None, run_after=None
[2023-11-08T14:29:45.155+0000] {processor.py:179} INFO - Processing /home/airflow/.local/lib/python3.11/site-packages/airflow/example_dags/example_params_trigger_ui.py took 0.166 seconds
[2023-11-08T14:30:15.831+0000] {processor.py:157} INFO - Started process (PID=2109) to work on /home/airflow/.local/lib/python3.11/site-packages/airflow/example_dags/example_params_trigger_ui.py
[2023-11-08T14:30:15.832+0000] {processor.py:829} INFO - Processing file /home/airflow/.local/lib/python3.11/site-packages/airflow/example_dags/example_params_trigger_ui.py for tasks to queue
[2023-11-08T14:30:15.835+0000] {logging_mixin.py:154} INFO - [2023-11-08T14:30:15.835+0000] {dagbag.py:536} INFO - Filling up the DagBag from /home/airflow/.local/lib/python3.11/site-packages/airflow/example_dags/example_params_trigger_ui.py
[2023-11-08T14:30:15.870+0000] {processor.py:839} INFO - DAG(s) dict_keys(['example_params_trigger_ui']) retrieved from /home/airflow/.local/lib/python3.11/site-packages/airflow/example_dags/example_params_trigger_ui.py
[2023-11-08T14:30:15.976+0000] {logging_mixin.py:154} INFO - [2023-11-08T14:30:15.976+0000] {dag.py:2941} INFO - Sync 1 DAGs
[2023-11-08T14:30:16.002+0000] {logging_mixin.py:154} INFO - [2023-11-08T14:30:16.001+0000] {dag.py:3722} INFO - Setting next_dagrun for example_params_trigger_ui to None, run_after=None
[2023-11-08T14:30:16.048+0000] {processor.py:179} INFO - Processing /home/airflow/.local/lib/python3.11/site-packages/airflow/example_dags/example_params_trigger_ui.py took 0.224 seconds
[2023-11-08T14:30:46.510+0000] {processor.py:157} INFO - Started process (PID=2186) to work on /home/airflow/.local/lib/python3.11/site-packages/airflow/example_dags/example_params_trigger_ui.py
[2023-11-08T14:30:46.512+0000] {processor.py:829} INFO - Processing file /home/airflow/.local/lib/python3.11/site-packages/airflow/example_dags/example_params_trigger_ui.py for tasks to queue
[2023-11-08T14:30:46.517+0000] {logging_mixin.py:154} INFO - [2023-11-08T14:30:46.516+0000] {dagbag.py:536} INFO - Filling up the DagBag from /home/airflow/.local/lib/python3.11/site-packages/airflow/example_dags/example_params_trigger_ui.py
[2023-11-08T14:30:46.543+0000] {processor.py:839} INFO - DAG(s) dict_keys(['example_params_trigger_ui']) retrieved from /home/airflow/.local/lib/python3.11/site-packages/airflow/example_dags/example_params_trigger_ui.py
[2023-11-08T14:30:46.630+0000] {logging_mixin.py:154} INFO - [2023-11-08T14:30:46.629+0000] {dag.py:2941} INFO - Sync 1 DAGs
[2023-11-08T14:30:46.655+0000] {logging_mixin.py:154} INFO - [2023-11-08T14:30:46.655+0000] {dag.py:3722} INFO - Setting next_dagrun for example_params_trigger_ui to None, run_after=None
[2023-11-08T14:30:46.700+0000] {processor.py:179} INFO - Processing /home/airflow/.local/lib/python3.11/site-packages/airflow/example_dags/example_params_trigger_ui.py took 0.194 seconds
[2023-11-08T14:31:17.060+0000] {processor.py:157} INFO - Started process (PID=2262) to work on /home/airflow/.local/lib/python3.11/site-packages/airflow/example_dags/example_params_trigger_ui.py
[2023-11-08T14:31:17.062+0000] {processor.py:829} INFO - Processing file /home/airflow/.local/lib/python3.11/site-packages/airflow/example_dags/example_params_trigger_ui.py for tasks to queue
[2023-11-08T14:31:17.066+0000] {logging_mixin.py:154} INFO - [2023-11-08T14:31:17.065+0000] {dagbag.py:536} INFO - Filling up the DagBag from /home/airflow/.local/lib/python3.11/site-packages/airflow/example_dags/example_params_trigger_ui.py
[2023-11-08T14:31:17.098+0000] {processor.py:839} INFO - DAG(s) dict_keys(['example_params_trigger_ui']) retrieved from /home/airflow/.local/lib/python3.11/site-packages/airflow/example_dags/example_params_trigger_ui.py
[2023-11-08T14:31:17.181+0000] {logging_mixin.py:154} INFO - [2023-11-08T14:31:17.180+0000] {dag.py:2941} INFO - Sync 1 DAGs
[2023-11-08T14:31:17.204+0000] {logging_mixin.py:154} INFO - [2023-11-08T14:31:17.204+0000] {dag.py:3722} INFO - Setting next_dagrun for example_params_trigger_ui to None, run_after=None
[2023-11-08T14:31:17.242+0000] {processor.py:179} INFO - Processing /home/airflow/.local/lib/python3.11/site-packages/airflow/example_dags/example_params_trigger_ui.py took 0.188 seconds
[2023-11-08T14:31:47.440+0000] {processor.py:157} INFO - Started process (PID=2338) to work on /home/airflow/.local/lib/python3.11/site-packages/airflow/example_dags/example_params_trigger_ui.py
[2023-11-08T14:31:47.442+0000] {processor.py:829} INFO - Processing file /home/airflow/.local/lib/python3.11/site-packages/airflow/example_dags/example_params_trigger_ui.py for tasks to queue
[2023-11-08T14:31:47.446+0000] {logging_mixin.py:154} INFO - [2023-11-08T14:31:47.446+0000] {dagbag.py:536} INFO - Filling up the DagBag from /home/airflow/.local/lib/python3.11/site-packages/airflow/example_dags/example_params_trigger_ui.py
[2023-11-08T14:31:47.474+0000] {processor.py:839} INFO - DAG(s) dict_keys(['example_params_trigger_ui']) retrieved from /home/airflow/.local/lib/python3.11/site-packages/airflow/example_dags/example_params_trigger_ui.py
[2023-11-08T14:31:47.551+0000] {logging_mixin.py:154} INFO - [2023-11-08T14:31:47.551+0000] {dag.py:2941} INFO - Sync 1 DAGs
[2023-11-08T14:31:47.570+0000] {logging_mixin.py:154} INFO - [2023-11-08T14:31:47.570+0000] {dag.py:3722} INFO - Setting next_dagrun for example_params_trigger_ui to None, run_after=None
[2023-11-08T14:31:47.606+0000] {processor.py:179} INFO - Processing /home/airflow/.local/lib/python3.11/site-packages/airflow/example_dags/example_params_trigger_ui.py took 0.171 seconds
[2023-11-08T14:32:17.842+0000] {processor.py:157} INFO - Started process (PID=2414) to work on /home/airflow/.local/lib/python3.11/site-packages/airflow/example_dags/example_params_trigger_ui.py
[2023-11-08T14:32:17.844+0000] {processor.py:829} INFO - Processing file /home/airflow/.local/lib/python3.11/site-packages/airflow/example_dags/example_params_trigger_ui.py for tasks to queue
[2023-11-08T14:32:17.847+0000] {logging_mixin.py:154} INFO - [2023-11-08T14:32:17.847+0000] {dagbag.py:536} INFO - Filling up the DagBag from /home/airflow/.local/lib/python3.11/site-packages/airflow/example_dags/example_params_trigger_ui.py
[2023-11-08T14:32:17.875+0000] {processor.py:839} INFO - DAG(s) dict_keys(['example_params_trigger_ui']) retrieved from /home/airflow/.local/lib/python3.11/site-packages/airflow/example_dags/example_params_trigger_ui.py
[2023-11-08T14:32:17.958+0000] {logging_mixin.py:154} INFO - [2023-11-08T14:32:17.958+0000] {dag.py:2941} INFO - Sync 1 DAGs
[2023-11-08T14:32:17.980+0000] {logging_mixin.py:154} INFO - [2023-11-08T14:32:17.979+0000] {dag.py:3722} INFO - Setting next_dagrun for example_params_trigger_ui to None, run_after=None
[2023-11-08T14:32:18.012+0000] {processor.py:179} INFO - Processing /home/airflow/.local/lib/python3.11/site-packages/airflow/example_dags/example_params_trigger_ui.py took 0.175 seconds
[2023-11-08T14:32:48.917+0000] {processor.py:157} INFO - Started process (PID=2490) to work on /home/airflow/.local/lib/python3.11/site-packages/airflow/example_dags/example_params_trigger_ui.py
[2023-11-08T14:32:48.920+0000] {processor.py:829} INFO - Processing file /home/airflow/.local/lib/python3.11/site-packages/airflow/example_dags/example_params_trigger_ui.py for tasks to queue
[2023-11-08T14:32:48.925+0000] {logging_mixin.py:154} INFO - [2023-11-08T14:32:48.924+0000] {dagbag.py:536} INFO - Filling up the DagBag from /home/airflow/.local/lib/python3.11/site-packages/airflow/example_dags/example_params_trigger_ui.py
[2023-11-08T14:32:48.958+0000] {processor.py:839} INFO - DAG(s) dict_keys(['example_params_trigger_ui']) retrieved from /home/airflow/.local/lib/python3.11/site-packages/airflow/example_dags/example_params_trigger_ui.py
[2023-11-08T14:32:49.064+0000] {logging_mixin.py:154} INFO - [2023-11-08T14:32:49.064+0000] {dag.py:2941} INFO - Sync 1 DAGs
[2023-11-08T14:32:49.090+0000] {logging_mixin.py:154} INFO - [2023-11-08T14:32:49.089+0000] {dag.py:3722} INFO - Setting next_dagrun for example_params_trigger_ui to None, run_after=None
[2023-11-08T14:32:49.126+0000] {processor.py:179} INFO - Processing /home/airflow/.local/lib/python3.11/site-packages/airflow/example_dags/example_params_trigger_ui.py took 0.216 seconds
[2023-11-08T14:33:19.462+0000] {processor.py:157} INFO - Started process (PID=2566) to work on /home/airflow/.local/lib/python3.11/site-packages/airflow/example_dags/example_params_trigger_ui.py
[2023-11-08T14:33:19.462+0000] {processor.py:829} INFO - Processing file /home/airflow/.local/lib/python3.11/site-packages/airflow/example_dags/example_params_trigger_ui.py for tasks to queue
[2023-11-08T14:33:19.466+0000] {logging_mixin.py:154} INFO - [2023-11-08T14:33:19.466+0000] {dagbag.py:536} INFO - Filling up the DagBag from /home/airflow/.local/lib/python3.11/site-packages/airflow/example_dags/example_params_trigger_ui.py
[2023-11-08T14:33:19.493+0000] {processor.py:839} INFO - DAG(s) dict_keys(['example_params_trigger_ui']) retrieved from /home/airflow/.local/lib/python3.11/site-packages/airflow/example_dags/example_params_trigger_ui.py
[2023-11-08T14:33:19.579+0000] {logging_mixin.py:154} INFO - [2023-11-08T14:33:19.578+0000] {dag.py:2941} INFO - Sync 1 DAGs
[2023-11-08T14:33:19.599+0000] {logging_mixin.py:154} INFO - [2023-11-08T14:33:19.598+0000] {dag.py:3722} INFO - Setting next_dagrun for example_params_trigger_ui to None, run_after=None
[2023-11-08T14:33:19.635+0000] {processor.py:179} INFO - Processing /home/airflow/.local/lib/python3.11/site-packages/airflow/example_dags/example_params_trigger_ui.py took 0.178 seconds
[2023-11-08T14:33:49.880+0000] {processor.py:157} INFO - Started process (PID=2642) to work on /home/airflow/.local/lib/python3.11/site-packages/airflow/example_dags/example_params_trigger_ui.py
[2023-11-08T14:33:49.881+0000] {processor.py:829} INFO - Processing file /home/airflow/.local/lib/python3.11/site-packages/airflow/example_dags/example_params_trigger_ui.py for tasks to queue
[2023-11-08T14:33:49.884+0000] {logging_mixin.py:154} INFO - [2023-11-08T14:33:49.884+0000] {dagbag.py:536} INFO - Filling up the DagBag from /home/airflow/.local/lib/python3.11/site-packages/airflow/example_dags/example_params_trigger_ui.py
[2023-11-08T14:33:49.913+0000] {processor.py:839} INFO - DAG(s) dict_keys(['example_params_trigger_ui']) retrieved from /home/airflow/.local/lib/python3.11/site-packages/airflow/example_dags/example_params_trigger_ui.py
[2023-11-08T14:33:49.999+0000] {logging_mixin.py:154} INFO - [2023-11-08T14:33:49.999+0000] {dag.py:2941} INFO - Sync 1 DAGs
[2023-11-08T14:33:50.020+0000] {logging_mixin.py:154} INFO - [2023-11-08T14:33:50.020+0000] {dag.py:3722} INFO - Setting next_dagrun for example_params_trigger_ui to None, run_after=None
[2023-11-08T14:33:50.053+0000] {processor.py:179} INFO - Processing /home/airflow/.local/lib/python3.11/site-packages/airflow/example_dags/example_params_trigger_ui.py took 0.178 seconds
[2023-11-08T14:34:20.688+0000] {processor.py:157} INFO - Started process (PID=2718) to work on /home/airflow/.local/lib/python3.11/site-packages/airflow/example_dags/example_params_trigger_ui.py
[2023-11-08T14:34:20.689+0000] {processor.py:829} INFO - Processing file /home/airflow/.local/lib/python3.11/site-packages/airflow/example_dags/example_params_trigger_ui.py for tasks to queue
[2023-11-08T14:34:20.692+0000] {logging_mixin.py:154} INFO - [2023-11-08T14:34:20.692+0000] {dagbag.py:536} INFO - Filling up the DagBag from /home/airflow/.local/lib/python3.11/site-packages/airflow/example_dags/example_params_trigger_ui.py
[2023-11-08T14:34:20.724+0000] {processor.py:839} INFO - DAG(s) dict_keys(['example_params_trigger_ui']) retrieved from /home/airflow/.local/lib/python3.11/site-packages/airflow/example_dags/example_params_trigger_ui.py
[2023-11-08T14:34:20.806+0000] {logging_mixin.py:154} INFO - [2023-11-08T14:34:20.806+0000] {dag.py:2941} INFO - Sync 1 DAGs
[2023-11-08T14:34:20.828+0000] {logging_mixin.py:154} INFO - [2023-11-08T14:34:20.827+0000] {dag.py:3722} INFO - Setting next_dagrun for example_params_trigger_ui to None, run_after=None
[2023-11-08T14:34:20.857+0000] {processor.py:179} INFO - Processing /home/airflow/.local/lib/python3.11/site-packages/airflow/example_dags/example_params_trigger_ui.py took 0.174 seconds
[2023-11-08T14:34:51.118+0000] {processor.py:157} INFO - Started process (PID=2794) to work on /home/airflow/.local/lib/python3.11/site-packages/airflow/example_dags/example_params_trigger_ui.py
[2023-11-08T14:34:51.119+0000] {processor.py:829} INFO - Processing file /home/airflow/.local/lib/python3.11/site-packages/airflow/example_dags/example_params_trigger_ui.py for tasks to queue
[2023-11-08T14:34:51.123+0000] {logging_mixin.py:154} INFO - [2023-11-08T14:34:51.122+0000] {dagbag.py:536} INFO - Filling up the DagBag from /home/airflow/.local/lib/python3.11/site-packages/airflow/example_dags/example_params_trigger_ui.py
[2023-11-08T14:34:51.147+0000] {processor.py:839} INFO - DAG(s) dict_keys(['example_params_trigger_ui']) retrieved from /home/airflow/.local/lib/python3.11/site-packages/airflow/example_dags/example_params_trigger_ui.py
[2023-11-08T14:34:51.224+0000] {logging_mixin.py:154} INFO - [2023-11-08T14:34:51.223+0000] {dag.py:2941} INFO - Sync 1 DAGs
[2023-11-08T14:34:51.246+0000] {logging_mixin.py:154} INFO - [2023-11-08T14:34:51.245+0000] {dag.py:3722} INFO - Setting next_dagrun for example_params_trigger_ui to None, run_after=None
[2023-11-08T14:34:51.284+0000] {processor.py:179} INFO - Processing /home/airflow/.local/lib/python3.11/site-packages/airflow/example_dags/example_params_trigger_ui.py took 0.171 seconds
[2023-11-08T14:35:22.123+0000] {processor.py:157} INFO - Started process (PID=2870) to work on /home/airflow/.local/lib/python3.11/site-packages/airflow/example_dags/example_params_trigger_ui.py
[2023-11-08T14:35:22.125+0000] {processor.py:829} INFO - Processing file /home/airflow/.local/lib/python3.11/site-packages/airflow/example_dags/example_params_trigger_ui.py for tasks to queue
[2023-11-08T14:35:22.128+0000] {logging_mixin.py:154} INFO - [2023-11-08T14:35:22.128+0000] {dagbag.py:536} INFO - Filling up the DagBag from /home/airflow/.local/lib/python3.11/site-packages/airflow/example_dags/example_params_trigger_ui.py
[2023-11-08T14:35:22.155+0000] {processor.py:839} INFO - DAG(s) dict_keys(['example_params_trigger_ui']) retrieved from /home/airflow/.local/lib/python3.11/site-packages/airflow/example_dags/example_params_trigger_ui.py
[2023-11-08T14:35:22.233+0000] {logging_mixin.py:154} INFO - [2023-11-08T14:35:22.232+0000] {dag.py:2941} INFO - Sync 1 DAGs
[2023-11-08T14:35:22.256+0000] {logging_mixin.py:154} INFO - [2023-11-08T14:35:22.255+0000] {dag.py:3722} INFO - Setting next_dagrun for example_params_trigger_ui to None, run_after=None
[2023-11-08T14:35:22.295+0000] {processor.py:179} INFO - Processing /home/airflow/.local/lib/python3.11/site-packages/airflow/example_dags/example_params_trigger_ui.py took 0.177 seconds
[2023-11-08T14:35:53.055+0000] {processor.py:157} INFO - Started process (PID=2946) to work on /home/airflow/.local/lib/python3.11/site-packages/airflow/example_dags/example_params_trigger_ui.py
[2023-11-08T14:35:53.057+0000] {processor.py:829} INFO - Processing file /home/airflow/.local/lib/python3.11/site-packages/airflow/example_dags/example_params_trigger_ui.py for tasks to queue
[2023-11-08T14:35:53.061+0000] {logging_mixin.py:154} INFO - [2023-11-08T14:35:53.060+0000] {dagbag.py:536} INFO - Filling up the DagBag from /home/airflow/.local/lib/python3.11/site-packages/airflow/example_dags/example_params_trigger_ui.py
[2023-11-08T14:35:53.089+0000] {processor.py:839} INFO - DAG(s) dict_keys(['example_params_trigger_ui']) retrieved from /home/airflow/.local/lib/python3.11/site-packages/airflow/example_dags/example_params_trigger_ui.py
[2023-11-08T14:35:53.179+0000] {logging_mixin.py:154} INFO - [2023-11-08T14:35:53.178+0000] {dag.py:2941} INFO - Sync 1 DAGs
[2023-11-08T14:35:53.202+0000] {logging_mixin.py:154} INFO - [2023-11-08T14:35:53.201+0000] {dag.py:3722} INFO - Setting next_dagrun for example_params_trigger_ui to None, run_after=None
[2023-11-08T14:35:53.240+0000] {processor.py:179} INFO - Processing /home/airflow/.local/lib/python3.11/site-packages/airflow/example_dags/example_params_trigger_ui.py took 0.192 seconds
[2023-11-08T14:36:23.830+0000] {processor.py:157} INFO - Started process (PID=3022) to work on /home/airflow/.local/lib/python3.11/site-packages/airflow/example_dags/example_params_trigger_ui.py
[2023-11-08T14:36:23.831+0000] {processor.py:829} INFO - Processing file /home/airflow/.local/lib/python3.11/site-packages/airflow/example_dags/example_params_trigger_ui.py for tasks to queue
[2023-11-08T14:36:23.834+0000] {logging_mixin.py:154} INFO - [2023-11-08T14:36:23.833+0000] {dagbag.py:536} INFO - Filling up the DagBag from /home/airflow/.local/lib/python3.11/site-packages/airflow/example_dags/example_params_trigger_ui.py
[2023-11-08T14:36:23.864+0000] {processor.py:839} INFO - DAG(s) dict_keys(['example_params_trigger_ui']) retrieved from /home/airflow/.local/lib/python3.11/site-packages/airflow/example_dags/example_params_trigger_ui.py
[2023-11-08T14:36:23.938+0000] {logging_mixin.py:154} INFO - [2023-11-08T14:36:23.938+0000] {dag.py:2941} INFO - Sync 1 DAGs
[2023-11-08T14:36:23.959+0000] {logging_mixin.py:154} INFO - [2023-11-08T14:36:23.959+0000] {dag.py:3722} INFO - Setting next_dagrun for example_params_trigger_ui to None, run_after=None
[2023-11-08T14:36:23.992+0000] {processor.py:179} INFO - Processing /home/airflow/.local/lib/python3.11/site-packages/airflow/example_dags/example_params_trigger_ui.py took 0.167 seconds
[2023-11-08T14:36:54.556+0000] {processor.py:157} INFO - Started process (PID=3098) to work on /home/airflow/.local/lib/python3.11/site-packages/airflow/example_dags/example_params_trigger_ui.py
[2023-11-08T14:36:54.558+0000] {processor.py:829} INFO - Processing file /home/airflow/.local/lib/python3.11/site-packages/airflow/example_dags/example_params_trigger_ui.py for tasks to queue
[2023-11-08T14:36:54.561+0000] {logging_mixin.py:154} INFO - [2023-11-08T14:36:54.561+0000] {dagbag.py:536} INFO - Filling up the DagBag from /home/airflow/.local/lib/python3.11/site-packages/airflow/example_dags/example_params_trigger_ui.py
[2023-11-08T14:36:54.593+0000] {processor.py:839} INFO - DAG(s) dict_keys(['example_params_trigger_ui']) retrieved from /home/airflow/.local/lib/python3.11/site-packages/airflow/example_dags/example_params_trigger_ui.py
[2023-11-08T14:36:54.666+0000] {logging_mixin.py:154} INFO - [2023-11-08T14:36:54.666+0000] {dag.py:2941} INFO - Sync 1 DAGs
[2023-11-08T14:36:54.686+0000] {logging_mixin.py:154} INFO - [2023-11-08T14:36:54.686+0000] {dag.py:3722} INFO - Setting next_dagrun for example_params_trigger_ui to None, run_after=None
[2023-11-08T14:36:54.715+0000] {processor.py:179} INFO - Processing /home/airflow/.local/lib/python3.11/site-packages/airflow/example_dags/example_params_trigger_ui.py took 0.164 seconds
[2023-11-08T14:37:25.571+0000] {processor.py:157} INFO - Started process (PID=3174) to work on /home/airflow/.local/lib/python3.11/site-packages/airflow/example_dags/example_params_trigger_ui.py
[2023-11-08T14:37:25.576+0000] {processor.py:829} INFO - Processing file /home/airflow/.local/lib/python3.11/site-packages/airflow/example_dags/example_params_trigger_ui.py for tasks to queue
[2023-11-08T14:37:25.577+0000] {logging_mixin.py:154} INFO - [2023-11-08T14:37:25.577+0000] {dagbag.py:536} INFO - Filling up the DagBag from /home/airflow/.local/lib/python3.11/site-packages/airflow/example_dags/example_params_trigger_ui.py
[2023-11-08T14:37:25.589+0000] {processor.py:839} INFO - DAG(s) dict_keys(['example_params_trigger_ui']) retrieved from /home/airflow/.local/lib/python3.11/site-packages/airflow/example_dags/example_params_trigger_ui.py
[2023-11-08T14:37:25.622+0000] {logging_mixin.py:154} INFO - [2023-11-08T14:37:25.621+0000] {dag.py:2941} INFO - Sync 1 DAGs
[2023-11-08T14:37:25.632+0000] {logging_mixin.py:154} INFO - [2023-11-08T14:37:25.632+0000] {dag.py:3722} INFO - Setting next_dagrun for example_params_trigger_ui to None, run_after=None
[2023-11-08T14:37:25.647+0000] {processor.py:179} INFO - Processing /home/airflow/.local/lib/python3.11/site-packages/airflow/example_dags/example_params_trigger_ui.py took 0.078 seconds
[2023-11-08T14:37:55.898+0000] {processor.py:157} INFO - Started process (PID=3249) to work on /home/airflow/.local/lib/python3.11/site-packages/airflow/example_dags/example_params_trigger_ui.py
[2023-11-08T14:37:55.898+0000] {processor.py:829} INFO - Processing file /home/airflow/.local/lib/python3.11/site-packages/airflow/example_dags/example_params_trigger_ui.py for tasks to queue
[2023-11-08T14:37:55.900+0000] {logging_mixin.py:154} INFO - [2023-11-08T14:37:55.900+0000] {dagbag.py:536} INFO - Filling up the DagBag from /home/airflow/.local/lib/python3.11/site-packages/airflow/example_dags/example_params_trigger_ui.py
[2023-11-08T14:37:55.916+0000] {processor.py:839} INFO - DAG(s) dict_keys(['example_params_trigger_ui']) retrieved from /home/airflow/.local/lib/python3.11/site-packages/airflow/example_dags/example_params_trigger_ui.py
[2023-11-08T14:37:55.955+0000] {logging_mixin.py:154} INFO - [2023-11-08T14:37:55.955+0000] {dag.py:2941} INFO - Sync 1 DAGs
[2023-11-08T14:37:55.965+0000] {logging_mixin.py:154} INFO - [2023-11-08T14:37:55.965+0000] {dag.py:3722} INFO - Setting next_dagrun for example_params_trigger_ui to None, run_after=None
[2023-11-08T14:37:55.979+0000] {processor.py:179} INFO - Processing /home/airflow/.local/lib/python3.11/site-packages/airflow/example_dags/example_params_trigger_ui.py took 0.083 seconds
[2023-11-08T14:38:26.019+0000] {processor.py:157} INFO - Started process (PID=3325) to work on /home/airflow/.local/lib/python3.11/site-packages/airflow/example_dags/example_params_trigger_ui.py
[2023-11-08T14:38:26.020+0000] {processor.py:829} INFO - Processing file /home/airflow/.local/lib/python3.11/site-packages/airflow/example_dags/example_params_trigger_ui.py for tasks to queue
[2023-11-08T14:38:26.022+0000] {logging_mixin.py:154} INFO - [2023-11-08T14:38:26.022+0000] {dagbag.py:536} INFO - Filling up the DagBag from /home/airflow/.local/lib/python3.11/site-packages/airflow/example_dags/example_params_trigger_ui.py
[2023-11-08T14:38:26.038+0000] {processor.py:839} INFO - DAG(s) dict_keys(['example_params_trigger_ui']) retrieved from /home/airflow/.local/lib/python3.11/site-packages/airflow/example_dags/example_params_trigger_ui.py
[2023-11-08T14:38:26.075+0000] {logging_mixin.py:154} INFO - [2023-11-08T14:38:26.075+0000] {dag.py:2941} INFO - Sync 1 DAGs
[2023-11-08T14:38:26.084+0000] {logging_mixin.py:154} INFO - [2023-11-08T14:38:26.084+0000] {dag.py:3722} INFO - Setting next_dagrun for example_params_trigger_ui to None, run_after=None
[2023-11-08T14:38:26.098+0000] {processor.py:179} INFO - Processing /home/airflow/.local/lib/python3.11/site-packages/airflow/example_dags/example_params_trigger_ui.py took 0.082 seconds
[2023-11-08T14:38:56.150+0000] {processor.py:157} INFO - Started process (PID=3401) to work on /home/airflow/.local/lib/python3.11/site-packages/airflow/example_dags/example_params_trigger_ui.py
[2023-11-08T14:38:56.151+0000] {processor.py:829} INFO - Processing file /home/airflow/.local/lib/python3.11/site-packages/airflow/example_dags/example_params_trigger_ui.py for tasks to queue
[2023-11-08T14:38:56.152+0000] {logging_mixin.py:154} INFO - [2023-11-08T14:38:56.152+0000] {dagbag.py:536} INFO - Filling up the DagBag from /home/airflow/.local/lib/python3.11/site-packages/airflow/example_dags/example_params_trigger_ui.py
[2023-11-08T14:38:56.165+0000] {processor.py:839} INFO - DAG(s) dict_keys(['example_params_trigger_ui']) retrieved from /home/airflow/.local/lib/python3.11/site-packages/airflow/example_dags/example_params_trigger_ui.py
[2023-11-08T14:38:56.198+0000] {logging_mixin.py:154} INFO - [2023-11-08T14:38:56.197+0000] {dag.py:2941} INFO - Sync 1 DAGs
[2023-11-08T14:38:56.207+0000] {logging_mixin.py:154} INFO - [2023-11-08T14:38:56.206+0000] {dag.py:3722} INFO - Setting next_dagrun for example_params_trigger_ui to None, run_after=None
[2023-11-08T14:38:56.220+0000] {processor.py:179} INFO - Processing /home/airflow/.local/lib/python3.11/site-packages/airflow/example_dags/example_params_trigger_ui.py took 0.072 seconds
[2023-11-08T14:39:26.298+0000] {processor.py:157} INFO - Started process (PID=3477) to work on /home/airflow/.local/lib/python3.11/site-packages/airflow/example_dags/example_params_trigger_ui.py
[2023-11-08T14:39:26.299+0000] {processor.py:829} INFO - Processing file /home/airflow/.local/lib/python3.11/site-packages/airflow/example_dags/example_params_trigger_ui.py for tasks to queue
[2023-11-08T14:39:26.300+0000] {logging_mixin.py:154} INFO - [2023-11-08T14:39:26.300+0000] {dagbag.py:536} INFO - Filling up the DagBag from /home/airflow/.local/lib/python3.11/site-packages/airflow/example_dags/example_params_trigger_ui.py
[2023-11-08T14:39:26.313+0000] {processor.py:839} INFO - DAG(s) dict_keys(['example_params_trigger_ui']) retrieved from /home/airflow/.local/lib/python3.11/site-packages/airflow/example_dags/example_params_trigger_ui.py
[2023-11-08T14:39:26.346+0000] {logging_mixin.py:154} INFO - [2023-11-08T14:39:26.346+0000] {dag.py:2941} INFO - Sync 1 DAGs
[2023-11-08T14:39:26.355+0000] {logging_mixin.py:154} INFO - [2023-11-08T14:39:26.355+0000] {dag.py:3722} INFO - Setting next_dagrun for example_params_trigger_ui to None, run_after=None
[2023-11-08T14:39:26.368+0000] {processor.py:179} INFO - Processing /home/airflow/.local/lib/python3.11/site-packages/airflow/example_dags/example_params_trigger_ui.py took 0.072 seconds
[2023-11-08T14:39:56.465+0000] {processor.py:157} INFO - Started process (PID=3554) to work on /home/airflow/.local/lib/python3.11/site-packages/airflow/example_dags/example_params_trigger_ui.py
[2023-11-08T14:39:56.466+0000] {processor.py:829} INFO - Processing file /home/airflow/.local/lib/python3.11/site-packages/airflow/example_dags/example_params_trigger_ui.py for tasks to queue
[2023-11-08T14:39:56.467+0000] {logging_mixin.py:154} INFO - [2023-11-08T14:39:56.467+0000] {dagbag.py:536} INFO - Filling up the DagBag from /home/airflow/.local/lib/python3.11/site-packages/airflow/example_dags/example_params_trigger_ui.py
[2023-11-08T14:39:56.479+0000] {processor.py:839} INFO - DAG(s) dict_keys(['example_params_trigger_ui']) retrieved from /home/airflow/.local/lib/python3.11/site-packages/airflow/example_dags/example_params_trigger_ui.py
[2023-11-08T14:39:56.514+0000] {logging_mixin.py:154} INFO - [2023-11-08T14:39:56.513+0000] {dag.py:2941} INFO - Sync 1 DAGs
[2023-11-08T14:39:56.524+0000] {logging_mixin.py:154} INFO - [2023-11-08T14:39:56.524+0000] {dag.py:3722} INFO - Setting next_dagrun for example_params_trigger_ui to None, run_after=None
[2023-11-08T14:39:56.537+0000] {processor.py:179} INFO - Processing /home/airflow/.local/lib/python3.11/site-packages/airflow/example_dags/example_params_trigger_ui.py took 0.075 seconds
[2023-11-08T14:40:26.656+0000] {processor.py:157} INFO - Started process (PID=3628) to work on /home/airflow/.local/lib/python3.11/site-packages/airflow/example_dags/example_params_trigger_ui.py
[2023-11-08T14:40:26.656+0000] {processor.py:829} INFO - Processing file /home/airflow/.local/lib/python3.11/site-packages/airflow/example_dags/example_params_trigger_ui.py for tasks to queue
[2023-11-08T14:40:26.658+0000] {logging_mixin.py:154} INFO - [2023-11-08T14:40:26.658+0000] {dagbag.py:536} INFO - Filling up the DagBag from /home/airflow/.local/lib/python3.11/site-packages/airflow/example_dags/example_params_trigger_ui.py
[2023-11-08T14:40:26.670+0000] {processor.py:839} INFO - DAG(s) dict_keys(['example_params_trigger_ui']) retrieved from /home/airflow/.local/lib/python3.11/site-packages/airflow/example_dags/example_params_trigger_ui.py
[2023-11-08T14:40:26.703+0000] {logging_mixin.py:154} INFO - [2023-11-08T14:40:26.703+0000] {dag.py:2941} INFO - Sync 1 DAGs
[2023-11-08T14:40:26.712+0000] {logging_mixin.py:154} INFO - [2023-11-08T14:40:26.712+0000] {dag.py:3722} INFO - Setting next_dagrun for example_params_trigger_ui to None, run_after=None
[2023-11-08T14:40:26.725+0000] {processor.py:179} INFO - Processing /home/airflow/.local/lib/python3.11/site-packages/airflow/example_dags/example_params_trigger_ui.py took 0.072 seconds
[2023-11-08T14:40:56.742+0000] {processor.py:157} INFO - Started process (PID=3704) to work on /home/airflow/.local/lib/python3.11/site-packages/airflow/example_dags/example_params_trigger_ui.py
[2023-11-08T14:40:56.742+0000] {processor.py:829} INFO - Processing file /home/airflow/.local/lib/python3.11/site-packages/airflow/example_dags/example_params_trigger_ui.py for tasks to queue
[2023-11-08T14:40:56.744+0000] {logging_mixin.py:154} INFO - [2023-11-08T14:40:56.744+0000] {dagbag.py:536} INFO - Filling up the DagBag from /home/airflow/.local/lib/python3.11/site-packages/airflow/example_dags/example_params_trigger_ui.py
[2023-11-08T14:40:56.757+0000] {processor.py:839} INFO - DAG(s) dict_keys(['example_params_trigger_ui']) retrieved from /home/airflow/.local/lib/python3.11/site-packages/airflow/example_dags/example_params_trigger_ui.py
[2023-11-08T14:40:56.791+0000] {logging_mixin.py:154} INFO - [2023-11-08T14:40:56.791+0000] {dag.py:2941} INFO - Sync 1 DAGs
[2023-11-08T14:40:56.800+0000] {logging_mixin.py:154} INFO - [2023-11-08T14:40:56.800+0000] {dag.py:3722} INFO - Setting next_dagrun for example_params_trigger_ui to None, run_after=None
[2023-11-08T14:40:56.813+0000] {processor.py:179} INFO - Processing /home/airflow/.local/lib/python3.11/site-packages/airflow/example_dags/example_params_trigger_ui.py took 0.074 seconds
[2023-11-08T14:41:26.962+0000] {processor.py:157} INFO - Started process (PID=3780) to work on /home/airflow/.local/lib/python3.11/site-packages/airflow/example_dags/example_params_trigger_ui.py
[2023-11-08T14:41:26.963+0000] {processor.py:829} INFO - Processing file /home/airflow/.local/lib/python3.11/site-packages/airflow/example_dags/example_params_trigger_ui.py for tasks to queue
[2023-11-08T14:41:26.966+0000] {logging_mixin.py:154} INFO - [2023-11-08T14:41:26.965+0000] {dagbag.py:536} INFO - Filling up the DagBag from /home/airflow/.local/lib/python3.11/site-packages/airflow/example_dags/example_params_trigger_ui.py
[2023-11-08T14:41:26.982+0000] {processor.py:839} INFO - DAG(s) dict_keys(['example_params_trigger_ui']) retrieved from /home/airflow/.local/lib/python3.11/site-packages/airflow/example_dags/example_params_trigger_ui.py
[2023-11-08T14:41:27.020+0000] {logging_mixin.py:154} INFO - [2023-11-08T14:41:27.020+0000] {dag.py:2941} INFO - Sync 1 DAGs
[2023-11-08T14:41:27.030+0000] {logging_mixin.py:154} INFO - [2023-11-08T14:41:27.029+0000] {dag.py:3722} INFO - Setting next_dagrun for example_params_trigger_ui to None, run_after=None
[2023-11-08T14:41:27.043+0000] {processor.py:179} INFO - Processing /home/airflow/.local/lib/python3.11/site-packages/airflow/example_dags/example_params_trigger_ui.py took 0.084 seconds
[2023-11-08T14:41:57.090+0000] {processor.py:157} INFO - Started process (PID=3856) to work on /home/airflow/.local/lib/python3.11/site-packages/airflow/example_dags/example_params_trigger_ui.py
[2023-11-08T14:41:57.090+0000] {processor.py:829} INFO - Processing file /home/airflow/.local/lib/python3.11/site-packages/airflow/example_dags/example_params_trigger_ui.py for tasks to queue
[2023-11-08T14:41:57.092+0000] {logging_mixin.py:154} INFO - [2023-11-08T14:41:57.091+0000] {dagbag.py:536} INFO - Filling up the DagBag from /home/airflow/.local/lib/python3.11/site-packages/airflow/example_dags/example_params_trigger_ui.py
[2023-11-08T14:41:57.104+0000] {processor.py:839} INFO - DAG(s) dict_keys(['example_params_trigger_ui']) retrieved from /home/airflow/.local/lib/python3.11/site-packages/airflow/example_dags/example_params_trigger_ui.py
[2023-11-08T14:41:57.138+0000] {logging_mixin.py:154} INFO - [2023-11-08T14:41:57.137+0000] {dag.py:2941} INFO - Sync 1 DAGs
[2023-11-08T14:41:57.147+0000] {logging_mixin.py:154} INFO - [2023-11-08T14:41:57.147+0000] {dag.py:3722} INFO - Setting next_dagrun for example_params_trigger_ui to None, run_after=None
[2023-11-08T14:41:57.161+0000] {processor.py:179} INFO - Processing /home/airflow/.local/lib/python3.11/site-packages/airflow/example_dags/example_params_trigger_ui.py took 0.074 seconds
[2023-11-08T14:42:27.331+0000] {processor.py:157} INFO - Started process (PID=3932) to work on /home/airflow/.local/lib/python3.11/site-packages/airflow/example_dags/example_params_trigger_ui.py
[2023-11-08T14:42:27.332+0000] {processor.py:829} INFO - Processing file /home/airflow/.local/lib/python3.11/site-packages/airflow/example_dags/example_params_trigger_ui.py for tasks to queue
[2023-11-08T14:42:27.333+0000] {logging_mixin.py:154} INFO - [2023-11-08T14:42:27.333+0000] {dagbag.py:536} INFO - Filling up the DagBag from /home/airflow/.local/lib/python3.11/site-packages/airflow/example_dags/example_params_trigger_ui.py
[2023-11-08T14:42:27.346+0000] {processor.py:839} INFO - DAG(s) dict_keys(['example_params_trigger_ui']) retrieved from /home/airflow/.local/lib/python3.11/site-packages/airflow/example_dags/example_params_trigger_ui.py
[2023-11-08T14:42:27.378+0000] {logging_mixin.py:154} INFO - [2023-11-08T14:42:27.378+0000] {dag.py:2941} INFO - Sync 1 DAGs
[2023-11-08T14:42:27.388+0000] {logging_mixin.py:154} INFO - [2023-11-08T14:42:27.388+0000] {dag.py:3722} INFO - Setting next_dagrun for example_params_trigger_ui to None, run_after=None
[2023-11-08T14:42:27.403+0000] {processor.py:179} INFO - Processing /home/airflow/.local/lib/python3.11/site-packages/airflow/example_dags/example_params_trigger_ui.py took 0.074 seconds
[2023-11-08T14:42:57.830+0000] {processor.py:157} INFO - Started process (PID=4008) to work on /home/airflow/.local/lib/python3.11/site-packages/airflow/example_dags/example_params_trigger_ui.py
[2023-11-08T14:42:57.831+0000] {processor.py:829} INFO - Processing file /home/airflow/.local/lib/python3.11/site-packages/airflow/example_dags/example_params_trigger_ui.py for tasks to queue
[2023-11-08T14:42:57.833+0000] {logging_mixin.py:154} INFO - [2023-11-08T14:42:57.832+0000] {dagbag.py:536} INFO - Filling up the DagBag from /home/airflow/.local/lib/python3.11/site-packages/airflow/example_dags/example_params_trigger_ui.py
[2023-11-08T14:42:57.846+0000] {processor.py:839} INFO - DAG(s) dict_keys(['example_params_trigger_ui']) retrieved from /home/airflow/.local/lib/python3.11/site-packages/airflow/example_dags/example_params_trigger_ui.py
[2023-11-08T14:42:57.879+0000] {logging_mixin.py:154} INFO - [2023-11-08T14:42:57.879+0000] {dag.py:2941} INFO - Sync 1 DAGs
[2023-11-08T14:42:57.889+0000] {logging_mixin.py:154} INFO - [2023-11-08T14:42:57.889+0000] {dag.py:3722} INFO - Setting next_dagrun for example_params_trigger_ui to None, run_after=None
[2023-11-08T14:42:57.902+0000] {processor.py:179} INFO - Processing /home/airflow/.local/lib/python3.11/site-packages/airflow/example_dags/example_params_trigger_ui.py took 0.074 seconds
[2023-11-08T14:43:28.200+0000] {processor.py:157} INFO - Started process (PID=4084) to work on /home/airflow/.local/lib/python3.11/site-packages/airflow/example_dags/example_params_trigger_ui.py
[2023-11-08T14:43:28.201+0000] {processor.py:829} INFO - Processing file /home/airflow/.local/lib/python3.11/site-packages/airflow/example_dags/example_params_trigger_ui.py for tasks to queue
[2023-11-08T14:43:28.202+0000] {logging_mixin.py:154} INFO - [2023-11-08T14:43:28.202+0000] {dagbag.py:536} INFO - Filling up the DagBag from /home/airflow/.local/lib/python3.11/site-packages/airflow/example_dags/example_params_trigger_ui.py
[2023-11-08T14:43:28.215+0000] {processor.py:839} INFO - DAG(s) dict_keys(['example_params_trigger_ui']) retrieved from /home/airflow/.local/lib/python3.11/site-packages/airflow/example_dags/example_params_trigger_ui.py
[2023-11-08T14:43:28.248+0000] {logging_mixin.py:154} INFO - [2023-11-08T14:43:28.248+0000] {dag.py:2941} INFO - Sync 1 DAGs
[2023-11-08T14:43:28.257+0000] {logging_mixin.py:154} INFO - [2023-11-08T14:43:28.257+0000] {dag.py:3722} INFO - Setting next_dagrun for example_params_trigger_ui to None, run_after=None
[2023-11-08T14:43:28.271+0000] {processor.py:179} INFO - Processing /home/airflow/.local/lib/python3.11/site-packages/airflow/example_dags/example_params_trigger_ui.py took 0.074 seconds
[2023-11-08T14:43:58.664+0000] {processor.py:157} INFO - Started process (PID=4160) to work on /home/airflow/.local/lib/python3.11/site-packages/airflow/example_dags/example_params_trigger_ui.py
[2023-11-08T14:43:58.678+0000] {processor.py:829} INFO - Processing file /home/airflow/.local/lib/python3.11/site-packages/airflow/example_dags/example_params_trigger_ui.py for tasks to queue
[2023-11-08T14:43:58.679+0000] {logging_mixin.py:154} INFO - [2023-11-08T14:43:58.679+0000] {dagbag.py:536} INFO - Filling up the DagBag from /home/airflow/.local/lib/python3.11/site-packages/airflow/example_dags/example_params_trigger_ui.py
[2023-11-08T14:43:58.691+0000] {processor.py:839} INFO - DAG(s) dict_keys(['example_params_trigger_ui']) retrieved from /home/airflow/.local/lib/python3.11/site-packages/airflow/example_dags/example_params_trigger_ui.py
[2023-11-08T14:43:58.724+0000] {logging_mixin.py:154} INFO - [2023-11-08T14:43:58.724+0000] {dag.py:2941} INFO - Sync 1 DAGs
[2023-11-08T14:43:58.734+0000] {logging_mixin.py:154} INFO - [2023-11-08T14:43:58.734+0000] {dag.py:3722} INFO - Setting next_dagrun for example_params_trigger_ui to None, run_after=None
[2023-11-08T14:43:58.749+0000] {processor.py:179} INFO - Processing /home/airflow/.local/lib/python3.11/site-packages/airflow/example_dags/example_params_trigger_ui.py took 0.087 seconds
[2023-11-08T14:44:28.843+0000] {processor.py:157} INFO - Started process (PID=4236) to work on /home/airflow/.local/lib/python3.11/site-packages/airflow/example_dags/example_params_trigger_ui.py
[2023-11-08T14:44:28.843+0000] {processor.py:829} INFO - Processing file /home/airflow/.local/lib/python3.11/site-packages/airflow/example_dags/example_params_trigger_ui.py for tasks to queue
[2023-11-08T14:44:28.845+0000] {logging_mixin.py:154} INFO - [2023-11-08T14:44:28.845+0000] {dagbag.py:536} INFO - Filling up the DagBag from /home/airflow/.local/lib/python3.11/site-packages/airflow/example_dags/example_params_trigger_ui.py
[2023-11-08T14:44:28.858+0000] {processor.py:839} INFO - DAG(s) dict_keys(['example_params_trigger_ui']) retrieved from /home/airflow/.local/lib/python3.11/site-packages/airflow/example_dags/example_params_trigger_ui.py
[2023-11-08T14:44:28.890+0000] {logging_mixin.py:154} INFO - [2023-11-08T14:44:28.890+0000] {dag.py:2941} INFO - Sync 1 DAGs
[2023-11-08T14:44:28.899+0000] {logging_mixin.py:154} INFO - [2023-11-08T14:44:28.899+0000] {dag.py:3722} INFO - Setting next_dagrun for example_params_trigger_ui to None, run_after=None
[2023-11-08T14:44:28.914+0000] {processor.py:179} INFO - Processing /home/airflow/.local/lib/python3.11/site-packages/airflow/example_dags/example_params_trigger_ui.py took 0.074 seconds
[2023-11-08T14:44:59.231+0000] {processor.py:157} INFO - Started process (PID=4312) to work on /home/airflow/.local/lib/python3.11/site-packages/airflow/example_dags/example_params_trigger_ui.py
[2023-11-08T14:44:59.232+0000] {processor.py:829} INFO - Processing file /home/airflow/.local/lib/python3.11/site-packages/airflow/example_dags/example_params_trigger_ui.py for tasks to queue
[2023-11-08T14:44:59.234+0000] {logging_mixin.py:154} INFO - [2023-11-08T14:44:59.234+0000] {dagbag.py:536} INFO - Filling up the DagBag from /home/airflow/.local/lib/python3.11/site-packages/airflow/example_dags/example_params_trigger_ui.py
[2023-11-08T14:44:59.247+0000] {processor.py:839} INFO - DAG(s) dict_keys(['example_params_trigger_ui']) retrieved from /home/airflow/.local/lib/python3.11/site-packages/airflow/example_dags/example_params_trigger_ui.py
[2023-11-08T14:44:59.281+0000] {logging_mixin.py:154} INFO - [2023-11-08T14:44:59.281+0000] {dag.py:2941} INFO - Sync 1 DAGs
[2023-11-08T14:44:59.290+0000] {logging_mixin.py:154} INFO - [2023-11-08T14:44:59.290+0000] {dag.py:3722} INFO - Setting next_dagrun for example_params_trigger_ui to None, run_after=None
[2023-11-08T14:44:59.305+0000] {processor.py:179} INFO - Processing /home/airflow/.local/lib/python3.11/site-packages/airflow/example_dags/example_params_trigger_ui.py took 0.077 seconds
[2023-11-08T14:45:29.858+0000] {processor.py:157} INFO - Started process (PID=4389) to work on /home/airflow/.local/lib/python3.11/site-packages/airflow/example_dags/example_params_trigger_ui.py
[2023-11-08T14:45:29.859+0000] {processor.py:829} INFO - Processing file /home/airflow/.local/lib/python3.11/site-packages/airflow/example_dags/example_params_trigger_ui.py for tasks to queue
[2023-11-08T14:45:29.860+0000] {logging_mixin.py:154} INFO - [2023-11-08T14:45:29.860+0000] {dagbag.py:536} INFO - Filling up the DagBag from /home/airflow/.local/lib/python3.11/site-packages/airflow/example_dags/example_params_trigger_ui.py
[2023-11-08T14:45:29.873+0000] {processor.py:839} INFO - DAG(s) dict_keys(['example_params_trigger_ui']) retrieved from /home/airflow/.local/lib/python3.11/site-packages/airflow/example_dags/example_params_trigger_ui.py
[2023-11-08T14:45:29.908+0000] {logging_mixin.py:154} INFO - [2023-11-08T14:45:29.908+0000] {dag.py:2941} INFO - Sync 1 DAGs
[2023-11-08T14:45:29.917+0000] {logging_mixin.py:154} INFO - [2023-11-08T14:45:29.917+0000] {dag.py:3722} INFO - Setting next_dagrun for example_params_trigger_ui to None, run_after=None
[2023-11-08T14:45:29.932+0000] {processor.py:179} INFO - Processing /home/airflow/.local/lib/python3.11/site-packages/airflow/example_dags/example_params_trigger_ui.py took 0.076 seconds
[2023-11-08T14:46:00.347+0000] {processor.py:157} INFO - Started process (PID=4465) to work on /home/airflow/.local/lib/python3.11/site-packages/airflow/example_dags/example_params_trigger_ui.py
[2023-11-08T14:46:00.348+0000] {processor.py:829} INFO - Processing file /home/airflow/.local/lib/python3.11/site-packages/airflow/example_dags/example_params_trigger_ui.py for tasks to queue
[2023-11-08T14:46:00.350+0000] {logging_mixin.py:154} INFO - [2023-11-08T14:46:00.350+0000] {dagbag.py:536} INFO - Filling up the DagBag from /home/airflow/.local/lib/python3.11/site-packages/airflow/example_dags/example_params_trigger_ui.py
[2023-11-08T14:46:00.364+0000] {processor.py:839} INFO - DAG(s) dict_keys(['example_params_trigger_ui']) retrieved from /home/airflow/.local/lib/python3.11/site-packages/airflow/example_dags/example_params_trigger_ui.py
[2023-11-08T14:46:00.401+0000] {logging_mixin.py:154} INFO - [2023-11-08T14:46:00.400+0000] {dag.py:2941} INFO - Sync 1 DAGs
[2023-11-08T14:46:00.411+0000] {logging_mixin.py:154} INFO - [2023-11-08T14:46:00.411+0000] {dag.py:3722} INFO - Setting next_dagrun for example_params_trigger_ui to None, run_after=None
[2023-11-08T14:46:00.426+0000] {processor.py:179} INFO - Processing /home/airflow/.local/lib/python3.11/site-packages/airflow/example_dags/example_params_trigger_ui.py took 0.080 seconds
[2023-11-08T14:46:31.157+0000] {processor.py:157} INFO - Started process (PID=4541) to work on /home/airflow/.local/lib/python3.11/site-packages/airflow/example_dags/example_params_trigger_ui.py
[2023-11-08T14:46:31.158+0000] {processor.py:829} INFO - Processing file /home/airflow/.local/lib/python3.11/site-packages/airflow/example_dags/example_params_trigger_ui.py for tasks to queue
[2023-11-08T14:46:31.160+0000] {logging_mixin.py:154} INFO - [2023-11-08T14:46:31.160+0000] {dagbag.py:536} INFO - Filling up the DagBag from /home/airflow/.local/lib/python3.11/site-packages/airflow/example_dags/example_params_trigger_ui.py
[2023-11-08T14:46:31.173+0000] {processor.py:839} INFO - DAG(s) dict_keys(['example_params_trigger_ui']) retrieved from /home/airflow/.local/lib/python3.11/site-packages/airflow/example_dags/example_params_trigger_ui.py
[2023-11-08T14:46:31.208+0000] {logging_mixin.py:154} INFO - [2023-11-08T14:46:31.208+0000] {dag.py:2941} INFO - Sync 1 DAGs
[2023-11-08T14:46:31.387+0000] {logging_mixin.py:154} INFO - [2023-11-08T14:46:31.387+0000] {dag.py:3722} INFO - Setting next_dagrun for example_params_trigger_ui to None, run_after=None
[2023-11-08T14:46:31.399+0000] {processor.py:179} INFO - Processing /home/airflow/.local/lib/python3.11/site-packages/airflow/example_dags/example_params_trigger_ui.py took 0.244 seconds
[2023-11-08T14:47:01.562+0000] {processor.py:157} INFO - Started process (PID=4617) to work on /home/airflow/.local/lib/python3.11/site-packages/airflow/example_dags/example_params_trigger_ui.py
[2023-11-08T14:47:01.568+0000] {processor.py:829} INFO - Processing file /home/airflow/.local/lib/python3.11/site-packages/airflow/example_dags/example_params_trigger_ui.py for tasks to queue
[2023-11-08T14:47:01.570+0000] {logging_mixin.py:154} INFO - [2023-11-08T14:47:01.570+0000] {dagbag.py:536} INFO - Filling up the DagBag from /home/airflow/.local/lib/python3.11/site-packages/airflow/example_dags/example_params_trigger_ui.py
[2023-11-08T14:47:01.582+0000] {processor.py:839} INFO - DAG(s) dict_keys(['example_params_trigger_ui']) retrieved from /home/airflow/.local/lib/python3.11/site-packages/airflow/example_dags/example_params_trigger_ui.py
[2023-11-08T14:47:01.614+0000] {logging_mixin.py:154} INFO - [2023-11-08T14:47:01.614+0000] {dag.py:2941} INFO - Sync 1 DAGs
[2023-11-08T14:47:01.625+0000] {logging_mixin.py:154} INFO - [2023-11-08T14:47:01.625+0000] {dag.py:3722} INFO - Setting next_dagrun for example_params_trigger_ui to None, run_after=None
[2023-11-08T14:47:01.796+0000] {processor.py:179} INFO - Processing /home/airflow/.local/lib/python3.11/site-packages/airflow/example_dags/example_params_trigger_ui.py took 0.235 seconds
[2023-11-08T14:47:32.392+0000] {processor.py:157} INFO - Started process (PID=4693) to work on /home/airflow/.local/lib/python3.11/site-packages/airflow/example_dags/example_params_trigger_ui.py
[2023-11-08T14:47:32.393+0000] {processor.py:829} INFO - Processing file /home/airflow/.local/lib/python3.11/site-packages/airflow/example_dags/example_params_trigger_ui.py for tasks to queue
[2023-11-08T14:47:32.394+0000] {logging_mixin.py:154} INFO - [2023-11-08T14:47:32.394+0000] {dagbag.py:536} INFO - Filling up the DagBag from /home/airflow/.local/lib/python3.11/site-packages/airflow/example_dags/example_params_trigger_ui.py
[2023-11-08T14:47:32.410+0000] {processor.py:839} INFO - DAG(s) dict_keys(['example_params_trigger_ui']) retrieved from /home/airflow/.local/lib/python3.11/site-packages/airflow/example_dags/example_params_trigger_ui.py
[2023-11-08T14:47:32.454+0000] {logging_mixin.py:154} INFO - [2023-11-08T14:47:32.454+0000] {dag.py:2941} INFO - Sync 1 DAGs
[2023-11-08T14:47:32.466+0000] {logging_mixin.py:154} INFO - [2023-11-08T14:47:32.466+0000] {dag.py:3722} INFO - Setting next_dagrun for example_params_trigger_ui to None, run_after=None
[2023-11-08T14:47:32.484+0000] {processor.py:179} INFO - Processing /home/airflow/.local/lib/python3.11/site-packages/airflow/example_dags/example_params_trigger_ui.py took 0.094 seconds
[2023-11-08T14:48:02.732+0000] {processor.py:157} INFO - Started process (PID=4769) to work on /home/airflow/.local/lib/python3.11/site-packages/airflow/example_dags/example_params_trigger_ui.py
[2023-11-08T14:48:02.751+0000] {processor.py:829} INFO - Processing file /home/airflow/.local/lib/python3.11/site-packages/airflow/example_dags/example_params_trigger_ui.py for tasks to queue
[2023-11-08T14:48:02.753+0000] {logging_mixin.py:154} INFO - [2023-11-08T14:48:02.753+0000] {dagbag.py:536} INFO - Filling up the DagBag from /home/airflow/.local/lib/python3.11/site-packages/airflow/example_dags/example_params_trigger_ui.py
[2023-11-08T14:48:02.765+0000] {processor.py:839} INFO - DAG(s) dict_keys(['example_params_trigger_ui']) retrieved from /home/airflow/.local/lib/python3.11/site-packages/airflow/example_dags/example_params_trigger_ui.py
[2023-11-08T14:48:02.797+0000] {logging_mixin.py:154} INFO - [2023-11-08T14:48:02.797+0000] {dag.py:2941} INFO - Sync 1 DAGs
[2023-11-08T14:48:02.807+0000] {logging_mixin.py:154} INFO - [2023-11-08T14:48:02.806+0000] {dag.py:3722} INFO - Setting next_dagrun for example_params_trigger_ui to None, run_after=None
[2023-11-08T14:48:02.820+0000] {processor.py:179} INFO - Processing /home/airflow/.local/lib/python3.11/site-packages/airflow/example_dags/example_params_trigger_ui.py took 0.091 seconds
[2023-11-08T14:48:33.021+0000] {processor.py:157} INFO - Started process (PID=4845) to work on /home/airflow/.local/lib/python3.11/site-packages/airflow/example_dags/example_params_trigger_ui.py
[2023-11-08T14:48:33.021+0000] {processor.py:829} INFO - Processing file /home/airflow/.local/lib/python3.11/site-packages/airflow/example_dags/example_params_trigger_ui.py for tasks to queue
[2023-11-08T14:48:33.023+0000] {logging_mixin.py:154} INFO - [2023-11-08T14:48:33.023+0000] {dagbag.py:536} INFO - Filling up the DagBag from /home/airflow/.local/lib/python3.11/site-packages/airflow/example_dags/example_params_trigger_ui.py
[2023-11-08T14:48:33.036+0000] {processor.py:839} INFO - DAG(s) dict_keys(['example_params_trigger_ui']) retrieved from /home/airflow/.local/lib/python3.11/site-packages/airflow/example_dags/example_params_trigger_ui.py
[2023-11-08T14:48:33.232+0000] {logging_mixin.py:154} INFO - [2023-11-08T14:48:33.232+0000] {dag.py:2941} INFO - Sync 1 DAGs
[2023-11-08T14:48:33.240+0000] {logging_mixin.py:154} INFO - [2023-11-08T14:48:33.240+0000] {dag.py:3722} INFO - Setting next_dagrun for example_params_trigger_ui to None, run_after=None
[2023-11-08T14:48:33.253+0000] {processor.py:179} INFO - Processing /home/airflow/.local/lib/python3.11/site-packages/airflow/example_dags/example_params_trigger_ui.py took 0.234 seconds
[2023-11-08T14:49:03.421+0000] {processor.py:157} INFO - Started process (PID=4921) to work on /home/airflow/.local/lib/python3.11/site-packages/airflow/example_dags/example_params_trigger_ui.py
[2023-11-08T14:49:03.422+0000] {processor.py:829} INFO - Processing file /home/airflow/.local/lib/python3.11/site-packages/airflow/example_dags/example_params_trigger_ui.py for tasks to queue
[2023-11-08T14:49:03.424+0000] {logging_mixin.py:154} INFO - [2023-11-08T14:49:03.424+0000] {dagbag.py:536} INFO - Filling up the DagBag from /home/airflow/.local/lib/python3.11/site-packages/airflow/example_dags/example_params_trigger_ui.py
[2023-11-08T14:49:03.436+0000] {processor.py:839} INFO - DAG(s) dict_keys(['example_params_trigger_ui']) retrieved from /home/airflow/.local/lib/python3.11/site-packages/airflow/example_dags/example_params_trigger_ui.py
[2023-11-08T14:49:03.471+0000] {logging_mixin.py:154} INFO - [2023-11-08T14:49:03.471+0000] {dag.py:2941} INFO - Sync 1 DAGs
[2023-11-08T14:49:03.641+0000] {logging_mixin.py:154} INFO - [2023-11-08T14:49:03.641+0000] {dag.py:3722} INFO - Setting next_dagrun for example_params_trigger_ui to None, run_after=None
[2023-11-08T14:49:03.654+0000] {processor.py:179} INFO - Processing /home/airflow/.local/lib/python3.11/site-packages/airflow/example_dags/example_params_trigger_ui.py took 0.234 seconds
[2023-11-08T14:49:34.342+0000] {processor.py:157} INFO - Started process (PID=4997) to work on /home/airflow/.local/lib/python3.11/site-packages/airflow/example_dags/example_params_trigger_ui.py
[2023-11-08T14:49:34.343+0000] {processor.py:829} INFO - Processing file /home/airflow/.local/lib/python3.11/site-packages/airflow/example_dags/example_params_trigger_ui.py for tasks to queue
[2023-11-08T14:49:34.344+0000] {logging_mixin.py:154} INFO - [2023-11-08T14:49:34.344+0000] {dagbag.py:536} INFO - Filling up the DagBag from /home/airflow/.local/lib/python3.11/site-packages/airflow/example_dags/example_params_trigger_ui.py
[2023-11-08T14:49:34.357+0000] {processor.py:839} INFO - DAG(s) dict_keys(['example_params_trigger_ui']) retrieved from /home/airflow/.local/lib/python3.11/site-packages/airflow/example_dags/example_params_trigger_ui.py
[2023-11-08T14:49:34.390+0000] {logging_mixin.py:154} INFO - [2023-11-08T14:49:34.390+0000] {dag.py:2941} INFO - Sync 1 DAGs
[2023-11-08T14:49:34.399+0000] {logging_mixin.py:154} INFO - [2023-11-08T14:49:34.399+0000] {dag.py:3722} INFO - Setting next_dagrun for example_params_trigger_ui to None, run_after=None
[2023-11-08T14:49:34.413+0000] {processor.py:179} INFO - Processing /home/airflow/.local/lib/python3.11/site-packages/airflow/example_dags/example_params_trigger_ui.py took 0.074 seconds
[2023-11-08T14:50:04.656+0000] {processor.py:157} INFO - Started process (PID=5073) to work on /home/airflow/.local/lib/python3.11/site-packages/airflow/example_dags/example_params_trigger_ui.py
[2023-11-08T14:50:04.678+0000] {processor.py:829} INFO - Processing file /home/airflow/.local/lib/python3.11/site-packages/airflow/example_dags/example_params_trigger_ui.py for tasks to queue
[2023-11-08T14:50:04.680+0000] {logging_mixin.py:154} INFO - [2023-11-08T14:50:04.679+0000] {dagbag.py:536} INFO - Filling up the DagBag from /home/airflow/.local/lib/python3.11/site-packages/airflow/example_dags/example_params_trigger_ui.py
[2023-11-08T14:50:04.692+0000] {processor.py:839} INFO - DAG(s) dict_keys(['example_params_trigger_ui']) retrieved from /home/airflow/.local/lib/python3.11/site-packages/airflow/example_dags/example_params_trigger_ui.py
[2023-11-08T14:50:04.727+0000] {logging_mixin.py:154} INFO - [2023-11-08T14:50:04.727+0000] {dag.py:2941} INFO - Sync 1 DAGs
[2023-11-08T14:50:04.736+0000] {logging_mixin.py:154} INFO - [2023-11-08T14:50:04.736+0000] {dag.py:3722} INFO - Setting next_dagrun for example_params_trigger_ui to None, run_after=None
[2023-11-08T14:50:04.750+0000] {processor.py:179} INFO - Processing /home/airflow/.local/lib/python3.11/site-packages/airflow/example_dags/example_params_trigger_ui.py took 0.097 seconds
[2023-11-08T14:50:34.877+0000] {processor.py:157} INFO - Started process (PID=5149) to work on /home/airflow/.local/lib/python3.11/site-packages/airflow/example_dags/example_params_trigger_ui.py
[2023-11-08T14:50:34.878+0000] {processor.py:829} INFO - Processing file /home/airflow/.local/lib/python3.11/site-packages/airflow/example_dags/example_params_trigger_ui.py for tasks to queue
[2023-11-08T14:50:34.879+0000] {logging_mixin.py:154} INFO - [2023-11-08T14:50:34.879+0000] {dagbag.py:536} INFO - Filling up the DagBag from /home/airflow/.local/lib/python3.11/site-packages/airflow/example_dags/example_params_trigger_ui.py
[2023-11-08T14:50:34.892+0000] {processor.py:839} INFO - DAG(s) dict_keys(['example_params_trigger_ui']) retrieved from /home/airflow/.local/lib/python3.11/site-packages/airflow/example_dags/example_params_trigger_ui.py
[2023-11-08T14:50:34.925+0000] {logging_mixin.py:154} INFO - [2023-11-08T14:50:34.925+0000] {dag.py:2941} INFO - Sync 1 DAGs
[2023-11-08T14:50:34.934+0000] {logging_mixin.py:154} INFO - [2023-11-08T14:50:34.934+0000] {dag.py:3722} INFO - Setting next_dagrun for example_params_trigger_ui to None, run_after=None
[2023-11-08T14:50:34.950+0000] {processor.py:179} INFO - Processing /home/airflow/.local/lib/python3.11/site-packages/airflow/example_dags/example_params_trigger_ui.py took 0.075 seconds
[2023-11-08T14:51:05.256+0000] {processor.py:157} INFO - Started process (PID=5225) to work on /home/airflow/.local/lib/python3.11/site-packages/airflow/example_dags/example_params_trigger_ui.py
[2023-11-08T14:51:05.257+0000] {processor.py:829} INFO - Processing file /home/airflow/.local/lib/python3.11/site-packages/airflow/example_dags/example_params_trigger_ui.py for tasks to queue
[2023-11-08T14:51:05.258+0000] {logging_mixin.py:154} INFO - [2023-11-08T14:51:05.258+0000] {dagbag.py:536} INFO - Filling up the DagBag from /home/airflow/.local/lib/python3.11/site-packages/airflow/example_dags/example_params_trigger_ui.py
[2023-11-08T14:51:05.272+0000] {processor.py:839} INFO - DAG(s) dict_keys(['example_params_trigger_ui']) retrieved from /home/airflow/.local/lib/python3.11/site-packages/airflow/example_dags/example_params_trigger_ui.py
[2023-11-08T14:51:05.315+0000] {logging_mixin.py:154} INFO - [2023-11-08T14:51:05.315+0000] {dag.py:2941} INFO - Sync 1 DAGs
[2023-11-08T14:51:05.325+0000] {logging_mixin.py:154} INFO - [2023-11-08T14:51:05.325+0000] {dag.py:3722} INFO - Setting next_dagrun for example_params_trigger_ui to None, run_after=None
[2023-11-08T14:51:05.337+0000] {processor.py:179} INFO - Processing /home/airflow/.local/lib/python3.11/site-packages/airflow/example_dags/example_params_trigger_ui.py took 0.084 seconds
[2023-11-08T14:51:35.709+0000] {processor.py:157} INFO - Started process (PID=5301) to work on /home/airflow/.local/lib/python3.11/site-packages/airflow/example_dags/example_params_trigger_ui.py
[2023-11-08T14:51:35.710+0000] {processor.py:829} INFO - Processing file /home/airflow/.local/lib/python3.11/site-packages/airflow/example_dags/example_params_trigger_ui.py for tasks to queue
[2023-11-08T14:51:35.711+0000] {logging_mixin.py:154} INFO - [2023-11-08T14:51:35.711+0000] {dagbag.py:536} INFO - Filling up the DagBag from /home/airflow/.local/lib/python3.11/site-packages/airflow/example_dags/example_params_trigger_ui.py
[2023-11-08T14:51:35.732+0000] {processor.py:839} INFO - DAG(s) dict_keys(['example_params_trigger_ui']) retrieved from /home/airflow/.local/lib/python3.11/site-packages/airflow/example_dags/example_params_trigger_ui.py
[2023-11-08T14:51:35.777+0000] {logging_mixin.py:154} INFO - [2023-11-08T14:51:35.776+0000] {dag.py:2941} INFO - Sync 1 DAGs
[2023-11-08T14:51:35.790+0000] {logging_mixin.py:154} INFO - [2023-11-08T14:51:35.790+0000] {dag.py:3722} INFO - Setting next_dagrun for example_params_trigger_ui to None, run_after=None
[2023-11-08T14:51:35.808+0000] {processor.py:179} INFO - Processing /home/airflow/.local/lib/python3.11/site-packages/airflow/example_dags/example_params_trigger_ui.py took 0.101 seconds
[2023-11-08T14:52:05.851+0000] {processor.py:157} INFO - Started process (PID=5377) to work on /home/airflow/.local/lib/python3.11/site-packages/airflow/example_dags/example_params_trigger_ui.py
[2023-11-08T14:52:05.852+0000] {processor.py:829} INFO - Processing file /home/airflow/.local/lib/python3.11/site-packages/airflow/example_dags/example_params_trigger_ui.py for tasks to queue
[2023-11-08T14:52:05.853+0000] {logging_mixin.py:154} INFO - [2023-11-08T14:52:05.853+0000] {dagbag.py:536} INFO - Filling up the DagBag from /home/airflow/.local/lib/python3.11/site-packages/airflow/example_dags/example_params_trigger_ui.py
[2023-11-08T14:52:05.867+0000] {processor.py:839} INFO - DAG(s) dict_keys(['example_params_trigger_ui']) retrieved from /home/airflow/.local/lib/python3.11/site-packages/airflow/example_dags/example_params_trigger_ui.py
[2023-11-08T14:52:05.901+0000] {logging_mixin.py:154} INFO - [2023-11-08T14:52:05.901+0000] {dag.py:2941} INFO - Sync 1 DAGs
[2023-11-08T14:52:05.913+0000] {logging_mixin.py:154} INFO - [2023-11-08T14:52:05.913+0000] {dag.py:3722} INFO - Setting next_dagrun for example_params_trigger_ui to None, run_after=None
[2023-11-08T14:52:05.931+0000] {processor.py:179} INFO - Processing /home/airflow/.local/lib/python3.11/site-packages/airflow/example_dags/example_params_trigger_ui.py took 0.082 seconds
