[2023-11-08T14:16:30.382+0000] {processor.py:157} INFO - Started process (PID=109) to work on /home/airflow/.local/lib/python3.11/site-packages/airflow/example_dags/example_dynamic_task_mapping.py
[2023-11-08T14:16:30.388+0000] {processor.py:829} INFO - Processing file /home/airflow/.local/lib/python3.11/site-packages/airflow/example_dags/example_dynamic_task_mapping.py for tasks to queue
[2023-11-08T14:16:30.395+0000] {logging_mixin.py:154} INFO - [2023-11-08T14:16:30.394+0000] {dagbag.py:536} INFO - Filling up the DagBag from /home/airflow/.local/lib/python3.11/site-packages/airflow/example_dags/example_dynamic_task_mapping.py
[2023-11-08T14:16:30.416+0000] {processor.py:839} INFO - DAG(s) dict_keys(['example_dynamic_task_mapping']) retrieved from /home/airflow/.local/lib/python3.11/site-packages/airflow/example_dags/example_dynamic_task_mapping.py
[2023-11-08T14:16:30.793+0000] {logging_mixin.py:154} INFO - [2023-11-08T14:16:30.793+0000] {manager.py:499} INFO - Created Permission View: %s
[2023-11-08T14:16:30.828+0000] {logging_mixin.py:154} INFO - [2023-11-08T14:16:30.828+0000] {manager.py:499} INFO - Created Permission View: %s
[2023-11-08T14:16:30.855+0000] {logging_mixin.py:154} INFO - [2023-11-08T14:16:30.854+0000] {manager.py:499} INFO - Created Permission View: %s
[2023-11-08T14:16:30.856+0000] {logging_mixin.py:154} INFO - [2023-11-08T14:16:30.855+0000] {dag.py:2941} INFO - Sync 1 DAGs
[2023-11-08T14:16:30.911+0000] {logging_mixin.py:154} INFO - [2023-11-08T14:16:30.909+0000] {dag.py:2963} INFO - Creating ORM DAG for example_dynamic_task_mapping
[2023-11-08T14:16:30.949+0000] {logging_mixin.py:154} INFO - [2023-11-08T14:16:30.949+0000] {dag.py:3722} INFO - Setting next_dagrun for example_dynamic_task_mapping to 2022-03-04T00:00:00+00:00, run_after=2022-03-05T00:00:00+00:00
[2023-11-08T14:16:31.011+0000] {processor.py:179} INFO - Processing /home/airflow/.local/lib/python3.11/site-packages/airflow/example_dags/example_dynamic_task_mapping.py took 0.638 seconds
[2023-11-08T14:17:01.940+0000] {processor.py:157} INFO - Started process (PID=185) to work on /home/airflow/.local/lib/python3.11/site-packages/airflow/example_dags/example_dynamic_task_mapping.py
[2023-11-08T14:17:01.941+0000] {processor.py:829} INFO - Processing file /home/airflow/.local/lib/python3.11/site-packages/airflow/example_dags/example_dynamic_task_mapping.py for tasks to queue
[2023-11-08T14:17:01.944+0000] {logging_mixin.py:154} INFO - [2023-11-08T14:17:01.944+0000] {dagbag.py:536} INFO - Filling up the DagBag from /home/airflow/.local/lib/python3.11/site-packages/airflow/example_dags/example_dynamic_task_mapping.py
[2023-11-08T14:17:01.956+0000] {processor.py:839} INFO - DAG(s) dict_keys(['example_dynamic_task_mapping']) retrieved from /home/airflow/.local/lib/python3.11/site-packages/airflow/example_dags/example_dynamic_task_mapping.py
[2023-11-08T14:17:01.989+0000] {logging_mixin.py:154} INFO - [2023-11-08T14:17:01.988+0000] {dag.py:2941} INFO - Sync 1 DAGs
[2023-11-08T14:17:02.037+0000] {logging_mixin.py:154} INFO - [2023-11-08T14:17:02.036+0000] {dag.py:3722} INFO - Setting next_dagrun for example_dynamic_task_mapping to 2022-03-04T00:00:00+00:00, run_after=2022-03-05T00:00:00+00:00
[2023-11-08T14:17:02.074+0000] {processor.py:179} INFO - Processing /home/airflow/.local/lib/python3.11/site-packages/airflow/example_dags/example_dynamic_task_mapping.py took 0.139 seconds
[2023-11-08T14:17:32.266+0000] {processor.py:157} INFO - Started process (PID=261) to work on /home/airflow/.local/lib/python3.11/site-packages/airflow/example_dags/example_dynamic_task_mapping.py
[2023-11-08T14:17:32.268+0000] {processor.py:829} INFO - Processing file /home/airflow/.local/lib/python3.11/site-packages/airflow/example_dags/example_dynamic_task_mapping.py for tasks to queue
[2023-11-08T14:17:32.271+0000] {logging_mixin.py:154} INFO - [2023-11-08T14:17:32.270+0000] {dagbag.py:536} INFO - Filling up the DagBag from /home/airflow/.local/lib/python3.11/site-packages/airflow/example_dags/example_dynamic_task_mapping.py
[2023-11-08T14:17:32.292+0000] {processor.py:839} INFO - DAG(s) dict_keys(['example_dynamic_task_mapping']) retrieved from /home/airflow/.local/lib/python3.11/site-packages/airflow/example_dags/example_dynamic_task_mapping.py
[2023-11-08T14:17:32.344+0000] {logging_mixin.py:154} INFO - [2023-11-08T14:17:32.343+0000] {dag.py:2941} INFO - Sync 1 DAGs
[2023-11-08T14:17:32.400+0000] {logging_mixin.py:154} INFO - [2023-11-08T14:17:32.400+0000] {dag.py:3722} INFO - Setting next_dagrun for example_dynamic_task_mapping to 2022-03-04T00:00:00+00:00, run_after=2022-03-05T00:00:00+00:00
[2023-11-08T14:17:32.433+0000] {processor.py:179} INFO - Processing /home/airflow/.local/lib/python3.11/site-packages/airflow/example_dags/example_dynamic_task_mapping.py took 0.176 seconds
[2023-11-08T14:18:02.939+0000] {processor.py:157} INFO - Started process (PID=337) to work on /home/airflow/.local/lib/python3.11/site-packages/airflow/example_dags/example_dynamic_task_mapping.py
[2023-11-08T14:18:02.941+0000] {processor.py:829} INFO - Processing file /home/airflow/.local/lib/python3.11/site-packages/airflow/example_dags/example_dynamic_task_mapping.py for tasks to queue
[2023-11-08T14:18:02.945+0000] {logging_mixin.py:154} INFO - [2023-11-08T14:18:02.945+0000] {dagbag.py:536} INFO - Filling up the DagBag from /home/airflow/.local/lib/python3.11/site-packages/airflow/example_dags/example_dynamic_task_mapping.py
[2023-11-08T14:18:02.966+0000] {processor.py:839} INFO - DAG(s) dict_keys(['example_dynamic_task_mapping']) retrieved from /home/airflow/.local/lib/python3.11/site-packages/airflow/example_dags/example_dynamic_task_mapping.py
[2023-11-08T14:18:03.011+0000] {logging_mixin.py:154} INFO - [2023-11-08T14:18:03.011+0000] {dag.py:2941} INFO - Sync 1 DAGs
[2023-11-08T14:18:03.062+0000] {logging_mixin.py:154} INFO - [2023-11-08T14:18:03.061+0000] {dag.py:3722} INFO - Setting next_dagrun for example_dynamic_task_mapping to 2022-03-04T00:00:00+00:00, run_after=2022-03-05T00:00:00+00:00
[2023-11-08T14:18:03.092+0000] {processor.py:179} INFO - Processing /home/airflow/.local/lib/python3.11/site-packages/airflow/example_dags/example_dynamic_task_mapping.py took 0.159 seconds
[2023-11-08T14:18:33.931+0000] {processor.py:157} INFO - Started process (PID=413) to work on /home/airflow/.local/lib/python3.11/site-packages/airflow/example_dags/example_dynamic_task_mapping.py
[2023-11-08T14:18:33.933+0000] {processor.py:829} INFO - Processing file /home/airflow/.local/lib/python3.11/site-packages/airflow/example_dags/example_dynamic_task_mapping.py for tasks to queue
[2023-11-08T14:18:33.941+0000] {logging_mixin.py:154} INFO - [2023-11-08T14:18:33.939+0000] {dagbag.py:536} INFO - Filling up the DagBag from /home/airflow/.local/lib/python3.11/site-packages/airflow/example_dags/example_dynamic_task_mapping.py
[2023-11-08T14:18:33.981+0000] {processor.py:839} INFO - DAG(s) dict_keys(['example_dynamic_task_mapping']) retrieved from /home/airflow/.local/lib/python3.11/site-packages/airflow/example_dags/example_dynamic_task_mapping.py
[2023-11-08T14:18:34.052+0000] {logging_mixin.py:154} INFO - [2023-11-08T14:18:34.051+0000] {dag.py:2941} INFO - Sync 1 DAGs
[2023-11-08T14:18:34.135+0000] {logging_mixin.py:154} INFO - [2023-11-08T14:18:34.135+0000] {dag.py:3722} INFO - Setting next_dagrun for example_dynamic_task_mapping to 2022-03-04T00:00:00+00:00, run_after=2022-03-05T00:00:00+00:00
[2023-11-08T14:18:34.194+0000] {processor.py:179} INFO - Processing /home/airflow/.local/lib/python3.11/site-packages/airflow/example_dags/example_dynamic_task_mapping.py took 0.280 seconds
[2023-11-08T14:19:16.165+0000] {processor.py:157} INFO - Started process (PID=489) to work on /home/airflow/.local/lib/python3.11/site-packages/airflow/example_dags/example_dynamic_task_mapping.py
[2023-11-08T14:19:16.167+0000] {processor.py:829} INFO - Processing file /home/airflow/.local/lib/python3.11/site-packages/airflow/example_dags/example_dynamic_task_mapping.py for tasks to queue
[2023-11-08T14:19:16.171+0000] {logging_mixin.py:154} INFO - [2023-11-08T14:19:16.171+0000] {dagbag.py:536} INFO - Filling up the DagBag from /home/airflow/.local/lib/python3.11/site-packages/airflow/example_dags/example_dynamic_task_mapping.py
[2023-11-08T14:19:16.199+0000] {processor.py:839} INFO - DAG(s) dict_keys(['example_dynamic_task_mapping']) retrieved from /home/airflow/.local/lib/python3.11/site-packages/airflow/example_dags/example_dynamic_task_mapping.py
[2023-11-08T14:19:16.484+0000] {logging_mixin.py:154} INFO - [2023-11-08T14:19:16.482+0000] {dag.py:2941} INFO - Sync 1 DAGs
[2023-11-08T14:19:16.650+0000] {logging_mixin.py:154} INFO - [2023-11-08T14:19:16.650+0000] {dag.py:3722} INFO - Setting next_dagrun for example_dynamic_task_mapping to 2022-03-04T00:00:00+00:00, run_after=2022-03-05T00:00:00+00:00
[2023-11-08T14:19:16.739+0000] {processor.py:179} INFO - Processing /home/airflow/.local/lib/python3.11/site-packages/airflow/example_dags/example_dynamic_task_mapping.py took 0.589 seconds
[2023-11-08T14:19:47.146+0000] {processor.py:157} INFO - Started process (PID=565) to work on /home/airflow/.local/lib/python3.11/site-packages/airflow/example_dags/example_dynamic_task_mapping.py
[2023-11-08T14:19:47.149+0000] {processor.py:829} INFO - Processing file /home/airflow/.local/lib/python3.11/site-packages/airflow/example_dags/example_dynamic_task_mapping.py for tasks to queue
[2023-11-08T14:19:47.153+0000] {logging_mixin.py:154} INFO - [2023-11-08T14:19:47.152+0000] {dagbag.py:536} INFO - Filling up the DagBag from /home/airflow/.local/lib/python3.11/site-packages/airflow/example_dags/example_dynamic_task_mapping.py
[2023-11-08T14:19:47.176+0000] {processor.py:839} INFO - DAG(s) dict_keys(['example_dynamic_task_mapping']) retrieved from /home/airflow/.local/lib/python3.11/site-packages/airflow/example_dags/example_dynamic_task_mapping.py
[2023-11-08T14:19:47.250+0000] {logging_mixin.py:154} INFO - [2023-11-08T14:19:47.249+0000] {dag.py:2941} INFO - Sync 1 DAGs
[2023-11-08T14:19:47.373+0000] {logging_mixin.py:154} INFO - [2023-11-08T14:19:47.373+0000] {dag.py:3722} INFO - Setting next_dagrun for example_dynamic_task_mapping to 2022-03-04T00:00:00+00:00, run_after=2022-03-05T00:00:00+00:00
[2023-11-08T14:19:47.440+0000] {processor.py:179} INFO - Processing /home/airflow/.local/lib/python3.11/site-packages/airflow/example_dags/example_dynamic_task_mapping.py took 0.300 seconds
[2023-11-08T14:20:18.398+0000] {processor.py:157} INFO - Started process (PID=642) to work on /home/airflow/.local/lib/python3.11/site-packages/airflow/example_dags/example_dynamic_task_mapping.py
[2023-11-08T14:20:18.402+0000] {processor.py:829} INFO - Processing file /home/airflow/.local/lib/python3.11/site-packages/airflow/example_dags/example_dynamic_task_mapping.py for tasks to queue
[2023-11-08T14:20:18.405+0000] {logging_mixin.py:154} INFO - [2023-11-08T14:20:18.405+0000] {dagbag.py:536} INFO - Filling up the DagBag from /home/airflow/.local/lib/python3.11/site-packages/airflow/example_dags/example_dynamic_task_mapping.py
[2023-11-08T14:20:18.418+0000] {processor.py:839} INFO - DAG(s) dict_keys(['example_dynamic_task_mapping']) retrieved from /home/airflow/.local/lib/python3.11/site-packages/airflow/example_dags/example_dynamic_task_mapping.py
[2023-11-08T14:20:18.456+0000] {logging_mixin.py:154} INFO - [2023-11-08T14:20:18.456+0000] {dag.py:2941} INFO - Sync 1 DAGs
[2023-11-08T14:20:18.508+0000] {logging_mixin.py:154} INFO - [2023-11-08T14:20:18.507+0000] {dag.py:3722} INFO - Setting next_dagrun for example_dynamic_task_mapping to 2022-03-04T00:00:00+00:00, run_after=2022-03-05T00:00:00+00:00
[2023-11-08T14:20:18.551+0000] {processor.py:179} INFO - Processing /home/airflow/.local/lib/python3.11/site-packages/airflow/example_dags/example_dynamic_task_mapping.py took 0.159 seconds
[2023-11-08T14:20:48.753+0000] {processor.py:157} INFO - Started process (PID=718) to work on /home/airflow/.local/lib/python3.11/site-packages/airflow/example_dags/example_dynamic_task_mapping.py
[2023-11-08T14:20:48.755+0000] {processor.py:829} INFO - Processing file /home/airflow/.local/lib/python3.11/site-packages/airflow/example_dags/example_dynamic_task_mapping.py for tasks to queue
[2023-11-08T14:20:48.762+0000] {logging_mixin.py:154} INFO - [2023-11-08T14:20:48.761+0000] {dagbag.py:536} INFO - Filling up the DagBag from /home/airflow/.local/lib/python3.11/site-packages/airflow/example_dags/example_dynamic_task_mapping.py
[2023-11-08T14:20:48.784+0000] {processor.py:839} INFO - DAG(s) dict_keys(['example_dynamic_task_mapping']) retrieved from /home/airflow/.local/lib/python3.11/site-packages/airflow/example_dags/example_dynamic_task_mapping.py
[2023-11-08T14:20:48.839+0000] {logging_mixin.py:154} INFO - [2023-11-08T14:20:48.838+0000] {dag.py:2941} INFO - Sync 1 DAGs
[2023-11-08T14:20:48.909+0000] {logging_mixin.py:154} INFO - [2023-11-08T14:20:48.908+0000] {dag.py:3722} INFO - Setting next_dagrun for example_dynamic_task_mapping to 2022-03-04T00:00:00+00:00, run_after=2022-03-05T00:00:00+00:00
[2023-11-08T14:20:48.983+0000] {processor.py:179} INFO - Processing /home/airflow/.local/lib/python3.11/site-packages/airflow/example_dags/example_dynamic_task_mapping.py took 0.237 seconds
[2023-11-08T14:21:19.283+0000] {processor.py:157} INFO - Started process (PID=794) to work on /home/airflow/.local/lib/python3.11/site-packages/airflow/example_dags/example_dynamic_task_mapping.py
[2023-11-08T14:21:19.285+0000] {processor.py:829} INFO - Processing file /home/airflow/.local/lib/python3.11/site-packages/airflow/example_dags/example_dynamic_task_mapping.py for tasks to queue
[2023-11-08T14:21:19.289+0000] {logging_mixin.py:154} INFO - [2023-11-08T14:21:19.289+0000] {dagbag.py:536} INFO - Filling up the DagBag from /home/airflow/.local/lib/python3.11/site-packages/airflow/example_dags/example_dynamic_task_mapping.py
[2023-11-08T14:21:19.308+0000] {processor.py:839} INFO - DAG(s) dict_keys(['example_dynamic_task_mapping']) retrieved from /home/airflow/.local/lib/python3.11/site-packages/airflow/example_dags/example_dynamic_task_mapping.py
[2023-11-08T14:21:19.350+0000] {logging_mixin.py:154} INFO - [2023-11-08T14:21:19.349+0000] {dag.py:2941} INFO - Sync 1 DAGs
[2023-11-08T14:21:19.426+0000] {logging_mixin.py:154} INFO - [2023-11-08T14:21:19.426+0000] {dag.py:3722} INFO - Setting next_dagrun for example_dynamic_task_mapping to 2022-03-04T00:00:00+00:00, run_after=2022-03-05T00:00:00+00:00
[2023-11-08T14:21:19.486+0000] {processor.py:179} INFO - Processing /home/airflow/.local/lib/python3.11/site-packages/airflow/example_dags/example_dynamic_task_mapping.py took 0.216 seconds
[2023-11-08T14:21:49.863+0000] {processor.py:157} INFO - Started process (PID=870) to work on /home/airflow/.local/lib/python3.11/site-packages/airflow/example_dags/example_dynamic_task_mapping.py
[2023-11-08T14:21:49.867+0000] {processor.py:829} INFO - Processing file /home/airflow/.local/lib/python3.11/site-packages/airflow/example_dags/example_dynamic_task_mapping.py for tasks to queue
[2023-11-08T14:21:49.874+0000] {logging_mixin.py:154} INFO - [2023-11-08T14:21:49.874+0000] {dagbag.py:536} INFO - Filling up the DagBag from /home/airflow/.local/lib/python3.11/site-packages/airflow/example_dags/example_dynamic_task_mapping.py
[2023-11-08T14:21:49.897+0000] {processor.py:839} INFO - DAG(s) dict_keys(['example_dynamic_task_mapping']) retrieved from /home/airflow/.local/lib/python3.11/site-packages/airflow/example_dags/example_dynamic_task_mapping.py
[2023-11-08T14:21:49.949+0000] {logging_mixin.py:154} INFO - [2023-11-08T14:21:49.948+0000] {dag.py:2941} INFO - Sync 1 DAGs
[2023-11-08T14:21:49.992+0000] {logging_mixin.py:154} INFO - [2023-11-08T14:21:49.992+0000] {dag.py:3722} INFO - Setting next_dagrun for example_dynamic_task_mapping to 2022-03-04T00:00:00+00:00, run_after=2022-03-05T00:00:00+00:00
[2023-11-08T14:21:50.031+0000] {processor.py:179} INFO - Processing /home/airflow/.local/lib/python3.11/site-packages/airflow/example_dags/example_dynamic_task_mapping.py took 0.175 seconds
[2023-11-08T14:22:20.076+0000] {processor.py:157} INFO - Started process (PID=946) to work on /home/airflow/.local/lib/python3.11/site-packages/airflow/example_dags/example_dynamic_task_mapping.py
[2023-11-08T14:22:20.077+0000] {processor.py:829} INFO - Processing file /home/airflow/.local/lib/python3.11/site-packages/airflow/example_dags/example_dynamic_task_mapping.py for tasks to queue
[2023-11-08T14:22:20.080+0000] {logging_mixin.py:154} INFO - [2023-11-08T14:22:20.079+0000] {dagbag.py:536} INFO - Filling up the DagBag from /home/airflow/.local/lib/python3.11/site-packages/airflow/example_dags/example_dynamic_task_mapping.py
[2023-11-08T14:22:20.091+0000] {processor.py:839} INFO - DAG(s) dict_keys(['example_dynamic_task_mapping']) retrieved from /home/airflow/.local/lib/python3.11/site-packages/airflow/example_dags/example_dynamic_task_mapping.py
[2023-11-08T14:22:20.127+0000] {logging_mixin.py:154} INFO - [2023-11-08T14:22:20.126+0000] {dag.py:2941} INFO - Sync 1 DAGs
[2023-11-08T14:22:20.176+0000] {logging_mixin.py:154} INFO - [2023-11-08T14:22:20.175+0000] {dag.py:3722} INFO - Setting next_dagrun for example_dynamic_task_mapping to 2022-03-04T00:00:00+00:00, run_after=2022-03-05T00:00:00+00:00
[2023-11-08T14:22:20.206+0000] {processor.py:179} INFO - Processing /home/airflow/.local/lib/python3.11/site-packages/airflow/example_dags/example_dynamic_task_mapping.py took 0.135 seconds
[2023-11-08T14:22:50.523+0000] {processor.py:157} INFO - Started process (PID=1022) to work on /home/airflow/.local/lib/python3.11/site-packages/airflow/example_dags/example_dynamic_task_mapping.py
[2023-11-08T14:22:50.524+0000] {processor.py:829} INFO - Processing file /home/airflow/.local/lib/python3.11/site-packages/airflow/example_dags/example_dynamic_task_mapping.py for tasks to queue
[2023-11-08T14:22:50.527+0000] {logging_mixin.py:154} INFO - [2023-11-08T14:22:50.527+0000] {dagbag.py:536} INFO - Filling up the DagBag from /home/airflow/.local/lib/python3.11/site-packages/airflow/example_dags/example_dynamic_task_mapping.py
[2023-11-08T14:22:50.542+0000] {processor.py:839} INFO - DAG(s) dict_keys(['example_dynamic_task_mapping']) retrieved from /home/airflow/.local/lib/python3.11/site-packages/airflow/example_dags/example_dynamic_task_mapping.py
[2023-11-08T14:22:50.580+0000] {logging_mixin.py:154} INFO - [2023-11-08T14:22:50.579+0000] {dag.py:2941} INFO - Sync 1 DAGs
[2023-11-08T14:22:50.619+0000] {logging_mixin.py:154} INFO - [2023-11-08T14:22:50.619+0000] {dag.py:3722} INFO - Setting next_dagrun for example_dynamic_task_mapping to 2022-03-04T00:00:00+00:00, run_after=2022-03-05T00:00:00+00:00
[2023-11-08T14:22:50.649+0000] {processor.py:179} INFO - Processing /home/airflow/.local/lib/python3.11/site-packages/airflow/example_dags/example_dynamic_task_mapping.py took 0.131 seconds
[2023-11-08T14:23:20.773+0000] {processor.py:157} INFO - Started process (PID=1098) to work on /home/airflow/.local/lib/python3.11/site-packages/airflow/example_dags/example_dynamic_task_mapping.py
[2023-11-08T14:23:20.776+0000] {processor.py:829} INFO - Processing file /home/airflow/.local/lib/python3.11/site-packages/airflow/example_dags/example_dynamic_task_mapping.py for tasks to queue
[2023-11-08T14:23:20.783+0000] {logging_mixin.py:154} INFO - [2023-11-08T14:23:20.779+0000] {dagbag.py:536} INFO - Filling up the DagBag from /home/airflow/.local/lib/python3.11/site-packages/airflow/example_dags/example_dynamic_task_mapping.py
[2023-11-08T14:23:20.806+0000] {processor.py:839} INFO - DAG(s) dict_keys(['example_dynamic_task_mapping']) retrieved from /home/airflow/.local/lib/python3.11/site-packages/airflow/example_dags/example_dynamic_task_mapping.py
[2023-11-08T14:23:20.867+0000] {logging_mixin.py:154} INFO - [2023-11-08T14:23:20.867+0000] {dag.py:2941} INFO - Sync 1 DAGs
[2023-11-08T14:23:20.954+0000] {logging_mixin.py:154} INFO - [2023-11-08T14:23:20.954+0000] {dag.py:3722} INFO - Setting next_dagrun for example_dynamic_task_mapping to 2022-03-04T00:00:00+00:00, run_after=2022-03-05T00:00:00+00:00
[2023-11-08T14:23:21.025+0000] {processor.py:179} INFO - Processing /home/airflow/.local/lib/python3.11/site-packages/airflow/example_dags/example_dynamic_task_mapping.py took 0.262 seconds
[2023-11-08T14:23:59.733+0000] {processor.py:157} INFO - Started process (PID=1172) to work on /home/airflow/.local/lib/python3.11/site-packages/airflow/example_dags/example_dynamic_task_mapping.py
[2023-11-08T14:23:59.737+0000] {processor.py:829} INFO - Processing file /home/airflow/.local/lib/python3.11/site-packages/airflow/example_dags/example_dynamic_task_mapping.py for tasks to queue
[2023-11-08T14:23:59.740+0000] {logging_mixin.py:154} INFO - [2023-11-08T14:23:59.740+0000] {dagbag.py:536} INFO - Filling up the DagBag from /home/airflow/.local/lib/python3.11/site-packages/airflow/example_dags/example_dynamic_task_mapping.py
[2023-11-08T14:23:59.759+0000] {processor.py:839} INFO - DAG(s) dict_keys(['example_dynamic_task_mapping']) retrieved from /home/airflow/.local/lib/python3.11/site-packages/airflow/example_dags/example_dynamic_task_mapping.py
[2023-11-08T14:23:59.816+0000] {logging_mixin.py:154} INFO - [2023-11-08T14:23:59.816+0000] {dag.py:2941} INFO - Sync 1 DAGs
[2023-11-08T14:23:59.886+0000] {logging_mixin.py:154} INFO - [2023-11-08T14:23:59.886+0000] {dag.py:3722} INFO - Setting next_dagrun for example_dynamic_task_mapping to 2022-03-04T00:00:00+00:00, run_after=2022-03-05T00:00:00+00:00
[2023-11-08T14:23:59.949+0000] {processor.py:179} INFO - Processing /home/airflow/.local/lib/python3.11/site-packages/airflow/example_dags/example_dynamic_task_mapping.py took 0.224 seconds
[2023-11-08T14:24:38.962+0000] {processor.py:157} INFO - Started process (PID=1276) to work on /home/airflow/.local/lib/python3.11/site-packages/airflow/example_dags/example_dynamic_task_mapping.py
[2023-11-08T14:24:38.964+0000] {processor.py:829} INFO - Processing file /home/airflow/.local/lib/python3.11/site-packages/airflow/example_dags/example_dynamic_task_mapping.py for tasks to queue
[2023-11-08T14:24:38.973+0000] {logging_mixin.py:154} INFO - [2023-11-08T14:24:38.971+0000] {dagbag.py:536} INFO - Filling up the DagBag from /home/airflow/.local/lib/python3.11/site-packages/airflow/example_dags/example_dynamic_task_mapping.py
[2023-11-08T14:24:39.030+0000] {processor.py:839} INFO - DAG(s) dict_keys(['example_dynamic_task_mapping']) retrieved from /home/airflow/.local/lib/python3.11/site-packages/airflow/example_dags/example_dynamic_task_mapping.py
[2023-11-08T14:24:39.111+0000] {logging_mixin.py:154} INFO - [2023-11-08T14:24:39.110+0000] {dag.py:2941} INFO - Sync 1 DAGs
[2023-11-08T14:24:39.232+0000] {logging_mixin.py:154} INFO - [2023-11-08T14:24:39.232+0000] {dag.py:3722} INFO - Setting next_dagrun for example_dynamic_task_mapping to 2022-03-04T00:00:00+00:00, run_after=2022-03-05T00:00:00+00:00
[2023-11-08T14:24:39.330+0000] {processor.py:179} INFO - Processing /home/airflow/.local/lib/python3.11/site-packages/airflow/example_dags/example_dynamic_task_mapping.py took 0.380 seconds
[2023-11-08T14:25:10.259+0000] {processor.py:157} INFO - Started process (PID=1352) to work on /home/airflow/.local/lib/python3.11/site-packages/airflow/example_dags/example_dynamic_task_mapping.py
[2023-11-08T14:25:10.261+0000] {processor.py:829} INFO - Processing file /home/airflow/.local/lib/python3.11/site-packages/airflow/example_dags/example_dynamic_task_mapping.py for tasks to queue
[2023-11-08T14:25:10.264+0000] {logging_mixin.py:154} INFO - [2023-11-08T14:25:10.264+0000] {dagbag.py:536} INFO - Filling up the DagBag from /home/airflow/.local/lib/python3.11/site-packages/airflow/example_dags/example_dynamic_task_mapping.py
[2023-11-08T14:25:10.315+0000] {processor.py:839} INFO - DAG(s) dict_keys(['example_dynamic_task_mapping']) retrieved from /home/airflow/.local/lib/python3.11/site-packages/airflow/example_dags/example_dynamic_task_mapping.py
[2023-11-08T14:25:10.439+0000] {logging_mixin.py:154} INFO - [2023-11-08T14:25:10.438+0000] {dag.py:2941} INFO - Sync 1 DAGs
[2023-11-08T14:25:10.492+0000] {logging_mixin.py:154} INFO - [2023-11-08T14:25:10.492+0000] {dag.py:3722} INFO - Setting next_dagrun for example_dynamic_task_mapping to 2022-03-04T00:00:00+00:00, run_after=2022-03-05T00:00:00+00:00
[2023-11-08T14:25:10.543+0000] {processor.py:179} INFO - Processing /home/airflow/.local/lib/python3.11/site-packages/airflow/example_dags/example_dynamic_task_mapping.py took 0.289 seconds
[2023-11-08T14:25:40.795+0000] {processor.py:157} INFO - Started process (PID=1428) to work on /home/airflow/.local/lib/python3.11/site-packages/airflow/example_dags/example_dynamic_task_mapping.py
[2023-11-08T14:25:40.797+0000] {processor.py:829} INFO - Processing file /home/airflow/.local/lib/python3.11/site-packages/airflow/example_dags/example_dynamic_task_mapping.py for tasks to queue
[2023-11-08T14:25:40.801+0000] {logging_mixin.py:154} INFO - [2023-11-08T14:25:40.801+0000] {dagbag.py:536} INFO - Filling up the DagBag from /home/airflow/.local/lib/python3.11/site-packages/airflow/example_dags/example_dynamic_task_mapping.py
[2023-11-08T14:25:40.818+0000] {processor.py:839} INFO - DAG(s) dict_keys(['example_dynamic_task_mapping']) retrieved from /home/airflow/.local/lib/python3.11/site-packages/airflow/example_dags/example_dynamic_task_mapping.py
[2023-11-08T14:25:40.860+0000] {logging_mixin.py:154} INFO - [2023-11-08T14:25:40.860+0000] {dag.py:2941} INFO - Sync 1 DAGs
[2023-11-08T14:25:40.912+0000] {logging_mixin.py:154} INFO - [2023-11-08T14:25:40.911+0000] {dag.py:3722} INFO - Setting next_dagrun for example_dynamic_task_mapping to 2022-03-04T00:00:00+00:00, run_after=2022-03-05T00:00:00+00:00
[2023-11-08T14:25:40.944+0000] {processor.py:179} INFO - Processing /home/airflow/.local/lib/python3.11/site-packages/airflow/example_dags/example_dynamic_task_mapping.py took 0.153 seconds
[2023-11-08T14:26:12.108+0000] {processor.py:157} INFO - Started process (PID=1506) to work on /home/airflow/.local/lib/python3.11/site-packages/airflow/example_dags/example_dynamic_task_mapping.py
[2023-11-08T14:26:12.110+0000] {processor.py:829} INFO - Processing file /home/airflow/.local/lib/python3.11/site-packages/airflow/example_dags/example_dynamic_task_mapping.py for tasks to queue
[2023-11-08T14:26:12.120+0000] {logging_mixin.py:154} INFO - [2023-11-08T14:26:12.120+0000] {dagbag.py:536} INFO - Filling up the DagBag from /home/airflow/.local/lib/python3.11/site-packages/airflow/example_dags/example_dynamic_task_mapping.py
[2023-11-08T14:26:12.136+0000] {processor.py:839} INFO - DAG(s) dict_keys(['example_dynamic_task_mapping']) retrieved from /home/airflow/.local/lib/python3.11/site-packages/airflow/example_dags/example_dynamic_task_mapping.py
[2023-11-08T14:26:12.184+0000] {logging_mixin.py:154} INFO - [2023-11-08T14:26:12.184+0000] {dag.py:2941} INFO - Sync 1 DAGs
[2023-11-08T14:26:12.251+0000] {logging_mixin.py:154} INFO - [2023-11-08T14:26:12.251+0000] {dag.py:3722} INFO - Setting next_dagrun for example_dynamic_task_mapping to 2022-03-04T00:00:00+00:00, run_after=2022-03-05T00:00:00+00:00
[2023-11-08T14:26:12.302+0000] {processor.py:179} INFO - Processing /home/airflow/.local/lib/python3.11/site-packages/airflow/example_dags/example_dynamic_task_mapping.py took 0.200 seconds
[2023-11-08T14:26:42.385+0000] {processor.py:157} INFO - Started process (PID=1582) to work on /home/airflow/.local/lib/python3.11/site-packages/airflow/example_dags/example_dynamic_task_mapping.py
[2023-11-08T14:26:42.386+0000] {processor.py:829} INFO - Processing file /home/airflow/.local/lib/python3.11/site-packages/airflow/example_dags/example_dynamic_task_mapping.py for tasks to queue
[2023-11-08T14:26:42.390+0000] {logging_mixin.py:154} INFO - [2023-11-08T14:26:42.389+0000] {dagbag.py:536} INFO - Filling up the DagBag from /home/airflow/.local/lib/python3.11/site-packages/airflow/example_dags/example_dynamic_task_mapping.py
[2023-11-08T14:26:42.399+0000] {processor.py:839} INFO - DAG(s) dict_keys(['example_dynamic_task_mapping']) retrieved from /home/airflow/.local/lib/python3.11/site-packages/airflow/example_dags/example_dynamic_task_mapping.py
[2023-11-08T14:26:42.435+0000] {logging_mixin.py:154} INFO - [2023-11-08T14:26:42.435+0000] {dag.py:2941} INFO - Sync 1 DAGs
[2023-11-08T14:26:42.477+0000] {logging_mixin.py:154} INFO - [2023-11-08T14:26:42.477+0000] {dag.py:3722} INFO - Setting next_dagrun for example_dynamic_task_mapping to 2022-03-04T00:00:00+00:00, run_after=2022-03-05T00:00:00+00:00
[2023-11-08T14:26:42.513+0000] {processor.py:179} INFO - Processing /home/airflow/.local/lib/python3.11/site-packages/airflow/example_dags/example_dynamic_task_mapping.py took 0.133 seconds
[2023-11-08T14:27:12.773+0000] {processor.py:157} INFO - Started process (PID=1658) to work on /home/airflow/.local/lib/python3.11/site-packages/airflow/example_dags/example_dynamic_task_mapping.py
[2023-11-08T14:27:12.774+0000] {processor.py:829} INFO - Processing file /home/airflow/.local/lib/python3.11/site-packages/airflow/example_dags/example_dynamic_task_mapping.py for tasks to queue
[2023-11-08T14:27:12.777+0000] {logging_mixin.py:154} INFO - [2023-11-08T14:27:12.776+0000] {dagbag.py:536} INFO - Filling up the DagBag from /home/airflow/.local/lib/python3.11/site-packages/airflow/example_dags/example_dynamic_task_mapping.py
[2023-11-08T14:27:12.787+0000] {processor.py:839} INFO - DAG(s) dict_keys(['example_dynamic_task_mapping']) retrieved from /home/airflow/.local/lib/python3.11/site-packages/airflow/example_dags/example_dynamic_task_mapping.py
[2023-11-08T14:27:12.825+0000] {logging_mixin.py:154} INFO - [2023-11-08T14:27:12.825+0000] {dag.py:2941} INFO - Sync 1 DAGs
[2023-11-08T14:27:12.869+0000] {logging_mixin.py:154} INFO - [2023-11-08T14:27:12.869+0000] {dag.py:3722} INFO - Setting next_dagrun for example_dynamic_task_mapping to 2022-03-04T00:00:00+00:00, run_after=2022-03-05T00:00:00+00:00
[2023-11-08T14:27:12.906+0000] {processor.py:179} INFO - Processing /home/airflow/.local/lib/python3.11/site-packages/airflow/example_dags/example_dynamic_task_mapping.py took 0.138 seconds
[2023-11-08T14:27:43.102+0000] {processor.py:157} INFO - Started process (PID=1734) to work on /home/airflow/.local/lib/python3.11/site-packages/airflow/example_dags/example_dynamic_task_mapping.py
[2023-11-08T14:27:43.110+0000] {processor.py:829} INFO - Processing file /home/airflow/.local/lib/python3.11/site-packages/airflow/example_dags/example_dynamic_task_mapping.py for tasks to queue
[2023-11-08T14:27:43.116+0000] {logging_mixin.py:154} INFO - [2023-11-08T14:27:43.116+0000] {dagbag.py:536} INFO - Filling up the DagBag from /home/airflow/.local/lib/python3.11/site-packages/airflow/example_dags/example_dynamic_task_mapping.py
[2023-11-08T14:27:43.148+0000] {processor.py:839} INFO - DAG(s) dict_keys(['example_dynamic_task_mapping']) retrieved from /home/airflow/.local/lib/python3.11/site-packages/airflow/example_dags/example_dynamic_task_mapping.py
[2023-11-08T14:27:43.209+0000] {logging_mixin.py:154} INFO - [2023-11-08T14:27:43.209+0000] {dag.py:2941} INFO - Sync 1 DAGs
[2023-11-08T14:27:43.285+0000] {logging_mixin.py:154} INFO - [2023-11-08T14:27:43.284+0000] {dag.py:3722} INFO - Setting next_dagrun for example_dynamic_task_mapping to 2022-03-04T00:00:00+00:00, run_after=2022-03-05T00:00:00+00:00
[2023-11-08T14:27:43.331+0000] {processor.py:179} INFO - Processing /home/airflow/.local/lib/python3.11/site-packages/airflow/example_dags/example_dynamic_task_mapping.py took 0.237 seconds
[2023-11-08T14:28:13.461+0000] {processor.py:157} INFO - Started process (PID=1810) to work on /home/airflow/.local/lib/python3.11/site-packages/airflow/example_dags/example_dynamic_task_mapping.py
[2023-11-08T14:28:13.463+0000] {processor.py:829} INFO - Processing file /home/airflow/.local/lib/python3.11/site-packages/airflow/example_dags/example_dynamic_task_mapping.py for tasks to queue
[2023-11-08T14:28:13.468+0000] {logging_mixin.py:154} INFO - [2023-11-08T14:28:13.468+0000] {dagbag.py:536} INFO - Filling up the DagBag from /home/airflow/.local/lib/python3.11/site-packages/airflow/example_dags/example_dynamic_task_mapping.py
[2023-11-08T14:28:13.483+0000] {processor.py:839} INFO - DAG(s) dict_keys(['example_dynamic_task_mapping']) retrieved from /home/airflow/.local/lib/python3.11/site-packages/airflow/example_dags/example_dynamic_task_mapping.py
[2023-11-08T14:28:13.530+0000] {logging_mixin.py:154} INFO - [2023-11-08T14:28:13.529+0000] {dag.py:2941} INFO - Sync 1 DAGs
[2023-11-08T14:28:13.580+0000] {logging_mixin.py:154} INFO - [2023-11-08T14:28:13.579+0000] {dag.py:3722} INFO - Setting next_dagrun for example_dynamic_task_mapping to 2022-03-04T00:00:00+00:00, run_after=2022-03-05T00:00:00+00:00
[2023-11-08T14:28:13.620+0000] {processor.py:179} INFO - Processing /home/airflow/.local/lib/python3.11/site-packages/airflow/example_dags/example_dynamic_task_mapping.py took 0.164 seconds
[2023-11-08T14:28:44.551+0000] {processor.py:157} INFO - Started process (PID=1886) to work on /home/airflow/.local/lib/python3.11/site-packages/airflow/example_dags/example_dynamic_task_mapping.py
[2023-11-08T14:28:44.552+0000] {processor.py:829} INFO - Processing file /home/airflow/.local/lib/python3.11/site-packages/airflow/example_dags/example_dynamic_task_mapping.py for tasks to queue
[2023-11-08T14:28:44.555+0000] {logging_mixin.py:154} INFO - [2023-11-08T14:28:44.555+0000] {dagbag.py:536} INFO - Filling up the DagBag from /home/airflow/.local/lib/python3.11/site-packages/airflow/example_dags/example_dynamic_task_mapping.py
[2023-11-08T14:28:44.565+0000] {processor.py:839} INFO - DAG(s) dict_keys(['example_dynamic_task_mapping']) retrieved from /home/airflow/.local/lib/python3.11/site-packages/airflow/example_dags/example_dynamic_task_mapping.py
[2023-11-08T14:28:44.594+0000] {logging_mixin.py:154} INFO - [2023-11-08T14:28:44.594+0000] {dag.py:2941} INFO - Sync 1 DAGs
[2023-11-08T14:28:44.636+0000] {logging_mixin.py:154} INFO - [2023-11-08T14:28:44.635+0000] {dag.py:3722} INFO - Setting next_dagrun for example_dynamic_task_mapping to 2022-03-04T00:00:00+00:00, run_after=2022-03-05T00:00:00+00:00
[2023-11-08T14:28:44.675+0000] {processor.py:179} INFO - Processing /home/airflow/.local/lib/python3.11/site-packages/airflow/example_dags/example_dynamic_task_mapping.py took 0.129 seconds
[2023-11-08T14:29:15.168+0000] {processor.py:157} INFO - Started process (PID=1962) to work on /home/airflow/.local/lib/python3.11/site-packages/airflow/example_dags/example_dynamic_task_mapping.py
[2023-11-08T14:29:15.170+0000] {processor.py:829} INFO - Processing file /home/airflow/.local/lib/python3.11/site-packages/airflow/example_dags/example_dynamic_task_mapping.py for tasks to queue
[2023-11-08T14:29:15.174+0000] {logging_mixin.py:154} INFO - [2023-11-08T14:29:15.173+0000] {dagbag.py:536} INFO - Filling up the DagBag from /home/airflow/.local/lib/python3.11/site-packages/airflow/example_dags/example_dynamic_task_mapping.py
[2023-11-08T14:29:15.187+0000] {processor.py:839} INFO - DAG(s) dict_keys(['example_dynamic_task_mapping']) retrieved from /home/airflow/.local/lib/python3.11/site-packages/airflow/example_dags/example_dynamic_task_mapping.py
[2023-11-08T14:29:15.230+0000] {logging_mixin.py:154} INFO - [2023-11-08T14:29:15.229+0000] {dag.py:2941} INFO - Sync 1 DAGs
[2023-11-08T14:29:15.283+0000] {logging_mixin.py:154} INFO - [2023-11-08T14:29:15.283+0000] {dag.py:3722} INFO - Setting next_dagrun for example_dynamic_task_mapping to 2022-03-04T00:00:00+00:00, run_after=2022-03-05T00:00:00+00:00
[2023-11-08T14:29:15.327+0000] {processor.py:179} INFO - Processing /home/airflow/.local/lib/python3.11/site-packages/airflow/example_dags/example_dynamic_task_mapping.py took 0.165 seconds
[2023-11-08T14:29:45.534+0000] {processor.py:157} INFO - Started process (PID=2038) to work on /home/airflow/.local/lib/python3.11/site-packages/airflow/example_dags/example_dynamic_task_mapping.py
[2023-11-08T14:29:45.535+0000] {processor.py:829} INFO - Processing file /home/airflow/.local/lib/python3.11/site-packages/airflow/example_dags/example_dynamic_task_mapping.py for tasks to queue
[2023-11-08T14:29:45.538+0000] {logging_mixin.py:154} INFO - [2023-11-08T14:29:45.537+0000] {dagbag.py:536} INFO - Filling up the DagBag from /home/airflow/.local/lib/python3.11/site-packages/airflow/example_dags/example_dynamic_task_mapping.py
[2023-11-08T14:29:45.549+0000] {processor.py:839} INFO - DAG(s) dict_keys(['example_dynamic_task_mapping']) retrieved from /home/airflow/.local/lib/python3.11/site-packages/airflow/example_dags/example_dynamic_task_mapping.py
[2023-11-08T14:29:45.580+0000] {logging_mixin.py:154} INFO - [2023-11-08T14:29:45.580+0000] {dag.py:2941} INFO - Sync 1 DAGs
[2023-11-08T14:29:45.616+0000] {logging_mixin.py:154} INFO - [2023-11-08T14:29:45.615+0000] {dag.py:3722} INFO - Setting next_dagrun for example_dynamic_task_mapping to 2022-03-04T00:00:00+00:00, run_after=2022-03-05T00:00:00+00:00
[2023-11-08T14:29:45.647+0000] {processor.py:179} INFO - Processing /home/airflow/.local/lib/python3.11/site-packages/airflow/example_dags/example_dynamic_task_mapping.py took 0.117 seconds
[2023-11-08T14:30:16.566+0000] {processor.py:157} INFO - Started process (PID=2114) to work on /home/airflow/.local/lib/python3.11/site-packages/airflow/example_dags/example_dynamic_task_mapping.py
[2023-11-08T14:30:16.567+0000] {processor.py:829} INFO - Processing file /home/airflow/.local/lib/python3.11/site-packages/airflow/example_dags/example_dynamic_task_mapping.py for tasks to queue
[2023-11-08T14:30:16.571+0000] {logging_mixin.py:154} INFO - [2023-11-08T14:30:16.571+0000] {dagbag.py:536} INFO - Filling up the DagBag from /home/airflow/.local/lib/python3.11/site-packages/airflow/example_dags/example_dynamic_task_mapping.py
[2023-11-08T14:30:16.584+0000] {processor.py:839} INFO - DAG(s) dict_keys(['example_dynamic_task_mapping']) retrieved from /home/airflow/.local/lib/python3.11/site-packages/airflow/example_dags/example_dynamic_task_mapping.py
[2023-11-08T14:30:16.624+0000] {logging_mixin.py:154} INFO - [2023-11-08T14:30:16.623+0000] {dag.py:2941} INFO - Sync 1 DAGs
[2023-11-08T14:30:16.678+0000] {logging_mixin.py:154} INFO - [2023-11-08T14:30:16.677+0000] {dag.py:3722} INFO - Setting next_dagrun for example_dynamic_task_mapping to 2022-03-04T00:00:00+00:00, run_after=2022-03-05T00:00:00+00:00
[2023-11-08T14:30:16.717+0000] {processor.py:179} INFO - Processing /home/airflow/.local/lib/python3.11/site-packages/airflow/example_dags/example_dynamic_task_mapping.py took 0.156 seconds
[2023-11-08T14:30:47.372+0000] {processor.py:157} INFO - Started process (PID=2191) to work on /home/airflow/.local/lib/python3.11/site-packages/airflow/example_dags/example_dynamic_task_mapping.py
[2023-11-08T14:30:47.373+0000] {processor.py:829} INFO - Processing file /home/airflow/.local/lib/python3.11/site-packages/airflow/example_dags/example_dynamic_task_mapping.py for tasks to queue
[2023-11-08T14:30:47.376+0000] {logging_mixin.py:154} INFO - [2023-11-08T14:30:47.376+0000] {dagbag.py:536} INFO - Filling up the DagBag from /home/airflow/.local/lib/python3.11/site-packages/airflow/example_dags/example_dynamic_task_mapping.py
[2023-11-08T14:30:47.385+0000] {processor.py:839} INFO - DAG(s) dict_keys(['example_dynamic_task_mapping']) retrieved from /home/airflow/.local/lib/python3.11/site-packages/airflow/example_dags/example_dynamic_task_mapping.py
[2023-11-08T14:30:47.417+0000] {logging_mixin.py:154} INFO - [2023-11-08T14:30:47.417+0000] {dag.py:2941} INFO - Sync 1 DAGs
[2023-11-08T14:30:47.459+0000] {logging_mixin.py:154} INFO - [2023-11-08T14:30:47.459+0000] {dag.py:3722} INFO - Setting next_dagrun for example_dynamic_task_mapping to 2022-03-04T00:00:00+00:00, run_after=2022-03-05T00:00:00+00:00
[2023-11-08T14:30:47.495+0000] {processor.py:179} INFO - Processing /home/airflow/.local/lib/python3.11/site-packages/airflow/example_dags/example_dynamic_task_mapping.py took 0.127 seconds
[2023-11-08T14:31:17.617+0000] {processor.py:157} INFO - Started process (PID=2267) to work on /home/airflow/.local/lib/python3.11/site-packages/airflow/example_dags/example_dynamic_task_mapping.py
[2023-11-08T14:31:17.618+0000] {processor.py:829} INFO - Processing file /home/airflow/.local/lib/python3.11/site-packages/airflow/example_dags/example_dynamic_task_mapping.py for tasks to queue
[2023-11-08T14:31:17.621+0000] {logging_mixin.py:154} INFO - [2023-11-08T14:31:17.620+0000] {dagbag.py:536} INFO - Filling up the DagBag from /home/airflow/.local/lib/python3.11/site-packages/airflow/example_dags/example_dynamic_task_mapping.py
[2023-11-08T14:31:17.630+0000] {processor.py:839} INFO - DAG(s) dict_keys(['example_dynamic_task_mapping']) retrieved from /home/airflow/.local/lib/python3.11/site-packages/airflow/example_dags/example_dynamic_task_mapping.py
[2023-11-08T14:31:17.660+0000] {logging_mixin.py:154} INFO - [2023-11-08T14:31:17.660+0000] {dag.py:2941} INFO - Sync 1 DAGs
[2023-11-08T14:31:17.698+0000] {logging_mixin.py:154} INFO - [2023-11-08T14:31:17.697+0000] {dag.py:3722} INFO - Setting next_dagrun for example_dynamic_task_mapping to 2022-03-04T00:00:00+00:00, run_after=2022-03-05T00:00:00+00:00
[2023-11-08T14:31:17.729+0000] {processor.py:179} INFO - Processing /home/airflow/.local/lib/python3.11/site-packages/airflow/example_dags/example_dynamic_task_mapping.py took 0.116 seconds
[2023-11-08T14:31:47.969+0000] {processor.py:157} INFO - Started process (PID=2343) to work on /home/airflow/.local/lib/python3.11/site-packages/airflow/example_dags/example_dynamic_task_mapping.py
[2023-11-08T14:31:47.971+0000] {processor.py:829} INFO - Processing file /home/airflow/.local/lib/python3.11/site-packages/airflow/example_dags/example_dynamic_task_mapping.py for tasks to queue
[2023-11-08T14:31:47.973+0000] {logging_mixin.py:154} INFO - [2023-11-08T14:31:47.973+0000] {dagbag.py:536} INFO - Filling up the DagBag from /home/airflow/.local/lib/python3.11/site-packages/airflow/example_dags/example_dynamic_task_mapping.py
[2023-11-08T14:31:47.984+0000] {processor.py:839} INFO - DAG(s) dict_keys(['example_dynamic_task_mapping']) retrieved from /home/airflow/.local/lib/python3.11/site-packages/airflow/example_dags/example_dynamic_task_mapping.py
[2023-11-08T14:31:48.016+0000] {logging_mixin.py:154} INFO - [2023-11-08T14:31:48.016+0000] {dag.py:2941} INFO - Sync 1 DAGs
[2023-11-08T14:31:48.055+0000] {logging_mixin.py:154} INFO - [2023-11-08T14:31:48.055+0000] {dag.py:3722} INFO - Setting next_dagrun for example_dynamic_task_mapping to 2022-03-04T00:00:00+00:00, run_after=2022-03-05T00:00:00+00:00
[2023-11-08T14:31:48.086+0000] {processor.py:179} INFO - Processing /home/airflow/.local/lib/python3.11/site-packages/airflow/example_dags/example_dynamic_task_mapping.py took 0.120 seconds
[2023-11-08T14:32:18.340+0000] {processor.py:157} INFO - Started process (PID=2419) to work on /home/airflow/.local/lib/python3.11/site-packages/airflow/example_dags/example_dynamic_task_mapping.py
[2023-11-08T14:32:18.341+0000] {processor.py:829} INFO - Processing file /home/airflow/.local/lib/python3.11/site-packages/airflow/example_dags/example_dynamic_task_mapping.py for tasks to queue
[2023-11-08T14:32:18.344+0000] {logging_mixin.py:154} INFO - [2023-11-08T14:32:18.344+0000] {dagbag.py:536} INFO - Filling up the DagBag from /home/airflow/.local/lib/python3.11/site-packages/airflow/example_dags/example_dynamic_task_mapping.py
[2023-11-08T14:32:18.353+0000] {processor.py:839} INFO - DAG(s) dict_keys(['example_dynamic_task_mapping']) retrieved from /home/airflow/.local/lib/python3.11/site-packages/airflow/example_dags/example_dynamic_task_mapping.py
[2023-11-08T14:32:18.385+0000] {logging_mixin.py:154} INFO - [2023-11-08T14:32:18.384+0000] {dag.py:2941} INFO - Sync 1 DAGs
[2023-11-08T14:32:18.421+0000] {logging_mixin.py:154} INFO - [2023-11-08T14:32:18.420+0000] {dag.py:3722} INFO - Setting next_dagrun for example_dynamic_task_mapping to 2022-03-04T00:00:00+00:00, run_after=2022-03-05T00:00:00+00:00
[2023-11-08T14:32:18.453+0000] {processor.py:179} INFO - Processing /home/airflow/.local/lib/python3.11/site-packages/airflow/example_dags/example_dynamic_task_mapping.py took 0.117 seconds
[2023-11-08T14:32:49.378+0000] {processor.py:157} INFO - Started process (PID=2495) to work on /home/airflow/.local/lib/python3.11/site-packages/airflow/example_dags/example_dynamic_task_mapping.py
[2023-11-08T14:32:49.380+0000] {processor.py:829} INFO - Processing file /home/airflow/.local/lib/python3.11/site-packages/airflow/example_dags/example_dynamic_task_mapping.py for tasks to queue
[2023-11-08T14:32:49.383+0000] {logging_mixin.py:154} INFO - [2023-11-08T14:32:49.382+0000] {dagbag.py:536} INFO - Filling up the DagBag from /home/airflow/.local/lib/python3.11/site-packages/airflow/example_dags/example_dynamic_task_mapping.py
[2023-11-08T14:32:49.392+0000] {processor.py:839} INFO - DAG(s) dict_keys(['example_dynamic_task_mapping']) retrieved from /home/airflow/.local/lib/python3.11/site-packages/airflow/example_dags/example_dynamic_task_mapping.py
[2023-11-08T14:32:49.426+0000] {logging_mixin.py:154} INFO - [2023-11-08T14:32:49.426+0000] {dag.py:2941} INFO - Sync 1 DAGs
[2023-11-08T14:32:49.472+0000] {logging_mixin.py:154} INFO - [2023-11-08T14:32:49.472+0000] {dag.py:3722} INFO - Setting next_dagrun for example_dynamic_task_mapping to 2022-03-04T00:00:00+00:00, run_after=2022-03-05T00:00:00+00:00
[2023-11-08T14:32:49.512+0000] {processor.py:179} INFO - Processing /home/airflow/.local/lib/python3.11/site-packages/airflow/example_dags/example_dynamic_task_mapping.py took 0.139 seconds
[2023-11-08T14:33:19.915+0000] {processor.py:157} INFO - Started process (PID=2571) to work on /home/airflow/.local/lib/python3.11/site-packages/airflow/example_dags/example_dynamic_task_mapping.py
[2023-11-08T14:33:19.916+0000] {processor.py:829} INFO - Processing file /home/airflow/.local/lib/python3.11/site-packages/airflow/example_dags/example_dynamic_task_mapping.py for tasks to queue
[2023-11-08T14:33:19.918+0000] {logging_mixin.py:154} INFO - [2023-11-08T14:33:19.917+0000] {dagbag.py:536} INFO - Filling up the DagBag from /home/airflow/.local/lib/python3.11/site-packages/airflow/example_dags/example_dynamic_task_mapping.py
[2023-11-08T14:33:19.926+0000] {processor.py:839} INFO - DAG(s) dict_keys(['example_dynamic_task_mapping']) retrieved from /home/airflow/.local/lib/python3.11/site-packages/airflow/example_dags/example_dynamic_task_mapping.py
[2023-11-08T14:33:19.954+0000] {logging_mixin.py:154} INFO - [2023-11-08T14:33:19.954+0000] {dag.py:2941} INFO - Sync 1 DAGs
[2023-11-08T14:33:19.993+0000] {logging_mixin.py:154} INFO - [2023-11-08T14:33:19.993+0000] {dag.py:3722} INFO - Setting next_dagrun for example_dynamic_task_mapping to 2022-03-04T00:00:00+00:00, run_after=2022-03-05T00:00:00+00:00
[2023-11-08T14:33:20.023+0000] {processor.py:179} INFO - Processing /home/airflow/.local/lib/python3.11/site-packages/airflow/example_dags/example_dynamic_task_mapping.py took 0.113 seconds
[2023-11-08T14:33:50.249+0000] {processor.py:157} INFO - Started process (PID=2647) to work on /home/airflow/.local/lib/python3.11/site-packages/airflow/example_dags/example_dynamic_task_mapping.py
[2023-11-08T14:33:50.251+0000] {processor.py:829} INFO - Processing file /home/airflow/.local/lib/python3.11/site-packages/airflow/example_dags/example_dynamic_task_mapping.py for tasks to queue
[2023-11-08T14:33:50.254+0000] {logging_mixin.py:154} INFO - [2023-11-08T14:33:50.253+0000] {dagbag.py:536} INFO - Filling up the DagBag from /home/airflow/.local/lib/python3.11/site-packages/airflow/example_dags/example_dynamic_task_mapping.py
[2023-11-08T14:33:50.263+0000] {processor.py:839} INFO - DAG(s) dict_keys(['example_dynamic_task_mapping']) retrieved from /home/airflow/.local/lib/python3.11/site-packages/airflow/example_dags/example_dynamic_task_mapping.py
[2023-11-08T14:33:50.297+0000] {logging_mixin.py:154} INFO - [2023-11-08T14:33:50.297+0000] {dag.py:2941} INFO - Sync 1 DAGs
[2023-11-08T14:33:50.345+0000] {logging_mixin.py:154} INFO - [2023-11-08T14:33:50.344+0000] {dag.py:3722} INFO - Setting next_dagrun for example_dynamic_task_mapping to 2022-03-04T00:00:00+00:00, run_after=2022-03-05T00:00:00+00:00
[2023-11-08T14:33:50.377+0000] {processor.py:179} INFO - Processing /home/airflow/.local/lib/python3.11/site-packages/airflow/example_dags/example_dynamic_task_mapping.py took 0.133 seconds
[2023-11-08T14:34:21.379+0000] {processor.py:157} INFO - Started process (PID=2723) to work on /home/airflow/.local/lib/python3.11/site-packages/airflow/example_dags/example_dynamic_task_mapping.py
[2023-11-08T14:34:21.381+0000] {processor.py:829} INFO - Processing file /home/airflow/.local/lib/python3.11/site-packages/airflow/example_dags/example_dynamic_task_mapping.py for tasks to queue
[2023-11-08T14:34:21.384+0000] {logging_mixin.py:154} INFO - [2023-11-08T14:34:21.384+0000] {dagbag.py:536} INFO - Filling up the DagBag from /home/airflow/.local/lib/python3.11/site-packages/airflow/example_dags/example_dynamic_task_mapping.py
[2023-11-08T14:34:21.395+0000] {processor.py:839} INFO - DAG(s) dict_keys(['example_dynamic_task_mapping']) retrieved from /home/airflow/.local/lib/python3.11/site-packages/airflow/example_dags/example_dynamic_task_mapping.py
[2023-11-08T14:34:21.429+0000] {logging_mixin.py:154} INFO - [2023-11-08T14:34:21.428+0000] {dag.py:2941} INFO - Sync 1 DAGs
[2023-11-08T14:34:21.464+0000] {logging_mixin.py:154} INFO - [2023-11-08T14:34:21.464+0000] {dag.py:3722} INFO - Setting next_dagrun for example_dynamic_task_mapping to 2022-03-04T00:00:00+00:00, run_after=2022-03-05T00:00:00+00:00
[2023-11-08T14:34:21.493+0000] {processor.py:179} INFO - Processing /home/airflow/.local/lib/python3.11/site-packages/airflow/example_dags/example_dynamic_task_mapping.py took 0.119 seconds
[2023-11-08T14:34:51.787+0000] {processor.py:157} INFO - Started process (PID=2799) to work on /home/airflow/.local/lib/python3.11/site-packages/airflow/example_dags/example_dynamic_task_mapping.py
[2023-11-08T14:34:51.789+0000] {processor.py:829} INFO - Processing file /home/airflow/.local/lib/python3.11/site-packages/airflow/example_dags/example_dynamic_task_mapping.py for tasks to queue
[2023-11-08T14:34:51.792+0000] {logging_mixin.py:154} INFO - [2023-11-08T14:34:51.792+0000] {dagbag.py:536} INFO - Filling up the DagBag from /home/airflow/.local/lib/python3.11/site-packages/airflow/example_dags/example_dynamic_task_mapping.py
[2023-11-08T14:34:51.804+0000] {processor.py:839} INFO - DAG(s) dict_keys(['example_dynamic_task_mapping']) retrieved from /home/airflow/.local/lib/python3.11/site-packages/airflow/example_dags/example_dynamic_task_mapping.py
[2023-11-08T14:34:51.835+0000] {logging_mixin.py:154} INFO - [2023-11-08T14:34:51.834+0000] {dag.py:2941} INFO - Sync 1 DAGs
[2023-11-08T14:34:51.871+0000] {logging_mixin.py:154} INFO - [2023-11-08T14:34:51.870+0000] {dag.py:3722} INFO - Setting next_dagrun for example_dynamic_task_mapping to 2022-03-04T00:00:00+00:00, run_after=2022-03-05T00:00:00+00:00
[2023-11-08T14:34:51.902+0000] {processor.py:179} INFO - Processing /home/airflow/.local/lib/python3.11/site-packages/airflow/example_dags/example_dynamic_task_mapping.py took 0.120 seconds
[2023-11-08T14:35:22.803+0000] {processor.py:157} INFO - Started process (PID=2875) to work on /home/airflow/.local/lib/python3.11/site-packages/airflow/example_dags/example_dynamic_task_mapping.py
[2023-11-08T14:35:22.805+0000] {processor.py:829} INFO - Processing file /home/airflow/.local/lib/python3.11/site-packages/airflow/example_dags/example_dynamic_task_mapping.py for tasks to queue
[2023-11-08T14:35:22.808+0000] {logging_mixin.py:154} INFO - [2023-11-08T14:35:22.808+0000] {dagbag.py:536} INFO - Filling up the DagBag from /home/airflow/.local/lib/python3.11/site-packages/airflow/example_dags/example_dynamic_task_mapping.py
[2023-11-08T14:35:22.818+0000] {processor.py:839} INFO - DAG(s) dict_keys(['example_dynamic_task_mapping']) retrieved from /home/airflow/.local/lib/python3.11/site-packages/airflow/example_dags/example_dynamic_task_mapping.py
[2023-11-08T14:35:22.851+0000] {logging_mixin.py:154} INFO - [2023-11-08T14:35:22.850+0000] {dag.py:2941} INFO - Sync 1 DAGs
[2023-11-08T14:35:22.889+0000] {logging_mixin.py:154} INFO - [2023-11-08T14:35:22.889+0000] {dag.py:3722} INFO - Setting next_dagrun for example_dynamic_task_mapping to 2022-03-04T00:00:00+00:00, run_after=2022-03-05T00:00:00+00:00
[2023-11-08T14:35:22.920+0000] {processor.py:179} INFO - Processing /home/airflow/.local/lib/python3.11/site-packages/airflow/example_dags/example_dynamic_task_mapping.py took 0.122 seconds
[2023-11-08T14:35:53.739+0000] {processor.py:157} INFO - Started process (PID=2951) to work on /home/airflow/.local/lib/python3.11/site-packages/airflow/example_dags/example_dynamic_task_mapping.py
[2023-11-08T14:35:53.741+0000] {processor.py:829} INFO - Processing file /home/airflow/.local/lib/python3.11/site-packages/airflow/example_dags/example_dynamic_task_mapping.py for tasks to queue
[2023-11-08T14:35:53.743+0000] {logging_mixin.py:154} INFO - [2023-11-08T14:35:53.743+0000] {dagbag.py:536} INFO - Filling up the DagBag from /home/airflow/.local/lib/python3.11/site-packages/airflow/example_dags/example_dynamic_task_mapping.py
[2023-11-08T14:35:53.753+0000] {processor.py:839} INFO - DAG(s) dict_keys(['example_dynamic_task_mapping']) retrieved from /home/airflow/.local/lib/python3.11/site-packages/airflow/example_dags/example_dynamic_task_mapping.py
[2023-11-08T14:35:53.785+0000] {logging_mixin.py:154} INFO - [2023-11-08T14:35:53.784+0000] {dag.py:2941} INFO - Sync 1 DAGs
[2023-11-08T14:35:53.820+0000] {logging_mixin.py:154} INFO - [2023-11-08T14:35:53.819+0000] {dag.py:3722} INFO - Setting next_dagrun for example_dynamic_task_mapping to 2022-03-04T00:00:00+00:00, run_after=2022-03-05T00:00:00+00:00
[2023-11-08T14:35:53.846+0000] {processor.py:179} INFO - Processing /home/airflow/.local/lib/python3.11/site-packages/airflow/example_dags/example_dynamic_task_mapping.py took 0.111 seconds
[2023-11-08T14:36:24.502+0000] {processor.py:157} INFO - Started process (PID=3027) to work on /home/airflow/.local/lib/python3.11/site-packages/airflow/example_dags/example_dynamic_task_mapping.py
[2023-11-08T14:36:24.503+0000] {processor.py:829} INFO - Processing file /home/airflow/.local/lib/python3.11/site-packages/airflow/example_dags/example_dynamic_task_mapping.py for tasks to queue
[2023-11-08T14:36:24.509+0000] {logging_mixin.py:154} INFO - [2023-11-08T14:36:24.508+0000] {dagbag.py:536} INFO - Filling up the DagBag from /home/airflow/.local/lib/python3.11/site-packages/airflow/example_dags/example_dynamic_task_mapping.py
[2023-11-08T14:36:24.522+0000] {processor.py:839} INFO - DAG(s) dict_keys(['example_dynamic_task_mapping']) retrieved from /home/airflow/.local/lib/python3.11/site-packages/airflow/example_dags/example_dynamic_task_mapping.py
[2023-11-08T14:36:24.550+0000] {logging_mixin.py:154} INFO - [2023-11-08T14:36:24.550+0000] {dag.py:2941} INFO - Sync 1 DAGs
[2023-11-08T14:36:24.584+0000] {logging_mixin.py:154} INFO - [2023-11-08T14:36:24.584+0000] {dag.py:3722} INFO - Setting next_dagrun for example_dynamic_task_mapping to 2022-03-04T00:00:00+00:00, run_after=2022-03-05T00:00:00+00:00
[2023-11-08T14:36:24.619+0000] {processor.py:179} INFO - Processing /home/airflow/.local/lib/python3.11/site-packages/airflow/example_dags/example_dynamic_task_mapping.py took 0.121 seconds
[2023-11-08T14:36:55.120+0000] {processor.py:157} INFO - Started process (PID=3103) to work on /home/airflow/.local/lib/python3.11/site-packages/airflow/example_dags/example_dynamic_task_mapping.py
[2023-11-08T14:36:55.121+0000] {processor.py:829} INFO - Processing file /home/airflow/.local/lib/python3.11/site-packages/airflow/example_dags/example_dynamic_task_mapping.py for tasks to queue
[2023-11-08T14:36:55.124+0000] {logging_mixin.py:154} INFO - [2023-11-08T14:36:55.124+0000] {dagbag.py:536} INFO - Filling up the DagBag from /home/airflow/.local/lib/python3.11/site-packages/airflow/example_dags/example_dynamic_task_mapping.py
[2023-11-08T14:36:55.135+0000] {processor.py:839} INFO - DAG(s) dict_keys(['example_dynamic_task_mapping']) retrieved from /home/airflow/.local/lib/python3.11/site-packages/airflow/example_dags/example_dynamic_task_mapping.py
[2023-11-08T14:36:55.165+0000] {logging_mixin.py:154} INFO - [2023-11-08T14:36:55.165+0000] {dag.py:2941} INFO - Sync 1 DAGs
[2023-11-08T14:36:55.200+0000] {logging_mixin.py:154} INFO - [2023-11-08T14:36:55.200+0000] {dag.py:3722} INFO - Setting next_dagrun for example_dynamic_task_mapping to 2022-03-04T00:00:00+00:00, run_after=2022-03-05T00:00:00+00:00
[2023-11-08T14:36:55.228+0000] {processor.py:179} INFO - Processing /home/airflow/.local/lib/python3.11/site-packages/airflow/example_dags/example_dynamic_task_mapping.py took 0.112 seconds
[2023-11-08T14:37:25.943+0000] {processor.py:157} INFO - Started process (PID=3179) to work on /home/airflow/.local/lib/python3.11/site-packages/airflow/example_dags/example_dynamic_task_mapping.py
[2023-11-08T14:37:25.944+0000] {processor.py:829} INFO - Processing file /home/airflow/.local/lib/python3.11/site-packages/airflow/example_dags/example_dynamic_task_mapping.py for tasks to queue
[2023-11-08T14:37:25.946+0000] {logging_mixin.py:154} INFO - [2023-11-08T14:37:25.945+0000] {dagbag.py:536} INFO - Filling up the DagBag from /home/airflow/.local/lib/python3.11/site-packages/airflow/example_dags/example_dynamic_task_mapping.py
[2023-11-08T14:37:25.951+0000] {processor.py:839} INFO - DAG(s) dict_keys(['example_dynamic_task_mapping']) retrieved from /home/airflow/.local/lib/python3.11/site-packages/airflow/example_dags/example_dynamic_task_mapping.py
[2023-11-08T14:37:25.970+0000] {logging_mixin.py:154} INFO - [2023-11-08T14:37:25.970+0000] {dag.py:2941} INFO - Sync 1 DAGs
[2023-11-08T14:37:25.991+0000] {logging_mixin.py:154} INFO - [2023-11-08T14:37:25.990+0000] {dag.py:3722} INFO - Setting next_dagrun for example_dynamic_task_mapping to 2022-03-04T00:00:00+00:00, run_after=2022-03-05T00:00:00+00:00
[2023-11-08T14:37:26.008+0000] {processor.py:179} INFO - Processing /home/airflow/.local/lib/python3.11/site-packages/airflow/example_dags/example_dynamic_task_mapping.py took 0.067 seconds
[2023-11-08T14:37:56.213+0000] {processor.py:157} INFO - Started process (PID=3255) to work on /home/airflow/.local/lib/python3.11/site-packages/airflow/example_dags/example_dynamic_task_mapping.py
[2023-11-08T14:37:56.213+0000] {processor.py:829} INFO - Processing file /home/airflow/.local/lib/python3.11/site-packages/airflow/example_dags/example_dynamic_task_mapping.py for tasks to queue
[2023-11-08T14:37:56.215+0000] {logging_mixin.py:154} INFO - [2023-11-08T14:37:56.215+0000] {dagbag.py:536} INFO - Filling up the DagBag from /home/airflow/.local/lib/python3.11/site-packages/airflow/example_dags/example_dynamic_task_mapping.py
[2023-11-08T14:37:56.219+0000] {processor.py:839} INFO - DAG(s) dict_keys(['example_dynamic_task_mapping']) retrieved from /home/airflow/.local/lib/python3.11/site-packages/airflow/example_dags/example_dynamic_task_mapping.py
[2023-11-08T14:37:56.235+0000] {logging_mixin.py:154} INFO - [2023-11-08T14:37:56.234+0000] {dag.py:2941} INFO - Sync 1 DAGs
[2023-11-08T14:37:56.252+0000] {logging_mixin.py:154} INFO - [2023-11-08T14:37:56.252+0000] {dag.py:3722} INFO - Setting next_dagrun for example_dynamic_task_mapping to 2022-03-04T00:00:00+00:00, run_after=2022-03-05T00:00:00+00:00
[2023-11-08T14:37:56.264+0000] {processor.py:179} INFO - Processing /home/airflow/.local/lib/python3.11/site-packages/airflow/example_dags/example_dynamic_task_mapping.py took 0.054 seconds
[2023-11-08T14:38:26.327+0000] {processor.py:157} INFO - Started process (PID=3331) to work on /home/airflow/.local/lib/python3.11/site-packages/airflow/example_dags/example_dynamic_task_mapping.py
[2023-11-08T14:38:26.328+0000] {processor.py:829} INFO - Processing file /home/airflow/.local/lib/python3.11/site-packages/airflow/example_dags/example_dynamic_task_mapping.py for tasks to queue
[2023-11-08T14:38:26.329+0000] {logging_mixin.py:154} INFO - [2023-11-08T14:38:26.329+0000] {dagbag.py:536} INFO - Filling up the DagBag from /home/airflow/.local/lib/python3.11/site-packages/airflow/example_dags/example_dynamic_task_mapping.py
[2023-11-08T14:38:26.334+0000] {processor.py:839} INFO - DAG(s) dict_keys(['example_dynamic_task_mapping']) retrieved from /home/airflow/.local/lib/python3.11/site-packages/airflow/example_dags/example_dynamic_task_mapping.py
[2023-11-08T14:38:26.349+0000] {logging_mixin.py:154} INFO - [2023-11-08T14:38:26.349+0000] {dag.py:2941} INFO - Sync 1 DAGs
[2023-11-08T14:38:26.367+0000] {logging_mixin.py:154} INFO - [2023-11-08T14:38:26.367+0000] {dag.py:3722} INFO - Setting next_dagrun for example_dynamic_task_mapping to 2022-03-04T00:00:00+00:00, run_after=2022-03-05T00:00:00+00:00
[2023-11-08T14:38:26.380+0000] {processor.py:179} INFO - Processing /home/airflow/.local/lib/python3.11/site-packages/airflow/example_dags/example_dynamic_task_mapping.py took 0.055 seconds
[2023-11-08T14:38:56.425+0000] {processor.py:157} INFO - Started process (PID=3406) to work on /home/airflow/.local/lib/python3.11/site-packages/airflow/example_dags/example_dynamic_task_mapping.py
[2023-11-08T14:38:56.426+0000] {processor.py:829} INFO - Processing file /home/airflow/.local/lib/python3.11/site-packages/airflow/example_dags/example_dynamic_task_mapping.py for tasks to queue
[2023-11-08T14:38:56.427+0000] {logging_mixin.py:154} INFO - [2023-11-08T14:38:56.427+0000] {dagbag.py:536} INFO - Filling up the DagBag from /home/airflow/.local/lib/python3.11/site-packages/airflow/example_dags/example_dynamic_task_mapping.py
[2023-11-08T14:38:56.432+0000] {processor.py:839} INFO - DAG(s) dict_keys(['example_dynamic_task_mapping']) retrieved from /home/airflow/.local/lib/python3.11/site-packages/airflow/example_dags/example_dynamic_task_mapping.py
[2023-11-08T14:38:56.446+0000] {logging_mixin.py:154} INFO - [2023-11-08T14:38:56.445+0000] {dag.py:2941} INFO - Sync 1 DAGs
[2023-11-08T14:38:56.461+0000] {logging_mixin.py:154} INFO - [2023-11-08T14:38:56.461+0000] {dag.py:3722} INFO - Setting next_dagrun for example_dynamic_task_mapping to 2022-03-04T00:00:00+00:00, run_after=2022-03-05T00:00:00+00:00
[2023-11-08T14:38:56.473+0000] {processor.py:179} INFO - Processing /home/airflow/.local/lib/python3.11/site-packages/airflow/example_dags/example_dynamic_task_mapping.py took 0.050 seconds
[2023-11-08T14:39:26.519+0000] {processor.py:157} INFO - Started process (PID=3482) to work on /home/airflow/.local/lib/python3.11/site-packages/airflow/example_dags/example_dynamic_task_mapping.py
[2023-11-08T14:39:26.519+0000] {processor.py:829} INFO - Processing file /home/airflow/.local/lib/python3.11/site-packages/airflow/example_dags/example_dynamic_task_mapping.py for tasks to queue
[2023-11-08T14:39:26.520+0000] {logging_mixin.py:154} INFO - [2023-11-08T14:39:26.520+0000] {dagbag.py:536} INFO - Filling up the DagBag from /home/airflow/.local/lib/python3.11/site-packages/airflow/example_dags/example_dynamic_task_mapping.py
[2023-11-08T14:39:26.525+0000] {processor.py:839} INFO - DAG(s) dict_keys(['example_dynamic_task_mapping']) retrieved from /home/airflow/.local/lib/python3.11/site-packages/airflow/example_dags/example_dynamic_task_mapping.py
[2023-11-08T14:39:26.540+0000] {logging_mixin.py:154} INFO - [2023-11-08T14:39:26.539+0000] {dag.py:2941} INFO - Sync 1 DAGs
[2023-11-08T14:39:26.555+0000] {logging_mixin.py:154} INFO - [2023-11-08T14:39:26.555+0000] {dag.py:3722} INFO - Setting next_dagrun for example_dynamic_task_mapping to 2022-03-04T00:00:00+00:00, run_after=2022-03-05T00:00:00+00:00
[2023-11-08T14:39:26.567+0000] {processor.py:179} INFO - Processing /home/airflow/.local/lib/python3.11/site-packages/airflow/example_dags/example_dynamic_task_mapping.py took 0.051 seconds
[2023-11-08T14:39:56.825+0000] {processor.py:157} INFO - Started process (PID=3558) to work on /home/airflow/.local/lib/python3.11/site-packages/airflow/example_dags/example_dynamic_task_mapping.py
[2023-11-08T14:39:56.826+0000] {processor.py:829} INFO - Processing file /home/airflow/.local/lib/python3.11/site-packages/airflow/example_dags/example_dynamic_task_mapping.py for tasks to queue
[2023-11-08T14:39:56.827+0000] {logging_mixin.py:154} INFO - [2023-11-08T14:39:56.827+0000] {dagbag.py:536} INFO - Filling up the DagBag from /home/airflow/.local/lib/python3.11/site-packages/airflow/example_dags/example_dynamic_task_mapping.py
[2023-11-08T14:39:56.833+0000] {processor.py:839} INFO - DAG(s) dict_keys(['example_dynamic_task_mapping']) retrieved from /home/airflow/.local/lib/python3.11/site-packages/airflow/example_dags/example_dynamic_task_mapping.py
[2023-11-08T14:39:56.853+0000] {logging_mixin.py:154} INFO - [2023-11-08T14:39:56.853+0000] {dag.py:2941} INFO - Sync 1 DAGs
[2023-11-08T14:39:56.876+0000] {logging_mixin.py:154} INFO - [2023-11-08T14:39:56.876+0000] {dag.py:3722} INFO - Setting next_dagrun for example_dynamic_task_mapping to 2022-03-04T00:00:00+00:00, run_after=2022-03-05T00:00:00+00:00
[2023-11-08T14:39:56.894+0000] {processor.py:179} INFO - Processing /home/airflow/.local/lib/python3.11/site-packages/airflow/example_dags/example_dynamic_task_mapping.py took 0.071 seconds
[2023-11-08T14:40:26.934+0000] {processor.py:157} INFO - Started process (PID=3635) to work on /home/airflow/.local/lib/python3.11/site-packages/airflow/example_dags/example_dynamic_task_mapping.py
[2023-11-08T14:40:26.934+0000] {processor.py:829} INFO - Processing file /home/airflow/.local/lib/python3.11/site-packages/airflow/example_dags/example_dynamic_task_mapping.py for tasks to queue
[2023-11-08T14:40:26.936+0000] {logging_mixin.py:154} INFO - [2023-11-08T14:40:26.935+0000] {dagbag.py:536} INFO - Filling up the DagBag from /home/airflow/.local/lib/python3.11/site-packages/airflow/example_dags/example_dynamic_task_mapping.py
[2023-11-08T14:40:26.940+0000] {processor.py:839} INFO - DAG(s) dict_keys(['example_dynamic_task_mapping']) retrieved from /home/airflow/.local/lib/python3.11/site-packages/airflow/example_dags/example_dynamic_task_mapping.py
[2023-11-08T14:40:26.955+0000] {logging_mixin.py:154} INFO - [2023-11-08T14:40:26.955+0000] {dag.py:2941} INFO - Sync 1 DAGs
[2023-11-08T14:40:26.971+0000] {logging_mixin.py:154} INFO - [2023-11-08T14:40:26.970+0000] {dag.py:3722} INFO - Setting next_dagrun for example_dynamic_task_mapping to 2022-03-04T00:00:00+00:00, run_after=2022-03-05T00:00:00+00:00
[2023-11-08T14:40:26.982+0000] {processor.py:179} INFO - Processing /home/airflow/.local/lib/python3.11/site-packages/airflow/example_dags/example_dynamic_task_mapping.py took 0.051 seconds
[2023-11-08T14:40:57.037+0000] {processor.py:157} INFO - Started process (PID=3709) to work on /home/airflow/.local/lib/python3.11/site-packages/airflow/example_dags/example_dynamic_task_mapping.py
[2023-11-08T14:40:57.037+0000] {processor.py:829} INFO - Processing file /home/airflow/.local/lib/python3.11/site-packages/airflow/example_dags/example_dynamic_task_mapping.py for tasks to queue
[2023-11-08T14:40:57.039+0000] {logging_mixin.py:154} INFO - [2023-11-08T14:40:57.039+0000] {dagbag.py:536} INFO - Filling up the DagBag from /home/airflow/.local/lib/python3.11/site-packages/airflow/example_dags/example_dynamic_task_mapping.py
[2023-11-08T14:40:57.044+0000] {processor.py:839} INFO - DAG(s) dict_keys(['example_dynamic_task_mapping']) retrieved from /home/airflow/.local/lib/python3.11/site-packages/airflow/example_dags/example_dynamic_task_mapping.py
[2023-11-08T14:40:57.059+0000] {logging_mixin.py:154} INFO - [2023-11-08T14:40:57.059+0000] {dag.py:2941} INFO - Sync 1 DAGs
[2023-11-08T14:40:57.076+0000] {logging_mixin.py:154} INFO - [2023-11-08T14:40:57.076+0000] {dag.py:3722} INFO - Setting next_dagrun for example_dynamic_task_mapping to 2022-03-04T00:00:00+00:00, run_after=2022-03-05T00:00:00+00:00
[2023-11-08T14:40:57.089+0000] {processor.py:179} INFO - Processing /home/airflow/.local/lib/python3.11/site-packages/airflow/example_dags/example_dynamic_task_mapping.py took 0.055 seconds
[2023-11-08T14:41:27.156+0000] {processor.py:157} INFO - Started process (PID=3785) to work on /home/airflow/.local/lib/python3.11/site-packages/airflow/example_dags/example_dynamic_task_mapping.py
[2023-11-08T14:41:27.157+0000] {processor.py:829} INFO - Processing file /home/airflow/.local/lib/python3.11/site-packages/airflow/example_dags/example_dynamic_task_mapping.py for tasks to queue
[2023-11-08T14:41:27.158+0000] {logging_mixin.py:154} INFO - [2023-11-08T14:41:27.158+0000] {dagbag.py:536} INFO - Filling up the DagBag from /home/airflow/.local/lib/python3.11/site-packages/airflow/example_dags/example_dynamic_task_mapping.py
[2023-11-08T14:41:27.164+0000] {processor.py:839} INFO - DAG(s) dict_keys(['example_dynamic_task_mapping']) retrieved from /home/airflow/.local/lib/python3.11/site-packages/airflow/example_dags/example_dynamic_task_mapping.py
[2023-11-08T14:41:27.179+0000] {logging_mixin.py:154} INFO - [2023-11-08T14:41:27.179+0000] {dag.py:2941} INFO - Sync 1 DAGs
[2023-11-08T14:41:27.201+0000] {logging_mixin.py:154} INFO - [2023-11-08T14:41:27.200+0000] {dag.py:3722} INFO - Setting next_dagrun for example_dynamic_task_mapping to 2022-03-04T00:00:00+00:00, run_after=2022-03-05T00:00:00+00:00
[2023-11-08T14:41:27.217+0000] {processor.py:179} INFO - Processing /home/airflow/.local/lib/python3.11/site-packages/airflow/example_dags/example_dynamic_task_mapping.py took 0.063 seconds
[2023-11-08T14:41:57.305+0000] {processor.py:157} INFO - Started process (PID=3861) to work on /home/airflow/.local/lib/python3.11/site-packages/airflow/example_dags/example_dynamic_task_mapping.py
[2023-11-08T14:41:57.306+0000] {processor.py:829} INFO - Processing file /home/airflow/.local/lib/python3.11/site-packages/airflow/example_dags/example_dynamic_task_mapping.py for tasks to queue
[2023-11-08T14:41:57.307+0000] {logging_mixin.py:154} INFO - [2023-11-08T14:41:57.307+0000] {dagbag.py:536} INFO - Filling up the DagBag from /home/airflow/.local/lib/python3.11/site-packages/airflow/example_dags/example_dynamic_task_mapping.py
[2023-11-08T14:41:57.312+0000] {processor.py:839} INFO - DAG(s) dict_keys(['example_dynamic_task_mapping']) retrieved from /home/airflow/.local/lib/python3.11/site-packages/airflow/example_dags/example_dynamic_task_mapping.py
[2023-11-08T14:41:57.326+0000] {logging_mixin.py:154} INFO - [2023-11-08T14:41:57.326+0000] {dag.py:2941} INFO - Sync 1 DAGs
[2023-11-08T14:41:57.342+0000] {logging_mixin.py:154} INFO - [2023-11-08T14:41:57.342+0000] {dag.py:3722} INFO - Setting next_dagrun for example_dynamic_task_mapping to 2022-03-04T00:00:00+00:00, run_after=2022-03-05T00:00:00+00:00
[2023-11-08T14:41:57.355+0000] {processor.py:179} INFO - Processing /home/airflow/.local/lib/python3.11/site-packages/airflow/example_dags/example_dynamic_task_mapping.py took 0.052 seconds
[2023-11-08T14:42:27.557+0000] {processor.py:157} INFO - Started process (PID=3937) to work on /home/airflow/.local/lib/python3.11/site-packages/airflow/example_dags/example_dynamic_task_mapping.py
[2023-11-08T14:42:27.558+0000] {processor.py:829} INFO - Processing file /home/airflow/.local/lib/python3.11/site-packages/airflow/example_dags/example_dynamic_task_mapping.py for tasks to queue
[2023-11-08T14:42:27.560+0000] {logging_mixin.py:154} INFO - [2023-11-08T14:42:27.559+0000] {dagbag.py:536} INFO - Filling up the DagBag from /home/airflow/.local/lib/python3.11/site-packages/airflow/example_dags/example_dynamic_task_mapping.py
[2023-11-08T14:42:27.565+0000] {processor.py:839} INFO - DAG(s) dict_keys(['example_dynamic_task_mapping']) retrieved from /home/airflow/.local/lib/python3.11/site-packages/airflow/example_dags/example_dynamic_task_mapping.py
[2023-11-08T14:42:27.580+0000] {logging_mixin.py:154} INFO - [2023-11-08T14:42:27.580+0000] {dag.py:2941} INFO - Sync 1 DAGs
[2023-11-08T14:42:27.597+0000] {logging_mixin.py:154} INFO - [2023-11-08T14:42:27.597+0000] {dag.py:3722} INFO - Setting next_dagrun for example_dynamic_task_mapping to 2022-03-04T00:00:00+00:00, run_after=2022-03-05T00:00:00+00:00
[2023-11-08T14:42:27.611+0000] {processor.py:179} INFO - Processing /home/airflow/.local/lib/python3.11/site-packages/airflow/example_dags/example_dynamic_task_mapping.py took 0.056 seconds
[2023-11-08T14:42:58.051+0000] {processor.py:157} INFO - Started process (PID=4013) to work on /home/airflow/.local/lib/python3.11/site-packages/airflow/example_dags/example_dynamic_task_mapping.py
[2023-11-08T14:42:58.052+0000] {processor.py:829} INFO - Processing file /home/airflow/.local/lib/python3.11/site-packages/airflow/example_dags/example_dynamic_task_mapping.py for tasks to queue
[2023-11-08T14:42:58.053+0000] {logging_mixin.py:154} INFO - [2023-11-08T14:42:58.053+0000] {dagbag.py:536} INFO - Filling up the DagBag from /home/airflow/.local/lib/python3.11/site-packages/airflow/example_dags/example_dynamic_task_mapping.py
[2023-11-08T14:42:58.058+0000] {processor.py:839} INFO - DAG(s) dict_keys(['example_dynamic_task_mapping']) retrieved from /home/airflow/.local/lib/python3.11/site-packages/airflow/example_dags/example_dynamic_task_mapping.py
[2023-11-08T14:42:58.074+0000] {logging_mixin.py:154} INFO - [2023-11-08T14:42:58.074+0000] {dag.py:2941} INFO - Sync 1 DAGs
[2023-11-08T14:42:58.091+0000] {logging_mixin.py:154} INFO - [2023-11-08T14:42:58.091+0000] {dag.py:3722} INFO - Setting next_dagrun for example_dynamic_task_mapping to 2022-03-04T00:00:00+00:00, run_after=2022-03-05T00:00:00+00:00
[2023-11-08T14:42:58.104+0000] {processor.py:179} INFO - Processing /home/airflow/.local/lib/python3.11/site-packages/airflow/example_dags/example_dynamic_task_mapping.py took 0.055 seconds
[2023-11-08T14:43:28.422+0000] {processor.py:157} INFO - Started process (PID=4089) to work on /home/airflow/.local/lib/python3.11/site-packages/airflow/example_dags/example_dynamic_task_mapping.py
[2023-11-08T14:43:28.423+0000] {processor.py:829} INFO - Processing file /home/airflow/.local/lib/python3.11/site-packages/airflow/example_dags/example_dynamic_task_mapping.py for tasks to queue
[2023-11-08T14:43:28.424+0000] {logging_mixin.py:154} INFO - [2023-11-08T14:43:28.424+0000] {dagbag.py:536} INFO - Filling up the DagBag from /home/airflow/.local/lib/python3.11/site-packages/airflow/example_dags/example_dynamic_task_mapping.py
[2023-11-08T14:43:28.429+0000] {processor.py:839} INFO - DAG(s) dict_keys(['example_dynamic_task_mapping']) retrieved from /home/airflow/.local/lib/python3.11/site-packages/airflow/example_dags/example_dynamic_task_mapping.py
[2023-11-08T14:43:28.444+0000] {logging_mixin.py:154} INFO - [2023-11-08T14:43:28.444+0000] {dag.py:2941} INFO - Sync 1 DAGs
[2023-11-08T14:43:28.461+0000] {logging_mixin.py:154} INFO - [2023-11-08T14:43:28.461+0000] {dag.py:3722} INFO - Setting next_dagrun for example_dynamic_task_mapping to 2022-03-04T00:00:00+00:00, run_after=2022-03-05T00:00:00+00:00
[2023-11-08T14:43:28.476+0000] {processor.py:179} INFO - Processing /home/airflow/.local/lib/python3.11/site-packages/airflow/example_dags/example_dynamic_task_mapping.py took 0.056 seconds
[2023-11-08T14:43:58.845+0000] {processor.py:157} INFO - Started process (PID=4165) to work on /home/airflow/.local/lib/python3.11/site-packages/airflow/example_dags/example_dynamic_task_mapping.py
[2023-11-08T14:43:58.846+0000] {processor.py:829} INFO - Processing file /home/airflow/.local/lib/python3.11/site-packages/airflow/example_dags/example_dynamic_task_mapping.py for tasks to queue
[2023-11-08T14:43:58.847+0000] {logging_mixin.py:154} INFO - [2023-11-08T14:43:58.847+0000] {dagbag.py:536} INFO - Filling up the DagBag from /home/airflow/.local/lib/python3.11/site-packages/airflow/example_dags/example_dynamic_task_mapping.py
[2023-11-08T14:43:58.852+0000] {processor.py:839} INFO - DAG(s) dict_keys(['example_dynamic_task_mapping']) retrieved from /home/airflow/.local/lib/python3.11/site-packages/airflow/example_dags/example_dynamic_task_mapping.py
[2023-11-08T14:43:58.866+0000] {logging_mixin.py:154} INFO - [2023-11-08T14:43:58.865+0000] {dag.py:2941} INFO - Sync 1 DAGs
[2023-11-08T14:43:58.882+0000] {logging_mixin.py:154} INFO - [2023-11-08T14:43:58.882+0000] {dag.py:3722} INFO - Setting next_dagrun for example_dynamic_task_mapping to 2022-03-04T00:00:00+00:00, run_after=2022-03-05T00:00:00+00:00
[2023-11-08T14:43:58.895+0000] {processor.py:179} INFO - Processing /home/airflow/.local/lib/python3.11/site-packages/airflow/example_dags/example_dynamic_task_mapping.py took 0.053 seconds
[2023-11-08T14:44:29.012+0000] {processor.py:157} INFO - Started process (PID=4241) to work on /home/airflow/.local/lib/python3.11/site-packages/airflow/example_dags/example_dynamic_task_mapping.py
[2023-11-08T14:44:29.012+0000] {processor.py:829} INFO - Processing file /home/airflow/.local/lib/python3.11/site-packages/airflow/example_dags/example_dynamic_task_mapping.py for tasks to queue
[2023-11-08T14:44:29.013+0000] {logging_mixin.py:154} INFO - [2023-11-08T14:44:29.013+0000] {dagbag.py:536} INFO - Filling up the DagBag from /home/airflow/.local/lib/python3.11/site-packages/airflow/example_dags/example_dynamic_task_mapping.py
[2023-11-08T14:44:29.018+0000] {processor.py:839} INFO - DAG(s) dict_keys(['example_dynamic_task_mapping']) retrieved from /home/airflow/.local/lib/python3.11/site-packages/airflow/example_dags/example_dynamic_task_mapping.py
[2023-11-08T14:44:29.033+0000] {logging_mixin.py:154} INFO - [2023-11-08T14:44:29.033+0000] {dag.py:2941} INFO - Sync 1 DAGs
[2023-11-08T14:44:29.049+0000] {logging_mixin.py:154} INFO - [2023-11-08T14:44:29.049+0000] {dag.py:3722} INFO - Setting next_dagrun for example_dynamic_task_mapping to 2022-03-04T00:00:00+00:00, run_after=2022-03-05T00:00:00+00:00
[2023-11-08T14:44:29.064+0000] {processor.py:179} INFO - Processing /home/airflow/.local/lib/python3.11/site-packages/airflow/example_dags/example_dynamic_task_mapping.py took 0.055 seconds
[2023-11-08T14:44:59.455+0000] {processor.py:157} INFO - Started process (PID=4317) to work on /home/airflow/.local/lib/python3.11/site-packages/airflow/example_dags/example_dynamic_task_mapping.py
[2023-11-08T14:44:59.456+0000] {processor.py:829} INFO - Processing file /home/airflow/.local/lib/python3.11/site-packages/airflow/example_dags/example_dynamic_task_mapping.py for tasks to queue
[2023-11-08T14:44:59.458+0000] {logging_mixin.py:154} INFO - [2023-11-08T14:44:59.458+0000] {dagbag.py:536} INFO - Filling up the DagBag from /home/airflow/.local/lib/python3.11/site-packages/airflow/example_dags/example_dynamic_task_mapping.py
[2023-11-08T14:44:59.463+0000] {processor.py:839} INFO - DAG(s) dict_keys(['example_dynamic_task_mapping']) retrieved from /home/airflow/.local/lib/python3.11/site-packages/airflow/example_dags/example_dynamic_task_mapping.py
[2023-11-08T14:44:59.478+0000] {logging_mixin.py:154} INFO - [2023-11-08T14:44:59.478+0000] {dag.py:2941} INFO - Sync 1 DAGs
[2023-11-08T14:44:59.495+0000] {logging_mixin.py:154} INFO - [2023-11-08T14:44:59.495+0000] {dag.py:3722} INFO - Setting next_dagrun for example_dynamic_task_mapping to 2022-03-04T00:00:00+00:00, run_after=2022-03-05T00:00:00+00:00
[2023-11-08T14:44:59.508+0000] {processor.py:179} INFO - Processing /home/airflow/.local/lib/python3.11/site-packages/airflow/example_dags/example_dynamic_task_mapping.py took 0.055 seconds
[2023-11-08T14:45:30.102+0000] {processor.py:157} INFO - Started process (PID=4394) to work on /home/airflow/.local/lib/python3.11/site-packages/airflow/example_dags/example_dynamic_task_mapping.py
[2023-11-08T14:45:30.103+0000] {processor.py:829} INFO - Processing file /home/airflow/.local/lib/python3.11/site-packages/airflow/example_dags/example_dynamic_task_mapping.py for tasks to queue
[2023-11-08T14:45:30.105+0000] {logging_mixin.py:154} INFO - [2023-11-08T14:45:30.104+0000] {dagbag.py:536} INFO - Filling up the DagBag from /home/airflow/.local/lib/python3.11/site-packages/airflow/example_dags/example_dynamic_task_mapping.py
[2023-11-08T14:45:30.110+0000] {processor.py:839} INFO - DAG(s) dict_keys(['example_dynamic_task_mapping']) retrieved from /home/airflow/.local/lib/python3.11/site-packages/airflow/example_dags/example_dynamic_task_mapping.py
[2023-11-08T14:45:30.125+0000] {logging_mixin.py:154} INFO - [2023-11-08T14:45:30.125+0000] {dag.py:2941} INFO - Sync 1 DAGs
[2023-11-08T14:45:30.142+0000] {logging_mixin.py:154} INFO - [2023-11-08T14:45:30.142+0000] {dag.py:3722} INFO - Setting next_dagrun for example_dynamic_task_mapping to 2022-03-04T00:00:00+00:00, run_after=2022-03-05T00:00:00+00:00
[2023-11-08T14:45:30.155+0000] {processor.py:179} INFO - Processing /home/airflow/.local/lib/python3.11/site-packages/airflow/example_dags/example_dynamic_task_mapping.py took 0.056 seconds
[2023-11-08T14:46:00.584+0000] {processor.py:157} INFO - Started process (PID=4470) to work on /home/airflow/.local/lib/python3.11/site-packages/airflow/example_dags/example_dynamic_task_mapping.py
[2023-11-08T14:46:00.585+0000] {processor.py:829} INFO - Processing file /home/airflow/.local/lib/python3.11/site-packages/airflow/example_dags/example_dynamic_task_mapping.py for tasks to queue
[2023-11-08T14:46:00.587+0000] {logging_mixin.py:154} INFO - [2023-11-08T14:46:00.586+0000] {dagbag.py:536} INFO - Filling up the DagBag from /home/airflow/.local/lib/python3.11/site-packages/airflow/example_dags/example_dynamic_task_mapping.py
[2023-11-08T14:46:00.592+0000] {processor.py:839} INFO - DAG(s) dict_keys(['example_dynamic_task_mapping']) retrieved from /home/airflow/.local/lib/python3.11/site-packages/airflow/example_dags/example_dynamic_task_mapping.py
[2023-11-08T14:46:00.608+0000] {logging_mixin.py:154} INFO - [2023-11-08T14:46:00.608+0000] {dag.py:2941} INFO - Sync 1 DAGs
[2023-11-08T14:46:00.626+0000] {logging_mixin.py:154} INFO - [2023-11-08T14:46:00.626+0000] {dag.py:3722} INFO - Setting next_dagrun for example_dynamic_task_mapping to 2022-03-04T00:00:00+00:00, run_after=2022-03-05T00:00:00+00:00
[2023-11-08T14:46:00.639+0000] {processor.py:179} INFO - Processing /home/airflow/.local/lib/python3.11/site-packages/airflow/example_dags/example_dynamic_task_mapping.py took 0.057 seconds
[2023-11-08T14:46:31.882+0000] {processor.py:157} INFO - Started process (PID=4546) to work on /home/airflow/.local/lib/python3.11/site-packages/airflow/example_dags/example_dynamic_task_mapping.py
[2023-11-08T14:46:31.882+0000] {processor.py:829} INFO - Processing file /home/airflow/.local/lib/python3.11/site-packages/airflow/example_dags/example_dynamic_task_mapping.py for tasks to queue
[2023-11-08T14:46:31.884+0000] {logging_mixin.py:154} INFO - [2023-11-08T14:46:31.884+0000] {dagbag.py:536} INFO - Filling up the DagBag from /home/airflow/.local/lib/python3.11/site-packages/airflow/example_dags/example_dynamic_task_mapping.py
[2023-11-08T14:46:31.891+0000] {processor.py:839} INFO - DAG(s) dict_keys(['example_dynamic_task_mapping']) retrieved from /home/airflow/.local/lib/python3.11/site-packages/airflow/example_dags/example_dynamic_task_mapping.py
[2023-11-08T14:46:31.908+0000] {logging_mixin.py:154} INFO - [2023-11-08T14:46:31.907+0000] {dag.py:2941} INFO - Sync 1 DAGs
[2023-11-08T14:46:32.096+0000] {logging_mixin.py:154} INFO - [2023-11-08T14:46:32.096+0000] {dag.py:3722} INFO - Setting next_dagrun for example_dynamic_task_mapping to 2022-03-04T00:00:00+00:00, run_after=2022-03-05T00:00:00+00:00
[2023-11-08T14:46:32.108+0000] {processor.py:179} INFO - Processing /home/airflow/.local/lib/python3.11/site-packages/airflow/example_dags/example_dynamic_task_mapping.py took 0.228 seconds
[2023-11-08T14:47:02.382+0000] {processor.py:157} INFO - Started process (PID=4622) to work on /home/airflow/.local/lib/python3.11/site-packages/airflow/example_dags/example_dynamic_task_mapping.py
[2023-11-08T14:47:02.383+0000] {processor.py:829} INFO - Processing file /home/airflow/.local/lib/python3.11/site-packages/airflow/example_dags/example_dynamic_task_mapping.py for tasks to queue
[2023-11-08T14:47:02.384+0000] {logging_mixin.py:154} INFO - [2023-11-08T14:47:02.384+0000] {dagbag.py:536} INFO - Filling up the DagBag from /home/airflow/.local/lib/python3.11/site-packages/airflow/example_dags/example_dynamic_task_mapping.py
[2023-11-08T14:47:02.389+0000] {processor.py:839} INFO - DAG(s) dict_keys(['example_dynamic_task_mapping']) retrieved from /home/airflow/.local/lib/python3.11/site-packages/airflow/example_dags/example_dynamic_task_mapping.py
[2023-11-08T14:47:02.404+0000] {logging_mixin.py:154} INFO - [2023-11-08T14:47:02.404+0000] {dag.py:2941} INFO - Sync 1 DAGs
[2023-11-08T14:47:02.592+0000] {logging_mixin.py:154} INFO - [2023-11-08T14:47:02.592+0000] {dag.py:3722} INFO - Setting next_dagrun for example_dynamic_task_mapping to 2022-03-04T00:00:00+00:00, run_after=2022-03-05T00:00:00+00:00
[2023-11-08T14:47:02.605+0000] {processor.py:179} INFO - Processing /home/airflow/.local/lib/python3.11/site-packages/airflow/example_dags/example_dynamic_task_mapping.py took 0.225 seconds
[2023-11-08T14:47:32.646+0000] {processor.py:157} INFO - Started process (PID=4698) to work on /home/airflow/.local/lib/python3.11/site-packages/airflow/example_dags/example_dynamic_task_mapping.py
[2023-11-08T14:47:32.647+0000] {processor.py:829} INFO - Processing file /home/airflow/.local/lib/python3.11/site-packages/airflow/example_dags/example_dynamic_task_mapping.py for tasks to queue
[2023-11-08T14:47:32.648+0000] {logging_mixin.py:154} INFO - [2023-11-08T14:47:32.648+0000] {dagbag.py:536} INFO - Filling up the DagBag from /home/airflow/.local/lib/python3.11/site-packages/airflow/example_dags/example_dynamic_task_mapping.py
[2023-11-08T14:47:32.654+0000] {processor.py:839} INFO - DAG(s) dict_keys(['example_dynamic_task_mapping']) retrieved from /home/airflow/.local/lib/python3.11/site-packages/airflow/example_dags/example_dynamic_task_mapping.py
[2023-11-08T14:47:32.672+0000] {logging_mixin.py:154} INFO - [2023-11-08T14:47:32.672+0000] {dag.py:2941} INFO - Sync 1 DAGs
[2023-11-08T14:47:32.696+0000] {logging_mixin.py:154} INFO - [2023-11-08T14:47:32.695+0000] {dag.py:3722} INFO - Setting next_dagrun for example_dynamic_task_mapping to 2022-03-04T00:00:00+00:00, run_after=2022-03-05T00:00:00+00:00
[2023-11-08T14:47:32.719+0000] {processor.py:179} INFO - Processing /home/airflow/.local/lib/python3.11/site-packages/airflow/example_dags/example_dynamic_task_mapping.py took 0.076 seconds
[2023-11-08T14:48:02.964+0000] {processor.py:157} INFO - Started process (PID=4774) to work on /home/airflow/.local/lib/python3.11/site-packages/airflow/example_dags/example_dynamic_task_mapping.py
[2023-11-08T14:48:02.965+0000] {processor.py:829} INFO - Processing file /home/airflow/.local/lib/python3.11/site-packages/airflow/example_dags/example_dynamic_task_mapping.py for tasks to queue
[2023-11-08T14:48:02.967+0000] {logging_mixin.py:154} INFO - [2023-11-08T14:48:02.967+0000] {dagbag.py:536} INFO - Filling up the DagBag from /home/airflow/.local/lib/python3.11/site-packages/airflow/example_dags/example_dynamic_task_mapping.py
[2023-11-08T14:48:02.972+0000] {processor.py:839} INFO - DAG(s) dict_keys(['example_dynamic_task_mapping']) retrieved from /home/airflow/.local/lib/python3.11/site-packages/airflow/example_dags/example_dynamic_task_mapping.py
[2023-11-08T14:48:02.988+0000] {logging_mixin.py:154} INFO - [2023-11-08T14:48:02.988+0000] {dag.py:2941} INFO - Sync 1 DAGs
[2023-11-08T14:48:03.007+0000] {logging_mixin.py:154} INFO - [2023-11-08T14:48:03.007+0000] {dag.py:3722} INFO - Setting next_dagrun for example_dynamic_task_mapping to 2022-03-04T00:00:00+00:00, run_after=2022-03-05T00:00:00+00:00
[2023-11-08T14:48:03.023+0000] {processor.py:179} INFO - Processing /home/airflow/.local/lib/python3.11/site-packages/airflow/example_dags/example_dynamic_task_mapping.py took 0.060 seconds
[2023-11-08T14:48:33.717+0000] {processor.py:157} INFO - Started process (PID=4850) to work on /home/airflow/.local/lib/python3.11/site-packages/airflow/example_dags/example_dynamic_task_mapping.py
[2023-11-08T14:48:33.717+0000] {processor.py:829} INFO - Processing file /home/airflow/.local/lib/python3.11/site-packages/airflow/example_dags/example_dynamic_task_mapping.py for tasks to queue
[2023-11-08T14:48:33.719+0000] {logging_mixin.py:154} INFO - [2023-11-08T14:48:33.719+0000] {dagbag.py:536} INFO - Filling up the DagBag from /home/airflow/.local/lib/python3.11/site-packages/airflow/example_dags/example_dynamic_task_mapping.py
[2023-11-08T14:48:33.725+0000] {processor.py:839} INFO - DAG(s) dict_keys(['example_dynamic_task_mapping']) retrieved from /home/airflow/.local/lib/python3.11/site-packages/airflow/example_dags/example_dynamic_task_mapping.py
[2023-11-08T14:48:33.927+0000] {logging_mixin.py:154} INFO - [2023-11-08T14:48:33.927+0000] {dag.py:2941} INFO - Sync 1 DAGs
[2023-11-08T14:48:33.941+0000] {logging_mixin.py:154} INFO - [2023-11-08T14:48:33.941+0000] {dag.py:3722} INFO - Setting next_dagrun for example_dynamic_task_mapping to 2022-03-04T00:00:00+00:00, run_after=2022-03-05T00:00:00+00:00
[2023-11-08T14:48:33.954+0000] {processor.py:179} INFO - Processing /home/airflow/.local/lib/python3.11/site-packages/airflow/example_dags/example_dynamic_task_mapping.py took 0.240 seconds
[2023-11-08T14:49:04.207+0000] {processor.py:157} INFO - Started process (PID=4926) to work on /home/airflow/.local/lib/python3.11/site-packages/airflow/example_dags/example_dynamic_task_mapping.py
[2023-11-08T14:49:04.208+0000] {processor.py:829} INFO - Processing file /home/airflow/.local/lib/python3.11/site-packages/airflow/example_dags/example_dynamic_task_mapping.py for tasks to queue
[2023-11-08T14:49:04.209+0000] {logging_mixin.py:154} INFO - [2023-11-08T14:49:04.209+0000] {dagbag.py:536} INFO - Filling up the DagBag from /home/airflow/.local/lib/python3.11/site-packages/airflow/example_dags/example_dynamic_task_mapping.py
[2023-11-08T14:49:04.214+0000] {processor.py:839} INFO - DAG(s) dict_keys(['example_dynamic_task_mapping']) retrieved from /home/airflow/.local/lib/python3.11/site-packages/airflow/example_dags/example_dynamic_task_mapping.py
[2023-11-08T14:49:04.229+0000] {logging_mixin.py:154} INFO - [2023-11-08T14:49:04.229+0000] {dag.py:2941} INFO - Sync 1 DAGs
[2023-11-08T14:49:04.443+0000] {logging_mixin.py:154} INFO - [2023-11-08T14:49:04.443+0000] {dag.py:3722} INFO - Setting next_dagrun for example_dynamic_task_mapping to 2022-03-04T00:00:00+00:00, run_after=2022-03-05T00:00:00+00:00
[2023-11-08T14:49:04.455+0000] {processor.py:179} INFO - Processing /home/airflow/.local/lib/python3.11/site-packages/airflow/example_dags/example_dynamic_task_mapping.py took 0.250 seconds
[2023-11-08T14:49:34.626+0000] {processor.py:157} INFO - Started process (PID=5002) to work on /home/airflow/.local/lib/python3.11/site-packages/airflow/example_dags/example_dynamic_task_mapping.py
[2023-11-08T14:49:34.627+0000] {processor.py:829} INFO - Processing file /home/airflow/.local/lib/python3.11/site-packages/airflow/example_dags/example_dynamic_task_mapping.py for tasks to queue
[2023-11-08T14:49:34.628+0000] {logging_mixin.py:154} INFO - [2023-11-08T14:49:34.628+0000] {dagbag.py:536} INFO - Filling up the DagBag from /home/airflow/.local/lib/python3.11/site-packages/airflow/example_dags/example_dynamic_task_mapping.py
[2023-11-08T14:49:34.633+0000] {processor.py:839} INFO - DAG(s) dict_keys(['example_dynamic_task_mapping']) retrieved from /home/airflow/.local/lib/python3.11/site-packages/airflow/example_dags/example_dynamic_task_mapping.py
[2023-11-08T14:49:34.646+0000] {logging_mixin.py:154} INFO - [2023-11-08T14:49:34.646+0000] {dag.py:2941} INFO - Sync 1 DAGs
[2023-11-08T14:49:34.663+0000] {logging_mixin.py:154} INFO - [2023-11-08T14:49:34.663+0000] {dag.py:3722} INFO - Setting next_dagrun for example_dynamic_task_mapping to 2022-03-04T00:00:00+00:00, run_after=2022-03-05T00:00:00+00:00
[2023-11-08T14:49:34.677+0000] {processor.py:179} INFO - Processing /home/airflow/.local/lib/python3.11/site-packages/airflow/example_dags/example_dynamic_task_mapping.py took 0.053 seconds
[2023-11-08T14:50:04.882+0000] {processor.py:157} INFO - Started process (PID=5078) to work on /home/airflow/.local/lib/python3.11/site-packages/airflow/example_dags/example_dynamic_task_mapping.py
[2023-11-08T14:50:04.882+0000] {processor.py:829} INFO - Processing file /home/airflow/.local/lib/python3.11/site-packages/airflow/example_dags/example_dynamic_task_mapping.py for tasks to queue
[2023-11-08T14:50:04.884+0000] {logging_mixin.py:154} INFO - [2023-11-08T14:50:04.884+0000] {dagbag.py:536} INFO - Filling up the DagBag from /home/airflow/.local/lib/python3.11/site-packages/airflow/example_dags/example_dynamic_task_mapping.py
[2023-11-08T14:50:04.889+0000] {processor.py:839} INFO - DAG(s) dict_keys(['example_dynamic_task_mapping']) retrieved from /home/airflow/.local/lib/python3.11/site-packages/airflow/example_dags/example_dynamic_task_mapping.py
[2023-11-08T14:50:04.904+0000] {logging_mixin.py:154} INFO - [2023-11-08T14:50:04.904+0000] {dag.py:2941} INFO - Sync 1 DAGs
[2023-11-08T14:50:04.924+0000] {logging_mixin.py:154} INFO - [2023-11-08T14:50:04.924+0000] {dag.py:3722} INFO - Setting next_dagrun for example_dynamic_task_mapping to 2022-03-04T00:00:00+00:00, run_after=2022-03-05T00:00:00+00:00
[2023-11-08T14:50:04.938+0000] {processor.py:179} INFO - Processing /home/airflow/.local/lib/python3.11/site-packages/airflow/example_dags/example_dynamic_task_mapping.py took 0.059 seconds
[2023-11-08T14:50:35.159+0000] {processor.py:157} INFO - Started process (PID=5154) to work on /home/airflow/.local/lib/python3.11/site-packages/airflow/example_dags/example_dynamic_task_mapping.py
[2023-11-08T14:50:35.159+0000] {processor.py:829} INFO - Processing file /home/airflow/.local/lib/python3.11/site-packages/airflow/example_dags/example_dynamic_task_mapping.py for tasks to queue
[2023-11-08T14:50:35.160+0000] {logging_mixin.py:154} INFO - [2023-11-08T14:50:35.160+0000] {dagbag.py:536} INFO - Filling up the DagBag from /home/airflow/.local/lib/python3.11/site-packages/airflow/example_dags/example_dynamic_task_mapping.py
[2023-11-08T14:50:35.165+0000] {processor.py:839} INFO - DAG(s) dict_keys(['example_dynamic_task_mapping']) retrieved from /home/airflow/.local/lib/python3.11/site-packages/airflow/example_dags/example_dynamic_task_mapping.py
[2023-11-08T14:50:35.180+0000] {logging_mixin.py:154} INFO - [2023-11-08T14:50:35.180+0000] {dag.py:2941} INFO - Sync 1 DAGs
[2023-11-08T14:50:35.196+0000] {logging_mixin.py:154} INFO - [2023-11-08T14:50:35.196+0000] {dag.py:3722} INFO - Setting next_dagrun for example_dynamic_task_mapping to 2022-03-04T00:00:00+00:00, run_after=2022-03-05T00:00:00+00:00
[2023-11-08T14:50:35.215+0000] {processor.py:179} INFO - Processing /home/airflow/.local/lib/python3.11/site-packages/airflow/example_dags/example_dynamic_task_mapping.py took 0.058 seconds
[2023-11-08T14:51:05.464+0000] {processor.py:157} INFO - Started process (PID=5230) to work on /home/airflow/.local/lib/python3.11/site-packages/airflow/example_dags/example_dynamic_task_mapping.py
[2023-11-08T14:51:05.465+0000] {processor.py:829} INFO - Processing file /home/airflow/.local/lib/python3.11/site-packages/airflow/example_dags/example_dynamic_task_mapping.py for tasks to queue
[2023-11-08T14:51:05.466+0000] {logging_mixin.py:154} INFO - [2023-11-08T14:51:05.466+0000] {dagbag.py:536} INFO - Filling up the DagBag from /home/airflow/.local/lib/python3.11/site-packages/airflow/example_dags/example_dynamic_task_mapping.py
[2023-11-08T14:51:05.471+0000] {processor.py:839} INFO - DAG(s) dict_keys(['example_dynamic_task_mapping']) retrieved from /home/airflow/.local/lib/python3.11/site-packages/airflow/example_dags/example_dynamic_task_mapping.py
[2023-11-08T14:51:05.487+0000] {logging_mixin.py:154} INFO - [2023-11-08T14:51:05.486+0000] {dag.py:2941} INFO - Sync 1 DAGs
[2023-11-08T14:51:05.503+0000] {logging_mixin.py:154} INFO - [2023-11-08T14:51:05.503+0000] {dag.py:3722} INFO - Setting next_dagrun for example_dynamic_task_mapping to 2022-03-04T00:00:00+00:00, run_after=2022-03-05T00:00:00+00:00
[2023-11-08T14:51:05.516+0000] {processor.py:179} INFO - Processing /home/airflow/.local/lib/python3.11/site-packages/airflow/example_dags/example_dynamic_task_mapping.py took 0.055 seconds
[2023-11-08T14:51:35.931+0000] {processor.py:157} INFO - Started process (PID=5306) to work on /home/airflow/.local/lib/python3.11/site-packages/airflow/example_dags/example_dynamic_task_mapping.py
[2023-11-08T14:51:35.932+0000] {processor.py:829} INFO - Processing file /home/airflow/.local/lib/python3.11/site-packages/airflow/example_dags/example_dynamic_task_mapping.py for tasks to queue
[2023-11-08T14:51:35.933+0000] {logging_mixin.py:154} INFO - [2023-11-08T14:51:35.933+0000] {dagbag.py:536} INFO - Filling up the DagBag from /home/airflow/.local/lib/python3.11/site-packages/airflow/example_dags/example_dynamic_task_mapping.py
[2023-11-08T14:51:35.939+0000] {processor.py:839} INFO - DAG(s) dict_keys(['example_dynamic_task_mapping']) retrieved from /home/airflow/.local/lib/python3.11/site-packages/airflow/example_dags/example_dynamic_task_mapping.py
[2023-11-08T14:51:35.957+0000] {logging_mixin.py:154} INFO - [2023-11-08T14:51:35.957+0000] {dag.py:2941} INFO - Sync 1 DAGs
[2023-11-08T14:51:35.979+0000] {logging_mixin.py:154} INFO - [2023-11-08T14:51:35.979+0000] {dag.py:3722} INFO - Setting next_dagrun for example_dynamic_task_mapping to 2022-03-04T00:00:00+00:00, run_after=2022-03-05T00:00:00+00:00
[2023-11-08T14:51:35.996+0000] {processor.py:179} INFO - Processing /home/airflow/.local/lib/python3.11/site-packages/airflow/example_dags/example_dynamic_task_mapping.py took 0.067 seconds
[2023-11-08T14:52:06.076+0000] {processor.py:157} INFO - Started process (PID=5382) to work on /home/airflow/.local/lib/python3.11/site-packages/airflow/example_dags/example_dynamic_task_mapping.py
[2023-11-08T14:52:06.077+0000] {processor.py:829} INFO - Processing file /home/airflow/.local/lib/python3.11/site-packages/airflow/example_dags/example_dynamic_task_mapping.py for tasks to queue
[2023-11-08T14:52:06.078+0000] {logging_mixin.py:154} INFO - [2023-11-08T14:52:06.078+0000] {dagbag.py:536} INFO - Filling up the DagBag from /home/airflow/.local/lib/python3.11/site-packages/airflow/example_dags/example_dynamic_task_mapping.py
[2023-11-08T14:52:06.084+0000] {processor.py:839} INFO - DAG(s) dict_keys(['example_dynamic_task_mapping']) retrieved from /home/airflow/.local/lib/python3.11/site-packages/airflow/example_dags/example_dynamic_task_mapping.py
[2023-11-08T14:52:06.098+0000] {logging_mixin.py:154} INFO - [2023-11-08T14:52:06.098+0000] {dag.py:2941} INFO - Sync 1 DAGs
[2023-11-08T14:52:06.115+0000] {logging_mixin.py:154} INFO - [2023-11-08T14:52:06.114+0000] {dag.py:3722} INFO - Setting next_dagrun for example_dynamic_task_mapping to 2022-03-04T00:00:00+00:00, run_after=2022-03-05T00:00:00+00:00
[2023-11-08T14:52:06.128+0000] {processor.py:179} INFO - Processing /home/airflow/.local/lib/python3.11/site-packages/airflow/example_dags/example_dynamic_task_mapping.py took 0.054 seconds
