[2023-11-08T14:16:22.069+0000] {processor.py:157} INFO - Started process (PID=81) to work on /home/airflow/.local/lib/python3.11/site-packages/airflow/example_dags/example_branch_operator.py
[2023-11-08T14:16:22.074+0000] {processor.py:829} INFO - Processing file /home/airflow/.local/lib/python3.11/site-packages/airflow/example_dags/example_branch_operator.py for tasks to queue
[2023-11-08T14:16:22.081+0000] {logging_mixin.py:154} INFO - [2023-11-08T14:16:22.080+0000] {dagbag.py:536} INFO - Filling up the DagBag from /home/airflow/.local/lib/python3.11/site-packages/airflow/example_dags/example_branch_operator.py
[2023-11-08T14:16:22.122+0000] {processor.py:839} INFO - DAG(s) dict_keys(['example_branch_operator']) retrieved from /home/airflow/.local/lib/python3.11/site-packages/airflow/example_dags/example_branch_operator.py
[2023-11-08T14:16:22.616+0000] {logging_mixin.py:154} INFO - [2023-11-08T14:16:22.616+0000] {manager.py:499} INFO - Created Permission View: %s
[2023-11-08T14:16:22.651+0000] {logging_mixin.py:154} INFO - [2023-11-08T14:16:22.651+0000] {manager.py:499} INFO - Created Permission View: %s
[2023-11-08T14:16:22.678+0000] {logging_mixin.py:154} INFO - [2023-11-08T14:16:22.677+0000] {manager.py:499} INFO - Created Permission View: %s
[2023-11-08T14:16:22.682+0000] {logging_mixin.py:154} INFO - [2023-11-08T14:16:22.681+0000] {dag.py:2941} INFO - Sync 1 DAGs
[2023-11-08T14:16:22.719+0000] {logging_mixin.py:154} INFO - [2023-11-08T14:16:22.719+0000] {dag.py:2963} INFO - Creating ORM DAG for example_branch_operator
[2023-11-08T14:16:22.764+0000] {logging_mixin.py:154} INFO - [2023-11-08T14:16:22.764+0000] {dag.py:3722} INFO - Setting next_dagrun for example_branch_operator to 2023-11-07T00:00:00+00:00, run_after=2023-11-08T00:00:00+00:00
[2023-11-08T14:16:22.844+0000] {processor.py:179} INFO - Processing /home/airflow/.local/lib/python3.11/site-packages/airflow/example_dags/example_branch_operator.py took 0.783 seconds
[2023-11-08T14:16:53.194+0000] {processor.py:157} INFO - Started process (PID=157) to work on /home/airflow/.local/lib/python3.11/site-packages/airflow/example_dags/example_branch_operator.py
[2023-11-08T14:16:53.195+0000] {processor.py:829} INFO - Processing file /home/airflow/.local/lib/python3.11/site-packages/airflow/example_dags/example_branch_operator.py for tasks to queue
[2023-11-08T14:16:53.199+0000] {logging_mixin.py:154} INFO - [2023-11-08T14:16:53.198+0000] {dagbag.py:536} INFO - Filling up the DagBag from /home/airflow/.local/lib/python3.11/site-packages/airflow/example_dags/example_branch_operator.py
[2023-11-08T14:16:53.220+0000] {processor.py:839} INFO - DAG(s) dict_keys(['example_branch_operator']) retrieved from /home/airflow/.local/lib/python3.11/site-packages/airflow/example_dags/example_branch_operator.py
[2023-11-08T14:16:53.258+0000] {logging_mixin.py:154} INFO - [2023-11-08T14:16:53.258+0000] {dag.py:2941} INFO - Sync 1 DAGs
[2023-11-08T14:16:53.306+0000] {logging_mixin.py:154} INFO - [2023-11-08T14:16:53.305+0000] {dag.py:3722} INFO - Setting next_dagrun for example_branch_operator to 2023-11-07T00:00:00+00:00, run_after=2023-11-08T00:00:00+00:00
[2023-11-08T14:16:53.344+0000] {processor.py:179} INFO - Processing /home/airflow/.local/lib/python3.11/site-packages/airflow/example_dags/example_branch_operator.py took 0.154 seconds
[2023-11-08T14:17:23.765+0000] {processor.py:157} INFO - Started process (PID=233) to work on /home/airflow/.local/lib/python3.11/site-packages/airflow/example_dags/example_branch_operator.py
[2023-11-08T14:17:23.767+0000] {processor.py:829} INFO - Processing file /home/airflow/.local/lib/python3.11/site-packages/airflow/example_dags/example_branch_operator.py for tasks to queue
[2023-11-08T14:17:23.770+0000] {logging_mixin.py:154} INFO - [2023-11-08T14:17:23.769+0000] {dagbag.py:536} INFO - Filling up the DagBag from /home/airflow/.local/lib/python3.11/site-packages/airflow/example_dags/example_branch_operator.py
[2023-11-08T14:17:23.785+0000] {processor.py:839} INFO - DAG(s) dict_keys(['example_branch_operator']) retrieved from /home/airflow/.local/lib/python3.11/site-packages/airflow/example_dags/example_branch_operator.py
[2023-11-08T14:17:23.825+0000] {logging_mixin.py:154} INFO - [2023-11-08T14:17:23.824+0000] {dag.py:2941} INFO - Sync 1 DAGs
[2023-11-08T14:17:23.866+0000] {logging_mixin.py:154} INFO - [2023-11-08T14:17:23.866+0000] {dag.py:3722} INFO - Setting next_dagrun for example_branch_operator to 2023-11-07T00:00:00+00:00, run_after=2023-11-08T00:00:00+00:00
[2023-11-08T14:17:23.916+0000] {processor.py:179} INFO - Processing /home/airflow/.local/lib/python3.11/site-packages/airflow/example_dags/example_branch_operator.py took 0.156 seconds
[2023-11-08T14:17:54.934+0000] {processor.py:157} INFO - Started process (PID=309) to work on /home/airflow/.local/lib/python3.11/site-packages/airflow/example_dags/example_branch_operator.py
[2023-11-08T14:17:54.936+0000] {processor.py:829} INFO - Processing file /home/airflow/.local/lib/python3.11/site-packages/airflow/example_dags/example_branch_operator.py for tasks to queue
[2023-11-08T14:17:54.939+0000] {logging_mixin.py:154} INFO - [2023-11-08T14:17:54.938+0000] {dagbag.py:536} INFO - Filling up the DagBag from /home/airflow/.local/lib/python3.11/site-packages/airflow/example_dags/example_branch_operator.py
[2023-11-08T14:17:54.954+0000] {processor.py:839} INFO - DAG(s) dict_keys(['example_branch_operator']) retrieved from /home/airflow/.local/lib/python3.11/site-packages/airflow/example_dags/example_branch_operator.py
[2023-11-08T14:17:55.023+0000] {logging_mixin.py:154} INFO - [2023-11-08T14:17:55.022+0000] {dag.py:2941} INFO - Sync 1 DAGs
[2023-11-08T14:17:55.089+0000] {logging_mixin.py:154} INFO - [2023-11-08T14:17:55.088+0000] {dag.py:3722} INFO - Setting next_dagrun for example_branch_operator to 2023-11-07T00:00:00+00:00, run_after=2023-11-08T00:00:00+00:00
[2023-11-08T14:17:55.126+0000] {processor.py:179} INFO - Processing /home/airflow/.local/lib/python3.11/site-packages/airflow/example_dags/example_branch_operator.py took 0.197 seconds
[2023-11-08T14:18:25.638+0000] {processor.py:157} INFO - Started process (PID=392) to work on /home/airflow/.local/lib/python3.11/site-packages/airflow/example_dags/example_branch_operator.py
[2023-11-08T14:18:25.640+0000] {processor.py:829} INFO - Processing file /home/airflow/.local/lib/python3.11/site-packages/airflow/example_dags/example_branch_operator.py for tasks to queue
[2023-11-08T14:18:25.647+0000] {logging_mixin.py:154} INFO - [2023-11-08T14:18:25.646+0000] {dagbag.py:536} INFO - Filling up the DagBag from /home/airflow/.local/lib/python3.11/site-packages/airflow/example_dags/example_branch_operator.py
[2023-11-08T14:18:25.677+0000] {processor.py:839} INFO - DAG(s) dict_keys(['example_branch_operator']) retrieved from /home/airflow/.local/lib/python3.11/site-packages/airflow/example_dags/example_branch_operator.py
[2023-11-08T14:18:25.770+0000] {logging_mixin.py:154} INFO - [2023-11-08T14:18:25.769+0000] {dag.py:2941} INFO - Sync 1 DAGs
[2023-11-08T14:18:25.883+0000] {logging_mixin.py:154} INFO - [2023-11-08T14:18:25.882+0000] {dag.py:3722} INFO - Setting next_dagrun for example_branch_operator to 2023-11-07T00:00:00+00:00, run_after=2023-11-08T00:00:00+00:00
[2023-11-08T14:18:25.936+0000] {processor.py:179} INFO - Processing /home/airflow/.local/lib/python3.11/site-packages/airflow/example_dags/example_branch_operator.py took 0.306 seconds
[2023-11-08T14:18:56.612+0000] {processor.py:157} INFO - Started process (PID=468) to work on /home/airflow/.local/lib/python3.11/site-packages/airflow/example_dags/example_branch_operator.py
[2023-11-08T14:18:56.617+0000] {processor.py:829} INFO - Processing file /home/airflow/.local/lib/python3.11/site-packages/airflow/example_dags/example_branch_operator.py for tasks to queue
[2023-11-08T14:18:56.626+0000] {logging_mixin.py:154} INFO - [2023-11-08T14:18:56.626+0000] {dagbag.py:536} INFO - Filling up the DagBag from /home/airflow/.local/lib/python3.11/site-packages/airflow/example_dags/example_branch_operator.py
[2023-11-08T14:18:56.703+0000] {processor.py:839} INFO - DAG(s) dict_keys(['example_branch_operator']) retrieved from /home/airflow/.local/lib/python3.11/site-packages/airflow/example_dags/example_branch_operator.py
[2023-11-08T14:18:56.800+0000] {logging_mixin.py:154} INFO - [2023-11-08T14:18:56.799+0000] {dag.py:2941} INFO - Sync 1 DAGs
[2023-11-08T14:18:56.913+0000] {logging_mixin.py:154} INFO - [2023-11-08T14:18:56.913+0000] {dag.py:3722} INFO - Setting next_dagrun for example_branch_operator to 2023-11-07T00:00:00+00:00, run_after=2023-11-08T00:00:00+00:00
[2023-11-08T14:18:56.977+0000] {processor.py:179} INFO - Processing /home/airflow/.local/lib/python3.11/site-packages/airflow/example_dags/example_branch_operator.py took 0.384 seconds
[2023-11-08T14:19:37.156+0000] {processor.py:157} INFO - Started process (PID=544) to work on /home/airflow/.local/lib/python3.11/site-packages/airflow/example_dags/example_branch_operator.py
[2023-11-08T14:19:37.158+0000] {processor.py:829} INFO - Processing file /home/airflow/.local/lib/python3.11/site-packages/airflow/example_dags/example_branch_operator.py for tasks to queue
[2023-11-08T14:19:37.166+0000] {logging_mixin.py:154} INFO - [2023-11-08T14:19:37.165+0000] {dagbag.py:536} INFO - Filling up the DagBag from /home/airflow/.local/lib/python3.11/site-packages/airflow/example_dags/example_branch_operator.py
[2023-11-08T14:19:37.195+0000] {processor.py:839} INFO - DAG(s) dict_keys(['example_branch_operator']) retrieved from /home/airflow/.local/lib/python3.11/site-packages/airflow/example_dags/example_branch_operator.py
[2023-11-08T14:19:37.283+0000] {logging_mixin.py:154} INFO - [2023-11-08T14:19:37.282+0000] {dag.py:2941} INFO - Sync 1 DAGs
[2023-11-08T14:19:37.411+0000] {logging_mixin.py:154} INFO - [2023-11-08T14:19:37.410+0000] {dag.py:3722} INFO - Setting next_dagrun for example_branch_operator to 2023-11-07T00:00:00+00:00, run_after=2023-11-08T00:00:00+00:00
[2023-11-08T14:19:37.484+0000] {processor.py:179} INFO - Processing /home/airflow/.local/lib/python3.11/site-packages/airflow/example_dags/example_branch_operator.py took 0.335 seconds
[2023-11-08T14:20:08.333+0000] {processor.py:157} INFO - Started process (PID=621) to work on /home/airflow/.local/lib/python3.11/site-packages/airflow/example_dags/example_branch_operator.py
[2023-11-08T14:20:08.335+0000] {processor.py:829} INFO - Processing file /home/airflow/.local/lib/python3.11/site-packages/airflow/example_dags/example_branch_operator.py for tasks to queue
[2023-11-08T14:20:08.339+0000] {logging_mixin.py:154} INFO - [2023-11-08T14:20:08.338+0000] {dagbag.py:536} INFO - Filling up the DagBag from /home/airflow/.local/lib/python3.11/site-packages/airflow/example_dags/example_branch_operator.py
[2023-11-08T14:20:08.361+0000] {processor.py:839} INFO - DAG(s) dict_keys(['example_branch_operator']) retrieved from /home/airflow/.local/lib/python3.11/site-packages/airflow/example_dags/example_branch_operator.py
[2023-11-08T14:20:08.434+0000] {logging_mixin.py:154} INFO - [2023-11-08T14:20:08.434+0000] {dag.py:2941} INFO - Sync 1 DAGs
[2023-11-08T14:20:08.494+0000] {logging_mixin.py:154} INFO - [2023-11-08T14:20:08.494+0000] {dag.py:3722} INFO - Setting next_dagrun for example_branch_operator to 2023-11-07T00:00:00+00:00, run_after=2023-11-08T00:00:00+00:00
[2023-11-08T14:20:08.541+0000] {processor.py:179} INFO - Processing /home/airflow/.local/lib/python3.11/site-packages/airflow/example_dags/example_branch_operator.py took 0.214 seconds
[2023-11-08T14:20:38.995+0000] {processor.py:157} INFO - Started process (PID=697) to work on /home/airflow/.local/lib/python3.11/site-packages/airflow/example_dags/example_branch_operator.py
[2023-11-08T14:20:38.997+0000] {processor.py:829} INFO - Processing file /home/airflow/.local/lib/python3.11/site-packages/airflow/example_dags/example_branch_operator.py for tasks to queue
[2023-11-08T14:20:39.001+0000] {logging_mixin.py:154} INFO - [2023-11-08T14:20:39.001+0000] {dagbag.py:536} INFO - Filling up the DagBag from /home/airflow/.local/lib/python3.11/site-packages/airflow/example_dags/example_branch_operator.py
[2023-11-08T14:20:39.035+0000] {processor.py:839} INFO - DAG(s) dict_keys(['example_branch_operator']) retrieved from /home/airflow/.local/lib/python3.11/site-packages/airflow/example_dags/example_branch_operator.py
[2023-11-08T14:20:39.101+0000] {logging_mixin.py:154} INFO - [2023-11-08T14:20:39.100+0000] {dag.py:2941} INFO - Sync 1 DAGs
[2023-11-08T14:20:39.178+0000] {logging_mixin.py:154} INFO - [2023-11-08T14:20:39.177+0000] {dag.py:3722} INFO - Setting next_dagrun for example_branch_operator to 2023-11-07T00:00:00+00:00, run_after=2023-11-08T00:00:00+00:00
[2023-11-08T14:20:39.233+0000] {processor.py:179} INFO - Processing /home/airflow/.local/lib/python3.11/site-packages/airflow/example_dags/example_branch_operator.py took 0.245 seconds
[2023-11-08T14:21:09.331+0000] {processor.py:157} INFO - Started process (PID=771) to work on /home/airflow/.local/lib/python3.11/site-packages/airflow/example_dags/example_branch_operator.py
[2023-11-08T14:21:09.333+0000] {processor.py:829} INFO - Processing file /home/airflow/.local/lib/python3.11/site-packages/airflow/example_dags/example_branch_operator.py for tasks to queue
[2023-11-08T14:21:09.338+0000] {logging_mixin.py:154} INFO - [2023-11-08T14:21:09.337+0000] {dagbag.py:536} INFO - Filling up the DagBag from /home/airflow/.local/lib/python3.11/site-packages/airflow/example_dags/example_branch_operator.py
[2023-11-08T14:21:09.372+0000] {processor.py:839} INFO - DAG(s) dict_keys(['example_branch_operator']) retrieved from /home/airflow/.local/lib/python3.11/site-packages/airflow/example_dags/example_branch_operator.py
[2023-11-08T14:21:09.441+0000] {logging_mixin.py:154} INFO - [2023-11-08T14:21:09.441+0000] {dag.py:2941} INFO - Sync 1 DAGs
[2023-11-08T14:21:09.539+0000] {logging_mixin.py:154} INFO - [2023-11-08T14:21:09.538+0000] {dag.py:3722} INFO - Setting next_dagrun for example_branch_operator to 2023-11-07T00:00:00+00:00, run_after=2023-11-08T00:00:00+00:00
[2023-11-08T14:21:09.601+0000] {processor.py:179} INFO - Processing /home/airflow/.local/lib/python3.11/site-packages/airflow/example_dags/example_branch_operator.py took 0.282 seconds
[2023-11-08T14:21:39.689+0000] {processor.py:157} INFO - Started process (PID=846) to work on /home/airflow/.local/lib/python3.11/site-packages/airflow/example_dags/example_branch_operator.py
[2023-11-08T14:21:39.691+0000] {processor.py:829} INFO - Processing file /home/airflow/.local/lib/python3.11/site-packages/airflow/example_dags/example_branch_operator.py for tasks to queue
[2023-11-08T14:21:39.694+0000] {logging_mixin.py:154} INFO - [2023-11-08T14:21:39.694+0000] {dagbag.py:536} INFO - Filling up the DagBag from /home/airflow/.local/lib/python3.11/site-packages/airflow/example_dags/example_branch_operator.py
[2023-11-08T14:21:39.715+0000] {processor.py:839} INFO - DAG(s) dict_keys(['example_branch_operator']) retrieved from /home/airflow/.local/lib/python3.11/site-packages/airflow/example_dags/example_branch_operator.py
[2023-11-08T14:21:39.776+0000] {logging_mixin.py:154} INFO - [2023-11-08T14:21:39.773+0000] {dag.py:2941} INFO - Sync 1 DAGs
[2023-11-08T14:21:39.828+0000] {logging_mixin.py:154} INFO - [2023-11-08T14:21:39.827+0000] {dag.py:3722} INFO - Setting next_dagrun for example_branch_operator to 2023-11-07T00:00:00+00:00, run_after=2023-11-08T00:00:00+00:00
[2023-11-08T14:21:39.869+0000] {processor.py:179} INFO - Processing /home/airflow/.local/lib/python3.11/site-packages/airflow/example_dags/example_branch_operator.py took 0.185 seconds
[2023-11-08T14:22:10.708+0000] {processor.py:157} INFO - Started process (PID=923) to work on /home/airflow/.local/lib/python3.11/site-packages/airflow/example_dags/example_branch_operator.py
[2023-11-08T14:22:10.710+0000] {processor.py:829} INFO - Processing file /home/airflow/.local/lib/python3.11/site-packages/airflow/example_dags/example_branch_operator.py for tasks to queue
[2023-11-08T14:22:10.714+0000] {logging_mixin.py:154} INFO - [2023-11-08T14:22:10.713+0000] {dagbag.py:536} INFO - Filling up the DagBag from /home/airflow/.local/lib/python3.11/site-packages/airflow/example_dags/example_branch_operator.py
[2023-11-08T14:22:10.743+0000] {processor.py:839} INFO - DAG(s) dict_keys(['example_branch_operator']) retrieved from /home/airflow/.local/lib/python3.11/site-packages/airflow/example_dags/example_branch_operator.py
[2023-11-08T14:22:10.810+0000] {logging_mixin.py:154} INFO - [2023-11-08T14:22:10.809+0000] {dag.py:2941} INFO - Sync 1 DAGs
[2023-11-08T14:22:10.862+0000] {logging_mixin.py:154} INFO - [2023-11-08T14:22:10.862+0000] {dag.py:3722} INFO - Setting next_dagrun for example_branch_operator to 2023-11-07T00:00:00+00:00, run_after=2023-11-08T00:00:00+00:00
[2023-11-08T14:22:10.894+0000] {processor.py:179} INFO - Processing /home/airflow/.local/lib/python3.11/site-packages/airflow/example_dags/example_branch_operator.py took 0.191 seconds
[2023-11-08T14:22:40.937+0000] {processor.py:157} INFO - Started process (PID=998) to work on /home/airflow/.local/lib/python3.11/site-packages/airflow/example_dags/example_branch_operator.py
[2023-11-08T14:22:40.939+0000] {processor.py:829} INFO - Processing file /home/airflow/.local/lib/python3.11/site-packages/airflow/example_dags/example_branch_operator.py for tasks to queue
[2023-11-08T14:22:40.942+0000] {logging_mixin.py:154} INFO - [2023-11-08T14:22:40.942+0000] {dagbag.py:536} INFO - Filling up the DagBag from /home/airflow/.local/lib/python3.11/site-packages/airflow/example_dags/example_branch_operator.py
[2023-11-08T14:22:40.959+0000] {processor.py:839} INFO - DAG(s) dict_keys(['example_branch_operator']) retrieved from /home/airflow/.local/lib/python3.11/site-packages/airflow/example_dags/example_branch_operator.py
[2023-11-08T14:22:41.000+0000] {logging_mixin.py:154} INFO - [2023-11-08T14:22:40.999+0000] {dag.py:2941} INFO - Sync 1 DAGs
[2023-11-08T14:22:41.045+0000] {logging_mixin.py:154} INFO - [2023-11-08T14:22:41.045+0000] {dag.py:3722} INFO - Setting next_dagrun for example_branch_operator to 2023-11-07T00:00:00+00:00, run_after=2023-11-08T00:00:00+00:00
[2023-11-08T14:22:41.081+0000] {processor.py:179} INFO - Processing /home/airflow/.local/lib/python3.11/site-packages/airflow/example_dags/example_branch_operator.py took 0.149 seconds
[2023-11-08T14:23:11.880+0000] {processor.py:157} INFO - Started process (PID=1075) to work on /home/airflow/.local/lib/python3.11/site-packages/airflow/example_dags/example_branch_operator.py
[2023-11-08T14:23:11.884+0000] {processor.py:829} INFO - Processing file /home/airflow/.local/lib/python3.11/site-packages/airflow/example_dags/example_branch_operator.py for tasks to queue
[2023-11-08T14:23:11.889+0000] {logging_mixin.py:154} INFO - [2023-11-08T14:23:11.888+0000] {dagbag.py:536} INFO - Filling up the DagBag from /home/airflow/.local/lib/python3.11/site-packages/airflow/example_dags/example_branch_operator.py
[2023-11-08T14:23:11.912+0000] {processor.py:839} INFO - DAG(s) dict_keys(['example_branch_operator']) retrieved from /home/airflow/.local/lib/python3.11/site-packages/airflow/example_dags/example_branch_operator.py
[2023-11-08T14:23:11.983+0000] {logging_mixin.py:154} INFO - [2023-11-08T14:23:11.982+0000] {dag.py:2941} INFO - Sync 1 DAGs
[2023-11-08T14:23:12.057+0000] {logging_mixin.py:154} INFO - [2023-11-08T14:23:12.057+0000] {dag.py:3722} INFO - Setting next_dagrun for example_branch_operator to 2023-11-07T00:00:00+00:00, run_after=2023-11-08T00:00:00+00:00
[2023-11-08T14:23:12.127+0000] {processor.py:179} INFO - Processing /home/airflow/.local/lib/python3.11/site-packages/airflow/example_dags/example_branch_operator.py took 0.253 seconds
[2023-11-08T14:23:54.371+0000] {processor.py:157} INFO - Started process (PID=1151) to work on /home/airflow/.local/lib/python3.11/site-packages/airflow/example_dags/example_branch_operator.py
[2023-11-08T14:23:54.378+0000] {processor.py:829} INFO - Processing file /home/airflow/.local/lib/python3.11/site-packages/airflow/example_dags/example_branch_operator.py for tasks to queue
[2023-11-08T14:23:54.382+0000] {logging_mixin.py:154} INFO - [2023-11-08T14:23:54.381+0000] {dagbag.py:536} INFO - Filling up the DagBag from /home/airflow/.local/lib/python3.11/site-packages/airflow/example_dags/example_branch_operator.py
[2023-11-08T14:23:54.411+0000] {processor.py:839} INFO - DAG(s) dict_keys(['example_branch_operator']) retrieved from /home/airflow/.local/lib/python3.11/site-packages/airflow/example_dags/example_branch_operator.py
[2023-11-08T14:23:54.721+0000] {logging_mixin.py:154} INFO - [2023-11-08T14:23:54.720+0000] {dag.py:2941} INFO - Sync 1 DAGs
[2023-11-08T14:23:55.167+0000] {logging_mixin.py:154} INFO - [2023-11-08T14:23:55.166+0000] {dag.py:3722} INFO - Setting next_dagrun for example_branch_operator to 2023-11-07T00:00:00+00:00, run_after=2023-11-08T00:00:00+00:00
[2023-11-08T14:23:55.428+0000] {processor.py:179} INFO - Processing /home/airflow/.local/lib/python3.11/site-packages/airflow/example_dags/example_branch_operator.py took 1.069 seconds
[2023-11-08T14:24:30.411+0000] {processor.py:157} INFO - Started process (PID=1227) to work on /home/airflow/.local/lib/python3.11/site-packages/airflow/example_dags/example_branch_operator.py
[2023-11-08T14:24:30.426+0000] {processor.py:829} INFO - Processing file /home/airflow/.local/lib/python3.11/site-packages/airflow/example_dags/example_branch_operator.py for tasks to queue
[2023-11-08T14:24:30.431+0000] {logging_mixin.py:154} INFO - [2023-11-08T14:24:30.430+0000] {dagbag.py:536} INFO - Filling up the DagBag from /home/airflow/.local/lib/python3.11/site-packages/airflow/example_dags/example_branch_operator.py
[2023-11-08T14:24:30.468+0000] {processor.py:839} INFO - DAG(s) dict_keys(['example_branch_operator']) retrieved from /home/airflow/.local/lib/python3.11/site-packages/airflow/example_dags/example_branch_operator.py
[2023-11-08T14:24:30.711+0000] {logging_mixin.py:154} INFO - [2023-11-08T14:24:30.710+0000] {dag.py:2941} INFO - Sync 1 DAGs
[2023-11-08T14:24:30.921+0000] {logging_mixin.py:154} INFO - [2023-11-08T14:24:30.920+0000] {dag.py:3722} INFO - Setting next_dagrun for example_branch_operator to 2023-11-07T00:00:00+00:00, run_after=2023-11-08T00:00:00+00:00
[2023-11-08T14:24:31.083+0000] {processor.py:179} INFO - Processing /home/airflow/.local/lib/python3.11/site-packages/airflow/example_dags/example_branch_operator.py took 0.679 seconds
[2023-11-08T14:25:01.896+0000] {processor.py:157} INFO - Started process (PID=1310) to work on /home/airflow/.local/lib/python3.11/site-packages/airflow/example_dags/example_branch_operator.py
[2023-11-08T14:25:01.898+0000] {processor.py:829} INFO - Processing file /home/airflow/.local/lib/python3.11/site-packages/airflow/example_dags/example_branch_operator.py for tasks to queue
[2023-11-08T14:25:01.901+0000] {logging_mixin.py:154} INFO - [2023-11-08T14:25:01.901+0000] {dagbag.py:536} INFO - Filling up the DagBag from /home/airflow/.local/lib/python3.11/site-packages/airflow/example_dags/example_branch_operator.py
[2023-11-08T14:25:01.919+0000] {processor.py:839} INFO - DAG(s) dict_keys(['example_branch_operator']) retrieved from /home/airflow/.local/lib/python3.11/site-packages/airflow/example_dags/example_branch_operator.py
[2023-11-08T14:25:01.962+0000] {logging_mixin.py:154} INFO - [2023-11-08T14:25:01.961+0000] {dag.py:2941} INFO - Sync 1 DAGs
[2023-11-08T14:25:02.013+0000] {logging_mixin.py:154} INFO - [2023-11-08T14:25:02.013+0000] {dag.py:3722} INFO - Setting next_dagrun for example_branch_operator to 2023-11-07T00:00:00+00:00, run_after=2023-11-08T00:00:00+00:00
[2023-11-08T14:25:02.049+0000] {processor.py:179} INFO - Processing /home/airflow/.local/lib/python3.11/site-packages/airflow/example_dags/example_branch_operator.py took 0.158 seconds
[2023-11-08T14:25:32.652+0000] {processor.py:157} INFO - Started process (PID=1386) to work on /home/airflow/.local/lib/python3.11/site-packages/airflow/example_dags/example_branch_operator.py
[2023-11-08T14:25:32.653+0000] {processor.py:829} INFO - Processing file /home/airflow/.local/lib/python3.11/site-packages/airflow/example_dags/example_branch_operator.py for tasks to queue
[2023-11-08T14:25:32.657+0000] {logging_mixin.py:154} INFO - [2023-11-08T14:25:32.656+0000] {dagbag.py:536} INFO - Filling up the DagBag from /home/airflow/.local/lib/python3.11/site-packages/airflow/example_dags/example_branch_operator.py
[2023-11-08T14:25:32.679+0000] {processor.py:839} INFO - DAG(s) dict_keys(['example_branch_operator']) retrieved from /home/airflow/.local/lib/python3.11/site-packages/airflow/example_dags/example_branch_operator.py
[2023-11-08T14:25:32.722+0000] {logging_mixin.py:154} INFO - [2023-11-08T14:25:32.721+0000] {dag.py:2941} INFO - Sync 1 DAGs
[2023-11-08T14:25:32.776+0000] {logging_mixin.py:154} INFO - [2023-11-08T14:25:32.776+0000] {dag.py:3722} INFO - Setting next_dagrun for example_branch_operator to 2023-11-07T00:00:00+00:00, run_after=2023-11-08T00:00:00+00:00
[2023-11-08T14:25:32.820+0000] {processor.py:179} INFO - Processing /home/airflow/.local/lib/python3.11/site-packages/airflow/example_dags/example_branch_operator.py took 0.173 seconds
[2023-11-08T14:26:03.444+0000] {processor.py:157} INFO - Started process (PID=1462) to work on /home/airflow/.local/lib/python3.11/site-packages/airflow/example_dags/example_branch_operator.py
[2023-11-08T14:26:03.446+0000] {processor.py:829} INFO - Processing file /home/airflow/.local/lib/python3.11/site-packages/airflow/example_dags/example_branch_operator.py for tasks to queue
[2023-11-08T14:26:03.451+0000] {logging_mixin.py:154} INFO - [2023-11-08T14:26:03.450+0000] {dagbag.py:536} INFO - Filling up the DagBag from /home/airflow/.local/lib/python3.11/site-packages/airflow/example_dags/example_branch_operator.py
[2023-11-08T14:26:03.477+0000] {processor.py:839} INFO - DAG(s) dict_keys(['example_branch_operator']) retrieved from /home/airflow/.local/lib/python3.11/site-packages/airflow/example_dags/example_branch_operator.py
[2023-11-08T14:26:03.540+0000] {logging_mixin.py:154} INFO - [2023-11-08T14:26:03.539+0000] {dag.py:2941} INFO - Sync 1 DAGs
[2023-11-08T14:26:03.612+0000] {logging_mixin.py:154} INFO - [2023-11-08T14:26:03.611+0000] {dag.py:3722} INFO - Setting next_dagrun for example_branch_operator to 2023-11-07T00:00:00+00:00, run_after=2023-11-08T00:00:00+00:00
[2023-11-08T14:26:03.662+0000] {processor.py:179} INFO - Processing /home/airflow/.local/lib/python3.11/site-packages/airflow/example_dags/example_branch_operator.py took 0.224 seconds
[2023-11-08T14:26:33.938+0000] {processor.py:157} INFO - Started process (PID=1538) to work on /home/airflow/.local/lib/python3.11/site-packages/airflow/example_dags/example_branch_operator.py
[2023-11-08T14:26:33.940+0000] {processor.py:829} INFO - Processing file /home/airflow/.local/lib/python3.11/site-packages/airflow/example_dags/example_branch_operator.py for tasks to queue
[2023-11-08T14:26:33.943+0000] {logging_mixin.py:154} INFO - [2023-11-08T14:26:33.942+0000] {dagbag.py:536} INFO - Filling up the DagBag from /home/airflow/.local/lib/python3.11/site-packages/airflow/example_dags/example_branch_operator.py
[2023-11-08T14:26:33.962+0000] {processor.py:839} INFO - DAG(s) dict_keys(['example_branch_operator']) retrieved from /home/airflow/.local/lib/python3.11/site-packages/airflow/example_dags/example_branch_operator.py
[2023-11-08T14:26:34.008+0000] {logging_mixin.py:154} INFO - [2023-11-08T14:26:34.007+0000] {dag.py:2941} INFO - Sync 1 DAGs
[2023-11-08T14:26:34.053+0000] {logging_mixin.py:154} INFO - [2023-11-08T14:26:34.053+0000] {dag.py:3722} INFO - Setting next_dagrun for example_branch_operator to 2023-11-07T00:00:00+00:00, run_after=2023-11-08T00:00:00+00:00
[2023-11-08T14:26:34.086+0000] {processor.py:179} INFO - Processing /home/airflow/.local/lib/python3.11/site-packages/airflow/example_dags/example_branch_operator.py took 0.151 seconds
[2023-11-08T14:27:04.336+0000] {processor.py:157} INFO - Started process (PID=1614) to work on /home/airflow/.local/lib/python3.11/site-packages/airflow/example_dags/example_branch_operator.py
[2023-11-08T14:27:04.338+0000] {processor.py:829} INFO - Processing file /home/airflow/.local/lib/python3.11/site-packages/airflow/example_dags/example_branch_operator.py for tasks to queue
[2023-11-08T14:27:04.342+0000] {logging_mixin.py:154} INFO - [2023-11-08T14:27:04.341+0000] {dagbag.py:536} INFO - Filling up the DagBag from /home/airflow/.local/lib/python3.11/site-packages/airflow/example_dags/example_branch_operator.py
[2023-11-08T14:27:04.372+0000] {processor.py:839} INFO - DAG(s) dict_keys(['example_branch_operator']) retrieved from /home/airflow/.local/lib/python3.11/site-packages/airflow/example_dags/example_branch_operator.py
[2023-11-08T14:27:04.443+0000] {logging_mixin.py:154} INFO - [2023-11-08T14:27:04.442+0000] {dag.py:2941} INFO - Sync 1 DAGs
[2023-11-08T14:27:04.504+0000] {logging_mixin.py:154} INFO - [2023-11-08T14:27:04.504+0000] {dag.py:3722} INFO - Setting next_dagrun for example_branch_operator to 2023-11-07T00:00:00+00:00, run_after=2023-11-08T00:00:00+00:00
[2023-11-08T14:27:04.543+0000] {processor.py:179} INFO - Processing /home/airflow/.local/lib/python3.11/site-packages/airflow/example_dags/example_branch_operator.py took 0.216 seconds
[2023-11-08T14:27:34.923+0000] {processor.py:157} INFO - Started process (PID=1690) to work on /home/airflow/.local/lib/python3.11/site-packages/airflow/example_dags/example_branch_operator.py
[2023-11-08T14:27:34.924+0000] {processor.py:829} INFO - Processing file /home/airflow/.local/lib/python3.11/site-packages/airflow/example_dags/example_branch_operator.py for tasks to queue
[2023-11-08T14:27:34.927+0000] {logging_mixin.py:154} INFO - [2023-11-08T14:27:34.926+0000] {dagbag.py:536} INFO - Filling up the DagBag from /home/airflow/.local/lib/python3.11/site-packages/airflow/example_dags/example_branch_operator.py
[2023-11-08T14:27:34.945+0000] {processor.py:839} INFO - DAG(s) dict_keys(['example_branch_operator']) retrieved from /home/airflow/.local/lib/python3.11/site-packages/airflow/example_dags/example_branch_operator.py
[2023-11-08T14:27:34.991+0000] {logging_mixin.py:154} INFO - [2023-11-08T14:27:34.991+0000] {dag.py:2941} INFO - Sync 1 DAGs
[2023-11-08T14:27:35.042+0000] {logging_mixin.py:154} INFO - [2023-11-08T14:27:35.042+0000] {dag.py:3722} INFO - Setting next_dagrun for example_branch_operator to 2023-11-07T00:00:00+00:00, run_after=2023-11-08T00:00:00+00:00
[2023-11-08T14:27:35.074+0000] {processor.py:179} INFO - Processing /home/airflow/.local/lib/python3.11/site-packages/airflow/example_dags/example_branch_operator.py took 0.156 seconds
[2023-11-08T14:28:05.488+0000] {processor.py:157} INFO - Started process (PID=1766) to work on /home/airflow/.local/lib/python3.11/site-packages/airflow/example_dags/example_branch_operator.py
[2023-11-08T14:28:05.492+0000] {processor.py:829} INFO - Processing file /home/airflow/.local/lib/python3.11/site-packages/airflow/example_dags/example_branch_operator.py for tasks to queue
[2023-11-08T14:28:05.497+0000] {logging_mixin.py:154} INFO - [2023-11-08T14:28:05.497+0000] {dagbag.py:536} INFO - Filling up the DagBag from /home/airflow/.local/lib/python3.11/site-packages/airflow/example_dags/example_branch_operator.py
[2023-11-08T14:28:05.523+0000] {processor.py:839} INFO - DAG(s) dict_keys(['example_branch_operator']) retrieved from /home/airflow/.local/lib/python3.11/site-packages/airflow/example_dags/example_branch_operator.py
[2023-11-08T14:28:05.604+0000] {logging_mixin.py:154} INFO - [2023-11-08T14:28:05.603+0000] {dag.py:2941} INFO - Sync 1 DAGs
[2023-11-08T14:28:05.736+0000] {logging_mixin.py:154} INFO - [2023-11-08T14:28:05.735+0000] {dag.py:3722} INFO - Setting next_dagrun for example_branch_operator to 2023-11-07T00:00:00+00:00, run_after=2023-11-08T00:00:00+00:00
[2023-11-08T14:28:05.813+0000] {processor.py:179} INFO - Processing /home/airflow/.local/lib/python3.11/site-packages/airflow/example_dags/example_branch_operator.py took 0.333 seconds
[2023-11-08T14:28:35.880+0000] {processor.py:157} INFO - Started process (PID=1842) to work on /home/airflow/.local/lib/python3.11/site-packages/airflow/example_dags/example_branch_operator.py
[2023-11-08T14:28:35.881+0000] {processor.py:829} INFO - Processing file /home/airflow/.local/lib/python3.11/site-packages/airflow/example_dags/example_branch_operator.py for tasks to queue
[2023-11-08T14:28:35.887+0000] {logging_mixin.py:154} INFO - [2023-11-08T14:28:35.886+0000] {dagbag.py:536} INFO - Filling up the DagBag from /home/airflow/.local/lib/python3.11/site-packages/airflow/example_dags/example_branch_operator.py
[2023-11-08T14:28:35.916+0000] {processor.py:839} INFO - DAG(s) dict_keys(['example_branch_operator']) retrieved from /home/airflow/.local/lib/python3.11/site-packages/airflow/example_dags/example_branch_operator.py
[2023-11-08T14:28:36.016+0000] {logging_mixin.py:154} INFO - [2023-11-08T14:28:36.016+0000] {dag.py:2941} INFO - Sync 1 DAGs
[2023-11-08T14:28:36.113+0000] {logging_mixin.py:154} INFO - [2023-11-08T14:28:36.113+0000] {dag.py:3722} INFO - Setting next_dagrun for example_branch_operator to 2023-11-07T00:00:00+00:00, run_after=2023-11-08T00:00:00+00:00
[2023-11-08T14:28:36.180+0000] {processor.py:179} INFO - Processing /home/airflow/.local/lib/python3.11/site-packages/airflow/example_dags/example_branch_operator.py took 0.314 seconds
[2023-11-08T14:29:06.570+0000] {processor.py:157} INFO - Started process (PID=1918) to work on /home/airflow/.local/lib/python3.11/site-packages/airflow/example_dags/example_branch_operator.py
[2023-11-08T14:29:06.571+0000] {processor.py:829} INFO - Processing file /home/airflow/.local/lib/python3.11/site-packages/airflow/example_dags/example_branch_operator.py for tasks to queue
[2023-11-08T14:29:06.574+0000] {logging_mixin.py:154} INFO - [2023-11-08T14:29:06.574+0000] {dagbag.py:536} INFO - Filling up the DagBag from /home/airflow/.local/lib/python3.11/site-packages/airflow/example_dags/example_branch_operator.py
[2023-11-08T14:29:06.588+0000] {processor.py:839} INFO - DAG(s) dict_keys(['example_branch_operator']) retrieved from /home/airflow/.local/lib/python3.11/site-packages/airflow/example_dags/example_branch_operator.py
[2023-11-08T14:29:06.623+0000] {logging_mixin.py:154} INFO - [2023-11-08T14:29:06.623+0000] {dag.py:2941} INFO - Sync 1 DAGs
[2023-11-08T14:29:06.664+0000] {logging_mixin.py:154} INFO - [2023-11-08T14:29:06.664+0000] {dag.py:3722} INFO - Setting next_dagrun for example_branch_operator to 2023-11-07T00:00:00+00:00, run_after=2023-11-08T00:00:00+00:00
[2023-11-08T14:29:06.698+0000] {processor.py:179} INFO - Processing /home/airflow/.local/lib/python3.11/site-packages/airflow/example_dags/example_branch_operator.py took 0.133 seconds
[2023-11-08T14:29:37.434+0000] {processor.py:157} INFO - Started process (PID=1994) to work on /home/airflow/.local/lib/python3.11/site-packages/airflow/example_dags/example_branch_operator.py
[2023-11-08T14:29:37.435+0000] {processor.py:829} INFO - Processing file /home/airflow/.local/lib/python3.11/site-packages/airflow/example_dags/example_branch_operator.py for tasks to queue
[2023-11-08T14:29:37.440+0000] {logging_mixin.py:154} INFO - [2023-11-08T14:29:37.439+0000] {dagbag.py:536} INFO - Filling up the DagBag from /home/airflow/.local/lib/python3.11/site-packages/airflow/example_dags/example_branch_operator.py
[2023-11-08T14:29:37.459+0000] {processor.py:839} INFO - DAG(s) dict_keys(['example_branch_operator']) retrieved from /home/airflow/.local/lib/python3.11/site-packages/airflow/example_dags/example_branch_operator.py
[2023-11-08T14:29:37.497+0000] {logging_mixin.py:154} INFO - [2023-11-08T14:29:37.497+0000] {dag.py:2941} INFO - Sync 1 DAGs
[2023-11-08T14:29:37.542+0000] {logging_mixin.py:154} INFO - [2023-11-08T14:29:37.542+0000] {dag.py:3722} INFO - Setting next_dagrun for example_branch_operator to 2023-11-07T00:00:00+00:00, run_after=2023-11-08T00:00:00+00:00
[2023-11-08T14:29:37.575+0000] {processor.py:179} INFO - Processing /home/airflow/.local/lib/python3.11/site-packages/airflow/example_dags/example_branch_operator.py took 0.147 seconds
[2023-11-08T14:30:07.770+0000] {processor.py:157} INFO - Started process (PID=2070) to work on /home/airflow/.local/lib/python3.11/site-packages/airflow/example_dags/example_branch_operator.py
[2023-11-08T14:30:07.771+0000] {processor.py:829} INFO - Processing file /home/airflow/.local/lib/python3.11/site-packages/airflow/example_dags/example_branch_operator.py for tasks to queue
[2023-11-08T14:30:07.775+0000] {logging_mixin.py:154} INFO - [2023-11-08T14:30:07.774+0000] {dagbag.py:536} INFO - Filling up the DagBag from /home/airflow/.local/lib/python3.11/site-packages/airflow/example_dags/example_branch_operator.py
[2023-11-08T14:30:07.793+0000] {processor.py:839} INFO - DAG(s) dict_keys(['example_branch_operator']) retrieved from /home/airflow/.local/lib/python3.11/site-packages/airflow/example_dags/example_branch_operator.py
[2023-11-08T14:30:07.831+0000] {logging_mixin.py:154} INFO - [2023-11-08T14:30:07.831+0000] {dag.py:2941} INFO - Sync 1 DAGs
[2023-11-08T14:30:07.875+0000] {logging_mixin.py:154} INFO - [2023-11-08T14:30:07.875+0000] {dag.py:3722} INFO - Setting next_dagrun for example_branch_operator to 2023-11-07T00:00:00+00:00, run_after=2023-11-08T00:00:00+00:00
[2023-11-08T14:30:07.911+0000] {processor.py:179} INFO - Processing /home/airflow/.local/lib/python3.11/site-packages/airflow/example_dags/example_branch_operator.py took 0.146 seconds
[2023-11-08T14:30:38.580+0000] {processor.py:157} INFO - Started process (PID=2147) to work on /home/airflow/.local/lib/python3.11/site-packages/airflow/example_dags/example_branch_operator.py
[2023-11-08T14:30:38.582+0000] {processor.py:829} INFO - Processing file /home/airflow/.local/lib/python3.11/site-packages/airflow/example_dags/example_branch_operator.py for tasks to queue
[2023-11-08T14:30:38.588+0000] {logging_mixin.py:154} INFO - [2023-11-08T14:30:38.587+0000] {dagbag.py:536} INFO - Filling up the DagBag from /home/airflow/.local/lib/python3.11/site-packages/airflow/example_dags/example_branch_operator.py
[2023-11-08T14:30:38.611+0000] {processor.py:839} INFO - DAG(s) dict_keys(['example_branch_operator']) retrieved from /home/airflow/.local/lib/python3.11/site-packages/airflow/example_dags/example_branch_operator.py
[2023-11-08T14:30:38.658+0000] {logging_mixin.py:154} INFO - [2023-11-08T14:30:38.658+0000] {dag.py:2941} INFO - Sync 1 DAGs
[2023-11-08T14:30:38.701+0000] {logging_mixin.py:154} INFO - [2023-11-08T14:30:38.700+0000] {dag.py:3722} INFO - Setting next_dagrun for example_branch_operator to 2023-11-07T00:00:00+00:00, run_after=2023-11-08T00:00:00+00:00
[2023-11-08T14:30:38.735+0000] {processor.py:179} INFO - Processing /home/airflow/.local/lib/python3.11/site-packages/airflow/example_dags/example_branch_operator.py took 0.160 seconds
[2023-11-08T14:31:09.153+0000] {processor.py:157} INFO - Started process (PID=2223) to work on /home/airflow/.local/lib/python3.11/site-packages/airflow/example_dags/example_branch_operator.py
[2023-11-08T14:31:09.154+0000] {processor.py:829} INFO - Processing file /home/airflow/.local/lib/python3.11/site-packages/airflow/example_dags/example_branch_operator.py for tasks to queue
[2023-11-08T14:31:09.158+0000] {logging_mixin.py:154} INFO - [2023-11-08T14:31:09.157+0000] {dagbag.py:536} INFO - Filling up the DagBag from /home/airflow/.local/lib/python3.11/site-packages/airflow/example_dags/example_branch_operator.py
[2023-11-08T14:31:09.173+0000] {processor.py:839} INFO - DAG(s) dict_keys(['example_branch_operator']) retrieved from /home/airflow/.local/lib/python3.11/site-packages/airflow/example_dags/example_branch_operator.py
[2023-11-08T14:31:09.252+0000] {logging_mixin.py:154} INFO - [2023-11-08T14:31:09.242+0000] {dag.py:2941} INFO - Sync 1 DAGs
[2023-11-08T14:31:09.312+0000] {logging_mixin.py:154} INFO - [2023-11-08T14:31:09.311+0000] {dag.py:3722} INFO - Setting next_dagrun for example_branch_operator to 2023-11-07T00:00:00+00:00, run_after=2023-11-08T00:00:00+00:00
[2023-11-08T14:31:09.353+0000] {processor.py:179} INFO - Processing /home/airflow/.local/lib/python3.11/site-packages/airflow/example_dags/example_branch_operator.py took 0.207 seconds
[2023-11-08T14:31:39.796+0000] {processor.py:157} INFO - Started process (PID=2299) to work on /home/airflow/.local/lib/python3.11/site-packages/airflow/example_dags/example_branch_operator.py
[2023-11-08T14:31:39.797+0000] {processor.py:829} INFO - Processing file /home/airflow/.local/lib/python3.11/site-packages/airflow/example_dags/example_branch_operator.py for tasks to queue
[2023-11-08T14:31:39.800+0000] {logging_mixin.py:154} INFO - [2023-11-08T14:31:39.800+0000] {dagbag.py:536} INFO - Filling up the DagBag from /home/airflow/.local/lib/python3.11/site-packages/airflow/example_dags/example_branch_operator.py
[2023-11-08T14:31:39.814+0000] {processor.py:839} INFO - DAG(s) dict_keys(['example_branch_operator']) retrieved from /home/airflow/.local/lib/python3.11/site-packages/airflow/example_dags/example_branch_operator.py
[2023-11-08T14:31:39.855+0000] {logging_mixin.py:154} INFO - [2023-11-08T14:31:39.855+0000] {dag.py:2941} INFO - Sync 1 DAGs
[2023-11-08T14:31:39.900+0000] {logging_mixin.py:154} INFO - [2023-11-08T14:31:39.900+0000] {dag.py:3722} INFO - Setting next_dagrun for example_branch_operator to 2023-11-07T00:00:00+00:00, run_after=2023-11-08T00:00:00+00:00
[2023-11-08T14:31:39.930+0000] {processor.py:179} INFO - Processing /home/airflow/.local/lib/python3.11/site-packages/airflow/example_dags/example_branch_operator.py took 0.138 seconds
[2023-11-08T14:32:10.148+0000] {processor.py:157} INFO - Started process (PID=2375) to work on /home/airflow/.local/lib/python3.11/site-packages/airflow/example_dags/example_branch_operator.py
[2023-11-08T14:32:10.149+0000] {processor.py:829} INFO - Processing file /home/airflow/.local/lib/python3.11/site-packages/airflow/example_dags/example_branch_operator.py for tasks to queue
[2023-11-08T14:32:10.152+0000] {logging_mixin.py:154} INFO - [2023-11-08T14:32:10.152+0000] {dagbag.py:536} INFO - Filling up the DagBag from /home/airflow/.local/lib/python3.11/site-packages/airflow/example_dags/example_branch_operator.py
[2023-11-08T14:32:10.166+0000] {processor.py:839} INFO - DAG(s) dict_keys(['example_branch_operator']) retrieved from /home/airflow/.local/lib/python3.11/site-packages/airflow/example_dags/example_branch_operator.py
[2023-11-08T14:32:10.205+0000] {logging_mixin.py:154} INFO - [2023-11-08T14:32:10.205+0000] {dag.py:2941} INFO - Sync 1 DAGs
[2023-11-08T14:32:10.248+0000] {logging_mixin.py:154} INFO - [2023-11-08T14:32:10.248+0000] {dag.py:3722} INFO - Setting next_dagrun for example_branch_operator to 2023-11-07T00:00:00+00:00, run_after=2023-11-08T00:00:00+00:00
[2023-11-08T14:32:10.283+0000] {processor.py:179} INFO - Processing /home/airflow/.local/lib/python3.11/site-packages/airflow/example_dags/example_branch_operator.py took 0.140 seconds
[2023-11-08T14:32:40.629+0000] {processor.py:157} INFO - Started process (PID=2451) to work on /home/airflow/.local/lib/python3.11/site-packages/airflow/example_dags/example_branch_operator.py
[2023-11-08T14:32:40.631+0000] {processor.py:829} INFO - Processing file /home/airflow/.local/lib/python3.11/site-packages/airflow/example_dags/example_branch_operator.py for tasks to queue
[2023-11-08T14:32:40.636+0000] {logging_mixin.py:154} INFO - [2023-11-08T14:32:40.635+0000] {dagbag.py:536} INFO - Filling up the DagBag from /home/airflow/.local/lib/python3.11/site-packages/airflow/example_dags/example_branch_operator.py
[2023-11-08T14:32:40.668+0000] {processor.py:839} INFO - DAG(s) dict_keys(['example_branch_operator']) retrieved from /home/airflow/.local/lib/python3.11/site-packages/airflow/example_dags/example_branch_operator.py
[2023-11-08T14:32:40.730+0000] {logging_mixin.py:154} INFO - [2023-11-08T14:32:40.730+0000] {dag.py:2941} INFO - Sync 1 DAGs
[2023-11-08T14:32:40.810+0000] {logging_mixin.py:154} INFO - [2023-11-08T14:32:40.810+0000] {dag.py:3722} INFO - Setting next_dagrun for example_branch_operator to 2023-11-07T00:00:00+00:00, run_after=2023-11-08T00:00:00+00:00
[2023-11-08T14:32:40.843+0000] {processor.py:179} INFO - Processing /home/airflow/.local/lib/python3.11/site-packages/airflow/example_dags/example_branch_operator.py took 0.223 seconds
[2023-11-08T14:33:11.079+0000] {processor.py:157} INFO - Started process (PID=2525) to work on /home/airflow/.local/lib/python3.11/site-packages/airflow/example_dags/example_branch_operator.py
[2023-11-08T14:33:11.086+0000] {processor.py:829} INFO - Processing file /home/airflow/.local/lib/python3.11/site-packages/airflow/example_dags/example_branch_operator.py for tasks to queue
[2023-11-08T14:33:11.090+0000] {logging_mixin.py:154} INFO - [2023-11-08T14:33:11.089+0000] {dagbag.py:536} INFO - Filling up the DagBag from /home/airflow/.local/lib/python3.11/site-packages/airflow/example_dags/example_branch_operator.py
[2023-11-08T14:33:11.105+0000] {processor.py:839} INFO - DAG(s) dict_keys(['example_branch_operator']) retrieved from /home/airflow/.local/lib/python3.11/site-packages/airflow/example_dags/example_branch_operator.py
[2023-11-08T14:33:11.148+0000] {logging_mixin.py:154} INFO - [2023-11-08T14:33:11.147+0000] {dag.py:2941} INFO - Sync 1 DAGs
[2023-11-08T14:33:11.193+0000] {logging_mixin.py:154} INFO - [2023-11-08T14:33:11.192+0000] {dag.py:3722} INFO - Setting next_dagrun for example_branch_operator to 2023-11-07T00:00:00+00:00, run_after=2023-11-08T00:00:00+00:00
[2023-11-08T14:33:11.224+0000] {processor.py:179} INFO - Processing /home/airflow/.local/lib/python3.11/site-packages/airflow/example_dags/example_branch_operator.py took 0.151 seconds
[2023-11-08T14:33:41.768+0000] {processor.py:157} INFO - Started process (PID=2601) to work on /home/airflow/.local/lib/python3.11/site-packages/airflow/example_dags/example_branch_operator.py
[2023-11-08T14:33:41.769+0000] {processor.py:829} INFO - Processing file /home/airflow/.local/lib/python3.11/site-packages/airflow/example_dags/example_branch_operator.py for tasks to queue
[2023-11-08T14:33:41.773+0000] {logging_mixin.py:154} INFO - [2023-11-08T14:33:41.772+0000] {dagbag.py:536} INFO - Filling up the DagBag from /home/airflow/.local/lib/python3.11/site-packages/airflow/example_dags/example_branch_operator.py
[2023-11-08T14:33:41.789+0000] {processor.py:839} INFO - DAG(s) dict_keys(['example_branch_operator']) retrieved from /home/airflow/.local/lib/python3.11/site-packages/airflow/example_dags/example_branch_operator.py
[2023-11-08T14:33:41.827+0000] {logging_mixin.py:154} INFO - [2023-11-08T14:33:41.827+0000] {dag.py:2941} INFO - Sync 1 DAGs
[2023-11-08T14:33:41.869+0000] {logging_mixin.py:154} INFO - [2023-11-08T14:33:41.869+0000] {dag.py:3722} INFO - Setting next_dagrun for example_branch_operator to 2023-11-07T00:00:00+00:00, run_after=2023-11-08T00:00:00+00:00
[2023-11-08T14:33:41.899+0000] {processor.py:179} INFO - Processing /home/airflow/.local/lib/python3.11/site-packages/airflow/example_dags/example_branch_operator.py took 0.136 seconds
[2023-11-08T14:34:12.257+0000] {processor.py:157} INFO - Started process (PID=2677) to work on /home/airflow/.local/lib/python3.11/site-packages/airflow/example_dags/example_branch_operator.py
[2023-11-08T14:34:12.258+0000] {processor.py:829} INFO - Processing file /home/airflow/.local/lib/python3.11/site-packages/airflow/example_dags/example_branch_operator.py for tasks to queue
[2023-11-08T14:34:12.263+0000] {logging_mixin.py:154} INFO - [2023-11-08T14:34:12.262+0000] {dagbag.py:536} INFO - Filling up the DagBag from /home/airflow/.local/lib/python3.11/site-packages/airflow/example_dags/example_branch_operator.py
[2023-11-08T14:34:12.289+0000] {processor.py:839} INFO - DAG(s) dict_keys(['example_branch_operator']) retrieved from /home/airflow/.local/lib/python3.11/site-packages/airflow/example_dags/example_branch_operator.py
[2023-11-08T14:34:12.334+0000] {logging_mixin.py:154} INFO - [2023-11-08T14:34:12.334+0000] {dag.py:2941} INFO - Sync 1 DAGs
[2023-11-08T14:34:12.381+0000] {logging_mixin.py:154} INFO - [2023-11-08T14:34:12.381+0000] {dag.py:3722} INFO - Setting next_dagrun for example_branch_operator to 2023-11-07T00:00:00+00:00, run_after=2023-11-08T00:00:00+00:00
[2023-11-08T14:34:12.419+0000] {processor.py:179} INFO - Processing /home/airflow/.local/lib/python3.11/site-packages/airflow/example_dags/example_branch_operator.py took 0.168 seconds
[2023-11-08T14:34:43.154+0000] {processor.py:157} INFO - Started process (PID=2753) to work on /home/airflow/.local/lib/python3.11/site-packages/airflow/example_dags/example_branch_operator.py
[2023-11-08T14:34:43.156+0000] {processor.py:829} INFO - Processing file /home/airflow/.local/lib/python3.11/site-packages/airflow/example_dags/example_branch_operator.py for tasks to queue
[2023-11-08T14:34:43.160+0000] {logging_mixin.py:154} INFO - [2023-11-08T14:34:43.159+0000] {dagbag.py:536} INFO - Filling up the DagBag from /home/airflow/.local/lib/python3.11/site-packages/airflow/example_dags/example_branch_operator.py
[2023-11-08T14:34:43.180+0000] {processor.py:839} INFO - DAG(s) dict_keys(['example_branch_operator']) retrieved from /home/airflow/.local/lib/python3.11/site-packages/airflow/example_dags/example_branch_operator.py
[2023-11-08T14:34:43.228+0000] {logging_mixin.py:154} INFO - [2023-11-08T14:34:43.227+0000] {dag.py:2941} INFO - Sync 1 DAGs
[2023-11-08T14:34:43.273+0000] {logging_mixin.py:154} INFO - [2023-11-08T14:34:43.273+0000] {dag.py:3722} INFO - Setting next_dagrun for example_branch_operator to 2023-11-07T00:00:00+00:00, run_after=2023-11-08T00:00:00+00:00
[2023-11-08T14:34:43.318+0000] {processor.py:179} INFO - Processing /home/airflow/.local/lib/python3.11/site-packages/airflow/example_dags/example_branch_operator.py took 0.169 seconds
[2023-11-08T14:35:13.660+0000] {processor.py:157} INFO - Started process (PID=2829) to work on /home/airflow/.local/lib/python3.11/site-packages/airflow/example_dags/example_branch_operator.py
[2023-11-08T14:35:13.668+0000] {processor.py:829} INFO - Processing file /home/airflow/.local/lib/python3.11/site-packages/airflow/example_dags/example_branch_operator.py for tasks to queue
[2023-11-08T14:35:13.671+0000] {logging_mixin.py:154} INFO - [2023-11-08T14:35:13.671+0000] {dagbag.py:536} INFO - Filling up the DagBag from /home/airflow/.local/lib/python3.11/site-packages/airflow/example_dags/example_branch_operator.py
[2023-11-08T14:35:13.686+0000] {processor.py:839} INFO - DAG(s) dict_keys(['example_branch_operator']) retrieved from /home/airflow/.local/lib/python3.11/site-packages/airflow/example_dags/example_branch_operator.py
[2023-11-08T14:35:13.726+0000] {logging_mixin.py:154} INFO - [2023-11-08T14:35:13.725+0000] {dag.py:2941} INFO - Sync 1 DAGs
[2023-11-08T14:35:13.767+0000] {logging_mixin.py:154} INFO - [2023-11-08T14:35:13.766+0000] {dag.py:3722} INFO - Setting next_dagrun for example_branch_operator to 2023-11-07T00:00:00+00:00, run_after=2023-11-08T00:00:00+00:00
[2023-11-08T14:35:13.805+0000] {processor.py:179} INFO - Processing /home/airflow/.local/lib/python3.11/site-packages/airflow/example_dags/example_branch_operator.py took 0.150 seconds
[2023-11-08T14:35:44.672+0000] {processor.py:157} INFO - Started process (PID=2905) to work on /home/airflow/.local/lib/python3.11/site-packages/airflow/example_dags/example_branch_operator.py
[2023-11-08T14:35:44.674+0000] {processor.py:829} INFO - Processing file /home/airflow/.local/lib/python3.11/site-packages/airflow/example_dags/example_branch_operator.py for tasks to queue
[2023-11-08T14:35:44.678+0000] {logging_mixin.py:154} INFO - [2023-11-08T14:35:44.678+0000] {dagbag.py:536} INFO - Filling up the DagBag from /home/airflow/.local/lib/python3.11/site-packages/airflow/example_dags/example_branch_operator.py
[2023-11-08T14:35:44.696+0000] {processor.py:839} INFO - DAG(s) dict_keys(['example_branch_operator']) retrieved from /home/airflow/.local/lib/python3.11/site-packages/airflow/example_dags/example_branch_operator.py
[2023-11-08T14:35:44.743+0000] {logging_mixin.py:154} INFO - [2023-11-08T14:35:44.742+0000] {dag.py:2941} INFO - Sync 1 DAGs
[2023-11-08T14:35:44.792+0000] {logging_mixin.py:154} INFO - [2023-11-08T14:35:44.791+0000] {dag.py:3722} INFO - Setting next_dagrun for example_branch_operator to 2023-11-07T00:00:00+00:00, run_after=2023-11-08T00:00:00+00:00
[2023-11-08T14:35:44.827+0000] {processor.py:179} INFO - Processing /home/airflow/.local/lib/python3.11/site-packages/airflow/example_dags/example_branch_operator.py took 0.160 seconds
[2023-11-08T14:36:15.598+0000] {processor.py:157} INFO - Started process (PID=2981) to work on /home/airflow/.local/lib/python3.11/site-packages/airflow/example_dags/example_branch_operator.py
[2023-11-08T14:36:15.598+0000] {processor.py:829} INFO - Processing file /home/airflow/.local/lib/python3.11/site-packages/airflow/example_dags/example_branch_operator.py for tasks to queue
[2023-11-08T14:36:15.601+0000] {logging_mixin.py:154} INFO - [2023-11-08T14:36:15.600+0000] {dagbag.py:536} INFO - Filling up the DagBag from /home/airflow/.local/lib/python3.11/site-packages/airflow/example_dags/example_branch_operator.py
[2023-11-08T14:36:15.617+0000] {processor.py:839} INFO - DAG(s) dict_keys(['example_branch_operator']) retrieved from /home/airflow/.local/lib/python3.11/site-packages/airflow/example_dags/example_branch_operator.py
[2023-11-08T14:36:15.654+0000] {logging_mixin.py:154} INFO - [2023-11-08T14:36:15.653+0000] {dag.py:2941} INFO - Sync 1 DAGs
[2023-11-08T14:36:15.692+0000] {logging_mixin.py:154} INFO - [2023-11-08T14:36:15.692+0000] {dag.py:3722} INFO - Setting next_dagrun for example_branch_operator to 2023-11-07T00:00:00+00:00, run_after=2023-11-08T00:00:00+00:00
[2023-11-08T14:36:15.721+0000] {processor.py:179} INFO - Processing /home/airflow/.local/lib/python3.11/site-packages/airflow/example_dags/example_branch_operator.py took 0.128 seconds
[2023-11-08T14:36:46.478+0000] {processor.py:157} INFO - Started process (PID=3057) to work on /home/airflow/.local/lib/python3.11/site-packages/airflow/example_dags/example_branch_operator.py
[2023-11-08T14:36:46.480+0000] {processor.py:829} INFO - Processing file /home/airflow/.local/lib/python3.11/site-packages/airflow/example_dags/example_branch_operator.py for tasks to queue
[2023-11-08T14:36:46.485+0000] {logging_mixin.py:154} INFO - [2023-11-08T14:36:46.484+0000] {dagbag.py:536} INFO - Filling up the DagBag from /home/airflow/.local/lib/python3.11/site-packages/airflow/example_dags/example_branch_operator.py
[2023-11-08T14:36:46.507+0000] {processor.py:839} INFO - DAG(s) dict_keys(['example_branch_operator']) retrieved from /home/airflow/.local/lib/python3.11/site-packages/airflow/example_dags/example_branch_operator.py
[2023-11-08T14:36:46.562+0000] {logging_mixin.py:154} INFO - [2023-11-08T14:36:46.561+0000] {dag.py:2941} INFO - Sync 1 DAGs
[2023-11-08T14:36:46.653+0000] {logging_mixin.py:154} INFO - [2023-11-08T14:36:46.653+0000] {dag.py:3722} INFO - Setting next_dagrun for example_branch_operator to 2023-11-07T00:00:00+00:00, run_after=2023-11-08T00:00:00+00:00
[2023-11-08T14:36:46.718+0000] {processor.py:179} INFO - Processing /home/airflow/.local/lib/python3.11/site-packages/airflow/example_dags/example_branch_operator.py took 0.246 seconds
[2023-11-08T14:37:16.788+0000] {processor.py:157} INFO - Started process (PID=3133) to work on /home/airflow/.local/lib/python3.11/site-packages/airflow/example_dags/example_branch_operator.py
[2023-11-08T14:37:16.788+0000] {processor.py:829} INFO - Processing file /home/airflow/.local/lib/python3.11/site-packages/airflow/example_dags/example_branch_operator.py for tasks to queue
[2023-11-08T14:37:16.790+0000] {logging_mixin.py:154} INFO - [2023-11-08T14:37:16.790+0000] {dagbag.py:536} INFO - Filling up the DagBag from /home/airflow/.local/lib/python3.11/site-packages/airflow/example_dags/example_branch_operator.py
[2023-11-08T14:37:16.797+0000] {processor.py:839} INFO - DAG(s) dict_keys(['example_branch_operator']) retrieved from /home/airflow/.local/lib/python3.11/site-packages/airflow/example_dags/example_branch_operator.py
[2023-11-08T14:37:16.815+0000] {logging_mixin.py:154} INFO - [2023-11-08T14:37:16.815+0000] {dag.py:2941} INFO - Sync 1 DAGs
[2023-11-08T14:37:16.834+0000] {logging_mixin.py:154} INFO - [2023-11-08T14:37:16.833+0000] {dag.py:3722} INFO - Setting next_dagrun for example_branch_operator to 2023-11-07T00:00:00+00:00, run_after=2023-11-08T00:00:00+00:00
[2023-11-08T14:37:16.848+0000] {processor.py:179} INFO - Processing /home/airflow/.local/lib/python3.11/site-packages/airflow/example_dags/example_branch_operator.py took 0.062 seconds
[2023-11-08T14:37:46.892+0000] {processor.py:157} INFO - Started process (PID=3209) to work on /home/airflow/.local/lib/python3.11/site-packages/airflow/example_dags/example_branch_operator.py
[2023-11-08T14:37:46.893+0000] {processor.py:829} INFO - Processing file /home/airflow/.local/lib/python3.11/site-packages/airflow/example_dags/example_branch_operator.py for tasks to queue
[2023-11-08T14:37:46.894+0000] {logging_mixin.py:154} INFO - [2023-11-08T14:37:46.894+0000] {dagbag.py:536} INFO - Filling up the DagBag from /home/airflow/.local/lib/python3.11/site-packages/airflow/example_dags/example_branch_operator.py
[2023-11-08T14:37:46.901+0000] {processor.py:839} INFO - DAG(s) dict_keys(['example_branch_operator']) retrieved from /home/airflow/.local/lib/python3.11/site-packages/airflow/example_dags/example_branch_operator.py
[2023-11-08T14:37:46.920+0000] {logging_mixin.py:154} INFO - [2023-11-08T14:37:46.920+0000] {dag.py:2941} INFO - Sync 1 DAGs
[2023-11-08T14:37:46.940+0000] {logging_mixin.py:154} INFO - [2023-11-08T14:37:46.940+0000] {dag.py:3722} INFO - Setting next_dagrun for example_branch_operator to 2023-11-07T00:00:00+00:00, run_after=2023-11-08T00:00:00+00:00
[2023-11-08T14:37:46.954+0000] {processor.py:179} INFO - Processing /home/airflow/.local/lib/python3.11/site-packages/airflow/example_dags/example_branch_operator.py took 0.065 seconds
[2023-11-08T14:38:17.142+0000] {processor.py:157} INFO - Started process (PID=3285) to work on /home/airflow/.local/lib/python3.11/site-packages/airflow/example_dags/example_branch_operator.py
[2023-11-08T14:38:17.142+0000] {processor.py:829} INFO - Processing file /home/airflow/.local/lib/python3.11/site-packages/airflow/example_dags/example_branch_operator.py for tasks to queue
[2023-11-08T14:38:17.143+0000] {logging_mixin.py:154} INFO - [2023-11-08T14:38:17.143+0000] {dagbag.py:536} INFO - Filling up the DagBag from /home/airflow/.local/lib/python3.11/site-packages/airflow/example_dags/example_branch_operator.py
[2023-11-08T14:38:17.150+0000] {processor.py:839} INFO - DAG(s) dict_keys(['example_branch_operator']) retrieved from /home/airflow/.local/lib/python3.11/site-packages/airflow/example_dags/example_branch_operator.py
[2023-11-08T14:38:17.168+0000] {logging_mixin.py:154} INFO - [2023-11-08T14:38:17.168+0000] {dag.py:2941} INFO - Sync 1 DAGs
[2023-11-08T14:38:17.186+0000] {logging_mixin.py:154} INFO - [2023-11-08T14:38:17.186+0000] {dag.py:3722} INFO - Setting next_dagrun for example_branch_operator to 2023-11-07T00:00:00+00:00, run_after=2023-11-08T00:00:00+00:00
[2023-11-08T14:38:17.198+0000] {processor.py:179} INFO - Processing /home/airflow/.local/lib/python3.11/site-packages/airflow/example_dags/example_branch_operator.py took 0.059 seconds
[2023-11-08T14:38:47.279+0000] {processor.py:157} INFO - Started process (PID=3361) to work on /home/airflow/.local/lib/python3.11/site-packages/airflow/example_dags/example_branch_operator.py
[2023-11-08T14:38:47.280+0000] {processor.py:829} INFO - Processing file /home/airflow/.local/lib/python3.11/site-packages/airflow/example_dags/example_branch_operator.py for tasks to queue
[2023-11-08T14:38:47.281+0000] {logging_mixin.py:154} INFO - [2023-11-08T14:38:47.281+0000] {dagbag.py:536} INFO - Filling up the DagBag from /home/airflow/.local/lib/python3.11/site-packages/airflow/example_dags/example_branch_operator.py
[2023-11-08T14:38:47.288+0000] {processor.py:839} INFO - DAG(s) dict_keys(['example_branch_operator']) retrieved from /home/airflow/.local/lib/python3.11/site-packages/airflow/example_dags/example_branch_operator.py
[2023-11-08T14:38:47.307+0000] {logging_mixin.py:154} INFO - [2023-11-08T14:38:47.307+0000] {dag.py:2941} INFO - Sync 1 DAGs
[2023-11-08T14:38:47.326+0000] {logging_mixin.py:154} INFO - [2023-11-08T14:38:47.326+0000] {dag.py:3722} INFO - Setting next_dagrun for example_branch_operator to 2023-11-07T00:00:00+00:00, run_after=2023-11-08T00:00:00+00:00
[2023-11-08T14:38:47.340+0000] {processor.py:179} INFO - Processing /home/airflow/.local/lib/python3.11/site-packages/airflow/example_dags/example_branch_operator.py took 0.064 seconds
[2023-11-08T14:39:17.437+0000] {processor.py:157} INFO - Started process (PID=3437) to work on /home/airflow/.local/lib/python3.11/site-packages/airflow/example_dags/example_branch_operator.py
[2023-11-08T14:39:17.438+0000] {processor.py:829} INFO - Processing file /home/airflow/.local/lib/python3.11/site-packages/airflow/example_dags/example_branch_operator.py for tasks to queue
[2023-11-08T14:39:17.439+0000] {logging_mixin.py:154} INFO - [2023-11-08T14:39:17.439+0000] {dagbag.py:536} INFO - Filling up the DagBag from /home/airflow/.local/lib/python3.11/site-packages/airflow/example_dags/example_branch_operator.py
[2023-11-08T14:39:17.446+0000] {processor.py:839} INFO - DAG(s) dict_keys(['example_branch_operator']) retrieved from /home/airflow/.local/lib/python3.11/site-packages/airflow/example_dags/example_branch_operator.py
[2023-11-08T14:39:17.464+0000] {logging_mixin.py:154} INFO - [2023-11-08T14:39:17.463+0000] {dag.py:2941} INFO - Sync 1 DAGs
[2023-11-08T14:39:17.482+0000] {logging_mixin.py:154} INFO - [2023-11-08T14:39:17.482+0000] {dag.py:3722} INFO - Setting next_dagrun for example_branch_operator to 2023-11-07T00:00:00+00:00, run_after=2023-11-08T00:00:00+00:00
[2023-11-08T14:39:17.495+0000] {processor.py:179} INFO - Processing /home/airflow/.local/lib/python3.11/site-packages/airflow/example_dags/example_branch_operator.py took 0.060 seconds
[2023-11-08T14:39:47.687+0000] {processor.py:157} INFO - Started process (PID=3513) to work on /home/airflow/.local/lib/python3.11/site-packages/airflow/example_dags/example_branch_operator.py
[2023-11-08T14:39:47.688+0000] {processor.py:829} INFO - Processing file /home/airflow/.local/lib/python3.11/site-packages/airflow/example_dags/example_branch_operator.py for tasks to queue
[2023-11-08T14:39:47.690+0000] {logging_mixin.py:154} INFO - [2023-11-08T14:39:47.689+0000] {dagbag.py:536} INFO - Filling up the DagBag from /home/airflow/.local/lib/python3.11/site-packages/airflow/example_dags/example_branch_operator.py
[2023-11-08T14:39:47.697+0000] {processor.py:839} INFO - DAG(s) dict_keys(['example_branch_operator']) retrieved from /home/airflow/.local/lib/python3.11/site-packages/airflow/example_dags/example_branch_operator.py
[2023-11-08T14:39:47.715+0000] {logging_mixin.py:154} INFO - [2023-11-08T14:39:47.715+0000] {dag.py:2941} INFO - Sync 1 DAGs
[2023-11-08T14:39:47.734+0000] {logging_mixin.py:154} INFO - [2023-11-08T14:39:47.733+0000] {dag.py:3722} INFO - Setting next_dagrun for example_branch_operator to 2023-11-07T00:00:00+00:00, run_after=2023-11-08T00:00:00+00:00
[2023-11-08T14:39:47.746+0000] {processor.py:179} INFO - Processing /home/airflow/.local/lib/python3.11/site-packages/airflow/example_dags/example_branch_operator.py took 0.061 seconds
[2023-11-08T14:40:17.891+0000] {processor.py:157} INFO - Started process (PID=3590) to work on /home/airflow/.local/lib/python3.11/site-packages/airflow/example_dags/example_branch_operator.py
[2023-11-08T14:40:17.891+0000] {processor.py:829} INFO - Processing file /home/airflow/.local/lib/python3.11/site-packages/airflow/example_dags/example_branch_operator.py for tasks to queue
[2023-11-08T14:40:17.893+0000] {logging_mixin.py:154} INFO - [2023-11-08T14:40:17.892+0000] {dagbag.py:536} INFO - Filling up the DagBag from /home/airflow/.local/lib/python3.11/site-packages/airflow/example_dags/example_branch_operator.py
[2023-11-08T14:40:17.900+0000] {processor.py:839} INFO - DAG(s) dict_keys(['example_branch_operator']) retrieved from /home/airflow/.local/lib/python3.11/site-packages/airflow/example_dags/example_branch_operator.py
[2023-11-08T14:40:17.918+0000] {logging_mixin.py:154} INFO - [2023-11-08T14:40:17.918+0000] {dag.py:2941} INFO - Sync 1 DAGs
[2023-11-08T14:40:17.940+0000] {logging_mixin.py:154} INFO - [2023-11-08T14:40:17.939+0000] {dag.py:3722} INFO - Setting next_dagrun for example_branch_operator to 2023-11-07T00:00:00+00:00, run_after=2023-11-08T00:00:00+00:00
[2023-11-08T14:40:17.954+0000] {processor.py:179} INFO - Processing /home/airflow/.local/lib/python3.11/site-packages/airflow/example_dags/example_branch_operator.py took 0.066 seconds
[2023-11-08T14:40:47.972+0000] {processor.py:157} INFO - Started process (PID=3666) to work on /home/airflow/.local/lib/python3.11/site-packages/airflow/example_dags/example_branch_operator.py
[2023-11-08T14:40:47.973+0000] {processor.py:829} INFO - Processing file /home/airflow/.local/lib/python3.11/site-packages/airflow/example_dags/example_branch_operator.py for tasks to queue
[2023-11-08T14:40:47.974+0000] {logging_mixin.py:154} INFO - [2023-11-08T14:40:47.974+0000] {dagbag.py:536} INFO - Filling up the DagBag from /home/airflow/.local/lib/python3.11/site-packages/airflow/example_dags/example_branch_operator.py
[2023-11-08T14:40:47.981+0000] {processor.py:839} INFO - DAG(s) dict_keys(['example_branch_operator']) retrieved from /home/airflow/.local/lib/python3.11/site-packages/airflow/example_dags/example_branch_operator.py
[2023-11-08T14:40:47.997+0000] {logging_mixin.py:154} INFO - [2023-11-08T14:40:47.997+0000] {dag.py:2941} INFO - Sync 1 DAGs
[2023-11-08T14:40:48.016+0000] {logging_mixin.py:154} INFO - [2023-11-08T14:40:48.016+0000] {dag.py:3722} INFO - Setting next_dagrun for example_branch_operator to 2023-11-07T00:00:00+00:00, run_after=2023-11-08T00:00:00+00:00
[2023-11-08T14:40:48.028+0000] {processor.py:179} INFO - Processing /home/airflow/.local/lib/python3.11/site-packages/airflow/example_dags/example_branch_operator.py took 0.058 seconds
[2023-11-08T14:41:18.293+0000] {processor.py:157} INFO - Started process (PID=3742) to work on /home/airflow/.local/lib/python3.11/site-packages/airflow/example_dags/example_branch_operator.py
[2023-11-08T14:41:18.293+0000] {processor.py:829} INFO - Processing file /home/airflow/.local/lib/python3.11/site-packages/airflow/example_dags/example_branch_operator.py for tasks to queue
[2023-11-08T14:41:18.295+0000] {logging_mixin.py:154} INFO - [2023-11-08T14:41:18.294+0000] {dagbag.py:536} INFO - Filling up the DagBag from /home/airflow/.local/lib/python3.11/site-packages/airflow/example_dags/example_branch_operator.py
[2023-11-08T14:41:18.302+0000] {processor.py:839} INFO - DAG(s) dict_keys(['example_branch_operator']) retrieved from /home/airflow/.local/lib/python3.11/site-packages/airflow/example_dags/example_branch_operator.py
[2023-11-08T14:41:18.321+0000] {logging_mixin.py:154} INFO - [2023-11-08T14:41:18.321+0000] {dag.py:2941} INFO - Sync 1 DAGs
[2023-11-08T14:41:18.341+0000] {logging_mixin.py:154} INFO - [2023-11-08T14:41:18.341+0000] {dag.py:3722} INFO - Setting next_dagrun for example_branch_operator to 2023-11-07T00:00:00+00:00, run_after=2023-11-08T00:00:00+00:00
[2023-11-08T14:41:18.355+0000] {processor.py:179} INFO - Processing /home/airflow/.local/lib/python3.11/site-packages/airflow/example_dags/example_branch_operator.py took 0.065 seconds
[2023-11-08T14:41:48.437+0000] {processor.py:157} INFO - Started process (PID=3818) to work on /home/airflow/.local/lib/python3.11/site-packages/airflow/example_dags/example_branch_operator.py
[2023-11-08T14:41:48.448+0000] {processor.py:829} INFO - Processing file /home/airflow/.local/lib/python3.11/site-packages/airflow/example_dags/example_branch_operator.py for tasks to queue
[2023-11-08T14:41:48.450+0000] {logging_mixin.py:154} INFO - [2023-11-08T14:41:48.450+0000] {dagbag.py:536} INFO - Filling up the DagBag from /home/airflow/.local/lib/python3.11/site-packages/airflow/example_dags/example_branch_operator.py
[2023-11-08T14:41:48.457+0000] {processor.py:839} INFO - DAG(s) dict_keys(['example_branch_operator']) retrieved from /home/airflow/.local/lib/python3.11/site-packages/airflow/example_dags/example_branch_operator.py
[2023-11-08T14:41:48.475+0000] {logging_mixin.py:154} INFO - [2023-11-08T14:41:48.475+0000] {dag.py:2941} INFO - Sync 1 DAGs
[2023-11-08T14:41:48.494+0000] {logging_mixin.py:154} INFO - [2023-11-08T14:41:48.494+0000] {dag.py:3722} INFO - Setting next_dagrun for example_branch_operator to 2023-11-07T00:00:00+00:00, run_after=2023-11-08T00:00:00+00:00
[2023-11-08T14:41:48.508+0000] {processor.py:179} INFO - Processing /home/airflow/.local/lib/python3.11/site-packages/airflow/example_dags/example_branch_operator.py took 0.073 seconds
[2023-11-08T14:42:18.670+0000] {processor.py:157} INFO - Started process (PID=3894) to work on /home/airflow/.local/lib/python3.11/site-packages/airflow/example_dags/example_branch_operator.py
[2023-11-08T14:42:18.670+0000] {processor.py:829} INFO - Processing file /home/airflow/.local/lib/python3.11/site-packages/airflow/example_dags/example_branch_operator.py for tasks to queue
[2023-11-08T14:42:18.672+0000] {logging_mixin.py:154} INFO - [2023-11-08T14:42:18.672+0000] {dagbag.py:536} INFO - Filling up the DagBag from /home/airflow/.local/lib/python3.11/site-packages/airflow/example_dags/example_branch_operator.py
[2023-11-08T14:42:18.679+0000] {processor.py:839} INFO - DAG(s) dict_keys(['example_branch_operator']) retrieved from /home/airflow/.local/lib/python3.11/site-packages/airflow/example_dags/example_branch_operator.py
[2023-11-08T14:42:18.697+0000] {logging_mixin.py:154} INFO - [2023-11-08T14:42:18.697+0000] {dag.py:2941} INFO - Sync 1 DAGs
[2023-11-08T14:42:18.716+0000] {logging_mixin.py:154} INFO - [2023-11-08T14:42:18.716+0000] {dag.py:3722} INFO - Setting next_dagrun for example_branch_operator to 2023-11-07T00:00:00+00:00, run_after=2023-11-08T00:00:00+00:00
[2023-11-08T14:42:18.728+0000] {processor.py:179} INFO - Processing /home/airflow/.local/lib/python3.11/site-packages/airflow/example_dags/example_branch_operator.py took 0.061 seconds
[2023-11-08T14:42:49.129+0000] {processor.py:157} INFO - Started process (PID=3970) to work on /home/airflow/.local/lib/python3.11/site-packages/airflow/example_dags/example_branch_operator.py
[2023-11-08T14:42:49.130+0000] {processor.py:829} INFO - Processing file /home/airflow/.local/lib/python3.11/site-packages/airflow/example_dags/example_branch_operator.py for tasks to queue
[2023-11-08T14:42:49.132+0000] {logging_mixin.py:154} INFO - [2023-11-08T14:42:49.132+0000] {dagbag.py:536} INFO - Filling up the DagBag from /home/airflow/.local/lib/python3.11/site-packages/airflow/example_dags/example_branch_operator.py
[2023-11-08T14:42:49.139+0000] {processor.py:839} INFO - DAG(s) dict_keys(['example_branch_operator']) retrieved from /home/airflow/.local/lib/python3.11/site-packages/airflow/example_dags/example_branch_operator.py
[2023-11-08T14:42:49.156+0000] {logging_mixin.py:154} INFO - [2023-11-08T14:42:49.156+0000] {dag.py:2941} INFO - Sync 1 DAGs
[2023-11-08T14:42:49.174+0000] {logging_mixin.py:154} INFO - [2023-11-08T14:42:49.174+0000] {dag.py:3722} INFO - Setting next_dagrun for example_branch_operator to 2023-11-07T00:00:00+00:00, run_after=2023-11-08T00:00:00+00:00
[2023-11-08T14:42:49.187+0000] {processor.py:179} INFO - Processing /home/airflow/.local/lib/python3.11/site-packages/airflow/example_dags/example_branch_operator.py took 0.060 seconds
[2023-11-08T14:43:19.483+0000] {processor.py:157} INFO - Started process (PID=4046) to work on /home/airflow/.local/lib/python3.11/site-packages/airflow/example_dags/example_branch_operator.py
[2023-11-08T14:43:19.483+0000] {processor.py:829} INFO - Processing file /home/airflow/.local/lib/python3.11/site-packages/airflow/example_dags/example_branch_operator.py for tasks to queue
[2023-11-08T14:43:19.485+0000] {logging_mixin.py:154} INFO - [2023-11-08T14:43:19.485+0000] {dagbag.py:536} INFO - Filling up the DagBag from /home/airflow/.local/lib/python3.11/site-packages/airflow/example_dags/example_branch_operator.py
[2023-11-08T14:43:19.492+0000] {processor.py:839} INFO - DAG(s) dict_keys(['example_branch_operator']) retrieved from /home/airflow/.local/lib/python3.11/site-packages/airflow/example_dags/example_branch_operator.py
[2023-11-08T14:43:19.510+0000] {logging_mixin.py:154} INFO - [2023-11-08T14:43:19.510+0000] {dag.py:2941} INFO - Sync 1 DAGs
[2023-11-08T14:43:19.529+0000] {logging_mixin.py:154} INFO - [2023-11-08T14:43:19.528+0000] {dag.py:3722} INFO - Setting next_dagrun for example_branch_operator to 2023-11-07T00:00:00+00:00, run_after=2023-11-08T00:00:00+00:00
[2023-11-08T14:43:19.542+0000] {processor.py:179} INFO - Processing /home/airflow/.local/lib/python3.11/site-packages/airflow/example_dags/example_branch_operator.py took 0.061 seconds
[2023-11-08T14:43:50.014+0000] {processor.py:157} INFO - Started process (PID=4122) to work on /home/airflow/.local/lib/python3.11/site-packages/airflow/example_dags/example_branch_operator.py
[2023-11-08T14:43:50.015+0000] {processor.py:829} INFO - Processing file /home/airflow/.local/lib/python3.11/site-packages/airflow/example_dags/example_branch_operator.py for tasks to queue
[2023-11-08T14:43:50.017+0000] {logging_mixin.py:154} INFO - [2023-11-08T14:43:50.016+0000] {dagbag.py:536} INFO - Filling up the DagBag from /home/airflow/.local/lib/python3.11/site-packages/airflow/example_dags/example_branch_operator.py
[2023-11-08T14:43:50.024+0000] {processor.py:839} INFO - DAG(s) dict_keys(['example_branch_operator']) retrieved from /home/airflow/.local/lib/python3.11/site-packages/airflow/example_dags/example_branch_operator.py
[2023-11-08T14:43:50.041+0000] {logging_mixin.py:154} INFO - [2023-11-08T14:43:50.041+0000] {dag.py:2941} INFO - Sync 1 DAGs
[2023-11-08T14:43:50.060+0000] {logging_mixin.py:154} INFO - [2023-11-08T14:43:50.059+0000] {dag.py:3722} INFO - Setting next_dagrun for example_branch_operator to 2023-11-07T00:00:00+00:00, run_after=2023-11-08T00:00:00+00:00
[2023-11-08T14:43:50.073+0000] {processor.py:179} INFO - Processing /home/airflow/.local/lib/python3.11/site-packages/airflow/example_dags/example_branch_operator.py took 0.061 seconds
[2023-11-08T14:44:20.162+0000] {processor.py:157} INFO - Started process (PID=4198) to work on /home/airflow/.local/lib/python3.11/site-packages/airflow/example_dags/example_branch_operator.py
[2023-11-08T14:44:20.163+0000] {processor.py:829} INFO - Processing file /home/airflow/.local/lib/python3.11/site-packages/airflow/example_dags/example_branch_operator.py for tasks to queue
[2023-11-08T14:44:20.164+0000] {logging_mixin.py:154} INFO - [2023-11-08T14:44:20.164+0000] {dagbag.py:536} INFO - Filling up the DagBag from /home/airflow/.local/lib/python3.11/site-packages/airflow/example_dags/example_branch_operator.py
[2023-11-08T14:44:20.171+0000] {processor.py:839} INFO - DAG(s) dict_keys(['example_branch_operator']) retrieved from /home/airflow/.local/lib/python3.11/site-packages/airflow/example_dags/example_branch_operator.py
[2023-11-08T14:44:20.190+0000] {logging_mixin.py:154} INFO - [2023-11-08T14:44:20.190+0000] {dag.py:2941} INFO - Sync 1 DAGs
[2023-11-08T14:44:20.212+0000] {logging_mixin.py:154} INFO - [2023-11-08T14:44:20.212+0000] {dag.py:3722} INFO - Setting next_dagrun for example_branch_operator to 2023-11-07T00:00:00+00:00, run_after=2023-11-08T00:00:00+00:00
[2023-11-08T14:44:20.226+0000] {processor.py:179} INFO - Processing /home/airflow/.local/lib/python3.11/site-packages/airflow/example_dags/example_branch_operator.py took 0.066 seconds
[2023-11-08T14:44:50.555+0000] {processor.py:157} INFO - Started process (PID=4274) to work on /home/airflow/.local/lib/python3.11/site-packages/airflow/example_dags/example_branch_operator.py
[2023-11-08T14:44:50.592+0000] {processor.py:829} INFO - Processing file /home/airflow/.local/lib/python3.11/site-packages/airflow/example_dags/example_branch_operator.py for tasks to queue
[2023-11-08T14:44:50.593+0000] {logging_mixin.py:154} INFO - [2023-11-08T14:44:50.593+0000] {dagbag.py:536} INFO - Filling up the DagBag from /home/airflow/.local/lib/python3.11/site-packages/airflow/example_dags/example_branch_operator.py
[2023-11-08T14:44:50.600+0000] {processor.py:839} INFO - DAG(s) dict_keys(['example_branch_operator']) retrieved from /home/airflow/.local/lib/python3.11/site-packages/airflow/example_dags/example_branch_operator.py
[2023-11-08T14:44:50.620+0000] {logging_mixin.py:154} INFO - [2023-11-08T14:44:50.620+0000] {dag.py:2941} INFO - Sync 1 DAGs
[2023-11-08T14:44:50.641+0000] {logging_mixin.py:154} INFO - [2023-11-08T14:44:50.641+0000] {dag.py:3722} INFO - Setting next_dagrun for example_branch_operator to 2023-11-07T00:00:00+00:00, run_after=2023-11-08T00:00:00+00:00
[2023-11-08T14:44:50.806+0000] {processor.py:179} INFO - Processing /home/airflow/.local/lib/python3.11/site-packages/airflow/example_dags/example_branch_operator.py took 0.253 seconds
[2023-11-08T14:45:20.987+0000] {processor.py:157} INFO - Started process (PID=4352) to work on /home/airflow/.local/lib/python3.11/site-packages/airflow/example_dags/example_branch_operator.py
[2023-11-08T14:45:20.987+0000] {processor.py:829} INFO - Processing file /home/airflow/.local/lib/python3.11/site-packages/airflow/example_dags/example_branch_operator.py for tasks to queue
[2023-11-08T14:45:20.989+0000] {logging_mixin.py:154} INFO - [2023-11-08T14:45:20.989+0000] {dagbag.py:536} INFO - Filling up the DagBag from /home/airflow/.local/lib/python3.11/site-packages/airflow/example_dags/example_branch_operator.py
[2023-11-08T14:45:20.996+0000] {processor.py:839} INFO - DAG(s) dict_keys(['example_branch_operator']) retrieved from /home/airflow/.local/lib/python3.11/site-packages/airflow/example_dags/example_branch_operator.py
[2023-11-08T14:45:21.016+0000] {logging_mixin.py:154} INFO - [2023-11-08T14:45:21.016+0000] {dag.py:2941} INFO - Sync 1 DAGs
[2023-11-08T14:45:21.035+0000] {logging_mixin.py:154} INFO - [2023-11-08T14:45:21.035+0000] {dag.py:3722} INFO - Setting next_dagrun for example_branch_operator to 2023-11-07T00:00:00+00:00, run_after=2023-11-08T00:00:00+00:00
[2023-11-08T14:45:21.203+0000] {processor.py:179} INFO - Processing /home/airflow/.local/lib/python3.11/site-packages/airflow/example_dags/example_branch_operator.py took 0.218 seconds
[2023-11-08T14:45:51.313+0000] {processor.py:157} INFO - Started process (PID=4427) to work on /home/airflow/.local/lib/python3.11/site-packages/airflow/example_dags/example_branch_operator.py
[2023-11-08T14:45:51.314+0000] {processor.py:829} INFO - Processing file /home/airflow/.local/lib/python3.11/site-packages/airflow/example_dags/example_branch_operator.py for tasks to queue
[2023-11-08T14:45:51.316+0000] {logging_mixin.py:154} INFO - [2023-11-08T14:45:51.315+0000] {dagbag.py:536} INFO - Filling up the DagBag from /home/airflow/.local/lib/python3.11/site-packages/airflow/example_dags/example_branch_operator.py
[2023-11-08T14:45:51.323+0000] {processor.py:839} INFO - DAG(s) dict_keys(['example_branch_operator']) retrieved from /home/airflow/.local/lib/python3.11/site-packages/airflow/example_dags/example_branch_operator.py
[2023-11-08T14:45:51.339+0000] {logging_mixin.py:154} INFO - [2023-11-08T14:45:51.339+0000] {dag.py:2941} INFO - Sync 1 DAGs
[2023-11-08T14:45:51.358+0000] {logging_mixin.py:154} INFO - [2023-11-08T14:45:51.358+0000] {dag.py:3722} INFO - Setting next_dagrun for example_branch_operator to 2023-11-07T00:00:00+00:00, run_after=2023-11-08T00:00:00+00:00
[2023-11-08T14:45:51.374+0000] {processor.py:179} INFO - Processing /home/airflow/.local/lib/python3.11/site-packages/airflow/example_dags/example_branch_operator.py took 0.062 seconds
[2023-11-08T14:46:21.768+0000] {processor.py:157} INFO - Started process (PID=4503) to work on /home/airflow/.local/lib/python3.11/site-packages/airflow/example_dags/example_branch_operator.py
[2023-11-08T14:46:21.769+0000] {processor.py:829} INFO - Processing file /home/airflow/.local/lib/python3.11/site-packages/airflow/example_dags/example_branch_operator.py for tasks to queue
[2023-11-08T14:46:21.770+0000] {logging_mixin.py:154} INFO - [2023-11-08T14:46:21.770+0000] {dagbag.py:536} INFO - Filling up the DagBag from /home/airflow/.local/lib/python3.11/site-packages/airflow/example_dags/example_branch_operator.py
[2023-11-08T14:46:21.777+0000] {processor.py:839} INFO - DAG(s) dict_keys(['example_branch_operator']) retrieved from /home/airflow/.local/lib/python3.11/site-packages/airflow/example_dags/example_branch_operator.py
[2023-11-08T14:46:21.796+0000] {logging_mixin.py:154} INFO - [2023-11-08T14:46:21.796+0000] {dag.py:2941} INFO - Sync 1 DAGs
[2023-11-08T14:46:21.814+0000] {logging_mixin.py:154} INFO - [2023-11-08T14:46:21.814+0000] {dag.py:3722} INFO - Setting next_dagrun for example_branch_operator to 2023-11-07T00:00:00+00:00, run_after=2023-11-08T00:00:00+00:00
[2023-11-08T14:46:21.829+0000] {processor.py:179} INFO - Processing /home/airflow/.local/lib/python3.11/site-packages/airflow/example_dags/example_branch_operator.py took 0.063 seconds
[2023-11-08T14:46:52.371+0000] {processor.py:157} INFO - Started process (PID=4579) to work on /home/airflow/.local/lib/python3.11/site-packages/airflow/example_dags/example_branch_operator.py
[2023-11-08T14:46:52.372+0000] {processor.py:829} INFO - Processing file /home/airflow/.local/lib/python3.11/site-packages/airflow/example_dags/example_branch_operator.py for tasks to queue
[2023-11-08T14:46:52.374+0000] {logging_mixin.py:154} INFO - [2023-11-08T14:46:52.373+0000] {dagbag.py:536} INFO - Filling up the DagBag from /home/airflow/.local/lib/python3.11/site-packages/airflow/example_dags/example_branch_operator.py
[2023-11-08T14:46:52.381+0000] {processor.py:839} INFO - DAG(s) dict_keys(['example_branch_operator']) retrieved from /home/airflow/.local/lib/python3.11/site-packages/airflow/example_dags/example_branch_operator.py
[2023-11-08T14:46:52.397+0000] {logging_mixin.py:154} INFO - [2023-11-08T14:46:52.397+0000] {dag.py:2941} INFO - Sync 1 DAGs
[2023-11-08T14:46:52.414+0000] {logging_mixin.py:154} INFO - [2023-11-08T14:46:52.414+0000] {dag.py:3722} INFO - Setting next_dagrun for example_branch_operator to 2023-11-07T00:00:00+00:00, run_after=2023-11-08T00:00:00+00:00
[2023-11-08T14:46:52.428+0000] {processor.py:179} INFO - Processing /home/airflow/.local/lib/python3.11/site-packages/airflow/example_dags/example_branch_operator.py took 0.059 seconds
[2023-11-08T14:47:22.556+0000] {processor.py:157} INFO - Started process (PID=4655) to work on /home/airflow/.local/lib/python3.11/site-packages/airflow/example_dags/example_branch_operator.py
[2023-11-08T14:47:22.556+0000] {processor.py:829} INFO - Processing file /home/airflow/.local/lib/python3.11/site-packages/airflow/example_dags/example_branch_operator.py for tasks to queue
[2023-11-08T14:47:22.557+0000] {logging_mixin.py:154} INFO - [2023-11-08T14:47:22.557+0000] {dagbag.py:536} INFO - Filling up the DagBag from /home/airflow/.local/lib/python3.11/site-packages/airflow/example_dags/example_branch_operator.py
[2023-11-08T14:47:22.564+0000] {processor.py:839} INFO - DAG(s) dict_keys(['example_branch_operator']) retrieved from /home/airflow/.local/lib/python3.11/site-packages/airflow/example_dags/example_branch_operator.py
[2023-11-08T14:47:22.579+0000] {logging_mixin.py:154} INFO - [2023-11-08T14:47:22.579+0000] {dag.py:2941} INFO - Sync 1 DAGs
[2023-11-08T14:47:22.597+0000] {logging_mixin.py:154} INFO - [2023-11-08T14:47:22.596+0000] {dag.py:3722} INFO - Setting next_dagrun for example_branch_operator to 2023-11-07T00:00:00+00:00, run_after=2023-11-08T00:00:00+00:00
[2023-11-08T14:47:22.610+0000] {processor.py:179} INFO - Processing /home/airflow/.local/lib/python3.11/site-packages/airflow/example_dags/example_branch_operator.py took 0.056 seconds
[2023-11-08T14:47:53.524+0000] {processor.py:157} INFO - Started process (PID=4731) to work on /home/airflow/.local/lib/python3.11/site-packages/airflow/example_dags/example_branch_operator.py
[2023-11-08T14:47:53.525+0000] {processor.py:829} INFO - Processing file /home/airflow/.local/lib/python3.11/site-packages/airflow/example_dags/example_branch_operator.py for tasks to queue
[2023-11-08T14:47:53.527+0000] {logging_mixin.py:154} INFO - [2023-11-08T14:47:53.526+0000] {dagbag.py:536} INFO - Filling up the DagBag from /home/airflow/.local/lib/python3.11/site-packages/airflow/example_dags/example_branch_operator.py
[2023-11-08T14:47:53.534+0000] {processor.py:839} INFO - DAG(s) dict_keys(['example_branch_operator']) retrieved from /home/airflow/.local/lib/python3.11/site-packages/airflow/example_dags/example_branch_operator.py
[2023-11-08T14:47:53.554+0000] {logging_mixin.py:154} INFO - [2023-11-08T14:47:53.553+0000] {dag.py:2941} INFO - Sync 1 DAGs
[2023-11-08T14:47:53.757+0000] {logging_mixin.py:154} INFO - [2023-11-08T14:47:53.757+0000] {dag.py:3722} INFO - Setting next_dagrun for example_branch_operator to 2023-11-07T00:00:00+00:00, run_after=2023-11-08T00:00:00+00:00
[2023-11-08T14:47:53.770+0000] {processor.py:179} INFO - Processing /home/airflow/.local/lib/python3.11/site-packages/airflow/example_dags/example_branch_operator.py took 0.248 seconds
[2023-11-08T14:48:24.705+0000] {processor.py:157} INFO - Started process (PID=4808) to work on /home/airflow/.local/lib/python3.11/site-packages/airflow/example_dags/example_branch_operator.py
[2023-11-08T14:48:24.705+0000] {processor.py:829} INFO - Processing file /home/airflow/.local/lib/python3.11/site-packages/airflow/example_dags/example_branch_operator.py for tasks to queue
[2023-11-08T14:48:24.707+0000] {logging_mixin.py:154} INFO - [2023-11-08T14:48:24.707+0000] {dagbag.py:536} INFO - Filling up the DagBag from /home/airflow/.local/lib/python3.11/site-packages/airflow/example_dags/example_branch_operator.py
[2023-11-08T14:48:24.715+0000] {processor.py:839} INFO - DAG(s) dict_keys(['example_branch_operator']) retrieved from /home/airflow/.local/lib/python3.11/site-packages/airflow/example_dags/example_branch_operator.py
[2023-11-08T14:48:24.737+0000] {logging_mixin.py:154} INFO - [2023-11-08T14:48:24.736+0000] {dag.py:2941} INFO - Sync 1 DAGs
[2023-11-08T14:48:24.758+0000] {logging_mixin.py:154} INFO - [2023-11-08T14:48:24.757+0000] {dag.py:3722} INFO - Setting next_dagrun for example_branch_operator to 2023-11-07T00:00:00+00:00, run_after=2023-11-08T00:00:00+00:00
[2023-11-08T14:48:24.930+0000] {processor.py:179} INFO - Processing /home/airflow/.local/lib/python3.11/site-packages/airflow/example_dags/example_branch_operator.py took 0.229 seconds
[2023-11-08T14:48:55.419+0000] {processor.py:157} INFO - Started process (PID=4884) to work on /home/airflow/.local/lib/python3.11/site-packages/airflow/example_dags/example_branch_operator.py
[2023-11-08T14:48:55.420+0000] {processor.py:829} INFO - Processing file /home/airflow/.local/lib/python3.11/site-packages/airflow/example_dags/example_branch_operator.py for tasks to queue
[2023-11-08T14:48:55.421+0000] {logging_mixin.py:154} INFO - [2023-11-08T14:48:55.421+0000] {dagbag.py:536} INFO - Filling up the DagBag from /home/airflow/.local/lib/python3.11/site-packages/airflow/example_dags/example_branch_operator.py
[2023-11-08T14:48:55.428+0000] {processor.py:839} INFO - DAG(s) dict_keys(['example_branch_operator']) retrieved from /home/airflow/.local/lib/python3.11/site-packages/airflow/example_dags/example_branch_operator.py
[2023-11-08T14:48:55.447+0000] {logging_mixin.py:154} INFO - [2023-11-08T14:48:55.447+0000] {dag.py:2941} INFO - Sync 1 DAGs
[2023-11-08T14:48:55.467+0000] {logging_mixin.py:154} INFO - [2023-11-08T14:48:55.467+0000] {dag.py:3722} INFO - Setting next_dagrun for example_branch_operator to 2023-11-07T00:00:00+00:00, run_after=2023-11-08T00:00:00+00:00
[2023-11-08T14:48:55.482+0000] {processor.py:179} INFO - Processing /home/airflow/.local/lib/python3.11/site-packages/airflow/example_dags/example_branch_operator.py took 0.065 seconds
[2023-11-08T14:49:26.454+0000] {processor.py:157} INFO - Started process (PID=4960) to work on /home/airflow/.local/lib/python3.11/site-packages/airflow/example_dags/example_branch_operator.py
[2023-11-08T14:49:26.455+0000] {processor.py:829} INFO - Processing file /home/airflow/.local/lib/python3.11/site-packages/airflow/example_dags/example_branch_operator.py for tasks to queue
[2023-11-08T14:49:26.456+0000] {logging_mixin.py:154} INFO - [2023-11-08T14:49:26.456+0000] {dagbag.py:536} INFO - Filling up the DagBag from /home/airflow/.local/lib/python3.11/site-packages/airflow/example_dags/example_branch_operator.py
[2023-11-08T14:49:26.647+0000] {processor.py:839} INFO - DAG(s) dict_keys(['example_branch_operator']) retrieved from /home/airflow/.local/lib/python3.11/site-packages/airflow/example_dags/example_branch_operator.py
[2023-11-08T14:49:26.662+0000] {logging_mixin.py:154} INFO - [2023-11-08T14:49:26.662+0000] {dag.py:2941} INFO - Sync 1 DAGs
[2023-11-08T14:49:26.677+0000] {logging_mixin.py:154} INFO - [2023-11-08T14:49:26.677+0000] {dag.py:3722} INFO - Setting next_dagrun for example_branch_operator to 2023-11-07T00:00:00+00:00, run_after=2023-11-08T00:00:00+00:00
[2023-11-08T14:49:26.691+0000] {processor.py:179} INFO - Processing /home/airflow/.local/lib/python3.11/site-packages/airflow/example_dags/example_branch_operator.py took 0.239 seconds
[2023-11-08T14:49:56.930+0000] {processor.py:157} INFO - Started process (PID=5036) to work on /home/airflow/.local/lib/python3.11/site-packages/airflow/example_dags/example_branch_operator.py
[2023-11-08T14:49:56.930+0000] {processor.py:829} INFO - Processing file /home/airflow/.local/lib/python3.11/site-packages/airflow/example_dags/example_branch_operator.py for tasks to queue
[2023-11-08T14:49:56.932+0000] {logging_mixin.py:154} INFO - [2023-11-08T14:49:56.932+0000] {dagbag.py:536} INFO - Filling up the DagBag from /home/airflow/.local/lib/python3.11/site-packages/airflow/example_dags/example_branch_operator.py
[2023-11-08T14:49:56.940+0000] {processor.py:839} INFO - DAG(s) dict_keys(['example_branch_operator']) retrieved from /home/airflow/.local/lib/python3.11/site-packages/airflow/example_dags/example_branch_operator.py
[2023-11-08T14:49:56.957+0000] {logging_mixin.py:154} INFO - [2023-11-08T14:49:56.957+0000] {dag.py:2941} INFO - Sync 1 DAGs
[2023-11-08T14:49:56.977+0000] {logging_mixin.py:154} INFO - [2023-11-08T14:49:56.976+0000] {dag.py:3722} INFO - Setting next_dagrun for example_branch_operator to 2023-11-07T00:00:00+00:00, run_after=2023-11-08T00:00:00+00:00
[2023-11-08T14:49:56.991+0000] {processor.py:179} INFO - Processing /home/airflow/.local/lib/python3.11/site-packages/airflow/example_dags/example_branch_operator.py took 0.064 seconds
[2023-11-08T14:50:27.179+0000] {processor.py:157} INFO - Started process (PID=5112) to work on /home/airflow/.local/lib/python3.11/site-packages/airflow/example_dags/example_branch_operator.py
[2023-11-08T14:50:27.180+0000] {processor.py:829} INFO - Processing file /home/airflow/.local/lib/python3.11/site-packages/airflow/example_dags/example_branch_operator.py for tasks to queue
[2023-11-08T14:50:27.182+0000] {logging_mixin.py:154} INFO - [2023-11-08T14:50:27.182+0000] {dagbag.py:536} INFO - Filling up the DagBag from /home/airflow/.local/lib/python3.11/site-packages/airflow/example_dags/example_branch_operator.py
[2023-11-08T14:50:27.189+0000] {processor.py:839} INFO - DAG(s) dict_keys(['example_branch_operator']) retrieved from /home/airflow/.local/lib/python3.11/site-packages/airflow/example_dags/example_branch_operator.py
[2023-11-08T14:50:27.207+0000] {logging_mixin.py:154} INFO - [2023-11-08T14:50:27.206+0000] {dag.py:2941} INFO - Sync 1 DAGs
[2023-11-08T14:50:27.226+0000] {logging_mixin.py:154} INFO - [2023-11-08T14:50:27.226+0000] {dag.py:3722} INFO - Setting next_dagrun for example_branch_operator to 2023-11-07T00:00:00+00:00, run_after=2023-11-08T00:00:00+00:00
[2023-11-08T14:50:27.240+0000] {processor.py:179} INFO - Processing /home/airflow/.local/lib/python3.11/site-packages/airflow/example_dags/example_branch_operator.py took 0.063 seconds
[2023-11-08T14:50:57.624+0000] {processor.py:157} INFO - Started process (PID=5188) to work on /home/airflow/.local/lib/python3.11/site-packages/airflow/example_dags/example_branch_operator.py
[2023-11-08T14:50:57.625+0000] {processor.py:829} INFO - Processing file /home/airflow/.local/lib/python3.11/site-packages/airflow/example_dags/example_branch_operator.py for tasks to queue
[2023-11-08T14:50:57.626+0000] {logging_mixin.py:154} INFO - [2023-11-08T14:50:57.626+0000] {dagbag.py:536} INFO - Filling up the DagBag from /home/airflow/.local/lib/python3.11/site-packages/airflow/example_dags/example_branch_operator.py
[2023-11-08T14:50:57.633+0000] {processor.py:839} INFO - DAG(s) dict_keys(['example_branch_operator']) retrieved from /home/airflow/.local/lib/python3.11/site-packages/airflow/example_dags/example_branch_operator.py
[2023-11-08T14:50:57.651+0000] {logging_mixin.py:154} INFO - [2023-11-08T14:50:57.651+0000] {dag.py:2941} INFO - Sync 1 DAGs
[2023-11-08T14:50:57.671+0000] {logging_mixin.py:154} INFO - [2023-11-08T14:50:57.671+0000] {dag.py:3722} INFO - Setting next_dagrun for example_branch_operator to 2023-11-07T00:00:00+00:00, run_after=2023-11-08T00:00:00+00:00
[2023-11-08T14:50:57.688+0000] {processor.py:179} INFO - Processing /home/airflow/.local/lib/python3.11/site-packages/airflow/example_dags/example_branch_operator.py took 0.066 seconds
[2023-11-08T14:51:28.551+0000] {processor.py:157} INFO - Started process (PID=5264) to work on /home/airflow/.local/lib/python3.11/site-packages/airflow/example_dags/example_branch_operator.py
[2023-11-08T14:51:28.552+0000] {processor.py:829} INFO - Processing file /home/airflow/.local/lib/python3.11/site-packages/airflow/example_dags/example_branch_operator.py for tasks to queue
[2023-11-08T14:51:28.554+0000] {logging_mixin.py:154} INFO - [2023-11-08T14:51:28.554+0000] {dagbag.py:536} INFO - Filling up the DagBag from /home/airflow/.local/lib/python3.11/site-packages/airflow/example_dags/example_branch_operator.py
[2023-11-08T14:51:28.560+0000] {processor.py:839} INFO - DAG(s) dict_keys(['example_branch_operator']) retrieved from /home/airflow/.local/lib/python3.11/site-packages/airflow/example_dags/example_branch_operator.py
[2023-11-08T14:51:28.578+0000] {logging_mixin.py:154} INFO - [2023-11-08T14:51:28.578+0000] {dag.py:2941} INFO - Sync 1 DAGs
[2023-11-08T14:51:28.597+0000] {logging_mixin.py:154} INFO - [2023-11-08T14:51:28.597+0000] {dag.py:3722} INFO - Setting next_dagrun for example_branch_operator to 2023-11-07T00:00:00+00:00, run_after=2023-11-08T00:00:00+00:00
[2023-11-08T14:51:28.611+0000] {processor.py:179} INFO - Processing /home/airflow/.local/lib/python3.11/site-packages/airflow/example_dags/example_branch_operator.py took 0.062 seconds
[2023-11-08T14:51:59.010+0000] {processor.py:157} INFO - Started process (PID=5340) to work on /home/airflow/.local/lib/python3.11/site-packages/airflow/example_dags/example_branch_operator.py
[2023-11-08T14:51:59.012+0000] {processor.py:829} INFO - Processing file /home/airflow/.local/lib/python3.11/site-packages/airflow/example_dags/example_branch_operator.py for tasks to queue
[2023-11-08T14:51:59.015+0000] {logging_mixin.py:154} INFO - [2023-11-08T14:51:59.015+0000] {dagbag.py:536} INFO - Filling up the DagBag from /home/airflow/.local/lib/python3.11/site-packages/airflow/example_dags/example_branch_operator.py
[2023-11-08T14:51:59.030+0000] {processor.py:839} INFO - DAG(s) dict_keys(['example_branch_operator']) retrieved from /home/airflow/.local/lib/python3.11/site-packages/airflow/example_dags/example_branch_operator.py
[2023-11-08T14:51:59.068+0000] {logging_mixin.py:154} INFO - [2023-11-08T14:51:59.068+0000] {dag.py:2941} INFO - Sync 1 DAGs
[2023-11-08T14:51:59.112+0000] {logging_mixin.py:154} INFO - [2023-11-08T14:51:59.112+0000] {dag.py:3722} INFO - Setting next_dagrun for example_branch_operator to 2023-11-07T00:00:00+00:00, run_after=2023-11-08T00:00:00+00:00
[2023-11-08T14:51:59.143+0000] {processor.py:179} INFO - Processing /home/airflow/.local/lib/python3.11/site-packages/airflow/example_dags/example_branch_operator.py took 0.136 seconds
