[2023-11-08T14:16:28.257+0000] {processor.py:157} INFO - Started process (PID=103) to work on /home/airflow/.local/lib/python3.11/site-packages/airflow/example_dags/example_python_operator.py
[2023-11-08T14:16:28.259+0000] {processor.py:829} INFO - Processing file /home/airflow/.local/lib/python3.11/site-packages/airflow/example_dags/example_python_operator.py for tasks to queue
[2023-11-08T14:16:28.271+0000] {logging_mixin.py:154} INFO - [2023-11-08T14:16:28.270+0000] {dagbag.py:536} INFO - Filling up the DagBag from /home/airflow/.local/lib/python3.11/site-packages/airflow/example_dags/example_python_operator.py
[2023-11-08T14:16:28.321+0000] {processor.py:839} INFO - DAG(s) dict_keys(['example_python_operator']) retrieved from /home/airflow/.local/lib/python3.11/site-packages/airflow/example_dags/example_python_operator.py
[2023-11-08T14:16:28.732+0000] {logging_mixin.py:154} INFO - [2023-11-08T14:16:28.731+0000] {manager.py:499} INFO - Created Permission View: %s
[2023-11-08T14:16:28.764+0000] {logging_mixin.py:154} INFO - [2023-11-08T14:16:28.763+0000] {manager.py:499} INFO - Created Permission View: %s
[2023-11-08T14:16:28.786+0000] {logging_mixin.py:154} INFO - [2023-11-08T14:16:28.786+0000] {manager.py:499} INFO - Created Permission View: %s
[2023-11-08T14:16:28.787+0000] {logging_mixin.py:154} INFO - [2023-11-08T14:16:28.787+0000] {dag.py:2941} INFO - Sync 1 DAGs
[2023-11-08T14:16:28.841+0000] {logging_mixin.py:154} INFO - [2023-11-08T14:16:28.840+0000] {dag.py:2963} INFO - Creating ORM DAG for example_python_operator
[2023-11-08T14:16:28.842+0000] {logging_mixin.py:154} INFO - [2023-11-08T14:16:28.842+0000] {dag.py:3722} INFO - Setting next_dagrun for example_python_operator to None, run_after=None
[2023-11-08T14:16:28.901+0000] {processor.py:179} INFO - Processing /home/airflow/.local/lib/python3.11/site-packages/airflow/example_dags/example_python_operator.py took 0.653 seconds
[2023-11-08T14:16:59.364+0000] {processor.py:157} INFO - Started process (PID=179) to work on /home/airflow/.local/lib/python3.11/site-packages/airflow/example_dags/example_python_operator.py
[2023-11-08T14:16:59.365+0000] {processor.py:829} INFO - Processing file /home/airflow/.local/lib/python3.11/site-packages/airflow/example_dags/example_python_operator.py for tasks to queue
[2023-11-08T14:16:59.369+0000] {logging_mixin.py:154} INFO - [2023-11-08T14:16:59.368+0000] {dagbag.py:536} INFO - Filling up the DagBag from /home/airflow/.local/lib/python3.11/site-packages/airflow/example_dags/example_python_operator.py
[2023-11-08T14:16:59.388+0000] {processor.py:839} INFO - DAG(s) dict_keys(['example_python_operator']) retrieved from /home/airflow/.local/lib/python3.11/site-packages/airflow/example_dags/example_python_operator.py
[2023-11-08T14:16:59.428+0000] {logging_mixin.py:154} INFO - [2023-11-08T14:16:59.427+0000] {dag.py:2941} INFO - Sync 1 DAGs
[2023-11-08T14:16:59.452+0000] {logging_mixin.py:154} INFO - [2023-11-08T14:16:59.452+0000] {dag.py:3722} INFO - Setting next_dagrun for example_python_operator to None, run_after=None
[2023-11-08T14:16:59.482+0000] {processor.py:179} INFO - Processing /home/airflow/.local/lib/python3.11/site-packages/airflow/example_dags/example_python_operator.py took 0.123 seconds
[2023-11-08T14:17:29.675+0000] {processor.py:157} INFO - Started process (PID=255) to work on /home/airflow/.local/lib/python3.11/site-packages/airflow/example_dags/example_python_operator.py
[2023-11-08T14:17:29.676+0000] {processor.py:829} INFO - Processing file /home/airflow/.local/lib/python3.11/site-packages/airflow/example_dags/example_python_operator.py for tasks to queue
[2023-11-08T14:17:29.679+0000] {logging_mixin.py:154} INFO - [2023-11-08T14:17:29.679+0000] {dagbag.py:536} INFO - Filling up the DagBag from /home/airflow/.local/lib/python3.11/site-packages/airflow/example_dags/example_python_operator.py
[2023-11-08T14:17:29.697+0000] {processor.py:839} INFO - DAG(s) dict_keys(['example_python_operator']) retrieved from /home/airflow/.local/lib/python3.11/site-packages/airflow/example_dags/example_python_operator.py
[2023-11-08T14:17:29.738+0000] {logging_mixin.py:154} INFO - [2023-11-08T14:17:29.737+0000] {dag.py:2941} INFO - Sync 1 DAGs
[2023-11-08T14:17:29.760+0000] {logging_mixin.py:154} INFO - [2023-11-08T14:17:29.760+0000] {dag.py:3722} INFO - Setting next_dagrun for example_python_operator to None, run_after=None
[2023-11-08T14:17:29.792+0000] {processor.py:179} INFO - Processing /home/airflow/.local/lib/python3.11/site-packages/airflow/example_dags/example_python_operator.py took 0.122 seconds
[2023-11-08T14:18:00.182+0000] {processor.py:157} INFO - Started process (PID=331) to work on /home/airflow/.local/lib/python3.11/site-packages/airflow/example_dags/example_python_operator.py
[2023-11-08T14:18:00.184+0000] {processor.py:829} INFO - Processing file /home/airflow/.local/lib/python3.11/site-packages/airflow/example_dags/example_python_operator.py for tasks to queue
[2023-11-08T14:18:00.188+0000] {logging_mixin.py:154} INFO - [2023-11-08T14:18:00.187+0000] {dagbag.py:536} INFO - Filling up the DagBag from /home/airflow/.local/lib/python3.11/site-packages/airflow/example_dags/example_python_operator.py
[2023-11-08T14:18:00.206+0000] {processor.py:839} INFO - DAG(s) dict_keys(['example_python_operator']) retrieved from /home/airflow/.local/lib/python3.11/site-packages/airflow/example_dags/example_python_operator.py
[2023-11-08T14:18:00.249+0000] {logging_mixin.py:154} INFO - [2023-11-08T14:18:00.248+0000] {dag.py:2941} INFO - Sync 1 DAGs
[2023-11-08T14:18:00.283+0000] {logging_mixin.py:154} INFO - [2023-11-08T14:18:00.283+0000] {dag.py:3722} INFO - Setting next_dagrun for example_python_operator to None, run_after=None
[2023-11-08T14:18:00.409+0000] {processor.py:179} INFO - Processing /home/airflow/.local/lib/python3.11/site-packages/airflow/example_dags/example_python_operator.py took 0.231 seconds
[2023-11-08T14:18:31.492+0000] {processor.py:157} INFO - Started process (PID=407) to work on /home/airflow/.local/lib/python3.11/site-packages/airflow/example_dags/example_python_operator.py
[2023-11-08T14:18:31.496+0000] {processor.py:829} INFO - Processing file /home/airflow/.local/lib/python3.11/site-packages/airflow/example_dags/example_python_operator.py for tasks to queue
[2023-11-08T14:18:31.500+0000] {logging_mixin.py:154} INFO - [2023-11-08T14:18:31.500+0000] {dagbag.py:536} INFO - Filling up the DagBag from /home/airflow/.local/lib/python3.11/site-packages/airflow/example_dags/example_python_operator.py
[2023-11-08T14:18:31.536+0000] {processor.py:839} INFO - DAG(s) dict_keys(['example_python_operator']) retrieved from /home/airflow/.local/lib/python3.11/site-packages/airflow/example_dags/example_python_operator.py
[2023-11-08T14:18:31.620+0000] {logging_mixin.py:154} INFO - [2023-11-08T14:18:31.620+0000] {dag.py:2941} INFO - Sync 1 DAGs
[2023-11-08T14:18:31.676+0000] {logging_mixin.py:154} INFO - [2023-11-08T14:18:31.674+0000] {dag.py:3722} INFO - Setting next_dagrun for example_python_operator to None, run_after=None
[2023-11-08T14:18:31.739+0000] {processor.py:179} INFO - Processing /home/airflow/.local/lib/python3.11/site-packages/airflow/example_dags/example_python_operator.py took 0.252 seconds
[2023-11-08T14:19:10.905+0000] {processor.py:157} INFO - Started process (PID=483) to work on /home/airflow/.local/lib/python3.11/site-packages/airflow/example_dags/example_python_operator.py
[2023-11-08T14:19:10.909+0000] {processor.py:829} INFO - Processing file /home/airflow/.local/lib/python3.11/site-packages/airflow/example_dags/example_python_operator.py for tasks to queue
[2023-11-08T14:19:10.985+0000] {logging_mixin.py:154} INFO - [2023-11-08T14:19:10.984+0000] {dagbag.py:536} INFO - Filling up the DagBag from /home/airflow/.local/lib/python3.11/site-packages/airflow/example_dags/example_python_operator.py
[2023-11-08T14:19:11.097+0000] {processor.py:839} INFO - DAG(s) dict_keys(['example_python_operator']) retrieved from /home/airflow/.local/lib/python3.11/site-packages/airflow/example_dags/example_python_operator.py
[2023-11-08T14:19:12.149+0000] {logging_mixin.py:154} INFO - [2023-11-08T14:19:12.143+0000] {dag.py:2941} INFO - Sync 1 DAGs
[2023-11-08T14:19:12.822+0000] {logging_mixin.py:154} INFO - [2023-11-08T14:19:12.788+0000] {dag.py:3722} INFO - Setting next_dagrun for example_python_operator to None, run_after=None
[2023-11-08T14:19:13.159+0000] {processor.py:179} INFO - Processing /home/airflow/.local/lib/python3.11/site-packages/airflow/example_dags/example_python_operator.py took 2.291 seconds
[2023-11-08T14:19:43.643+0000] {processor.py:157} INFO - Started process (PID=559) to work on /home/airflow/.local/lib/python3.11/site-packages/airflow/example_dags/example_python_operator.py
[2023-11-08T14:19:43.647+0000] {processor.py:829} INFO - Processing file /home/airflow/.local/lib/python3.11/site-packages/airflow/example_dags/example_python_operator.py for tasks to queue
[2023-11-08T14:19:43.661+0000] {logging_mixin.py:154} INFO - [2023-11-08T14:19:43.658+0000] {dagbag.py:536} INFO - Filling up the DagBag from /home/airflow/.local/lib/python3.11/site-packages/airflow/example_dags/example_python_operator.py
[2023-11-08T14:19:43.773+0000] {processor.py:839} INFO - DAG(s) dict_keys(['example_python_operator']) retrieved from /home/airflow/.local/lib/python3.11/site-packages/airflow/example_dags/example_python_operator.py
[2023-11-08T14:19:43.969+0000] {logging_mixin.py:154} INFO - [2023-11-08T14:19:43.968+0000] {dag.py:2941} INFO - Sync 1 DAGs
[2023-11-08T14:19:44.092+0000] {logging_mixin.py:154} INFO - [2023-11-08T14:19:44.091+0000] {dag.py:3722} INFO - Setting next_dagrun for example_python_operator to None, run_after=None
[2023-11-08T14:19:44.207+0000] {processor.py:179} INFO - Processing /home/airflow/.local/lib/python3.11/site-packages/airflow/example_dags/example_python_operator.py took 0.625 seconds
[2023-11-08T14:20:14.742+0000] {processor.py:157} INFO - Started process (PID=635) to work on /home/airflow/.local/lib/python3.11/site-packages/airflow/example_dags/example_python_operator.py
[2023-11-08T14:20:14.746+0000] {processor.py:829} INFO - Processing file /home/airflow/.local/lib/python3.11/site-packages/airflow/example_dags/example_python_operator.py for tasks to queue
[2023-11-08T14:20:14.754+0000] {logging_mixin.py:154} INFO - [2023-11-08T14:20:14.754+0000] {dagbag.py:536} INFO - Filling up the DagBag from /home/airflow/.local/lib/python3.11/site-packages/airflow/example_dags/example_python_operator.py
[2023-11-08T14:20:14.784+0000] {processor.py:839} INFO - DAG(s) dict_keys(['example_python_operator']) retrieved from /home/airflow/.local/lib/python3.11/site-packages/airflow/example_dags/example_python_operator.py
[2023-11-08T14:20:14.837+0000] {logging_mixin.py:154} INFO - [2023-11-08T14:20:14.837+0000] {dag.py:2941} INFO - Sync 1 DAGs
[2023-11-08T14:20:14.865+0000] {logging_mixin.py:154} INFO - [2023-11-08T14:20:14.865+0000] {dag.py:3722} INFO - Setting next_dagrun for example_python_operator to None, run_after=None
[2023-11-08T14:20:14.901+0000] {processor.py:179} INFO - Processing /home/airflow/.local/lib/python3.11/site-packages/airflow/example_dags/example_python_operator.py took 0.170 seconds
[2023-11-08T14:20:45.528+0000] {processor.py:157} INFO - Started process (PID=711) to work on /home/airflow/.local/lib/python3.11/site-packages/airflow/example_dags/example_python_operator.py
[2023-11-08T14:20:45.530+0000] {processor.py:829} INFO - Processing file /home/airflow/.local/lib/python3.11/site-packages/airflow/example_dags/example_python_operator.py for tasks to queue
[2023-11-08T14:20:45.534+0000] {logging_mixin.py:154} INFO - [2023-11-08T14:20:45.533+0000] {dagbag.py:536} INFO - Filling up the DagBag from /home/airflow/.local/lib/python3.11/site-packages/airflow/example_dags/example_python_operator.py
[2023-11-08T14:20:45.561+0000] {processor.py:839} INFO - DAG(s) dict_keys(['example_python_operator']) retrieved from /home/airflow/.local/lib/python3.11/site-packages/airflow/example_dags/example_python_operator.py
[2023-11-08T14:20:45.630+0000] {logging_mixin.py:154} INFO - [2023-11-08T14:20:45.629+0000] {dag.py:2941} INFO - Sync 1 DAGs
[2023-11-08T14:20:45.668+0000] {logging_mixin.py:154} INFO - [2023-11-08T14:20:45.668+0000] {dag.py:3722} INFO - Setting next_dagrun for example_python_operator to None, run_after=None
[2023-11-08T14:20:45.724+0000] {processor.py:179} INFO - Processing /home/airflow/.local/lib/python3.11/site-packages/airflow/example_dags/example_python_operator.py took 0.206 seconds
[2023-11-08T14:21:15.978+0000] {processor.py:157} INFO - Started process (PID=787) to work on /home/airflow/.local/lib/python3.11/site-packages/airflow/example_dags/example_python_operator.py
[2023-11-08T14:21:15.979+0000] {processor.py:829} INFO - Processing file /home/airflow/.local/lib/python3.11/site-packages/airflow/example_dags/example_python_operator.py for tasks to queue
[2023-11-08T14:21:15.984+0000] {logging_mixin.py:154} INFO - [2023-11-08T14:21:15.983+0000] {dagbag.py:536} INFO - Filling up the DagBag from /home/airflow/.local/lib/python3.11/site-packages/airflow/example_dags/example_python_operator.py
[2023-11-08T14:21:16.004+0000] {processor.py:839} INFO - DAG(s) dict_keys(['example_python_operator']) retrieved from /home/airflow/.local/lib/python3.11/site-packages/airflow/example_dags/example_python_operator.py
[2023-11-08T14:21:16.073+0000] {logging_mixin.py:154} INFO - [2023-11-08T14:21:16.073+0000] {dag.py:2941} INFO - Sync 1 DAGs
[2023-11-08T14:21:16.112+0000] {logging_mixin.py:154} INFO - [2023-11-08T14:21:16.111+0000] {dag.py:3722} INFO - Setting next_dagrun for example_python_operator to None, run_after=None
[2023-11-08T14:21:16.164+0000] {processor.py:179} INFO - Processing /home/airflow/.local/lib/python3.11/site-packages/airflow/example_dags/example_python_operator.py took 0.192 seconds
[2023-11-08T14:21:46.730+0000] {processor.py:157} INFO - Started process (PID=863) to work on /home/airflow/.local/lib/python3.11/site-packages/airflow/example_dags/example_python_operator.py
[2023-11-08T14:21:46.732+0000] {processor.py:829} INFO - Processing file /home/airflow/.local/lib/python3.11/site-packages/airflow/example_dags/example_python_operator.py for tasks to queue
[2023-11-08T14:21:46.736+0000] {logging_mixin.py:154} INFO - [2023-11-08T14:21:46.735+0000] {dagbag.py:536} INFO - Filling up the DagBag from /home/airflow/.local/lib/python3.11/site-packages/airflow/example_dags/example_python_operator.py
[2023-11-08T14:21:46.760+0000] {processor.py:839} INFO - DAG(s) dict_keys(['example_python_operator']) retrieved from /home/airflow/.local/lib/python3.11/site-packages/airflow/example_dags/example_python_operator.py
[2023-11-08T14:21:46.830+0000] {logging_mixin.py:154} INFO - [2023-11-08T14:21:46.829+0000] {dag.py:2941} INFO - Sync 1 DAGs
[2023-11-08T14:21:46.863+0000] {logging_mixin.py:154} INFO - [2023-11-08T14:21:46.862+0000] {dag.py:3722} INFO - Setting next_dagrun for example_python_operator to None, run_after=None
[2023-11-08T14:21:46.910+0000] {processor.py:179} INFO - Processing /home/airflow/.local/lib/python3.11/site-packages/airflow/example_dags/example_python_operator.py took 0.185 seconds
[2023-11-08T14:22:17.114+0000] {processor.py:157} INFO - Started process (PID=939) to work on /home/airflow/.local/lib/python3.11/site-packages/airflow/example_dags/example_python_operator.py
[2023-11-08T14:22:17.115+0000] {processor.py:829} INFO - Processing file /home/airflow/.local/lib/python3.11/site-packages/airflow/example_dags/example_python_operator.py for tasks to queue
[2023-11-08T14:22:17.119+0000] {logging_mixin.py:154} INFO - [2023-11-08T14:22:17.119+0000] {dagbag.py:536} INFO - Filling up the DagBag from /home/airflow/.local/lib/python3.11/site-packages/airflow/example_dags/example_python_operator.py
[2023-11-08T14:22:17.137+0000] {processor.py:839} INFO - DAG(s) dict_keys(['example_python_operator']) retrieved from /home/airflow/.local/lib/python3.11/site-packages/airflow/example_dags/example_python_operator.py
[2023-11-08T14:22:17.176+0000] {logging_mixin.py:154} INFO - [2023-11-08T14:22:17.176+0000] {dag.py:2941} INFO - Sync 1 DAGs
[2023-11-08T14:22:17.201+0000] {logging_mixin.py:154} INFO - [2023-11-08T14:22:17.201+0000] {dag.py:3722} INFO - Setting next_dagrun for example_python_operator to None, run_after=None
[2023-11-08T14:22:17.250+0000] {processor.py:179} INFO - Processing /home/airflow/.local/lib/python3.11/site-packages/airflow/example_dags/example_python_operator.py took 0.140 seconds
[2023-11-08T14:22:47.370+0000] {processor.py:157} INFO - Started process (PID=1015) to work on /home/airflow/.local/lib/python3.11/site-packages/airflow/example_dags/example_python_operator.py
[2023-11-08T14:22:47.372+0000] {processor.py:829} INFO - Processing file /home/airflow/.local/lib/python3.11/site-packages/airflow/example_dags/example_python_operator.py for tasks to queue
[2023-11-08T14:22:47.375+0000] {logging_mixin.py:154} INFO - [2023-11-08T14:22:47.374+0000] {dagbag.py:536} INFO - Filling up the DagBag from /home/airflow/.local/lib/python3.11/site-packages/airflow/example_dags/example_python_operator.py
[2023-11-08T14:22:47.397+0000] {processor.py:839} INFO - DAG(s) dict_keys(['example_python_operator']) retrieved from /home/airflow/.local/lib/python3.11/site-packages/airflow/example_dags/example_python_operator.py
[2023-11-08T14:22:47.453+0000] {logging_mixin.py:154} INFO - [2023-11-08T14:22:47.452+0000] {dag.py:2941} INFO - Sync 1 DAGs
[2023-11-08T14:22:47.486+0000] {logging_mixin.py:154} INFO - [2023-11-08T14:22:47.486+0000] {dag.py:3722} INFO - Setting next_dagrun for example_python_operator to None, run_after=None
[2023-11-08T14:22:47.541+0000] {processor.py:179} INFO - Processing /home/airflow/.local/lib/python3.11/site-packages/airflow/example_dags/example_python_operator.py took 0.175 seconds
[2023-11-08T14:23:17.799+0000] {processor.py:157} INFO - Started process (PID=1089) to work on /home/airflow/.local/lib/python3.11/site-packages/airflow/example_dags/example_python_operator.py
[2023-11-08T14:23:17.802+0000] {processor.py:829} INFO - Processing file /home/airflow/.local/lib/python3.11/site-packages/airflow/example_dags/example_python_operator.py for tasks to queue
[2023-11-08T14:23:17.812+0000] {logging_mixin.py:154} INFO - [2023-11-08T14:23:17.811+0000] {dagbag.py:536} INFO - Filling up the DagBag from /home/airflow/.local/lib/python3.11/site-packages/airflow/example_dags/example_python_operator.py
[2023-11-08T14:23:17.851+0000] {processor.py:839} INFO - DAG(s) dict_keys(['example_python_operator']) retrieved from /home/airflow/.local/lib/python3.11/site-packages/airflow/example_dags/example_python_operator.py
[2023-11-08T14:23:17.932+0000] {logging_mixin.py:154} INFO - [2023-11-08T14:23:17.931+0000] {dag.py:2941} INFO - Sync 1 DAGs
[2023-11-08T14:23:17.979+0000] {logging_mixin.py:154} INFO - [2023-11-08T14:23:17.979+0000] {dag.py:3722} INFO - Setting next_dagrun for example_python_operator to None, run_after=None
[2023-11-08T14:23:18.046+0000] {processor.py:179} INFO - Processing /home/airflow/.local/lib/python3.11/site-packages/airflow/example_dags/example_python_operator.py took 0.252 seconds
[2023-11-08T14:23:58.814+0000] {processor.py:157} INFO - Started process (PID=1166) to work on /home/airflow/.local/lib/python3.11/site-packages/airflow/example_dags/example_python_operator.py
[2023-11-08T14:23:58.816+0000] {processor.py:829} INFO - Processing file /home/airflow/.local/lib/python3.11/site-packages/airflow/example_dags/example_python_operator.py for tasks to queue
[2023-11-08T14:23:58.820+0000] {logging_mixin.py:154} INFO - [2023-11-08T14:23:58.820+0000] {dagbag.py:536} INFO - Filling up the DagBag from /home/airflow/.local/lib/python3.11/site-packages/airflow/example_dags/example_python_operator.py
[2023-11-08T14:23:58.845+0000] {processor.py:839} INFO - DAG(s) dict_keys(['example_python_operator']) retrieved from /home/airflow/.local/lib/python3.11/site-packages/airflow/example_dags/example_python_operator.py
[2023-11-08T14:23:58.902+0000] {logging_mixin.py:154} INFO - [2023-11-08T14:23:58.901+0000] {dag.py:2941} INFO - Sync 1 DAGs
[2023-11-08T14:23:58.932+0000] {logging_mixin.py:154} INFO - [2023-11-08T14:23:58.931+0000] {dag.py:3722} INFO - Setting next_dagrun for example_python_operator to None, run_after=None
[2023-11-08T14:23:58.986+0000] {processor.py:179} INFO - Processing /home/airflow/.local/lib/python3.11/site-packages/airflow/example_dags/example_python_operator.py took 0.187 seconds
[2023-11-08T14:24:36.968+0000] {processor.py:157} INFO - Started process (PID=1270) to work on /home/airflow/.local/lib/python3.11/site-packages/airflow/example_dags/example_python_operator.py
[2023-11-08T14:24:36.970+0000] {processor.py:829} INFO - Processing file /home/airflow/.local/lib/python3.11/site-packages/airflow/example_dags/example_python_operator.py for tasks to queue
[2023-11-08T14:24:36.998+0000] {logging_mixin.py:154} INFO - [2023-11-08T14:24:36.997+0000] {dagbag.py:536} INFO - Filling up the DagBag from /home/airflow/.local/lib/python3.11/site-packages/airflow/example_dags/example_python_operator.py
[2023-11-08T14:24:37.075+0000] {processor.py:839} INFO - DAG(s) dict_keys(['example_python_operator']) retrieved from /home/airflow/.local/lib/python3.11/site-packages/airflow/example_dags/example_python_operator.py
[2023-11-08T14:24:37.227+0000] {logging_mixin.py:154} INFO - [2023-11-08T14:24:37.225+0000] {dag.py:2941} INFO - Sync 1 DAGs
[2023-11-08T14:24:37.338+0000] {logging_mixin.py:154} INFO - [2023-11-08T14:24:37.336+0000] {dag.py:3722} INFO - Setting next_dagrun for example_python_operator to None, run_after=None
[2023-11-08T14:24:37.443+0000] {processor.py:179} INFO - Processing /home/airflow/.local/lib/python3.11/site-packages/airflow/example_dags/example_python_operator.py took 0.483 seconds
[2023-11-08T14:25:07.602+0000] {processor.py:157} INFO - Started process (PID=1346) to work on /home/airflow/.local/lib/python3.11/site-packages/airflow/example_dags/example_python_operator.py
[2023-11-08T14:25:07.603+0000] {processor.py:829} INFO - Processing file /home/airflow/.local/lib/python3.11/site-packages/airflow/example_dags/example_python_operator.py for tasks to queue
[2023-11-08T14:25:07.606+0000] {logging_mixin.py:154} INFO - [2023-11-08T14:25:07.605+0000] {dagbag.py:536} INFO - Filling up the DagBag from /home/airflow/.local/lib/python3.11/site-packages/airflow/example_dags/example_python_operator.py
[2023-11-08T14:25:07.623+0000] {processor.py:839} INFO - DAG(s) dict_keys(['example_python_operator']) retrieved from /home/airflow/.local/lib/python3.11/site-packages/airflow/example_dags/example_python_operator.py
[2023-11-08T14:25:07.665+0000] {logging_mixin.py:154} INFO - [2023-11-08T14:25:07.664+0000] {dag.py:2941} INFO - Sync 1 DAGs
[2023-11-08T14:25:07.689+0000] {logging_mixin.py:154} INFO - [2023-11-08T14:25:07.689+0000] {dag.py:3722} INFO - Setting next_dagrun for example_python_operator to None, run_after=None
[2023-11-08T14:25:07.724+0000] {processor.py:179} INFO - Processing /home/airflow/.local/lib/python3.11/site-packages/airflow/example_dags/example_python_operator.py took 0.126 seconds
[2023-11-08T14:25:38.222+0000] {processor.py:157} INFO - Started process (PID=1422) to work on /home/airflow/.local/lib/python3.11/site-packages/airflow/example_dags/example_python_operator.py
[2023-11-08T14:25:38.223+0000] {processor.py:829} INFO - Processing file /home/airflow/.local/lib/python3.11/site-packages/airflow/example_dags/example_python_operator.py for tasks to queue
[2023-11-08T14:25:38.227+0000] {logging_mixin.py:154} INFO - [2023-11-08T14:25:38.226+0000] {dagbag.py:536} INFO - Filling up the DagBag from /home/airflow/.local/lib/python3.11/site-packages/airflow/example_dags/example_python_operator.py
[2023-11-08T14:25:38.244+0000] {processor.py:839} INFO - DAG(s) dict_keys(['example_python_operator']) retrieved from /home/airflow/.local/lib/python3.11/site-packages/airflow/example_dags/example_python_operator.py
[2023-11-08T14:25:38.285+0000] {logging_mixin.py:154} INFO - [2023-11-08T14:25:38.284+0000] {dag.py:2941} INFO - Sync 1 DAGs
[2023-11-08T14:25:38.314+0000] {logging_mixin.py:154} INFO - [2023-11-08T14:25:38.314+0000] {dag.py:3722} INFO - Setting next_dagrun for example_python_operator to None, run_after=None
[2023-11-08T14:25:38.349+0000] {processor.py:179} INFO - Processing /home/airflow/.local/lib/python3.11/site-packages/airflow/example_dags/example_python_operator.py took 0.132 seconds
[2023-11-08T14:26:09.060+0000] {processor.py:157} INFO - Started process (PID=1498) to work on /home/airflow/.local/lib/python3.11/site-packages/airflow/example_dags/example_python_operator.py
[2023-11-08T14:26:09.062+0000] {processor.py:829} INFO - Processing file /home/airflow/.local/lib/python3.11/site-packages/airflow/example_dags/example_python_operator.py for tasks to queue
[2023-11-08T14:26:09.069+0000] {logging_mixin.py:154} INFO - [2023-11-08T14:26:09.068+0000] {dagbag.py:536} INFO - Filling up the DagBag from /home/airflow/.local/lib/python3.11/site-packages/airflow/example_dags/example_python_operator.py
[2023-11-08T14:26:09.106+0000] {processor.py:839} INFO - DAG(s) dict_keys(['example_python_operator']) retrieved from /home/airflow/.local/lib/python3.11/site-packages/airflow/example_dags/example_python_operator.py
[2023-11-08T14:26:09.176+0000] {logging_mixin.py:154} INFO - [2023-11-08T14:26:09.176+0000] {dag.py:2941} INFO - Sync 1 DAGs
[2023-11-08T14:26:09.216+0000] {logging_mixin.py:154} INFO - [2023-11-08T14:26:09.216+0000] {dag.py:3722} INFO - Setting next_dagrun for example_python_operator to None, run_after=None
[2023-11-08T14:26:09.277+0000] {processor.py:179} INFO - Processing /home/airflow/.local/lib/python3.11/site-packages/airflow/example_dags/example_python_operator.py took 0.231 seconds
[2023-11-08T14:26:39.613+0000] {processor.py:157} INFO - Started process (PID=1574) to work on /home/airflow/.local/lib/python3.11/site-packages/airflow/example_dags/example_python_operator.py
[2023-11-08T14:26:39.614+0000] {processor.py:829} INFO - Processing file /home/airflow/.local/lib/python3.11/site-packages/airflow/example_dags/example_python_operator.py for tasks to queue
[2023-11-08T14:26:39.617+0000] {logging_mixin.py:154} INFO - [2023-11-08T14:26:39.616+0000] {dagbag.py:536} INFO - Filling up the DagBag from /home/airflow/.local/lib/python3.11/site-packages/airflow/example_dags/example_python_operator.py
[2023-11-08T14:26:39.633+0000] {processor.py:839} INFO - DAG(s) dict_keys(['example_python_operator']) retrieved from /home/airflow/.local/lib/python3.11/site-packages/airflow/example_dags/example_python_operator.py
[2023-11-08T14:26:39.672+0000] {logging_mixin.py:154} INFO - [2023-11-08T14:26:39.672+0000] {dag.py:2941} INFO - Sync 1 DAGs
[2023-11-08T14:26:39.695+0000] {logging_mixin.py:154} INFO - [2023-11-08T14:26:39.695+0000] {dag.py:3722} INFO - Setting next_dagrun for example_python_operator to None, run_after=None
[2023-11-08T14:26:39.727+0000] {processor.py:179} INFO - Processing /home/airflow/.local/lib/python3.11/site-packages/airflow/example_dags/example_python_operator.py took 0.117 seconds
[2023-11-08T14:27:09.912+0000] {processor.py:157} INFO - Started process (PID=1650) to work on /home/airflow/.local/lib/python3.11/site-packages/airflow/example_dags/example_python_operator.py
[2023-11-08T14:27:09.914+0000] {processor.py:829} INFO - Processing file /home/airflow/.local/lib/python3.11/site-packages/airflow/example_dags/example_python_operator.py for tasks to queue
[2023-11-08T14:27:09.918+0000] {logging_mixin.py:154} INFO - [2023-11-08T14:27:09.917+0000] {dagbag.py:536} INFO - Filling up the DagBag from /home/airflow/.local/lib/python3.11/site-packages/airflow/example_dags/example_python_operator.py
[2023-11-08T14:27:09.936+0000] {processor.py:839} INFO - DAG(s) dict_keys(['example_python_operator']) retrieved from /home/airflow/.local/lib/python3.11/site-packages/airflow/example_dags/example_python_operator.py
[2023-11-08T14:27:09.978+0000] {logging_mixin.py:154} INFO - [2023-11-08T14:27:09.978+0000] {dag.py:2941} INFO - Sync 1 DAGs
[2023-11-08T14:27:10.001+0000] {logging_mixin.py:154} INFO - [2023-11-08T14:27:10.001+0000] {dag.py:3722} INFO - Setting next_dagrun for example_python_operator to None, run_after=None
[2023-11-08T14:27:10.036+0000] {processor.py:179} INFO - Processing /home/airflow/.local/lib/python3.11/site-packages/airflow/example_dags/example_python_operator.py took 0.128 seconds
[2023-11-08T14:27:40.328+0000] {processor.py:157} INFO - Started process (PID=1726) to work on /home/airflow/.local/lib/python3.11/site-packages/airflow/example_dags/example_python_operator.py
[2023-11-08T14:27:40.329+0000] {processor.py:829} INFO - Processing file /home/airflow/.local/lib/python3.11/site-packages/airflow/example_dags/example_python_operator.py for tasks to queue
[2023-11-08T14:27:40.332+0000] {logging_mixin.py:154} INFO - [2023-11-08T14:27:40.332+0000] {dagbag.py:536} INFO - Filling up the DagBag from /home/airflow/.local/lib/python3.11/site-packages/airflow/example_dags/example_python_operator.py
[2023-11-08T14:27:40.350+0000] {processor.py:839} INFO - DAG(s) dict_keys(['example_python_operator']) retrieved from /home/airflow/.local/lib/python3.11/site-packages/airflow/example_dags/example_python_operator.py
[2023-11-08T14:27:40.392+0000] {logging_mixin.py:154} INFO - [2023-11-08T14:27:40.392+0000] {dag.py:2941} INFO - Sync 1 DAGs
[2023-11-08T14:27:40.415+0000] {logging_mixin.py:154} INFO - [2023-11-08T14:27:40.415+0000] {dag.py:3722} INFO - Setting next_dagrun for example_python_operator to None, run_after=None
[2023-11-08T14:27:40.449+0000] {processor.py:179} INFO - Processing /home/airflow/.local/lib/python3.11/site-packages/airflow/example_dags/example_python_operator.py took 0.126 seconds
[2023-11-08T14:28:11.330+0000] {processor.py:157} INFO - Started process (PID=1802) to work on /home/airflow/.local/lib/python3.11/site-packages/airflow/example_dags/example_python_operator.py
[2023-11-08T14:28:11.332+0000] {processor.py:829} INFO - Processing file /home/airflow/.local/lib/python3.11/site-packages/airflow/example_dags/example_python_operator.py for tasks to queue
[2023-11-08T14:28:11.343+0000] {logging_mixin.py:154} INFO - [2023-11-08T14:28:11.342+0000] {dagbag.py:536} INFO - Filling up the DagBag from /home/airflow/.local/lib/python3.11/site-packages/airflow/example_dags/example_python_operator.py
[2023-11-08T14:28:11.385+0000] {processor.py:839} INFO - DAG(s) dict_keys(['example_python_operator']) retrieved from /home/airflow/.local/lib/python3.11/site-packages/airflow/example_dags/example_python_operator.py
[2023-11-08T14:28:11.459+0000] {logging_mixin.py:154} INFO - [2023-11-08T14:28:11.459+0000] {dag.py:2941} INFO - Sync 1 DAGs
[2023-11-08T14:28:11.515+0000] {logging_mixin.py:154} INFO - [2023-11-08T14:28:11.514+0000] {dag.py:3722} INFO - Setting next_dagrun for example_python_operator to None, run_after=None
[2023-11-08T14:28:11.582+0000] {processor.py:179} INFO - Processing /home/airflow/.local/lib/python3.11/site-packages/airflow/example_dags/example_python_operator.py took 0.258 seconds
[2023-11-08T14:28:42.494+0000] {processor.py:157} INFO - Started process (PID=1878) to work on /home/airflow/.local/lib/python3.11/site-packages/airflow/example_dags/example_python_operator.py
[2023-11-08T14:28:42.495+0000] {processor.py:829} INFO - Processing file /home/airflow/.local/lib/python3.11/site-packages/airflow/example_dags/example_python_operator.py for tasks to queue
[2023-11-08T14:28:42.500+0000] {logging_mixin.py:154} INFO - [2023-11-08T14:28:42.499+0000] {dagbag.py:536} INFO - Filling up the DagBag from /home/airflow/.local/lib/python3.11/site-packages/airflow/example_dags/example_python_operator.py
[2023-11-08T14:28:42.521+0000] {processor.py:839} INFO - DAG(s) dict_keys(['example_python_operator']) retrieved from /home/airflow/.local/lib/python3.11/site-packages/airflow/example_dags/example_python_operator.py
[2023-11-08T14:28:42.587+0000] {logging_mixin.py:154} INFO - [2023-11-08T14:28:42.587+0000] {dag.py:2941} INFO - Sync 1 DAGs
[2023-11-08T14:28:42.616+0000] {logging_mixin.py:154} INFO - [2023-11-08T14:28:42.615+0000] {dag.py:3722} INFO - Setting next_dagrun for example_python_operator to None, run_after=None
[2023-11-08T14:28:42.667+0000] {processor.py:179} INFO - Processing /home/airflow/.local/lib/python3.11/site-packages/airflow/example_dags/example_python_operator.py took 0.177 seconds
[2023-11-08T14:29:13.124+0000] {processor.py:157} INFO - Started process (PID=1954) to work on /home/airflow/.local/lib/python3.11/site-packages/airflow/example_dags/example_python_operator.py
[2023-11-08T14:29:13.125+0000] {processor.py:829} INFO - Processing file /home/airflow/.local/lib/python3.11/site-packages/airflow/example_dags/example_python_operator.py for tasks to queue
[2023-11-08T14:29:13.128+0000] {logging_mixin.py:154} INFO - [2023-11-08T14:29:13.128+0000] {dagbag.py:536} INFO - Filling up the DagBag from /home/airflow/.local/lib/python3.11/site-packages/airflow/example_dags/example_python_operator.py
[2023-11-08T14:29:13.146+0000] {processor.py:839} INFO - DAG(s) dict_keys(['example_python_operator']) retrieved from /home/airflow/.local/lib/python3.11/site-packages/airflow/example_dags/example_python_operator.py
[2023-11-08T14:29:13.191+0000] {logging_mixin.py:154} INFO - [2023-11-08T14:29:13.191+0000] {dag.py:2941} INFO - Sync 1 DAGs
[2023-11-08T14:29:13.219+0000] {logging_mixin.py:154} INFO - [2023-11-08T14:29:13.218+0000] {dag.py:3722} INFO - Setting next_dagrun for example_python_operator to None, run_after=None
[2023-11-08T14:29:13.252+0000] {processor.py:179} INFO - Processing /home/airflow/.local/lib/python3.11/site-packages/airflow/example_dags/example_python_operator.py took 0.132 seconds
[2023-11-08T14:29:43.669+0000] {processor.py:157} INFO - Started process (PID=2029) to work on /home/airflow/.local/lib/python3.11/site-packages/airflow/example_dags/example_python_operator.py
[2023-11-08T14:29:43.671+0000] {processor.py:829} INFO - Processing file /home/airflow/.local/lib/python3.11/site-packages/airflow/example_dags/example_python_operator.py for tasks to queue
[2023-11-08T14:29:43.673+0000] {logging_mixin.py:154} INFO - [2023-11-08T14:29:43.673+0000] {dagbag.py:536} INFO - Filling up the DagBag from /home/airflow/.local/lib/python3.11/site-packages/airflow/example_dags/example_python_operator.py
[2023-11-08T14:29:43.690+0000] {processor.py:839} INFO - DAG(s) dict_keys(['example_python_operator']) retrieved from /home/airflow/.local/lib/python3.11/site-packages/airflow/example_dags/example_python_operator.py
[2023-11-08T14:29:43.729+0000] {logging_mixin.py:154} INFO - [2023-11-08T14:29:43.729+0000] {dag.py:2941} INFO - Sync 1 DAGs
[2023-11-08T14:29:43.751+0000] {logging_mixin.py:154} INFO - [2023-11-08T14:29:43.751+0000] {dag.py:3722} INFO - Setting next_dagrun for example_python_operator to None, run_after=None
[2023-11-08T14:29:43.786+0000] {processor.py:179} INFO - Processing /home/airflow/.local/lib/python3.11/site-packages/airflow/example_dags/example_python_operator.py took 0.121 seconds
[2023-11-08T14:30:14.389+0000] {processor.py:157} INFO - Started process (PID=2106) to work on /home/airflow/.local/lib/python3.11/site-packages/airflow/example_dags/example_python_operator.py
[2023-11-08T14:30:14.390+0000] {processor.py:829} INFO - Processing file /home/airflow/.local/lib/python3.11/site-packages/airflow/example_dags/example_python_operator.py for tasks to queue
[2023-11-08T14:30:14.394+0000] {logging_mixin.py:154} INFO - [2023-11-08T14:30:14.394+0000] {dagbag.py:536} INFO - Filling up the DagBag from /home/airflow/.local/lib/python3.11/site-packages/airflow/example_dags/example_python_operator.py
[2023-11-08T14:30:14.417+0000] {processor.py:839} INFO - DAG(s) dict_keys(['example_python_operator']) retrieved from /home/airflow/.local/lib/python3.11/site-packages/airflow/example_dags/example_python_operator.py
[2023-11-08T14:30:14.470+0000] {logging_mixin.py:154} INFO - [2023-11-08T14:30:14.469+0000] {dag.py:2941} INFO - Sync 1 DAGs
[2023-11-08T14:30:14.500+0000] {logging_mixin.py:154} INFO - [2023-11-08T14:30:14.500+0000] {dag.py:3722} INFO - Setting next_dagrun for example_python_operator to None, run_after=None
[2023-11-08T14:30:14.551+0000] {processor.py:179} INFO - Processing /home/airflow/.local/lib/python3.11/site-packages/airflow/example_dags/example_python_operator.py took 0.173 seconds
[2023-11-08T14:30:45.119+0000] {processor.py:157} INFO - Started process (PID=2183) to work on /home/airflow/.local/lib/python3.11/site-packages/airflow/example_dags/example_python_operator.py
[2023-11-08T14:30:45.121+0000] {processor.py:829} INFO - Processing file /home/airflow/.local/lib/python3.11/site-packages/airflow/example_dags/example_python_operator.py for tasks to queue
[2023-11-08T14:30:45.124+0000] {logging_mixin.py:154} INFO - [2023-11-08T14:30:45.123+0000] {dagbag.py:536} INFO - Filling up the DagBag from /home/airflow/.local/lib/python3.11/site-packages/airflow/example_dags/example_python_operator.py
[2023-11-08T14:30:45.143+0000] {processor.py:839} INFO - DAG(s) dict_keys(['example_python_operator']) retrieved from /home/airflow/.local/lib/python3.11/site-packages/airflow/example_dags/example_python_operator.py
[2023-11-08T14:30:45.186+0000] {logging_mixin.py:154} INFO - [2023-11-08T14:30:45.185+0000] {dag.py:2941} INFO - Sync 1 DAGs
[2023-11-08T14:30:45.209+0000] {logging_mixin.py:154} INFO - [2023-11-08T14:30:45.209+0000] {dag.py:3722} INFO - Setting next_dagrun for example_python_operator to None, run_after=None
[2023-11-08T14:30:45.247+0000] {processor.py:179} INFO - Processing /home/airflow/.local/lib/python3.11/site-packages/airflow/example_dags/example_python_operator.py took 0.133 seconds
[2023-11-08T14:31:15.655+0000] {processor.py:157} INFO - Started process (PID=2258) to work on /home/airflow/.local/lib/python3.11/site-packages/airflow/example_dags/example_python_operator.py
[2023-11-08T14:31:15.656+0000] {processor.py:829} INFO - Processing file /home/airflow/.local/lib/python3.11/site-packages/airflow/example_dags/example_python_operator.py for tasks to queue
[2023-11-08T14:31:15.659+0000] {logging_mixin.py:154} INFO - [2023-11-08T14:31:15.658+0000] {dagbag.py:536} INFO - Filling up the DagBag from /home/airflow/.local/lib/python3.11/site-packages/airflow/example_dags/example_python_operator.py
[2023-11-08T14:31:15.673+0000] {processor.py:839} INFO - DAG(s) dict_keys(['example_python_operator']) retrieved from /home/airflow/.local/lib/python3.11/site-packages/airflow/example_dags/example_python_operator.py
[2023-11-08T14:31:15.711+0000] {logging_mixin.py:154} INFO - [2023-11-08T14:31:15.711+0000] {dag.py:2941} INFO - Sync 1 DAGs
[2023-11-08T14:31:15.731+0000] {logging_mixin.py:154} INFO - [2023-11-08T14:31:15.730+0000] {dag.py:3722} INFO - Setting next_dagrun for example_python_operator to None, run_after=None
[2023-11-08T14:31:15.765+0000] {processor.py:179} INFO - Processing /home/airflow/.local/lib/python3.11/site-packages/airflow/example_dags/example_python_operator.py took 0.114 seconds
[2023-11-08T14:31:46.098+0000] {processor.py:157} INFO - Started process (PID=2334) to work on /home/airflow/.local/lib/python3.11/site-packages/airflow/example_dags/example_python_operator.py
[2023-11-08T14:31:46.100+0000] {processor.py:829} INFO - Processing file /home/airflow/.local/lib/python3.11/site-packages/airflow/example_dags/example_python_operator.py for tasks to queue
[2023-11-08T14:31:46.102+0000] {logging_mixin.py:154} INFO - [2023-11-08T14:31:46.102+0000] {dagbag.py:536} INFO - Filling up the DagBag from /home/airflow/.local/lib/python3.11/site-packages/airflow/example_dags/example_python_operator.py
[2023-11-08T14:31:46.117+0000] {processor.py:839} INFO - DAG(s) dict_keys(['example_python_operator']) retrieved from /home/airflow/.local/lib/python3.11/site-packages/airflow/example_dags/example_python_operator.py
[2023-11-08T14:31:46.153+0000] {logging_mixin.py:154} INFO - [2023-11-08T14:31:46.153+0000] {dag.py:2941} INFO - Sync 1 DAGs
[2023-11-08T14:31:46.172+0000] {logging_mixin.py:154} INFO - [2023-11-08T14:31:46.172+0000] {dag.py:3722} INFO - Setting next_dagrun for example_python_operator to None, run_after=None
[2023-11-08T14:31:46.204+0000] {processor.py:179} INFO - Processing /home/airflow/.local/lib/python3.11/site-packages/airflow/example_dags/example_python_operator.py took 0.110 seconds
[2023-11-08T14:32:16.364+0000] {processor.py:157} INFO - Started process (PID=2410) to work on /home/airflow/.local/lib/python3.11/site-packages/airflow/example_dags/example_python_operator.py
[2023-11-08T14:32:16.365+0000] {processor.py:829} INFO - Processing file /home/airflow/.local/lib/python3.11/site-packages/airflow/example_dags/example_python_operator.py for tasks to queue
[2023-11-08T14:32:16.368+0000] {logging_mixin.py:154} INFO - [2023-11-08T14:32:16.367+0000] {dagbag.py:536} INFO - Filling up the DagBag from /home/airflow/.local/lib/python3.11/site-packages/airflow/example_dags/example_python_operator.py
[2023-11-08T14:32:16.383+0000] {processor.py:839} INFO - DAG(s) dict_keys(['example_python_operator']) retrieved from /home/airflow/.local/lib/python3.11/site-packages/airflow/example_dags/example_python_operator.py
[2023-11-08T14:32:16.423+0000] {logging_mixin.py:154} INFO - [2023-11-08T14:32:16.422+0000] {dag.py:2941} INFO - Sync 1 DAGs
[2023-11-08T14:32:16.443+0000] {logging_mixin.py:154} INFO - [2023-11-08T14:32:16.443+0000] {dag.py:3722} INFO - Setting next_dagrun for example_python_operator to None, run_after=None
[2023-11-08T14:32:16.476+0000] {processor.py:179} INFO - Processing /home/airflow/.local/lib/python3.11/site-packages/airflow/example_dags/example_python_operator.py took 0.115 seconds
[2023-11-08T14:32:47.125+0000] {processor.py:157} INFO - Started process (PID=2486) to work on /home/airflow/.local/lib/python3.11/site-packages/airflow/example_dags/example_python_operator.py
[2023-11-08T14:32:47.126+0000] {processor.py:829} INFO - Processing file /home/airflow/.local/lib/python3.11/site-packages/airflow/example_dags/example_python_operator.py for tasks to queue
[2023-11-08T14:32:47.129+0000] {logging_mixin.py:154} INFO - [2023-11-08T14:32:47.129+0000] {dagbag.py:536} INFO - Filling up the DagBag from /home/airflow/.local/lib/python3.11/site-packages/airflow/example_dags/example_python_operator.py
[2023-11-08T14:32:47.146+0000] {processor.py:839} INFO - DAG(s) dict_keys(['example_python_operator']) retrieved from /home/airflow/.local/lib/python3.11/site-packages/airflow/example_dags/example_python_operator.py
[2023-11-08T14:32:47.190+0000] {logging_mixin.py:154} INFO - [2023-11-08T14:32:47.189+0000] {dag.py:2941} INFO - Sync 1 DAGs
[2023-11-08T14:32:47.212+0000] {logging_mixin.py:154} INFO - [2023-11-08T14:32:47.212+0000] {dag.py:3722} INFO - Setting next_dagrun for example_python_operator to None, run_after=None
[2023-11-08T14:32:47.249+0000] {processor.py:179} INFO - Processing /home/airflow/.local/lib/python3.11/site-packages/airflow/example_dags/example_python_operator.py took 0.128 seconds
[2023-11-08T14:33:17.762+0000] {processor.py:157} INFO - Started process (PID=2562) to work on /home/airflow/.local/lib/python3.11/site-packages/airflow/example_dags/example_python_operator.py
[2023-11-08T14:33:17.763+0000] {processor.py:829} INFO - Processing file /home/airflow/.local/lib/python3.11/site-packages/airflow/example_dags/example_python_operator.py for tasks to queue
[2023-11-08T14:33:17.766+0000] {logging_mixin.py:154} INFO - [2023-11-08T14:33:17.766+0000] {dagbag.py:536} INFO - Filling up the DagBag from /home/airflow/.local/lib/python3.11/site-packages/airflow/example_dags/example_python_operator.py
[2023-11-08T14:33:17.781+0000] {processor.py:839} INFO - DAG(s) dict_keys(['example_python_operator']) retrieved from /home/airflow/.local/lib/python3.11/site-packages/airflow/example_dags/example_python_operator.py
[2023-11-08T14:33:17.816+0000] {logging_mixin.py:154} INFO - [2023-11-08T14:33:17.816+0000] {dag.py:2941} INFO - Sync 1 DAGs
[2023-11-08T14:33:17.835+0000] {logging_mixin.py:154} INFO - [2023-11-08T14:33:17.834+0000] {dag.py:3722} INFO - Setting next_dagrun for example_python_operator to None, run_after=None
[2023-11-08T14:33:17.865+0000] {processor.py:179} INFO - Processing /home/airflow/.local/lib/python3.11/site-packages/airflow/example_dags/example_python_operator.py took 0.107 seconds
[2023-11-08T14:33:48.119+0000] {processor.py:157} INFO - Started process (PID=2638) to work on /home/airflow/.local/lib/python3.11/site-packages/airflow/example_dags/example_python_operator.py
[2023-11-08T14:33:48.121+0000] {processor.py:829} INFO - Processing file /home/airflow/.local/lib/python3.11/site-packages/airflow/example_dags/example_python_operator.py for tasks to queue
[2023-11-08T14:33:48.124+0000] {logging_mixin.py:154} INFO - [2023-11-08T14:33:48.124+0000] {dagbag.py:536} INFO - Filling up the DagBag from /home/airflow/.local/lib/python3.11/site-packages/airflow/example_dags/example_python_operator.py
[2023-11-08T14:33:48.145+0000] {processor.py:839} INFO - DAG(s) dict_keys(['example_python_operator']) retrieved from /home/airflow/.local/lib/python3.11/site-packages/airflow/example_dags/example_python_operator.py
[2023-11-08T14:33:48.200+0000] {logging_mixin.py:154} INFO - [2023-11-08T14:33:48.199+0000] {dag.py:2941} INFO - Sync 1 DAGs
[2023-11-08T14:33:48.226+0000] {logging_mixin.py:154} INFO - [2023-11-08T14:33:48.226+0000] {dag.py:3722} INFO - Setting next_dagrun for example_python_operator to None, run_after=None
[2023-11-08T14:33:48.266+0000] {processor.py:179} INFO - Processing /home/airflow/.local/lib/python3.11/site-packages/airflow/example_dags/example_python_operator.py took 0.154 seconds
[2023-11-08T14:34:18.480+0000] {processor.py:157} INFO - Started process (PID=2714) to work on /home/airflow/.local/lib/python3.11/site-packages/airflow/example_dags/example_python_operator.py
[2023-11-08T14:34:18.481+0000] {processor.py:829} INFO - Processing file /home/airflow/.local/lib/python3.11/site-packages/airflow/example_dags/example_python_operator.py for tasks to queue
[2023-11-08T14:34:18.484+0000] {logging_mixin.py:154} INFO - [2023-11-08T14:34:18.483+0000] {dagbag.py:536} INFO - Filling up the DagBag from /home/airflow/.local/lib/python3.11/site-packages/airflow/example_dags/example_python_operator.py
[2023-11-08T14:34:18.501+0000] {processor.py:839} INFO - DAG(s) dict_keys(['example_python_operator']) retrieved from /home/airflow/.local/lib/python3.11/site-packages/airflow/example_dags/example_python_operator.py
[2023-11-08T14:34:18.544+0000] {logging_mixin.py:154} INFO - [2023-11-08T14:34:18.544+0000] {dag.py:2941} INFO - Sync 1 DAGs
[2023-11-08T14:34:18.565+0000] {logging_mixin.py:154} INFO - [2023-11-08T14:34:18.565+0000] {dag.py:3722} INFO - Setting next_dagrun for example_python_operator to None, run_after=None
[2023-11-08T14:34:18.598+0000] {processor.py:179} INFO - Processing /home/airflow/.local/lib/python3.11/site-packages/airflow/example_dags/example_python_operator.py took 0.122 seconds
[2023-11-08T14:34:48.934+0000] {processor.py:157} INFO - Started process (PID=2790) to work on /home/airflow/.local/lib/python3.11/site-packages/airflow/example_dags/example_python_operator.py
[2023-11-08T14:34:48.936+0000] {processor.py:829} INFO - Processing file /home/airflow/.local/lib/python3.11/site-packages/airflow/example_dags/example_python_operator.py for tasks to queue
[2023-11-08T14:34:48.940+0000] {logging_mixin.py:154} INFO - [2023-11-08T14:34:48.940+0000] {dagbag.py:536} INFO - Filling up the DagBag from /home/airflow/.local/lib/python3.11/site-packages/airflow/example_dags/example_python_operator.py
[2023-11-08T14:34:48.960+0000] {processor.py:839} INFO - DAG(s) dict_keys(['example_python_operator']) retrieved from /home/airflow/.local/lib/python3.11/site-packages/airflow/example_dags/example_python_operator.py
[2023-11-08T14:34:48.997+0000] {logging_mixin.py:154} INFO - [2023-11-08T14:34:48.996+0000] {dag.py:2941} INFO - Sync 1 DAGs
[2023-11-08T14:34:49.019+0000] {logging_mixin.py:154} INFO - [2023-11-08T14:34:49.018+0000] {dag.py:3722} INFO - Setting next_dagrun for example_python_operator to None, run_after=None
[2023-11-08T14:34:49.050+0000] {processor.py:179} INFO - Processing /home/airflow/.local/lib/python3.11/site-packages/airflow/example_dags/example_python_operator.py took 0.120 seconds
[2023-11-08T14:35:19.938+0000] {processor.py:157} INFO - Started process (PID=2866) to work on /home/airflow/.local/lib/python3.11/site-packages/airflow/example_dags/example_python_operator.py
[2023-11-08T14:35:19.940+0000] {processor.py:829} INFO - Processing file /home/airflow/.local/lib/python3.11/site-packages/airflow/example_dags/example_python_operator.py for tasks to queue
[2023-11-08T14:35:19.943+0000] {logging_mixin.py:154} INFO - [2023-11-08T14:35:19.943+0000] {dagbag.py:536} INFO - Filling up the DagBag from /home/airflow/.local/lib/python3.11/site-packages/airflow/example_dags/example_python_operator.py
[2023-11-08T14:35:19.958+0000] {processor.py:839} INFO - DAG(s) dict_keys(['example_python_operator']) retrieved from /home/airflow/.local/lib/python3.11/site-packages/airflow/example_dags/example_python_operator.py
[2023-11-08T14:35:20.003+0000] {logging_mixin.py:154} INFO - [2023-11-08T14:35:20.002+0000] {dag.py:2941} INFO - Sync 1 DAGs
[2023-11-08T14:35:20.026+0000] {logging_mixin.py:154} INFO - [2023-11-08T14:35:20.026+0000] {dag.py:3722} INFO - Setting next_dagrun for example_python_operator to None, run_after=None
[2023-11-08T14:35:20.057+0000] {processor.py:179} INFO - Processing /home/airflow/.local/lib/python3.11/site-packages/airflow/example_dags/example_python_operator.py took 0.122 seconds
[2023-11-08T14:35:50.812+0000] {processor.py:157} INFO - Started process (PID=2942) to work on /home/airflow/.local/lib/python3.11/site-packages/airflow/example_dags/example_python_operator.py
[2023-11-08T14:35:50.813+0000] {processor.py:829} INFO - Processing file /home/airflow/.local/lib/python3.11/site-packages/airflow/example_dags/example_python_operator.py for tasks to queue
[2023-11-08T14:35:50.818+0000] {logging_mixin.py:154} INFO - [2023-11-08T14:35:50.817+0000] {dagbag.py:536} INFO - Filling up the DagBag from /home/airflow/.local/lib/python3.11/site-packages/airflow/example_dags/example_python_operator.py
[2023-11-08T14:35:50.840+0000] {processor.py:839} INFO - DAG(s) dict_keys(['example_python_operator']) retrieved from /home/airflow/.local/lib/python3.11/site-packages/airflow/example_dags/example_python_operator.py
[2023-11-08T14:35:50.881+0000] {logging_mixin.py:154} INFO - [2023-11-08T14:35:50.880+0000] {dag.py:2941} INFO - Sync 1 DAGs
[2023-11-08T14:35:50.907+0000] {logging_mixin.py:154} INFO - [2023-11-08T14:35:50.906+0000] {dag.py:3722} INFO - Setting next_dagrun for example_python_operator to None, run_after=None
[2023-11-08T14:35:50.940+0000] {processor.py:179} INFO - Processing /home/airflow/.local/lib/python3.11/site-packages/airflow/example_dags/example_python_operator.py took 0.134 seconds
[2023-11-08T14:36:21.753+0000] {processor.py:157} INFO - Started process (PID=3018) to work on /home/airflow/.local/lib/python3.11/site-packages/airflow/example_dags/example_python_operator.py
[2023-11-08T14:36:21.754+0000] {processor.py:829} INFO - Processing file /home/airflow/.local/lib/python3.11/site-packages/airflow/example_dags/example_python_operator.py for tasks to queue
[2023-11-08T14:36:21.758+0000] {logging_mixin.py:154} INFO - [2023-11-08T14:36:21.757+0000] {dagbag.py:536} INFO - Filling up the DagBag from /home/airflow/.local/lib/python3.11/site-packages/airflow/example_dags/example_python_operator.py
[2023-11-08T14:36:21.778+0000] {processor.py:839} INFO - DAG(s) dict_keys(['example_python_operator']) retrieved from /home/airflow/.local/lib/python3.11/site-packages/airflow/example_dags/example_python_operator.py
[2023-11-08T14:36:21.829+0000] {logging_mixin.py:154} INFO - [2023-11-08T14:36:21.829+0000] {dag.py:2941} INFO - Sync 1 DAGs
[2023-11-08T14:36:21.856+0000] {logging_mixin.py:154} INFO - [2023-11-08T14:36:21.856+0000] {dag.py:3722} INFO - Setting next_dagrun for example_python_operator to None, run_after=None
[2023-11-08T14:36:21.890+0000] {processor.py:179} INFO - Processing /home/airflow/.local/lib/python3.11/site-packages/airflow/example_dags/example_python_operator.py took 0.142 seconds
[2023-11-08T14:36:52.367+0000] {processor.py:157} INFO - Started process (PID=3094) to work on /home/airflow/.local/lib/python3.11/site-packages/airflow/example_dags/example_python_operator.py
[2023-11-08T14:36:52.368+0000] {processor.py:829} INFO - Processing file /home/airflow/.local/lib/python3.11/site-packages/airflow/example_dags/example_python_operator.py for tasks to queue
[2023-11-08T14:36:52.371+0000] {logging_mixin.py:154} INFO - [2023-11-08T14:36:52.370+0000] {dagbag.py:536} INFO - Filling up the DagBag from /home/airflow/.local/lib/python3.11/site-packages/airflow/example_dags/example_python_operator.py
[2023-11-08T14:36:52.393+0000] {processor.py:839} INFO - DAG(s) dict_keys(['example_python_operator']) retrieved from /home/airflow/.local/lib/python3.11/site-packages/airflow/example_dags/example_python_operator.py
[2023-11-08T14:36:52.434+0000] {logging_mixin.py:154} INFO - [2023-11-08T14:36:52.433+0000] {dag.py:2941} INFO - Sync 1 DAGs
[2023-11-08T14:36:52.455+0000] {logging_mixin.py:154} INFO - [2023-11-08T14:36:52.455+0000] {dag.py:3722} INFO - Setting next_dagrun for example_python_operator to None, run_after=None
[2023-11-08T14:36:52.486+0000] {processor.py:179} INFO - Processing /home/airflow/.local/lib/python3.11/site-packages/airflow/example_dags/example_python_operator.py took 0.124 seconds
[2023-11-08T14:37:23.470+0000] {processor.py:157} INFO - Started process (PID=3170) to work on /home/airflow/.local/lib/python3.11/site-packages/airflow/example_dags/example_python_operator.py
[2023-11-08T14:37:23.471+0000] {processor.py:829} INFO - Processing file /home/airflow/.local/lib/python3.11/site-packages/airflow/example_dags/example_python_operator.py for tasks to queue
[2023-11-08T14:37:23.473+0000] {logging_mixin.py:154} INFO - [2023-11-08T14:37:23.473+0000] {dagbag.py:536} INFO - Filling up the DagBag from /home/airflow/.local/lib/python3.11/site-packages/airflow/example_dags/example_python_operator.py
[2023-11-08T14:37:23.480+0000] {processor.py:839} INFO - DAG(s) dict_keys(['example_python_operator']) retrieved from /home/airflow/.local/lib/python3.11/site-packages/airflow/example_dags/example_python_operator.py
[2023-11-08T14:37:23.498+0000] {logging_mixin.py:154} INFO - [2023-11-08T14:37:23.497+0000] {dag.py:2941} INFO - Sync 1 DAGs
[2023-11-08T14:37:23.507+0000] {logging_mixin.py:154} INFO - [2023-11-08T14:37:23.507+0000] {dag.py:3722} INFO - Setting next_dagrun for example_python_operator to None, run_after=None
[2023-11-08T14:37:23.521+0000] {processor.py:179} INFO - Processing /home/airflow/.local/lib/python3.11/site-packages/airflow/example_dags/example_python_operator.py took 0.053 seconds
[2023-11-08T14:37:53.754+0000] {processor.py:157} INFO - Started process (PID=3246) to work on /home/airflow/.local/lib/python3.11/site-packages/airflow/example_dags/example_python_operator.py
[2023-11-08T14:37:53.754+0000] {processor.py:829} INFO - Processing file /home/airflow/.local/lib/python3.11/site-packages/airflow/example_dags/example_python_operator.py for tasks to queue
[2023-11-08T14:37:53.756+0000] {logging_mixin.py:154} INFO - [2023-11-08T14:37:53.755+0000] {dagbag.py:536} INFO - Filling up the DagBag from /home/airflow/.local/lib/python3.11/site-packages/airflow/example_dags/example_python_operator.py
[2023-11-08T14:37:53.763+0000] {processor.py:839} INFO - DAG(s) dict_keys(['example_python_operator']) retrieved from /home/airflow/.local/lib/python3.11/site-packages/airflow/example_dags/example_python_operator.py
[2023-11-08T14:37:53.779+0000] {logging_mixin.py:154} INFO - [2023-11-08T14:37:53.779+0000] {dag.py:2941} INFO - Sync 1 DAGs
[2023-11-08T14:37:53.789+0000] {logging_mixin.py:154} INFO - [2023-11-08T14:37:53.788+0000] {dag.py:3722} INFO - Setting next_dagrun for example_python_operator to None, run_after=None
[2023-11-08T14:37:53.802+0000] {processor.py:179} INFO - Processing /home/airflow/.local/lib/python3.11/site-packages/airflow/example_dags/example_python_operator.py took 0.050 seconds
[2023-11-08T14:38:23.860+0000] {processor.py:157} INFO - Started process (PID=3322) to work on /home/airflow/.local/lib/python3.11/site-packages/airflow/example_dags/example_python_operator.py
[2023-11-08T14:38:23.861+0000] {processor.py:829} INFO - Processing file /home/airflow/.local/lib/python3.11/site-packages/airflow/example_dags/example_python_operator.py for tasks to queue
[2023-11-08T14:38:23.863+0000] {logging_mixin.py:154} INFO - [2023-11-08T14:38:23.863+0000] {dagbag.py:536} INFO - Filling up the DagBag from /home/airflow/.local/lib/python3.11/site-packages/airflow/example_dags/example_python_operator.py
[2023-11-08T14:38:23.870+0000] {processor.py:839} INFO - DAG(s) dict_keys(['example_python_operator']) retrieved from /home/airflow/.local/lib/python3.11/site-packages/airflow/example_dags/example_python_operator.py
[2023-11-08T14:38:23.887+0000] {logging_mixin.py:154} INFO - [2023-11-08T14:38:23.887+0000] {dag.py:2941} INFO - Sync 1 DAGs
[2023-11-08T14:38:23.896+0000] {logging_mixin.py:154} INFO - [2023-11-08T14:38:23.896+0000] {dag.py:3722} INFO - Setting next_dagrun for example_python_operator to None, run_after=None
[2023-11-08T14:38:23.909+0000] {processor.py:179} INFO - Processing /home/airflow/.local/lib/python3.11/site-packages/airflow/example_dags/example_python_operator.py took 0.051 seconds
[2023-11-08T14:38:53.932+0000] {processor.py:157} INFO - Started process (PID=3398) to work on /home/airflow/.local/lib/python3.11/site-packages/airflow/example_dags/example_python_operator.py
[2023-11-08T14:38:53.933+0000] {processor.py:829} INFO - Processing file /home/airflow/.local/lib/python3.11/site-packages/airflow/example_dags/example_python_operator.py for tasks to queue
[2023-11-08T14:38:53.935+0000] {logging_mixin.py:154} INFO - [2023-11-08T14:38:53.934+0000] {dagbag.py:536} INFO - Filling up the DagBag from /home/airflow/.local/lib/python3.11/site-packages/airflow/example_dags/example_python_operator.py
[2023-11-08T14:38:53.942+0000] {processor.py:839} INFO - DAG(s) dict_keys(['example_python_operator']) retrieved from /home/airflow/.local/lib/python3.11/site-packages/airflow/example_dags/example_python_operator.py
[2023-11-08T14:38:53.961+0000] {logging_mixin.py:154} INFO - [2023-11-08T14:38:53.961+0000] {dag.py:2941} INFO - Sync 1 DAGs
[2023-11-08T14:38:53.972+0000] {logging_mixin.py:154} INFO - [2023-11-08T14:38:53.972+0000] {dag.py:3722} INFO - Setting next_dagrun for example_python_operator to None, run_after=None
[2023-11-08T14:38:53.986+0000] {processor.py:179} INFO - Processing /home/airflow/.local/lib/python3.11/site-packages/airflow/example_dags/example_python_operator.py took 0.056 seconds
[2023-11-08T14:39:24.066+0000] {processor.py:157} INFO - Started process (PID=3472) to work on /home/airflow/.local/lib/python3.11/site-packages/airflow/example_dags/example_python_operator.py
[2023-11-08T14:39:24.067+0000] {processor.py:829} INFO - Processing file /home/airflow/.local/lib/python3.11/site-packages/airflow/example_dags/example_python_operator.py for tasks to queue
[2023-11-08T14:39:24.069+0000] {logging_mixin.py:154} INFO - [2023-11-08T14:39:24.068+0000] {dagbag.py:536} INFO - Filling up the DagBag from /home/airflow/.local/lib/python3.11/site-packages/airflow/example_dags/example_python_operator.py
[2023-11-08T14:39:24.076+0000] {processor.py:839} INFO - DAG(s) dict_keys(['example_python_operator']) retrieved from /home/airflow/.local/lib/python3.11/site-packages/airflow/example_dags/example_python_operator.py
[2023-11-08T14:39:24.099+0000] {logging_mixin.py:154} INFO - [2023-11-08T14:39:24.099+0000] {dag.py:2941} INFO - Sync 1 DAGs
[2023-11-08T14:39:24.111+0000] {logging_mixin.py:154} INFO - [2023-11-08T14:39:24.111+0000] {dag.py:3722} INFO - Setting next_dagrun for example_python_operator to None, run_after=None
[2023-11-08T14:39:24.125+0000] {processor.py:179} INFO - Processing /home/airflow/.local/lib/python3.11/site-packages/airflow/example_dags/example_python_operator.py took 0.061 seconds
[2023-11-08T14:39:54.238+0000] {processor.py:157} INFO - Started process (PID=3548) to work on /home/airflow/.local/lib/python3.11/site-packages/airflow/example_dags/example_python_operator.py
[2023-11-08T14:39:54.239+0000] {processor.py:829} INFO - Processing file /home/airflow/.local/lib/python3.11/site-packages/airflow/example_dags/example_python_operator.py for tasks to queue
[2023-11-08T14:39:54.240+0000] {logging_mixin.py:154} INFO - [2023-11-08T14:39:54.240+0000] {dagbag.py:536} INFO - Filling up the DagBag from /home/airflow/.local/lib/python3.11/site-packages/airflow/example_dags/example_python_operator.py
[2023-11-08T14:39:54.247+0000] {processor.py:839} INFO - DAG(s) dict_keys(['example_python_operator']) retrieved from /home/airflow/.local/lib/python3.11/site-packages/airflow/example_dags/example_python_operator.py
[2023-11-08T14:39:54.264+0000] {logging_mixin.py:154} INFO - [2023-11-08T14:39:54.264+0000] {dag.py:2941} INFO - Sync 1 DAGs
[2023-11-08T14:39:54.274+0000] {logging_mixin.py:154} INFO - [2023-11-08T14:39:54.274+0000] {dag.py:3722} INFO - Setting next_dagrun for example_python_operator to None, run_after=None
[2023-11-08T14:39:54.286+0000] {processor.py:179} INFO - Processing /home/airflow/.local/lib/python3.11/site-packages/airflow/example_dags/example_python_operator.py took 0.050 seconds
[2023-11-08T14:40:24.568+0000] {processor.py:157} INFO - Started process (PID=3625) to work on /home/airflow/.local/lib/python3.11/site-packages/airflow/example_dags/example_python_operator.py
[2023-11-08T14:40:24.569+0000] {processor.py:829} INFO - Processing file /home/airflow/.local/lib/python3.11/site-packages/airflow/example_dags/example_python_operator.py for tasks to queue
[2023-11-08T14:40:24.571+0000] {logging_mixin.py:154} INFO - [2023-11-08T14:40:24.570+0000] {dagbag.py:536} INFO - Filling up the DagBag from /home/airflow/.local/lib/python3.11/site-packages/airflow/example_dags/example_python_operator.py
[2023-11-08T14:40:24.579+0000] {processor.py:839} INFO - DAG(s) dict_keys(['example_python_operator']) retrieved from /home/airflow/.local/lib/python3.11/site-packages/airflow/example_dags/example_python_operator.py
[2023-11-08T14:40:24.599+0000] {logging_mixin.py:154} INFO - [2023-11-08T14:40:24.599+0000] {dag.py:2941} INFO - Sync 1 DAGs
[2023-11-08T14:40:24.609+0000] {logging_mixin.py:154} INFO - [2023-11-08T14:40:24.609+0000] {dag.py:3722} INFO - Setting next_dagrun for example_python_operator to None, run_after=None
[2023-11-08T14:40:24.624+0000] {processor.py:179} INFO - Processing /home/airflow/.local/lib/python3.11/site-packages/airflow/example_dags/example_python_operator.py took 0.059 seconds
[2023-11-08T14:40:54.647+0000] {processor.py:157} INFO - Started process (PID=3701) to work on /home/airflow/.local/lib/python3.11/site-packages/airflow/example_dags/example_python_operator.py
[2023-11-08T14:40:54.647+0000] {processor.py:829} INFO - Processing file /home/airflow/.local/lib/python3.11/site-packages/airflow/example_dags/example_python_operator.py for tasks to queue
[2023-11-08T14:40:54.649+0000] {logging_mixin.py:154} INFO - [2023-11-08T14:40:54.648+0000] {dagbag.py:536} INFO - Filling up the DagBag from /home/airflow/.local/lib/python3.11/site-packages/airflow/example_dags/example_python_operator.py
[2023-11-08T14:40:54.656+0000] {processor.py:839} INFO - DAG(s) dict_keys(['example_python_operator']) retrieved from /home/airflow/.local/lib/python3.11/site-packages/airflow/example_dags/example_python_operator.py
[2023-11-08T14:40:54.674+0000] {logging_mixin.py:154} INFO - [2023-11-08T14:40:54.674+0000] {dag.py:2941} INFO - Sync 1 DAGs
[2023-11-08T14:40:54.683+0000] {logging_mixin.py:154} INFO - [2023-11-08T14:40:54.683+0000] {dag.py:3722} INFO - Setting next_dagrun for example_python_operator to None, run_after=None
[2023-11-08T14:40:54.697+0000] {processor.py:179} INFO - Processing /home/airflow/.local/lib/python3.11/site-packages/airflow/example_dags/example_python_operator.py took 0.053 seconds
[2023-11-08T14:41:24.869+0000] {processor.py:157} INFO - Started process (PID=3777) to work on /home/airflow/.local/lib/python3.11/site-packages/airflow/example_dags/example_python_operator.py
[2023-11-08T14:41:24.870+0000] {processor.py:829} INFO - Processing file /home/airflow/.local/lib/python3.11/site-packages/airflow/example_dags/example_python_operator.py for tasks to queue
[2023-11-08T14:41:24.872+0000] {logging_mixin.py:154} INFO - [2023-11-08T14:41:24.871+0000] {dagbag.py:536} INFO - Filling up the DagBag from /home/airflow/.local/lib/python3.11/site-packages/airflow/example_dags/example_python_operator.py
[2023-11-08T14:41:24.879+0000] {processor.py:839} INFO - DAG(s) dict_keys(['example_python_operator']) retrieved from /home/airflow/.local/lib/python3.11/site-packages/airflow/example_dags/example_python_operator.py
[2023-11-08T14:41:24.898+0000] {logging_mixin.py:154} INFO - [2023-11-08T14:41:24.897+0000] {dag.py:2941} INFO - Sync 1 DAGs
[2023-11-08T14:41:24.908+0000] {logging_mixin.py:154} INFO - [2023-11-08T14:41:24.908+0000] {dag.py:3722} INFO - Setting next_dagrun for example_python_operator to None, run_after=None
[2023-11-08T14:41:24.922+0000] {processor.py:179} INFO - Processing /home/airflow/.local/lib/python3.11/site-packages/airflow/example_dags/example_python_operator.py took 0.055 seconds
[2023-11-08T14:41:55.013+0000] {processor.py:157} INFO - Started process (PID=3853) to work on /home/airflow/.local/lib/python3.11/site-packages/airflow/example_dags/example_python_operator.py
[2023-11-08T14:41:55.013+0000] {processor.py:829} INFO - Processing file /home/airflow/.local/lib/python3.11/site-packages/airflow/example_dags/example_python_operator.py for tasks to queue
[2023-11-08T14:41:55.015+0000] {logging_mixin.py:154} INFO - [2023-11-08T14:41:55.014+0000] {dagbag.py:536} INFO - Filling up the DagBag from /home/airflow/.local/lib/python3.11/site-packages/airflow/example_dags/example_python_operator.py
[2023-11-08T14:41:55.022+0000] {processor.py:839} INFO - DAG(s) dict_keys(['example_python_operator']) retrieved from /home/airflow/.local/lib/python3.11/site-packages/airflow/example_dags/example_python_operator.py
[2023-11-08T14:41:55.039+0000] {logging_mixin.py:154} INFO - [2023-11-08T14:41:55.038+0000] {dag.py:2941} INFO - Sync 1 DAGs
[2023-11-08T14:41:55.048+0000] {logging_mixin.py:154} INFO - [2023-11-08T14:41:55.048+0000] {dag.py:3722} INFO - Setting next_dagrun for example_python_operator to None, run_after=None
[2023-11-08T14:41:55.062+0000] {processor.py:179} INFO - Processing /home/airflow/.local/lib/python3.11/site-packages/airflow/example_dags/example_python_operator.py took 0.052 seconds
[2023-11-08T14:42:25.240+0000] {processor.py:157} INFO - Started process (PID=3929) to work on /home/airflow/.local/lib/python3.11/site-packages/airflow/example_dags/example_python_operator.py
[2023-11-08T14:42:25.242+0000] {processor.py:829} INFO - Processing file /home/airflow/.local/lib/python3.11/site-packages/airflow/example_dags/example_python_operator.py for tasks to queue
[2023-11-08T14:42:25.243+0000] {logging_mixin.py:154} INFO - [2023-11-08T14:42:25.243+0000] {dagbag.py:536} INFO - Filling up the DagBag from /home/airflow/.local/lib/python3.11/site-packages/airflow/example_dags/example_python_operator.py
[2023-11-08T14:42:25.251+0000] {processor.py:839} INFO - DAG(s) dict_keys(['example_python_operator']) retrieved from /home/airflow/.local/lib/python3.11/site-packages/airflow/example_dags/example_python_operator.py
[2023-11-08T14:42:25.268+0000] {logging_mixin.py:154} INFO - [2023-11-08T14:42:25.268+0000] {dag.py:2941} INFO - Sync 1 DAGs
[2023-11-08T14:42:25.278+0000] {logging_mixin.py:154} INFO - [2023-11-08T14:42:25.278+0000] {dag.py:3722} INFO - Setting next_dagrun for example_python_operator to None, run_after=None
[2023-11-08T14:42:25.291+0000] {processor.py:179} INFO - Processing /home/airflow/.local/lib/python3.11/site-packages/airflow/example_dags/example_python_operator.py took 0.053 seconds
[2023-11-08T14:42:55.745+0000] {processor.py:157} INFO - Started process (PID=4005) to work on /home/airflow/.local/lib/python3.11/site-packages/airflow/example_dags/example_python_operator.py
[2023-11-08T14:42:55.746+0000] {processor.py:829} INFO - Processing file /home/airflow/.local/lib/python3.11/site-packages/airflow/example_dags/example_python_operator.py for tasks to queue
[2023-11-08T14:42:55.747+0000] {logging_mixin.py:154} INFO - [2023-11-08T14:42:55.747+0000] {dagbag.py:536} INFO - Filling up the DagBag from /home/airflow/.local/lib/python3.11/site-packages/airflow/example_dags/example_python_operator.py
[2023-11-08T14:42:55.754+0000] {processor.py:839} INFO - DAG(s) dict_keys(['example_python_operator']) retrieved from /home/airflow/.local/lib/python3.11/site-packages/airflow/example_dags/example_python_operator.py
[2023-11-08T14:42:55.771+0000] {logging_mixin.py:154} INFO - [2023-11-08T14:42:55.771+0000] {dag.py:2941} INFO - Sync 1 DAGs
[2023-11-08T14:42:55.780+0000] {logging_mixin.py:154} INFO - [2023-11-08T14:42:55.780+0000] {dag.py:3722} INFO - Setting next_dagrun for example_python_operator to None, run_after=None
[2023-11-08T14:42:55.794+0000] {processor.py:179} INFO - Processing /home/airflow/.local/lib/python3.11/site-packages/airflow/example_dags/example_python_operator.py took 0.051 seconds
[2023-11-08T14:43:26.044+0000] {processor.py:157} INFO - Started process (PID=4081) to work on /home/airflow/.local/lib/python3.11/site-packages/airflow/example_dags/example_python_operator.py
[2023-11-08T14:43:26.091+0000] {processor.py:829} INFO - Processing file /home/airflow/.local/lib/python3.11/site-packages/airflow/example_dags/example_python_operator.py for tasks to queue
[2023-11-08T14:43:26.093+0000] {logging_mixin.py:154} INFO - [2023-11-08T14:43:26.092+0000] {dagbag.py:536} INFO - Filling up the DagBag from /home/airflow/.local/lib/python3.11/site-packages/airflow/example_dags/example_python_operator.py
[2023-11-08T14:43:26.100+0000] {processor.py:839} INFO - DAG(s) dict_keys(['example_python_operator']) retrieved from /home/airflow/.local/lib/python3.11/site-packages/airflow/example_dags/example_python_operator.py
[2023-11-08T14:43:26.117+0000] {logging_mixin.py:154} INFO - [2023-11-08T14:43:26.116+0000] {dag.py:2941} INFO - Sync 1 DAGs
[2023-11-08T14:43:26.126+0000] {logging_mixin.py:154} INFO - [2023-11-08T14:43:26.125+0000] {dag.py:3722} INFO - Setting next_dagrun for example_python_operator to None, run_after=None
[2023-11-08T14:43:26.138+0000] {processor.py:179} INFO - Processing /home/airflow/.local/lib/python3.11/site-packages/airflow/example_dags/example_python_operator.py took 0.097 seconds
[2023-11-08T14:43:56.579+0000] {processor.py:157} INFO - Started process (PID=4157) to work on /home/airflow/.local/lib/python3.11/site-packages/airflow/example_dags/example_python_operator.py
[2023-11-08T14:43:56.579+0000] {processor.py:829} INFO - Processing file /home/airflow/.local/lib/python3.11/site-packages/airflow/example_dags/example_python_operator.py for tasks to queue
[2023-11-08T14:43:56.581+0000] {logging_mixin.py:154} INFO - [2023-11-08T14:43:56.581+0000] {dagbag.py:536} INFO - Filling up the DagBag from /home/airflow/.local/lib/python3.11/site-packages/airflow/example_dags/example_python_operator.py
[2023-11-08T14:43:56.588+0000] {processor.py:839} INFO - DAG(s) dict_keys(['example_python_operator']) retrieved from /home/airflow/.local/lib/python3.11/site-packages/airflow/example_dags/example_python_operator.py
[2023-11-08T14:43:56.605+0000] {logging_mixin.py:154} INFO - [2023-11-08T14:43:56.605+0000] {dag.py:2941} INFO - Sync 1 DAGs
[2023-11-08T14:43:56.614+0000] {logging_mixin.py:154} INFO - [2023-11-08T14:43:56.614+0000] {dag.py:3722} INFO - Setting next_dagrun for example_python_operator to None, run_after=None
[2023-11-08T14:43:56.627+0000] {processor.py:179} INFO - Processing /home/airflow/.local/lib/python3.11/site-packages/airflow/example_dags/example_python_operator.py took 0.050 seconds
[2023-11-08T14:44:26.769+0000] {processor.py:157} INFO - Started process (PID=4233) to work on /home/airflow/.local/lib/python3.11/site-packages/airflow/example_dags/example_python_operator.py
[2023-11-08T14:44:26.769+0000] {processor.py:829} INFO - Processing file /home/airflow/.local/lib/python3.11/site-packages/airflow/example_dags/example_python_operator.py for tasks to queue
[2023-11-08T14:44:26.771+0000] {logging_mixin.py:154} INFO - [2023-11-08T14:44:26.771+0000] {dagbag.py:536} INFO - Filling up the DagBag from /home/airflow/.local/lib/python3.11/site-packages/airflow/example_dags/example_python_operator.py
[2023-11-08T14:44:26.778+0000] {processor.py:839} INFO - DAG(s) dict_keys(['example_python_operator']) retrieved from /home/airflow/.local/lib/python3.11/site-packages/airflow/example_dags/example_python_operator.py
[2023-11-08T14:44:26.795+0000] {logging_mixin.py:154} INFO - [2023-11-08T14:44:26.795+0000] {dag.py:2941} INFO - Sync 1 DAGs
[2023-11-08T14:44:26.804+0000] {logging_mixin.py:154} INFO - [2023-11-08T14:44:26.804+0000] {dag.py:3722} INFO - Setting next_dagrun for example_python_operator to None, run_after=None
[2023-11-08T14:44:26.816+0000] {processor.py:179} INFO - Processing /home/airflow/.local/lib/python3.11/site-packages/airflow/example_dags/example_python_operator.py took 0.050 seconds
[2023-11-08T14:44:57.151+0000] {processor.py:157} INFO - Started process (PID=4309) to work on /home/airflow/.local/lib/python3.11/site-packages/airflow/example_dags/example_python_operator.py
[2023-11-08T14:44:57.151+0000] {processor.py:829} INFO - Processing file /home/airflow/.local/lib/python3.11/site-packages/airflow/example_dags/example_python_operator.py for tasks to queue
[2023-11-08T14:44:57.153+0000] {logging_mixin.py:154} INFO - [2023-11-08T14:44:57.153+0000] {dagbag.py:536} INFO - Filling up the DagBag from /home/airflow/.local/lib/python3.11/site-packages/airflow/example_dags/example_python_operator.py
[2023-11-08T14:44:57.160+0000] {processor.py:839} INFO - DAG(s) dict_keys(['example_python_operator']) retrieved from /home/airflow/.local/lib/python3.11/site-packages/airflow/example_dags/example_python_operator.py
[2023-11-08T14:44:57.180+0000] {logging_mixin.py:154} INFO - [2023-11-08T14:44:57.180+0000] {dag.py:2941} INFO - Sync 1 DAGs
[2023-11-08T14:44:57.190+0000] {logging_mixin.py:154} INFO - [2023-11-08T14:44:57.189+0000] {dag.py:3722} INFO - Setting next_dagrun for example_python_operator to None, run_after=None
[2023-11-08T14:44:57.203+0000] {processor.py:179} INFO - Processing /home/airflow/.local/lib/python3.11/site-packages/airflow/example_dags/example_python_operator.py took 0.054 seconds
[2023-11-08T14:45:27.683+0000] {processor.py:157} INFO - Started process (PID=4386) to work on /home/airflow/.local/lib/python3.11/site-packages/airflow/example_dags/example_python_operator.py
[2023-11-08T14:45:27.684+0000] {processor.py:829} INFO - Processing file /home/airflow/.local/lib/python3.11/site-packages/airflow/example_dags/example_python_operator.py for tasks to queue
[2023-11-08T14:45:27.685+0000] {logging_mixin.py:154} INFO - [2023-11-08T14:45:27.685+0000] {dagbag.py:536} INFO - Filling up the DagBag from /home/airflow/.local/lib/python3.11/site-packages/airflow/example_dags/example_python_operator.py
[2023-11-08T14:45:27.693+0000] {processor.py:839} INFO - DAG(s) dict_keys(['example_python_operator']) retrieved from /home/airflow/.local/lib/python3.11/site-packages/airflow/example_dags/example_python_operator.py
[2023-11-08T14:45:27.711+0000] {logging_mixin.py:154} INFO - [2023-11-08T14:45:27.711+0000] {dag.py:2941} INFO - Sync 1 DAGs
[2023-11-08T14:45:27.721+0000] {logging_mixin.py:154} INFO - [2023-11-08T14:45:27.721+0000] {dag.py:3722} INFO - Setting next_dagrun for example_python_operator to None, run_after=None
[2023-11-08T14:45:27.737+0000] {processor.py:179} INFO - Processing /home/airflow/.local/lib/python3.11/site-packages/airflow/example_dags/example_python_operator.py took 0.057 seconds
[2023-11-08T14:45:58.094+0000] {processor.py:157} INFO - Started process (PID=4462) to work on /home/airflow/.local/lib/python3.11/site-packages/airflow/example_dags/example_python_operator.py
[2023-11-08T14:45:58.095+0000] {processor.py:829} INFO - Processing file /home/airflow/.local/lib/python3.11/site-packages/airflow/example_dags/example_python_operator.py for tasks to queue
[2023-11-08T14:45:58.096+0000] {logging_mixin.py:154} INFO - [2023-11-08T14:45:58.096+0000] {dagbag.py:536} INFO - Filling up the DagBag from /home/airflow/.local/lib/python3.11/site-packages/airflow/example_dags/example_python_operator.py
[2023-11-08T14:45:58.104+0000] {processor.py:839} INFO - DAG(s) dict_keys(['example_python_operator']) retrieved from /home/airflow/.local/lib/python3.11/site-packages/airflow/example_dags/example_python_operator.py
[2023-11-08T14:45:58.121+0000] {logging_mixin.py:154} INFO - [2023-11-08T14:45:58.120+0000] {dag.py:2941} INFO - Sync 1 DAGs
[2023-11-08T14:45:58.304+0000] {logging_mixin.py:154} INFO - [2023-11-08T14:45:58.304+0000] {dag.py:3722} INFO - Setting next_dagrun for example_python_operator to None, run_after=None
[2023-11-08T14:45:58.318+0000] {processor.py:179} INFO - Processing /home/airflow/.local/lib/python3.11/site-packages/airflow/example_dags/example_python_operator.py took 0.225 seconds
[2023-11-08T14:46:28.882+0000] {processor.py:157} INFO - Started process (PID=4538) to work on /home/airflow/.local/lib/python3.11/site-packages/airflow/example_dags/example_python_operator.py
[2023-11-08T14:46:28.883+0000] {processor.py:829} INFO - Processing file /home/airflow/.local/lib/python3.11/site-packages/airflow/example_dags/example_python_operator.py for tasks to queue
[2023-11-08T14:46:28.884+0000] {logging_mixin.py:154} INFO - [2023-11-08T14:46:28.884+0000] {dagbag.py:536} INFO - Filling up the DagBag from /home/airflow/.local/lib/python3.11/site-packages/airflow/example_dags/example_python_operator.py
[2023-11-08T14:46:28.893+0000] {processor.py:839} INFO - DAG(s) dict_keys(['example_python_operator']) retrieved from /home/airflow/.local/lib/python3.11/site-packages/airflow/example_dags/example_python_operator.py
[2023-11-08T14:46:28.911+0000] {logging_mixin.py:154} INFO - [2023-11-08T14:46:28.911+0000] {dag.py:2941} INFO - Sync 1 DAGs
[2023-11-08T14:46:28.921+0000] {logging_mixin.py:154} INFO - [2023-11-08T14:46:28.921+0000] {dag.py:3722} INFO - Setting next_dagrun for example_python_operator to None, run_after=None
[2023-11-08T14:46:29.104+0000] {processor.py:179} INFO - Processing /home/airflow/.local/lib/python3.11/site-packages/airflow/example_dags/example_python_operator.py took 0.224 seconds
[2023-11-08T14:46:59.130+0000] {processor.py:157} INFO - Started process (PID=4613) to work on /home/airflow/.local/lib/python3.11/site-packages/airflow/example_dags/example_python_operator.py
[2023-11-08T14:46:59.131+0000] {processor.py:829} INFO - Processing file /home/airflow/.local/lib/python3.11/site-packages/airflow/example_dags/example_python_operator.py for tasks to queue
[2023-11-08T14:46:59.133+0000] {logging_mixin.py:154} INFO - [2023-11-08T14:46:59.132+0000] {dagbag.py:536} INFO - Filling up the DagBag from /home/airflow/.local/lib/python3.11/site-packages/airflow/example_dags/example_python_operator.py
[2023-11-08T14:46:59.140+0000] {processor.py:839} INFO - DAG(s) dict_keys(['example_python_operator']) retrieved from /home/airflow/.local/lib/python3.11/site-packages/airflow/example_dags/example_python_operator.py
[2023-11-08T14:46:59.157+0000] {logging_mixin.py:154} INFO - [2023-11-08T14:46:59.157+0000] {dag.py:2941} INFO - Sync 1 DAGs
[2023-11-08T14:46:59.167+0000] {logging_mixin.py:154} INFO - [2023-11-08T14:46:59.167+0000] {dag.py:3722} INFO - Setting next_dagrun for example_python_operator to None, run_after=None
[2023-11-08T14:46:59.182+0000] {processor.py:179} INFO - Processing /home/airflow/.local/lib/python3.11/site-packages/airflow/example_dags/example_python_operator.py took 0.054 seconds
[2023-11-08T14:47:29.235+0000] {processor.py:157} INFO - Started process (PID=4689) to work on /home/airflow/.local/lib/python3.11/site-packages/airflow/example_dags/example_python_operator.py
[2023-11-08T14:47:29.236+0000] {processor.py:829} INFO - Processing file /home/airflow/.local/lib/python3.11/site-packages/airflow/example_dags/example_python_operator.py for tasks to queue
[2023-11-08T14:47:29.237+0000] {logging_mixin.py:154} INFO - [2023-11-08T14:47:29.237+0000] {dagbag.py:536} INFO - Filling up the DagBag from /home/airflow/.local/lib/python3.11/site-packages/airflow/example_dags/example_python_operator.py
[2023-11-08T14:47:29.245+0000] {processor.py:839} INFO - DAG(s) dict_keys(['example_python_operator']) retrieved from /home/airflow/.local/lib/python3.11/site-packages/airflow/example_dags/example_python_operator.py
[2023-11-08T14:47:29.262+0000] {logging_mixin.py:154} INFO - [2023-11-08T14:47:29.262+0000] {dag.py:2941} INFO - Sync 1 DAGs
[2023-11-08T14:47:29.271+0000] {logging_mixin.py:154} INFO - [2023-11-08T14:47:29.271+0000] {dag.py:3722} INFO - Setting next_dagrun for example_python_operator to None, run_after=None
[2023-11-08T14:47:29.285+0000] {processor.py:179} INFO - Processing /home/airflow/.local/lib/python3.11/site-packages/airflow/example_dags/example_python_operator.py took 0.052 seconds
[2023-11-08T14:47:59.574+0000] {processor.py:157} INFO - Started process (PID=4765) to work on /home/airflow/.local/lib/python3.11/site-packages/airflow/example_dags/example_python_operator.py
[2023-11-08T14:47:59.574+0000] {processor.py:829} INFO - Processing file /home/airflow/.local/lib/python3.11/site-packages/airflow/example_dags/example_python_operator.py for tasks to queue
[2023-11-08T14:47:59.576+0000] {logging_mixin.py:154} INFO - [2023-11-08T14:47:59.575+0000] {dagbag.py:536} INFO - Filling up the DagBag from /home/airflow/.local/lib/python3.11/site-packages/airflow/example_dags/example_python_operator.py
[2023-11-08T14:47:59.583+0000] {processor.py:839} INFO - DAG(s) dict_keys(['example_python_operator']) retrieved from /home/airflow/.local/lib/python3.11/site-packages/airflow/example_dags/example_python_operator.py
[2023-11-08T14:47:59.599+0000] {logging_mixin.py:154} INFO - [2023-11-08T14:47:59.599+0000] {dag.py:2941} INFO - Sync 1 DAGs
[2023-11-08T14:47:59.609+0000] {logging_mixin.py:154} INFO - [2023-11-08T14:47:59.609+0000] {dag.py:3722} INFO - Setting next_dagrun for example_python_operator to None, run_after=None
[2023-11-08T14:47:59.624+0000] {processor.py:179} INFO - Processing /home/airflow/.local/lib/python3.11/site-packages/airflow/example_dags/example_python_operator.py took 0.052 seconds
[2023-11-08T14:48:30.581+0000] {processor.py:157} INFO - Started process (PID=4841) to work on /home/airflow/.local/lib/python3.11/site-packages/airflow/example_dags/example_python_operator.py
[2023-11-08T14:48:30.582+0000] {processor.py:829} INFO - Processing file /home/airflow/.local/lib/python3.11/site-packages/airflow/example_dags/example_python_operator.py for tasks to queue
[2023-11-08T14:48:30.584+0000] {logging_mixin.py:154} INFO - [2023-11-08T14:48:30.584+0000] {dagbag.py:536} INFO - Filling up the DagBag from /home/airflow/.local/lib/python3.11/site-packages/airflow/example_dags/example_python_operator.py
[2023-11-08T14:48:30.591+0000] {processor.py:839} INFO - DAG(s) dict_keys(['example_python_operator']) retrieved from /home/airflow/.local/lib/python3.11/site-packages/airflow/example_dags/example_python_operator.py
[2023-11-08T14:48:30.608+0000] {logging_mixin.py:154} INFO - [2023-11-08T14:48:30.608+0000] {dag.py:2941} INFO - Sync 1 DAGs
[2023-11-08T14:48:30.758+0000] {logging_mixin.py:154} INFO - [2023-11-08T14:48:30.758+0000] {dag.py:3722} INFO - Setting next_dagrun for example_python_operator to None, run_after=None
[2023-11-08T14:48:30.771+0000] {processor.py:179} INFO - Processing /home/airflow/.local/lib/python3.11/site-packages/airflow/example_dags/example_python_operator.py took 0.192 seconds
[2023-11-08T14:49:00.947+0000] {processor.py:157} INFO - Started process (PID=4917) to work on /home/airflow/.local/lib/python3.11/site-packages/airflow/example_dags/example_python_operator.py
[2023-11-08T14:49:00.948+0000] {processor.py:829} INFO - Processing file /home/airflow/.local/lib/python3.11/site-packages/airflow/example_dags/example_python_operator.py for tasks to queue
[2023-11-08T14:49:00.949+0000] {logging_mixin.py:154} INFO - [2023-11-08T14:49:00.949+0000] {dagbag.py:536} INFO - Filling up the DagBag from /home/airflow/.local/lib/python3.11/site-packages/airflow/example_dags/example_python_operator.py
[2023-11-08T14:49:00.957+0000] {processor.py:839} INFO - DAG(s) dict_keys(['example_python_operator']) retrieved from /home/airflow/.local/lib/python3.11/site-packages/airflow/example_dags/example_python_operator.py
[2023-11-08T14:49:00.974+0000] {logging_mixin.py:154} INFO - [2023-11-08T14:49:00.974+0000] {dag.py:2941} INFO - Sync 1 DAGs
[2023-11-08T14:49:00.984+0000] {logging_mixin.py:154} INFO - [2023-11-08T14:49:00.984+0000] {dag.py:3722} INFO - Setting next_dagrun for example_python_operator to None, run_after=None
[2023-11-08T14:49:01.140+0000] {processor.py:179} INFO - Processing /home/airflow/.local/lib/python3.11/site-packages/airflow/example_dags/example_python_operator.py took 0.195 seconds
[2023-11-08T14:49:31.236+0000] {processor.py:157} INFO - Started process (PID=4993) to work on /home/airflow/.local/lib/python3.11/site-packages/airflow/example_dags/example_python_operator.py
[2023-11-08T14:49:31.236+0000] {processor.py:829} INFO - Processing file /home/airflow/.local/lib/python3.11/site-packages/airflow/example_dags/example_python_operator.py for tasks to queue
[2023-11-08T14:49:31.238+0000] {logging_mixin.py:154} INFO - [2023-11-08T14:49:31.237+0000] {dagbag.py:536} INFO - Filling up the DagBag from /home/airflow/.local/lib/python3.11/site-packages/airflow/example_dags/example_python_operator.py
[2023-11-08T14:49:31.245+0000] {processor.py:839} INFO - DAG(s) dict_keys(['example_python_operator']) retrieved from /home/airflow/.local/lib/python3.11/site-packages/airflow/example_dags/example_python_operator.py
[2023-11-08T14:49:31.265+0000] {logging_mixin.py:154} INFO - [2023-11-08T14:49:31.264+0000] {dag.py:2941} INFO - Sync 1 DAGs
[2023-11-08T14:49:31.276+0000] {logging_mixin.py:154} INFO - [2023-11-08T14:49:31.276+0000] {dag.py:3722} INFO - Setting next_dagrun for example_python_operator to None, run_after=None
[2023-11-08T14:49:31.291+0000] {processor.py:179} INFO - Processing /home/airflow/.local/lib/python3.11/site-packages/airflow/example_dags/example_python_operator.py took 0.058 seconds
[2023-11-08T14:50:01.467+0000] {processor.py:157} INFO - Started process (PID=5069) to work on /home/airflow/.local/lib/python3.11/site-packages/airflow/example_dags/example_python_operator.py
[2023-11-08T14:50:01.468+0000] {processor.py:829} INFO - Processing file /home/airflow/.local/lib/python3.11/site-packages/airflow/example_dags/example_python_operator.py for tasks to queue
[2023-11-08T14:50:01.470+0000] {logging_mixin.py:154} INFO - [2023-11-08T14:50:01.469+0000] {dagbag.py:536} INFO - Filling up the DagBag from /home/airflow/.local/lib/python3.11/site-packages/airflow/example_dags/example_python_operator.py
[2023-11-08T14:50:01.477+0000] {processor.py:839} INFO - DAG(s) dict_keys(['example_python_operator']) retrieved from /home/airflow/.local/lib/python3.11/site-packages/airflow/example_dags/example_python_operator.py
[2023-11-08T14:50:01.495+0000] {logging_mixin.py:154} INFO - [2023-11-08T14:50:01.494+0000] {dag.py:2941} INFO - Sync 1 DAGs
[2023-11-08T14:50:01.504+0000] {logging_mixin.py:154} INFO - [2023-11-08T14:50:01.504+0000] {dag.py:3722} INFO - Setting next_dagrun for example_python_operator to None, run_after=None
[2023-11-08T14:50:01.518+0000] {processor.py:179} INFO - Processing /home/airflow/.local/lib/python3.11/site-packages/airflow/example_dags/example_python_operator.py took 0.053 seconds
[2023-11-08T14:50:31.758+0000] {processor.py:157} INFO - Started process (PID=5145) to work on /home/airflow/.local/lib/python3.11/site-packages/airflow/example_dags/example_python_operator.py
[2023-11-08T14:50:31.759+0000] {processor.py:829} INFO - Processing file /home/airflow/.local/lib/python3.11/site-packages/airflow/example_dags/example_python_operator.py for tasks to queue
[2023-11-08T14:50:31.760+0000] {logging_mixin.py:154} INFO - [2023-11-08T14:50:31.760+0000] {dagbag.py:536} INFO - Filling up the DagBag from /home/airflow/.local/lib/python3.11/site-packages/airflow/example_dags/example_python_operator.py
[2023-11-08T14:50:31.767+0000] {processor.py:839} INFO - DAG(s) dict_keys(['example_python_operator']) retrieved from /home/airflow/.local/lib/python3.11/site-packages/airflow/example_dags/example_python_operator.py
[2023-11-08T14:50:31.784+0000] {logging_mixin.py:154} INFO - [2023-11-08T14:50:31.783+0000] {dag.py:2941} INFO - Sync 1 DAGs
[2023-11-08T14:50:31.793+0000] {logging_mixin.py:154} INFO - [2023-11-08T14:50:31.792+0000] {dag.py:3722} INFO - Setting next_dagrun for example_python_operator to None, run_after=None
[2023-11-08T14:50:31.805+0000] {processor.py:179} INFO - Processing /home/airflow/.local/lib/python3.11/site-packages/airflow/example_dags/example_python_operator.py took 0.049 seconds
[2023-11-08T14:51:02.148+0000] {processor.py:157} INFO - Started process (PID=5221) to work on /home/airflow/.local/lib/python3.11/site-packages/airflow/example_dags/example_python_operator.py
[2023-11-08T14:51:02.149+0000] {processor.py:829} INFO - Processing file /home/airflow/.local/lib/python3.11/site-packages/airflow/example_dags/example_python_operator.py for tasks to queue
[2023-11-08T14:51:02.151+0000] {logging_mixin.py:154} INFO - [2023-11-08T14:51:02.150+0000] {dagbag.py:536} INFO - Filling up the DagBag from /home/airflow/.local/lib/python3.11/site-packages/airflow/example_dags/example_python_operator.py
[2023-11-08T14:51:02.158+0000] {processor.py:839} INFO - DAG(s) dict_keys(['example_python_operator']) retrieved from /home/airflow/.local/lib/python3.11/site-packages/airflow/example_dags/example_python_operator.py
[2023-11-08T14:51:02.175+0000] {logging_mixin.py:154} INFO - [2023-11-08T14:51:02.175+0000] {dag.py:2941} INFO - Sync 1 DAGs
[2023-11-08T14:51:02.184+0000] {logging_mixin.py:154} INFO - [2023-11-08T14:51:02.184+0000] {dag.py:3722} INFO - Setting next_dagrun for example_python_operator to None, run_after=None
[2023-11-08T14:51:02.198+0000] {processor.py:179} INFO - Processing /home/airflow/.local/lib/python3.11/site-packages/airflow/example_dags/example_python_operator.py took 0.052 seconds
[2023-11-08T14:51:32.499+0000] {processor.py:157} INFO - Started process (PID=5297) to work on /home/airflow/.local/lib/python3.11/site-packages/airflow/example_dags/example_python_operator.py
[2023-11-08T14:51:32.499+0000] {processor.py:829} INFO - Processing file /home/airflow/.local/lib/python3.11/site-packages/airflow/example_dags/example_python_operator.py for tasks to queue
[2023-11-08T14:51:32.501+0000] {logging_mixin.py:154} INFO - [2023-11-08T14:51:32.501+0000] {dagbag.py:536} INFO - Filling up the DagBag from /home/airflow/.local/lib/python3.11/site-packages/airflow/example_dags/example_python_operator.py
[2023-11-08T14:51:32.511+0000] {processor.py:839} INFO - DAG(s) dict_keys(['example_python_operator']) retrieved from /home/airflow/.local/lib/python3.11/site-packages/airflow/example_dags/example_python_operator.py
[2023-11-08T14:51:32.533+0000] {logging_mixin.py:154} INFO - [2023-11-08T14:51:32.532+0000] {dag.py:2941} INFO - Sync 1 DAGs
[2023-11-08T14:51:32.545+0000] {logging_mixin.py:154} INFO - [2023-11-08T14:51:32.544+0000] {dag.py:3722} INFO - Setting next_dagrun for example_python_operator to None, run_after=None
[2023-11-08T14:51:32.563+0000] {processor.py:179} INFO - Processing /home/airflow/.local/lib/python3.11/site-packages/airflow/example_dags/example_python_operator.py took 0.067 seconds
[2023-11-08T14:52:02.691+0000] {processor.py:157} INFO - Started process (PID=5373) to work on /home/airflow/.local/lib/python3.11/site-packages/airflow/example_dags/example_python_operator.py
[2023-11-08T14:52:02.692+0000] {processor.py:829} INFO - Processing file /home/airflow/.local/lib/python3.11/site-packages/airflow/example_dags/example_python_operator.py for tasks to queue
[2023-11-08T14:52:02.694+0000] {logging_mixin.py:154} INFO - [2023-11-08T14:52:02.693+0000] {dagbag.py:536} INFO - Filling up the DagBag from /home/airflow/.local/lib/python3.11/site-packages/airflow/example_dags/example_python_operator.py
[2023-11-08T14:52:02.701+0000] {processor.py:839} INFO - DAG(s) dict_keys(['example_python_operator']) retrieved from /home/airflow/.local/lib/python3.11/site-packages/airflow/example_dags/example_python_operator.py
[2023-11-08T14:52:02.719+0000] {logging_mixin.py:154} INFO - [2023-11-08T14:52:02.719+0000] {dag.py:2941} INFO - Sync 1 DAGs
[2023-11-08T14:52:02.728+0000] {logging_mixin.py:154} INFO - [2023-11-08T14:52:02.728+0000] {dag.py:3722} INFO - Setting next_dagrun for example_python_operator to None, run_after=None
[2023-11-08T14:52:02.741+0000] {processor.py:179} INFO - Processing /home/airflow/.local/lib/python3.11/site-packages/airflow/example_dags/example_python_operator.py took 0.053 seconds
