[2023-11-08T14:16:22.869+0000] {processor.py:157} INFO - Started process (PID=82) to work on /home/airflow/.local/lib/python3.11/site-packages/airflow/example_dags/example_kubernetes_executor.py
[2023-11-08T14:16:22.871+0000] {processor.py:829} INFO - Processing file /home/airflow/.local/lib/python3.11/site-packages/airflow/example_dags/example_kubernetes_executor.py for tasks to queue
[2023-11-08T14:16:22.876+0000] {logging_mixin.py:154} INFO - [2023-11-08T14:16:22.875+0000] {dagbag.py:536} INFO - Filling up the DagBag from /home/airflow/.local/lib/python3.11/site-packages/airflow/example_dags/example_kubernetes_executor.py
[2023-11-08T14:16:22.932+0000] {processor.py:839} INFO - DAG(s) dict_keys(['example_kubernetes_executor']) retrieved from /home/airflow/.local/lib/python3.11/site-packages/airflow/example_dags/example_kubernetes_executor.py
[2023-11-08T14:16:23.409+0000] {logging_mixin.py:154} INFO - [2023-11-08T14:16:23.409+0000] {manager.py:499} INFO - Created Permission View: %s
[2023-11-08T14:16:23.447+0000] {logging_mixin.py:154} INFO - [2023-11-08T14:16:23.447+0000] {manager.py:499} INFO - Created Permission View: %s
[2023-11-08T14:16:23.467+0000] {logging_mixin.py:154} INFO - [2023-11-08T14:16:23.466+0000] {manager.py:499} INFO - Created Permission View: %s
[2023-11-08T14:16:23.468+0000] {logging_mixin.py:154} INFO - [2023-11-08T14:16:23.467+0000] {dag.py:2941} INFO - Sync 1 DAGs
[2023-11-08T14:16:23.519+0000] {logging_mixin.py:154} INFO - [2023-11-08T14:16:23.518+0000] {dag.py:2963} INFO - Creating ORM DAG for example_kubernetes_executor
[2023-11-08T14:16:23.522+0000] {logging_mixin.py:154} INFO - [2023-11-08T14:16:23.522+0000] {dag.py:3722} INFO - Setting next_dagrun for example_kubernetes_executor to None, run_after=None
[2023-11-08T14:16:23.591+0000] {processor.py:179} INFO - Processing /home/airflow/.local/lib/python3.11/site-packages/airflow/example_dags/example_kubernetes_executor.py took 0.738 seconds
[2023-11-08T14:16:54.248+0000] {processor.py:157} INFO - Started process (PID=158) to work on /home/airflow/.local/lib/python3.11/site-packages/airflow/example_dags/example_kubernetes_executor.py
[2023-11-08T14:16:54.250+0000] {processor.py:829} INFO - Processing file /home/airflow/.local/lib/python3.11/site-packages/airflow/example_dags/example_kubernetes_executor.py for tasks to queue
[2023-11-08T14:16:54.253+0000] {logging_mixin.py:154} INFO - [2023-11-08T14:16:54.253+0000] {dagbag.py:536} INFO - Filling up the DagBag from /home/airflow/.local/lib/python3.11/site-packages/airflow/example_dags/example_kubernetes_executor.py
[2023-11-08T14:16:54.281+0000] {processor.py:839} INFO - DAG(s) dict_keys(['example_kubernetes_executor']) retrieved from /home/airflow/.local/lib/python3.11/site-packages/airflow/example_dags/example_kubernetes_executor.py
[2023-11-08T14:16:54.365+0000] {logging_mixin.py:154} INFO - [2023-11-08T14:16:54.365+0000] {dag.py:2941} INFO - Sync 1 DAGs
[2023-11-08T14:16:54.387+0000] {logging_mixin.py:154} INFO - [2023-11-08T14:16:54.386+0000] {dag.py:3722} INFO - Setting next_dagrun for example_kubernetes_executor to None, run_after=None
[2023-11-08T14:16:54.420+0000] {processor.py:179} INFO - Processing /home/airflow/.local/lib/python3.11/site-packages/airflow/example_dags/example_kubernetes_executor.py took 0.177 seconds
[2023-11-08T14:17:24.866+0000] {processor.py:157} INFO - Started process (PID=234) to work on /home/airflow/.local/lib/python3.11/site-packages/airflow/example_dags/example_kubernetes_executor.py
[2023-11-08T14:17:24.868+0000] {processor.py:829} INFO - Processing file /home/airflow/.local/lib/python3.11/site-packages/airflow/example_dags/example_kubernetes_executor.py for tasks to queue
[2023-11-08T14:17:24.872+0000] {logging_mixin.py:154} INFO - [2023-11-08T14:17:24.871+0000] {dagbag.py:536} INFO - Filling up the DagBag from /home/airflow/.local/lib/python3.11/site-packages/airflow/example_dags/example_kubernetes_executor.py
[2023-11-08T14:17:24.898+0000] {processor.py:839} INFO - DAG(s) dict_keys(['example_kubernetes_executor']) retrieved from /home/airflow/.local/lib/python3.11/site-packages/airflow/example_dags/example_kubernetes_executor.py
[2023-11-08T14:17:25.027+0000] {logging_mixin.py:154} INFO - [2023-11-08T14:17:25.026+0000] {dag.py:2941} INFO - Sync 1 DAGs
[2023-11-08T14:17:25.071+0000] {logging_mixin.py:154} INFO - [2023-11-08T14:17:25.071+0000] {dag.py:3722} INFO - Setting next_dagrun for example_kubernetes_executor to None, run_after=None
[2023-11-08T14:17:25.111+0000] {processor.py:179} INFO - Processing /home/airflow/.local/lib/python3.11/site-packages/airflow/example_dags/example_kubernetes_executor.py took 0.254 seconds
[2023-11-08T14:17:56.088+0000] {processor.py:157} INFO - Started process (PID=317) to work on /home/airflow/.local/lib/python3.11/site-packages/airflow/example_dags/example_kubernetes_executor.py
[2023-11-08T14:17:56.090+0000] {processor.py:829} INFO - Processing file /home/airflow/.local/lib/python3.11/site-packages/airflow/example_dags/example_kubernetes_executor.py for tasks to queue
[2023-11-08T14:17:56.096+0000] {logging_mixin.py:154} INFO - [2023-11-08T14:17:56.095+0000] {dagbag.py:536} INFO - Filling up the DagBag from /home/airflow/.local/lib/python3.11/site-packages/airflow/example_dags/example_kubernetes_executor.py
[2023-11-08T14:17:56.120+0000] {processor.py:839} INFO - DAG(s) dict_keys(['example_kubernetes_executor']) retrieved from /home/airflow/.local/lib/python3.11/site-packages/airflow/example_dags/example_kubernetes_executor.py
[2023-11-08T14:17:56.207+0000] {logging_mixin.py:154} INFO - [2023-11-08T14:17:56.207+0000] {dag.py:2941} INFO - Sync 1 DAGs
[2023-11-08T14:17:56.238+0000] {logging_mixin.py:154} INFO - [2023-11-08T14:17:56.238+0000] {dag.py:3722} INFO - Setting next_dagrun for example_kubernetes_executor to None, run_after=None
[2023-11-08T14:17:56.271+0000] {processor.py:179} INFO - Processing /home/airflow/.local/lib/python3.11/site-packages/airflow/example_dags/example_kubernetes_executor.py took 0.191 seconds
[2023-11-08T14:18:26.873+0000] {processor.py:157} INFO - Started process (PID=393) to work on /home/airflow/.local/lib/python3.11/site-packages/airflow/example_dags/example_kubernetes_executor.py
[2023-11-08T14:18:26.876+0000] {processor.py:829} INFO - Processing file /home/airflow/.local/lib/python3.11/site-packages/airflow/example_dags/example_kubernetes_executor.py for tasks to queue
[2023-11-08T14:18:26.887+0000] {logging_mixin.py:154} INFO - [2023-11-08T14:18:26.886+0000] {dagbag.py:536} INFO - Filling up the DagBag from /home/airflow/.local/lib/python3.11/site-packages/airflow/example_dags/example_kubernetes_executor.py
[2023-11-08T14:18:26.958+0000] {processor.py:839} INFO - DAG(s) dict_keys(['example_kubernetes_executor']) retrieved from /home/airflow/.local/lib/python3.11/site-packages/airflow/example_dags/example_kubernetes_executor.py
[2023-11-08T14:18:27.125+0000] {logging_mixin.py:154} INFO - [2023-11-08T14:18:27.125+0000] {dag.py:2941} INFO - Sync 1 DAGs
[2023-11-08T14:18:27.187+0000] {logging_mixin.py:154} INFO - [2023-11-08T14:18:27.186+0000] {dag.py:3722} INFO - Setting next_dagrun for example_kubernetes_executor to None, run_after=None
[2023-11-08T14:18:27.254+0000] {processor.py:179} INFO - Processing /home/airflow/.local/lib/python3.11/site-packages/airflow/example_dags/example_kubernetes_executor.py took 0.387 seconds
[2023-11-08T14:18:57.913+0000] {processor.py:157} INFO - Started process (PID=469) to work on /home/airflow/.local/lib/python3.11/site-packages/airflow/example_dags/example_kubernetes_executor.py
[2023-11-08T14:18:57.915+0000] {processor.py:829} INFO - Processing file /home/airflow/.local/lib/python3.11/site-packages/airflow/example_dags/example_kubernetes_executor.py for tasks to queue
[2023-11-08T14:18:57.920+0000] {logging_mixin.py:154} INFO - [2023-11-08T14:18:57.919+0000] {dagbag.py:536} INFO - Filling up the DagBag from /home/airflow/.local/lib/python3.11/site-packages/airflow/example_dags/example_kubernetes_executor.py
[2023-11-08T14:18:58.042+0000] {processor.py:839} INFO - DAG(s) dict_keys(['example_kubernetes_executor']) retrieved from /home/airflow/.local/lib/python3.11/site-packages/airflow/example_dags/example_kubernetes_executor.py
[2023-11-08T14:18:58.460+0000] {logging_mixin.py:154} INFO - [2023-11-08T14:18:58.460+0000] {dag.py:2941} INFO - Sync 1 DAGs
[2023-11-08T14:18:58.528+0000] {logging_mixin.py:154} INFO - [2023-11-08T14:18:58.527+0000] {dag.py:3722} INFO - Setting next_dagrun for example_kubernetes_executor to None, run_after=None
[2023-11-08T14:18:58.603+0000] {processor.py:179} INFO - Processing /home/airflow/.local/lib/python3.11/site-packages/airflow/example_dags/example_kubernetes_executor.py took 0.699 seconds
[2023-11-08T14:19:37.576+0000] {processor.py:157} INFO - Started process (PID=545) to work on /home/airflow/.local/lib/python3.11/site-packages/airflow/example_dags/example_kubernetes_executor.py
[2023-11-08T14:19:37.578+0000] {processor.py:829} INFO - Processing file /home/airflow/.local/lib/python3.11/site-packages/airflow/example_dags/example_kubernetes_executor.py for tasks to queue
[2023-11-08T14:19:37.585+0000] {logging_mixin.py:154} INFO - [2023-11-08T14:19:37.584+0000] {dagbag.py:536} INFO - Filling up the DagBag from /home/airflow/.local/lib/python3.11/site-packages/airflow/example_dags/example_kubernetes_executor.py
[2023-11-08T14:19:37.629+0000] {processor.py:839} INFO - DAG(s) dict_keys(['example_kubernetes_executor']) retrieved from /home/airflow/.local/lib/python3.11/site-packages/airflow/example_dags/example_kubernetes_executor.py
[2023-11-08T14:19:37.814+0000] {logging_mixin.py:154} INFO - [2023-11-08T14:19:37.813+0000] {dag.py:2941} INFO - Sync 1 DAGs
[2023-11-08T14:19:37.881+0000] {logging_mixin.py:154} INFO - [2023-11-08T14:19:37.880+0000] {dag.py:3722} INFO - Setting next_dagrun for example_kubernetes_executor to None, run_after=None
[2023-11-08T14:19:37.966+0000] {processor.py:179} INFO - Processing /home/airflow/.local/lib/python3.11/site-packages/airflow/example_dags/example_kubernetes_executor.py took 0.406 seconds
[2023-11-08T14:20:08.466+0000] {processor.py:157} INFO - Started process (PID=622) to work on /home/airflow/.local/lib/python3.11/site-packages/airflow/example_dags/example_kubernetes_executor.py
[2023-11-08T14:20:08.468+0000] {processor.py:829} INFO - Processing file /home/airflow/.local/lib/python3.11/site-packages/airflow/example_dags/example_kubernetes_executor.py for tasks to queue
[2023-11-08T14:20:08.472+0000] {logging_mixin.py:154} INFO - [2023-11-08T14:20:08.471+0000] {dagbag.py:536} INFO - Filling up the DagBag from /home/airflow/.local/lib/python3.11/site-packages/airflow/example_dags/example_kubernetes_executor.py
[2023-11-08T14:20:08.517+0000] {processor.py:839} INFO - DAG(s) dict_keys(['example_kubernetes_executor']) retrieved from /home/airflow/.local/lib/python3.11/site-packages/airflow/example_dags/example_kubernetes_executor.py
[2023-11-08T14:20:08.608+0000] {logging_mixin.py:154} INFO - [2023-11-08T14:20:08.608+0000] {dag.py:2941} INFO - Sync 1 DAGs
[2023-11-08T14:20:08.630+0000] {logging_mixin.py:154} INFO - [2023-11-08T14:20:08.630+0000] {dag.py:3722} INFO - Setting next_dagrun for example_kubernetes_executor to None, run_after=None
[2023-11-08T14:20:08.668+0000] {processor.py:179} INFO - Processing /home/airflow/.local/lib/python3.11/site-packages/airflow/example_dags/example_kubernetes_executor.py took 0.207 seconds
[2023-11-08T14:20:39.290+0000] {processor.py:157} INFO - Started process (PID=698) to work on /home/airflow/.local/lib/python3.11/site-packages/airflow/example_dags/example_kubernetes_executor.py
[2023-11-08T14:20:39.297+0000] {processor.py:829} INFO - Processing file /home/airflow/.local/lib/python3.11/site-packages/airflow/example_dags/example_kubernetes_executor.py for tasks to queue
[2023-11-08T14:20:39.305+0000] {logging_mixin.py:154} INFO - [2023-11-08T14:20:39.304+0000] {dagbag.py:536} INFO - Filling up the DagBag from /home/airflow/.local/lib/python3.11/site-packages/airflow/example_dags/example_kubernetes_executor.py
[2023-11-08T14:20:39.347+0000] {processor.py:839} INFO - DAG(s) dict_keys(['example_kubernetes_executor']) retrieved from /home/airflow/.local/lib/python3.11/site-packages/airflow/example_dags/example_kubernetes_executor.py
[2023-11-08T14:20:39.443+0000] {logging_mixin.py:154} INFO - [2023-11-08T14:20:39.443+0000] {dag.py:2941} INFO - Sync 1 DAGs
[2023-11-08T14:20:39.476+0000] {logging_mixin.py:154} INFO - [2023-11-08T14:20:39.476+0000] {dag.py:3722} INFO - Setting next_dagrun for example_kubernetes_executor to None, run_after=None
[2023-11-08T14:20:39.512+0000] {processor.py:179} INFO - Processing /home/airflow/.local/lib/python3.11/site-packages/airflow/example_dags/example_kubernetes_executor.py took 0.230 seconds
[2023-11-08T14:21:09.667+0000] {processor.py:157} INFO - Started process (PID=772) to work on /home/airflow/.local/lib/python3.11/site-packages/airflow/example_dags/example_kubernetes_executor.py
[2023-11-08T14:21:09.671+0000] {processor.py:829} INFO - Processing file /home/airflow/.local/lib/python3.11/site-packages/airflow/example_dags/example_kubernetes_executor.py for tasks to queue
[2023-11-08T14:21:09.675+0000] {logging_mixin.py:154} INFO - [2023-11-08T14:21:09.675+0000] {dagbag.py:536} INFO - Filling up the DagBag from /home/airflow/.local/lib/python3.11/site-packages/airflow/example_dags/example_kubernetes_executor.py
[2023-11-08T14:21:09.714+0000] {processor.py:839} INFO - DAG(s) dict_keys(['example_kubernetes_executor']) retrieved from /home/airflow/.local/lib/python3.11/site-packages/airflow/example_dags/example_kubernetes_executor.py
[2023-11-08T14:21:09.821+0000] {logging_mixin.py:154} INFO - [2023-11-08T14:21:09.821+0000] {dag.py:2941} INFO - Sync 1 DAGs
[2023-11-08T14:21:09.873+0000] {logging_mixin.py:154} INFO - [2023-11-08T14:21:09.872+0000] {dag.py:3722} INFO - Setting next_dagrun for example_kubernetes_executor to None, run_after=None
[2023-11-08T14:21:09.935+0000] {processor.py:179} INFO - Processing /home/airflow/.local/lib/python3.11/site-packages/airflow/example_dags/example_kubernetes_executor.py took 0.277 seconds
[2023-11-08T14:21:40.040+0000] {processor.py:157} INFO - Started process (PID=848) to work on /home/airflow/.local/lib/python3.11/site-packages/airflow/example_dags/example_kubernetes_executor.py
[2023-11-08T14:21:40.042+0000] {processor.py:829} INFO - Processing file /home/airflow/.local/lib/python3.11/site-packages/airflow/example_dags/example_kubernetes_executor.py for tasks to queue
[2023-11-08T14:21:40.045+0000] {logging_mixin.py:154} INFO - [2023-11-08T14:21:40.045+0000] {dagbag.py:536} INFO - Filling up the DagBag from /home/airflow/.local/lib/python3.11/site-packages/airflow/example_dags/example_kubernetes_executor.py
[2023-11-08T14:21:40.067+0000] {processor.py:839} INFO - DAG(s) dict_keys(['example_kubernetes_executor']) retrieved from /home/airflow/.local/lib/python3.11/site-packages/airflow/example_dags/example_kubernetes_executor.py
[2023-11-08T14:21:40.133+0000] {logging_mixin.py:154} INFO - [2023-11-08T14:21:40.133+0000] {dag.py:2941} INFO - Sync 1 DAGs
[2023-11-08T14:21:40.159+0000] {logging_mixin.py:154} INFO - [2023-11-08T14:21:40.158+0000] {dag.py:3722} INFO - Setting next_dagrun for example_kubernetes_executor to None, run_after=None
[2023-11-08T14:21:40.197+0000] {processor.py:179} INFO - Processing /home/airflow/.local/lib/python3.11/site-packages/airflow/example_dags/example_kubernetes_executor.py took 0.163 seconds
[2023-11-08T14:22:10.924+0000] {processor.py:157} INFO - Started process (PID=924) to work on /home/airflow/.local/lib/python3.11/site-packages/airflow/example_dags/example_kubernetes_executor.py
[2023-11-08T14:22:10.925+0000] {processor.py:829} INFO - Processing file /home/airflow/.local/lib/python3.11/site-packages/airflow/example_dags/example_kubernetes_executor.py for tasks to queue
[2023-11-08T14:22:10.928+0000] {logging_mixin.py:154} INFO - [2023-11-08T14:22:10.927+0000] {dagbag.py:536} INFO - Filling up the DagBag from /home/airflow/.local/lib/python3.11/site-packages/airflow/example_dags/example_kubernetes_executor.py
[2023-11-08T14:22:10.947+0000] {processor.py:839} INFO - DAG(s) dict_keys(['example_kubernetes_executor']) retrieved from /home/airflow/.local/lib/python3.11/site-packages/airflow/example_dags/example_kubernetes_executor.py
[2023-11-08T14:22:11.014+0000] {logging_mixin.py:154} INFO - [2023-11-08T14:22:11.014+0000] {dag.py:2941} INFO - Sync 1 DAGs
[2023-11-08T14:22:11.041+0000] {logging_mixin.py:154} INFO - [2023-11-08T14:22:11.040+0000] {dag.py:3722} INFO - Setting next_dagrun for example_kubernetes_executor to None, run_after=None
[2023-11-08T14:22:11.083+0000] {processor.py:179} INFO - Processing /home/airflow/.local/lib/python3.11/site-packages/airflow/example_dags/example_kubernetes_executor.py took 0.163 seconds
[2023-11-08T14:22:41.122+0000] {processor.py:157} INFO - Started process (PID=1000) to work on /home/airflow/.local/lib/python3.11/site-packages/airflow/example_dags/example_kubernetes_executor.py
[2023-11-08T14:22:41.123+0000] {processor.py:829} INFO - Processing file /home/airflow/.local/lib/python3.11/site-packages/airflow/example_dags/example_kubernetes_executor.py for tasks to queue
[2023-11-08T14:22:41.126+0000] {logging_mixin.py:154} INFO - [2023-11-08T14:22:41.125+0000] {dagbag.py:536} INFO - Filling up the DagBag from /home/airflow/.local/lib/python3.11/site-packages/airflow/example_dags/example_kubernetes_executor.py
[2023-11-08T14:22:41.148+0000] {processor.py:839} INFO - DAG(s) dict_keys(['example_kubernetes_executor']) retrieved from /home/airflow/.local/lib/python3.11/site-packages/airflow/example_dags/example_kubernetes_executor.py
[2023-11-08T14:22:41.222+0000] {logging_mixin.py:154} INFO - [2023-11-08T14:22:41.221+0000] {dag.py:2941} INFO - Sync 1 DAGs
[2023-11-08T14:22:41.242+0000] {logging_mixin.py:154} INFO - [2023-11-08T14:22:41.241+0000] {dag.py:3722} INFO - Setting next_dagrun for example_kubernetes_executor to None, run_after=None
[2023-11-08T14:22:41.280+0000] {processor.py:179} INFO - Processing /home/airflow/.local/lib/python3.11/site-packages/airflow/example_dags/example_kubernetes_executor.py took 0.162 seconds
[2023-11-08T14:23:12.190+0000] {processor.py:157} INFO - Started process (PID=1076) to work on /home/airflow/.local/lib/python3.11/site-packages/airflow/example_dags/example_kubernetes_executor.py
[2023-11-08T14:23:12.192+0000] {processor.py:829} INFO - Processing file /home/airflow/.local/lib/python3.11/site-packages/airflow/example_dags/example_kubernetes_executor.py for tasks to queue
[2023-11-08T14:23:12.204+0000] {logging_mixin.py:154} INFO - [2023-11-08T14:23:12.204+0000] {dagbag.py:536} INFO - Filling up the DagBag from /home/airflow/.local/lib/python3.11/site-packages/airflow/example_dags/example_kubernetes_executor.py
[2023-11-08T14:23:12.241+0000] {processor.py:839} INFO - DAG(s) dict_keys(['example_kubernetes_executor']) retrieved from /home/airflow/.local/lib/python3.11/site-packages/airflow/example_dags/example_kubernetes_executor.py
[2023-11-08T14:23:12.342+0000] {logging_mixin.py:154} INFO - [2023-11-08T14:23:12.341+0000] {dag.py:2941} INFO - Sync 1 DAGs
[2023-11-08T14:23:12.371+0000] {logging_mixin.py:154} INFO - [2023-11-08T14:23:12.371+0000] {dag.py:3722} INFO - Setting next_dagrun for example_kubernetes_executor to None, run_after=None
[2023-11-08T14:23:12.412+0000] {processor.py:179} INFO - Processing /home/airflow/.local/lib/python3.11/site-packages/airflow/example_dags/example_kubernetes_executor.py took 0.229 seconds
[2023-11-08T14:23:55.466+0000] {processor.py:157} INFO - Started process (PID=1152) to work on /home/airflow/.local/lib/python3.11/site-packages/airflow/example_dags/example_kubernetes_executor.py
[2023-11-08T14:23:55.469+0000] {processor.py:829} INFO - Processing file /home/airflow/.local/lib/python3.11/site-packages/airflow/example_dags/example_kubernetes_executor.py for tasks to queue
[2023-11-08T14:23:55.486+0000] {logging_mixin.py:154} INFO - [2023-11-08T14:23:55.484+0000] {dagbag.py:536} INFO - Filling up the DagBag from /home/airflow/.local/lib/python3.11/site-packages/airflow/example_dags/example_kubernetes_executor.py
[2023-11-08T14:23:55.588+0000] {processor.py:839} INFO - DAG(s) dict_keys(['example_kubernetes_executor']) retrieved from /home/airflow/.local/lib/python3.11/site-packages/airflow/example_dags/example_kubernetes_executor.py
[2023-11-08T14:23:56.365+0000] {logging_mixin.py:154} INFO - [2023-11-08T14:23:56.365+0000] {dag.py:2941} INFO - Sync 1 DAGs
[2023-11-08T14:23:56.466+0000] {logging_mixin.py:154} INFO - [2023-11-08T14:23:56.465+0000] {dag.py:3722} INFO - Setting next_dagrun for example_kubernetes_executor to None, run_after=None
[2023-11-08T14:23:56.522+0000] {processor.py:179} INFO - Processing /home/airflow/.local/lib/python3.11/site-packages/airflow/example_dags/example_kubernetes_executor.py took 1.067 seconds
[2023-11-08T14:24:30.514+0000] {processor.py:157} INFO - Started process (PID=1228) to work on /home/airflow/.local/lib/python3.11/site-packages/airflow/example_dags/example_kubernetes_executor.py
[2023-11-08T14:24:30.524+0000] {processor.py:829} INFO - Processing file /home/airflow/.local/lib/python3.11/site-packages/airflow/example_dags/example_kubernetes_executor.py for tasks to queue
[2023-11-08T14:24:30.530+0000] {logging_mixin.py:154} INFO - [2023-11-08T14:24:30.529+0000] {dagbag.py:536} INFO - Filling up the DagBag from /home/airflow/.local/lib/python3.11/site-packages/airflow/example_dags/example_kubernetes_executor.py
[2023-11-08T14:24:30.750+0000] {processor.py:839} INFO - DAG(s) dict_keys(['example_kubernetes_executor']) retrieved from /home/airflow/.local/lib/python3.11/site-packages/airflow/example_dags/example_kubernetes_executor.py
[2023-11-08T14:24:31.209+0000] {logging_mixin.py:154} INFO - [2023-11-08T14:24:31.208+0000] {dag.py:2941} INFO - Sync 1 DAGs
[2023-11-08T14:24:31.323+0000] {logging_mixin.py:154} INFO - [2023-11-08T14:24:31.323+0000] {dag.py:3722} INFO - Setting next_dagrun for example_kubernetes_executor to None, run_after=None
[2023-11-08T14:24:31.404+0000] {processor.py:179} INFO - Processing /home/airflow/.local/lib/python3.11/site-packages/airflow/example_dags/example_kubernetes_executor.py took 0.939 seconds
[2023-11-08T14:25:01.911+0000] {processor.py:157} INFO - Started process (PID=1311) to work on /home/airflow/.local/lib/python3.11/site-packages/airflow/example_dags/example_kubernetes_executor.py
[2023-11-08T14:25:01.913+0000] {processor.py:829} INFO - Processing file /home/airflow/.local/lib/python3.11/site-packages/airflow/example_dags/example_kubernetes_executor.py for tasks to queue
[2023-11-08T14:25:01.917+0000] {logging_mixin.py:154} INFO - [2023-11-08T14:25:01.916+0000] {dagbag.py:536} INFO - Filling up the DagBag from /home/airflow/.local/lib/python3.11/site-packages/airflow/example_dags/example_kubernetes_executor.py
[2023-11-08T14:25:01.940+0000] {processor.py:839} INFO - DAG(s) dict_keys(['example_kubernetes_executor']) retrieved from /home/airflow/.local/lib/python3.11/site-packages/airflow/example_dags/example_kubernetes_executor.py
[2023-11-08T14:25:02.008+0000] {logging_mixin.py:154} INFO - [2023-11-08T14:25:02.007+0000] {dag.py:2941} INFO - Sync 1 DAGs
[2023-11-08T14:25:02.033+0000] {logging_mixin.py:154} INFO - [2023-11-08T14:25:02.032+0000] {dag.py:3722} INFO - Setting next_dagrun for example_kubernetes_executor to None, run_after=None
[2023-11-08T14:25:02.065+0000] {processor.py:179} INFO - Processing /home/airflow/.local/lib/python3.11/site-packages/airflow/example_dags/example_kubernetes_executor.py took 0.158 seconds
[2023-11-08T14:25:32.673+0000] {processor.py:157} INFO - Started process (PID=1387) to work on /home/airflow/.local/lib/python3.11/site-packages/airflow/example_dags/example_kubernetes_executor.py
[2023-11-08T14:25:32.674+0000] {processor.py:829} INFO - Processing file /home/airflow/.local/lib/python3.11/site-packages/airflow/example_dags/example_kubernetes_executor.py for tasks to queue
[2023-11-08T14:25:32.678+0000] {logging_mixin.py:154} INFO - [2023-11-08T14:25:32.678+0000] {dagbag.py:536} INFO - Filling up the DagBag from /home/airflow/.local/lib/python3.11/site-packages/airflow/example_dags/example_kubernetes_executor.py
[2023-11-08T14:25:32.703+0000] {processor.py:839} INFO - DAG(s) dict_keys(['example_kubernetes_executor']) retrieved from /home/airflow/.local/lib/python3.11/site-packages/airflow/example_dags/example_kubernetes_executor.py
[2023-11-08T14:25:32.782+0000] {logging_mixin.py:154} INFO - [2023-11-08T14:25:32.782+0000] {dag.py:2941} INFO - Sync 1 DAGs
[2023-11-08T14:25:32.812+0000] {logging_mixin.py:154} INFO - [2023-11-08T14:25:32.812+0000] {dag.py:3722} INFO - Setting next_dagrun for example_kubernetes_executor to None, run_after=None
[2023-11-08T14:25:32.853+0000] {processor.py:179} INFO - Processing /home/airflow/.local/lib/python3.11/site-packages/airflow/example_dags/example_kubernetes_executor.py took 0.187 seconds
[2023-11-08T14:26:03.463+0000] {processor.py:157} INFO - Started process (PID=1463) to work on /home/airflow/.local/lib/python3.11/site-packages/airflow/example_dags/example_kubernetes_executor.py
[2023-11-08T14:26:03.465+0000] {processor.py:829} INFO - Processing file /home/airflow/.local/lib/python3.11/site-packages/airflow/example_dags/example_kubernetes_executor.py for tasks to queue
[2023-11-08T14:26:03.468+0000] {logging_mixin.py:154} INFO - [2023-11-08T14:26:03.468+0000] {dagbag.py:536} INFO - Filling up the DagBag from /home/airflow/.local/lib/python3.11/site-packages/airflow/example_dags/example_kubernetes_executor.py
[2023-11-08T14:26:03.503+0000] {processor.py:839} INFO - DAG(s) dict_keys(['example_kubernetes_executor']) retrieved from /home/airflow/.local/lib/python3.11/site-packages/airflow/example_dags/example_kubernetes_executor.py
[2023-11-08T14:26:03.603+0000] {logging_mixin.py:154} INFO - [2023-11-08T14:26:03.602+0000] {dag.py:2941} INFO - Sync 1 DAGs
[2023-11-08T14:26:03.643+0000] {logging_mixin.py:154} INFO - [2023-11-08T14:26:03.642+0000] {dag.py:3722} INFO - Setting next_dagrun for example_kubernetes_executor to None, run_after=None
[2023-11-08T14:26:03.708+0000] {processor.py:179} INFO - Processing /home/airflow/.local/lib/python3.11/site-packages/airflow/example_dags/example_kubernetes_executor.py took 0.252 seconds
[2023-11-08T14:26:33.954+0000] {processor.py:157} INFO - Started process (PID=1539) to work on /home/airflow/.local/lib/python3.11/site-packages/airflow/example_dags/example_kubernetes_executor.py
[2023-11-08T14:26:33.955+0000] {processor.py:829} INFO - Processing file /home/airflow/.local/lib/python3.11/site-packages/airflow/example_dags/example_kubernetes_executor.py for tasks to queue
[2023-11-08T14:26:33.958+0000] {logging_mixin.py:154} INFO - [2023-11-08T14:26:33.958+0000] {dagbag.py:536} INFO - Filling up the DagBag from /home/airflow/.local/lib/python3.11/site-packages/airflow/example_dags/example_kubernetes_executor.py
[2023-11-08T14:26:33.987+0000] {processor.py:839} INFO - DAG(s) dict_keys(['example_kubernetes_executor']) retrieved from /home/airflow/.local/lib/python3.11/site-packages/airflow/example_dags/example_kubernetes_executor.py
[2023-11-08T14:26:34.049+0000] {logging_mixin.py:154} INFO - [2023-11-08T14:26:34.049+0000] {dag.py:2941} INFO - Sync 1 DAGs
[2023-11-08T14:26:34.074+0000] {logging_mixin.py:154} INFO - [2023-11-08T14:26:34.074+0000] {dag.py:3722} INFO - Setting next_dagrun for example_kubernetes_executor to None, run_after=None
[2023-11-08T14:26:34.108+0000] {processor.py:179} INFO - Processing /home/airflow/.local/lib/python3.11/site-packages/airflow/example_dags/example_kubernetes_executor.py took 0.159 seconds
[2023-11-08T14:27:04.354+0000] {processor.py:157} INFO - Started process (PID=1615) to work on /home/airflow/.local/lib/python3.11/site-packages/airflow/example_dags/example_kubernetes_executor.py
[2023-11-08T14:27:04.355+0000] {processor.py:829} INFO - Processing file /home/airflow/.local/lib/python3.11/site-packages/airflow/example_dags/example_kubernetes_executor.py for tasks to queue
[2023-11-08T14:27:04.360+0000] {logging_mixin.py:154} INFO - [2023-11-08T14:27:04.359+0000] {dagbag.py:536} INFO - Filling up the DagBag from /home/airflow/.local/lib/python3.11/site-packages/airflow/example_dags/example_kubernetes_executor.py
[2023-11-08T14:27:04.398+0000] {processor.py:839} INFO - DAG(s) dict_keys(['example_kubernetes_executor']) retrieved from /home/airflow/.local/lib/python3.11/site-packages/airflow/example_dags/example_kubernetes_executor.py
[2023-11-08T14:27:04.498+0000] {logging_mixin.py:154} INFO - [2023-11-08T14:27:04.498+0000] {dag.py:2941} INFO - Sync 1 DAGs
[2023-11-08T14:27:04.524+0000] {logging_mixin.py:154} INFO - [2023-11-08T14:27:04.524+0000] {dag.py:3722} INFO - Setting next_dagrun for example_kubernetes_executor to None, run_after=None
[2023-11-08T14:27:04.564+0000] {processor.py:179} INFO - Processing /home/airflow/.local/lib/python3.11/site-packages/airflow/example_dags/example_kubernetes_executor.py took 0.217 seconds
[2023-11-08T14:27:34.937+0000] {processor.py:157} INFO - Started process (PID=1691) to work on /home/airflow/.local/lib/python3.11/site-packages/airflow/example_dags/example_kubernetes_executor.py
[2023-11-08T14:27:34.939+0000] {processor.py:829} INFO - Processing file /home/airflow/.local/lib/python3.11/site-packages/airflow/example_dags/example_kubernetes_executor.py for tasks to queue
[2023-11-08T14:27:34.942+0000] {logging_mixin.py:154} INFO - [2023-11-08T14:27:34.942+0000] {dagbag.py:536} INFO - Filling up the DagBag from /home/airflow/.local/lib/python3.11/site-packages/airflow/example_dags/example_kubernetes_executor.py
[2023-11-08T14:27:34.966+0000] {processor.py:839} INFO - DAG(s) dict_keys(['example_kubernetes_executor']) retrieved from /home/airflow/.local/lib/python3.11/site-packages/airflow/example_dags/example_kubernetes_executor.py
[2023-11-08T14:27:35.038+0000] {logging_mixin.py:154} INFO - [2023-11-08T14:27:35.037+0000] {dag.py:2941} INFO - Sync 1 DAGs
[2023-11-08T14:27:35.059+0000] {logging_mixin.py:154} INFO - [2023-11-08T14:27:35.059+0000] {dag.py:3722} INFO - Setting next_dagrun for example_kubernetes_executor to None, run_after=None
[2023-11-08T14:27:35.102+0000] {processor.py:179} INFO - Processing /home/airflow/.local/lib/python3.11/site-packages/airflow/example_dags/example_kubernetes_executor.py took 0.169 seconds
[2023-11-08T14:28:05.511+0000] {processor.py:157} INFO - Started process (PID=1767) to work on /home/airflow/.local/lib/python3.11/site-packages/airflow/example_dags/example_kubernetes_executor.py
[2023-11-08T14:28:05.517+0000] {processor.py:829} INFO - Processing file /home/airflow/.local/lib/python3.11/site-packages/airflow/example_dags/example_kubernetes_executor.py for tasks to queue
[2023-11-08T14:28:05.521+0000] {logging_mixin.py:154} INFO - [2023-11-08T14:28:05.520+0000] {dagbag.py:536} INFO - Filling up the DagBag from /home/airflow/.local/lib/python3.11/site-packages/airflow/example_dags/example_kubernetes_executor.py
[2023-11-08T14:28:05.552+0000] {processor.py:839} INFO - DAG(s) dict_keys(['example_kubernetes_executor']) retrieved from /home/airflow/.local/lib/python3.11/site-packages/airflow/example_dags/example_kubernetes_executor.py
[2023-11-08T14:28:05.711+0000] {logging_mixin.py:154} INFO - [2023-11-08T14:28:05.711+0000] {dag.py:2941} INFO - Sync 1 DAGs
[2023-11-08T14:28:05.787+0000] {logging_mixin.py:154} INFO - [2023-11-08T14:28:05.786+0000] {dag.py:3722} INFO - Setting next_dagrun for example_kubernetes_executor to None, run_after=None
[2023-11-08T14:28:05.858+0000] {processor.py:179} INFO - Processing /home/airflow/.local/lib/python3.11/site-packages/airflow/example_dags/example_kubernetes_executor.py took 0.354 seconds
[2023-11-08T14:28:36.205+0000] {processor.py:157} INFO - Started process (PID=1843) to work on /home/airflow/.local/lib/python3.11/site-packages/airflow/example_dags/example_kubernetes_executor.py
[2023-11-08T14:28:36.206+0000] {processor.py:829} INFO - Processing file /home/airflow/.local/lib/python3.11/site-packages/airflow/example_dags/example_kubernetes_executor.py for tasks to queue
[2023-11-08T14:28:36.210+0000] {logging_mixin.py:154} INFO - [2023-11-08T14:28:36.209+0000] {dagbag.py:536} INFO - Filling up the DagBag from /home/airflow/.local/lib/python3.11/site-packages/airflow/example_dags/example_kubernetes_executor.py
[2023-11-08T14:28:36.247+0000] {processor.py:839} INFO - DAG(s) dict_keys(['example_kubernetes_executor']) retrieved from /home/airflow/.local/lib/python3.11/site-packages/airflow/example_dags/example_kubernetes_executor.py
[2023-11-08T14:28:36.411+0000] {logging_mixin.py:154} INFO - [2023-11-08T14:28:36.411+0000] {dag.py:2941} INFO - Sync 1 DAGs
[2023-11-08T14:28:36.562+0000] {logging_mixin.py:154} INFO - [2023-11-08T14:28:36.561+0000] {dag.py:3722} INFO - Setting next_dagrun for example_kubernetes_executor to None, run_after=None
[2023-11-08T14:28:36.644+0000] {processor.py:179} INFO - Processing /home/airflow/.local/lib/python3.11/site-packages/airflow/example_dags/example_kubernetes_executor.py took 0.447 seconds
[2023-11-08T14:29:06.733+0000] {processor.py:157} INFO - Started process (PID=1920) to work on /home/airflow/.local/lib/python3.11/site-packages/airflow/example_dags/example_kubernetes_executor.py
[2023-11-08T14:29:06.735+0000] {processor.py:829} INFO - Processing file /home/airflow/.local/lib/python3.11/site-packages/airflow/example_dags/example_kubernetes_executor.py for tasks to queue
[2023-11-08T14:29:06.737+0000] {logging_mixin.py:154} INFO - [2023-11-08T14:29:06.737+0000] {dagbag.py:536} INFO - Filling up the DagBag from /home/airflow/.local/lib/python3.11/site-packages/airflow/example_dags/example_kubernetes_executor.py
[2023-11-08T14:29:06.757+0000] {processor.py:839} INFO - DAG(s) dict_keys(['example_kubernetes_executor']) retrieved from /home/airflow/.local/lib/python3.11/site-packages/airflow/example_dags/example_kubernetes_executor.py
[2023-11-08T14:29:06.817+0000] {logging_mixin.py:154} INFO - [2023-11-08T14:29:06.817+0000] {dag.py:2941} INFO - Sync 1 DAGs
[2023-11-08T14:29:06.840+0000] {logging_mixin.py:154} INFO - [2023-11-08T14:29:06.840+0000] {dag.py:3722} INFO - Setting next_dagrun for example_kubernetes_executor to None, run_after=None
[2023-11-08T14:29:06.873+0000] {processor.py:179} INFO - Processing /home/airflow/.local/lib/python3.11/site-packages/airflow/example_dags/example_kubernetes_executor.py took 0.144 seconds
[2023-11-08T14:29:37.453+0000] {processor.py:157} INFO - Started process (PID=1995) to work on /home/airflow/.local/lib/python3.11/site-packages/airflow/example_dags/example_kubernetes_executor.py
[2023-11-08T14:29:37.455+0000] {processor.py:829} INFO - Processing file /home/airflow/.local/lib/python3.11/site-packages/airflow/example_dags/example_kubernetes_executor.py for tasks to queue
[2023-11-08T14:29:37.458+0000] {logging_mixin.py:154} INFO - [2023-11-08T14:29:37.457+0000] {dagbag.py:536} INFO - Filling up the DagBag from /home/airflow/.local/lib/python3.11/site-packages/airflow/example_dags/example_kubernetes_executor.py
[2023-11-08T14:29:37.478+0000] {processor.py:839} INFO - DAG(s) dict_keys(['example_kubernetes_executor']) retrieved from /home/airflow/.local/lib/python3.11/site-packages/airflow/example_dags/example_kubernetes_executor.py
[2023-11-08T14:29:37.540+0000] {logging_mixin.py:154} INFO - [2023-11-08T14:29:37.540+0000] {dag.py:2941} INFO - Sync 1 DAGs
[2023-11-08T14:29:37.564+0000] {logging_mixin.py:154} INFO - [2023-11-08T14:29:37.563+0000] {dag.py:3722} INFO - Setting next_dagrun for example_kubernetes_executor to None, run_after=None
[2023-11-08T14:29:37.597+0000] {processor.py:179} INFO - Processing /home/airflow/.local/lib/python3.11/site-packages/airflow/example_dags/example_kubernetes_executor.py took 0.149 seconds
[2023-11-08T14:30:07.786+0000] {processor.py:157} INFO - Started process (PID=2071) to work on /home/airflow/.local/lib/python3.11/site-packages/airflow/example_dags/example_kubernetes_executor.py
[2023-11-08T14:30:07.788+0000] {processor.py:829} INFO - Processing file /home/airflow/.local/lib/python3.11/site-packages/airflow/example_dags/example_kubernetes_executor.py for tasks to queue
[2023-11-08T14:30:07.791+0000] {logging_mixin.py:154} INFO - [2023-11-08T14:30:07.790+0000] {dagbag.py:536} INFO - Filling up the DagBag from /home/airflow/.local/lib/python3.11/site-packages/airflow/example_dags/example_kubernetes_executor.py
[2023-11-08T14:30:07.812+0000] {processor.py:839} INFO - DAG(s) dict_keys(['example_kubernetes_executor']) retrieved from /home/airflow/.local/lib/python3.11/site-packages/airflow/example_dags/example_kubernetes_executor.py
[2023-11-08T14:30:07.877+0000] {logging_mixin.py:154} INFO - [2023-11-08T14:30:07.876+0000] {dag.py:2941} INFO - Sync 1 DAGs
[2023-11-08T14:30:07.905+0000] {logging_mixin.py:154} INFO - [2023-11-08T14:30:07.905+0000] {dag.py:3722} INFO - Setting next_dagrun for example_kubernetes_executor to None, run_after=None
[2023-11-08T14:30:07.940+0000] {processor.py:179} INFO - Processing /home/airflow/.local/lib/python3.11/site-packages/airflow/example_dags/example_kubernetes_executor.py took 0.159 seconds
[2023-11-08T14:30:38.603+0000] {processor.py:157} INFO - Started process (PID=2148) to work on /home/airflow/.local/lib/python3.11/site-packages/airflow/example_dags/example_kubernetes_executor.py
[2023-11-08T14:30:38.604+0000] {processor.py:829} INFO - Processing file /home/airflow/.local/lib/python3.11/site-packages/airflow/example_dags/example_kubernetes_executor.py for tasks to queue
[2023-11-08T14:30:38.609+0000] {logging_mixin.py:154} INFO - [2023-11-08T14:30:38.609+0000] {dagbag.py:536} INFO - Filling up the DagBag from /home/airflow/.local/lib/python3.11/site-packages/airflow/example_dags/example_kubernetes_executor.py
[2023-11-08T14:30:38.637+0000] {processor.py:839} INFO - DAG(s) dict_keys(['example_kubernetes_executor']) retrieved from /home/airflow/.local/lib/python3.11/site-packages/airflow/example_dags/example_kubernetes_executor.py
[2023-11-08T14:30:38.704+0000] {logging_mixin.py:154} INFO - [2023-11-08T14:30:38.703+0000] {dag.py:2941} INFO - Sync 1 DAGs
[2023-11-08T14:30:38.728+0000] {logging_mixin.py:154} INFO - [2023-11-08T14:30:38.727+0000] {dag.py:3722} INFO - Setting next_dagrun for example_kubernetes_executor to None, run_after=None
[2023-11-08T14:30:38.761+0000] {processor.py:179} INFO - Processing /home/airflow/.local/lib/python3.11/site-packages/airflow/example_dags/example_kubernetes_executor.py took 0.164 seconds
[2023-11-08T14:31:09.170+0000] {processor.py:157} INFO - Started process (PID=2224) to work on /home/airflow/.local/lib/python3.11/site-packages/airflow/example_dags/example_kubernetes_executor.py
[2023-11-08T14:31:09.172+0000] {processor.py:829} INFO - Processing file /home/airflow/.local/lib/python3.11/site-packages/airflow/example_dags/example_kubernetes_executor.py for tasks to queue
[2023-11-08T14:31:09.177+0000] {logging_mixin.py:154} INFO - [2023-11-08T14:31:09.176+0000] {dagbag.py:536} INFO - Filling up the DagBag from /home/airflow/.local/lib/python3.11/site-packages/airflow/example_dags/example_kubernetes_executor.py
[2023-11-08T14:31:09.200+0000] {processor.py:839} INFO - DAG(s) dict_keys(['example_kubernetes_executor']) retrieved from /home/airflow/.local/lib/python3.11/site-packages/airflow/example_dags/example_kubernetes_executor.py
[2023-11-08T14:31:09.314+0000] {logging_mixin.py:154} INFO - [2023-11-08T14:31:09.314+0000] {dag.py:2941} INFO - Sync 1 DAGs
[2023-11-08T14:31:09.338+0000] {logging_mixin.py:154} INFO - [2023-11-08T14:31:09.338+0000] {dag.py:3722} INFO - Setting next_dagrun for example_kubernetes_executor to None, run_after=None
[2023-11-08T14:31:09.374+0000] {processor.py:179} INFO - Processing /home/airflow/.local/lib/python3.11/site-packages/airflow/example_dags/example_kubernetes_executor.py took 0.208 seconds
[2023-11-08T14:31:39.810+0000] {processor.py:157} INFO - Started process (PID=2300) to work on /home/airflow/.local/lib/python3.11/site-packages/airflow/example_dags/example_kubernetes_executor.py
[2023-11-08T14:31:39.811+0000] {processor.py:829} INFO - Processing file /home/airflow/.local/lib/python3.11/site-packages/airflow/example_dags/example_kubernetes_executor.py for tasks to queue
[2023-11-08T14:31:39.813+0000] {logging_mixin.py:154} INFO - [2023-11-08T14:31:39.813+0000] {dagbag.py:536} INFO - Filling up the DagBag from /home/airflow/.local/lib/python3.11/site-packages/airflow/example_dags/example_kubernetes_executor.py
[2023-11-08T14:31:39.838+0000] {processor.py:839} INFO - DAG(s) dict_keys(['example_kubernetes_executor']) retrieved from /home/airflow/.local/lib/python3.11/site-packages/airflow/example_dags/example_kubernetes_executor.py
[2023-11-08T14:31:39.900+0000] {logging_mixin.py:154} INFO - [2023-11-08T14:31:39.900+0000] {dag.py:2941} INFO - Sync 1 DAGs
[2023-11-08T14:31:39.922+0000] {logging_mixin.py:154} INFO - [2023-11-08T14:31:39.922+0000] {dag.py:3722} INFO - Setting next_dagrun for example_kubernetes_executor to None, run_after=None
[2023-11-08T14:31:39.956+0000] {processor.py:179} INFO - Processing /home/airflow/.local/lib/python3.11/site-packages/airflow/example_dags/example_kubernetes_executor.py took 0.149 seconds
[2023-11-08T14:32:10.164+0000] {processor.py:157} INFO - Started process (PID=2376) to work on /home/airflow/.local/lib/python3.11/site-packages/airflow/example_dags/example_kubernetes_executor.py
[2023-11-08T14:32:10.165+0000] {processor.py:829} INFO - Processing file /home/airflow/.local/lib/python3.11/site-packages/airflow/example_dags/example_kubernetes_executor.py for tasks to queue
[2023-11-08T14:32:10.168+0000] {logging_mixin.py:154} INFO - [2023-11-08T14:32:10.167+0000] {dagbag.py:536} INFO - Filling up the DagBag from /home/airflow/.local/lib/python3.11/site-packages/airflow/example_dags/example_kubernetes_executor.py
[2023-11-08T14:32:10.189+0000] {processor.py:839} INFO - DAG(s) dict_keys(['example_kubernetes_executor']) retrieved from /home/airflow/.local/lib/python3.11/site-packages/airflow/example_dags/example_kubernetes_executor.py
[2023-11-08T14:32:10.251+0000] {logging_mixin.py:154} INFO - [2023-11-08T14:32:10.250+0000] {dag.py:2941} INFO - Sync 1 DAGs
[2023-11-08T14:32:10.279+0000] {logging_mixin.py:154} INFO - [2023-11-08T14:32:10.278+0000] {dag.py:3722} INFO - Setting next_dagrun for example_kubernetes_executor to None, run_after=None
[2023-11-08T14:32:10.316+0000] {processor.py:179} INFO - Processing /home/airflow/.local/lib/python3.11/site-packages/airflow/example_dags/example_kubernetes_executor.py took 0.157 seconds
[2023-11-08T14:32:40.885+0000] {processor.py:157} INFO - Started process (PID=2452) to work on /home/airflow/.local/lib/python3.11/site-packages/airflow/example_dags/example_kubernetes_executor.py
[2023-11-08T14:32:40.887+0000] {processor.py:829} INFO - Processing file /home/airflow/.local/lib/python3.11/site-packages/airflow/example_dags/example_kubernetes_executor.py for tasks to queue
[2023-11-08T14:32:40.892+0000] {logging_mixin.py:154} INFO - [2023-11-08T14:32:40.892+0000] {dagbag.py:536} INFO - Filling up the DagBag from /home/airflow/.local/lib/python3.11/site-packages/airflow/example_dags/example_kubernetes_executor.py
[2023-11-08T14:32:40.920+0000] {processor.py:839} INFO - DAG(s) dict_keys(['example_kubernetes_executor']) retrieved from /home/airflow/.local/lib/python3.11/site-packages/airflow/example_dags/example_kubernetes_executor.py
[2023-11-08T14:32:40.988+0000] {logging_mixin.py:154} INFO - [2023-11-08T14:32:40.988+0000] {dag.py:2941} INFO - Sync 1 DAGs
[2023-11-08T14:32:41.012+0000] {logging_mixin.py:154} INFO - [2023-11-08T14:32:41.012+0000] {dag.py:3722} INFO - Setting next_dagrun for example_kubernetes_executor to None, run_after=None
[2023-11-08T14:32:41.059+0000] {processor.py:179} INFO - Processing /home/airflow/.local/lib/python3.11/site-packages/airflow/example_dags/example_kubernetes_executor.py took 0.183 seconds
[2023-11-08T14:33:11.267+0000] {processor.py:157} INFO - Started process (PID=2528) to work on /home/airflow/.local/lib/python3.11/site-packages/airflow/example_dags/example_kubernetes_executor.py
[2023-11-08T14:33:11.275+0000] {processor.py:829} INFO - Processing file /home/airflow/.local/lib/python3.11/site-packages/airflow/example_dags/example_kubernetes_executor.py for tasks to queue
[2023-11-08T14:33:11.278+0000] {logging_mixin.py:154} INFO - [2023-11-08T14:33:11.278+0000] {dagbag.py:536} INFO - Filling up the DagBag from /home/airflow/.local/lib/python3.11/site-packages/airflow/example_dags/example_kubernetes_executor.py
[2023-11-08T14:33:11.302+0000] {processor.py:839} INFO - DAG(s) dict_keys(['example_kubernetes_executor']) retrieved from /home/airflow/.local/lib/python3.11/site-packages/airflow/example_dags/example_kubernetes_executor.py
[2023-11-08T14:33:11.363+0000] {logging_mixin.py:154} INFO - [2023-11-08T14:33:11.363+0000] {dag.py:2941} INFO - Sync 1 DAGs
[2023-11-08T14:33:11.385+0000] {logging_mixin.py:154} INFO - [2023-11-08T14:33:11.385+0000] {dag.py:3722} INFO - Setting next_dagrun for example_kubernetes_executor to None, run_after=None
[2023-11-08T14:33:11.428+0000] {processor.py:179} INFO - Processing /home/airflow/.local/lib/python3.11/site-packages/airflow/example_dags/example_kubernetes_executor.py took 0.166 seconds
[2023-11-08T14:33:41.786+0000] {processor.py:157} INFO - Started process (PID=2602) to work on /home/airflow/.local/lib/python3.11/site-packages/airflow/example_dags/example_kubernetes_executor.py
[2023-11-08T14:33:41.787+0000] {processor.py:829} INFO - Processing file /home/airflow/.local/lib/python3.11/site-packages/airflow/example_dags/example_kubernetes_executor.py for tasks to queue
[2023-11-08T14:33:41.790+0000] {logging_mixin.py:154} INFO - [2023-11-08T14:33:41.790+0000] {dagbag.py:536} INFO - Filling up the DagBag from /home/airflow/.local/lib/python3.11/site-packages/airflow/example_dags/example_kubernetes_executor.py
[2023-11-08T14:33:41.810+0000] {processor.py:839} INFO - DAG(s) dict_keys(['example_kubernetes_executor']) retrieved from /home/airflow/.local/lib/python3.11/site-packages/airflow/example_dags/example_kubernetes_executor.py
[2023-11-08T14:33:41.870+0000] {logging_mixin.py:154} INFO - [2023-11-08T14:33:41.870+0000] {dag.py:2941} INFO - Sync 1 DAGs
[2023-11-08T14:33:41.892+0000] {logging_mixin.py:154} INFO - [2023-11-08T14:33:41.891+0000] {dag.py:3722} INFO - Setting next_dagrun for example_kubernetes_executor to None, run_after=None
[2023-11-08T14:33:41.923+0000] {processor.py:179} INFO - Processing /home/airflow/.local/lib/python3.11/site-packages/airflow/example_dags/example_kubernetes_executor.py took 0.142 seconds
[2023-11-08T14:34:12.277+0000] {processor.py:157} INFO - Started process (PID=2678) to work on /home/airflow/.local/lib/python3.11/site-packages/airflow/example_dags/example_kubernetes_executor.py
[2023-11-08T14:34:12.282+0000] {processor.py:829} INFO - Processing file /home/airflow/.local/lib/python3.11/site-packages/airflow/example_dags/example_kubernetes_executor.py for tasks to queue
[2023-11-08T14:34:12.287+0000] {logging_mixin.py:154} INFO - [2023-11-08T14:34:12.287+0000] {dagbag.py:536} INFO - Filling up the DagBag from /home/airflow/.local/lib/python3.11/site-packages/airflow/example_dags/example_kubernetes_executor.py
[2023-11-08T14:34:12.310+0000] {processor.py:839} INFO - DAG(s) dict_keys(['example_kubernetes_executor']) retrieved from /home/airflow/.local/lib/python3.11/site-packages/airflow/example_dags/example_kubernetes_executor.py
[2023-11-08T14:34:12.380+0000] {logging_mixin.py:154} INFO - [2023-11-08T14:34:12.379+0000] {dag.py:2941} INFO - Sync 1 DAGs
[2023-11-08T14:34:12.405+0000] {logging_mixin.py:154} INFO - [2023-11-08T14:34:12.404+0000] {dag.py:3722} INFO - Setting next_dagrun for example_kubernetes_executor to None, run_after=None
[2023-11-08T14:34:12.438+0000] {processor.py:179} INFO - Processing /home/airflow/.local/lib/python3.11/site-packages/airflow/example_dags/example_kubernetes_executor.py took 0.173 seconds
[2023-11-08T14:34:43.176+0000] {processor.py:157} INFO - Started process (PID=2754) to work on /home/airflow/.local/lib/python3.11/site-packages/airflow/example_dags/example_kubernetes_executor.py
[2023-11-08T14:34:43.177+0000] {processor.py:829} INFO - Processing file /home/airflow/.local/lib/python3.11/site-packages/airflow/example_dags/example_kubernetes_executor.py for tasks to queue
[2023-11-08T14:34:43.180+0000] {logging_mixin.py:154} INFO - [2023-11-08T14:34:43.179+0000] {dagbag.py:536} INFO - Filling up the DagBag from /home/airflow/.local/lib/python3.11/site-packages/airflow/example_dags/example_kubernetes_executor.py
[2023-11-08T14:34:43.207+0000] {processor.py:839} INFO - DAG(s) dict_keys(['example_kubernetes_executor']) retrieved from /home/airflow/.local/lib/python3.11/site-packages/airflow/example_dags/example_kubernetes_executor.py
[2023-11-08T14:34:43.274+0000] {logging_mixin.py:154} INFO - [2023-11-08T14:34:43.274+0000] {dag.py:2941} INFO - Sync 1 DAGs
[2023-11-08T14:34:43.304+0000] {logging_mixin.py:154} INFO - [2023-11-08T14:34:43.304+0000] {dag.py:3722} INFO - Setting next_dagrun for example_kubernetes_executor to None, run_after=None
[2023-11-08T14:34:43.346+0000] {processor.py:179} INFO - Processing /home/airflow/.local/lib/python3.11/site-packages/airflow/example_dags/example_kubernetes_executor.py took 0.175 seconds
[2023-11-08T14:35:13.677+0000] {processor.py:157} INFO - Started process (PID=2830) to work on /home/airflow/.local/lib/python3.11/site-packages/airflow/example_dags/example_kubernetes_executor.py
[2023-11-08T14:35:13.679+0000] {processor.py:829} INFO - Processing file /home/airflow/.local/lib/python3.11/site-packages/airflow/example_dags/example_kubernetes_executor.py for tasks to queue
[2023-11-08T14:35:13.681+0000] {logging_mixin.py:154} INFO - [2023-11-08T14:35:13.681+0000] {dagbag.py:536} INFO - Filling up the DagBag from /home/airflow/.local/lib/python3.11/site-packages/airflow/example_dags/example_kubernetes_executor.py
[2023-11-08T14:35:13.701+0000] {processor.py:839} INFO - DAG(s) dict_keys(['example_kubernetes_executor']) retrieved from /home/airflow/.local/lib/python3.11/site-packages/airflow/example_dags/example_kubernetes_executor.py
[2023-11-08T14:35:13.762+0000] {logging_mixin.py:154} INFO - [2023-11-08T14:35:13.761+0000] {dag.py:2941} INFO - Sync 1 DAGs
[2023-11-08T14:35:13.783+0000] {logging_mixin.py:154} INFO - [2023-11-08T14:35:13.782+0000] {dag.py:3722} INFO - Setting next_dagrun for example_kubernetes_executor to None, run_after=None
[2023-11-08T14:35:13.812+0000] {processor.py:179} INFO - Processing /home/airflow/.local/lib/python3.11/site-packages/airflow/example_dags/example_kubernetes_executor.py took 0.139 seconds
[2023-11-08T14:35:44.693+0000] {processor.py:157} INFO - Started process (PID=2906) to work on /home/airflow/.local/lib/python3.11/site-packages/airflow/example_dags/example_kubernetes_executor.py
[2023-11-08T14:35:44.695+0000] {processor.py:829} INFO - Processing file /home/airflow/.local/lib/python3.11/site-packages/airflow/example_dags/example_kubernetes_executor.py for tasks to queue
[2023-11-08T14:35:44.699+0000] {logging_mixin.py:154} INFO - [2023-11-08T14:35:44.698+0000] {dagbag.py:536} INFO - Filling up the DagBag from /home/airflow/.local/lib/python3.11/site-packages/airflow/example_dags/example_kubernetes_executor.py
[2023-11-08T14:35:44.723+0000] {processor.py:839} INFO - DAG(s) dict_keys(['example_kubernetes_executor']) retrieved from /home/airflow/.local/lib/python3.11/site-packages/airflow/example_dags/example_kubernetes_executor.py
[2023-11-08T14:35:44.795+0000] {logging_mixin.py:154} INFO - [2023-11-08T14:35:44.794+0000] {dag.py:2941} INFO - Sync 1 DAGs
[2023-11-08T14:35:44.818+0000] {logging_mixin.py:154} INFO - [2023-11-08T14:35:44.817+0000] {dag.py:3722} INFO - Setting next_dagrun for example_kubernetes_executor to None, run_after=None
[2023-11-08T14:35:44.857+0000] {processor.py:179} INFO - Processing /home/airflow/.local/lib/python3.11/site-packages/airflow/example_dags/example_kubernetes_executor.py took 0.169 seconds
[2023-11-08T14:36:15.609+0000] {processor.py:157} INFO - Started process (PID=2982) to work on /home/airflow/.local/lib/python3.11/site-packages/airflow/example_dags/example_kubernetes_executor.py
[2023-11-08T14:36:15.610+0000] {processor.py:829} INFO - Processing file /home/airflow/.local/lib/python3.11/site-packages/airflow/example_dags/example_kubernetes_executor.py for tasks to queue
[2023-11-08T14:36:15.613+0000] {logging_mixin.py:154} INFO - [2023-11-08T14:36:15.612+0000] {dagbag.py:536} INFO - Filling up the DagBag from /home/airflow/.local/lib/python3.11/site-packages/airflow/example_dags/example_kubernetes_executor.py
[2023-11-08T14:36:15.635+0000] {processor.py:839} INFO - DAG(s) dict_keys(['example_kubernetes_executor']) retrieved from /home/airflow/.local/lib/python3.11/site-packages/airflow/example_dags/example_kubernetes_executor.py
[2023-11-08T14:36:15.694+0000] {logging_mixin.py:154} INFO - [2023-11-08T14:36:15.694+0000] {dag.py:2941} INFO - Sync 1 DAGs
[2023-11-08T14:36:15.714+0000] {logging_mixin.py:154} INFO - [2023-11-08T14:36:15.713+0000] {dag.py:3722} INFO - Setting next_dagrun for example_kubernetes_executor to None, run_after=None
[2023-11-08T14:36:15.744+0000] {processor.py:179} INFO - Processing /home/airflow/.local/lib/python3.11/site-packages/airflow/example_dags/example_kubernetes_executor.py took 0.138 seconds
[2023-11-08T14:36:46.501+0000] {processor.py:157} INFO - Started process (PID=3058) to work on /home/airflow/.local/lib/python3.11/site-packages/airflow/example_dags/example_kubernetes_executor.py
[2023-11-08T14:36:46.503+0000] {processor.py:829} INFO - Processing file /home/airflow/.local/lib/python3.11/site-packages/airflow/example_dags/example_kubernetes_executor.py for tasks to queue
[2023-11-08T14:36:46.506+0000] {logging_mixin.py:154} INFO - [2023-11-08T14:36:46.506+0000] {dagbag.py:536} INFO - Filling up the DagBag from /home/airflow/.local/lib/python3.11/site-packages/airflow/example_dags/example_kubernetes_executor.py
[2023-11-08T14:36:46.530+0000] {processor.py:839} INFO - DAG(s) dict_keys(['example_kubernetes_executor']) retrieved from /home/airflow/.local/lib/python3.11/site-packages/airflow/example_dags/example_kubernetes_executor.py
[2023-11-08T14:36:46.660+0000] {logging_mixin.py:154} INFO - [2023-11-08T14:36:46.659+0000] {dag.py:2941} INFO - Sync 1 DAGs
[2023-11-08T14:36:46.708+0000] {logging_mixin.py:154} INFO - [2023-11-08T14:36:46.708+0000] {dag.py:3722} INFO - Setting next_dagrun for example_kubernetes_executor to None, run_after=None
[2023-11-08T14:36:46.744+0000] {processor.py:179} INFO - Processing /home/airflow/.local/lib/python3.11/site-packages/airflow/example_dags/example_kubernetes_executor.py took 0.249 seconds
[2023-11-08T14:37:16.797+0000] {processor.py:157} INFO - Started process (PID=3134) to work on /home/airflow/.local/lib/python3.11/site-packages/airflow/example_dags/example_kubernetes_executor.py
[2023-11-08T14:37:16.797+0000] {processor.py:829} INFO - Processing file /home/airflow/.local/lib/python3.11/site-packages/airflow/example_dags/example_kubernetes_executor.py for tasks to queue
[2023-11-08T14:37:16.799+0000] {logging_mixin.py:154} INFO - [2023-11-08T14:37:16.799+0000] {dagbag.py:536} INFO - Filling up the DagBag from /home/airflow/.local/lib/python3.11/site-packages/airflow/example_dags/example_kubernetes_executor.py
[2023-11-08T14:37:16.808+0000] {processor.py:839} INFO - DAG(s) dict_keys(['example_kubernetes_executor']) retrieved from /home/airflow/.local/lib/python3.11/site-packages/airflow/example_dags/example_kubernetes_executor.py
[2023-11-08T14:37:16.836+0000] {logging_mixin.py:154} INFO - [2023-11-08T14:37:16.836+0000] {dag.py:2941} INFO - Sync 1 DAGs
[2023-11-08T14:37:16.847+0000] {logging_mixin.py:154} INFO - [2023-11-08T14:37:16.846+0000] {dag.py:3722} INFO - Setting next_dagrun for example_kubernetes_executor to None, run_after=None
[2023-11-08T14:37:16.860+0000] {processor.py:179} INFO - Processing /home/airflow/.local/lib/python3.11/site-packages/airflow/example_dags/example_kubernetes_executor.py took 0.065 seconds
[2023-11-08T14:37:46.901+0000] {processor.py:157} INFO - Started process (PID=3210) to work on /home/airflow/.local/lib/python3.11/site-packages/airflow/example_dags/example_kubernetes_executor.py
[2023-11-08T14:37:46.901+0000] {processor.py:829} INFO - Processing file /home/airflow/.local/lib/python3.11/site-packages/airflow/example_dags/example_kubernetes_executor.py for tasks to queue
[2023-11-08T14:37:46.903+0000] {logging_mixin.py:154} INFO - [2023-11-08T14:37:46.903+0000] {dagbag.py:536} INFO - Filling up the DagBag from /home/airflow/.local/lib/python3.11/site-packages/airflow/example_dags/example_kubernetes_executor.py
[2023-11-08T14:37:46.913+0000] {processor.py:839} INFO - DAG(s) dict_keys(['example_kubernetes_executor']) retrieved from /home/airflow/.local/lib/python3.11/site-packages/airflow/example_dags/example_kubernetes_executor.py
[2023-11-08T14:37:46.943+0000] {logging_mixin.py:154} INFO - [2023-11-08T14:37:46.943+0000] {dag.py:2941} INFO - Sync 1 DAGs
[2023-11-08T14:37:46.954+0000] {logging_mixin.py:154} INFO - [2023-11-08T14:37:46.954+0000] {dag.py:3722} INFO - Setting next_dagrun for example_kubernetes_executor to None, run_after=None
[2023-11-08T14:37:46.969+0000] {processor.py:179} INFO - Processing /home/airflow/.local/lib/python3.11/site-packages/airflow/example_dags/example_kubernetes_executor.py took 0.070 seconds
[2023-11-08T14:38:17.150+0000] {processor.py:157} INFO - Started process (PID=3286) to work on /home/airflow/.local/lib/python3.11/site-packages/airflow/example_dags/example_kubernetes_executor.py
[2023-11-08T14:38:17.150+0000] {processor.py:829} INFO - Processing file /home/airflow/.local/lib/python3.11/site-packages/airflow/example_dags/example_kubernetes_executor.py for tasks to queue
[2023-11-08T14:38:17.152+0000] {logging_mixin.py:154} INFO - [2023-11-08T14:38:17.152+0000] {dagbag.py:536} INFO - Filling up the DagBag from /home/airflow/.local/lib/python3.11/site-packages/airflow/example_dags/example_kubernetes_executor.py
[2023-11-08T14:38:17.161+0000] {processor.py:839} INFO - DAG(s) dict_keys(['example_kubernetes_executor']) retrieved from /home/airflow/.local/lib/python3.11/site-packages/airflow/example_dags/example_kubernetes_executor.py
[2023-11-08T14:38:17.188+0000] {logging_mixin.py:154} INFO - [2023-11-08T14:38:17.188+0000] {dag.py:2941} INFO - Sync 1 DAGs
[2023-11-08T14:38:17.197+0000] {logging_mixin.py:154} INFO - [2023-11-08T14:38:17.197+0000] {dag.py:3722} INFO - Setting next_dagrun for example_kubernetes_executor to None, run_after=None
[2023-11-08T14:38:17.210+0000] {processor.py:179} INFO - Processing /home/airflow/.local/lib/python3.11/site-packages/airflow/example_dags/example_kubernetes_executor.py took 0.062 seconds
[2023-11-08T14:38:47.288+0000] {processor.py:157} INFO - Started process (PID=3362) to work on /home/airflow/.local/lib/python3.11/site-packages/airflow/example_dags/example_kubernetes_executor.py
[2023-11-08T14:38:47.289+0000] {processor.py:829} INFO - Processing file /home/airflow/.local/lib/python3.11/site-packages/airflow/example_dags/example_kubernetes_executor.py for tasks to queue
[2023-11-08T14:38:47.290+0000] {logging_mixin.py:154} INFO - [2023-11-08T14:38:47.290+0000] {dagbag.py:536} INFO - Filling up the DagBag from /home/airflow/.local/lib/python3.11/site-packages/airflow/example_dags/example_kubernetes_executor.py
[2023-11-08T14:38:47.300+0000] {processor.py:839} INFO - DAG(s) dict_keys(['example_kubernetes_executor']) retrieved from /home/airflow/.local/lib/python3.11/site-packages/airflow/example_dags/example_kubernetes_executor.py
[2023-11-08T14:38:47.329+0000] {logging_mixin.py:154} INFO - [2023-11-08T14:38:47.328+0000] {dag.py:2941} INFO - Sync 1 DAGs
[2023-11-08T14:38:47.338+0000] {logging_mixin.py:154} INFO - [2023-11-08T14:38:47.338+0000] {dag.py:3722} INFO - Setting next_dagrun for example_kubernetes_executor to None, run_after=None
[2023-11-08T14:38:47.353+0000] {processor.py:179} INFO - Processing /home/airflow/.local/lib/python3.11/site-packages/airflow/example_dags/example_kubernetes_executor.py took 0.067 seconds
[2023-11-08T14:39:17.446+0000] {processor.py:157} INFO - Started process (PID=3438) to work on /home/airflow/.local/lib/python3.11/site-packages/airflow/example_dags/example_kubernetes_executor.py
[2023-11-08T14:39:17.446+0000] {processor.py:829} INFO - Processing file /home/airflow/.local/lib/python3.11/site-packages/airflow/example_dags/example_kubernetes_executor.py for tasks to queue
[2023-11-08T14:39:17.448+0000] {logging_mixin.py:154} INFO - [2023-11-08T14:39:17.447+0000] {dagbag.py:536} INFO - Filling up the DagBag from /home/airflow/.local/lib/python3.11/site-packages/airflow/example_dags/example_kubernetes_executor.py
[2023-11-08T14:39:17.457+0000] {processor.py:839} INFO - DAG(s) dict_keys(['example_kubernetes_executor']) retrieved from /home/airflow/.local/lib/python3.11/site-packages/airflow/example_dags/example_kubernetes_executor.py
[2023-11-08T14:39:17.484+0000] {logging_mixin.py:154} INFO - [2023-11-08T14:39:17.484+0000] {dag.py:2941} INFO - Sync 1 DAGs
[2023-11-08T14:39:17.494+0000] {logging_mixin.py:154} INFO - [2023-11-08T14:39:17.494+0000] {dag.py:3722} INFO - Setting next_dagrun for example_kubernetes_executor to None, run_after=None
[2023-11-08T14:39:17.507+0000] {processor.py:179} INFO - Processing /home/airflow/.local/lib/python3.11/site-packages/airflow/example_dags/example_kubernetes_executor.py took 0.064 seconds
[2023-11-08T14:39:47.696+0000] {processor.py:157} INFO - Started process (PID=3514) to work on /home/airflow/.local/lib/python3.11/site-packages/airflow/example_dags/example_kubernetes_executor.py
[2023-11-08T14:39:47.696+0000] {processor.py:829} INFO - Processing file /home/airflow/.local/lib/python3.11/site-packages/airflow/example_dags/example_kubernetes_executor.py for tasks to queue
[2023-11-08T14:39:47.698+0000] {logging_mixin.py:154} INFO - [2023-11-08T14:39:47.697+0000] {dagbag.py:536} INFO - Filling up the DagBag from /home/airflow/.local/lib/python3.11/site-packages/airflow/example_dags/example_kubernetes_executor.py
[2023-11-08T14:39:47.707+0000] {processor.py:839} INFO - DAG(s) dict_keys(['example_kubernetes_executor']) retrieved from /home/airflow/.local/lib/python3.11/site-packages/airflow/example_dags/example_kubernetes_executor.py
[2023-11-08T14:39:47.735+0000] {logging_mixin.py:154} INFO - [2023-11-08T14:39:47.734+0000] {dag.py:2941} INFO - Sync 1 DAGs
[2023-11-08T14:39:47.744+0000] {logging_mixin.py:154} INFO - [2023-11-08T14:39:47.744+0000] {dag.py:3722} INFO - Setting next_dagrun for example_kubernetes_executor to None, run_after=None
[2023-11-08T14:39:47.758+0000] {processor.py:179} INFO - Processing /home/airflow/.local/lib/python3.11/site-packages/airflow/example_dags/example_kubernetes_executor.py took 0.065 seconds
[2023-11-08T14:40:17.900+0000] {processor.py:157} INFO - Started process (PID=3591) to work on /home/airflow/.local/lib/python3.11/site-packages/airflow/example_dags/example_kubernetes_executor.py
[2023-11-08T14:40:17.900+0000] {processor.py:829} INFO - Processing file /home/airflow/.local/lib/python3.11/site-packages/airflow/example_dags/example_kubernetes_executor.py for tasks to queue
[2023-11-08T14:40:17.902+0000] {logging_mixin.py:154} INFO - [2023-11-08T14:40:17.902+0000] {dagbag.py:536} INFO - Filling up the DagBag from /home/airflow/.local/lib/python3.11/site-packages/airflow/example_dags/example_kubernetes_executor.py
[2023-11-08T14:40:17.911+0000] {processor.py:839} INFO - DAG(s) dict_keys(['example_kubernetes_executor']) retrieved from /home/airflow/.local/lib/python3.11/site-packages/airflow/example_dags/example_kubernetes_executor.py
[2023-11-08T14:40:17.942+0000] {logging_mixin.py:154} INFO - [2023-11-08T14:40:17.941+0000] {dag.py:2941} INFO - Sync 1 DAGs
[2023-11-08T14:40:17.951+0000] {logging_mixin.py:154} INFO - [2023-11-08T14:40:17.950+0000] {dag.py:3722} INFO - Setting next_dagrun for example_kubernetes_executor to None, run_after=None
[2023-11-08T14:40:17.965+0000] {processor.py:179} INFO - Processing /home/airflow/.local/lib/python3.11/site-packages/airflow/example_dags/example_kubernetes_executor.py took 0.068 seconds
[2023-11-08T14:40:48.045+0000] {processor.py:157} INFO - Started process (PID=3667) to work on /home/airflow/.local/lib/python3.11/site-packages/airflow/example_dags/example_kubernetes_executor.py
[2023-11-08T14:40:48.045+0000] {processor.py:829} INFO - Processing file /home/airflow/.local/lib/python3.11/site-packages/airflow/example_dags/example_kubernetes_executor.py for tasks to queue
[2023-11-08T14:40:48.047+0000] {logging_mixin.py:154} INFO - [2023-11-08T14:40:48.047+0000] {dagbag.py:536} INFO - Filling up the DagBag from /home/airflow/.local/lib/python3.11/site-packages/airflow/example_dags/example_kubernetes_executor.py
[2023-11-08T14:40:48.056+0000] {processor.py:839} INFO - DAG(s) dict_keys(['example_kubernetes_executor']) retrieved from /home/airflow/.local/lib/python3.11/site-packages/airflow/example_dags/example_kubernetes_executor.py
[2023-11-08T14:40:48.084+0000] {logging_mixin.py:154} INFO - [2023-11-08T14:40:48.083+0000] {dag.py:2941} INFO - Sync 1 DAGs
[2023-11-08T14:40:48.094+0000] {logging_mixin.py:154} INFO - [2023-11-08T14:40:48.094+0000] {dag.py:3722} INFO - Setting next_dagrun for example_kubernetes_executor to None, run_after=None
[2023-11-08T14:40:48.108+0000] {processor.py:179} INFO - Processing /home/airflow/.local/lib/python3.11/site-packages/airflow/example_dags/example_kubernetes_executor.py took 0.065 seconds
[2023-11-08T14:41:18.302+0000] {processor.py:157} INFO - Started process (PID=3743) to work on /home/airflow/.local/lib/python3.11/site-packages/airflow/example_dags/example_kubernetes_executor.py
[2023-11-08T14:41:18.303+0000] {processor.py:829} INFO - Processing file /home/airflow/.local/lib/python3.11/site-packages/airflow/example_dags/example_kubernetes_executor.py for tasks to queue
[2023-11-08T14:41:18.305+0000] {logging_mixin.py:154} INFO - [2023-11-08T14:41:18.304+0000] {dagbag.py:536} INFO - Filling up the DagBag from /home/airflow/.local/lib/python3.11/site-packages/airflow/example_dags/example_kubernetes_executor.py
[2023-11-08T14:41:18.314+0000] {processor.py:839} INFO - DAG(s) dict_keys(['example_kubernetes_executor']) retrieved from /home/airflow/.local/lib/python3.11/site-packages/airflow/example_dags/example_kubernetes_executor.py
[2023-11-08T14:41:18.343+0000] {logging_mixin.py:154} INFO - [2023-11-08T14:41:18.342+0000] {dag.py:2941} INFO - Sync 1 DAGs
[2023-11-08T14:41:18.353+0000] {logging_mixin.py:154} INFO - [2023-11-08T14:41:18.353+0000] {dag.py:3722} INFO - Setting next_dagrun for example_kubernetes_executor to None, run_after=None
[2023-11-08T14:41:18.368+0000] {processor.py:179} INFO - Processing /home/airflow/.local/lib/python3.11/site-packages/airflow/example_dags/example_kubernetes_executor.py took 0.069 seconds
[2023-11-08T14:41:48.445+0000] {processor.py:157} INFO - Started process (PID=3819) to work on /home/airflow/.local/lib/python3.11/site-packages/airflow/example_dags/example_kubernetes_executor.py
[2023-11-08T14:41:48.448+0000] {processor.py:829} INFO - Processing file /home/airflow/.local/lib/python3.11/site-packages/airflow/example_dags/example_kubernetes_executor.py for tasks to queue
[2023-11-08T14:41:48.450+0000] {logging_mixin.py:154} INFO - [2023-11-08T14:41:48.450+0000] {dagbag.py:536} INFO - Filling up the DagBag from /home/airflow/.local/lib/python3.11/site-packages/airflow/example_dags/example_kubernetes_executor.py
[2023-11-08T14:41:48.458+0000] {processor.py:839} INFO - DAG(s) dict_keys(['example_kubernetes_executor']) retrieved from /home/airflow/.local/lib/python3.11/site-packages/airflow/example_dags/example_kubernetes_executor.py
[2023-11-08T14:41:48.486+0000] {logging_mixin.py:154} INFO - [2023-11-08T14:41:48.486+0000] {dag.py:2941} INFO - Sync 1 DAGs
[2023-11-08T14:41:48.497+0000] {logging_mixin.py:154} INFO - [2023-11-08T14:41:48.497+0000] {dag.py:3722} INFO - Setting next_dagrun for example_kubernetes_executor to None, run_after=None
[2023-11-08T14:41:48.509+0000] {processor.py:179} INFO - Processing /home/airflow/.local/lib/python3.11/site-packages/airflow/example_dags/example_kubernetes_executor.py took 0.067 seconds
[2023-11-08T14:42:18.679+0000] {processor.py:157} INFO - Started process (PID=3895) to work on /home/airflow/.local/lib/python3.11/site-packages/airflow/example_dags/example_kubernetes_executor.py
[2023-11-08T14:42:18.680+0000] {processor.py:829} INFO - Processing file /home/airflow/.local/lib/python3.11/site-packages/airflow/example_dags/example_kubernetes_executor.py for tasks to queue
[2023-11-08T14:42:18.681+0000] {logging_mixin.py:154} INFO - [2023-11-08T14:42:18.681+0000] {dagbag.py:536} INFO - Filling up the DagBag from /home/airflow/.local/lib/python3.11/site-packages/airflow/example_dags/example_kubernetes_executor.py
[2023-11-08T14:42:18.690+0000] {processor.py:839} INFO - DAG(s) dict_keys(['example_kubernetes_executor']) retrieved from /home/airflow/.local/lib/python3.11/site-packages/airflow/example_dags/example_kubernetes_executor.py
[2023-11-08T14:42:18.718+0000] {logging_mixin.py:154} INFO - [2023-11-08T14:42:18.718+0000] {dag.py:2941} INFO - Sync 1 DAGs
[2023-11-08T14:42:18.727+0000] {logging_mixin.py:154} INFO - [2023-11-08T14:42:18.727+0000] {dag.py:3722} INFO - Setting next_dagrun for example_kubernetes_executor to None, run_after=None
[2023-11-08T14:42:18.742+0000] {processor.py:179} INFO - Processing /home/airflow/.local/lib/python3.11/site-packages/airflow/example_dags/example_kubernetes_executor.py took 0.065 seconds
[2023-11-08T14:42:49.138+0000] {processor.py:157} INFO - Started process (PID=3971) to work on /home/airflow/.local/lib/python3.11/site-packages/airflow/example_dags/example_kubernetes_executor.py
[2023-11-08T14:42:49.139+0000] {processor.py:829} INFO - Processing file /home/airflow/.local/lib/python3.11/site-packages/airflow/example_dags/example_kubernetes_executor.py for tasks to queue
[2023-11-08T14:42:49.140+0000] {logging_mixin.py:154} INFO - [2023-11-08T14:42:49.140+0000] {dagbag.py:536} INFO - Filling up the DagBag from /home/airflow/.local/lib/python3.11/site-packages/airflow/example_dags/example_kubernetes_executor.py
[2023-11-08T14:42:49.151+0000] {processor.py:839} INFO - DAG(s) dict_keys(['example_kubernetes_executor']) retrieved from /home/airflow/.local/lib/python3.11/site-packages/airflow/example_dags/example_kubernetes_executor.py
[2023-11-08T14:42:49.180+0000] {logging_mixin.py:154} INFO - [2023-11-08T14:42:49.180+0000] {dag.py:2941} INFO - Sync 1 DAGs
[2023-11-08T14:42:49.190+0000] {logging_mixin.py:154} INFO - [2023-11-08T14:42:49.190+0000] {dag.py:3722} INFO - Setting next_dagrun for example_kubernetes_executor to None, run_after=None
[2023-11-08T14:42:49.202+0000] {processor.py:179} INFO - Processing /home/airflow/.local/lib/python3.11/site-packages/airflow/example_dags/example_kubernetes_executor.py took 0.066 seconds
[2023-11-08T14:43:19.492+0000] {processor.py:157} INFO - Started process (PID=4047) to work on /home/airflow/.local/lib/python3.11/site-packages/airflow/example_dags/example_kubernetes_executor.py
[2023-11-08T14:43:19.493+0000] {processor.py:829} INFO - Processing file /home/airflow/.local/lib/python3.11/site-packages/airflow/example_dags/example_kubernetes_executor.py for tasks to queue
[2023-11-08T14:43:19.494+0000] {logging_mixin.py:154} INFO - [2023-11-08T14:43:19.494+0000] {dagbag.py:536} INFO - Filling up the DagBag from /home/airflow/.local/lib/python3.11/site-packages/airflow/example_dags/example_kubernetes_executor.py
[2023-11-08T14:43:19.503+0000] {processor.py:839} INFO - DAG(s) dict_keys(['example_kubernetes_executor']) retrieved from /home/airflow/.local/lib/python3.11/site-packages/airflow/example_dags/example_kubernetes_executor.py
[2023-11-08T14:43:19.531+0000] {logging_mixin.py:154} INFO - [2023-11-08T14:43:19.531+0000] {dag.py:2941} INFO - Sync 1 DAGs
[2023-11-08T14:43:19.541+0000] {logging_mixin.py:154} INFO - [2023-11-08T14:43:19.541+0000] {dag.py:3722} INFO - Setting next_dagrun for example_kubernetes_executor to None, run_after=None
[2023-11-08T14:43:19.554+0000] {processor.py:179} INFO - Processing /home/airflow/.local/lib/python3.11/site-packages/airflow/example_dags/example_kubernetes_executor.py took 0.064 seconds
[2023-11-08T14:43:50.023+0000] {processor.py:157} INFO - Started process (PID=4123) to work on /home/airflow/.local/lib/python3.11/site-packages/airflow/example_dags/example_kubernetes_executor.py
[2023-11-08T14:43:50.023+0000] {processor.py:829} INFO - Processing file /home/airflow/.local/lib/python3.11/site-packages/airflow/example_dags/example_kubernetes_executor.py for tasks to queue
[2023-11-08T14:43:50.025+0000] {logging_mixin.py:154} INFO - [2023-11-08T14:43:50.025+0000] {dagbag.py:536} INFO - Filling up the DagBag from /home/airflow/.local/lib/python3.11/site-packages/airflow/example_dags/example_kubernetes_executor.py
[2023-11-08T14:43:50.034+0000] {processor.py:839} INFO - DAG(s) dict_keys(['example_kubernetes_executor']) retrieved from /home/airflow/.local/lib/python3.11/site-packages/airflow/example_dags/example_kubernetes_executor.py
[2023-11-08T14:43:50.062+0000] {logging_mixin.py:154} INFO - [2023-11-08T14:43:50.062+0000] {dag.py:2941} INFO - Sync 1 DAGs
[2023-11-08T14:43:50.072+0000] {logging_mixin.py:154} INFO - [2023-11-08T14:43:50.071+0000] {dag.py:3722} INFO - Setting next_dagrun for example_kubernetes_executor to None, run_after=None
[2023-11-08T14:43:50.085+0000] {processor.py:179} INFO - Processing /home/airflow/.local/lib/python3.11/site-packages/airflow/example_dags/example_kubernetes_executor.py took 0.064 seconds
[2023-11-08T14:44:20.171+0000] {processor.py:157} INFO - Started process (PID=4199) to work on /home/airflow/.local/lib/python3.11/site-packages/airflow/example_dags/example_kubernetes_executor.py
[2023-11-08T14:44:20.171+0000] {processor.py:829} INFO - Processing file /home/airflow/.local/lib/python3.11/site-packages/airflow/example_dags/example_kubernetes_executor.py for tasks to queue
[2023-11-08T14:44:20.173+0000] {logging_mixin.py:154} INFO - [2023-11-08T14:44:20.173+0000] {dagbag.py:536} INFO - Filling up the DagBag from /home/airflow/.local/lib/python3.11/site-packages/airflow/example_dags/example_kubernetes_executor.py
[2023-11-08T14:44:20.183+0000] {processor.py:839} INFO - DAG(s) dict_keys(['example_kubernetes_executor']) retrieved from /home/airflow/.local/lib/python3.11/site-packages/airflow/example_dags/example_kubernetes_executor.py
[2023-11-08T14:44:20.214+0000] {logging_mixin.py:154} INFO - [2023-11-08T14:44:20.214+0000] {dag.py:2941} INFO - Sync 1 DAGs
[2023-11-08T14:44:20.224+0000] {logging_mixin.py:154} INFO - [2023-11-08T14:44:20.223+0000] {dag.py:3722} INFO - Setting next_dagrun for example_kubernetes_executor to None, run_after=None
[2023-11-08T14:44:20.239+0000] {processor.py:179} INFO - Processing /home/airflow/.local/lib/python3.11/site-packages/airflow/example_dags/example_kubernetes_executor.py took 0.070 seconds
[2023-11-08T14:44:50.563+0000] {processor.py:157} INFO - Started process (PID=4275) to work on /home/airflow/.local/lib/python3.11/site-packages/airflow/example_dags/example_kubernetes_executor.py
[2023-11-08T14:44:50.592+0000] {processor.py:829} INFO - Processing file /home/airflow/.local/lib/python3.11/site-packages/airflow/example_dags/example_kubernetes_executor.py for tasks to queue
[2023-11-08T14:44:50.593+0000] {logging_mixin.py:154} INFO - [2023-11-08T14:44:50.593+0000] {dagbag.py:536} INFO - Filling up the DagBag from /home/airflow/.local/lib/python3.11/site-packages/airflow/example_dags/example_kubernetes_executor.py
[2023-11-08T14:44:50.602+0000] {processor.py:839} INFO - DAG(s) dict_keys(['example_kubernetes_executor']) retrieved from /home/airflow/.local/lib/python3.11/site-packages/airflow/example_dags/example_kubernetes_executor.py
[2023-11-08T14:44:50.631+0000] {logging_mixin.py:154} INFO - [2023-11-08T14:44:50.631+0000] {dag.py:2941} INFO - Sync 1 DAGs
[2023-11-08T14:44:50.643+0000] {logging_mixin.py:154} INFO - [2023-11-08T14:44:50.643+0000] {dag.py:3722} INFO - Setting next_dagrun for example_kubernetes_executor to None, run_after=None
[2023-11-08T14:44:50.658+0000] {processor.py:179} INFO - Processing /home/airflow/.local/lib/python3.11/site-packages/airflow/example_dags/example_kubernetes_executor.py took 0.096 seconds
[2023-11-08T14:45:20.718+0000] {processor.py:157} INFO - Started process (PID=4351) to work on /home/airflow/.local/lib/python3.11/site-packages/airflow/example_dags/example_kubernetes_executor.py
[2023-11-08T14:45:20.718+0000] {processor.py:829} INFO - Processing file /home/airflow/.local/lib/python3.11/site-packages/airflow/example_dags/example_kubernetes_executor.py for tasks to queue
[2023-11-08T14:45:20.720+0000] {logging_mixin.py:154} INFO - [2023-11-08T14:45:20.720+0000] {dagbag.py:536} INFO - Filling up the DagBag from /home/airflow/.local/lib/python3.11/site-packages/airflow/example_dags/example_kubernetes_executor.py
[2023-11-08T14:45:20.731+0000] {processor.py:839} INFO - DAG(s) dict_keys(['example_kubernetes_executor']) retrieved from /home/airflow/.local/lib/python3.11/site-packages/airflow/example_dags/example_kubernetes_executor.py
[2023-11-08T14:45:20.763+0000] {logging_mixin.py:154} INFO - [2023-11-08T14:45:20.762+0000] {dag.py:2941} INFO - Sync 1 DAGs
[2023-11-08T14:45:20.776+0000] {logging_mixin.py:154} INFO - [2023-11-08T14:45:20.776+0000] {dag.py:3722} INFO - Setting next_dagrun for example_kubernetes_executor to None, run_after=None
[2023-11-08T14:45:20.792+0000] {processor.py:179} INFO - Processing /home/airflow/.local/lib/python3.11/site-packages/airflow/example_dags/example_kubernetes_executor.py took 0.077 seconds
[2023-11-08T14:45:51.393+0000] {processor.py:157} INFO - Started process (PID=4428) to work on /home/airflow/.local/lib/python3.11/site-packages/airflow/example_dags/example_kubernetes_executor.py
[2023-11-08T14:45:51.394+0000] {processor.py:829} INFO - Processing file /home/airflow/.local/lib/python3.11/site-packages/airflow/example_dags/example_kubernetes_executor.py for tasks to queue
[2023-11-08T14:45:51.395+0000] {logging_mixin.py:154} INFO - [2023-11-08T14:45:51.395+0000] {dagbag.py:536} INFO - Filling up the DagBag from /home/airflow/.local/lib/python3.11/site-packages/airflow/example_dags/example_kubernetes_executor.py
[2023-11-08T14:45:51.405+0000] {processor.py:839} INFO - DAG(s) dict_keys(['example_kubernetes_executor']) retrieved from /home/airflow/.local/lib/python3.11/site-packages/airflow/example_dags/example_kubernetes_executor.py
[2023-11-08T14:45:51.437+0000] {logging_mixin.py:154} INFO - [2023-11-08T14:45:51.437+0000] {dag.py:2941} INFO - Sync 1 DAGs
[2023-11-08T14:45:51.450+0000] {logging_mixin.py:154} INFO - [2023-11-08T14:45:51.450+0000] {dag.py:3722} INFO - Setting next_dagrun for example_kubernetes_executor to None, run_after=None
[2023-11-08T14:45:51.619+0000] {processor.py:179} INFO - Processing /home/airflow/.local/lib/python3.11/site-packages/airflow/example_dags/example_kubernetes_executor.py took 0.228 seconds
[2023-11-08T14:46:21.851+0000] {processor.py:157} INFO - Started process (PID=4504) to work on /home/airflow/.local/lib/python3.11/site-packages/airflow/example_dags/example_kubernetes_executor.py
[2023-11-08T14:46:21.851+0000] {processor.py:829} INFO - Processing file /home/airflow/.local/lib/python3.11/site-packages/airflow/example_dags/example_kubernetes_executor.py for tasks to queue
[2023-11-08T14:46:21.853+0000] {logging_mixin.py:154} INFO - [2023-11-08T14:46:21.853+0000] {dagbag.py:536} INFO - Filling up the DagBag from /home/airflow/.local/lib/python3.11/site-packages/airflow/example_dags/example_kubernetes_executor.py
[2023-11-08T14:46:21.863+0000] {processor.py:839} INFO - DAG(s) dict_keys(['example_kubernetes_executor']) retrieved from /home/airflow/.local/lib/python3.11/site-packages/airflow/example_dags/example_kubernetes_executor.py
[2023-11-08T14:46:21.891+0000] {logging_mixin.py:154} INFO - [2023-11-08T14:46:21.891+0000] {dag.py:2941} INFO - Sync 1 DAGs
[2023-11-08T14:46:21.901+0000] {logging_mixin.py:154} INFO - [2023-11-08T14:46:21.901+0000] {dag.py:3722} INFO - Setting next_dagrun for example_kubernetes_executor to None, run_after=None
[2023-11-08T14:46:21.915+0000] {processor.py:179} INFO - Processing /home/airflow/.local/lib/python3.11/site-packages/airflow/example_dags/example_kubernetes_executor.py took 0.066 seconds
[2023-11-08T14:46:52.445+0000] {processor.py:157} INFO - Started process (PID=4580) to work on /home/airflow/.local/lib/python3.11/site-packages/airflow/example_dags/example_kubernetes_executor.py
[2023-11-08T14:46:52.446+0000] {processor.py:829} INFO - Processing file /home/airflow/.local/lib/python3.11/site-packages/airflow/example_dags/example_kubernetes_executor.py for tasks to queue
[2023-11-08T14:46:52.447+0000] {logging_mixin.py:154} INFO - [2023-11-08T14:46:52.447+0000] {dagbag.py:536} INFO - Filling up the DagBag from /home/airflow/.local/lib/python3.11/site-packages/airflow/example_dags/example_kubernetes_executor.py
[2023-11-08T14:46:52.456+0000] {processor.py:839} INFO - DAG(s) dict_keys(['example_kubernetes_executor']) retrieved from /home/airflow/.local/lib/python3.11/site-packages/airflow/example_dags/example_kubernetes_executor.py
[2023-11-08T14:46:52.482+0000] {logging_mixin.py:154} INFO - [2023-11-08T14:46:52.482+0000] {dag.py:2941} INFO - Sync 1 DAGs
[2023-11-08T14:46:52.492+0000] {logging_mixin.py:154} INFO - [2023-11-08T14:46:52.492+0000] {dag.py:3722} INFO - Setting next_dagrun for example_kubernetes_executor to None, run_after=None
[2023-11-08T14:46:52.505+0000] {processor.py:179} INFO - Processing /home/airflow/.local/lib/python3.11/site-packages/airflow/example_dags/example_kubernetes_executor.py took 0.062 seconds
[2023-11-08T14:47:22.627+0000] {processor.py:157} INFO - Started process (PID=4656) to work on /home/airflow/.local/lib/python3.11/site-packages/airflow/example_dags/example_kubernetes_executor.py
[2023-11-08T14:47:22.628+0000] {processor.py:829} INFO - Processing file /home/airflow/.local/lib/python3.11/site-packages/airflow/example_dags/example_kubernetes_executor.py for tasks to queue
[2023-11-08T14:47:22.629+0000] {logging_mixin.py:154} INFO - [2023-11-08T14:47:22.629+0000] {dagbag.py:536} INFO - Filling up the DagBag from /home/airflow/.local/lib/python3.11/site-packages/airflow/example_dags/example_kubernetes_executor.py
[2023-11-08T14:47:22.638+0000] {processor.py:839} INFO - DAG(s) dict_keys(['example_kubernetes_executor']) retrieved from /home/airflow/.local/lib/python3.11/site-packages/airflow/example_dags/example_kubernetes_executor.py
[2023-11-08T14:47:22.665+0000] {logging_mixin.py:154} INFO - [2023-11-08T14:47:22.665+0000] {dag.py:2941} INFO - Sync 1 DAGs
[2023-11-08T14:47:22.674+0000] {logging_mixin.py:154} INFO - [2023-11-08T14:47:22.674+0000] {dag.py:3722} INFO - Setting next_dagrun for example_kubernetes_executor to None, run_after=None
[2023-11-08T14:47:22.687+0000] {processor.py:179} INFO - Processing /home/airflow/.local/lib/python3.11/site-packages/airflow/example_dags/example_kubernetes_executor.py took 0.062 seconds
[2023-11-08T14:47:53.793+0000] {processor.py:157} INFO - Started process (PID=4732) to work on /home/airflow/.local/lib/python3.11/site-packages/airflow/example_dags/example_kubernetes_executor.py
[2023-11-08T14:47:53.794+0000] {processor.py:829} INFO - Processing file /home/airflow/.local/lib/python3.11/site-packages/airflow/example_dags/example_kubernetes_executor.py for tasks to queue
[2023-11-08T14:47:53.796+0000] {logging_mixin.py:154} INFO - [2023-11-08T14:47:53.796+0000] {dagbag.py:536} INFO - Filling up the DagBag from /home/airflow/.local/lib/python3.11/site-packages/airflow/example_dags/example_kubernetes_executor.py
[2023-11-08T14:47:53.804+0000] {processor.py:839} INFO - DAG(s) dict_keys(['example_kubernetes_executor']) retrieved from /home/airflow/.local/lib/python3.11/site-packages/airflow/example_dags/example_kubernetes_executor.py
[2023-11-08T14:47:53.978+0000] {logging_mixin.py:154} INFO - [2023-11-08T14:47:53.978+0000] {dag.py:2941} INFO - Sync 1 DAGs
[2023-11-08T14:47:53.986+0000] {logging_mixin.py:154} INFO - [2023-11-08T14:47:53.986+0000] {dag.py:3722} INFO - Setting next_dagrun for example_kubernetes_executor to None, run_after=None
[2023-11-08T14:47:53.998+0000] {processor.py:179} INFO - Processing /home/airflow/.local/lib/python3.11/site-packages/airflow/example_dags/example_kubernetes_executor.py took 0.207 seconds
[2023-11-08T14:48:24.927+0000] {processor.py:157} INFO - Started process (PID=4809) to work on /home/airflow/.local/lib/python3.11/site-packages/airflow/example_dags/example_kubernetes_executor.py
[2023-11-08T14:48:24.928+0000] {processor.py:829} INFO - Processing file /home/airflow/.local/lib/python3.11/site-packages/airflow/example_dags/example_kubernetes_executor.py for tasks to queue
[2023-11-08T14:48:24.929+0000] {logging_mixin.py:154} INFO - [2023-11-08T14:48:24.929+0000] {dagbag.py:536} INFO - Filling up the DagBag from /home/airflow/.local/lib/python3.11/site-packages/airflow/example_dags/example_kubernetes_executor.py
[2023-11-08T14:48:24.938+0000] {processor.py:839} INFO - DAG(s) dict_keys(['example_kubernetes_executor']) retrieved from /home/airflow/.local/lib/python3.11/site-packages/airflow/example_dags/example_kubernetes_executor.py
[2023-11-08T14:48:24.968+0000] {logging_mixin.py:154} INFO - [2023-11-08T14:48:24.967+0000] {dag.py:2941} INFO - Sync 1 DAGs
[2023-11-08T14:48:25.119+0000] {logging_mixin.py:154} INFO - [2023-11-08T14:48:25.119+0000] {dag.py:3722} INFO - Setting next_dagrun for example_kubernetes_executor to None, run_after=None
[2023-11-08T14:48:25.132+0000] {processor.py:179} INFO - Processing /home/airflow/.local/lib/python3.11/site-packages/airflow/example_dags/example_kubernetes_executor.py took 0.207 seconds
[2023-11-08T14:48:55.504+0000] {processor.py:157} INFO - Started process (PID=4885) to work on /home/airflow/.local/lib/python3.11/site-packages/airflow/example_dags/example_kubernetes_executor.py
[2023-11-08T14:48:55.505+0000] {processor.py:829} INFO - Processing file /home/airflow/.local/lib/python3.11/site-packages/airflow/example_dags/example_kubernetes_executor.py for tasks to queue
[2023-11-08T14:48:55.507+0000] {logging_mixin.py:154} INFO - [2023-11-08T14:48:55.507+0000] {dagbag.py:536} INFO - Filling up the DagBag from /home/airflow/.local/lib/python3.11/site-packages/airflow/example_dags/example_kubernetes_executor.py
[2023-11-08T14:48:55.516+0000] {processor.py:839} INFO - DAG(s) dict_keys(['example_kubernetes_executor']) retrieved from /home/airflow/.local/lib/python3.11/site-packages/airflow/example_dags/example_kubernetes_executor.py
[2023-11-08T14:48:55.547+0000] {logging_mixin.py:154} INFO - [2023-11-08T14:48:55.546+0000] {dag.py:2941} INFO - Sync 1 DAGs
[2023-11-08T14:48:55.558+0000] {logging_mixin.py:154} INFO - [2023-11-08T14:48:55.558+0000] {dag.py:3722} INFO - Setting next_dagrun for example_kubernetes_executor to None, run_after=None
[2023-11-08T14:48:55.720+0000] {processor.py:179} INFO - Processing /home/airflow/.local/lib/python3.11/site-packages/airflow/example_dags/example_kubernetes_executor.py took 0.219 seconds
[2023-11-08T14:49:26.690+0000] {processor.py:157} INFO - Started process (PID=4961) to work on /home/airflow/.local/lib/python3.11/site-packages/airflow/example_dags/example_kubernetes_executor.py
[2023-11-08T14:49:26.690+0000] {processor.py:829} INFO - Processing file /home/airflow/.local/lib/python3.11/site-packages/airflow/example_dags/example_kubernetes_executor.py for tasks to queue
[2023-11-08T14:49:26.692+0000] {logging_mixin.py:154} INFO - [2023-11-08T14:49:26.692+0000] {dagbag.py:536} INFO - Filling up the DagBag from /home/airflow/.local/lib/python3.11/site-packages/airflow/example_dags/example_kubernetes_executor.py
[2023-11-08T14:49:26.701+0000] {processor.py:839} INFO - DAG(s) dict_keys(['example_kubernetes_executor']) retrieved from /home/airflow/.local/lib/python3.11/site-packages/airflow/example_dags/example_kubernetes_executor.py
[2023-11-08T14:49:26.730+0000] {logging_mixin.py:154} INFO - [2023-11-08T14:49:26.730+0000] {dag.py:2941} INFO - Sync 1 DAGs
[2023-11-08T14:49:26.739+0000] {logging_mixin.py:154} INFO - [2023-11-08T14:49:26.739+0000] {dag.py:3722} INFO - Setting next_dagrun for example_kubernetes_executor to None, run_after=None
[2023-11-08T14:49:26.753+0000] {processor.py:179} INFO - Processing /home/airflow/.local/lib/python3.11/site-packages/airflow/example_dags/example_kubernetes_executor.py took 0.065 seconds
[2023-11-08T14:49:56.980+0000] {processor.py:157} INFO - Started process (PID=5037) to work on /home/airflow/.local/lib/python3.11/site-packages/airflow/example_dags/example_kubernetes_executor.py
[2023-11-08T14:49:56.980+0000] {processor.py:829} INFO - Processing file /home/airflow/.local/lib/python3.11/site-packages/airflow/example_dags/example_kubernetes_executor.py for tasks to queue
[2023-11-08T14:49:56.981+0000] {logging_mixin.py:154} INFO - [2023-11-08T14:49:56.981+0000] {dagbag.py:536} INFO - Filling up the DagBag from /home/airflow/.local/lib/python3.11/site-packages/airflow/example_dags/example_kubernetes_executor.py
[2023-11-08T14:49:56.991+0000] {processor.py:839} INFO - DAG(s) dict_keys(['example_kubernetes_executor']) retrieved from /home/airflow/.local/lib/python3.11/site-packages/airflow/example_dags/example_kubernetes_executor.py
[2023-11-08T14:49:57.023+0000] {logging_mixin.py:154} INFO - [2023-11-08T14:49:57.023+0000] {dag.py:2941} INFO - Sync 1 DAGs
[2023-11-08T14:49:57.034+0000] {logging_mixin.py:154} INFO - [2023-11-08T14:49:57.034+0000] {dag.py:3722} INFO - Setting next_dagrun for example_kubernetes_executor to None, run_after=None
[2023-11-08T14:49:57.048+0000] {processor.py:179} INFO - Processing /home/airflow/.local/lib/python3.11/site-packages/airflow/example_dags/example_kubernetes_executor.py took 0.071 seconds
[2023-11-08T14:50:27.227+0000] {processor.py:157} INFO - Started process (PID=5113) to work on /home/airflow/.local/lib/python3.11/site-packages/airflow/example_dags/example_kubernetes_executor.py
[2023-11-08T14:50:27.228+0000] {processor.py:829} INFO - Processing file /home/airflow/.local/lib/python3.11/site-packages/airflow/example_dags/example_kubernetes_executor.py for tasks to queue
[2023-11-08T14:50:27.229+0000] {logging_mixin.py:154} INFO - [2023-11-08T14:50:27.229+0000] {dagbag.py:536} INFO - Filling up the DagBag from /home/airflow/.local/lib/python3.11/site-packages/airflow/example_dags/example_kubernetes_executor.py
[2023-11-08T14:50:27.238+0000] {processor.py:839} INFO - DAG(s) dict_keys(['example_kubernetes_executor']) retrieved from /home/airflow/.local/lib/python3.11/site-packages/airflow/example_dags/example_kubernetes_executor.py
[2023-11-08T14:50:27.269+0000] {logging_mixin.py:154} INFO - [2023-11-08T14:50:27.269+0000] {dag.py:2941} INFO - Sync 1 DAGs
[2023-11-08T14:50:27.280+0000] {logging_mixin.py:154} INFO - [2023-11-08T14:50:27.280+0000] {dag.py:3722} INFO - Setting next_dagrun for example_kubernetes_executor to None, run_after=None
[2023-11-08T14:50:27.295+0000] {processor.py:179} INFO - Processing /home/airflow/.local/lib/python3.11/site-packages/airflow/example_dags/example_kubernetes_executor.py took 0.070 seconds
[2023-11-08T14:50:57.671+0000] {processor.py:157} INFO - Started process (PID=5189) to work on /home/airflow/.local/lib/python3.11/site-packages/airflow/example_dags/example_kubernetes_executor.py
[2023-11-08T14:50:57.671+0000] {processor.py:829} INFO - Processing file /home/airflow/.local/lib/python3.11/site-packages/airflow/example_dags/example_kubernetes_executor.py for tasks to queue
[2023-11-08T14:50:57.673+0000] {logging_mixin.py:154} INFO - [2023-11-08T14:50:57.673+0000] {dagbag.py:536} INFO - Filling up the DagBag from /home/airflow/.local/lib/python3.11/site-packages/airflow/example_dags/example_kubernetes_executor.py
[2023-11-08T14:50:57.683+0000] {processor.py:839} INFO - DAG(s) dict_keys(['example_kubernetes_executor']) retrieved from /home/airflow/.local/lib/python3.11/site-packages/airflow/example_dags/example_kubernetes_executor.py
[2023-11-08T14:50:57.715+0000] {logging_mixin.py:154} INFO - [2023-11-08T14:50:57.715+0000] {dag.py:2941} INFO - Sync 1 DAGs
[2023-11-08T14:50:57.725+0000] {logging_mixin.py:154} INFO - [2023-11-08T14:50:57.724+0000] {dag.py:3722} INFO - Setting next_dagrun for example_kubernetes_executor to None, run_after=None
[2023-11-08T14:50:57.740+0000] {processor.py:179} INFO - Processing /home/airflow/.local/lib/python3.11/site-packages/airflow/example_dags/example_kubernetes_executor.py took 0.071 seconds
[2023-11-08T14:51:28.589+0000] {processor.py:157} INFO - Started process (PID=5265) to work on /home/airflow/.local/lib/python3.11/site-packages/airflow/example_dags/example_kubernetes_executor.py
[2023-11-08T14:51:28.590+0000] {processor.py:829} INFO - Processing file /home/airflow/.local/lib/python3.11/site-packages/airflow/example_dags/example_kubernetes_executor.py for tasks to queue
[2023-11-08T14:51:28.591+0000] {logging_mixin.py:154} INFO - [2023-11-08T14:51:28.591+0000] {dagbag.py:536} INFO - Filling up the DagBag from /home/airflow/.local/lib/python3.11/site-packages/airflow/example_dags/example_kubernetes_executor.py
[2023-11-08T14:51:28.600+0000] {processor.py:839} INFO - DAG(s) dict_keys(['example_kubernetes_executor']) retrieved from /home/airflow/.local/lib/python3.11/site-packages/airflow/example_dags/example_kubernetes_executor.py
[2023-11-08T14:51:28.628+0000] {logging_mixin.py:154} INFO - [2023-11-08T14:51:28.628+0000] {dag.py:2941} INFO - Sync 1 DAGs
[2023-11-08T14:51:28.638+0000] {logging_mixin.py:154} INFO - [2023-11-08T14:51:28.638+0000] {dag.py:3722} INFO - Setting next_dagrun for example_kubernetes_executor to None, run_after=None
[2023-11-08T14:51:28.651+0000] {processor.py:179} INFO - Processing /home/airflow/.local/lib/python3.11/site-packages/airflow/example_dags/example_kubernetes_executor.py took 0.064 seconds
[2023-11-08T14:51:59.107+0000] {processor.py:157} INFO - Started process (PID=5341) to work on /home/airflow/.local/lib/python3.11/site-packages/airflow/example_dags/example_kubernetes_executor.py
[2023-11-08T14:51:59.108+0000] {processor.py:829} INFO - Processing file /home/airflow/.local/lib/python3.11/site-packages/airflow/example_dags/example_kubernetes_executor.py for tasks to queue
[2023-11-08T14:51:59.112+0000] {logging_mixin.py:154} INFO - [2023-11-08T14:51:59.111+0000] {dagbag.py:536} INFO - Filling up the DagBag from /home/airflow/.local/lib/python3.11/site-packages/airflow/example_dags/example_kubernetes_executor.py
[2023-11-08T14:51:59.131+0000] {processor.py:839} INFO - DAG(s) dict_keys(['example_kubernetes_executor']) retrieved from /home/airflow/.local/lib/python3.11/site-packages/airflow/example_dags/example_kubernetes_executor.py
[2023-11-08T14:51:59.184+0000] {logging_mixin.py:154} INFO - [2023-11-08T14:51:59.183+0000] {dag.py:2941} INFO - Sync 1 DAGs
[2023-11-08T14:51:59.198+0000] {logging_mixin.py:154} INFO - [2023-11-08T14:51:59.198+0000] {dag.py:3722} INFO - Setting next_dagrun for example_kubernetes_executor to None, run_after=None
[2023-11-08T14:51:59.219+0000] {processor.py:179} INFO - Processing /home/airflow/.local/lib/python3.11/site-packages/airflow/example_dags/example_kubernetes_executor.py took 0.117 seconds
