[2023-11-08T14:16:29.380+0000] {processor.py:157} INFO - Started process (PID=106) to work on /home/airflow/.local/lib/python3.11/site-packages/airflow/example_dags/example_local_kubernetes_executor.py
[2023-11-08T14:16:29.381+0000] {processor.py:829} INFO - Processing file /home/airflow/.local/lib/python3.11/site-packages/airflow/example_dags/example_local_kubernetes_executor.py for tasks to queue
[2023-11-08T14:16:29.386+0000] {logging_mixin.py:154} INFO - [2023-11-08T14:16:29.385+0000] {dagbag.py:536} INFO - Filling up the DagBag from /home/airflow/.local/lib/python3.11/site-packages/airflow/example_dags/example_local_kubernetes_executor.py
[2023-11-08T14:16:29.411+0000] {processor.py:839} INFO - DAG(s) dict_keys(['example_local_kubernetes_executor']) retrieved from /home/airflow/.local/lib/python3.11/site-packages/airflow/example_dags/example_local_kubernetes_executor.py
[2023-11-08T14:16:29.823+0000] {logging_mixin.py:154} INFO - [2023-11-08T14:16:29.822+0000] {manager.py:499} INFO - Created Permission View: %s
[2023-11-08T14:16:29.863+0000] {logging_mixin.py:154} INFO - [2023-11-08T14:16:29.862+0000] {manager.py:499} INFO - Created Permission View: %s
[2023-11-08T14:16:29.882+0000] {logging_mixin.py:154} INFO - [2023-11-08T14:16:29.882+0000] {manager.py:499} INFO - Created Permission View: %s
[2023-11-08T14:16:29.883+0000] {logging_mixin.py:154} INFO - [2023-11-08T14:16:29.883+0000] {dag.py:2941} INFO - Sync 1 DAGs
[2023-11-08T14:16:29.926+0000] {logging_mixin.py:154} INFO - [2023-11-08T14:16:29.926+0000] {dag.py:2963} INFO - Creating ORM DAG for example_local_kubernetes_executor
[2023-11-08T14:16:29.928+0000] {logging_mixin.py:154} INFO - [2023-11-08T14:16:29.927+0000] {dag.py:3722} INFO - Setting next_dagrun for example_local_kubernetes_executor to None, run_after=None
[2023-11-08T14:16:29.979+0000] {processor.py:179} INFO - Processing /home/airflow/.local/lib/python3.11/site-packages/airflow/example_dags/example_local_kubernetes_executor.py took 0.607 seconds
[2023-11-08T14:17:00.745+0000] {processor.py:157} INFO - Started process (PID=182) to work on /home/airflow/.local/lib/python3.11/site-packages/airflow/example_dags/example_local_kubernetes_executor.py
[2023-11-08T14:17:00.746+0000] {processor.py:829} INFO - Processing file /home/airflow/.local/lib/python3.11/site-packages/airflow/example_dags/example_local_kubernetes_executor.py for tasks to queue
[2023-11-08T14:17:00.750+0000] {logging_mixin.py:154} INFO - [2023-11-08T14:17:00.749+0000] {dagbag.py:536} INFO - Filling up the DagBag from /home/airflow/.local/lib/python3.11/site-packages/airflow/example_dags/example_local_kubernetes_executor.py
[2023-11-08T14:17:00.761+0000] {processor.py:839} INFO - DAG(s) dict_keys(['example_local_kubernetes_executor']) retrieved from /home/airflow/.local/lib/python3.11/site-packages/airflow/example_dags/example_local_kubernetes_executor.py
[2023-11-08T14:17:00.820+0000] {logging_mixin.py:154} INFO - [2023-11-08T14:17:00.820+0000] {dag.py:2941} INFO - Sync 1 DAGs
[2023-11-08T14:17:00.839+0000] {logging_mixin.py:154} INFO - [2023-11-08T14:17:00.839+0000] {dag.py:3722} INFO - Setting next_dagrun for example_local_kubernetes_executor to None, run_after=None
[2023-11-08T14:17:00.879+0000] {processor.py:179} INFO - Processing /home/airflow/.local/lib/python3.11/site-packages/airflow/example_dags/example_local_kubernetes_executor.py took 0.139 seconds
[2023-11-08T14:17:31.044+0000] {processor.py:157} INFO - Started process (PID=258) to work on /home/airflow/.local/lib/python3.11/site-packages/airflow/example_dags/example_local_kubernetes_executor.py
[2023-11-08T14:17:31.046+0000] {processor.py:829} INFO - Processing file /home/airflow/.local/lib/python3.11/site-packages/airflow/example_dags/example_local_kubernetes_executor.py for tasks to queue
[2023-11-08T14:17:31.051+0000] {logging_mixin.py:154} INFO - [2023-11-08T14:17:31.050+0000] {dagbag.py:536} INFO - Filling up the DagBag from /home/airflow/.local/lib/python3.11/site-packages/airflow/example_dags/example_local_kubernetes_executor.py
[2023-11-08T14:17:31.062+0000] {processor.py:839} INFO - DAG(s) dict_keys(['example_local_kubernetes_executor']) retrieved from /home/airflow/.local/lib/python3.11/site-packages/airflow/example_dags/example_local_kubernetes_executor.py
[2023-11-08T14:17:31.148+0000] {logging_mixin.py:154} INFO - [2023-11-08T14:17:31.147+0000] {dag.py:2941} INFO - Sync 1 DAGs
[2023-11-08T14:17:31.172+0000] {logging_mixin.py:154} INFO - [2023-11-08T14:17:31.172+0000] {dag.py:3722} INFO - Setting next_dagrun for example_local_kubernetes_executor to None, run_after=None
[2023-11-08T14:17:31.211+0000] {processor.py:179} INFO - Processing /home/airflow/.local/lib/python3.11/site-packages/airflow/example_dags/example_local_kubernetes_executor.py took 0.171 seconds
[2023-11-08T14:18:01.678+0000] {processor.py:157} INFO - Started process (PID=334) to work on /home/airflow/.local/lib/python3.11/site-packages/airflow/example_dags/example_local_kubernetes_executor.py
[2023-11-08T14:18:01.686+0000] {processor.py:829} INFO - Processing file /home/airflow/.local/lib/python3.11/site-packages/airflow/example_dags/example_local_kubernetes_executor.py for tasks to queue
[2023-11-08T14:18:01.690+0000] {logging_mixin.py:154} INFO - [2023-11-08T14:18:01.689+0000] {dagbag.py:536} INFO - Filling up the DagBag from /home/airflow/.local/lib/python3.11/site-packages/airflow/example_dags/example_local_kubernetes_executor.py
[2023-11-08T14:18:01.701+0000] {processor.py:839} INFO - DAG(s) dict_keys(['example_local_kubernetes_executor']) retrieved from /home/airflow/.local/lib/python3.11/site-packages/airflow/example_dags/example_local_kubernetes_executor.py
[2023-11-08T14:18:01.766+0000] {logging_mixin.py:154} INFO - [2023-11-08T14:18:01.766+0000] {dag.py:2941} INFO - Sync 1 DAGs
[2023-11-08T14:18:01.806+0000] {logging_mixin.py:154} INFO - [2023-11-08T14:18:01.805+0000] {dag.py:3722} INFO - Setting next_dagrun for example_local_kubernetes_executor to None, run_after=None
[2023-11-08T14:18:01.856+0000] {processor.py:179} INFO - Processing /home/airflow/.local/lib/python3.11/site-packages/airflow/example_dags/example_local_kubernetes_executor.py took 0.184 seconds
[2023-11-08T14:18:32.203+0000] {processor.py:157} INFO - Started process (PID=410) to work on /home/airflow/.local/lib/python3.11/site-packages/airflow/example_dags/example_local_kubernetes_executor.py
[2023-11-08T14:18:32.205+0000] {processor.py:829} INFO - Processing file /home/airflow/.local/lib/python3.11/site-packages/airflow/example_dags/example_local_kubernetes_executor.py for tasks to queue
[2023-11-08T14:18:32.218+0000] {logging_mixin.py:154} INFO - [2023-11-08T14:18:32.217+0000] {dagbag.py:536} INFO - Filling up the DagBag from /home/airflow/.local/lib/python3.11/site-packages/airflow/example_dags/example_local_kubernetes_executor.py
[2023-11-08T14:18:32.241+0000] {processor.py:839} INFO - DAG(s) dict_keys(['example_local_kubernetes_executor']) retrieved from /home/airflow/.local/lib/python3.11/site-packages/airflow/example_dags/example_local_kubernetes_executor.py
[2023-11-08T14:18:32.365+0000] {logging_mixin.py:154} INFO - [2023-11-08T14:18:32.364+0000] {dag.py:2941} INFO - Sync 1 DAGs
[2023-11-08T14:18:32.416+0000] {logging_mixin.py:154} INFO - [2023-11-08T14:18:32.415+0000] {dag.py:3722} INFO - Setting next_dagrun for example_local_kubernetes_executor to None, run_after=None
[2023-11-08T14:18:32.479+0000] {processor.py:179} INFO - Processing /home/airflow/.local/lib/python3.11/site-packages/airflow/example_dags/example_local_kubernetes_executor.py took 0.283 seconds
[2023-11-08T14:19:14.599+0000] {processor.py:157} INFO - Started process (PID=486) to work on /home/airflow/.local/lib/python3.11/site-packages/airflow/example_dags/example_local_kubernetes_executor.py
[2023-11-08T14:19:14.601+0000] {processor.py:829} INFO - Processing file /home/airflow/.local/lib/python3.11/site-packages/airflow/example_dags/example_local_kubernetes_executor.py for tasks to queue
[2023-11-08T14:19:14.610+0000] {logging_mixin.py:154} INFO - [2023-11-08T14:19:14.609+0000] {dagbag.py:536} INFO - Filling up the DagBag from /home/airflow/.local/lib/python3.11/site-packages/airflow/example_dags/example_local_kubernetes_executor.py
[2023-11-08T14:19:14.653+0000] {processor.py:839} INFO - DAG(s) dict_keys(['example_local_kubernetes_executor']) retrieved from /home/airflow/.local/lib/python3.11/site-packages/airflow/example_dags/example_local_kubernetes_executor.py
[2023-11-08T14:19:14.966+0000] {logging_mixin.py:154} INFO - [2023-11-08T14:19:14.965+0000] {dag.py:2941} INFO - Sync 1 DAGs
[2023-11-08T14:19:15.024+0000] {logging_mixin.py:154} INFO - [2023-11-08T14:19:15.023+0000] {dag.py:3722} INFO - Setting next_dagrun for example_local_kubernetes_executor to None, run_after=None
[2023-11-08T14:19:15.210+0000] {processor.py:179} INFO - Processing /home/airflow/.local/lib/python3.11/site-packages/airflow/example_dags/example_local_kubernetes_executor.py took 0.616 seconds
[2023-11-08T14:19:45.608+0000] {processor.py:157} INFO - Started process (PID=562) to work on /home/airflow/.local/lib/python3.11/site-packages/airflow/example_dags/example_local_kubernetes_executor.py
[2023-11-08T14:19:45.612+0000] {processor.py:829} INFO - Processing file /home/airflow/.local/lib/python3.11/site-packages/airflow/example_dags/example_local_kubernetes_executor.py for tasks to queue
[2023-11-08T14:19:45.619+0000] {logging_mixin.py:154} INFO - [2023-11-08T14:19:45.618+0000] {dagbag.py:536} INFO - Filling up the DagBag from /home/airflow/.local/lib/python3.11/site-packages/airflow/example_dags/example_local_kubernetes_executor.py
[2023-11-08T14:19:45.638+0000] {processor.py:839} INFO - DAG(s) dict_keys(['example_local_kubernetes_executor']) retrieved from /home/airflow/.local/lib/python3.11/site-packages/airflow/example_dags/example_local_kubernetes_executor.py
[2023-11-08T14:19:45.782+0000] {logging_mixin.py:154} INFO - [2023-11-08T14:19:45.782+0000] {dag.py:2941} INFO - Sync 1 DAGs
[2023-11-08T14:19:45.853+0000] {logging_mixin.py:154} INFO - [2023-11-08T14:19:45.852+0000] {dag.py:3722} INFO - Setting next_dagrun for example_local_kubernetes_executor to None, run_after=None
[2023-11-08T14:19:45.936+0000] {processor.py:179} INFO - Processing /home/airflow/.local/lib/python3.11/site-packages/airflow/example_dags/example_local_kubernetes_executor.py took 0.338 seconds
[2023-11-08T14:20:16.184+0000] {processor.py:157} INFO - Started process (PID=639) to work on /home/airflow/.local/lib/python3.11/site-packages/airflow/example_dags/example_local_kubernetes_executor.py
[2023-11-08T14:20:16.186+0000] {processor.py:829} INFO - Processing file /home/airflow/.local/lib/python3.11/site-packages/airflow/example_dags/example_local_kubernetes_executor.py for tasks to queue
[2023-11-08T14:20:16.188+0000] {logging_mixin.py:154} INFO - [2023-11-08T14:20:16.188+0000] {dagbag.py:536} INFO - Filling up the DagBag from /home/airflow/.local/lib/python3.11/site-packages/airflow/example_dags/example_local_kubernetes_executor.py
[2023-11-08T14:20:16.198+0000] {processor.py:839} INFO - DAG(s) dict_keys(['example_local_kubernetes_executor']) retrieved from /home/airflow/.local/lib/python3.11/site-packages/airflow/example_dags/example_local_kubernetes_executor.py
[2023-11-08T14:20:16.253+0000] {logging_mixin.py:154} INFO - [2023-11-08T14:20:16.253+0000] {dag.py:2941} INFO - Sync 1 DAGs
[2023-11-08T14:20:16.276+0000] {logging_mixin.py:154} INFO - [2023-11-08T14:20:16.276+0000] {dag.py:3722} INFO - Setting next_dagrun for example_local_kubernetes_executor to None, run_after=None
[2023-11-08T14:20:16.316+0000] {processor.py:179} INFO - Processing /home/airflow/.local/lib/python3.11/site-packages/airflow/example_dags/example_local_kubernetes_executor.py took 0.136 seconds
[2023-11-08T14:20:47.236+0000] {processor.py:157} INFO - Started process (PID=715) to work on /home/airflow/.local/lib/python3.11/site-packages/airflow/example_dags/example_local_kubernetes_executor.py
[2023-11-08T14:20:47.238+0000] {processor.py:829} INFO - Processing file /home/airflow/.local/lib/python3.11/site-packages/airflow/example_dags/example_local_kubernetes_executor.py for tasks to queue
[2023-11-08T14:20:47.243+0000] {logging_mixin.py:154} INFO - [2023-11-08T14:20:47.242+0000] {dagbag.py:536} INFO - Filling up the DagBag from /home/airflow/.local/lib/python3.11/site-packages/airflow/example_dags/example_local_kubernetes_executor.py
[2023-11-08T14:20:47.260+0000] {processor.py:839} INFO - DAG(s) dict_keys(['example_local_kubernetes_executor']) retrieved from /home/airflow/.local/lib/python3.11/site-packages/airflow/example_dags/example_local_kubernetes_executor.py
[2023-11-08T14:20:47.355+0000] {logging_mixin.py:154} INFO - [2023-11-08T14:20:47.355+0000] {dag.py:2941} INFO - Sync 1 DAGs
[2023-11-08T14:20:47.393+0000] {logging_mixin.py:154} INFO - [2023-11-08T14:20:47.392+0000] {dag.py:3722} INFO - Setting next_dagrun for example_local_kubernetes_executor to None, run_after=None
[2023-11-08T14:20:47.448+0000] {processor.py:179} INFO - Processing /home/airflow/.local/lib/python3.11/site-packages/airflow/example_dags/example_local_kubernetes_executor.py took 0.218 seconds
[2023-11-08T14:21:17.578+0000] {processor.py:157} INFO - Started process (PID=791) to work on /home/airflow/.local/lib/python3.11/site-packages/airflow/example_dags/example_local_kubernetes_executor.py
[2023-11-08T14:21:17.582+0000] {processor.py:829} INFO - Processing file /home/airflow/.local/lib/python3.11/site-packages/airflow/example_dags/example_local_kubernetes_executor.py for tasks to queue
[2023-11-08T14:21:17.586+0000] {logging_mixin.py:154} INFO - [2023-11-08T14:21:17.586+0000] {dagbag.py:536} INFO - Filling up the DagBag from /home/airflow/.local/lib/python3.11/site-packages/airflow/example_dags/example_local_kubernetes_executor.py
[2023-11-08T14:21:17.610+0000] {processor.py:839} INFO - DAG(s) dict_keys(['example_local_kubernetes_executor']) retrieved from /home/airflow/.local/lib/python3.11/site-packages/airflow/example_dags/example_local_kubernetes_executor.py
[2023-11-08T14:21:17.706+0000] {logging_mixin.py:154} INFO - [2023-11-08T14:21:17.706+0000] {dag.py:2941} INFO - Sync 1 DAGs
[2023-11-08T14:21:17.747+0000] {logging_mixin.py:154} INFO - [2023-11-08T14:21:17.747+0000] {dag.py:3722} INFO - Setting next_dagrun for example_local_kubernetes_executor to None, run_after=None
[2023-11-08T14:21:17.800+0000] {processor.py:179} INFO - Processing /home/airflow/.local/lib/python3.11/site-packages/airflow/example_dags/example_local_kubernetes_executor.py took 0.230 seconds
[2023-11-08T14:21:47.962+0000] {processor.py:157} INFO - Started process (PID=866) to work on /home/airflow/.local/lib/python3.11/site-packages/airflow/example_dags/example_local_kubernetes_executor.py
[2023-11-08T14:21:47.964+0000] {processor.py:829} INFO - Processing file /home/airflow/.local/lib/python3.11/site-packages/airflow/example_dags/example_local_kubernetes_executor.py for tasks to queue
[2023-11-08T14:21:47.967+0000] {logging_mixin.py:154} INFO - [2023-11-08T14:21:47.966+0000] {dagbag.py:536} INFO - Filling up the DagBag from /home/airflow/.local/lib/python3.11/site-packages/airflow/example_dags/example_local_kubernetes_executor.py
[2023-11-08T14:21:47.979+0000] {processor.py:839} INFO - DAG(s) dict_keys(['example_local_kubernetes_executor']) retrieved from /home/airflow/.local/lib/python3.11/site-packages/airflow/example_dags/example_local_kubernetes_executor.py
[2023-11-08T14:21:48.038+0000] {logging_mixin.py:154} INFO - [2023-11-08T14:21:48.038+0000] {dag.py:2941} INFO - Sync 1 DAGs
[2023-11-08T14:21:48.066+0000] {logging_mixin.py:154} INFO - [2023-11-08T14:21:48.065+0000] {dag.py:3722} INFO - Setting next_dagrun for example_local_kubernetes_executor to None, run_after=None
[2023-11-08T14:21:48.103+0000] {processor.py:179} INFO - Processing /home/airflow/.local/lib/python3.11/site-packages/airflow/example_dags/example_local_kubernetes_executor.py took 0.144 seconds
[2023-11-08T14:22:18.382+0000] {processor.py:157} INFO - Started process (PID=942) to work on /home/airflow/.local/lib/python3.11/site-packages/airflow/example_dags/example_local_kubernetes_executor.py
[2023-11-08T14:22:18.384+0000] {processor.py:829} INFO - Processing file /home/airflow/.local/lib/python3.11/site-packages/airflow/example_dags/example_local_kubernetes_executor.py for tasks to queue
[2023-11-08T14:22:18.388+0000] {logging_mixin.py:154} INFO - [2023-11-08T14:22:18.387+0000] {dagbag.py:536} INFO - Filling up the DagBag from /home/airflow/.local/lib/python3.11/site-packages/airflow/example_dags/example_local_kubernetes_executor.py
[2023-11-08T14:22:18.399+0000] {processor.py:839} INFO - DAG(s) dict_keys(['example_local_kubernetes_executor']) retrieved from /home/airflow/.local/lib/python3.11/site-packages/airflow/example_dags/example_local_kubernetes_executor.py
[2023-11-08T14:22:18.461+0000] {logging_mixin.py:154} INFO - [2023-11-08T14:22:18.461+0000] {dag.py:2941} INFO - Sync 1 DAGs
[2023-11-08T14:22:18.485+0000] {logging_mixin.py:154} INFO - [2023-11-08T14:22:18.485+0000] {dag.py:3722} INFO - Setting next_dagrun for example_local_kubernetes_executor to None, run_after=None
[2023-11-08T14:22:18.530+0000] {processor.py:179} INFO - Processing /home/airflow/.local/lib/python3.11/site-packages/airflow/example_dags/example_local_kubernetes_executor.py took 0.153 seconds
[2023-11-08T14:22:48.766+0000] {processor.py:157} INFO - Started process (PID=1018) to work on /home/airflow/.local/lib/python3.11/site-packages/airflow/example_dags/example_local_kubernetes_executor.py
[2023-11-08T14:22:48.767+0000] {processor.py:829} INFO - Processing file /home/airflow/.local/lib/python3.11/site-packages/airflow/example_dags/example_local_kubernetes_executor.py for tasks to queue
[2023-11-08T14:22:48.770+0000] {logging_mixin.py:154} INFO - [2023-11-08T14:22:48.770+0000] {dagbag.py:536} INFO - Filling up the DagBag from /home/airflow/.local/lib/python3.11/site-packages/airflow/example_dags/example_local_kubernetes_executor.py
[2023-11-08T14:22:48.781+0000] {processor.py:839} INFO - DAG(s) dict_keys(['example_local_kubernetes_executor']) retrieved from /home/airflow/.local/lib/python3.11/site-packages/airflow/example_dags/example_local_kubernetes_executor.py
[2023-11-08T14:22:48.844+0000] {logging_mixin.py:154} INFO - [2023-11-08T14:22:48.843+0000] {dag.py:2941} INFO - Sync 1 DAGs
[2023-11-08T14:22:48.864+0000] {logging_mixin.py:154} INFO - [2023-11-08T14:22:48.864+0000] {dag.py:3722} INFO - Setting next_dagrun for example_local_kubernetes_executor to None, run_after=None
[2023-11-08T14:22:48.897+0000] {processor.py:179} INFO - Processing /home/airflow/.local/lib/python3.11/site-packages/airflow/example_dags/example_local_kubernetes_executor.py took 0.136 seconds
[2023-11-08T14:23:19.851+0000] {processor.py:157} INFO - Started process (PID=1094) to work on /home/airflow/.local/lib/python3.11/site-packages/airflow/example_dags/example_local_kubernetes_executor.py
[2023-11-08T14:23:19.856+0000] {processor.py:829} INFO - Processing file /home/airflow/.local/lib/python3.11/site-packages/airflow/example_dags/example_local_kubernetes_executor.py for tasks to queue
[2023-11-08T14:23:19.867+0000] {logging_mixin.py:154} INFO - [2023-11-08T14:23:19.866+0000] {dagbag.py:536} INFO - Filling up the DagBag from /home/airflow/.local/lib/python3.11/site-packages/airflow/example_dags/example_local_kubernetes_executor.py
[2023-11-08T14:23:19.908+0000] {processor.py:839} INFO - DAG(s) dict_keys(['example_local_kubernetes_executor']) retrieved from /home/airflow/.local/lib/python3.11/site-packages/airflow/example_dags/example_local_kubernetes_executor.py
[2023-11-08T14:23:20.026+0000] {logging_mixin.py:154} INFO - [2023-11-08T14:23:20.025+0000] {dag.py:2941} INFO - Sync 1 DAGs
[2023-11-08T14:23:20.081+0000] {logging_mixin.py:154} INFO - [2023-11-08T14:23:20.081+0000] {dag.py:3722} INFO - Setting next_dagrun for example_local_kubernetes_executor to None, run_after=None
[2023-11-08T14:23:20.161+0000] {processor.py:179} INFO - Processing /home/airflow/.local/lib/python3.11/site-packages/airflow/example_dags/example_local_kubernetes_executor.py took 0.317 seconds
[2023-11-08T14:23:59.236+0000] {processor.py:157} INFO - Started process (PID=1169) to work on /home/airflow/.local/lib/python3.11/site-packages/airflow/example_dags/example_local_kubernetes_executor.py
[2023-11-08T14:23:59.245+0000] {processor.py:829} INFO - Processing file /home/airflow/.local/lib/python3.11/site-packages/airflow/example_dags/example_local_kubernetes_executor.py for tasks to queue
[2023-11-08T14:23:59.249+0000] {logging_mixin.py:154} INFO - [2023-11-08T14:23:59.249+0000] {dagbag.py:536} INFO - Filling up the DagBag from /home/airflow/.local/lib/python3.11/site-packages/airflow/example_dags/example_local_kubernetes_executor.py
[2023-11-08T14:23:59.281+0000] {processor.py:839} INFO - DAG(s) dict_keys(['example_local_kubernetes_executor']) retrieved from /home/airflow/.local/lib/python3.11/site-packages/airflow/example_dags/example_local_kubernetes_executor.py
[2023-11-08T14:23:59.377+0000] {logging_mixin.py:154} INFO - [2023-11-08T14:23:59.376+0000] {dag.py:2941} INFO - Sync 1 DAGs
[2023-11-08T14:23:59.427+0000] {logging_mixin.py:154} INFO - [2023-11-08T14:23:59.426+0000] {dag.py:3722} INFO - Setting next_dagrun for example_local_kubernetes_executor to None, run_after=None
[2023-11-08T14:23:59.489+0000] {processor.py:179} INFO - Processing /home/airflow/.local/lib/python3.11/site-packages/airflow/example_dags/example_local_kubernetes_executor.py took 0.259 seconds
[2023-11-08T14:24:38.035+0000] {processor.py:157} INFO - Started process (PID=1273) to work on /home/airflow/.local/lib/python3.11/site-packages/airflow/example_dags/example_local_kubernetes_executor.py
[2023-11-08T14:24:38.039+0000] {processor.py:829} INFO - Processing file /home/airflow/.local/lib/python3.11/site-packages/airflow/example_dags/example_local_kubernetes_executor.py for tasks to queue
[2023-11-08T14:24:38.047+0000] {logging_mixin.py:154} INFO - [2023-11-08T14:24:38.047+0000] {dagbag.py:536} INFO - Filling up the DagBag from /home/airflow/.local/lib/python3.11/site-packages/airflow/example_dags/example_local_kubernetes_executor.py
[2023-11-08T14:24:38.087+0000] {processor.py:839} INFO - DAG(s) dict_keys(['example_local_kubernetes_executor']) retrieved from /home/airflow/.local/lib/python3.11/site-packages/airflow/example_dags/example_local_kubernetes_executor.py
[2023-11-08T14:24:38.333+0000] {logging_mixin.py:154} INFO - [2023-11-08T14:24:38.332+0000] {dag.py:2941} INFO - Sync 1 DAGs
[2023-11-08T14:24:38.445+0000] {logging_mixin.py:154} INFO - [2023-11-08T14:24:38.444+0000] {dag.py:3722} INFO - Setting next_dagrun for example_local_kubernetes_executor to None, run_after=None
[2023-11-08T14:24:38.526+0000] {processor.py:179} INFO - Processing /home/airflow/.local/lib/python3.11/site-packages/airflow/example_dags/example_local_kubernetes_executor.py took 0.498 seconds
[2023-11-08T14:25:08.901+0000] {processor.py:157} INFO - Started process (PID=1349) to work on /home/airflow/.local/lib/python3.11/site-packages/airflow/example_dags/example_local_kubernetes_executor.py
[2023-11-08T14:25:08.902+0000] {processor.py:829} INFO - Processing file /home/airflow/.local/lib/python3.11/site-packages/airflow/example_dags/example_local_kubernetes_executor.py for tasks to queue
[2023-11-08T14:25:08.905+0000] {logging_mixin.py:154} INFO - [2023-11-08T14:25:08.904+0000] {dagbag.py:536} INFO - Filling up the DagBag from /home/airflow/.local/lib/python3.11/site-packages/airflow/example_dags/example_local_kubernetes_executor.py
[2023-11-08T14:25:08.916+0000] {processor.py:839} INFO - DAG(s) dict_keys(['example_local_kubernetes_executor']) retrieved from /home/airflow/.local/lib/python3.11/site-packages/airflow/example_dags/example_local_kubernetes_executor.py
[2023-11-08T14:25:08.975+0000] {logging_mixin.py:154} INFO - [2023-11-08T14:25:08.974+0000] {dag.py:2941} INFO - Sync 1 DAGs
[2023-11-08T14:25:08.996+0000] {logging_mixin.py:154} INFO - [2023-11-08T14:25:08.996+0000] {dag.py:3722} INFO - Setting next_dagrun for example_local_kubernetes_executor to None, run_after=None
[2023-11-08T14:25:09.031+0000] {processor.py:179} INFO - Processing /home/airflow/.local/lib/python3.11/site-packages/airflow/example_dags/example_local_kubernetes_executor.py took 0.136 seconds
[2023-11-08T14:25:39.562+0000] {processor.py:157} INFO - Started process (PID=1425) to work on /home/airflow/.local/lib/python3.11/site-packages/airflow/example_dags/example_local_kubernetes_executor.py
[2023-11-08T14:25:39.564+0000] {processor.py:829} INFO - Processing file /home/airflow/.local/lib/python3.11/site-packages/airflow/example_dags/example_local_kubernetes_executor.py for tasks to queue
[2023-11-08T14:25:39.566+0000] {logging_mixin.py:154} INFO - [2023-11-08T14:25:39.566+0000] {dagbag.py:536} INFO - Filling up the DagBag from /home/airflow/.local/lib/python3.11/site-packages/airflow/example_dags/example_local_kubernetes_executor.py
[2023-11-08T14:25:39.578+0000] {processor.py:839} INFO - DAG(s) dict_keys(['example_local_kubernetes_executor']) retrieved from /home/airflow/.local/lib/python3.11/site-packages/airflow/example_dags/example_local_kubernetes_executor.py
[2023-11-08T14:25:39.644+0000] {logging_mixin.py:154} INFO - [2023-11-08T14:25:39.643+0000] {dag.py:2941} INFO - Sync 1 DAGs
[2023-11-08T14:25:39.672+0000] {logging_mixin.py:154} INFO - [2023-11-08T14:25:39.672+0000] {dag.py:3722} INFO - Setting next_dagrun for example_local_kubernetes_executor to None, run_after=None
[2023-11-08T14:25:39.712+0000] {processor.py:179} INFO - Processing /home/airflow/.local/lib/python3.11/site-packages/airflow/example_dags/example_local_kubernetes_executor.py took 0.154 seconds
[2023-11-08T14:26:10.435+0000] {processor.py:157} INFO - Started process (PID=1501) to work on /home/airflow/.local/lib/python3.11/site-packages/airflow/example_dags/example_local_kubernetes_executor.py
[2023-11-08T14:26:10.438+0000] {processor.py:829} INFO - Processing file /home/airflow/.local/lib/python3.11/site-packages/airflow/example_dags/example_local_kubernetes_executor.py for tasks to queue
[2023-11-08T14:26:10.446+0000] {logging_mixin.py:154} INFO - [2023-11-08T14:26:10.445+0000] {dagbag.py:536} INFO - Filling up the DagBag from /home/airflow/.local/lib/python3.11/site-packages/airflow/example_dags/example_local_kubernetes_executor.py
[2023-11-08T14:26:10.466+0000] {processor.py:839} INFO - DAG(s) dict_keys(['example_local_kubernetes_executor']) retrieved from /home/airflow/.local/lib/python3.11/site-packages/airflow/example_dags/example_local_kubernetes_executor.py
[2023-11-08T14:26:10.589+0000] {logging_mixin.py:154} INFO - [2023-11-08T14:26:10.588+0000] {dag.py:2941} INFO - Sync 1 DAGs
[2023-11-08T14:26:10.648+0000] {logging_mixin.py:154} INFO - [2023-11-08T14:26:10.648+0000] {dag.py:3722} INFO - Setting next_dagrun for example_local_kubernetes_executor to None, run_after=None
[2023-11-08T14:26:10.710+0000] {processor.py:179} INFO - Processing /home/airflow/.local/lib/python3.11/site-packages/airflow/example_dags/example_local_kubernetes_executor.py took 0.284 seconds
[2023-11-08T14:26:40.908+0000] {processor.py:157} INFO - Started process (PID=1577) to work on /home/airflow/.local/lib/python3.11/site-packages/airflow/example_dags/example_local_kubernetes_executor.py
[2023-11-08T14:26:40.909+0000] {processor.py:829} INFO - Processing file /home/airflow/.local/lib/python3.11/site-packages/airflow/example_dags/example_local_kubernetes_executor.py for tasks to queue
[2023-11-08T14:26:40.912+0000] {logging_mixin.py:154} INFO - [2023-11-08T14:26:40.912+0000] {dagbag.py:536} INFO - Filling up the DagBag from /home/airflow/.local/lib/python3.11/site-packages/airflow/example_dags/example_local_kubernetes_executor.py
[2023-11-08T14:26:40.922+0000] {processor.py:839} INFO - DAG(s) dict_keys(['example_local_kubernetes_executor']) retrieved from /home/airflow/.local/lib/python3.11/site-packages/airflow/example_dags/example_local_kubernetes_executor.py
[2023-11-08T14:26:40.978+0000] {logging_mixin.py:154} INFO - [2023-11-08T14:26:40.978+0000] {dag.py:2941} INFO - Sync 1 DAGs
[2023-11-08T14:26:40.999+0000] {logging_mixin.py:154} INFO - [2023-11-08T14:26:40.998+0000] {dag.py:3722} INFO - Setting next_dagrun for example_local_kubernetes_executor to None, run_after=None
[2023-11-08T14:26:41.036+0000] {processor.py:179} INFO - Processing /home/airflow/.local/lib/python3.11/site-packages/airflow/example_dags/example_local_kubernetes_executor.py took 0.133 seconds
[2023-11-08T14:27:11.255+0000] {processor.py:157} INFO - Started process (PID=1653) to work on /home/airflow/.local/lib/python3.11/site-packages/airflow/example_dags/example_local_kubernetes_executor.py
[2023-11-08T14:27:11.257+0000] {processor.py:829} INFO - Processing file /home/airflow/.local/lib/python3.11/site-packages/airflow/example_dags/example_local_kubernetes_executor.py for tasks to queue
[2023-11-08T14:27:11.259+0000] {logging_mixin.py:154} INFO - [2023-11-08T14:27:11.259+0000] {dagbag.py:536} INFO - Filling up the DagBag from /home/airflow/.local/lib/python3.11/site-packages/airflow/example_dags/example_local_kubernetes_executor.py
[2023-11-08T14:27:11.270+0000] {processor.py:839} INFO - DAG(s) dict_keys(['example_local_kubernetes_executor']) retrieved from /home/airflow/.local/lib/python3.11/site-packages/airflow/example_dags/example_local_kubernetes_executor.py
[2023-11-08T14:27:11.327+0000] {logging_mixin.py:154} INFO - [2023-11-08T14:27:11.326+0000] {dag.py:2941} INFO - Sync 1 DAGs
[2023-11-08T14:27:11.349+0000] {logging_mixin.py:154} INFO - [2023-11-08T14:27:11.349+0000] {dag.py:3722} INFO - Setting next_dagrun for example_local_kubernetes_executor to None, run_after=None
[2023-11-08T14:27:11.383+0000] {processor.py:179} INFO - Processing /home/airflow/.local/lib/python3.11/site-packages/airflow/example_dags/example_local_kubernetes_executor.py took 0.133 seconds
[2023-11-08T14:27:41.678+0000] {processor.py:157} INFO - Started process (PID=1729) to work on /home/airflow/.local/lib/python3.11/site-packages/airflow/example_dags/example_local_kubernetes_executor.py
[2023-11-08T14:27:41.680+0000] {processor.py:829} INFO - Processing file /home/airflow/.local/lib/python3.11/site-packages/airflow/example_dags/example_local_kubernetes_executor.py for tasks to queue
[2023-11-08T14:27:41.683+0000] {logging_mixin.py:154} INFO - [2023-11-08T14:27:41.682+0000] {dagbag.py:536} INFO - Filling up the DagBag from /home/airflow/.local/lib/python3.11/site-packages/airflow/example_dags/example_local_kubernetes_executor.py
[2023-11-08T14:27:41.695+0000] {processor.py:839} INFO - DAG(s) dict_keys(['example_local_kubernetes_executor']) retrieved from /home/airflow/.local/lib/python3.11/site-packages/airflow/example_dags/example_local_kubernetes_executor.py
[2023-11-08T14:27:41.754+0000] {logging_mixin.py:154} INFO - [2023-11-08T14:27:41.753+0000] {dag.py:2941} INFO - Sync 1 DAGs
[2023-11-08T14:27:41.775+0000] {logging_mixin.py:154} INFO - [2023-11-08T14:27:41.775+0000] {dag.py:3722} INFO - Setting next_dagrun for example_local_kubernetes_executor to None, run_after=None
[2023-11-08T14:27:41.810+0000] {processor.py:179} INFO - Processing /home/airflow/.local/lib/python3.11/site-packages/airflow/example_dags/example_local_kubernetes_executor.py took 0.136 seconds
[2023-11-08T14:28:12.850+0000] {processor.py:157} INFO - Started process (PID=1805) to work on /home/airflow/.local/lib/python3.11/site-packages/airflow/example_dags/example_local_kubernetes_executor.py
[2023-11-08T14:28:12.851+0000] {processor.py:829} INFO - Processing file /home/airflow/.local/lib/python3.11/site-packages/airflow/example_dags/example_local_kubernetes_executor.py for tasks to queue
[2023-11-08T14:28:12.855+0000] {logging_mixin.py:154} INFO - [2023-11-08T14:28:12.855+0000] {dagbag.py:536} INFO - Filling up the DagBag from /home/airflow/.local/lib/python3.11/site-packages/airflow/example_dags/example_local_kubernetes_executor.py
[2023-11-08T14:28:12.867+0000] {processor.py:839} INFO - DAG(s) dict_keys(['example_local_kubernetes_executor']) retrieved from /home/airflow/.local/lib/python3.11/site-packages/airflow/example_dags/example_local_kubernetes_executor.py
[2023-11-08T14:28:12.952+0000] {logging_mixin.py:154} INFO - [2023-11-08T14:28:12.952+0000] {dag.py:2941} INFO - Sync 1 DAGs
[2023-11-08T14:28:12.979+0000] {logging_mixin.py:154} INFO - [2023-11-08T14:28:12.978+0000] {dag.py:3722} INFO - Setting next_dagrun for example_local_kubernetes_executor to None, run_after=None
[2023-11-08T14:28:13.013+0000] {processor.py:179} INFO - Processing /home/airflow/.local/lib/python3.11/site-packages/airflow/example_dags/example_local_kubernetes_executor.py took 0.168 seconds
[2023-11-08T14:28:44.125+0000] {processor.py:157} INFO - Started process (PID=1883) to work on /home/airflow/.local/lib/python3.11/site-packages/airflow/example_dags/example_local_kubernetes_executor.py
[2023-11-08T14:28:44.126+0000] {processor.py:829} INFO - Processing file /home/airflow/.local/lib/python3.11/site-packages/airflow/example_dags/example_local_kubernetes_executor.py for tasks to queue
[2023-11-08T14:28:44.130+0000] {logging_mixin.py:154} INFO - [2023-11-08T14:28:44.129+0000] {dagbag.py:536} INFO - Filling up the DagBag from /home/airflow/.local/lib/python3.11/site-packages/airflow/example_dags/example_local_kubernetes_executor.py
[2023-11-08T14:28:44.140+0000] {processor.py:839} INFO - DAG(s) dict_keys(['example_local_kubernetes_executor']) retrieved from /home/airflow/.local/lib/python3.11/site-packages/airflow/example_dags/example_local_kubernetes_executor.py
[2023-11-08T14:28:44.240+0000] {logging_mixin.py:154} INFO - [2023-11-08T14:28:44.239+0000] {dag.py:2941} INFO - Sync 1 DAGs
[2023-11-08T14:28:44.294+0000] {logging_mixin.py:154} INFO - [2023-11-08T14:28:44.294+0000] {dag.py:3722} INFO - Setting next_dagrun for example_local_kubernetes_executor to None, run_after=None
[2023-11-08T14:28:44.344+0000] {processor.py:179} INFO - Processing /home/airflow/.local/lib/python3.11/site-packages/airflow/example_dags/example_local_kubernetes_executor.py took 0.224 seconds
[2023-11-08T14:29:14.731+0000] {processor.py:157} INFO - Started process (PID=1959) to work on /home/airflow/.local/lib/python3.11/site-packages/airflow/example_dags/example_local_kubernetes_executor.py
[2023-11-08T14:29:14.732+0000] {processor.py:829} INFO - Processing file /home/airflow/.local/lib/python3.11/site-packages/airflow/example_dags/example_local_kubernetes_executor.py for tasks to queue
[2023-11-08T14:29:14.735+0000] {logging_mixin.py:154} INFO - [2023-11-08T14:29:14.735+0000] {dagbag.py:536} INFO - Filling up the DagBag from /home/airflow/.local/lib/python3.11/site-packages/airflow/example_dags/example_local_kubernetes_executor.py
[2023-11-08T14:29:14.745+0000] {processor.py:839} INFO - DAG(s) dict_keys(['example_local_kubernetes_executor']) retrieved from /home/airflow/.local/lib/python3.11/site-packages/airflow/example_dags/example_local_kubernetes_executor.py
[2023-11-08T14:29:14.797+0000] {logging_mixin.py:154} INFO - [2023-11-08T14:29:14.796+0000] {dag.py:2941} INFO - Sync 1 DAGs
[2023-11-08T14:29:14.818+0000] {logging_mixin.py:154} INFO - [2023-11-08T14:29:14.817+0000] {dag.py:3722} INFO - Setting next_dagrun for example_local_kubernetes_executor to None, run_after=None
[2023-11-08T14:29:14.854+0000] {processor.py:179} INFO - Processing /home/airflow/.local/lib/python3.11/site-packages/airflow/example_dags/example_local_kubernetes_executor.py took 0.127 seconds
[2023-11-08T14:29:45.203+0000] {processor.py:157} INFO - Started process (PID=2035) to work on /home/airflow/.local/lib/python3.11/site-packages/airflow/example_dags/example_local_kubernetes_executor.py
[2023-11-08T14:29:45.205+0000] {processor.py:829} INFO - Processing file /home/airflow/.local/lib/python3.11/site-packages/airflow/example_dags/example_local_kubernetes_executor.py for tasks to queue
[2023-11-08T14:29:45.208+0000] {logging_mixin.py:154} INFO - [2023-11-08T14:29:45.207+0000] {dagbag.py:536} INFO - Filling up the DagBag from /home/airflow/.local/lib/python3.11/site-packages/airflow/example_dags/example_local_kubernetes_executor.py
[2023-11-08T14:29:45.218+0000] {processor.py:839} INFO - DAG(s) dict_keys(['example_local_kubernetes_executor']) retrieved from /home/airflow/.local/lib/python3.11/site-packages/airflow/example_dags/example_local_kubernetes_executor.py
[2023-11-08T14:29:45.286+0000] {logging_mixin.py:154} INFO - [2023-11-08T14:29:45.286+0000] {dag.py:2941} INFO - Sync 1 DAGs
[2023-11-08T14:29:45.312+0000] {logging_mixin.py:154} INFO - [2023-11-08T14:29:45.311+0000] {dag.py:3722} INFO - Setting next_dagrun for example_local_kubernetes_executor to None, run_after=None
[2023-11-08T14:29:45.344+0000] {processor.py:179} INFO - Processing /home/airflow/.local/lib/python3.11/site-packages/airflow/example_dags/example_local_kubernetes_executor.py took 0.145 seconds
[2023-11-08T14:30:16.131+0000] {processor.py:157} INFO - Started process (PID=2111) to work on /home/airflow/.local/lib/python3.11/site-packages/airflow/example_dags/example_local_kubernetes_executor.py
[2023-11-08T14:30:16.133+0000] {processor.py:829} INFO - Processing file /home/airflow/.local/lib/python3.11/site-packages/airflow/example_dags/example_local_kubernetes_executor.py for tasks to queue
[2023-11-08T14:30:16.139+0000] {logging_mixin.py:154} INFO - [2023-11-08T14:30:16.138+0000] {dagbag.py:536} INFO - Filling up the DagBag from /home/airflow/.local/lib/python3.11/site-packages/airflow/example_dags/example_local_kubernetes_executor.py
[2023-11-08T14:30:16.160+0000] {processor.py:839} INFO - DAG(s) dict_keys(['example_local_kubernetes_executor']) retrieved from /home/airflow/.local/lib/python3.11/site-packages/airflow/example_dags/example_local_kubernetes_executor.py
[2023-11-08T14:30:16.245+0000] {logging_mixin.py:154} INFO - [2023-11-08T14:30:16.244+0000] {dag.py:2941} INFO - Sync 1 DAGs
[2023-11-08T14:30:16.271+0000] {logging_mixin.py:154} INFO - [2023-11-08T14:30:16.270+0000] {dag.py:3722} INFO - Setting next_dagrun for example_local_kubernetes_executor to None, run_after=None
[2023-11-08T14:30:16.313+0000] {processor.py:179} INFO - Processing /home/airflow/.local/lib/python3.11/site-packages/airflow/example_dags/example_local_kubernetes_executor.py took 0.189 seconds
[2023-11-08T14:30:46.755+0000] {processor.py:157} INFO - Started process (PID=2188) to work on /home/airflow/.local/lib/python3.11/site-packages/airflow/example_dags/example_local_kubernetes_executor.py
[2023-11-08T14:30:46.756+0000] {processor.py:829} INFO - Processing file /home/airflow/.local/lib/python3.11/site-packages/airflow/example_dags/example_local_kubernetes_executor.py for tasks to queue
[2023-11-08T14:30:46.760+0000] {logging_mixin.py:154} INFO - [2023-11-08T14:30:46.759+0000] {dagbag.py:536} INFO - Filling up the DagBag from /home/airflow/.local/lib/python3.11/site-packages/airflow/example_dags/example_local_kubernetes_executor.py
[2023-11-08T14:30:46.772+0000] {processor.py:839} INFO - DAG(s) dict_keys(['example_local_kubernetes_executor']) retrieved from /home/airflow/.local/lib/python3.11/site-packages/airflow/example_dags/example_local_kubernetes_executor.py
[2023-11-08T14:30:46.850+0000] {logging_mixin.py:154} INFO - [2023-11-08T14:30:46.850+0000] {dag.py:2941} INFO - Sync 1 DAGs
[2023-11-08T14:30:46.897+0000] {logging_mixin.py:154} INFO - [2023-11-08T14:30:46.896+0000] {dag.py:3722} INFO - Setting next_dagrun for example_local_kubernetes_executor to None, run_after=None
[2023-11-08T14:30:46.950+0000] {processor.py:179} INFO - Processing /home/airflow/.local/lib/python3.11/site-packages/airflow/example_dags/example_local_kubernetes_executor.py took 0.200 seconds
[2023-11-08T14:31:17.297+0000] {processor.py:157} INFO - Started process (PID=2264) to work on /home/airflow/.local/lib/python3.11/site-packages/airflow/example_dags/example_local_kubernetes_executor.py
[2023-11-08T14:31:17.298+0000] {processor.py:829} INFO - Processing file /home/airflow/.local/lib/python3.11/site-packages/airflow/example_dags/example_local_kubernetes_executor.py for tasks to queue
[2023-11-08T14:31:17.302+0000] {logging_mixin.py:154} INFO - [2023-11-08T14:31:17.301+0000] {dagbag.py:536} INFO - Filling up the DagBag from /home/airflow/.local/lib/python3.11/site-packages/airflow/example_dags/example_local_kubernetes_executor.py
[2023-11-08T14:31:17.314+0000] {processor.py:839} INFO - DAG(s) dict_keys(['example_local_kubernetes_executor']) retrieved from /home/airflow/.local/lib/python3.11/site-packages/airflow/example_dags/example_local_kubernetes_executor.py
[2023-11-08T14:31:17.378+0000] {logging_mixin.py:154} INFO - [2023-11-08T14:31:17.378+0000] {dag.py:2941} INFO - Sync 1 DAGs
[2023-11-08T14:31:17.398+0000] {logging_mixin.py:154} INFO - [2023-11-08T14:31:17.397+0000] {dag.py:3722} INFO - Setting next_dagrun for example_local_kubernetes_executor to None, run_after=None
[2023-11-08T14:31:17.428+0000] {processor.py:179} INFO - Processing /home/airflow/.local/lib/python3.11/site-packages/airflow/example_dags/example_local_kubernetes_executor.py took 0.136 seconds
[2023-11-08T14:31:47.651+0000] {processor.py:157} INFO - Started process (PID=2340) to work on /home/airflow/.local/lib/python3.11/site-packages/airflow/example_dags/example_local_kubernetes_executor.py
[2023-11-08T14:31:47.652+0000] {processor.py:829} INFO - Processing file /home/airflow/.local/lib/python3.11/site-packages/airflow/example_dags/example_local_kubernetes_executor.py for tasks to queue
[2023-11-08T14:31:47.656+0000] {logging_mixin.py:154} INFO - [2023-11-08T14:31:47.655+0000] {dagbag.py:536} INFO - Filling up the DagBag from /home/airflow/.local/lib/python3.11/site-packages/airflow/example_dags/example_local_kubernetes_executor.py
[2023-11-08T14:31:47.667+0000] {processor.py:839} INFO - DAG(s) dict_keys(['example_local_kubernetes_executor']) retrieved from /home/airflow/.local/lib/python3.11/site-packages/airflow/example_dags/example_local_kubernetes_executor.py
[2023-11-08T14:31:47.719+0000] {logging_mixin.py:154} INFO - [2023-11-08T14:31:47.719+0000] {dag.py:2941} INFO - Sync 1 DAGs
[2023-11-08T14:31:47.740+0000] {logging_mixin.py:154} INFO - [2023-11-08T14:31:47.739+0000] {dag.py:3722} INFO - Setting next_dagrun for example_local_kubernetes_executor to None, run_after=None
[2023-11-08T14:31:47.777+0000] {processor.py:179} INFO - Processing /home/airflow/.local/lib/python3.11/site-packages/airflow/example_dags/example_local_kubernetes_executor.py took 0.131 seconds
[2023-11-08T14:32:18.044+0000] {processor.py:157} INFO - Started process (PID=2416) to work on /home/airflow/.local/lib/python3.11/site-packages/airflow/example_dags/example_local_kubernetes_executor.py
[2023-11-08T14:32:18.046+0000] {processor.py:829} INFO - Processing file /home/airflow/.local/lib/python3.11/site-packages/airflow/example_dags/example_local_kubernetes_executor.py for tasks to queue
[2023-11-08T14:32:18.048+0000] {logging_mixin.py:154} INFO - [2023-11-08T14:32:18.048+0000] {dagbag.py:536} INFO - Filling up the DagBag from /home/airflow/.local/lib/python3.11/site-packages/airflow/example_dags/example_local_kubernetes_executor.py
[2023-11-08T14:32:18.058+0000] {processor.py:839} INFO - DAG(s) dict_keys(['example_local_kubernetes_executor']) retrieved from /home/airflow/.local/lib/python3.11/site-packages/airflow/example_dags/example_local_kubernetes_executor.py
[2023-11-08T14:32:18.112+0000] {logging_mixin.py:154} INFO - [2023-11-08T14:32:18.112+0000] {dag.py:2941} INFO - Sync 1 DAGs
[2023-11-08T14:32:18.133+0000] {logging_mixin.py:154} INFO - [2023-11-08T14:32:18.133+0000] {dag.py:3722} INFO - Setting next_dagrun for example_local_kubernetes_executor to None, run_after=None
[2023-11-08T14:32:18.164+0000] {processor.py:179} INFO - Processing /home/airflow/.local/lib/python3.11/site-packages/airflow/example_dags/example_local_kubernetes_executor.py took 0.124 seconds
[2023-11-08T14:32:49.145+0000] {processor.py:157} INFO - Started process (PID=2492) to work on /home/airflow/.local/lib/python3.11/site-packages/airflow/example_dags/example_local_kubernetes_executor.py
[2023-11-08T14:32:49.146+0000] {processor.py:829} INFO - Processing file /home/airflow/.local/lib/python3.11/site-packages/airflow/example_dags/example_local_kubernetes_executor.py for tasks to queue
[2023-11-08T14:32:49.149+0000] {logging_mixin.py:154} INFO - [2023-11-08T14:32:49.148+0000] {dagbag.py:536} INFO - Filling up the DagBag from /home/airflow/.local/lib/python3.11/site-packages/airflow/example_dags/example_local_kubernetes_executor.py
[2023-11-08T14:32:49.159+0000] {processor.py:839} INFO - DAG(s) dict_keys(['example_local_kubernetes_executor']) retrieved from /home/airflow/.local/lib/python3.11/site-packages/airflow/example_dags/example_local_kubernetes_executor.py
[2023-11-08T14:32:49.222+0000] {logging_mixin.py:154} INFO - [2023-11-08T14:32:49.221+0000] {dag.py:2941} INFO - Sync 1 DAGs
[2023-11-08T14:32:49.254+0000] {logging_mixin.py:154} INFO - [2023-11-08T14:32:49.254+0000] {dag.py:3722} INFO - Setting next_dagrun for example_local_kubernetes_executor to None, run_after=None
[2023-11-08T14:32:49.296+0000] {processor.py:179} INFO - Processing /home/airflow/.local/lib/python3.11/site-packages/airflow/example_dags/example_local_kubernetes_executor.py took 0.157 seconds
[2023-11-08T14:33:19.722+0000] {processor.py:157} INFO - Started process (PID=2568) to work on /home/airflow/.local/lib/python3.11/site-packages/airflow/example_dags/example_local_kubernetes_executor.py
[2023-11-08T14:33:19.724+0000] {processor.py:829} INFO - Processing file /home/airflow/.local/lib/python3.11/site-packages/airflow/example_dags/example_local_kubernetes_executor.py for tasks to queue
[2023-11-08T14:33:19.727+0000] {logging_mixin.py:154} INFO - [2023-11-08T14:33:19.727+0000] {dagbag.py:536} INFO - Filling up the DagBag from /home/airflow/.local/lib/python3.11/site-packages/airflow/example_dags/example_local_kubernetes_executor.py
[2023-11-08T14:33:19.738+0000] {processor.py:839} INFO - DAG(s) dict_keys(['example_local_kubernetes_executor']) retrieved from /home/airflow/.local/lib/python3.11/site-packages/airflow/example_dags/example_local_kubernetes_executor.py
[2023-11-08T14:33:19.790+0000] {logging_mixin.py:154} INFO - [2023-11-08T14:33:19.790+0000] {dag.py:2941} INFO - Sync 1 DAGs
[2023-11-08T14:33:19.816+0000] {logging_mixin.py:154} INFO - [2023-11-08T14:33:19.816+0000] {dag.py:3722} INFO - Setting next_dagrun for example_local_kubernetes_executor to None, run_after=None
[2023-11-08T14:33:19.845+0000] {processor.py:179} INFO - Processing /home/airflow/.local/lib/python3.11/site-packages/airflow/example_dags/example_local_kubernetes_executor.py took 0.127 seconds
[2023-11-08T14:33:50.068+0000] {processor.py:157} INFO - Started process (PID=2644) to work on /home/airflow/.local/lib/python3.11/site-packages/airflow/example_dags/example_local_kubernetes_executor.py
[2023-11-08T14:33:50.069+0000] {processor.py:829} INFO - Processing file /home/airflow/.local/lib/python3.11/site-packages/airflow/example_dags/example_local_kubernetes_executor.py for tasks to queue
[2023-11-08T14:33:50.072+0000] {logging_mixin.py:154} INFO - [2023-11-08T14:33:50.072+0000] {dagbag.py:536} INFO - Filling up the DagBag from /home/airflow/.local/lib/python3.11/site-packages/airflow/example_dags/example_local_kubernetes_executor.py
[2023-11-08T14:33:50.083+0000] {processor.py:839} INFO - DAG(s) dict_keys(['example_local_kubernetes_executor']) retrieved from /home/airflow/.local/lib/python3.11/site-packages/airflow/example_dags/example_local_kubernetes_executor.py
[2023-11-08T14:33:50.135+0000] {logging_mixin.py:154} INFO - [2023-11-08T14:33:50.135+0000] {dag.py:2941} INFO - Sync 1 DAGs
[2023-11-08T14:33:50.158+0000] {logging_mixin.py:154} INFO - [2023-11-08T14:33:50.158+0000] {dag.py:3722} INFO - Setting next_dagrun for example_local_kubernetes_executor to None, run_after=None
[2023-11-08T14:33:50.190+0000] {processor.py:179} INFO - Processing /home/airflow/.local/lib/python3.11/site-packages/airflow/example_dags/example_local_kubernetes_executor.py took 0.126 seconds
[2023-11-08T14:34:21.061+0000] {processor.py:157} INFO - Started process (PID=2720) to work on /home/airflow/.local/lib/python3.11/site-packages/airflow/example_dags/example_local_kubernetes_executor.py
[2023-11-08T14:34:21.063+0000] {processor.py:829} INFO - Processing file /home/airflow/.local/lib/python3.11/site-packages/airflow/example_dags/example_local_kubernetes_executor.py for tasks to queue
[2023-11-08T14:34:21.066+0000] {logging_mixin.py:154} INFO - [2023-11-08T14:34:21.066+0000] {dagbag.py:536} INFO - Filling up the DagBag from /home/airflow/.local/lib/python3.11/site-packages/airflow/example_dags/example_local_kubernetes_executor.py
[2023-11-08T14:34:21.076+0000] {processor.py:839} INFO - DAG(s) dict_keys(['example_local_kubernetes_executor']) retrieved from /home/airflow/.local/lib/python3.11/site-packages/airflow/example_dags/example_local_kubernetes_executor.py
[2023-11-08T14:34:21.132+0000] {logging_mixin.py:154} INFO - [2023-11-08T14:34:21.132+0000] {dag.py:2941} INFO - Sync 1 DAGs
[2023-11-08T14:34:21.152+0000] {logging_mixin.py:154} INFO - [2023-11-08T14:34:21.152+0000] {dag.py:3722} INFO - Setting next_dagrun for example_local_kubernetes_executor to None, run_after=None
[2023-11-08T14:34:21.184+0000] {processor.py:179} INFO - Processing /home/airflow/.local/lib/python3.11/site-packages/airflow/example_dags/example_local_kubernetes_executor.py took 0.126 seconds
[2023-11-08T14:34:51.491+0000] {processor.py:157} INFO - Started process (PID=2796) to work on /home/airflow/.local/lib/python3.11/site-packages/airflow/example_dags/example_local_kubernetes_executor.py
[2023-11-08T14:34:51.492+0000] {processor.py:829} INFO - Processing file /home/airflow/.local/lib/python3.11/site-packages/airflow/example_dags/example_local_kubernetes_executor.py for tasks to queue
[2023-11-08T14:34:51.495+0000] {logging_mixin.py:154} INFO - [2023-11-08T14:34:51.495+0000] {dagbag.py:536} INFO - Filling up the DagBag from /home/airflow/.local/lib/python3.11/site-packages/airflow/example_dags/example_local_kubernetes_executor.py
[2023-11-08T14:34:51.505+0000] {processor.py:839} INFO - DAG(s) dict_keys(['example_local_kubernetes_executor']) retrieved from /home/airflow/.local/lib/python3.11/site-packages/airflow/example_dags/example_local_kubernetes_executor.py
[2023-11-08T14:34:51.561+0000] {logging_mixin.py:154} INFO - [2023-11-08T14:34:51.561+0000] {dag.py:2941} INFO - Sync 1 DAGs
[2023-11-08T14:34:51.582+0000] {logging_mixin.py:154} INFO - [2023-11-08T14:34:51.581+0000] {dag.py:3722} INFO - Setting next_dagrun for example_local_kubernetes_executor to None, run_after=None
[2023-11-08T14:34:51.610+0000] {processor.py:179} INFO - Processing /home/airflow/.local/lib/python3.11/site-packages/airflow/example_dags/example_local_kubernetes_executor.py took 0.124 seconds
[2023-11-08T14:35:22.503+0000] {processor.py:157} INFO - Started process (PID=2872) to work on /home/airflow/.local/lib/python3.11/site-packages/airflow/example_dags/example_local_kubernetes_executor.py
[2023-11-08T14:35:22.504+0000] {processor.py:829} INFO - Processing file /home/airflow/.local/lib/python3.11/site-packages/airflow/example_dags/example_local_kubernetes_executor.py for tasks to queue
[2023-11-08T14:35:22.507+0000] {logging_mixin.py:154} INFO - [2023-11-08T14:35:22.507+0000] {dagbag.py:536} INFO - Filling up the DagBag from /home/airflow/.local/lib/python3.11/site-packages/airflow/example_dags/example_local_kubernetes_executor.py
[2023-11-08T14:35:22.518+0000] {processor.py:839} INFO - DAG(s) dict_keys(['example_local_kubernetes_executor']) retrieved from /home/airflow/.local/lib/python3.11/site-packages/airflow/example_dags/example_local_kubernetes_executor.py
[2023-11-08T14:35:22.573+0000] {logging_mixin.py:154} INFO - [2023-11-08T14:35:22.573+0000] {dag.py:2941} INFO - Sync 1 DAGs
[2023-11-08T14:35:22.596+0000] {logging_mixin.py:154} INFO - [2023-11-08T14:35:22.595+0000] {dag.py:3722} INFO - Setting next_dagrun for example_local_kubernetes_executor to None, run_after=None
[2023-11-08T14:35:22.625+0000] {processor.py:179} INFO - Processing /home/airflow/.local/lib/python3.11/site-packages/airflow/example_dags/example_local_kubernetes_executor.py took 0.127 seconds
[2023-11-08T14:35:53.448+0000] {processor.py:157} INFO - Started process (PID=2948) to work on /home/airflow/.local/lib/python3.11/site-packages/airflow/example_dags/example_local_kubernetes_executor.py
[2023-11-08T14:35:53.449+0000] {processor.py:829} INFO - Processing file /home/airflow/.local/lib/python3.11/site-packages/airflow/example_dags/example_local_kubernetes_executor.py for tasks to queue
[2023-11-08T14:35:53.452+0000] {logging_mixin.py:154} INFO - [2023-11-08T14:35:53.451+0000] {dagbag.py:536} INFO - Filling up the DagBag from /home/airflow/.local/lib/python3.11/site-packages/airflow/example_dags/example_local_kubernetes_executor.py
[2023-11-08T14:35:53.462+0000] {processor.py:839} INFO - DAG(s) dict_keys(['example_local_kubernetes_executor']) retrieved from /home/airflow/.local/lib/python3.11/site-packages/airflow/example_dags/example_local_kubernetes_executor.py
[2023-11-08T14:35:53.516+0000] {logging_mixin.py:154} INFO - [2023-11-08T14:35:53.516+0000] {dag.py:2941} INFO - Sync 1 DAGs
[2023-11-08T14:35:53.536+0000] {logging_mixin.py:154} INFO - [2023-11-08T14:35:53.536+0000] {dag.py:3722} INFO - Setting next_dagrun for example_local_kubernetes_executor to None, run_after=None
[2023-11-08T14:35:53.572+0000] {processor.py:179} INFO - Processing /home/airflow/.local/lib/python3.11/site-packages/airflow/example_dags/example_local_kubernetes_executor.py took 0.128 seconds
[2023-11-08T14:36:24.200+0000] {processor.py:157} INFO - Started process (PID=3024) to work on /home/airflow/.local/lib/python3.11/site-packages/airflow/example_dags/example_local_kubernetes_executor.py
[2023-11-08T14:36:24.202+0000] {processor.py:829} INFO - Processing file /home/airflow/.local/lib/python3.11/site-packages/airflow/example_dags/example_local_kubernetes_executor.py for tasks to queue
[2023-11-08T14:36:24.205+0000] {logging_mixin.py:154} INFO - [2023-11-08T14:36:24.205+0000] {dagbag.py:536} INFO - Filling up the DagBag from /home/airflow/.local/lib/python3.11/site-packages/airflow/example_dags/example_local_kubernetes_executor.py
[2023-11-08T14:36:24.215+0000] {processor.py:839} INFO - DAG(s) dict_keys(['example_local_kubernetes_executor']) retrieved from /home/airflow/.local/lib/python3.11/site-packages/airflow/example_dags/example_local_kubernetes_executor.py
[2023-11-08T14:36:24.271+0000] {logging_mixin.py:154} INFO - [2023-11-08T14:36:24.271+0000] {dag.py:2941} INFO - Sync 1 DAGs
[2023-11-08T14:36:24.292+0000] {logging_mixin.py:154} INFO - [2023-11-08T14:36:24.291+0000] {dag.py:3722} INFO - Setting next_dagrun for example_local_kubernetes_executor to None, run_after=None
[2023-11-08T14:36:24.326+0000] {processor.py:179} INFO - Processing /home/airflow/.local/lib/python3.11/site-packages/airflow/example_dags/example_local_kubernetes_executor.py took 0.131 seconds
[2023-11-08T14:36:54.905+0000] {processor.py:157} INFO - Started process (PID=3100) to work on /home/airflow/.local/lib/python3.11/site-packages/airflow/example_dags/example_local_kubernetes_executor.py
[2023-11-08T14:36:54.906+0000] {processor.py:829} INFO - Processing file /home/airflow/.local/lib/python3.11/site-packages/airflow/example_dags/example_local_kubernetes_executor.py for tasks to queue
[2023-11-08T14:36:54.909+0000] {logging_mixin.py:154} INFO - [2023-11-08T14:36:54.908+0000] {dagbag.py:536} INFO - Filling up the DagBag from /home/airflow/.local/lib/python3.11/site-packages/airflow/example_dags/example_local_kubernetes_executor.py
[2023-11-08T14:36:54.919+0000] {processor.py:839} INFO - DAG(s) dict_keys(['example_local_kubernetes_executor']) retrieved from /home/airflow/.local/lib/python3.11/site-packages/airflow/example_dags/example_local_kubernetes_executor.py
[2023-11-08T14:36:54.978+0000] {logging_mixin.py:154} INFO - [2023-11-08T14:36:54.978+0000] {dag.py:2941} INFO - Sync 1 DAGs
[2023-11-08T14:36:55.000+0000] {logging_mixin.py:154} INFO - [2023-11-08T14:36:55.000+0000] {dag.py:3722} INFO - Setting next_dagrun for example_local_kubernetes_executor to None, run_after=None
[2023-11-08T14:36:55.036+0000] {processor.py:179} INFO - Processing /home/airflow/.local/lib/python3.11/site-packages/airflow/example_dags/example_local_kubernetes_executor.py took 0.135 seconds
[2023-11-08T14:37:25.746+0000] {processor.py:157} INFO - Started process (PID=3176) to work on /home/airflow/.local/lib/python3.11/site-packages/airflow/example_dags/example_local_kubernetes_executor.py
[2023-11-08T14:37:25.747+0000] {processor.py:829} INFO - Processing file /home/airflow/.local/lib/python3.11/site-packages/airflow/example_dags/example_local_kubernetes_executor.py for tasks to queue
[2023-11-08T14:37:25.749+0000] {logging_mixin.py:154} INFO - [2023-11-08T14:37:25.749+0000] {dagbag.py:536} INFO - Filling up the DagBag from /home/airflow/.local/lib/python3.11/site-packages/airflow/example_dags/example_local_kubernetes_executor.py
[2023-11-08T14:37:25.754+0000] {processor.py:839} INFO - DAG(s) dict_keys(['example_local_kubernetes_executor']) retrieved from /home/airflow/.local/lib/python3.11/site-packages/airflow/example_dags/example_local_kubernetes_executor.py
[2023-11-08T14:37:25.783+0000] {logging_mixin.py:154} INFO - [2023-11-08T14:37:25.783+0000] {dag.py:2941} INFO - Sync 1 DAGs
[2023-11-08T14:37:25.793+0000] {logging_mixin.py:154} INFO - [2023-11-08T14:37:25.793+0000] {dag.py:3722} INFO - Setting next_dagrun for example_local_kubernetes_executor to None, run_after=None
[2023-11-08T14:37:25.808+0000] {processor.py:179} INFO - Processing /home/airflow/.local/lib/python3.11/site-packages/airflow/example_dags/example_local_kubernetes_executor.py took 0.064 seconds
[2023-11-08T14:37:55.998+0000] {processor.py:157} INFO - Started process (PID=3251) to work on /home/airflow/.local/lib/python3.11/site-packages/airflow/example_dags/example_local_kubernetes_executor.py
[2023-11-08T14:37:55.998+0000] {processor.py:829} INFO - Processing file /home/airflow/.local/lib/python3.11/site-packages/airflow/example_dags/example_local_kubernetes_executor.py for tasks to queue
[2023-11-08T14:37:56.000+0000] {logging_mixin.py:154} INFO - [2023-11-08T14:37:56.000+0000] {dagbag.py:536} INFO - Filling up the DagBag from /home/airflow/.local/lib/python3.11/site-packages/airflow/example_dags/example_local_kubernetes_executor.py
[2023-11-08T14:37:56.006+0000] {processor.py:839} INFO - DAG(s) dict_keys(['example_local_kubernetes_executor']) retrieved from /home/airflow/.local/lib/python3.11/site-packages/airflow/example_dags/example_local_kubernetes_executor.py
[2023-11-08T14:37:56.033+0000] {logging_mixin.py:154} INFO - [2023-11-08T14:37:56.033+0000] {dag.py:2941} INFO - Sync 1 DAGs
[2023-11-08T14:37:56.044+0000] {logging_mixin.py:154} INFO - [2023-11-08T14:37:56.044+0000] {dag.py:3722} INFO - Setting next_dagrun for example_local_kubernetes_executor to None, run_after=None
[2023-11-08T14:37:56.058+0000] {processor.py:179} INFO - Processing /home/airflow/.local/lib/python3.11/site-packages/airflow/example_dags/example_local_kubernetes_executor.py took 0.062 seconds
[2023-11-08T14:38:26.108+0000] {processor.py:157} INFO - Started process (PID=3327) to work on /home/airflow/.local/lib/python3.11/site-packages/airflow/example_dags/example_local_kubernetes_executor.py
[2023-11-08T14:38:26.108+0000] {processor.py:829} INFO - Processing file /home/airflow/.local/lib/python3.11/site-packages/airflow/example_dags/example_local_kubernetes_executor.py for tasks to queue
[2023-11-08T14:38:26.110+0000] {logging_mixin.py:154} INFO - [2023-11-08T14:38:26.110+0000] {dagbag.py:536} INFO - Filling up the DagBag from /home/airflow/.local/lib/python3.11/site-packages/airflow/example_dags/example_local_kubernetes_executor.py
[2023-11-08T14:38:26.115+0000] {processor.py:839} INFO - DAG(s) dict_keys(['example_local_kubernetes_executor']) retrieved from /home/airflow/.local/lib/python3.11/site-packages/airflow/example_dags/example_local_kubernetes_executor.py
[2023-11-08T14:38:26.141+0000] {logging_mixin.py:154} INFO - [2023-11-08T14:38:26.140+0000] {dag.py:2941} INFO - Sync 1 DAGs
[2023-11-08T14:38:26.151+0000] {logging_mixin.py:154} INFO - [2023-11-08T14:38:26.151+0000] {dag.py:3722} INFO - Setting next_dagrun for example_local_kubernetes_executor to None, run_after=None
[2023-11-08T14:38:26.164+0000] {processor.py:179} INFO - Processing /home/airflow/.local/lib/python3.11/site-packages/airflow/example_dags/example_local_kubernetes_executor.py took 0.059 seconds
[2023-11-08T14:38:56.230+0000] {processor.py:157} INFO - Started process (PID=3403) to work on /home/airflow/.local/lib/python3.11/site-packages/airflow/example_dags/example_local_kubernetes_executor.py
[2023-11-08T14:38:56.230+0000] {processor.py:829} INFO - Processing file /home/airflow/.local/lib/python3.11/site-packages/airflow/example_dags/example_local_kubernetes_executor.py for tasks to queue
[2023-11-08T14:38:56.231+0000] {logging_mixin.py:154} INFO - [2023-11-08T14:38:56.231+0000] {dagbag.py:536} INFO - Filling up the DagBag from /home/airflow/.local/lib/python3.11/site-packages/airflow/example_dags/example_local_kubernetes_executor.py
[2023-11-08T14:38:56.236+0000] {processor.py:839} INFO - DAG(s) dict_keys(['example_local_kubernetes_executor']) retrieved from /home/airflow/.local/lib/python3.11/site-packages/airflow/example_dags/example_local_kubernetes_executor.py
[2023-11-08T14:38:56.260+0000] {logging_mixin.py:154} INFO - [2023-11-08T14:38:56.260+0000] {dag.py:2941} INFO - Sync 1 DAGs
[2023-11-08T14:38:56.269+0000] {logging_mixin.py:154} INFO - [2023-11-08T14:38:56.269+0000] {dag.py:3722} INFO - Setting next_dagrun for example_local_kubernetes_executor to None, run_after=None
[2023-11-08T14:38:56.283+0000] {processor.py:179} INFO - Processing /home/airflow/.local/lib/python3.11/site-packages/airflow/example_dags/example_local_kubernetes_executor.py took 0.056 seconds
[2023-11-08T14:39:26.377+0000] {processor.py:157} INFO - Started process (PID=3479) to work on /home/airflow/.local/lib/python3.11/site-packages/airflow/example_dags/example_local_kubernetes_executor.py
[2023-11-08T14:39:26.378+0000] {processor.py:829} INFO - Processing file /home/airflow/.local/lib/python3.11/site-packages/airflow/example_dags/example_local_kubernetes_executor.py for tasks to queue
[2023-11-08T14:39:26.379+0000] {logging_mixin.py:154} INFO - [2023-11-08T14:39:26.379+0000] {dagbag.py:536} INFO - Filling up the DagBag from /home/airflow/.local/lib/python3.11/site-packages/airflow/example_dags/example_local_kubernetes_executor.py
[2023-11-08T14:39:26.384+0000] {processor.py:839} INFO - DAG(s) dict_keys(['example_local_kubernetes_executor']) retrieved from /home/airflow/.local/lib/python3.11/site-packages/airflow/example_dags/example_local_kubernetes_executor.py
[2023-11-08T14:39:26.409+0000] {logging_mixin.py:154} INFO - [2023-11-08T14:39:26.409+0000] {dag.py:2941} INFO - Sync 1 DAGs
[2023-11-08T14:39:26.418+0000] {logging_mixin.py:154} INFO - [2023-11-08T14:39:26.418+0000] {dag.py:3722} INFO - Setting next_dagrun for example_local_kubernetes_executor to None, run_after=None
[2023-11-08T14:39:26.431+0000] {processor.py:179} INFO - Processing /home/airflow/.local/lib/python3.11/site-packages/airflow/example_dags/example_local_kubernetes_executor.py took 0.056 seconds
[2023-11-08T14:39:56.555+0000] {processor.py:157} INFO - Started process (PID=3555) to work on /home/airflow/.local/lib/python3.11/site-packages/airflow/example_dags/example_local_kubernetes_executor.py
[2023-11-08T14:39:56.556+0000] {processor.py:829} INFO - Processing file /home/airflow/.local/lib/python3.11/site-packages/airflow/example_dags/example_local_kubernetes_executor.py for tasks to queue
[2023-11-08T14:39:56.557+0000] {logging_mixin.py:154} INFO - [2023-11-08T14:39:56.557+0000] {dagbag.py:536} INFO - Filling up the DagBag from /home/airflow/.local/lib/python3.11/site-packages/airflow/example_dags/example_local_kubernetes_executor.py
[2023-11-08T14:39:56.562+0000] {processor.py:839} INFO - DAG(s) dict_keys(['example_local_kubernetes_executor']) retrieved from /home/airflow/.local/lib/python3.11/site-packages/airflow/example_dags/example_local_kubernetes_executor.py
[2023-11-08T14:39:56.588+0000] {logging_mixin.py:154} INFO - [2023-11-08T14:39:56.588+0000] {dag.py:2941} INFO - Sync 1 DAGs
[2023-11-08T14:39:56.597+0000] {logging_mixin.py:154} INFO - [2023-11-08T14:39:56.597+0000] {dag.py:3722} INFO - Setting next_dagrun for example_local_kubernetes_executor to None, run_after=None
[2023-11-08T14:39:56.612+0000] {processor.py:179} INFO - Processing /home/airflow/.local/lib/python3.11/site-packages/airflow/example_dags/example_local_kubernetes_executor.py took 0.059 seconds
[2023-11-08T14:40:26.734+0000] {processor.py:157} INFO - Started process (PID=3630) to work on /home/airflow/.local/lib/python3.11/site-packages/airflow/example_dags/example_local_kubernetes_executor.py
[2023-11-08T14:40:26.735+0000] {processor.py:829} INFO - Processing file /home/airflow/.local/lib/python3.11/site-packages/airflow/example_dags/example_local_kubernetes_executor.py for tasks to queue
[2023-11-08T14:40:26.736+0000] {logging_mixin.py:154} INFO - [2023-11-08T14:40:26.736+0000] {dagbag.py:536} INFO - Filling up the DagBag from /home/airflow/.local/lib/python3.11/site-packages/airflow/example_dags/example_local_kubernetes_executor.py
[2023-11-08T14:40:26.741+0000] {processor.py:839} INFO - DAG(s) dict_keys(['example_local_kubernetes_executor']) retrieved from /home/airflow/.local/lib/python3.11/site-packages/airflow/example_dags/example_local_kubernetes_executor.py
[2023-11-08T14:40:26.765+0000] {logging_mixin.py:154} INFO - [2023-11-08T14:40:26.765+0000] {dag.py:2941} INFO - Sync 1 DAGs
[2023-11-08T14:40:26.774+0000] {logging_mixin.py:154} INFO - [2023-11-08T14:40:26.774+0000] {dag.py:3722} INFO - Setting next_dagrun for example_local_kubernetes_executor to None, run_after=None
[2023-11-08T14:40:26.786+0000] {processor.py:179} INFO - Processing /home/airflow/.local/lib/python3.11/site-packages/airflow/example_dags/example_local_kubernetes_executor.py took 0.055 seconds
[2023-11-08T14:40:56.829+0000] {processor.py:157} INFO - Started process (PID=3706) to work on /home/airflow/.local/lib/python3.11/site-packages/airflow/example_dags/example_local_kubernetes_executor.py
[2023-11-08T14:40:56.830+0000] {processor.py:829} INFO - Processing file /home/airflow/.local/lib/python3.11/site-packages/airflow/example_dags/example_local_kubernetes_executor.py for tasks to queue
[2023-11-08T14:40:56.831+0000] {logging_mixin.py:154} INFO - [2023-11-08T14:40:56.831+0000] {dagbag.py:536} INFO - Filling up the DagBag from /home/airflow/.local/lib/python3.11/site-packages/airflow/example_dags/example_local_kubernetes_executor.py
[2023-11-08T14:40:56.836+0000] {processor.py:839} INFO - DAG(s) dict_keys(['example_local_kubernetes_executor']) retrieved from /home/airflow/.local/lib/python3.11/site-packages/airflow/example_dags/example_local_kubernetes_executor.py
[2023-11-08T14:40:56.865+0000] {logging_mixin.py:154} INFO - [2023-11-08T14:40:56.865+0000] {dag.py:2941} INFO - Sync 1 DAGs
[2023-11-08T14:40:56.875+0000] {logging_mixin.py:154} INFO - [2023-11-08T14:40:56.874+0000] {dag.py:3722} INFO - Setting next_dagrun for example_local_kubernetes_executor to None, run_after=None
[2023-11-08T14:40:56.888+0000] {processor.py:179} INFO - Processing /home/airflow/.local/lib/python3.11/site-packages/airflow/example_dags/example_local_kubernetes_executor.py took 0.062 seconds
[2023-11-08T14:41:27.054+0000] {processor.py:157} INFO - Started process (PID=3782) to work on /home/airflow/.local/lib/python3.11/site-packages/airflow/example_dags/example_local_kubernetes_executor.py
[2023-11-08T14:41:27.055+0000] {processor.py:829} INFO - Processing file /home/airflow/.local/lib/python3.11/site-packages/airflow/example_dags/example_local_kubernetes_executor.py for tasks to queue
[2023-11-08T14:41:27.057+0000] {logging_mixin.py:154} INFO - [2023-11-08T14:41:27.056+0000] {dagbag.py:536} INFO - Filling up the DagBag from /home/airflow/.local/lib/python3.11/site-packages/airflow/example_dags/example_local_kubernetes_executor.py
[2023-11-08T14:41:27.061+0000] {processor.py:839} INFO - DAG(s) dict_keys(['example_local_kubernetes_executor']) retrieved from /home/airflow/.local/lib/python3.11/site-packages/airflow/example_dags/example_local_kubernetes_executor.py
[2023-11-08T14:41:27.092+0000] {logging_mixin.py:154} INFO - [2023-11-08T14:41:27.092+0000] {dag.py:2941} INFO - Sync 1 DAGs
[2023-11-08T14:41:27.102+0000] {logging_mixin.py:154} INFO - [2023-11-08T14:41:27.102+0000] {dag.py:3722} INFO - Setting next_dagrun for example_local_kubernetes_executor to None, run_after=None
[2023-11-08T14:41:27.119+0000] {processor.py:179} INFO - Processing /home/airflow/.local/lib/python3.11/site-packages/airflow/example_dags/example_local_kubernetes_executor.py took 0.067 seconds
[2023-11-08T14:41:57.169+0000] {processor.py:157} INFO - Started process (PID=3858) to work on /home/airflow/.local/lib/python3.11/site-packages/airflow/example_dags/example_local_kubernetes_executor.py
[2023-11-08T14:41:57.170+0000] {processor.py:829} INFO - Processing file /home/airflow/.local/lib/python3.11/site-packages/airflow/example_dags/example_local_kubernetes_executor.py for tasks to queue
[2023-11-08T14:41:57.172+0000] {logging_mixin.py:154} INFO - [2023-11-08T14:41:57.171+0000] {dagbag.py:536} INFO - Filling up the DagBag from /home/airflow/.local/lib/python3.11/site-packages/airflow/example_dags/example_local_kubernetes_executor.py
[2023-11-08T14:41:57.177+0000] {processor.py:839} INFO - DAG(s) dict_keys(['example_local_kubernetes_executor']) retrieved from /home/airflow/.local/lib/python3.11/site-packages/airflow/example_dags/example_local_kubernetes_executor.py
[2023-11-08T14:41:57.207+0000] {logging_mixin.py:154} INFO - [2023-11-08T14:41:57.207+0000] {dag.py:2941} INFO - Sync 1 DAGs
[2023-11-08T14:41:57.217+0000] {logging_mixin.py:154} INFO - [2023-11-08T14:41:57.217+0000] {dag.py:3722} INFO - Setting next_dagrun for example_local_kubernetes_executor to None, run_after=None
[2023-11-08T14:41:57.231+0000] {processor.py:179} INFO - Processing /home/airflow/.local/lib/python3.11/site-packages/airflow/example_dags/example_local_kubernetes_executor.py took 0.064 seconds
[2023-11-08T14:42:27.413+0000] {processor.py:157} INFO - Started process (PID=3934) to work on /home/airflow/.local/lib/python3.11/site-packages/airflow/example_dags/example_local_kubernetes_executor.py
[2023-11-08T14:42:27.414+0000] {processor.py:829} INFO - Processing file /home/airflow/.local/lib/python3.11/site-packages/airflow/example_dags/example_local_kubernetes_executor.py for tasks to queue
[2023-11-08T14:42:27.415+0000] {logging_mixin.py:154} INFO - [2023-11-08T14:42:27.415+0000] {dagbag.py:536} INFO - Filling up the DagBag from /home/airflow/.local/lib/python3.11/site-packages/airflow/example_dags/example_local_kubernetes_executor.py
[2023-11-08T14:42:27.420+0000] {processor.py:839} INFO - DAG(s) dict_keys(['example_local_kubernetes_executor']) retrieved from /home/airflow/.local/lib/python3.11/site-packages/airflow/example_dags/example_local_kubernetes_executor.py
[2023-11-08T14:42:27.445+0000] {logging_mixin.py:154} INFO - [2023-11-08T14:42:27.445+0000] {dag.py:2941} INFO - Sync 1 DAGs
[2023-11-08T14:42:27.455+0000] {logging_mixin.py:154} INFO - [2023-11-08T14:42:27.455+0000] {dag.py:3722} INFO - Setting next_dagrun for example_local_kubernetes_executor to None, run_after=None
[2023-11-08T14:42:27.469+0000] {processor.py:179} INFO - Processing /home/airflow/.local/lib/python3.11/site-packages/airflow/example_dags/example_local_kubernetes_executor.py took 0.059 seconds
[2023-11-08T14:42:57.913+0000] {processor.py:157} INFO - Started process (PID=4010) to work on /home/airflow/.local/lib/python3.11/site-packages/airflow/example_dags/example_local_kubernetes_executor.py
[2023-11-08T14:42:57.914+0000] {processor.py:829} INFO - Processing file /home/airflow/.local/lib/python3.11/site-packages/airflow/example_dags/example_local_kubernetes_executor.py for tasks to queue
[2023-11-08T14:42:57.915+0000] {logging_mixin.py:154} INFO - [2023-11-08T14:42:57.915+0000] {dagbag.py:536} INFO - Filling up the DagBag from /home/airflow/.local/lib/python3.11/site-packages/airflow/example_dags/example_local_kubernetes_executor.py
[2023-11-08T14:42:57.920+0000] {processor.py:839} INFO - DAG(s) dict_keys(['example_local_kubernetes_executor']) retrieved from /home/airflow/.local/lib/python3.11/site-packages/airflow/example_dags/example_local_kubernetes_executor.py
[2023-11-08T14:42:57.945+0000] {logging_mixin.py:154} INFO - [2023-11-08T14:42:57.945+0000] {dag.py:2941} INFO - Sync 1 DAGs
[2023-11-08T14:42:57.955+0000] {logging_mixin.py:154} INFO - [2023-11-08T14:42:57.955+0000] {dag.py:3722} INFO - Setting next_dagrun for example_local_kubernetes_executor to None, run_after=None
[2023-11-08T14:42:57.968+0000] {processor.py:179} INFO - Processing /home/airflow/.local/lib/python3.11/site-packages/airflow/example_dags/example_local_kubernetes_executor.py took 0.057 seconds
[2023-11-08T14:43:28.282+0000] {processor.py:157} INFO - Started process (PID=4086) to work on /home/airflow/.local/lib/python3.11/site-packages/airflow/example_dags/example_local_kubernetes_executor.py
[2023-11-08T14:43:28.283+0000] {processor.py:829} INFO - Processing file /home/airflow/.local/lib/python3.11/site-packages/airflow/example_dags/example_local_kubernetes_executor.py for tasks to queue
[2023-11-08T14:43:28.284+0000] {logging_mixin.py:154} INFO - [2023-11-08T14:43:28.284+0000] {dagbag.py:536} INFO - Filling up the DagBag from /home/airflow/.local/lib/python3.11/site-packages/airflow/example_dags/example_local_kubernetes_executor.py
[2023-11-08T14:43:28.289+0000] {processor.py:839} INFO - DAG(s) dict_keys(['example_local_kubernetes_executor']) retrieved from /home/airflow/.local/lib/python3.11/site-packages/airflow/example_dags/example_local_kubernetes_executor.py
[2023-11-08T14:43:28.314+0000] {logging_mixin.py:154} INFO - [2023-11-08T14:43:28.314+0000] {dag.py:2941} INFO - Sync 1 DAGs
[2023-11-08T14:43:28.324+0000] {logging_mixin.py:154} INFO - [2023-11-08T14:43:28.324+0000] {dag.py:3722} INFO - Setting next_dagrun for example_local_kubernetes_executor to None, run_after=None
[2023-11-08T14:43:28.338+0000] {processor.py:179} INFO - Processing /home/airflow/.local/lib/python3.11/site-packages/airflow/example_dags/example_local_kubernetes_executor.py took 0.059 seconds
[2023-11-08T14:43:58.758+0000] {processor.py:157} INFO - Started process (PID=4162) to work on /home/airflow/.local/lib/python3.11/site-packages/airflow/example_dags/example_local_kubernetes_executor.py
[2023-11-08T14:43:58.759+0000] {processor.py:829} INFO - Processing file /home/airflow/.local/lib/python3.11/site-packages/airflow/example_dags/example_local_kubernetes_executor.py for tasks to queue
[2023-11-08T14:43:58.760+0000] {logging_mixin.py:154} INFO - [2023-11-08T14:43:58.760+0000] {dagbag.py:536} INFO - Filling up the DagBag from /home/airflow/.local/lib/python3.11/site-packages/airflow/example_dags/example_local_kubernetes_executor.py
[2023-11-08T14:43:58.765+0000] {processor.py:839} INFO - DAG(s) dict_keys(['example_local_kubernetes_executor']) retrieved from /home/airflow/.local/lib/python3.11/site-packages/airflow/example_dags/example_local_kubernetes_executor.py
[2023-11-08T14:43:58.791+0000] {logging_mixin.py:154} INFO - [2023-11-08T14:43:58.791+0000] {dag.py:2941} INFO - Sync 1 DAGs
[2023-11-08T14:43:58.800+0000] {logging_mixin.py:154} INFO - [2023-11-08T14:43:58.800+0000] {dag.py:3722} INFO - Setting next_dagrun for example_local_kubernetes_executor to None, run_after=None
[2023-11-08T14:43:58.813+0000] {processor.py:179} INFO - Processing /home/airflow/.local/lib/python3.11/site-packages/airflow/example_dags/example_local_kubernetes_executor.py took 0.058 seconds
[2023-11-08T14:44:28.924+0000] {processor.py:157} INFO - Started process (PID=4238) to work on /home/airflow/.local/lib/python3.11/site-packages/airflow/example_dags/example_local_kubernetes_executor.py
[2023-11-08T14:44:28.925+0000] {processor.py:829} INFO - Processing file /home/airflow/.local/lib/python3.11/site-packages/airflow/example_dags/example_local_kubernetes_executor.py for tasks to queue
[2023-11-08T14:44:28.927+0000] {logging_mixin.py:154} INFO - [2023-11-08T14:44:28.926+0000] {dagbag.py:536} INFO - Filling up the DagBag from /home/airflow/.local/lib/python3.11/site-packages/airflow/example_dags/example_local_kubernetes_executor.py
[2023-11-08T14:44:28.932+0000] {processor.py:839} INFO - DAG(s) dict_keys(['example_local_kubernetes_executor']) retrieved from /home/airflow/.local/lib/python3.11/site-packages/airflow/example_dags/example_local_kubernetes_executor.py
[2023-11-08T14:44:28.957+0000] {logging_mixin.py:154} INFO - [2023-11-08T14:44:28.957+0000] {dag.py:2941} INFO - Sync 1 DAGs
[2023-11-08T14:44:28.967+0000] {logging_mixin.py:154} INFO - [2023-11-08T14:44:28.967+0000] {dag.py:3722} INFO - Setting next_dagrun for example_local_kubernetes_executor to None, run_after=None
[2023-11-08T14:44:28.981+0000] {processor.py:179} INFO - Processing /home/airflow/.local/lib/python3.11/site-packages/airflow/example_dags/example_local_kubernetes_executor.py took 0.060 seconds
[2023-11-08T14:44:59.316+0000] {processor.py:157} INFO - Started process (PID=4314) to work on /home/airflow/.local/lib/python3.11/site-packages/airflow/example_dags/example_local_kubernetes_executor.py
[2023-11-08T14:44:59.317+0000] {processor.py:829} INFO - Processing file /home/airflow/.local/lib/python3.11/site-packages/airflow/example_dags/example_local_kubernetes_executor.py for tasks to queue
[2023-11-08T14:44:59.318+0000] {logging_mixin.py:154} INFO - [2023-11-08T14:44:59.318+0000] {dagbag.py:536} INFO - Filling up the DagBag from /home/airflow/.local/lib/python3.11/site-packages/airflow/example_dags/example_local_kubernetes_executor.py
[2023-11-08T14:44:59.323+0000] {processor.py:839} INFO - DAG(s) dict_keys(['example_local_kubernetes_executor']) retrieved from /home/airflow/.local/lib/python3.11/site-packages/airflow/example_dags/example_local_kubernetes_executor.py
[2023-11-08T14:44:59.349+0000] {logging_mixin.py:154} INFO - [2023-11-08T14:44:59.348+0000] {dag.py:2941} INFO - Sync 1 DAGs
[2023-11-08T14:44:59.358+0000] {logging_mixin.py:154} INFO - [2023-11-08T14:44:59.357+0000] {dag.py:3722} INFO - Setting next_dagrun for example_local_kubernetes_executor to None, run_after=None
[2023-11-08T14:44:59.370+0000] {processor.py:179} INFO - Processing /home/airflow/.local/lib/python3.11/site-packages/airflow/example_dags/example_local_kubernetes_executor.py took 0.056 seconds
[2023-11-08T14:45:29.943+0000] {processor.py:157} INFO - Started process (PID=4391) to work on /home/airflow/.local/lib/python3.11/site-packages/airflow/example_dags/example_local_kubernetes_executor.py
[2023-11-08T14:45:29.944+0000] {processor.py:829} INFO - Processing file /home/airflow/.local/lib/python3.11/site-packages/airflow/example_dags/example_local_kubernetes_executor.py for tasks to queue
[2023-11-08T14:45:29.946+0000] {logging_mixin.py:154} INFO - [2023-11-08T14:45:29.945+0000] {dagbag.py:536} INFO - Filling up the DagBag from /home/airflow/.local/lib/python3.11/site-packages/airflow/example_dags/example_local_kubernetes_executor.py
[2023-11-08T14:45:29.950+0000] {processor.py:839} INFO - DAG(s) dict_keys(['example_local_kubernetes_executor']) retrieved from /home/airflow/.local/lib/python3.11/site-packages/airflow/example_dags/example_local_kubernetes_executor.py
[2023-11-08T14:45:29.977+0000] {logging_mixin.py:154} INFO - [2023-11-08T14:45:29.977+0000] {dag.py:2941} INFO - Sync 1 DAGs
[2023-11-08T14:45:29.987+0000] {logging_mixin.py:154} INFO - [2023-11-08T14:45:29.987+0000] {dag.py:3722} INFO - Setting next_dagrun for example_local_kubernetes_executor to None, run_after=None
[2023-11-08T14:45:30.001+0000] {processor.py:179} INFO - Processing /home/airflow/.local/lib/python3.11/site-packages/airflow/example_dags/example_local_kubernetes_executor.py took 0.060 seconds
[2023-11-08T14:46:00.438+0000] {processor.py:157} INFO - Started process (PID=4467) to work on /home/airflow/.local/lib/python3.11/site-packages/airflow/example_dags/example_local_kubernetes_executor.py
[2023-11-08T14:46:00.439+0000] {processor.py:829} INFO - Processing file /home/airflow/.local/lib/python3.11/site-packages/airflow/example_dags/example_local_kubernetes_executor.py for tasks to queue
[2023-11-08T14:46:00.440+0000] {logging_mixin.py:154} INFO - [2023-11-08T14:46:00.440+0000] {dagbag.py:536} INFO - Filling up the DagBag from /home/airflow/.local/lib/python3.11/site-packages/airflow/example_dags/example_local_kubernetes_executor.py
[2023-11-08T14:46:00.445+0000] {processor.py:839} INFO - DAG(s) dict_keys(['example_local_kubernetes_executor']) retrieved from /home/airflow/.local/lib/python3.11/site-packages/airflow/example_dags/example_local_kubernetes_executor.py
[2023-11-08T14:46:00.473+0000] {logging_mixin.py:154} INFO - [2023-11-08T14:46:00.473+0000] {dag.py:2941} INFO - Sync 1 DAGs
[2023-11-08T14:46:00.482+0000] {logging_mixin.py:154} INFO - [2023-11-08T14:46:00.482+0000] {dag.py:3722} INFO - Setting next_dagrun for example_local_kubernetes_executor to None, run_after=None
[2023-11-08T14:46:00.496+0000] {processor.py:179} INFO - Processing /home/airflow/.local/lib/python3.11/site-packages/airflow/example_dags/example_local_kubernetes_executor.py took 0.060 seconds
[2023-11-08T14:46:31.418+0000] {processor.py:157} INFO - Started process (PID=4543) to work on /home/airflow/.local/lib/python3.11/site-packages/airflow/example_dags/example_local_kubernetes_executor.py
[2023-11-08T14:46:31.419+0000] {processor.py:829} INFO - Processing file /home/airflow/.local/lib/python3.11/site-packages/airflow/example_dags/example_local_kubernetes_executor.py for tasks to queue
[2023-11-08T14:46:31.420+0000] {logging_mixin.py:154} INFO - [2023-11-08T14:46:31.420+0000] {dagbag.py:536} INFO - Filling up the DagBag from /home/airflow/.local/lib/python3.11/site-packages/airflow/example_dags/example_local_kubernetes_executor.py
[2023-11-08T14:46:31.426+0000] {processor.py:839} INFO - DAG(s) dict_keys(['example_local_kubernetes_executor']) retrieved from /home/airflow/.local/lib/python3.11/site-packages/airflow/example_dags/example_local_kubernetes_executor.py
[2023-11-08T14:46:31.453+0000] {logging_mixin.py:154} INFO - [2023-11-08T14:46:31.452+0000] {dag.py:2941} INFO - Sync 1 DAGs
[2023-11-08T14:46:31.633+0000] {logging_mixin.py:154} INFO - [2023-11-08T14:46:31.632+0000] {dag.py:3722} INFO - Setting next_dagrun for example_local_kubernetes_executor to None, run_after=None
[2023-11-08T14:46:31.645+0000] {processor.py:179} INFO - Processing /home/airflow/.local/lib/python3.11/site-packages/airflow/example_dags/example_local_kubernetes_executor.py took 0.230 seconds
[2023-11-08T14:47:01.809+0000] {processor.py:157} INFO - Started process (PID=4619) to work on /home/airflow/.local/lib/python3.11/site-packages/airflow/example_dags/example_local_kubernetes_executor.py
[2023-11-08T14:47:01.810+0000] {processor.py:829} INFO - Processing file /home/airflow/.local/lib/python3.11/site-packages/airflow/example_dags/example_local_kubernetes_executor.py for tasks to queue
[2023-11-08T14:47:01.811+0000] {logging_mixin.py:154} INFO - [2023-11-08T14:47:01.811+0000] {dagbag.py:536} INFO - Filling up the DagBag from /home/airflow/.local/lib/python3.11/site-packages/airflow/example_dags/example_local_kubernetes_executor.py
[2023-11-08T14:47:01.816+0000] {processor.py:839} INFO - DAG(s) dict_keys(['example_local_kubernetes_executor']) retrieved from /home/airflow/.local/lib/python3.11/site-packages/airflow/example_dags/example_local_kubernetes_executor.py
[2023-11-08T14:47:01.841+0000] {logging_mixin.py:154} INFO - [2023-11-08T14:47:01.840+0000] {dag.py:2941} INFO - Sync 1 DAGs
[2023-11-08T14:47:01.992+0000] {logging_mixin.py:154} INFO - [2023-11-08T14:47:01.992+0000] {dag.py:3722} INFO - Setting next_dagrun for example_local_kubernetes_executor to None, run_after=None
[2023-11-08T14:47:02.004+0000] {processor.py:179} INFO - Processing /home/airflow/.local/lib/python3.11/site-packages/airflow/example_dags/example_local_kubernetes_executor.py took 0.197 seconds
[2023-11-08T14:47:32.510+0000] {processor.py:157} INFO - Started process (PID=4695) to work on /home/airflow/.local/lib/python3.11/site-packages/airflow/example_dags/example_local_kubernetes_executor.py
[2023-11-08T14:47:32.511+0000] {processor.py:829} INFO - Processing file /home/airflow/.local/lib/python3.11/site-packages/airflow/example_dags/example_local_kubernetes_executor.py for tasks to queue
[2023-11-08T14:47:32.513+0000] {logging_mixin.py:154} INFO - [2023-11-08T14:47:32.513+0000] {dagbag.py:536} INFO - Filling up the DagBag from /home/airflow/.local/lib/python3.11/site-packages/airflow/example_dags/example_local_kubernetes_executor.py
[2023-11-08T14:47:32.523+0000] {processor.py:839} INFO - DAG(s) dict_keys(['example_local_kubernetes_executor']) retrieved from /home/airflow/.local/lib/python3.11/site-packages/airflow/example_dags/example_local_kubernetes_executor.py
[2023-11-08T14:47:32.562+0000] {logging_mixin.py:154} INFO - [2023-11-08T14:47:32.561+0000] {dag.py:2941} INFO - Sync 1 DAGs
[2023-11-08T14:47:32.575+0000] {logging_mixin.py:154} INFO - [2023-11-08T14:47:32.575+0000] {dag.py:3722} INFO - Setting next_dagrun for example_local_kubernetes_executor to None, run_after=None
[2023-11-08T14:47:32.607+0000] {processor.py:179} INFO - Processing /home/airflow/.local/lib/python3.11/site-packages/airflow/example_dags/example_local_kubernetes_executor.py took 0.100 seconds
[2023-11-08T14:48:02.830+0000] {processor.py:157} INFO - Started process (PID=4771) to work on /home/airflow/.local/lib/python3.11/site-packages/airflow/example_dags/example_local_kubernetes_executor.py
[2023-11-08T14:48:02.831+0000] {processor.py:829} INFO - Processing file /home/airflow/.local/lib/python3.11/site-packages/airflow/example_dags/example_local_kubernetes_executor.py for tasks to queue
[2023-11-08T14:48:02.833+0000] {logging_mixin.py:154} INFO - [2023-11-08T14:48:02.833+0000] {dagbag.py:536} INFO - Filling up the DagBag from /home/airflow/.local/lib/python3.11/site-packages/airflow/example_dags/example_local_kubernetes_executor.py
[2023-11-08T14:48:02.839+0000] {processor.py:839} INFO - DAG(s) dict_keys(['example_local_kubernetes_executor']) retrieved from /home/airflow/.local/lib/python3.11/site-packages/airflow/example_dags/example_local_kubernetes_executor.py
[2023-11-08T14:48:02.868+0000] {logging_mixin.py:154} INFO - [2023-11-08T14:48:02.867+0000] {dag.py:2941} INFO - Sync 1 DAGs
[2023-11-08T14:48:02.877+0000] {logging_mixin.py:154} INFO - [2023-11-08T14:48:02.877+0000] {dag.py:3722} INFO - Setting next_dagrun for example_local_kubernetes_executor to None, run_after=None
[2023-11-08T14:48:02.891+0000] {processor.py:179} INFO - Processing /home/airflow/.local/lib/python3.11/site-packages/airflow/example_dags/example_local_kubernetes_executor.py took 0.064 seconds
[2023-11-08T14:48:33.266+0000] {processor.py:157} INFO - Started process (PID=4847) to work on /home/airflow/.local/lib/python3.11/site-packages/airflow/example_dags/example_local_kubernetes_executor.py
[2023-11-08T14:48:33.267+0000] {processor.py:829} INFO - Processing file /home/airflow/.local/lib/python3.11/site-packages/airflow/example_dags/example_local_kubernetes_executor.py for tasks to queue
[2023-11-08T14:48:33.268+0000] {logging_mixin.py:154} INFO - [2023-11-08T14:48:33.268+0000] {dagbag.py:536} INFO - Filling up the DagBag from /home/airflow/.local/lib/python3.11/site-packages/airflow/example_dags/example_local_kubernetes_executor.py
[2023-11-08T14:48:33.273+0000] {processor.py:839} INFO - DAG(s) dict_keys(['example_local_kubernetes_executor']) retrieved from /home/airflow/.local/lib/python3.11/site-packages/airflow/example_dags/example_local_kubernetes_executor.py
[2023-11-08T14:48:33.444+0000] {logging_mixin.py:154} INFO - [2023-11-08T14:48:33.443+0000] {dag.py:2941} INFO - Sync 1 DAGs
[2023-11-08T14:48:33.452+0000] {logging_mixin.py:154} INFO - [2023-11-08T14:48:33.452+0000] {dag.py:3722} INFO - Setting next_dagrun for example_local_kubernetes_executor to None, run_after=None
[2023-11-08T14:48:33.464+0000] {processor.py:179} INFO - Processing /home/airflow/.local/lib/python3.11/site-packages/airflow/example_dags/example_local_kubernetes_executor.py took 0.201 seconds
[2023-11-08T14:49:03.672+0000] {processor.py:157} INFO - Started process (PID=4923) to work on /home/airflow/.local/lib/python3.11/site-packages/airflow/example_dags/example_local_kubernetes_executor.py
[2023-11-08T14:49:03.673+0000] {processor.py:829} INFO - Processing file /home/airflow/.local/lib/python3.11/site-packages/airflow/example_dags/example_local_kubernetes_executor.py for tasks to queue
[2023-11-08T14:49:03.674+0000] {logging_mixin.py:154} INFO - [2023-11-08T14:49:03.674+0000] {dagbag.py:536} INFO - Filling up the DagBag from /home/airflow/.local/lib/python3.11/site-packages/airflow/example_dags/example_local_kubernetes_executor.py
[2023-11-08T14:49:03.679+0000] {processor.py:839} INFO - DAG(s) dict_keys(['example_local_kubernetes_executor']) retrieved from /home/airflow/.local/lib/python3.11/site-packages/airflow/example_dags/example_local_kubernetes_executor.py
[2023-11-08T14:49:03.706+0000] {logging_mixin.py:154} INFO - [2023-11-08T14:49:03.706+0000] {dag.py:2941} INFO - Sync 1 DAGs
[2023-11-08T14:49:03.874+0000] {logging_mixin.py:154} INFO - [2023-11-08T14:49:03.874+0000] {dag.py:3722} INFO - Setting next_dagrun for example_local_kubernetes_executor to None, run_after=None
[2023-11-08T14:49:03.886+0000] {processor.py:179} INFO - Processing /home/airflow/.local/lib/python3.11/site-packages/airflow/example_dags/example_local_kubernetes_executor.py took 0.216 seconds
[2023-11-08T14:49:34.429+0000] {processor.py:157} INFO - Started process (PID=4999) to work on /home/airflow/.local/lib/python3.11/site-packages/airflow/example_dags/example_local_kubernetes_executor.py
[2023-11-08T14:49:34.430+0000] {processor.py:829} INFO - Processing file /home/airflow/.local/lib/python3.11/site-packages/airflow/example_dags/example_local_kubernetes_executor.py for tasks to queue
[2023-11-08T14:49:34.432+0000] {logging_mixin.py:154} INFO - [2023-11-08T14:49:34.431+0000] {dagbag.py:536} INFO - Filling up the DagBag from /home/airflow/.local/lib/python3.11/site-packages/airflow/example_dags/example_local_kubernetes_executor.py
[2023-11-08T14:49:34.437+0000] {processor.py:839} INFO - DAG(s) dict_keys(['example_local_kubernetes_executor']) retrieved from /home/airflow/.local/lib/python3.11/site-packages/airflow/example_dags/example_local_kubernetes_executor.py
[2023-11-08T14:49:34.519+0000] {logging_mixin.py:154} INFO - [2023-11-08T14:49:34.519+0000] {dag.py:2941} INFO - Sync 1 DAGs
[2023-11-08T14:49:34.529+0000] {logging_mixin.py:154} INFO - [2023-11-08T14:49:34.529+0000] {dag.py:3722} INFO - Setting next_dagrun for example_local_kubernetes_executor to None, run_after=None
[2023-11-08T14:49:34.543+0000] {processor.py:179} INFO - Processing /home/airflow/.local/lib/python3.11/site-packages/airflow/example_dags/example_local_kubernetes_executor.py took 0.116 seconds
[2023-11-08T14:50:04.786+0000] {processor.py:157} INFO - Started process (PID=5075) to work on /home/airflow/.local/lib/python3.11/site-packages/airflow/example_dags/example_local_kubernetes_executor.py
[2023-11-08T14:50:04.786+0000] {processor.py:829} INFO - Processing file /home/airflow/.local/lib/python3.11/site-packages/airflow/example_dags/example_local_kubernetes_executor.py for tasks to queue
[2023-11-08T14:50:04.788+0000] {logging_mixin.py:154} INFO - [2023-11-08T14:50:04.788+0000] {dagbag.py:536} INFO - Filling up the DagBag from /home/airflow/.local/lib/python3.11/site-packages/airflow/example_dags/example_local_kubernetes_executor.py
[2023-11-08T14:50:04.793+0000] {processor.py:839} INFO - DAG(s) dict_keys(['example_local_kubernetes_executor']) retrieved from /home/airflow/.local/lib/python3.11/site-packages/airflow/example_dags/example_local_kubernetes_executor.py
[2023-11-08T14:50:04.823+0000] {logging_mixin.py:154} INFO - [2023-11-08T14:50:04.823+0000] {dag.py:2941} INFO - Sync 1 DAGs
[2023-11-08T14:50:04.834+0000] {logging_mixin.py:154} INFO - [2023-11-08T14:50:04.834+0000] {dag.py:3722} INFO - Setting next_dagrun for example_local_kubernetes_executor to None, run_after=None
[2023-11-08T14:50:04.850+0000] {processor.py:179} INFO - Processing /home/airflow/.local/lib/python3.11/site-packages/airflow/example_dags/example_local_kubernetes_executor.py took 0.067 seconds
[2023-11-08T14:50:34.960+0000] {processor.py:157} INFO - Started process (PID=5151) to work on /home/airflow/.local/lib/python3.11/site-packages/airflow/example_dags/example_local_kubernetes_executor.py
[2023-11-08T14:50:34.961+0000] {processor.py:829} INFO - Processing file /home/airflow/.local/lib/python3.11/site-packages/airflow/example_dags/example_local_kubernetes_executor.py for tasks to queue
[2023-11-08T14:50:34.962+0000] {logging_mixin.py:154} INFO - [2023-11-08T14:50:34.962+0000] {dagbag.py:536} INFO - Filling up the DagBag from /home/airflow/.local/lib/python3.11/site-packages/airflow/example_dags/example_local_kubernetes_executor.py
[2023-11-08T14:50:34.967+0000] {processor.py:839} INFO - DAG(s) dict_keys(['example_local_kubernetes_executor']) retrieved from /home/airflow/.local/lib/python3.11/site-packages/airflow/example_dags/example_local_kubernetes_executor.py
[2023-11-08T14:50:34.994+0000] {logging_mixin.py:154} INFO - [2023-11-08T14:50:34.994+0000] {dag.py:2941} INFO - Sync 1 DAGs
[2023-11-08T14:50:35.003+0000] {logging_mixin.py:154} INFO - [2023-11-08T14:50:35.003+0000] {dag.py:3722} INFO - Setting next_dagrun for example_local_kubernetes_executor to None, run_after=None
[2023-11-08T14:50:35.017+0000] {processor.py:179} INFO - Processing /home/airflow/.local/lib/python3.11/site-packages/airflow/example_dags/example_local_kubernetes_executor.py took 0.059 seconds
[2023-11-08T14:51:05.375+0000] {processor.py:157} INFO - Started process (PID=5227) to work on /home/airflow/.local/lib/python3.11/site-packages/airflow/example_dags/example_local_kubernetes_executor.py
[2023-11-08T14:51:05.375+0000] {processor.py:829} INFO - Processing file /home/airflow/.local/lib/python3.11/site-packages/airflow/example_dags/example_local_kubernetes_executor.py for tasks to queue
[2023-11-08T14:51:05.377+0000] {logging_mixin.py:154} INFO - [2023-11-08T14:51:05.377+0000] {dagbag.py:536} INFO - Filling up the DagBag from /home/airflow/.local/lib/python3.11/site-packages/airflow/example_dags/example_local_kubernetes_executor.py
[2023-11-08T14:51:05.382+0000] {processor.py:839} INFO - DAG(s) dict_keys(['example_local_kubernetes_executor']) retrieved from /home/airflow/.local/lib/python3.11/site-packages/airflow/example_dags/example_local_kubernetes_executor.py
[2023-11-08T14:51:05.409+0000] {logging_mixin.py:154} INFO - [2023-11-08T14:51:05.409+0000] {dag.py:2941} INFO - Sync 1 DAGs
[2023-11-08T14:51:05.419+0000] {logging_mixin.py:154} INFO - [2023-11-08T14:51:05.419+0000] {dag.py:3722} INFO - Setting next_dagrun for example_local_kubernetes_executor to None, run_after=None
[2023-11-08T14:51:05.433+0000] {processor.py:179} INFO - Processing /home/airflow/.local/lib/python3.11/site-packages/airflow/example_dags/example_local_kubernetes_executor.py took 0.060 seconds
[2023-11-08T14:51:35.821+0000] {processor.py:157} INFO - Started process (PID=5303) to work on /home/airflow/.local/lib/python3.11/site-packages/airflow/example_dags/example_local_kubernetes_executor.py
[2023-11-08T14:51:35.822+0000] {processor.py:829} INFO - Processing file /home/airflow/.local/lib/python3.11/site-packages/airflow/example_dags/example_local_kubernetes_executor.py for tasks to queue
[2023-11-08T14:51:35.824+0000] {logging_mixin.py:154} INFO - [2023-11-08T14:51:35.824+0000] {dagbag.py:536} INFO - Filling up the DagBag from /home/airflow/.local/lib/python3.11/site-packages/airflow/example_dags/example_local_kubernetes_executor.py
[2023-11-08T14:51:35.830+0000] {processor.py:839} INFO - DAG(s) dict_keys(['example_local_kubernetes_executor']) retrieved from /home/airflow/.local/lib/python3.11/site-packages/airflow/example_dags/example_local_kubernetes_executor.py
[2023-11-08T14:51:35.862+0000] {logging_mixin.py:154} INFO - [2023-11-08T14:51:35.862+0000] {dag.py:2941} INFO - Sync 1 DAGs
[2023-11-08T14:51:35.876+0000] {logging_mixin.py:154} INFO - [2023-11-08T14:51:35.876+0000] {dag.py:3722} INFO - Setting next_dagrun for example_local_kubernetes_executor to None, run_after=None
[2023-11-08T14:51:35.895+0000] {processor.py:179} INFO - Processing /home/airflow/.local/lib/python3.11/site-packages/airflow/example_dags/example_local_kubernetes_executor.py took 0.077 seconds
[2023-11-08T14:52:05.969+0000] {processor.py:157} INFO - Started process (PID=5379) to work on /home/airflow/.local/lib/python3.11/site-packages/airflow/example_dags/example_local_kubernetes_executor.py
[2023-11-08T14:52:05.970+0000] {processor.py:829} INFO - Processing file /home/airflow/.local/lib/python3.11/site-packages/airflow/example_dags/example_local_kubernetes_executor.py for tasks to queue
[2023-11-08T14:52:05.972+0000] {logging_mixin.py:154} INFO - [2023-11-08T14:52:05.972+0000] {dagbag.py:536} INFO - Filling up the DagBag from /home/airflow/.local/lib/python3.11/site-packages/airflow/example_dags/example_local_kubernetes_executor.py
[2023-11-08T14:52:05.979+0000] {processor.py:839} INFO - DAG(s) dict_keys(['example_local_kubernetes_executor']) retrieved from /home/airflow/.local/lib/python3.11/site-packages/airflow/example_dags/example_local_kubernetes_executor.py
[2023-11-08T14:52:06.009+0000] {logging_mixin.py:154} INFO - [2023-11-08T14:52:06.008+0000] {dag.py:2941} INFO - Sync 1 DAGs
[2023-11-08T14:52:06.019+0000] {logging_mixin.py:154} INFO - [2023-11-08T14:52:06.019+0000] {dag.py:3722} INFO - Setting next_dagrun for example_local_kubernetes_executor to None, run_after=None
[2023-11-08T14:52:06.033+0000] {processor.py:179} INFO - Processing /home/airflow/.local/lib/python3.11/site-packages/airflow/example_dags/example_local_kubernetes_executor.py took 0.067 seconds
