[2023-11-08T14:16:23.637+0000] {processor.py:157} INFO - Started process (PID=84) to work on /home/airflow/.local/lib/python3.11/site-packages/airflow/example_dags/example_sensor_decorator.py
[2023-11-08T14:16:23.638+0000] {processor.py:829} INFO - Processing file /home/airflow/.local/lib/python3.11/site-packages/airflow/example_dags/example_sensor_decorator.py for tasks to queue
[2023-11-08T14:16:23.642+0000] {logging_mixin.py:154} INFO - [2023-11-08T14:16:23.641+0000] {dagbag.py:536} INFO - Filling up the DagBag from /home/airflow/.local/lib/python3.11/site-packages/airflow/example_dags/example_sensor_decorator.py
[2023-11-08T14:16:23.661+0000] {processor.py:839} INFO - DAG(s) dict_keys(['example_sensor_decorator']) retrieved from /home/airflow/.local/lib/python3.11/site-packages/airflow/example_dags/example_sensor_decorator.py
[2023-11-08T14:16:24.017+0000] {logging_mixin.py:154} INFO - [2023-11-08T14:16:24.016+0000] {manager.py:499} INFO - Created Permission View: %s
[2023-11-08T14:16:24.054+0000] {logging_mixin.py:154} INFO - [2023-11-08T14:16:24.054+0000] {manager.py:499} INFO - Created Permission View: %s
[2023-11-08T14:16:24.085+0000] {logging_mixin.py:154} INFO - [2023-11-08T14:16:24.085+0000] {manager.py:499} INFO - Created Permission View: %s
[2023-11-08T14:16:24.087+0000] {logging_mixin.py:154} INFO - [2023-11-08T14:16:24.086+0000] {dag.py:2941} INFO - Sync 1 DAGs
[2023-11-08T14:16:24.124+0000] {logging_mixin.py:154} INFO - [2023-11-08T14:16:24.123+0000] {dag.py:2963} INFO - Creating ORM DAG for example_sensor_decorator
[2023-11-08T14:16:24.127+0000] {logging_mixin.py:154} INFO - [2023-11-08T14:16:24.127+0000] {dag.py:3722} INFO - Setting next_dagrun for example_sensor_decorator to None, run_after=None
[2023-11-08T14:16:24.190+0000] {processor.py:179} INFO - Processing /home/airflow/.local/lib/python3.11/site-packages/airflow/example_dags/example_sensor_decorator.py took 0.563 seconds
[2023-11-08T14:16:54.446+0000] {processor.py:157} INFO - Started process (PID=160) to work on /home/airflow/.local/lib/python3.11/site-packages/airflow/example_dags/example_sensor_decorator.py
[2023-11-08T14:16:54.448+0000] {processor.py:829} INFO - Processing file /home/airflow/.local/lib/python3.11/site-packages/airflow/example_dags/example_sensor_decorator.py for tasks to queue
[2023-11-08T14:16:54.450+0000] {logging_mixin.py:154} INFO - [2023-11-08T14:16:54.450+0000] {dagbag.py:536} INFO - Filling up the DagBag from /home/airflow/.local/lib/python3.11/site-packages/airflow/example_dags/example_sensor_decorator.py
[2023-11-08T14:16:54.458+0000] {processor.py:839} INFO - DAG(s) dict_keys(['example_sensor_decorator']) retrieved from /home/airflow/.local/lib/python3.11/site-packages/airflow/example_dags/example_sensor_decorator.py
[2023-11-08T14:16:54.490+0000] {logging_mixin.py:154} INFO - [2023-11-08T14:16:54.489+0000] {dag.py:2941} INFO - Sync 1 DAGs
[2023-11-08T14:16:54.512+0000] {logging_mixin.py:154} INFO - [2023-11-08T14:16:54.512+0000] {dag.py:3722} INFO - Setting next_dagrun for example_sensor_decorator to None, run_after=None
[2023-11-08T14:16:54.545+0000] {processor.py:179} INFO - Processing /home/airflow/.local/lib/python3.11/site-packages/airflow/example_dags/example_sensor_decorator.py took 0.104 seconds
[2023-11-08T14:17:25.249+0000] {processor.py:157} INFO - Started process (PID=243) to work on /home/airflow/.local/lib/python3.11/site-packages/airflow/example_dags/example_sensor_decorator.py
[2023-11-08T14:17:25.251+0000] {processor.py:829} INFO - Processing file /home/airflow/.local/lib/python3.11/site-packages/airflow/example_dags/example_sensor_decorator.py for tasks to queue
[2023-11-08T14:17:25.254+0000] {logging_mixin.py:154} INFO - [2023-11-08T14:17:25.253+0000] {dagbag.py:536} INFO - Filling up the DagBag from /home/airflow/.local/lib/python3.11/site-packages/airflow/example_dags/example_sensor_decorator.py
[2023-11-08T14:17:25.262+0000] {processor.py:839} INFO - DAG(s) dict_keys(['example_sensor_decorator']) retrieved from /home/airflow/.local/lib/python3.11/site-packages/airflow/example_dags/example_sensor_decorator.py
[2023-11-08T14:17:25.297+0000] {logging_mixin.py:154} INFO - [2023-11-08T14:17:25.297+0000] {dag.py:2941} INFO - Sync 1 DAGs
[2023-11-08T14:17:25.319+0000] {logging_mixin.py:154} INFO - [2023-11-08T14:17:25.319+0000] {dag.py:3722} INFO - Setting next_dagrun for example_sensor_decorator to None, run_after=None
[2023-11-08T14:17:25.354+0000] {processor.py:179} INFO - Processing /home/airflow/.local/lib/python3.11/site-packages/airflow/example_dags/example_sensor_decorator.py took 0.110 seconds
[2023-11-08T14:17:56.301+0000] {processor.py:157} INFO - Started process (PID=319) to work on /home/airflow/.local/lib/python3.11/site-packages/airflow/example_dags/example_sensor_decorator.py
[2023-11-08T14:17:56.302+0000] {processor.py:829} INFO - Processing file /home/airflow/.local/lib/python3.11/site-packages/airflow/example_dags/example_sensor_decorator.py for tasks to queue
[2023-11-08T14:17:56.305+0000] {logging_mixin.py:154} INFO - [2023-11-08T14:17:56.304+0000] {dagbag.py:536} INFO - Filling up the DagBag from /home/airflow/.local/lib/python3.11/site-packages/airflow/example_dags/example_sensor_decorator.py
[2023-11-08T14:17:56.314+0000] {processor.py:839} INFO - DAG(s) dict_keys(['example_sensor_decorator']) retrieved from /home/airflow/.local/lib/python3.11/site-packages/airflow/example_dags/example_sensor_decorator.py
[2023-11-08T14:17:56.348+0000] {logging_mixin.py:154} INFO - [2023-11-08T14:17:56.348+0000] {dag.py:2941} INFO - Sync 1 DAGs
[2023-11-08T14:17:56.372+0000] {logging_mixin.py:154} INFO - [2023-11-08T14:17:56.371+0000] {dag.py:3722} INFO - Setting next_dagrun for example_sensor_decorator to None, run_after=None
[2023-11-08T14:17:56.405+0000] {processor.py:179} INFO - Processing /home/airflow/.local/lib/python3.11/site-packages/airflow/example_dags/example_sensor_decorator.py took 0.109 seconds
[2023-11-08T14:18:27.311+0000] {processor.py:157} INFO - Started process (PID=395) to work on /home/airflow/.local/lib/python3.11/site-packages/airflow/example_dags/example_sensor_decorator.py
[2023-11-08T14:18:27.315+0000] {processor.py:829} INFO - Processing file /home/airflow/.local/lib/python3.11/site-packages/airflow/example_dags/example_sensor_decorator.py for tasks to queue
[2023-11-08T14:18:27.321+0000] {logging_mixin.py:154} INFO - [2023-11-08T14:18:27.320+0000] {dagbag.py:536} INFO - Filling up the DagBag from /home/airflow/.local/lib/python3.11/site-packages/airflow/example_dags/example_sensor_decorator.py
[2023-11-08T14:18:27.343+0000] {processor.py:839} INFO - DAG(s) dict_keys(['example_sensor_decorator']) retrieved from /home/airflow/.local/lib/python3.11/site-packages/airflow/example_dags/example_sensor_decorator.py
[2023-11-08T14:18:27.397+0000] {logging_mixin.py:154} INFO - [2023-11-08T14:18:27.396+0000] {dag.py:2941} INFO - Sync 1 DAGs
[2023-11-08T14:18:27.444+0000] {logging_mixin.py:154} INFO - [2023-11-08T14:18:27.444+0000] {dag.py:3722} INFO - Setting next_dagrun for example_sensor_decorator to None, run_after=None
[2023-11-08T14:18:27.519+0000] {processor.py:179} INFO - Processing /home/airflow/.local/lib/python3.11/site-packages/airflow/example_dags/example_sensor_decorator.py took 0.216 seconds
[2023-11-08T14:18:58.441+0000] {processor.py:157} INFO - Started process (PID=471) to work on /home/airflow/.local/lib/python3.11/site-packages/airflow/example_dags/example_sensor_decorator.py
[2023-11-08T14:18:58.443+0000] {processor.py:829} INFO - Processing file /home/airflow/.local/lib/python3.11/site-packages/airflow/example_dags/example_sensor_decorator.py for tasks to queue
[2023-11-08T14:18:58.448+0000] {logging_mixin.py:154} INFO - [2023-11-08T14:18:58.447+0000] {dagbag.py:536} INFO - Filling up the DagBag from /home/airflow/.local/lib/python3.11/site-packages/airflow/example_dags/example_sensor_decorator.py
[2023-11-08T14:18:58.487+0000] {processor.py:839} INFO - DAG(s) dict_keys(['example_sensor_decorator']) retrieved from /home/airflow/.local/lib/python3.11/site-packages/airflow/example_dags/example_sensor_decorator.py
[2023-11-08T14:18:58.587+0000] {logging_mixin.py:154} INFO - [2023-11-08T14:18:58.587+0000] {dag.py:2941} INFO - Sync 1 DAGs
[2023-11-08T14:18:58.636+0000] {logging_mixin.py:154} INFO - [2023-11-08T14:18:58.636+0000] {dag.py:3722} INFO - Setting next_dagrun for example_sensor_decorator to None, run_after=None
[2023-11-08T14:18:58.825+0000] {processor.py:179} INFO - Processing /home/airflow/.local/lib/python3.11/site-packages/airflow/example_dags/example_sensor_decorator.py took 0.395 seconds
[2023-11-08T14:19:38.003+0000] {processor.py:157} INFO - Started process (PID=547) to work on /home/airflow/.local/lib/python3.11/site-packages/airflow/example_dags/example_sensor_decorator.py
[2023-11-08T14:19:38.008+0000] {processor.py:829} INFO - Processing file /home/airflow/.local/lib/python3.11/site-packages/airflow/example_dags/example_sensor_decorator.py for tasks to queue
[2023-11-08T14:19:38.014+0000] {logging_mixin.py:154} INFO - [2023-11-08T14:19:38.013+0000] {dagbag.py:536} INFO - Filling up the DagBag from /home/airflow/.local/lib/python3.11/site-packages/airflow/example_dags/example_sensor_decorator.py
[2023-11-08T14:19:38.031+0000] {processor.py:839} INFO - DAG(s) dict_keys(['example_sensor_decorator']) retrieved from /home/airflow/.local/lib/python3.11/site-packages/airflow/example_dags/example_sensor_decorator.py
[2023-11-08T14:19:38.107+0000] {logging_mixin.py:154} INFO - [2023-11-08T14:19:38.106+0000] {dag.py:2941} INFO - Sync 1 DAGs
[2023-11-08T14:19:38.170+0000] {logging_mixin.py:154} INFO - [2023-11-08T14:19:38.169+0000] {dag.py:3722} INFO - Setting next_dagrun for example_sensor_decorator to None, run_after=None
[2023-11-08T14:19:38.249+0000] {processor.py:179} INFO - Processing /home/airflow/.local/lib/python3.11/site-packages/airflow/example_dags/example_sensor_decorator.py took 0.254 seconds
[2023-11-08T14:20:08.704+0000] {processor.py:157} INFO - Started process (PID=624) to work on /home/airflow/.local/lib/python3.11/site-packages/airflow/example_dags/example_sensor_decorator.py
[2023-11-08T14:20:08.705+0000] {processor.py:829} INFO - Processing file /home/airflow/.local/lib/python3.11/site-packages/airflow/example_dags/example_sensor_decorator.py for tasks to queue
[2023-11-08T14:20:08.708+0000] {logging_mixin.py:154} INFO - [2023-11-08T14:20:08.708+0000] {dagbag.py:536} INFO - Filling up the DagBag from /home/airflow/.local/lib/python3.11/site-packages/airflow/example_dags/example_sensor_decorator.py
[2023-11-08T14:20:08.718+0000] {processor.py:839} INFO - DAG(s) dict_keys(['example_sensor_decorator']) retrieved from /home/airflow/.local/lib/python3.11/site-packages/airflow/example_dags/example_sensor_decorator.py
[2023-11-08T14:20:08.751+0000] {logging_mixin.py:154} INFO - [2023-11-08T14:20:08.751+0000] {dag.py:2941} INFO - Sync 1 DAGs
[2023-11-08T14:20:08.775+0000] {logging_mixin.py:154} INFO - [2023-11-08T14:20:08.775+0000] {dag.py:3722} INFO - Setting next_dagrun for example_sensor_decorator to None, run_after=None
[2023-11-08T14:20:08.809+0000] {processor.py:179} INFO - Processing /home/airflow/.local/lib/python3.11/site-packages/airflow/example_dags/example_sensor_decorator.py took 0.110 seconds
[2023-11-08T14:20:39.717+0000] {processor.py:157} INFO - Started process (PID=700) to work on /home/airflow/.local/lib/python3.11/site-packages/airflow/example_dags/example_sensor_decorator.py
[2023-11-08T14:20:39.721+0000] {processor.py:829} INFO - Processing file /home/airflow/.local/lib/python3.11/site-packages/airflow/example_dags/example_sensor_decorator.py for tasks to queue
[2023-11-08T14:20:39.727+0000] {logging_mixin.py:154} INFO - [2023-11-08T14:20:39.726+0000] {dagbag.py:536} INFO - Filling up the DagBag from /home/airflow/.local/lib/python3.11/site-packages/airflow/example_dags/example_sensor_decorator.py
[2023-11-08T14:20:39.744+0000] {processor.py:839} INFO - DAG(s) dict_keys(['example_sensor_decorator']) retrieved from /home/airflow/.local/lib/python3.11/site-packages/airflow/example_dags/example_sensor_decorator.py
[2023-11-08T14:20:39.797+0000] {logging_mixin.py:154} INFO - [2023-11-08T14:20:39.796+0000] {dag.py:2941} INFO - Sync 1 DAGs
[2023-11-08T14:20:39.837+0000] {logging_mixin.py:154} INFO - [2023-11-08T14:20:39.837+0000] {dag.py:3722} INFO - Setting next_dagrun for example_sensor_decorator to None, run_after=None
[2023-11-08T14:20:39.890+0000] {processor.py:179} INFO - Processing /home/airflow/.local/lib/python3.11/site-packages/airflow/example_dags/example_sensor_decorator.py took 0.181 seconds
[2023-11-08T14:21:10.330+0000] {processor.py:157} INFO - Started process (PID=776) to work on /home/airflow/.local/lib/python3.11/site-packages/airflow/example_dags/example_sensor_decorator.py
[2023-11-08T14:21:10.332+0000] {processor.py:829} INFO - Processing file /home/airflow/.local/lib/python3.11/site-packages/airflow/example_dags/example_sensor_decorator.py for tasks to queue
[2023-11-08T14:21:10.341+0000] {logging_mixin.py:154} INFO - [2023-11-08T14:21:10.340+0000] {dagbag.py:536} INFO - Filling up the DagBag from /home/airflow/.local/lib/python3.11/site-packages/airflow/example_dags/example_sensor_decorator.py
[2023-11-08T14:21:10.361+0000] {processor.py:839} INFO - DAG(s) dict_keys(['example_sensor_decorator']) retrieved from /home/airflow/.local/lib/python3.11/site-packages/airflow/example_dags/example_sensor_decorator.py
[2023-11-08T14:21:10.418+0000] {logging_mixin.py:154} INFO - [2023-11-08T14:21:10.418+0000] {dag.py:2941} INFO - Sync 1 DAGs
[2023-11-08T14:21:10.467+0000] {logging_mixin.py:154} INFO - [2023-11-08T14:21:10.467+0000] {dag.py:3722} INFO - Setting next_dagrun for example_sensor_decorator to None, run_after=None
[2023-11-08T14:21:10.536+0000] {processor.py:179} INFO - Processing /home/airflow/.local/lib/python3.11/site-packages/airflow/example_dags/example_sensor_decorator.py took 0.212 seconds
[2023-11-08T14:21:41.072+0000] {processor.py:157} INFO - Started process (PID=850) to work on /home/airflow/.local/lib/python3.11/site-packages/airflow/example_dags/example_sensor_decorator.py
[2023-11-08T14:21:41.075+0000] {processor.py:829} INFO - Processing file /home/airflow/.local/lib/python3.11/site-packages/airflow/example_dags/example_sensor_decorator.py for tasks to queue
[2023-11-08T14:21:41.078+0000] {logging_mixin.py:154} INFO - [2023-11-08T14:21:41.078+0000] {dagbag.py:536} INFO - Filling up the DagBag from /home/airflow/.local/lib/python3.11/site-packages/airflow/example_dags/example_sensor_decorator.py
[2023-11-08T14:21:41.090+0000] {processor.py:839} INFO - DAG(s) dict_keys(['example_sensor_decorator']) retrieved from /home/airflow/.local/lib/python3.11/site-packages/airflow/example_dags/example_sensor_decorator.py
[2023-11-08T14:21:41.131+0000] {logging_mixin.py:154} INFO - [2023-11-08T14:21:41.131+0000] {dag.py:2941} INFO - Sync 1 DAGs
[2023-11-08T14:21:41.156+0000] {logging_mixin.py:154} INFO - [2023-11-08T14:21:41.156+0000] {dag.py:3722} INFO - Setting next_dagrun for example_sensor_decorator to None, run_after=None
[2023-11-08T14:21:41.198+0000] {processor.py:179} INFO - Processing /home/airflow/.local/lib/python3.11/site-packages/airflow/example_dags/example_sensor_decorator.py took 0.131 seconds
[2023-11-08T14:22:11.970+0000] {processor.py:157} INFO - Started process (PID=926) to work on /home/airflow/.local/lib/python3.11/site-packages/airflow/example_dags/example_sensor_decorator.py
[2023-11-08T14:22:11.972+0000] {processor.py:829} INFO - Processing file /home/airflow/.local/lib/python3.11/site-packages/airflow/example_dags/example_sensor_decorator.py for tasks to queue
[2023-11-08T14:22:11.975+0000] {logging_mixin.py:154} INFO - [2023-11-08T14:22:11.974+0000] {dagbag.py:536} INFO - Filling up the DagBag from /home/airflow/.local/lib/python3.11/site-packages/airflow/example_dags/example_sensor_decorator.py
[2023-11-08T14:22:11.985+0000] {processor.py:839} INFO - DAG(s) dict_keys(['example_sensor_decorator']) retrieved from /home/airflow/.local/lib/python3.11/site-packages/airflow/example_dags/example_sensor_decorator.py
[2023-11-08T14:22:12.018+0000] {logging_mixin.py:154} INFO - [2023-11-08T14:22:12.017+0000] {dag.py:2941} INFO - Sync 1 DAGs
[2023-11-08T14:22:12.060+0000] {logging_mixin.py:154} INFO - [2023-11-08T14:22:12.059+0000] {dag.py:3722} INFO - Setting next_dagrun for example_sensor_decorator to None, run_after=None
[2023-11-08T14:22:12.101+0000] {processor.py:179} INFO - Processing /home/airflow/.local/lib/python3.11/site-packages/airflow/example_dags/example_sensor_decorator.py took 0.136 seconds
[2023-11-08T14:22:42.256+0000] {processor.py:157} INFO - Started process (PID=1002) to work on /home/airflow/.local/lib/python3.11/site-packages/airflow/example_dags/example_sensor_decorator.py
[2023-11-08T14:22:42.258+0000] {processor.py:829} INFO - Processing file /home/airflow/.local/lib/python3.11/site-packages/airflow/example_dags/example_sensor_decorator.py for tasks to queue
[2023-11-08T14:22:42.261+0000] {logging_mixin.py:154} INFO - [2023-11-08T14:22:42.261+0000] {dagbag.py:536} INFO - Filling up the DagBag from /home/airflow/.local/lib/python3.11/site-packages/airflow/example_dags/example_sensor_decorator.py
[2023-11-08T14:22:42.273+0000] {processor.py:839} INFO - DAG(s) dict_keys(['example_sensor_decorator']) retrieved from /home/airflow/.local/lib/python3.11/site-packages/airflow/example_dags/example_sensor_decorator.py
[2023-11-08T14:22:42.308+0000] {logging_mixin.py:154} INFO - [2023-11-08T14:22:42.307+0000] {dag.py:2941} INFO - Sync 1 DAGs
[2023-11-08T14:22:42.332+0000] {logging_mixin.py:154} INFO - [2023-11-08T14:22:42.332+0000] {dag.py:3722} INFO - Setting next_dagrun for example_sensor_decorator to None, run_after=None
[2023-11-08T14:22:42.372+0000] {processor.py:179} INFO - Processing /home/airflow/.local/lib/python3.11/site-packages/airflow/example_dags/example_sensor_decorator.py took 0.120 seconds
[2023-11-08T14:23:12.460+0000] {processor.py:157} INFO - Started process (PID=1078) to work on /home/airflow/.local/lib/python3.11/site-packages/airflow/example_dags/example_sensor_decorator.py
[2023-11-08T14:23:12.462+0000] {processor.py:829} INFO - Processing file /home/airflow/.local/lib/python3.11/site-packages/airflow/example_dags/example_sensor_decorator.py for tasks to queue
[2023-11-08T14:23:12.465+0000] {logging_mixin.py:154} INFO - [2023-11-08T14:23:12.464+0000] {dagbag.py:536} INFO - Filling up the DagBag from /home/airflow/.local/lib/python3.11/site-packages/airflow/example_dags/example_sensor_decorator.py
[2023-11-08T14:23:12.478+0000] {processor.py:839} INFO - DAG(s) dict_keys(['example_sensor_decorator']) retrieved from /home/airflow/.local/lib/python3.11/site-packages/airflow/example_dags/example_sensor_decorator.py
[2023-11-08T14:23:12.529+0000] {logging_mixin.py:154} INFO - [2023-11-08T14:23:12.529+0000] {dag.py:2941} INFO - Sync 1 DAGs
[2023-11-08T14:23:12.555+0000] {logging_mixin.py:154} INFO - [2023-11-08T14:23:12.554+0000] {dag.py:3722} INFO - Setting next_dagrun for example_sensor_decorator to None, run_after=None
[2023-11-08T14:23:12.599+0000] {processor.py:179} INFO - Processing /home/airflow/.local/lib/python3.11/site-packages/airflow/example_dags/example_sensor_decorator.py took 0.143 seconds
[2023-11-08T14:23:56.567+0000] {processor.py:157} INFO - Started process (PID=1154) to work on /home/airflow/.local/lib/python3.11/site-packages/airflow/example_dags/example_sensor_decorator.py
[2023-11-08T14:23:56.571+0000] {processor.py:829} INFO - Processing file /home/airflow/.local/lib/python3.11/site-packages/airflow/example_dags/example_sensor_decorator.py for tasks to queue
[2023-11-08T14:23:56.575+0000] {logging_mixin.py:154} INFO - [2023-11-08T14:23:56.574+0000] {dagbag.py:536} INFO - Filling up the DagBag from /home/airflow/.local/lib/python3.11/site-packages/airflow/example_dags/example_sensor_decorator.py
[2023-11-08T14:23:56.594+0000] {processor.py:839} INFO - DAG(s) dict_keys(['example_sensor_decorator']) retrieved from /home/airflow/.local/lib/python3.11/site-packages/airflow/example_dags/example_sensor_decorator.py
[2023-11-08T14:23:56.720+0000] {logging_mixin.py:154} INFO - [2023-11-08T14:23:56.720+0000] {dag.py:2941} INFO - Sync 1 DAGs
[2023-11-08T14:23:56.768+0000] {logging_mixin.py:154} INFO - [2023-11-08T14:23:56.768+0000] {dag.py:3722} INFO - Setting next_dagrun for example_sensor_decorator to None, run_after=None
[2023-11-08T14:23:56.854+0000] {processor.py:179} INFO - Processing /home/airflow/.local/lib/python3.11/site-packages/airflow/example_dags/example_sensor_decorator.py took 0.299 seconds
[2023-11-08T14:24:31.485+0000] {processor.py:157} INFO - Started process (PID=1237) to work on /home/airflow/.local/lib/python3.11/site-packages/airflow/example_dags/example_sensor_decorator.py
[2023-11-08T14:24:31.488+0000] {processor.py:829} INFO - Processing file /home/airflow/.local/lib/python3.11/site-packages/airflow/example_dags/example_sensor_decorator.py for tasks to queue
[2023-11-08T14:24:31.493+0000] {logging_mixin.py:154} INFO - [2023-11-08T14:24:31.492+0000] {dagbag.py:536} INFO - Filling up the DagBag from /home/airflow/.local/lib/python3.11/site-packages/airflow/example_dags/example_sensor_decorator.py
[2023-11-08T14:24:31.519+0000] {processor.py:839} INFO - DAG(s) dict_keys(['example_sensor_decorator']) retrieved from /home/airflow/.local/lib/python3.11/site-packages/airflow/example_dags/example_sensor_decorator.py
[2023-11-08T14:24:31.775+0000] {logging_mixin.py:154} INFO - [2023-11-08T14:24:31.775+0000] {dag.py:2941} INFO - Sync 1 DAGs
[2023-11-08T14:24:31.876+0000] {logging_mixin.py:154} INFO - [2023-11-08T14:24:31.876+0000] {dag.py:3722} INFO - Setting next_dagrun for example_sensor_decorator to None, run_after=None
[2023-11-08T14:24:31.965+0000] {processor.py:179} INFO - Processing /home/airflow/.local/lib/python3.11/site-packages/airflow/example_dags/example_sensor_decorator.py took 0.491 seconds
[2023-11-08T14:25:02.104+0000] {processor.py:157} INFO - Started process (PID=1313) to work on /home/airflow/.local/lib/python3.11/site-packages/airflow/example_dags/example_sensor_decorator.py
[2023-11-08T14:25:02.105+0000] {processor.py:829} INFO - Processing file /home/airflow/.local/lib/python3.11/site-packages/airflow/example_dags/example_sensor_decorator.py for tasks to queue
[2023-11-08T14:25:02.108+0000] {logging_mixin.py:154} INFO - [2023-11-08T14:25:02.108+0000] {dagbag.py:536} INFO - Filling up the DagBag from /home/airflow/.local/lib/python3.11/site-packages/airflow/example_dags/example_sensor_decorator.py
[2023-11-08T14:25:02.118+0000] {processor.py:839} INFO - DAG(s) dict_keys(['example_sensor_decorator']) retrieved from /home/airflow/.local/lib/python3.11/site-packages/airflow/example_dags/example_sensor_decorator.py
[2023-11-08T14:25:02.152+0000] {logging_mixin.py:154} INFO - [2023-11-08T14:25:02.152+0000] {dag.py:2941} INFO - Sync 1 DAGs
[2023-11-08T14:25:02.176+0000] {logging_mixin.py:154} INFO - [2023-11-08T14:25:02.175+0000] {dag.py:3722} INFO - Setting next_dagrun for example_sensor_decorator to None, run_after=None
[2023-11-08T14:25:02.219+0000] {processor.py:179} INFO - Processing /home/airflow/.local/lib/python3.11/site-packages/airflow/example_dags/example_sensor_decorator.py took 0.121 seconds
[2023-11-08T14:25:32.896+0000] {processor.py:157} INFO - Started process (PID=1389) to work on /home/airflow/.local/lib/python3.11/site-packages/airflow/example_dags/example_sensor_decorator.py
[2023-11-08T14:25:32.899+0000] {processor.py:829} INFO - Processing file /home/airflow/.local/lib/python3.11/site-packages/airflow/example_dags/example_sensor_decorator.py for tasks to queue
[2023-11-08T14:25:32.903+0000] {logging_mixin.py:154} INFO - [2023-11-08T14:25:32.902+0000] {dagbag.py:536} INFO - Filling up the DagBag from /home/airflow/.local/lib/python3.11/site-packages/airflow/example_dags/example_sensor_decorator.py
[2023-11-08T14:25:32.912+0000] {processor.py:839} INFO - DAG(s) dict_keys(['example_sensor_decorator']) retrieved from /home/airflow/.local/lib/python3.11/site-packages/airflow/example_dags/example_sensor_decorator.py
[2023-11-08T14:25:32.947+0000] {logging_mixin.py:154} INFO - [2023-11-08T14:25:32.947+0000] {dag.py:2941} INFO - Sync 1 DAGs
[2023-11-08T14:25:32.974+0000] {logging_mixin.py:154} INFO - [2023-11-08T14:25:32.974+0000] {dag.py:3722} INFO - Setting next_dagrun for example_sensor_decorator to None, run_after=None
[2023-11-08T14:25:33.012+0000] {processor.py:179} INFO - Processing /home/airflow/.local/lib/python3.11/site-packages/airflow/example_dags/example_sensor_decorator.py took 0.122 seconds
[2023-11-08T14:26:03.768+0000] {processor.py:157} INFO - Started process (PID=1465) to work on /home/airflow/.local/lib/python3.11/site-packages/airflow/example_dags/example_sensor_decorator.py
[2023-11-08T14:26:03.771+0000] {processor.py:829} INFO - Processing file /home/airflow/.local/lib/python3.11/site-packages/airflow/example_dags/example_sensor_decorator.py for tasks to queue
[2023-11-08T14:26:03.775+0000] {logging_mixin.py:154} INFO - [2023-11-08T14:26:03.774+0000] {dagbag.py:536} INFO - Filling up the DagBag from /home/airflow/.local/lib/python3.11/site-packages/airflow/example_dags/example_sensor_decorator.py
[2023-11-08T14:26:03.789+0000] {processor.py:839} INFO - DAG(s) dict_keys(['example_sensor_decorator']) retrieved from /home/airflow/.local/lib/python3.11/site-packages/airflow/example_dags/example_sensor_decorator.py
[2023-11-08T14:26:03.844+0000] {logging_mixin.py:154} INFO - [2023-11-08T14:26:03.844+0000] {dag.py:2941} INFO - Sync 1 DAGs
[2023-11-08T14:26:03.884+0000] {logging_mixin.py:154} INFO - [2023-11-08T14:26:03.884+0000] {dag.py:3722} INFO - Setting next_dagrun for example_sensor_decorator to None, run_after=None
[2023-11-08T14:26:03.947+0000] {processor.py:179} INFO - Processing /home/airflow/.local/lib/python3.11/site-packages/airflow/example_dags/example_sensor_decorator.py took 0.189 seconds
[2023-11-08T14:26:34.150+0000] {processor.py:157} INFO - Started process (PID=1541) to work on /home/airflow/.local/lib/python3.11/site-packages/airflow/example_dags/example_sensor_decorator.py
[2023-11-08T14:26:34.151+0000] {processor.py:829} INFO - Processing file /home/airflow/.local/lib/python3.11/site-packages/airflow/example_dags/example_sensor_decorator.py for tasks to queue
[2023-11-08T14:26:34.155+0000] {logging_mixin.py:154} INFO - [2023-11-08T14:26:34.153+0000] {dagbag.py:536} INFO - Filling up the DagBag from /home/airflow/.local/lib/python3.11/site-packages/airflow/example_dags/example_sensor_decorator.py
[2023-11-08T14:26:34.173+0000] {processor.py:839} INFO - DAG(s) dict_keys(['example_sensor_decorator']) retrieved from /home/airflow/.local/lib/python3.11/site-packages/airflow/example_dags/example_sensor_decorator.py
[2023-11-08T14:26:34.205+0000] {logging_mixin.py:154} INFO - [2023-11-08T14:26:34.204+0000] {dag.py:2941} INFO - Sync 1 DAGs
[2023-11-08T14:26:34.225+0000] {logging_mixin.py:154} INFO - [2023-11-08T14:26:34.225+0000] {dag.py:3722} INFO - Setting next_dagrun for example_sensor_decorator to None, run_after=None
[2023-11-08T14:26:34.256+0000] {processor.py:179} INFO - Processing /home/airflow/.local/lib/python3.11/site-packages/airflow/example_dags/example_sensor_decorator.py took 0.110 seconds
[2023-11-08T14:27:04.604+0000] {processor.py:157} INFO - Started process (PID=1617) to work on /home/airflow/.local/lib/python3.11/site-packages/airflow/example_dags/example_sensor_decorator.py
[2023-11-08T14:27:04.605+0000] {processor.py:829} INFO - Processing file /home/airflow/.local/lib/python3.11/site-packages/airflow/example_dags/example_sensor_decorator.py for tasks to queue
[2023-11-08T14:27:04.608+0000] {logging_mixin.py:154} INFO - [2023-11-08T14:27:04.608+0000] {dagbag.py:536} INFO - Filling up the DagBag from /home/airflow/.local/lib/python3.11/site-packages/airflow/example_dags/example_sensor_decorator.py
[2023-11-08T14:27:04.617+0000] {processor.py:839} INFO - DAG(s) dict_keys(['example_sensor_decorator']) retrieved from /home/airflow/.local/lib/python3.11/site-packages/airflow/example_dags/example_sensor_decorator.py
[2023-11-08T14:27:04.656+0000] {logging_mixin.py:154} INFO - [2023-11-08T14:27:04.656+0000] {dag.py:2941} INFO - Sync 1 DAGs
[2023-11-08T14:27:04.682+0000] {logging_mixin.py:154} INFO - [2023-11-08T14:27:04.682+0000] {dag.py:3722} INFO - Setting next_dagrun for example_sensor_decorator to None, run_after=None
[2023-11-08T14:27:04.718+0000] {processor.py:179} INFO - Processing /home/airflow/.local/lib/python3.11/site-packages/airflow/example_dags/example_sensor_decorator.py took 0.119 seconds
[2023-11-08T14:27:35.144+0000] {processor.py:157} INFO - Started process (PID=1693) to work on /home/airflow/.local/lib/python3.11/site-packages/airflow/example_dags/example_sensor_decorator.py
[2023-11-08T14:27:35.145+0000] {processor.py:829} INFO - Processing file /home/airflow/.local/lib/python3.11/site-packages/airflow/example_dags/example_sensor_decorator.py for tasks to queue
[2023-11-08T14:27:35.148+0000] {logging_mixin.py:154} INFO - [2023-11-08T14:27:35.148+0000] {dagbag.py:536} INFO - Filling up the DagBag from /home/airflow/.local/lib/python3.11/site-packages/airflow/example_dags/example_sensor_decorator.py
[2023-11-08T14:27:35.156+0000] {processor.py:839} INFO - DAG(s) dict_keys(['example_sensor_decorator']) retrieved from /home/airflow/.local/lib/python3.11/site-packages/airflow/example_dags/example_sensor_decorator.py
[2023-11-08T14:27:35.191+0000] {logging_mixin.py:154} INFO - [2023-11-08T14:27:35.191+0000] {dag.py:2941} INFO - Sync 1 DAGs
[2023-11-08T14:27:35.214+0000] {logging_mixin.py:154} INFO - [2023-11-08T14:27:35.214+0000] {dag.py:3722} INFO - Setting next_dagrun for example_sensor_decorator to None, run_after=None
[2023-11-08T14:27:35.249+0000] {processor.py:179} INFO - Processing /home/airflow/.local/lib/python3.11/site-packages/airflow/example_dags/example_sensor_decorator.py took 0.109 seconds
[2023-11-08T14:28:05.936+0000] {processor.py:157} INFO - Started process (PID=1769) to work on /home/airflow/.local/lib/python3.11/site-packages/airflow/example_dags/example_sensor_decorator.py
[2023-11-08T14:28:05.941+0000] {processor.py:829} INFO - Processing file /home/airflow/.local/lib/python3.11/site-packages/airflow/example_dags/example_sensor_decorator.py for tasks to queue
[2023-11-08T14:28:05.952+0000] {logging_mixin.py:154} INFO - [2023-11-08T14:28:05.951+0000] {dagbag.py:536} INFO - Filling up the DagBag from /home/airflow/.local/lib/python3.11/site-packages/airflow/example_dags/example_sensor_decorator.py
[2023-11-08T14:28:05.975+0000] {processor.py:839} INFO - DAG(s) dict_keys(['example_sensor_decorator']) retrieved from /home/airflow/.local/lib/python3.11/site-packages/airflow/example_dags/example_sensor_decorator.py
[2023-11-08T14:28:06.058+0000] {logging_mixin.py:154} INFO - [2023-11-08T14:28:06.057+0000] {dag.py:2941} INFO - Sync 1 DAGs
[2023-11-08T14:28:06.110+0000] {logging_mixin.py:154} INFO - [2023-11-08T14:28:06.107+0000] {dag.py:3722} INFO - Setting next_dagrun for example_sensor_decorator to None, run_after=None
[2023-11-08T14:28:06.182+0000] {processor.py:179} INFO - Processing /home/airflow/.local/lib/python3.11/site-packages/airflow/example_dags/example_sensor_decorator.py took 0.253 seconds
[2023-11-08T14:28:36.599+0000] {processor.py:157} INFO - Started process (PID=1845) to work on /home/airflow/.local/lib/python3.11/site-packages/airflow/example_dags/example_sensor_decorator.py
[2023-11-08T14:28:36.600+0000] {processor.py:829} INFO - Processing file /home/airflow/.local/lib/python3.11/site-packages/airflow/example_dags/example_sensor_decorator.py for tasks to queue
[2023-11-08T14:28:36.603+0000] {logging_mixin.py:154} INFO - [2023-11-08T14:28:36.602+0000] {dagbag.py:536} INFO - Filling up the DagBag from /home/airflow/.local/lib/python3.11/site-packages/airflow/example_dags/example_sensor_decorator.py
[2023-11-08T14:28:36.612+0000] {processor.py:839} INFO - DAG(s) dict_keys(['example_sensor_decorator']) retrieved from /home/airflow/.local/lib/python3.11/site-packages/airflow/example_dags/example_sensor_decorator.py
[2023-11-08T14:28:36.647+0000] {logging_mixin.py:154} INFO - [2023-11-08T14:28:36.647+0000] {dag.py:2941} INFO - Sync 1 DAGs
[2023-11-08T14:28:36.678+0000] {logging_mixin.py:154} INFO - [2023-11-08T14:28:36.678+0000] {dag.py:3722} INFO - Setting next_dagrun for example_sensor_decorator to None, run_after=None
[2023-11-08T14:28:36.721+0000] {processor.py:179} INFO - Processing /home/airflow/.local/lib/python3.11/site-packages/airflow/example_dags/example_sensor_decorator.py took 0.126 seconds
[2023-11-08T14:29:06.818+0000] {processor.py:157} INFO - Started process (PID=1921) to work on /home/airflow/.local/lib/python3.11/site-packages/airflow/example_dags/example_sensor_decorator.py
[2023-11-08T14:29:06.819+0000] {processor.py:829} INFO - Processing file /home/airflow/.local/lib/python3.11/site-packages/airflow/example_dags/example_sensor_decorator.py for tasks to queue
[2023-11-08T14:29:06.822+0000] {logging_mixin.py:154} INFO - [2023-11-08T14:29:06.821+0000] {dagbag.py:536} INFO - Filling up the DagBag from /home/airflow/.local/lib/python3.11/site-packages/airflow/example_dags/example_sensor_decorator.py
[2023-11-08T14:29:06.829+0000] {processor.py:839} INFO - DAG(s) dict_keys(['example_sensor_decorator']) retrieved from /home/airflow/.local/lib/python3.11/site-packages/airflow/example_dags/example_sensor_decorator.py
[2023-11-08T14:29:06.859+0000] {logging_mixin.py:154} INFO - [2023-11-08T14:29:06.858+0000] {dag.py:2941} INFO - Sync 1 DAGs
[2023-11-08T14:29:06.879+0000] {logging_mixin.py:154} INFO - [2023-11-08T14:29:06.879+0000] {dag.py:3722} INFO - Setting next_dagrun for example_sensor_decorator to None, run_after=None
[2023-11-08T14:29:06.912+0000] {processor.py:179} INFO - Processing /home/airflow/.local/lib/python3.11/site-packages/airflow/example_dags/example_sensor_decorator.py took 0.098 seconds
[2023-11-08T14:29:37.636+0000] {processor.py:157} INFO - Started process (PID=1997) to work on /home/airflow/.local/lib/python3.11/site-packages/airflow/example_dags/example_sensor_decorator.py
[2023-11-08T14:29:37.637+0000] {processor.py:829} INFO - Processing file /home/airflow/.local/lib/python3.11/site-packages/airflow/example_dags/example_sensor_decorator.py for tasks to queue
[2023-11-08T14:29:37.639+0000] {logging_mixin.py:154} INFO - [2023-11-08T14:29:37.639+0000] {dagbag.py:536} INFO - Filling up the DagBag from /home/airflow/.local/lib/python3.11/site-packages/airflow/example_dags/example_sensor_decorator.py
[2023-11-08T14:29:37.648+0000] {processor.py:839} INFO - DAG(s) dict_keys(['example_sensor_decorator']) retrieved from /home/airflow/.local/lib/python3.11/site-packages/airflow/example_dags/example_sensor_decorator.py
[2023-11-08T14:29:37.679+0000] {logging_mixin.py:154} INFO - [2023-11-08T14:29:37.679+0000] {dag.py:2941} INFO - Sync 1 DAGs
[2023-11-08T14:29:37.703+0000] {logging_mixin.py:154} INFO - [2023-11-08T14:29:37.703+0000] {dag.py:3722} INFO - Setting next_dagrun for example_sensor_decorator to None, run_after=None
[2023-11-08T14:29:37.735+0000] {processor.py:179} INFO - Processing /home/airflow/.local/lib/python3.11/site-packages/airflow/example_dags/example_sensor_decorator.py took 0.105 seconds
[2023-11-08T14:30:07.947+0000] {processor.py:157} INFO - Started process (PID=2072) to work on /home/airflow/.local/lib/python3.11/site-packages/airflow/example_dags/example_sensor_decorator.py
[2023-11-08T14:30:07.949+0000] {processor.py:829} INFO - Processing file /home/airflow/.local/lib/python3.11/site-packages/airflow/example_dags/example_sensor_decorator.py for tasks to queue
[2023-11-08T14:30:07.952+0000] {logging_mixin.py:154} INFO - [2023-11-08T14:30:07.951+0000] {dagbag.py:536} INFO - Filling up the DagBag from /home/airflow/.local/lib/python3.11/site-packages/airflow/example_dags/example_sensor_decorator.py
[2023-11-08T14:30:07.962+0000] {processor.py:839} INFO - DAG(s) dict_keys(['example_sensor_decorator']) retrieved from /home/airflow/.local/lib/python3.11/site-packages/airflow/example_dags/example_sensor_decorator.py
[2023-11-08T14:30:07.994+0000] {logging_mixin.py:154} INFO - [2023-11-08T14:30:07.993+0000] {dag.py:2941} INFO - Sync 1 DAGs
[2023-11-08T14:30:08.018+0000] {logging_mixin.py:154} INFO - [2023-11-08T14:30:08.018+0000] {dag.py:3722} INFO - Setting next_dagrun for example_sensor_decorator to None, run_after=None
[2023-11-08T14:30:08.052+0000] {processor.py:179} INFO - Processing /home/airflow/.local/lib/python3.11/site-packages/airflow/example_dags/example_sensor_decorator.py took 0.109 seconds
[2023-11-08T14:30:38.807+0000] {processor.py:157} INFO - Started process (PID=2150) to work on /home/airflow/.local/lib/python3.11/site-packages/airflow/example_dags/example_sensor_decorator.py
[2023-11-08T14:30:38.808+0000] {processor.py:829} INFO - Processing file /home/airflow/.local/lib/python3.11/site-packages/airflow/example_dags/example_sensor_decorator.py for tasks to queue
[2023-11-08T14:30:38.812+0000] {logging_mixin.py:154} INFO - [2023-11-08T14:30:38.811+0000] {dagbag.py:536} INFO - Filling up the DagBag from /home/airflow/.local/lib/python3.11/site-packages/airflow/example_dags/example_sensor_decorator.py
[2023-11-08T14:30:38.823+0000] {processor.py:839} INFO - DAG(s) dict_keys(['example_sensor_decorator']) retrieved from /home/airflow/.local/lib/python3.11/site-packages/airflow/example_dags/example_sensor_decorator.py
[2023-11-08T14:30:38.862+0000] {logging_mixin.py:154} INFO - [2023-11-08T14:30:38.861+0000] {dag.py:2941} INFO - Sync 1 DAGs
[2023-11-08T14:30:38.889+0000] {logging_mixin.py:154} INFO - [2023-11-08T14:30:38.889+0000] {dag.py:3722} INFO - Setting next_dagrun for example_sensor_decorator to None, run_after=None
[2023-11-08T14:30:38.927+0000] {processor.py:179} INFO - Processing /home/airflow/.local/lib/python3.11/site-packages/airflow/example_dags/example_sensor_decorator.py took 0.124 seconds
[2023-11-08T14:31:09.427+0000] {processor.py:157} INFO - Started process (PID=2226) to work on /home/airflow/.local/lib/python3.11/site-packages/airflow/example_dags/example_sensor_decorator.py
[2023-11-08T14:31:09.429+0000] {processor.py:829} INFO - Processing file /home/airflow/.local/lib/python3.11/site-packages/airflow/example_dags/example_sensor_decorator.py for tasks to queue
[2023-11-08T14:31:09.434+0000] {logging_mixin.py:154} INFO - [2023-11-08T14:31:09.433+0000] {dagbag.py:536} INFO - Filling up the DagBag from /home/airflow/.local/lib/python3.11/site-packages/airflow/example_dags/example_sensor_decorator.py
[2023-11-08T14:31:09.448+0000] {processor.py:839} INFO - DAG(s) dict_keys(['example_sensor_decorator']) retrieved from /home/airflow/.local/lib/python3.11/site-packages/airflow/example_dags/example_sensor_decorator.py
[2023-11-08T14:31:09.492+0000] {logging_mixin.py:154} INFO - [2023-11-08T14:31:09.492+0000] {dag.py:2941} INFO - Sync 1 DAGs
[2023-11-08T14:31:09.519+0000] {logging_mixin.py:154} INFO - [2023-11-08T14:31:09.519+0000] {dag.py:3722} INFO - Setting next_dagrun for example_sensor_decorator to None, run_after=None
[2023-11-08T14:31:09.557+0000] {processor.py:179} INFO - Processing /home/airflow/.local/lib/python3.11/site-packages/airflow/example_dags/example_sensor_decorator.py took 0.138 seconds
[2023-11-08T14:31:39.992+0000] {processor.py:157} INFO - Started process (PID=2302) to work on /home/airflow/.local/lib/python3.11/site-packages/airflow/example_dags/example_sensor_decorator.py
[2023-11-08T14:31:39.993+0000] {processor.py:829} INFO - Processing file /home/airflow/.local/lib/python3.11/site-packages/airflow/example_dags/example_sensor_decorator.py for tasks to queue
[2023-11-08T14:31:39.996+0000] {logging_mixin.py:154} INFO - [2023-11-08T14:31:39.996+0000] {dagbag.py:536} INFO - Filling up the DagBag from /home/airflow/.local/lib/python3.11/site-packages/airflow/example_dags/example_sensor_decorator.py
[2023-11-08T14:31:40.004+0000] {processor.py:839} INFO - DAG(s) dict_keys(['example_sensor_decorator']) retrieved from /home/airflow/.local/lib/python3.11/site-packages/airflow/example_dags/example_sensor_decorator.py
[2023-11-08T14:31:40.037+0000] {logging_mixin.py:154} INFO - [2023-11-08T14:31:40.036+0000] {dag.py:2941} INFO - Sync 1 DAGs
[2023-11-08T14:31:40.057+0000] {logging_mixin.py:154} INFO - [2023-11-08T14:31:40.056+0000] {dag.py:3722} INFO - Setting next_dagrun for example_sensor_decorator to None, run_after=None
[2023-11-08T14:31:40.089+0000] {processor.py:179} INFO - Processing /home/airflow/.local/lib/python3.11/site-packages/airflow/example_dags/example_sensor_decorator.py took 0.101 seconds
[2023-11-08T14:32:10.351+0000] {processor.py:157} INFO - Started process (PID=2378) to work on /home/airflow/.local/lib/python3.11/site-packages/airflow/example_dags/example_sensor_decorator.py
[2023-11-08T14:32:10.353+0000] {processor.py:829} INFO - Processing file /home/airflow/.local/lib/python3.11/site-packages/airflow/example_dags/example_sensor_decorator.py for tasks to queue
[2023-11-08T14:32:10.355+0000] {logging_mixin.py:154} INFO - [2023-11-08T14:32:10.355+0000] {dagbag.py:536} INFO - Filling up the DagBag from /home/airflow/.local/lib/python3.11/site-packages/airflow/example_dags/example_sensor_decorator.py
[2023-11-08T14:32:10.364+0000] {processor.py:839} INFO - DAG(s) dict_keys(['example_sensor_decorator']) retrieved from /home/airflow/.local/lib/python3.11/site-packages/airflow/example_dags/example_sensor_decorator.py
[2023-11-08T14:32:10.393+0000] {logging_mixin.py:154} INFO - [2023-11-08T14:32:10.392+0000] {dag.py:2941} INFO - Sync 1 DAGs
[2023-11-08T14:32:10.414+0000] {logging_mixin.py:154} INFO - [2023-11-08T14:32:10.414+0000] {dag.py:3722} INFO - Setting next_dagrun for example_sensor_decorator to None, run_after=None
[2023-11-08T14:32:10.448+0000] {processor.py:179} INFO - Processing /home/airflow/.local/lib/python3.11/site-packages/airflow/example_dags/example_sensor_decorator.py took 0.100 seconds
[2023-11-08T14:32:41.109+0000] {processor.py:157} INFO - Started process (PID=2454) to work on /home/airflow/.local/lib/python3.11/site-packages/airflow/example_dags/example_sensor_decorator.py
[2023-11-08T14:32:41.110+0000] {processor.py:829} INFO - Processing file /home/airflow/.local/lib/python3.11/site-packages/airflow/example_dags/example_sensor_decorator.py for tasks to queue
[2023-11-08T14:32:41.113+0000] {logging_mixin.py:154} INFO - [2023-11-08T14:32:41.112+0000] {dagbag.py:536} INFO - Filling up the DagBag from /home/airflow/.local/lib/python3.11/site-packages/airflow/example_dags/example_sensor_decorator.py
[2023-11-08T14:32:41.121+0000] {processor.py:839} INFO - DAG(s) dict_keys(['example_sensor_decorator']) retrieved from /home/airflow/.local/lib/python3.11/site-packages/airflow/example_dags/example_sensor_decorator.py
[2023-11-08T14:32:41.162+0000] {logging_mixin.py:154} INFO - [2023-11-08T14:32:41.161+0000] {dag.py:2941} INFO - Sync 1 DAGs
[2023-11-08T14:32:41.184+0000] {logging_mixin.py:154} INFO - [2023-11-08T14:32:41.183+0000] {dag.py:3722} INFO - Setting next_dagrun for example_sensor_decorator to None, run_after=None
[2023-11-08T14:32:41.215+0000] {processor.py:179} INFO - Processing /home/airflow/.local/lib/python3.11/site-packages/airflow/example_dags/example_sensor_decorator.py took 0.111 seconds
[2023-11-08T14:33:11.475+0000] {processor.py:157} INFO - Started process (PID=2529) to work on /home/airflow/.local/lib/python3.11/site-packages/airflow/example_dags/example_sensor_decorator.py
[2023-11-08T14:33:11.477+0000] {processor.py:829} INFO - Processing file /home/airflow/.local/lib/python3.11/site-packages/airflow/example_dags/example_sensor_decorator.py for tasks to queue
[2023-11-08T14:33:11.480+0000] {logging_mixin.py:154} INFO - [2023-11-08T14:33:11.480+0000] {dagbag.py:536} INFO - Filling up the DagBag from /home/airflow/.local/lib/python3.11/site-packages/airflow/example_dags/example_sensor_decorator.py
[2023-11-08T14:33:11.490+0000] {processor.py:839} INFO - DAG(s) dict_keys(['example_sensor_decorator']) retrieved from /home/airflow/.local/lib/python3.11/site-packages/airflow/example_dags/example_sensor_decorator.py
[2023-11-08T14:33:11.527+0000] {logging_mixin.py:154} INFO - [2023-11-08T14:33:11.526+0000] {dag.py:2941} INFO - Sync 1 DAGs
[2023-11-08T14:33:11.548+0000] {logging_mixin.py:154} INFO - [2023-11-08T14:33:11.547+0000] {dag.py:3722} INFO - Setting next_dagrun for example_sensor_decorator to None, run_after=None
[2023-11-08T14:33:11.580+0000] {processor.py:179} INFO - Processing /home/airflow/.local/lib/python3.11/site-packages/airflow/example_dags/example_sensor_decorator.py took 0.110 seconds
[2023-11-08T14:33:41.936+0000] {processor.py:157} INFO - Started process (PID=2603) to work on /home/airflow/.local/lib/python3.11/site-packages/airflow/example_dags/example_sensor_decorator.py
[2023-11-08T14:33:41.937+0000] {processor.py:829} INFO - Processing file /home/airflow/.local/lib/python3.11/site-packages/airflow/example_dags/example_sensor_decorator.py for tasks to queue
[2023-11-08T14:33:41.940+0000] {logging_mixin.py:154} INFO - [2023-11-08T14:33:41.939+0000] {dagbag.py:536} INFO - Filling up the DagBag from /home/airflow/.local/lib/python3.11/site-packages/airflow/example_dags/example_sensor_decorator.py
[2023-11-08T14:33:41.948+0000] {processor.py:839} INFO - DAG(s) dict_keys(['example_sensor_decorator']) retrieved from /home/airflow/.local/lib/python3.11/site-packages/airflow/example_dags/example_sensor_decorator.py
[2023-11-08T14:33:41.981+0000] {logging_mixin.py:154} INFO - [2023-11-08T14:33:41.981+0000] {dag.py:2941} INFO - Sync 1 DAGs
[2023-11-08T14:33:42.002+0000] {logging_mixin.py:154} INFO - [2023-11-08T14:33:42.002+0000] {dag.py:3722} INFO - Setting next_dagrun for example_sensor_decorator to None, run_after=None
[2023-11-08T14:33:42.033+0000] {processor.py:179} INFO - Processing /home/airflow/.local/lib/python3.11/site-packages/airflow/example_dags/example_sensor_decorator.py took 0.102 seconds
[2023-11-08T14:34:12.475+0000] {processor.py:157} INFO - Started process (PID=2680) to work on /home/airflow/.local/lib/python3.11/site-packages/airflow/example_dags/example_sensor_decorator.py
[2023-11-08T14:34:12.477+0000] {processor.py:829} INFO - Processing file /home/airflow/.local/lib/python3.11/site-packages/airflow/example_dags/example_sensor_decorator.py for tasks to queue
[2023-11-08T14:34:12.480+0000] {logging_mixin.py:154} INFO - [2023-11-08T14:34:12.480+0000] {dagbag.py:536} INFO - Filling up the DagBag from /home/airflow/.local/lib/python3.11/site-packages/airflow/example_dags/example_sensor_decorator.py
[2023-11-08T14:34:12.490+0000] {processor.py:839} INFO - DAG(s) dict_keys(['example_sensor_decorator']) retrieved from /home/airflow/.local/lib/python3.11/site-packages/airflow/example_dags/example_sensor_decorator.py
[2023-11-08T14:34:12.524+0000] {logging_mixin.py:154} INFO - [2023-11-08T14:34:12.524+0000] {dag.py:2941} INFO - Sync 1 DAGs
[2023-11-08T14:34:12.545+0000] {logging_mixin.py:154} INFO - [2023-11-08T14:34:12.545+0000] {dag.py:3722} INFO - Setting next_dagrun for example_sensor_decorator to None, run_after=None
[2023-11-08T14:34:12.577+0000] {processor.py:179} INFO - Processing /home/airflow/.local/lib/python3.11/site-packages/airflow/example_dags/example_sensor_decorator.py took 0.106 seconds
[2023-11-08T14:34:43.390+0000] {processor.py:157} INFO - Started process (PID=2756) to work on /home/airflow/.local/lib/python3.11/site-packages/airflow/example_dags/example_sensor_decorator.py
[2023-11-08T14:34:43.392+0000] {processor.py:829} INFO - Processing file /home/airflow/.local/lib/python3.11/site-packages/airflow/example_dags/example_sensor_decorator.py for tasks to queue
[2023-11-08T14:34:43.395+0000] {logging_mixin.py:154} INFO - [2023-11-08T14:34:43.395+0000] {dagbag.py:536} INFO - Filling up the DagBag from /home/airflow/.local/lib/python3.11/site-packages/airflow/example_dags/example_sensor_decorator.py
[2023-11-08T14:34:43.406+0000] {processor.py:839} INFO - DAG(s) dict_keys(['example_sensor_decorator']) retrieved from /home/airflow/.local/lib/python3.11/site-packages/airflow/example_dags/example_sensor_decorator.py
[2023-11-08T14:34:43.444+0000] {logging_mixin.py:154} INFO - [2023-11-08T14:34:43.444+0000] {dag.py:2941} INFO - Sync 1 DAGs
[2023-11-08T14:34:43.468+0000] {logging_mixin.py:154} INFO - [2023-11-08T14:34:43.467+0000] {dag.py:3722} INFO - Setting next_dagrun for example_sensor_decorator to None, run_after=None
[2023-11-08T14:34:43.505+0000] {processor.py:179} INFO - Processing /home/airflow/.local/lib/python3.11/site-packages/airflow/example_dags/example_sensor_decorator.py took 0.121 seconds
[2023-11-08T14:35:13.991+0000] {processor.py:157} INFO - Started process (PID=2832) to work on /home/airflow/.local/lib/python3.11/site-packages/airflow/example_dags/example_sensor_decorator.py
[2023-11-08T14:35:13.993+0000] {processor.py:829} INFO - Processing file /home/airflow/.local/lib/python3.11/site-packages/airflow/example_dags/example_sensor_decorator.py for tasks to queue
[2023-11-08T14:35:13.996+0000] {logging_mixin.py:154} INFO - [2023-11-08T14:35:13.995+0000] {dagbag.py:536} INFO - Filling up the DagBag from /home/airflow/.local/lib/python3.11/site-packages/airflow/example_dags/example_sensor_decorator.py
[2023-11-08T14:35:14.004+0000] {processor.py:839} INFO - DAG(s) dict_keys(['example_sensor_decorator']) retrieved from /home/airflow/.local/lib/python3.11/site-packages/airflow/example_dags/example_sensor_decorator.py
[2023-11-08T14:35:14.037+0000] {logging_mixin.py:154} INFO - [2023-11-08T14:35:14.037+0000] {dag.py:2941} INFO - Sync 1 DAGs
[2023-11-08T14:35:14.057+0000] {logging_mixin.py:154} INFO - [2023-11-08T14:35:14.057+0000] {dag.py:3722} INFO - Setting next_dagrun for example_sensor_decorator to None, run_after=None
[2023-11-08T14:35:14.087+0000] {processor.py:179} INFO - Processing /home/airflow/.local/lib/python3.11/site-packages/airflow/example_dags/example_sensor_decorator.py took 0.101 seconds
[2023-11-08T14:35:44.897+0000] {processor.py:157} INFO - Started process (PID=2908) to work on /home/airflow/.local/lib/python3.11/site-packages/airflow/example_dags/example_sensor_decorator.py
[2023-11-08T14:35:44.898+0000] {processor.py:829} INFO - Processing file /home/airflow/.local/lib/python3.11/site-packages/airflow/example_dags/example_sensor_decorator.py for tasks to queue
[2023-11-08T14:35:44.901+0000] {logging_mixin.py:154} INFO - [2023-11-08T14:35:44.900+0000] {dagbag.py:536} INFO - Filling up the DagBag from /home/airflow/.local/lib/python3.11/site-packages/airflow/example_dags/example_sensor_decorator.py
[2023-11-08T14:35:44.909+0000] {processor.py:839} INFO - DAG(s) dict_keys(['example_sensor_decorator']) retrieved from /home/airflow/.local/lib/python3.11/site-packages/airflow/example_dags/example_sensor_decorator.py
[2023-11-08T14:35:44.940+0000] {logging_mixin.py:154} INFO - [2023-11-08T14:35:44.940+0000] {dag.py:2941} INFO - Sync 1 DAGs
[2023-11-08T14:35:44.965+0000] {logging_mixin.py:154} INFO - [2023-11-08T14:35:44.964+0000] {dag.py:3722} INFO - Setting next_dagrun for example_sensor_decorator to None, run_after=None
[2023-11-08T14:35:44.996+0000] {processor.py:179} INFO - Processing /home/airflow/.local/lib/python3.11/site-packages/airflow/example_dags/example_sensor_decorator.py took 0.103 seconds
[2023-11-08T14:36:15.778+0000] {processor.py:157} INFO - Started process (PID=2984) to work on /home/airflow/.local/lib/python3.11/site-packages/airflow/example_dags/example_sensor_decorator.py
[2023-11-08T14:36:15.779+0000] {processor.py:829} INFO - Processing file /home/airflow/.local/lib/python3.11/site-packages/airflow/example_dags/example_sensor_decorator.py for tasks to queue
[2023-11-08T14:36:15.782+0000] {logging_mixin.py:154} INFO - [2023-11-08T14:36:15.781+0000] {dagbag.py:536} INFO - Filling up the DagBag from /home/airflow/.local/lib/python3.11/site-packages/airflow/example_dags/example_sensor_decorator.py
[2023-11-08T14:36:15.790+0000] {processor.py:839} INFO - DAG(s) dict_keys(['example_sensor_decorator']) retrieved from /home/airflow/.local/lib/python3.11/site-packages/airflow/example_dags/example_sensor_decorator.py
[2023-11-08T14:36:15.820+0000] {logging_mixin.py:154} INFO - [2023-11-08T14:36:15.820+0000] {dag.py:2941} INFO - Sync 1 DAGs
[2023-11-08T14:36:15.844+0000] {logging_mixin.py:154} INFO - [2023-11-08T14:36:15.844+0000] {dag.py:3722} INFO - Setting next_dagrun for example_sensor_decorator to None, run_after=None
[2023-11-08T14:36:15.876+0000] {processor.py:179} INFO - Processing /home/airflow/.local/lib/python3.11/site-packages/airflow/example_dags/example_sensor_decorator.py took 0.102 seconds
[2023-11-08T14:36:46.792+0000] {processor.py:157} INFO - Started process (PID=3060) to work on /home/airflow/.local/lib/python3.11/site-packages/airflow/example_dags/example_sensor_decorator.py
[2023-11-08T14:36:46.795+0000] {processor.py:829} INFO - Processing file /home/airflow/.local/lib/python3.11/site-packages/airflow/example_dags/example_sensor_decorator.py for tasks to queue
[2023-11-08T14:36:46.799+0000] {logging_mixin.py:154} INFO - [2023-11-08T14:36:46.798+0000] {dagbag.py:536} INFO - Filling up the DagBag from /home/airflow/.local/lib/python3.11/site-packages/airflow/example_dags/example_sensor_decorator.py
[2023-11-08T14:36:46.810+0000] {processor.py:839} INFO - DAG(s) dict_keys(['example_sensor_decorator']) retrieved from /home/airflow/.local/lib/python3.11/site-packages/airflow/example_dags/example_sensor_decorator.py
[2023-11-08T14:36:46.850+0000] {logging_mixin.py:154} INFO - [2023-11-08T14:36:46.849+0000] {dag.py:2941} INFO - Sync 1 DAGs
[2023-11-08T14:36:46.873+0000] {logging_mixin.py:154} INFO - [2023-11-08T14:36:46.873+0000] {dag.py:3722} INFO - Setting next_dagrun for example_sensor_decorator to None, run_after=None
[2023-11-08T14:36:46.907+0000] {processor.py:179} INFO - Processing /home/airflow/.local/lib/python3.11/site-packages/airflow/example_dags/example_sensor_decorator.py took 0.121 seconds
[2023-11-08T14:37:18.058+0000] {processor.py:157} INFO - Started process (PID=3157) to work on /home/airflow/.local/lib/python3.11/site-packages/airflow/example_dags/example_sensor_decorator.py
[2023-11-08T14:37:18.058+0000] {processor.py:829} INFO - Processing file /home/airflow/.local/lib/python3.11/site-packages/airflow/example_dags/example_sensor_decorator.py for tasks to queue
[2023-11-08T14:37:18.060+0000] {logging_mixin.py:154} INFO - [2023-11-08T14:37:18.059+0000] {dagbag.py:536} INFO - Filling up the DagBag from /home/airflow/.local/lib/python3.11/site-packages/airflow/example_dags/example_sensor_decorator.py
[2023-11-08T14:37:18.064+0000] {processor.py:839} INFO - DAG(s) dict_keys(['example_sensor_decorator']) retrieved from /home/airflow/.local/lib/python3.11/site-packages/airflow/example_dags/example_sensor_decorator.py
[2023-11-08T14:37:18.079+0000] {logging_mixin.py:154} INFO - [2023-11-08T14:37:18.079+0000] {dag.py:2941} INFO - Sync 1 DAGs
[2023-11-08T14:37:18.090+0000] {logging_mixin.py:154} INFO - [2023-11-08T14:37:18.090+0000] {dag.py:3722} INFO - Setting next_dagrun for example_sensor_decorator to None, run_after=None
[2023-11-08T14:37:18.104+0000] {processor.py:179} INFO - Processing /home/airflow/.local/lib/python3.11/site-packages/airflow/example_dags/example_sensor_decorator.py took 0.049 seconds
[2023-11-08T14:37:49.085+0000] {processor.py:157} INFO - Started process (PID=3233) to work on /home/airflow/.local/lib/python3.11/site-packages/airflow/example_dags/example_sensor_decorator.py
[2023-11-08T14:37:49.087+0000] {processor.py:829} INFO - Processing file /home/airflow/.local/lib/python3.11/site-packages/airflow/example_dags/example_sensor_decorator.py for tasks to queue
[2023-11-08T14:37:49.088+0000] {logging_mixin.py:154} INFO - [2023-11-08T14:37:49.088+0000] {dagbag.py:536} INFO - Filling up the DagBag from /home/airflow/.local/lib/python3.11/site-packages/airflow/example_dags/example_sensor_decorator.py
[2023-11-08T14:37:49.092+0000] {processor.py:839} INFO - DAG(s) dict_keys(['example_sensor_decorator']) retrieved from /home/airflow/.local/lib/python3.11/site-packages/airflow/example_dags/example_sensor_decorator.py
[2023-11-08T14:37:49.109+0000] {logging_mixin.py:154} INFO - [2023-11-08T14:37:49.109+0000] {dag.py:2941} INFO - Sync 1 DAGs
[2023-11-08T14:37:49.119+0000] {logging_mixin.py:154} INFO - [2023-11-08T14:37:49.119+0000] {dag.py:3722} INFO - Setting next_dagrun for example_sensor_decorator to None, run_after=None
[2023-11-08T14:37:49.133+0000] {processor.py:179} INFO - Processing /home/airflow/.local/lib/python3.11/site-packages/airflow/example_dags/example_sensor_decorator.py took 0.050 seconds
[2023-11-08T14:38:19.320+0000] {processor.py:157} INFO - Started process (PID=3309) to work on /home/airflow/.local/lib/python3.11/site-packages/airflow/example_dags/example_sensor_decorator.py
[2023-11-08T14:38:19.320+0000] {processor.py:829} INFO - Processing file /home/airflow/.local/lib/python3.11/site-packages/airflow/example_dags/example_sensor_decorator.py for tasks to queue
[2023-11-08T14:38:19.322+0000] {logging_mixin.py:154} INFO - [2023-11-08T14:38:19.321+0000] {dagbag.py:536} INFO - Filling up the DagBag from /home/airflow/.local/lib/python3.11/site-packages/airflow/example_dags/example_sensor_decorator.py
[2023-11-08T14:38:19.326+0000] {processor.py:839} INFO - DAG(s) dict_keys(['example_sensor_decorator']) retrieved from /home/airflow/.local/lib/python3.11/site-packages/airflow/example_dags/example_sensor_decorator.py
[2023-11-08T14:38:19.341+0000] {logging_mixin.py:154} INFO - [2023-11-08T14:38:19.341+0000] {dag.py:2941} INFO - Sync 1 DAGs
[2023-11-08T14:38:19.351+0000] {logging_mixin.py:154} INFO - [2023-11-08T14:38:19.351+0000] {dag.py:3722} INFO - Setting next_dagrun for example_sensor_decorator to None, run_after=None
[2023-11-08T14:38:19.365+0000] {processor.py:179} INFO - Processing /home/airflow/.local/lib/python3.11/site-packages/airflow/example_dags/example_sensor_decorator.py took 0.048 seconds
[2023-11-08T14:38:49.460+0000] {processor.py:157} INFO - Started process (PID=3385) to work on /home/airflow/.local/lib/python3.11/site-packages/airflow/example_dags/example_sensor_decorator.py
[2023-11-08T14:38:49.461+0000] {processor.py:829} INFO - Processing file /home/airflow/.local/lib/python3.11/site-packages/airflow/example_dags/example_sensor_decorator.py for tasks to queue
[2023-11-08T14:38:49.462+0000] {logging_mixin.py:154} INFO - [2023-11-08T14:38:49.462+0000] {dagbag.py:536} INFO - Filling up the DagBag from /home/airflow/.local/lib/python3.11/site-packages/airflow/example_dags/example_sensor_decorator.py
[2023-11-08T14:38:49.467+0000] {processor.py:839} INFO - DAG(s) dict_keys(['example_sensor_decorator']) retrieved from /home/airflow/.local/lib/python3.11/site-packages/airflow/example_dags/example_sensor_decorator.py
[2023-11-08T14:38:49.481+0000] {logging_mixin.py:154} INFO - [2023-11-08T14:38:49.481+0000] {dag.py:2941} INFO - Sync 1 DAGs
[2023-11-08T14:38:49.491+0000] {logging_mixin.py:154} INFO - [2023-11-08T14:38:49.490+0000] {dag.py:3722} INFO - Setting next_dagrun for example_sensor_decorator to None, run_after=None
[2023-11-08T14:38:49.505+0000] {processor.py:179} INFO - Processing /home/airflow/.local/lib/python3.11/site-packages/airflow/example_dags/example_sensor_decorator.py took 0.047 seconds
[2023-11-08T14:39:19.616+0000] {processor.py:157} INFO - Started process (PID=3461) to work on /home/airflow/.local/lib/python3.11/site-packages/airflow/example_dags/example_sensor_decorator.py
[2023-11-08T14:39:19.616+0000] {processor.py:829} INFO - Processing file /home/airflow/.local/lib/python3.11/site-packages/airflow/example_dags/example_sensor_decorator.py for tasks to queue
[2023-11-08T14:39:19.618+0000] {logging_mixin.py:154} INFO - [2023-11-08T14:39:19.618+0000] {dagbag.py:536} INFO - Filling up the DagBag from /home/airflow/.local/lib/python3.11/site-packages/airflow/example_dags/example_sensor_decorator.py
[2023-11-08T14:39:19.622+0000] {processor.py:839} INFO - DAG(s) dict_keys(['example_sensor_decorator']) retrieved from /home/airflow/.local/lib/python3.11/site-packages/airflow/example_dags/example_sensor_decorator.py
[2023-11-08T14:39:19.638+0000] {logging_mixin.py:154} INFO - [2023-11-08T14:39:19.637+0000] {dag.py:2941} INFO - Sync 1 DAGs
[2023-11-08T14:39:19.648+0000] {logging_mixin.py:154} INFO - [2023-11-08T14:39:19.648+0000] {dag.py:3722} INFO - Setting next_dagrun for example_sensor_decorator to None, run_after=None
[2023-11-08T14:39:19.662+0000] {processor.py:179} INFO - Processing /home/airflow/.local/lib/python3.11/site-packages/airflow/example_dags/example_sensor_decorator.py took 0.049 seconds
[2023-11-08T14:39:49.868+0000] {processor.py:157} INFO - Started process (PID=3537) to work on /home/airflow/.local/lib/python3.11/site-packages/airflow/example_dags/example_sensor_decorator.py
[2023-11-08T14:39:49.869+0000] {processor.py:829} INFO - Processing file /home/airflow/.local/lib/python3.11/site-packages/airflow/example_dags/example_sensor_decorator.py for tasks to queue
[2023-11-08T14:39:49.870+0000] {logging_mixin.py:154} INFO - [2023-11-08T14:39:49.870+0000] {dagbag.py:536} INFO - Filling up the DagBag from /home/airflow/.local/lib/python3.11/site-packages/airflow/example_dags/example_sensor_decorator.py
[2023-11-08T14:39:49.874+0000] {processor.py:839} INFO - DAG(s) dict_keys(['example_sensor_decorator']) retrieved from /home/airflow/.local/lib/python3.11/site-packages/airflow/example_dags/example_sensor_decorator.py
[2023-11-08T14:39:49.889+0000] {logging_mixin.py:154} INFO - [2023-11-08T14:39:49.889+0000] {dag.py:2941} INFO - Sync 1 DAGs
[2023-11-08T14:39:49.899+0000] {logging_mixin.py:154} INFO - [2023-11-08T14:39:49.899+0000] {dag.py:3722} INFO - Setting next_dagrun for example_sensor_decorator to None, run_after=None
[2023-11-08T14:39:49.913+0000] {processor.py:179} INFO - Processing /home/airflow/.local/lib/python3.11/site-packages/airflow/example_dags/example_sensor_decorator.py took 0.047 seconds
[2023-11-08T14:40:20.124+0000] {processor.py:157} INFO - Started process (PID=3614) to work on /home/airflow/.local/lib/python3.11/site-packages/airflow/example_dags/example_sensor_decorator.py
[2023-11-08T14:40:20.125+0000] {processor.py:829} INFO - Processing file /home/airflow/.local/lib/python3.11/site-packages/airflow/example_dags/example_sensor_decorator.py for tasks to queue
[2023-11-08T14:40:20.127+0000] {logging_mixin.py:154} INFO - [2023-11-08T14:40:20.127+0000] {dagbag.py:536} INFO - Filling up the DagBag from /home/airflow/.local/lib/python3.11/site-packages/airflow/example_dags/example_sensor_decorator.py
[2023-11-08T14:40:20.133+0000] {processor.py:839} INFO - DAG(s) dict_keys(['example_sensor_decorator']) retrieved from /home/airflow/.local/lib/python3.11/site-packages/airflow/example_dags/example_sensor_decorator.py
[2023-11-08T14:40:20.158+0000] {logging_mixin.py:154} INFO - [2023-11-08T14:40:20.158+0000] {dag.py:2941} INFO - Sync 1 DAGs
[2023-11-08T14:40:20.175+0000] {logging_mixin.py:154} INFO - [2023-11-08T14:40:20.175+0000] {dag.py:3722} INFO - Setting next_dagrun for example_sensor_decorator to None, run_after=None
[2023-11-08T14:40:20.193+0000] {processor.py:179} INFO - Processing /home/airflow/.local/lib/python3.11/site-packages/airflow/example_dags/example_sensor_decorator.py took 0.072 seconds
[2023-11-08T14:40:50.215+0000] {processor.py:157} INFO - Started process (PID=3671) to work on /home/airflow/.local/lib/python3.11/site-packages/airflow/example_dags/example_sensor_decorator.py
[2023-11-08T14:40:50.216+0000] {processor.py:829} INFO - Processing file /home/airflow/.local/lib/python3.11/site-packages/airflow/example_dags/example_sensor_decorator.py for tasks to queue
[2023-11-08T14:40:50.217+0000] {logging_mixin.py:154} INFO - [2023-11-08T14:40:50.217+0000] {dagbag.py:536} INFO - Filling up the DagBag from /home/airflow/.local/lib/python3.11/site-packages/airflow/example_dags/example_sensor_decorator.py
[2023-11-08T14:40:50.221+0000] {processor.py:839} INFO - DAG(s) dict_keys(['example_sensor_decorator']) retrieved from /home/airflow/.local/lib/python3.11/site-packages/airflow/example_dags/example_sensor_decorator.py
[2023-11-08T14:40:50.238+0000] {logging_mixin.py:154} INFO - [2023-11-08T14:40:50.238+0000] {dag.py:2941} INFO - Sync 1 DAGs
[2023-11-08T14:40:50.249+0000] {logging_mixin.py:154} INFO - [2023-11-08T14:40:50.248+0000] {dag.py:3722} INFO - Setting next_dagrun for example_sensor_decorator to None, run_after=None
[2023-11-08T14:40:50.262+0000] {processor.py:179} INFO - Processing /home/airflow/.local/lib/python3.11/site-packages/airflow/example_dags/example_sensor_decorator.py took 0.050 seconds
[2023-11-08T14:41:20.481+0000] {processor.py:157} INFO - Started process (PID=3766) to work on /home/airflow/.local/lib/python3.11/site-packages/airflow/example_dags/example_sensor_decorator.py
[2023-11-08T14:41:20.481+0000] {processor.py:829} INFO - Processing file /home/airflow/.local/lib/python3.11/site-packages/airflow/example_dags/example_sensor_decorator.py for tasks to queue
[2023-11-08T14:41:20.483+0000] {logging_mixin.py:154} INFO - [2023-11-08T14:41:20.482+0000] {dagbag.py:536} INFO - Filling up the DagBag from /home/airflow/.local/lib/python3.11/site-packages/airflow/example_dags/example_sensor_decorator.py
[2023-11-08T14:41:20.487+0000] {processor.py:839} INFO - DAG(s) dict_keys(['example_sensor_decorator']) retrieved from /home/airflow/.local/lib/python3.11/site-packages/airflow/example_dags/example_sensor_decorator.py
[2023-11-08T14:41:20.504+0000] {logging_mixin.py:154} INFO - [2023-11-08T14:41:20.504+0000] {dag.py:2941} INFO - Sync 1 DAGs
[2023-11-08T14:41:20.515+0000] {logging_mixin.py:154} INFO - [2023-11-08T14:41:20.515+0000] {dag.py:3722} INFO - Setting next_dagrun for example_sensor_decorator to None, run_after=None
[2023-11-08T14:41:20.529+0000] {processor.py:179} INFO - Processing /home/airflow/.local/lib/python3.11/site-packages/airflow/example_dags/example_sensor_decorator.py took 0.051 seconds
[2023-11-08T14:41:50.618+0000] {processor.py:157} INFO - Started process (PID=3842) to work on /home/airflow/.local/lib/python3.11/site-packages/airflow/example_dags/example_sensor_decorator.py
[2023-11-08T14:41:50.619+0000] {processor.py:829} INFO - Processing file /home/airflow/.local/lib/python3.11/site-packages/airflow/example_dags/example_sensor_decorator.py for tasks to queue
[2023-11-08T14:41:50.621+0000] {logging_mixin.py:154} INFO - [2023-11-08T14:41:50.620+0000] {dagbag.py:536} INFO - Filling up the DagBag from /home/airflow/.local/lib/python3.11/site-packages/airflow/example_dags/example_sensor_decorator.py
[2023-11-08T14:41:50.625+0000] {processor.py:839} INFO - DAG(s) dict_keys(['example_sensor_decorator']) retrieved from /home/airflow/.local/lib/python3.11/site-packages/airflow/example_dags/example_sensor_decorator.py
[2023-11-08T14:41:50.639+0000] {logging_mixin.py:154} INFO - [2023-11-08T14:41:50.639+0000] {dag.py:2941} INFO - Sync 1 DAGs
[2023-11-08T14:41:50.650+0000] {logging_mixin.py:154} INFO - [2023-11-08T14:41:50.649+0000] {dag.py:3722} INFO - Setting next_dagrun for example_sensor_decorator to None, run_after=None
[2023-11-08T14:41:50.664+0000] {processor.py:179} INFO - Processing /home/airflow/.local/lib/python3.11/site-packages/airflow/example_dags/example_sensor_decorator.py took 0.048 seconds
[2023-11-08T14:42:20.848+0000] {processor.py:157} INFO - Started process (PID=3918) to work on /home/airflow/.local/lib/python3.11/site-packages/airflow/example_dags/example_sensor_decorator.py
[2023-11-08T14:42:20.848+0000] {processor.py:829} INFO - Processing file /home/airflow/.local/lib/python3.11/site-packages/airflow/example_dags/example_sensor_decorator.py for tasks to queue
[2023-11-08T14:42:20.850+0000] {logging_mixin.py:154} INFO - [2023-11-08T14:42:20.850+0000] {dagbag.py:536} INFO - Filling up the DagBag from /home/airflow/.local/lib/python3.11/site-packages/airflow/example_dags/example_sensor_decorator.py
[2023-11-08T14:42:20.854+0000] {processor.py:839} INFO - DAG(s) dict_keys(['example_sensor_decorator']) retrieved from /home/airflow/.local/lib/python3.11/site-packages/airflow/example_dags/example_sensor_decorator.py
[2023-11-08T14:42:20.869+0000] {logging_mixin.py:154} INFO - [2023-11-08T14:42:20.869+0000] {dag.py:2941} INFO - Sync 1 DAGs
[2023-11-08T14:42:20.879+0000] {logging_mixin.py:154} INFO - [2023-11-08T14:42:20.879+0000] {dag.py:3722} INFO - Setting next_dagrun for example_sensor_decorator to None, run_after=None
[2023-11-08T14:42:20.892+0000] {processor.py:179} INFO - Processing /home/airflow/.local/lib/python3.11/site-packages/airflow/example_dags/example_sensor_decorator.py took 0.046 seconds
[2023-11-08T14:42:51.347+0000] {processor.py:157} INFO - Started process (PID=3975) to work on /home/airflow/.local/lib/python3.11/site-packages/airflow/example_dags/example_sensor_decorator.py
[2023-11-08T14:42:51.348+0000] {processor.py:829} INFO - Processing file /home/airflow/.local/lib/python3.11/site-packages/airflow/example_dags/example_sensor_decorator.py for tasks to queue
[2023-11-08T14:42:51.349+0000] {logging_mixin.py:154} INFO - [2023-11-08T14:42:51.349+0000] {dagbag.py:536} INFO - Filling up the DagBag from /home/airflow/.local/lib/python3.11/site-packages/airflow/example_dags/example_sensor_decorator.py
[2023-11-08T14:42:51.354+0000] {processor.py:839} INFO - DAG(s) dict_keys(['example_sensor_decorator']) retrieved from /home/airflow/.local/lib/python3.11/site-packages/airflow/example_dags/example_sensor_decorator.py
[2023-11-08T14:42:51.370+0000] {logging_mixin.py:154} INFO - [2023-11-08T14:42:51.370+0000] {dag.py:2941} INFO - Sync 1 DAGs
[2023-11-08T14:42:51.380+0000] {logging_mixin.py:154} INFO - [2023-11-08T14:42:51.380+0000] {dag.py:3722} INFO - Setting next_dagrun for example_sensor_decorator to None, run_after=None
[2023-11-08T14:42:51.394+0000] {processor.py:179} INFO - Processing /home/airflow/.local/lib/python3.11/site-packages/airflow/example_dags/example_sensor_decorator.py took 0.049 seconds
[2023-11-08T14:43:21.667+0000] {processor.py:157} INFO - Started process (PID=4070) to work on /home/airflow/.local/lib/python3.11/site-packages/airflow/example_dags/example_sensor_decorator.py
[2023-11-08T14:43:21.668+0000] {processor.py:829} INFO - Processing file /home/airflow/.local/lib/python3.11/site-packages/airflow/example_dags/example_sensor_decorator.py for tasks to queue
[2023-11-08T14:43:21.669+0000] {logging_mixin.py:154} INFO - [2023-11-08T14:43:21.669+0000] {dagbag.py:536} INFO - Filling up the DagBag from /home/airflow/.local/lib/python3.11/site-packages/airflow/example_dags/example_sensor_decorator.py
[2023-11-08T14:43:21.674+0000] {processor.py:839} INFO - DAG(s) dict_keys(['example_sensor_decorator']) retrieved from /home/airflow/.local/lib/python3.11/site-packages/airflow/example_dags/example_sensor_decorator.py
[2023-11-08T14:43:21.689+0000] {logging_mixin.py:154} INFO - [2023-11-08T14:43:21.689+0000] {dag.py:2941} INFO - Sync 1 DAGs
[2023-11-08T14:43:21.700+0000] {logging_mixin.py:154} INFO - [2023-11-08T14:43:21.700+0000] {dag.py:3722} INFO - Setting next_dagrun for example_sensor_decorator to None, run_after=None
[2023-11-08T14:43:21.714+0000] {processor.py:179} INFO - Processing /home/airflow/.local/lib/python3.11/site-packages/airflow/example_dags/example_sensor_decorator.py took 0.049 seconds
[2023-11-08T14:43:52.198+0000] {processor.py:157} INFO - Started process (PID=4127) to work on /home/airflow/.local/lib/python3.11/site-packages/airflow/example_dags/example_sensor_decorator.py
[2023-11-08T14:43:52.198+0000] {processor.py:829} INFO - Processing file /home/airflow/.local/lib/python3.11/site-packages/airflow/example_dags/example_sensor_decorator.py for tasks to queue
[2023-11-08T14:43:52.200+0000] {logging_mixin.py:154} INFO - [2023-11-08T14:43:52.200+0000] {dagbag.py:536} INFO - Filling up the DagBag from /home/airflow/.local/lib/python3.11/site-packages/airflow/example_dags/example_sensor_decorator.py
[2023-11-08T14:43:52.204+0000] {processor.py:839} INFO - DAG(s) dict_keys(['example_sensor_decorator']) retrieved from /home/airflow/.local/lib/python3.11/site-packages/airflow/example_dags/example_sensor_decorator.py
[2023-11-08T14:43:52.219+0000] {logging_mixin.py:154} INFO - [2023-11-08T14:43:52.219+0000] {dag.py:2941} INFO - Sync 1 DAGs
[2023-11-08T14:43:52.229+0000] {logging_mixin.py:154} INFO - [2023-11-08T14:43:52.228+0000] {dag.py:3722} INFO - Setting next_dagrun for example_sensor_decorator to None, run_after=None
[2023-11-08T14:43:52.242+0000] {processor.py:179} INFO - Processing /home/airflow/.local/lib/python3.11/site-packages/airflow/example_dags/example_sensor_decorator.py took 0.047 seconds
[2023-11-08T14:44:22.353+0000] {processor.py:157} INFO - Started process (PID=4222) to work on /home/airflow/.local/lib/python3.11/site-packages/airflow/example_dags/example_sensor_decorator.py
[2023-11-08T14:44:22.353+0000] {processor.py:829} INFO - Processing file /home/airflow/.local/lib/python3.11/site-packages/airflow/example_dags/example_sensor_decorator.py for tasks to queue
[2023-11-08T14:44:22.355+0000] {logging_mixin.py:154} INFO - [2023-11-08T14:44:22.355+0000] {dagbag.py:536} INFO - Filling up the DagBag from /home/airflow/.local/lib/python3.11/site-packages/airflow/example_dags/example_sensor_decorator.py
[2023-11-08T14:44:22.359+0000] {processor.py:839} INFO - DAG(s) dict_keys(['example_sensor_decorator']) retrieved from /home/airflow/.local/lib/python3.11/site-packages/airflow/example_dags/example_sensor_decorator.py
[2023-11-08T14:44:22.374+0000] {logging_mixin.py:154} INFO - [2023-11-08T14:44:22.374+0000] {dag.py:2941} INFO - Sync 1 DAGs
[2023-11-08T14:44:22.384+0000] {logging_mixin.py:154} INFO - [2023-11-08T14:44:22.383+0000] {dag.py:3722} INFO - Setting next_dagrun for example_sensor_decorator to None, run_after=None
[2023-11-08T14:44:22.398+0000] {processor.py:179} INFO - Processing /home/airflow/.local/lib/python3.11/site-packages/airflow/example_dags/example_sensor_decorator.py took 0.047 seconds
[2023-11-08T14:44:52.778+0000] {processor.py:157} INFO - Started process (PID=4292) to work on /home/airflow/.local/lib/python3.11/site-packages/airflow/example_dags/example_sensor_decorator.py
[2023-11-08T14:44:52.779+0000] {processor.py:829} INFO - Processing file /home/airflow/.local/lib/python3.11/site-packages/airflow/example_dags/example_sensor_decorator.py for tasks to queue
[2023-11-08T14:44:52.781+0000] {logging_mixin.py:154} INFO - [2023-11-08T14:44:52.781+0000] {dagbag.py:536} INFO - Filling up the DagBag from /home/airflow/.local/lib/python3.11/site-packages/airflow/example_dags/example_sensor_decorator.py
[2023-11-08T14:44:52.786+0000] {processor.py:839} INFO - DAG(s) dict_keys(['example_sensor_decorator']) retrieved from /home/airflow/.local/lib/python3.11/site-packages/airflow/example_dags/example_sensor_decorator.py
[2023-11-08T14:44:52.801+0000] {logging_mixin.py:154} INFO - [2023-11-08T14:44:52.800+0000] {dag.py:2941} INFO - Sync 1 DAGs
[2023-11-08T14:44:52.811+0000] {logging_mixin.py:154} INFO - [2023-11-08T14:44:52.811+0000] {dag.py:3722} INFO - Setting next_dagrun for example_sensor_decorator to None, run_after=None
[2023-11-08T14:44:52.825+0000] {processor.py:179} INFO - Processing /home/airflow/.local/lib/python3.11/site-packages/airflow/example_dags/example_sensor_decorator.py took 0.049 seconds
[2023-11-08T14:45:23.135+0000] {processor.py:157} INFO - Started process (PID=4375) to work on /home/airflow/.local/lib/python3.11/site-packages/airflow/example_dags/example_sensor_decorator.py
[2023-11-08T14:45:23.136+0000] {processor.py:829} INFO - Processing file /home/airflow/.local/lib/python3.11/site-packages/airflow/example_dags/example_sensor_decorator.py for tasks to queue
[2023-11-08T14:45:23.137+0000] {logging_mixin.py:154} INFO - [2023-11-08T14:45:23.137+0000] {dagbag.py:536} INFO - Filling up the DagBag from /home/airflow/.local/lib/python3.11/site-packages/airflow/example_dags/example_sensor_decorator.py
[2023-11-08T14:45:23.143+0000] {processor.py:839} INFO - DAG(s) dict_keys(['example_sensor_decorator']) retrieved from /home/airflow/.local/lib/python3.11/site-packages/airflow/example_dags/example_sensor_decorator.py
[2023-11-08T14:45:23.161+0000] {logging_mixin.py:154} INFO - [2023-11-08T14:45:23.161+0000] {dag.py:2941} INFO - Sync 1 DAGs
[2023-11-08T14:45:23.173+0000] {logging_mixin.py:154} INFO - [2023-11-08T14:45:23.173+0000] {dag.py:3722} INFO - Setting next_dagrun for example_sensor_decorator to None, run_after=None
[2023-11-08T14:45:23.190+0000] {processor.py:179} INFO - Processing /home/airflow/.local/lib/python3.11/site-packages/airflow/example_dags/example_sensor_decorator.py took 0.058 seconds
[2023-11-08T14:45:53.952+0000] {processor.py:157} INFO - Started process (PID=4451) to work on /home/airflow/.local/lib/python3.11/site-packages/airflow/example_dags/example_sensor_decorator.py
[2023-11-08T14:45:53.953+0000] {processor.py:829} INFO - Processing file /home/airflow/.local/lib/python3.11/site-packages/airflow/example_dags/example_sensor_decorator.py for tasks to queue
[2023-11-08T14:45:53.955+0000] {logging_mixin.py:154} INFO - [2023-11-08T14:45:53.955+0000] {dagbag.py:536} INFO - Filling up the DagBag from /home/airflow/.local/lib/python3.11/site-packages/airflow/example_dags/example_sensor_decorator.py
[2023-11-08T14:45:53.959+0000] {processor.py:839} INFO - DAG(s) dict_keys(['example_sensor_decorator']) retrieved from /home/airflow/.local/lib/python3.11/site-packages/airflow/example_dags/example_sensor_decorator.py
[2023-11-08T14:45:53.979+0000] {logging_mixin.py:154} INFO - [2023-11-08T14:45:53.978+0000] {dag.py:2941} INFO - Sync 1 DAGs
[2023-11-08T14:45:53.990+0000] {logging_mixin.py:154} INFO - [2023-11-08T14:45:53.990+0000] {dag.py:3722} INFO - Setting next_dagrun for example_sensor_decorator to None, run_after=None
[2023-11-08T14:45:54.007+0000] {processor.py:179} INFO - Processing /home/airflow/.local/lib/python3.11/site-packages/airflow/example_dags/example_sensor_decorator.py took 0.057 seconds
[2023-11-08T14:46:25.045+0000] {processor.py:157} INFO - Started process (PID=4508) to work on /home/airflow/.local/lib/python3.11/site-packages/airflow/example_dags/example_sensor_decorator.py
[2023-11-08T14:46:25.046+0000] {processor.py:829} INFO - Processing file /home/airflow/.local/lib/python3.11/site-packages/airflow/example_dags/example_sensor_decorator.py for tasks to queue
[2023-11-08T14:46:25.048+0000] {logging_mixin.py:154} INFO - [2023-11-08T14:46:25.047+0000] {dagbag.py:536} INFO - Filling up the DagBag from /home/airflow/.local/lib/python3.11/site-packages/airflow/example_dags/example_sensor_decorator.py
[2023-11-08T14:46:25.052+0000] {processor.py:839} INFO - DAG(s) dict_keys(['example_sensor_decorator']) retrieved from /home/airflow/.local/lib/python3.11/site-packages/airflow/example_dags/example_sensor_decorator.py
[2023-11-08T14:46:25.067+0000] {logging_mixin.py:154} INFO - [2023-11-08T14:46:25.067+0000] {dag.py:2941} INFO - Sync 1 DAGs
[2023-11-08T14:46:25.077+0000] {logging_mixin.py:154} INFO - [2023-11-08T14:46:25.077+0000] {dag.py:3722} INFO - Setting next_dagrun for example_sensor_decorator to None, run_after=None
[2023-11-08T14:46:25.093+0000] {processor.py:179} INFO - Processing /home/airflow/.local/lib/python3.11/site-packages/airflow/example_dags/example_sensor_decorator.py took 0.050 seconds
[2023-11-08T14:46:55.623+0000] {processor.py:157} INFO - Started process (PID=4584) to work on /home/airflow/.local/lib/python3.11/site-packages/airflow/example_dags/example_sensor_decorator.py
[2023-11-08T14:46:55.623+0000] {processor.py:829} INFO - Processing file /home/airflow/.local/lib/python3.11/site-packages/airflow/example_dags/example_sensor_decorator.py for tasks to queue
[2023-11-08T14:46:55.625+0000] {logging_mixin.py:154} INFO - [2023-11-08T14:46:55.625+0000] {dagbag.py:536} INFO - Filling up the DagBag from /home/airflow/.local/lib/python3.11/site-packages/airflow/example_dags/example_sensor_decorator.py
[2023-11-08T14:46:55.629+0000] {processor.py:839} INFO - DAG(s) dict_keys(['example_sensor_decorator']) retrieved from /home/airflow/.local/lib/python3.11/site-packages/airflow/example_dags/example_sensor_decorator.py
[2023-11-08T14:46:55.645+0000] {logging_mixin.py:154} INFO - [2023-11-08T14:46:55.645+0000] {dag.py:2941} INFO - Sync 1 DAGs
[2023-11-08T14:46:55.656+0000] {logging_mixin.py:154} INFO - [2023-11-08T14:46:55.655+0000] {dag.py:3722} INFO - Setting next_dagrun for example_sensor_decorator to None, run_after=None
[2023-11-08T14:46:55.672+0000] {processor.py:179} INFO - Processing /home/airflow/.local/lib/python3.11/site-packages/airflow/example_dags/example_sensor_decorator.py took 0.052 seconds
[2023-11-08T14:47:25.722+0000] {processor.py:157} INFO - Started process (PID=4659) to work on /home/airflow/.local/lib/python3.11/site-packages/airflow/example_dags/example_sensor_decorator.py
[2023-11-08T14:47:25.723+0000] {processor.py:829} INFO - Processing file /home/airflow/.local/lib/python3.11/site-packages/airflow/example_dags/example_sensor_decorator.py for tasks to queue
[2023-11-08T14:47:25.725+0000] {logging_mixin.py:154} INFO - [2023-11-08T14:47:25.724+0000] {dagbag.py:536} INFO - Filling up the DagBag from /home/airflow/.local/lib/python3.11/site-packages/airflow/example_dags/example_sensor_decorator.py
[2023-11-08T14:47:25.729+0000] {processor.py:839} INFO - DAG(s) dict_keys(['example_sensor_decorator']) retrieved from /home/airflow/.local/lib/python3.11/site-packages/airflow/example_dags/example_sensor_decorator.py
[2023-11-08T14:47:25.742+0000] {logging_mixin.py:154} INFO - [2023-11-08T14:47:25.742+0000] {dag.py:2941} INFO - Sync 1 DAGs
[2023-11-08T14:47:25.752+0000] {logging_mixin.py:154} INFO - [2023-11-08T14:47:25.751+0000] {dag.py:3722} INFO - Setting next_dagrun for example_sensor_decorator to None, run_after=None
[2023-11-08T14:47:25.765+0000] {processor.py:179} INFO - Processing /home/airflow/.local/lib/python3.11/site-packages/airflow/example_dags/example_sensor_decorator.py took 0.045 seconds
[2023-11-08T14:47:56.040+0000] {processor.py:157} INFO - Started process (PID=4735) to work on /home/airflow/.local/lib/python3.11/site-packages/airflow/example_dags/example_sensor_decorator.py
[2023-11-08T14:47:56.040+0000] {processor.py:829} INFO - Processing file /home/airflow/.local/lib/python3.11/site-packages/airflow/example_dags/example_sensor_decorator.py for tasks to queue
[2023-11-08T14:47:56.042+0000] {logging_mixin.py:154} INFO - [2023-11-08T14:47:56.041+0000] {dagbag.py:536} INFO - Filling up the DagBag from /home/airflow/.local/lib/python3.11/site-packages/airflow/example_dags/example_sensor_decorator.py
[2023-11-08T14:47:56.046+0000] {processor.py:839} INFO - DAG(s) dict_keys(['example_sensor_decorator']) retrieved from /home/airflow/.local/lib/python3.11/site-packages/airflow/example_dags/example_sensor_decorator.py
[2023-11-08T14:47:56.221+0000] {logging_mixin.py:154} INFO - [2023-11-08T14:47:56.221+0000] {dag.py:2941} INFO - Sync 1 DAGs
[2023-11-08T14:47:56.230+0000] {logging_mixin.py:154} INFO - [2023-11-08T14:47:56.230+0000] {dag.py:3722} INFO - Setting next_dagrun for example_sensor_decorator to None, run_after=None
[2023-11-08T14:47:56.243+0000] {processor.py:179} INFO - Processing /home/airflow/.local/lib/python3.11/site-packages/airflow/example_dags/example_sensor_decorator.py took 0.205 seconds
[2023-11-08T14:48:26.374+0000] {processor.py:157} INFO - Started process (PID=4811) to work on /home/airflow/.local/lib/python3.11/site-packages/airflow/example_dags/example_sensor_decorator.py
[2023-11-08T14:48:26.376+0000] {processor.py:829} INFO - Processing file /home/airflow/.local/lib/python3.11/site-packages/airflow/example_dags/example_sensor_decorator.py for tasks to queue
[2023-11-08T14:48:26.378+0000] {logging_mixin.py:154} INFO - [2023-11-08T14:48:26.377+0000] {dagbag.py:536} INFO - Filling up the DagBag from /home/airflow/.local/lib/python3.11/site-packages/airflow/example_dags/example_sensor_decorator.py
[2023-11-08T14:48:26.383+0000] {processor.py:839} INFO - DAG(s) dict_keys(['example_sensor_decorator']) retrieved from /home/airflow/.local/lib/python3.11/site-packages/airflow/example_dags/example_sensor_decorator.py
[2023-11-08T14:48:26.401+0000] {logging_mixin.py:154} INFO - [2023-11-08T14:48:26.401+0000] {dag.py:2941} INFO - Sync 1 DAGs
[2023-11-08T14:48:26.412+0000] {logging_mixin.py:154} INFO - [2023-11-08T14:48:26.412+0000] {dag.py:3722} INFO - Setting next_dagrun for example_sensor_decorator to None, run_after=None
[2023-11-08T14:48:26.606+0000] {processor.py:179} INFO - Processing /home/airflow/.local/lib/python3.11/site-packages/airflow/example_dags/example_sensor_decorator.py took 0.234 seconds
[2023-11-08T14:48:56.654+0000] {processor.py:157} INFO - Started process (PID=4887) to work on /home/airflow/.local/lib/python3.11/site-packages/airflow/example_dags/example_sensor_decorator.py
[2023-11-08T14:48:56.654+0000] {processor.py:829} INFO - Processing file /home/airflow/.local/lib/python3.11/site-packages/airflow/example_dags/example_sensor_decorator.py for tasks to queue
[2023-11-08T14:48:56.655+0000] {logging_mixin.py:154} INFO - [2023-11-08T14:48:56.655+0000] {dagbag.py:536} INFO - Filling up the DagBag from /home/airflow/.local/lib/python3.11/site-packages/airflow/example_dags/example_sensor_decorator.py
[2023-11-08T14:48:56.660+0000] {processor.py:839} INFO - DAG(s) dict_keys(['example_sensor_decorator']) retrieved from /home/airflow/.local/lib/python3.11/site-packages/airflow/example_dags/example_sensor_decorator.py
[2023-11-08T14:48:56.675+0000] {logging_mixin.py:154} INFO - [2023-11-08T14:48:56.675+0000] {dag.py:2941} INFO - Sync 1 DAGs
[2023-11-08T14:48:56.683+0000] {logging_mixin.py:154} INFO - [2023-11-08T14:48:56.683+0000] {dag.py:3722} INFO - Setting next_dagrun for example_sensor_decorator to None, run_after=None
[2023-11-08T14:48:56.696+0000] {processor.py:179} INFO - Processing /home/airflow/.local/lib/python3.11/site-packages/airflow/example_dags/example_sensor_decorator.py took 0.045 seconds
[2023-11-08T14:49:26.715+0000] {processor.py:157} INFO - Started process (PID=4962) to work on /home/airflow/.local/lib/python3.11/site-packages/airflow/example_dags/example_sensor_decorator.py
[2023-11-08T14:49:26.716+0000] {processor.py:829} INFO - Processing file /home/airflow/.local/lib/python3.11/site-packages/airflow/example_dags/example_sensor_decorator.py for tasks to queue
[2023-11-08T14:49:26.718+0000] {logging_mixin.py:154} INFO - [2023-11-08T14:49:26.718+0000] {dagbag.py:536} INFO - Filling up the DagBag from /home/airflow/.local/lib/python3.11/site-packages/airflow/example_dags/example_sensor_decorator.py
[2023-11-08T14:49:26.722+0000] {processor.py:839} INFO - DAG(s) dict_keys(['example_sensor_decorator']) retrieved from /home/airflow/.local/lib/python3.11/site-packages/airflow/example_dags/example_sensor_decorator.py
[2023-11-08T14:49:26.738+0000] {logging_mixin.py:154} INFO - [2023-11-08T14:49:26.737+0000] {dag.py:2941} INFO - Sync 1 DAGs
[2023-11-08T14:49:26.747+0000] {logging_mixin.py:154} INFO - [2023-11-08T14:49:26.747+0000] {dag.py:3722} INFO - Setting next_dagrun for example_sensor_decorator to None, run_after=None
[2023-11-08T14:49:26.760+0000] {processor.py:179} INFO - Processing /home/airflow/.local/lib/python3.11/site-packages/airflow/example_dags/example_sensor_decorator.py took 0.047 seconds
[2023-11-08T14:49:57.068+0000] {processor.py:157} INFO - Started process (PID=5039) to work on /home/airflow/.local/lib/python3.11/site-packages/airflow/example_dags/example_sensor_decorator.py
[2023-11-08T14:49:57.068+0000] {processor.py:829} INFO - Processing file /home/airflow/.local/lib/python3.11/site-packages/airflow/example_dags/example_sensor_decorator.py for tasks to queue
[2023-11-08T14:49:57.070+0000] {logging_mixin.py:154} INFO - [2023-11-08T14:49:57.070+0000] {dagbag.py:536} INFO - Filling up the DagBag from /home/airflow/.local/lib/python3.11/site-packages/airflow/example_dags/example_sensor_decorator.py
[2023-11-08T14:49:57.074+0000] {processor.py:839} INFO - DAG(s) dict_keys(['example_sensor_decorator']) retrieved from /home/airflow/.local/lib/python3.11/site-packages/airflow/example_dags/example_sensor_decorator.py
[2023-11-08T14:49:57.090+0000] {logging_mixin.py:154} INFO - [2023-11-08T14:49:57.089+0000] {dag.py:2941} INFO - Sync 1 DAGs
[2023-11-08T14:49:57.100+0000] {logging_mixin.py:154} INFO - [2023-11-08T14:49:57.100+0000] {dag.py:3722} INFO - Setting next_dagrun for example_sensor_decorator to None, run_after=None
[2023-11-08T14:49:57.113+0000] {processor.py:179} INFO - Processing /home/airflow/.local/lib/python3.11/site-packages/airflow/example_dags/example_sensor_decorator.py took 0.048 seconds
[2023-11-08T14:50:27.316+0000] {processor.py:157} INFO - Started process (PID=5115) to work on /home/airflow/.local/lib/python3.11/site-packages/airflow/example_dags/example_sensor_decorator.py
[2023-11-08T14:50:27.316+0000] {processor.py:829} INFO - Processing file /home/airflow/.local/lib/python3.11/site-packages/airflow/example_dags/example_sensor_decorator.py for tasks to queue
[2023-11-08T14:50:27.318+0000] {logging_mixin.py:154} INFO - [2023-11-08T14:50:27.318+0000] {dagbag.py:536} INFO - Filling up the DagBag from /home/airflow/.local/lib/python3.11/site-packages/airflow/example_dags/example_sensor_decorator.py
[2023-11-08T14:50:27.322+0000] {processor.py:839} INFO - DAG(s) dict_keys(['example_sensor_decorator']) retrieved from /home/airflow/.local/lib/python3.11/site-packages/airflow/example_dags/example_sensor_decorator.py
[2023-11-08T14:50:27.338+0000] {logging_mixin.py:154} INFO - [2023-11-08T14:50:27.338+0000] {dag.py:2941} INFO - Sync 1 DAGs
[2023-11-08T14:50:27.349+0000] {logging_mixin.py:154} INFO - [2023-11-08T14:50:27.349+0000] {dag.py:3722} INFO - Setting next_dagrun for example_sensor_decorator to None, run_after=None
[2023-11-08T14:50:27.364+0000] {processor.py:179} INFO - Processing /home/airflow/.local/lib/python3.11/site-packages/airflow/example_dags/example_sensor_decorator.py took 0.051 seconds
[2023-11-08T14:50:57.759+0000] {processor.py:157} INFO - Started process (PID=5191) to work on /home/airflow/.local/lib/python3.11/site-packages/airflow/example_dags/example_sensor_decorator.py
[2023-11-08T14:50:57.760+0000] {processor.py:829} INFO - Processing file /home/airflow/.local/lib/python3.11/site-packages/airflow/example_dags/example_sensor_decorator.py for tasks to queue
[2023-11-08T14:50:57.761+0000] {logging_mixin.py:154} INFO - [2023-11-08T14:50:57.761+0000] {dagbag.py:536} INFO - Filling up the DagBag from /home/airflow/.local/lib/python3.11/site-packages/airflow/example_dags/example_sensor_decorator.py
[2023-11-08T14:50:57.765+0000] {processor.py:839} INFO - DAG(s) dict_keys(['example_sensor_decorator']) retrieved from /home/airflow/.local/lib/python3.11/site-packages/airflow/example_dags/example_sensor_decorator.py
[2023-11-08T14:50:57.780+0000] {logging_mixin.py:154} INFO - [2023-11-08T14:50:57.780+0000] {dag.py:2941} INFO - Sync 1 DAGs
[2023-11-08T14:50:57.791+0000] {logging_mixin.py:154} INFO - [2023-11-08T14:50:57.790+0000] {dag.py:3722} INFO - Setting next_dagrun for example_sensor_decorator to None, run_after=None
[2023-11-08T14:50:57.805+0000] {processor.py:179} INFO - Processing /home/airflow/.local/lib/python3.11/site-packages/airflow/example_dags/example_sensor_decorator.py took 0.048 seconds
[2023-11-08T14:51:28.670+0000] {processor.py:157} INFO - Started process (PID=5267) to work on /home/airflow/.local/lib/python3.11/site-packages/airflow/example_dags/example_sensor_decorator.py
[2023-11-08T14:51:28.671+0000] {processor.py:829} INFO - Processing file /home/airflow/.local/lib/python3.11/site-packages/airflow/example_dags/example_sensor_decorator.py for tasks to queue
[2023-11-08T14:51:28.673+0000] {logging_mixin.py:154} INFO - [2023-11-08T14:51:28.673+0000] {dagbag.py:536} INFO - Filling up the DagBag from /home/airflow/.local/lib/python3.11/site-packages/airflow/example_dags/example_sensor_decorator.py
[2023-11-08T14:51:28.677+0000] {processor.py:839} INFO - DAG(s) dict_keys(['example_sensor_decorator']) retrieved from /home/airflow/.local/lib/python3.11/site-packages/airflow/example_dags/example_sensor_decorator.py
[2023-11-08T14:51:28.691+0000] {logging_mixin.py:154} INFO - [2023-11-08T14:51:28.691+0000] {dag.py:2941} INFO - Sync 1 DAGs
[2023-11-08T14:51:28.700+0000] {logging_mixin.py:154} INFO - [2023-11-08T14:51:28.700+0000] {dag.py:3722} INFO - Setting next_dagrun for example_sensor_decorator to None, run_after=None
[2023-11-08T14:51:28.716+0000] {processor.py:179} INFO - Processing /home/airflow/.local/lib/python3.11/site-packages/airflow/example_dags/example_sensor_decorator.py took 0.048 seconds
[2023-11-08T14:51:59.250+0000] {processor.py:157} INFO - Started process (PID=5343) to work on /home/airflow/.local/lib/python3.11/site-packages/airflow/example_dags/example_sensor_decorator.py
[2023-11-08T14:51:59.251+0000] {processor.py:829} INFO - Processing file /home/airflow/.local/lib/python3.11/site-packages/airflow/example_dags/example_sensor_decorator.py for tasks to queue
[2023-11-08T14:51:59.253+0000] {logging_mixin.py:154} INFO - [2023-11-08T14:51:59.253+0000] {dagbag.py:536} INFO - Filling up the DagBag from /home/airflow/.local/lib/python3.11/site-packages/airflow/example_dags/example_sensor_decorator.py
[2023-11-08T14:51:59.262+0000] {processor.py:839} INFO - DAG(s) dict_keys(['example_sensor_decorator']) retrieved from /home/airflow/.local/lib/python3.11/site-packages/airflow/example_dags/example_sensor_decorator.py
[2023-11-08T14:51:59.289+0000] {logging_mixin.py:154} INFO - [2023-11-08T14:51:59.288+0000] {dag.py:2941} INFO - Sync 1 DAGs
[2023-11-08T14:51:59.306+0000] {logging_mixin.py:154} INFO - [2023-11-08T14:51:59.306+0000] {dag.py:3722} INFO - Setting next_dagrun for example_sensor_decorator to None, run_after=None
[2023-11-08T14:51:59.331+0000] {processor.py:179} INFO - Processing /home/airflow/.local/lib/python3.11/site-packages/airflow/example_dags/example_sensor_decorator.py took 0.084 seconds
