[2023-11-08T14:16:23.668+0000] {processor.py:157} INFO - Started process (PID=85) to work on /home/airflow/.local/lib/python3.11/site-packages/airflow/example_dags/example_task_group.py
[2023-11-08T14:16:23.671+0000] {processor.py:829} INFO - Processing file /home/airflow/.local/lib/python3.11/site-packages/airflow/example_dags/example_task_group.py for tasks to queue
[2023-11-08T14:16:23.676+0000] {logging_mixin.py:154} INFO - [2023-11-08T14:16:23.675+0000] {dagbag.py:536} INFO - Filling up the DagBag from /home/airflow/.local/lib/python3.11/site-packages/airflow/example_dags/example_task_group.py
[2023-11-08T14:16:23.700+0000] {processor.py:839} INFO - DAG(s) dict_keys(['example_task_group']) retrieved from /home/airflow/.local/lib/python3.11/site-packages/airflow/example_dags/example_task_group.py
[2023-11-08T14:16:24.064+0000] {logging_mixin.py:154} INFO - [2023-11-08T14:16:24.063+0000] {manager.py:499} INFO - Created Permission View: %s
[2023-11-08T14:16:24.111+0000] {logging_mixin.py:154} INFO - [2023-11-08T14:16:24.110+0000] {manager.py:499} INFO - Created Permission View: %s
[2023-11-08T14:16:24.141+0000] {logging_mixin.py:154} INFO - [2023-11-08T14:16:24.140+0000] {manager.py:499} INFO - Created Permission View: %s
[2023-11-08T14:16:24.142+0000] {logging_mixin.py:154} INFO - [2023-11-08T14:16:24.141+0000] {dag.py:2941} INFO - Sync 1 DAGs
[2023-11-08T14:16:24.194+0000] {logging_mixin.py:154} INFO - [2023-11-08T14:16:24.194+0000] {dag.py:2963} INFO - Creating ORM DAG for example_task_group
[2023-11-08T14:16:24.232+0000] {logging_mixin.py:154} INFO - [2023-11-08T14:16:24.232+0000] {dag.py:3722} INFO - Setting next_dagrun for example_task_group to 2023-11-07T14:16:24.231523+00:00, run_after=2023-11-08T14:16:24.231523+00:00
[2023-11-08T14:16:24.287+0000] {processor.py:179} INFO - Processing /home/airflow/.local/lib/python3.11/site-packages/airflow/example_dags/example_task_group.py took 0.627 seconds
[2023-11-08T14:16:54.577+0000] {processor.py:157} INFO - Started process (PID=161) to work on /home/airflow/.local/lib/python3.11/site-packages/airflow/example_dags/example_task_group.py
[2023-11-08T14:16:54.579+0000] {processor.py:829} INFO - Processing file /home/airflow/.local/lib/python3.11/site-packages/airflow/example_dags/example_task_group.py for tasks to queue
[2023-11-08T14:16:54.581+0000] {logging_mixin.py:154} INFO - [2023-11-08T14:16:54.581+0000] {dagbag.py:536} INFO - Filling up the DagBag from /home/airflow/.local/lib/python3.11/site-packages/airflow/example_dags/example_task_group.py
[2023-11-08T14:16:54.592+0000] {processor.py:839} INFO - DAG(s) dict_keys(['example_task_group']) retrieved from /home/airflow/.local/lib/python3.11/site-packages/airflow/example_dags/example_task_group.py
[2023-11-08T14:16:54.631+0000] {logging_mixin.py:154} INFO - [2023-11-08T14:16:54.631+0000] {dag.py:2941} INFO - Sync 1 DAGs
[2023-11-08T14:16:54.671+0000] {logging_mixin.py:154} INFO - [2023-11-08T14:16:54.671+0000] {dag.py:3722} INFO - Setting next_dagrun for example_task_group to 2023-11-07T14:16:54.670720+00:00, run_after=2023-11-08T14:16:54.670720+00:00
[2023-11-08T14:16:54.706+0000] {processor.py:179} INFO - Processing /home/airflow/.local/lib/python3.11/site-packages/airflow/example_dags/example_task_group.py took 0.133 seconds
[2023-11-08T14:17:25.388+0000] {processor.py:157} INFO - Started process (PID=244) to work on /home/airflow/.local/lib/python3.11/site-packages/airflow/example_dags/example_task_group.py
[2023-11-08T14:17:25.389+0000] {processor.py:829} INFO - Processing file /home/airflow/.local/lib/python3.11/site-packages/airflow/example_dags/example_task_group.py for tasks to queue
[2023-11-08T14:17:25.392+0000] {logging_mixin.py:154} INFO - [2023-11-08T14:17:25.391+0000] {dagbag.py:536} INFO - Filling up the DagBag from /home/airflow/.local/lib/python3.11/site-packages/airflow/example_dags/example_task_group.py
[2023-11-08T14:17:25.402+0000] {processor.py:839} INFO - DAG(s) dict_keys(['example_task_group']) retrieved from /home/airflow/.local/lib/python3.11/site-packages/airflow/example_dags/example_task_group.py
[2023-11-08T14:17:25.439+0000] {logging_mixin.py:154} INFO - [2023-11-08T14:17:25.438+0000] {dag.py:2941} INFO - Sync 1 DAGs
[2023-11-08T14:17:25.478+0000] {logging_mixin.py:154} INFO - [2023-11-08T14:17:25.477+0000] {dag.py:3722} INFO - Setting next_dagrun for example_task_group to 2023-11-07T14:17:25.477641+00:00, run_after=2023-11-08T14:17:25.477641+00:00
[2023-11-08T14:17:25.509+0000] {processor.py:179} INFO - Processing /home/airflow/.local/lib/python3.11/site-packages/airflow/example_dags/example_task_group.py took 0.125 seconds
[2023-11-08T14:17:56.438+0000] {processor.py:157} INFO - Started process (PID=320) to work on /home/airflow/.local/lib/python3.11/site-packages/airflow/example_dags/example_task_group.py
[2023-11-08T14:17:56.439+0000] {processor.py:829} INFO - Processing file /home/airflow/.local/lib/python3.11/site-packages/airflow/example_dags/example_task_group.py for tasks to queue
[2023-11-08T14:17:56.442+0000] {logging_mixin.py:154} INFO - [2023-11-08T14:17:56.442+0000] {dagbag.py:536} INFO - Filling up the DagBag from /home/airflow/.local/lib/python3.11/site-packages/airflow/example_dags/example_task_group.py
[2023-11-08T14:17:56.455+0000] {processor.py:839} INFO - DAG(s) dict_keys(['example_task_group']) retrieved from /home/airflow/.local/lib/python3.11/site-packages/airflow/example_dags/example_task_group.py
[2023-11-08T14:17:56.491+0000] {logging_mixin.py:154} INFO - [2023-11-08T14:17:56.490+0000] {dag.py:2941} INFO - Sync 1 DAGs
[2023-11-08T14:17:56.542+0000] {logging_mixin.py:154} INFO - [2023-11-08T14:17:56.542+0000] {dag.py:3722} INFO - Setting next_dagrun for example_task_group to 2023-11-07T14:17:56.541799+00:00, run_after=2023-11-08T14:17:56.541799+00:00
[2023-11-08T14:17:56.580+0000] {processor.py:179} INFO - Processing /home/airflow/.local/lib/python3.11/site-packages/airflow/example_dags/example_task_group.py took 0.145 seconds
[2023-11-08T14:18:27.592+0000] {processor.py:157} INFO - Started process (PID=396) to work on /home/airflow/.local/lib/python3.11/site-packages/airflow/example_dags/example_task_group.py
[2023-11-08T14:18:27.595+0000] {processor.py:829} INFO - Processing file /home/airflow/.local/lib/python3.11/site-packages/airflow/example_dags/example_task_group.py for tasks to queue
[2023-11-08T14:18:27.604+0000] {logging_mixin.py:154} INFO - [2023-11-08T14:18:27.604+0000] {dagbag.py:536} INFO - Filling up the DagBag from /home/airflow/.local/lib/python3.11/site-packages/airflow/example_dags/example_task_group.py
[2023-11-08T14:18:27.630+0000] {processor.py:839} INFO - DAG(s) dict_keys(['example_task_group']) retrieved from /home/airflow/.local/lib/python3.11/site-packages/airflow/example_dags/example_task_group.py
[2023-11-08T14:18:27.724+0000] {logging_mixin.py:154} INFO - [2023-11-08T14:18:27.723+0000] {dag.py:2941} INFO - Sync 1 DAGs
[2023-11-08T14:18:27.840+0000] {logging_mixin.py:154} INFO - [2023-11-08T14:18:27.839+0000] {dag.py:3722} INFO - Setting next_dagrun for example_task_group to 2023-11-07T14:18:27.838997+00:00, run_after=2023-11-08T14:18:27.838997+00:00
[2023-11-08T14:18:27.943+0000] {processor.py:179} INFO - Processing /home/airflow/.local/lib/python3.11/site-packages/airflow/example_dags/example_task_group.py took 0.361 seconds
[2023-11-08T14:18:58.890+0000] {processor.py:157} INFO - Started process (PID=473) to work on /home/airflow/.local/lib/python3.11/site-packages/airflow/example_dags/example_task_group.py
[2023-11-08T14:18:58.894+0000] {processor.py:829} INFO - Processing file /home/airflow/.local/lib/python3.11/site-packages/airflow/example_dags/example_task_group.py for tasks to queue
[2023-11-08T14:18:58.901+0000] {logging_mixin.py:154} INFO - [2023-11-08T14:18:58.900+0000] {dagbag.py:536} INFO - Filling up the DagBag from /home/airflow/.local/lib/python3.11/site-packages/airflow/example_dags/example_task_group.py
[2023-11-08T14:18:58.922+0000] {processor.py:839} INFO - DAG(s) dict_keys(['example_task_group']) retrieved from /home/airflow/.local/lib/python3.11/site-packages/airflow/example_dags/example_task_group.py
[2023-11-08T14:18:59.000+0000] {logging_mixin.py:154} INFO - [2023-11-08T14:18:58.999+0000] {dag.py:2941} INFO - Sync 1 DAGs
[2023-11-08T14:18:59.145+0000] {logging_mixin.py:154} INFO - [2023-11-08T14:18:59.144+0000] {dag.py:3722} INFO - Setting next_dagrun for example_task_group to 2023-11-07T14:18:59.143878+00:00, run_after=2023-11-08T14:18:59.143878+00:00
[2023-11-08T14:18:59.220+0000] {processor.py:179} INFO - Processing /home/airflow/.local/lib/python3.11/site-packages/airflow/example_dags/example_task_group.py took 0.338 seconds
[2023-11-08T14:19:38.042+0000] {processor.py:157} INFO - Started process (PID=548) to work on /home/airflow/.local/lib/python3.11/site-packages/airflow/example_dags/example_task_group.py
[2023-11-08T14:19:38.045+0000] {processor.py:829} INFO - Processing file /home/airflow/.local/lib/python3.11/site-packages/airflow/example_dags/example_task_group.py for tasks to queue
[2023-11-08T14:19:38.055+0000] {logging_mixin.py:154} INFO - [2023-11-08T14:19:38.055+0000] {dagbag.py:536} INFO - Filling up the DagBag from /home/airflow/.local/lib/python3.11/site-packages/airflow/example_dags/example_task_group.py
[2023-11-08T14:19:38.077+0000] {processor.py:839} INFO - DAG(s) dict_keys(['example_task_group']) retrieved from /home/airflow/.local/lib/python3.11/site-packages/airflow/example_dags/example_task_group.py
[2023-11-08T14:19:38.150+0000] {logging_mixin.py:154} INFO - [2023-11-08T14:19:38.149+0000] {dag.py:2941} INFO - Sync 1 DAGs
[2023-11-08T14:19:38.250+0000] {logging_mixin.py:154} INFO - [2023-11-08T14:19:38.250+0000] {dag.py:3722} INFO - Setting next_dagrun for example_task_group to 2023-11-07T14:19:38.247897+00:00, run_after=2023-11-08T14:19:38.247897+00:00
[2023-11-08T14:19:38.327+0000] {processor.py:179} INFO - Processing /home/airflow/.local/lib/python3.11/site-packages/airflow/example_dags/example_task_group.py took 0.292 seconds
[2023-11-08T14:20:08.762+0000] {processor.py:157} INFO - Started process (PID=625) to work on /home/airflow/.local/lib/python3.11/site-packages/airflow/example_dags/example_task_group.py
[2023-11-08T14:20:08.763+0000] {processor.py:829} INFO - Processing file /home/airflow/.local/lib/python3.11/site-packages/airflow/example_dags/example_task_group.py for tasks to queue
[2023-11-08T14:20:08.766+0000] {logging_mixin.py:154} INFO - [2023-11-08T14:20:08.766+0000] {dagbag.py:536} INFO - Filling up the DagBag from /home/airflow/.local/lib/python3.11/site-packages/airflow/example_dags/example_task_group.py
[2023-11-08T14:20:08.777+0000] {processor.py:839} INFO - DAG(s) dict_keys(['example_task_group']) retrieved from /home/airflow/.local/lib/python3.11/site-packages/airflow/example_dags/example_task_group.py
[2023-11-08T14:20:08.816+0000] {logging_mixin.py:154} INFO - [2023-11-08T14:20:08.816+0000] {dag.py:2941} INFO - Sync 1 DAGs
[2023-11-08T14:20:08.859+0000] {logging_mixin.py:154} INFO - [2023-11-08T14:20:08.859+0000] {dag.py:3722} INFO - Setting next_dagrun for example_task_group to 2023-11-07T14:20:08.859155+00:00, run_after=2023-11-08T14:20:08.859155+00:00
[2023-11-08T14:20:08.894+0000] {processor.py:179} INFO - Processing /home/airflow/.local/lib/python3.11/site-packages/airflow/example_dags/example_task_group.py took 0.136 seconds
[2023-11-08T14:20:39.867+0000] {processor.py:157} INFO - Started process (PID=701) to work on /home/airflow/.local/lib/python3.11/site-packages/airflow/example_dags/example_task_group.py
[2023-11-08T14:20:39.868+0000] {processor.py:829} INFO - Processing file /home/airflow/.local/lib/python3.11/site-packages/airflow/example_dags/example_task_group.py for tasks to queue
[2023-11-08T14:20:39.872+0000] {logging_mixin.py:154} INFO - [2023-11-08T14:20:39.872+0000] {dagbag.py:536} INFO - Filling up the DagBag from /home/airflow/.local/lib/python3.11/site-packages/airflow/example_dags/example_task_group.py
[2023-11-08T14:20:39.894+0000] {processor.py:839} INFO - DAG(s) dict_keys(['example_task_group']) retrieved from /home/airflow/.local/lib/python3.11/site-packages/airflow/example_dags/example_task_group.py
[2023-11-08T14:20:39.956+0000] {logging_mixin.py:154} INFO - [2023-11-08T14:20:39.956+0000] {dag.py:2941} INFO - Sync 1 DAGs
[2023-11-08T14:20:40.029+0000] {logging_mixin.py:154} INFO - [2023-11-08T14:20:40.028+0000] {dag.py:3722} INFO - Setting next_dagrun for example_task_group to 2023-11-07T14:20:40.027945+00:00, run_after=2023-11-08T14:20:40.027945+00:00
[2023-11-08T14:20:40.083+0000] {processor.py:179} INFO - Processing /home/airflow/.local/lib/python3.11/site-packages/airflow/example_dags/example_task_group.py took 0.225 seconds
[2023-11-08T14:21:10.596+0000] {processor.py:157} INFO - Started process (PID=777) to work on /home/airflow/.local/lib/python3.11/site-packages/airflow/example_dags/example_task_group.py
[2023-11-08T14:21:10.599+0000] {processor.py:829} INFO - Processing file /home/airflow/.local/lib/python3.11/site-packages/airflow/example_dags/example_task_group.py for tasks to queue
[2023-11-08T14:21:10.605+0000] {logging_mixin.py:154} INFO - [2023-11-08T14:21:10.604+0000] {dagbag.py:536} INFO - Filling up the DagBag from /home/airflow/.local/lib/python3.11/site-packages/airflow/example_dags/example_task_group.py
[2023-11-08T14:21:10.625+0000] {processor.py:839} INFO - DAG(s) dict_keys(['example_task_group']) retrieved from /home/airflow/.local/lib/python3.11/site-packages/airflow/example_dags/example_task_group.py
[2023-11-08T14:21:10.695+0000] {logging_mixin.py:154} INFO - [2023-11-08T14:21:10.694+0000] {dag.py:2941} INFO - Sync 1 DAGs
[2023-11-08T14:21:10.779+0000] {logging_mixin.py:154} INFO - [2023-11-08T14:21:10.779+0000] {dag.py:3722} INFO - Setting next_dagrun for example_task_group to 2023-11-07T14:21:10.778980+00:00, run_after=2023-11-08T14:21:10.778980+00:00
[2023-11-08T14:21:10.853+0000] {processor.py:179} INFO - Processing /home/airflow/.local/lib/python3.11/site-packages/airflow/example_dags/example_task_group.py took 0.262 seconds
[2023-11-08T14:21:41.235+0000] {processor.py:157} INFO - Started process (PID=851) to work on /home/airflow/.local/lib/python3.11/site-packages/airflow/example_dags/example_task_group.py
[2023-11-08T14:21:41.237+0000] {processor.py:829} INFO - Processing file /home/airflow/.local/lib/python3.11/site-packages/airflow/example_dags/example_task_group.py for tasks to queue
[2023-11-08T14:21:41.240+0000] {logging_mixin.py:154} INFO - [2023-11-08T14:21:41.239+0000] {dagbag.py:536} INFO - Filling up the DagBag from /home/airflow/.local/lib/python3.11/site-packages/airflow/example_dags/example_task_group.py
[2023-11-08T14:21:41.251+0000] {processor.py:839} INFO - DAG(s) dict_keys(['example_task_group']) retrieved from /home/airflow/.local/lib/python3.11/site-packages/airflow/example_dags/example_task_group.py
[2023-11-08T14:21:41.289+0000] {logging_mixin.py:154} INFO - [2023-11-08T14:21:41.289+0000] {dag.py:2941} INFO - Sync 1 DAGs
[2023-11-08T14:21:41.343+0000] {logging_mixin.py:154} INFO - [2023-11-08T14:21:41.342+0000] {dag.py:3722} INFO - Setting next_dagrun for example_task_group to 2023-11-07T14:21:41.342264+00:00, run_after=2023-11-08T14:21:41.342264+00:00
[2023-11-08T14:21:41.392+0000] {processor.py:179} INFO - Processing /home/airflow/.local/lib/python3.11/site-packages/airflow/example_dags/example_task_group.py took 0.162 seconds
[2023-11-08T14:22:12.139+0000] {processor.py:157} INFO - Started process (PID=927) to work on /home/airflow/.local/lib/python3.11/site-packages/airflow/example_dags/example_task_group.py
[2023-11-08T14:22:12.141+0000] {processor.py:829} INFO - Processing file /home/airflow/.local/lib/python3.11/site-packages/airflow/example_dags/example_task_group.py for tasks to queue
[2023-11-08T14:22:12.144+0000] {logging_mixin.py:154} INFO - [2023-11-08T14:22:12.143+0000] {dagbag.py:536} INFO - Filling up the DagBag from /home/airflow/.local/lib/python3.11/site-packages/airflow/example_dags/example_task_group.py
[2023-11-08T14:22:12.154+0000] {processor.py:839} INFO - DAG(s) dict_keys(['example_task_group']) retrieved from /home/airflow/.local/lib/python3.11/site-packages/airflow/example_dags/example_task_group.py
[2023-11-08T14:22:12.190+0000] {logging_mixin.py:154} INFO - [2023-11-08T14:22:12.189+0000] {dag.py:2941} INFO - Sync 1 DAGs
[2023-11-08T14:22:12.234+0000] {logging_mixin.py:154} INFO - [2023-11-08T14:22:12.234+0000] {dag.py:3722} INFO - Setting next_dagrun for example_task_group to 2023-11-07T14:22:12.233781+00:00, run_after=2023-11-08T14:22:12.233781+00:00
[2023-11-08T14:22:12.266+0000] {processor.py:179} INFO - Processing /home/airflow/.local/lib/python3.11/site-packages/airflow/example_dags/example_task_group.py took 0.130 seconds
[2023-11-08T14:22:42.404+0000] {processor.py:157} INFO - Started process (PID=1003) to work on /home/airflow/.local/lib/python3.11/site-packages/airflow/example_dags/example_task_group.py
[2023-11-08T14:22:42.406+0000] {processor.py:829} INFO - Processing file /home/airflow/.local/lib/python3.11/site-packages/airflow/example_dags/example_task_group.py for tasks to queue
[2023-11-08T14:22:42.410+0000] {logging_mixin.py:154} INFO - [2023-11-08T14:22:42.409+0000] {dagbag.py:536} INFO - Filling up the DagBag from /home/airflow/.local/lib/python3.11/site-packages/airflow/example_dags/example_task_group.py
[2023-11-08T14:22:42.423+0000] {processor.py:839} INFO - DAG(s) dict_keys(['example_task_group']) retrieved from /home/airflow/.local/lib/python3.11/site-packages/airflow/example_dags/example_task_group.py
[2023-11-08T14:22:42.460+0000] {logging_mixin.py:154} INFO - [2023-11-08T14:22:42.460+0000] {dag.py:2941} INFO - Sync 1 DAGs
[2023-11-08T14:22:42.502+0000] {logging_mixin.py:154} INFO - [2023-11-08T14:22:42.502+0000] {dag.py:3722} INFO - Setting next_dagrun for example_task_group to 2023-11-07T14:22:42.501660+00:00, run_after=2023-11-08T14:22:42.501660+00:00
[2023-11-08T14:22:42.541+0000] {processor.py:179} INFO - Processing /home/airflow/.local/lib/python3.11/site-packages/airflow/example_dags/example_task_group.py took 0.141 seconds
[2023-11-08T14:23:12.654+0000] {processor.py:157} INFO - Started process (PID=1079) to work on /home/airflow/.local/lib/python3.11/site-packages/airflow/example_dags/example_task_group.py
[2023-11-08T14:23:12.656+0000] {processor.py:829} INFO - Processing file /home/airflow/.local/lib/python3.11/site-packages/airflow/example_dags/example_task_group.py for tasks to queue
[2023-11-08T14:23:12.659+0000] {logging_mixin.py:154} INFO - [2023-11-08T14:23:12.659+0000] {dagbag.py:536} INFO - Filling up the DagBag from /home/airflow/.local/lib/python3.11/site-packages/airflow/example_dags/example_task_group.py
[2023-11-08T14:23:12.671+0000] {processor.py:839} INFO - DAG(s) dict_keys(['example_task_group']) retrieved from /home/airflow/.local/lib/python3.11/site-packages/airflow/example_dags/example_task_group.py
[2023-11-08T14:23:12.710+0000] {logging_mixin.py:154} INFO - [2023-11-08T14:23:12.710+0000] {dag.py:2941} INFO - Sync 1 DAGs
[2023-11-08T14:23:12.759+0000] {logging_mixin.py:154} INFO - [2023-11-08T14:23:12.758+0000] {dag.py:3722} INFO - Setting next_dagrun for example_task_group to 2023-11-07T14:23:12.757989+00:00, run_after=2023-11-08T14:23:12.757989+00:00
[2023-11-08T14:23:12.821+0000] {processor.py:179} INFO - Processing /home/airflow/.local/lib/python3.11/site-packages/airflow/example_dags/example_task_group.py took 0.171 seconds
[2023-11-08T14:23:56.625+0000] {processor.py:157} INFO - Started process (PID=1155) to work on /home/airflow/.local/lib/python3.11/site-packages/airflow/example_dags/example_task_group.py
[2023-11-08T14:23:56.627+0000] {processor.py:829} INFO - Processing file /home/airflow/.local/lib/python3.11/site-packages/airflow/example_dags/example_task_group.py for tasks to queue
[2023-11-08T14:23:56.637+0000] {logging_mixin.py:154} INFO - [2023-11-08T14:23:56.632+0000] {dagbag.py:536} INFO - Filling up the DagBag from /home/airflow/.local/lib/python3.11/site-packages/airflow/example_dags/example_task_group.py
[2023-11-08T14:23:56.699+0000] {processor.py:839} INFO - DAG(s) dict_keys(['example_task_group']) retrieved from /home/airflow/.local/lib/python3.11/site-packages/airflow/example_dags/example_task_group.py
[2023-11-08T14:23:56.796+0000] {logging_mixin.py:154} INFO - [2023-11-08T14:23:56.796+0000] {dag.py:2941} INFO - Sync 1 DAGs
[2023-11-08T14:23:56.872+0000] {logging_mixin.py:154} INFO - [2023-11-08T14:23:56.872+0000] {dag.py:3722} INFO - Setting next_dagrun for example_task_group to 2023-11-07T14:23:56.871679+00:00, run_after=2023-11-08T14:23:56.871679+00:00
[2023-11-08T14:23:56.948+0000] {processor.py:179} INFO - Processing /home/airflow/.local/lib/python3.11/site-packages/airflow/example_dags/example_task_group.py took 0.333 seconds
[2023-11-08T14:24:31.932+0000] {processor.py:157} INFO - Started process (PID=1238) to work on /home/airflow/.local/lib/python3.11/site-packages/airflow/example_dags/example_task_group.py
[2023-11-08T14:24:31.936+0000] {processor.py:829} INFO - Processing file /home/airflow/.local/lib/python3.11/site-packages/airflow/example_dags/example_task_group.py for tasks to queue
[2023-11-08T14:24:31.943+0000] {logging_mixin.py:154} INFO - [2023-11-08T14:24:31.943+0000] {dagbag.py:536} INFO - Filling up the DagBag from /home/airflow/.local/lib/python3.11/site-packages/airflow/example_dags/example_task_group.py
[2023-11-08T14:24:31.976+0000] {processor.py:839} INFO - DAG(s) dict_keys(['example_task_group']) retrieved from /home/airflow/.local/lib/python3.11/site-packages/airflow/example_dags/example_task_group.py
[2023-11-08T14:24:32.065+0000] {logging_mixin.py:154} INFO - [2023-11-08T14:24:32.064+0000] {dag.py:2941} INFO - Sync 1 DAGs
[2023-11-08T14:24:32.201+0000] {logging_mixin.py:154} INFO - [2023-11-08T14:24:32.200+0000] {dag.py:3722} INFO - Setting next_dagrun for example_task_group to 2023-11-07T14:24:32.193666+00:00, run_after=2023-11-08T14:24:32.193666+00:00
[2023-11-08T14:24:32.293+0000] {processor.py:179} INFO - Processing /home/airflow/.local/lib/python3.11/site-packages/airflow/example_dags/example_task_group.py took 0.392 seconds
[2023-11-08T14:25:03.120+0000] {processor.py:157} INFO - Started process (PID=1314) to work on /home/airflow/.local/lib/python3.11/site-packages/airflow/example_dags/example_task_group.py
[2023-11-08T14:25:03.122+0000] {processor.py:829} INFO - Processing file /home/airflow/.local/lib/python3.11/site-packages/airflow/example_dags/example_task_group.py for tasks to queue
[2023-11-08T14:25:03.125+0000] {logging_mixin.py:154} INFO - [2023-11-08T14:25:03.124+0000] {dagbag.py:536} INFO - Filling up the DagBag from /home/airflow/.local/lib/python3.11/site-packages/airflow/example_dags/example_task_group.py
[2023-11-08T14:25:03.137+0000] {processor.py:839} INFO - DAG(s) dict_keys(['example_task_group']) retrieved from /home/airflow/.local/lib/python3.11/site-packages/airflow/example_dags/example_task_group.py
[2023-11-08T14:25:03.174+0000] {logging_mixin.py:154} INFO - [2023-11-08T14:25:03.174+0000] {dag.py:2941} INFO - Sync 1 DAGs
[2023-11-08T14:25:03.220+0000] {logging_mixin.py:154} INFO - [2023-11-08T14:25:03.220+0000] {dag.py:3722} INFO - Setting next_dagrun for example_task_group to 2023-11-07T14:25:03.220017+00:00, run_after=2023-11-08T14:25:03.220017+00:00
[2023-11-08T14:25:03.256+0000] {processor.py:179} INFO - Processing /home/airflow/.local/lib/python3.11/site-packages/airflow/example_dags/example_task_group.py took 0.140 seconds
[2023-11-08T14:25:34.133+0000] {processor.py:157} INFO - Started process (PID=1392) to work on /home/airflow/.local/lib/python3.11/site-packages/airflow/example_dags/example_task_group.py
[2023-11-08T14:25:34.134+0000] {processor.py:829} INFO - Processing file /home/airflow/.local/lib/python3.11/site-packages/airflow/example_dags/example_task_group.py for tasks to queue
[2023-11-08T14:25:34.137+0000] {logging_mixin.py:154} INFO - [2023-11-08T14:25:34.137+0000] {dagbag.py:536} INFO - Filling up the DagBag from /home/airflow/.local/lib/python3.11/site-packages/airflow/example_dags/example_task_group.py
[2023-11-08T14:25:34.151+0000] {processor.py:839} INFO - DAG(s) dict_keys(['example_task_group']) retrieved from /home/airflow/.local/lib/python3.11/site-packages/airflow/example_dags/example_task_group.py
[2023-11-08T14:25:34.186+0000] {logging_mixin.py:154} INFO - [2023-11-08T14:25:34.186+0000] {dag.py:2941} INFO - Sync 1 DAGs
[2023-11-08T14:25:34.231+0000] {logging_mixin.py:154} INFO - [2023-11-08T14:25:34.230+0000] {dag.py:3722} INFO - Setting next_dagrun for example_task_group to 2023-11-07T14:25:34.230291+00:00, run_after=2023-11-08T14:25:34.230291+00:00
[2023-11-08T14:25:34.267+0000] {processor.py:179} INFO - Processing /home/airflow/.local/lib/python3.11/site-packages/airflow/example_dags/example_task_group.py took 0.139 seconds
[2023-11-08T14:26:05.166+0000] {processor.py:157} INFO - Started process (PID=1487) to work on /home/airflow/.local/lib/python3.11/site-packages/airflow/example_dags/example_task_group.py
[2023-11-08T14:26:05.168+0000] {processor.py:829} INFO - Processing file /home/airflow/.local/lib/python3.11/site-packages/airflow/example_dags/example_task_group.py for tasks to queue
[2023-11-08T14:26:05.174+0000] {logging_mixin.py:154} INFO - [2023-11-08T14:26:05.174+0000] {dagbag.py:536} INFO - Filling up the DagBag from /home/airflow/.local/lib/python3.11/site-packages/airflow/example_dags/example_task_group.py
[2023-11-08T14:26:05.207+0000] {processor.py:839} INFO - DAG(s) dict_keys(['example_task_group']) retrieved from /home/airflow/.local/lib/python3.11/site-packages/airflow/example_dags/example_task_group.py
[2023-11-08T14:26:05.273+0000] {logging_mixin.py:154} INFO - [2023-11-08T14:26:05.272+0000] {dag.py:2941} INFO - Sync 1 DAGs
[2023-11-08T14:26:05.347+0000] {logging_mixin.py:154} INFO - [2023-11-08T14:26:05.346+0000] {dag.py:3722} INFO - Setting next_dagrun for example_task_group to 2023-11-07T14:26:05.346311+00:00, run_after=2023-11-08T14:26:05.346311+00:00
[2023-11-08T14:26:05.403+0000] {processor.py:179} INFO - Processing /home/airflow/.local/lib/python3.11/site-packages/airflow/example_dags/example_task_group.py took 0.248 seconds
[2023-11-08T14:26:35.458+0000] {processor.py:157} INFO - Started process (PID=1544) to work on /home/airflow/.local/lib/python3.11/site-packages/airflow/example_dags/example_task_group.py
[2023-11-08T14:26:35.459+0000] {processor.py:829} INFO - Processing file /home/airflow/.local/lib/python3.11/site-packages/airflow/example_dags/example_task_group.py for tasks to queue
[2023-11-08T14:26:35.463+0000] {logging_mixin.py:154} INFO - [2023-11-08T14:26:35.463+0000] {dagbag.py:536} INFO - Filling up the DagBag from /home/airflow/.local/lib/python3.11/site-packages/airflow/example_dags/example_task_group.py
[2023-11-08T14:26:35.473+0000] {processor.py:839} INFO - DAG(s) dict_keys(['example_task_group']) retrieved from /home/airflow/.local/lib/python3.11/site-packages/airflow/example_dags/example_task_group.py
[2023-11-08T14:26:35.512+0000] {logging_mixin.py:154} INFO - [2023-11-08T14:26:35.511+0000] {dag.py:2941} INFO - Sync 1 DAGs
[2023-11-08T14:26:35.552+0000] {logging_mixin.py:154} INFO - [2023-11-08T14:26:35.552+0000] {dag.py:3722} INFO - Setting next_dagrun for example_task_group to 2023-11-07T14:26:35.551930+00:00, run_after=2023-11-08T14:26:35.551930+00:00
[2023-11-08T14:26:35.585+0000] {processor.py:179} INFO - Processing /home/airflow/.local/lib/python3.11/site-packages/airflow/example_dags/example_task_group.py took 0.132 seconds
[2023-11-08T14:27:05.800+0000] {processor.py:157} INFO - Started process (PID=1620) to work on /home/airflow/.local/lib/python3.11/site-packages/airflow/example_dags/example_task_group.py
[2023-11-08T14:27:05.800+0000] {processor.py:829} INFO - Processing file /home/airflow/.local/lib/python3.11/site-packages/airflow/example_dags/example_task_group.py for tasks to queue
[2023-11-08T14:27:05.805+0000] {logging_mixin.py:154} INFO - [2023-11-08T14:27:05.804+0000] {dagbag.py:536} INFO - Filling up the DagBag from /home/airflow/.local/lib/python3.11/site-packages/airflow/example_dags/example_task_group.py
[2023-11-08T14:27:05.817+0000] {processor.py:839} INFO - DAG(s) dict_keys(['example_task_group']) retrieved from /home/airflow/.local/lib/python3.11/site-packages/airflow/example_dags/example_task_group.py
[2023-11-08T14:27:05.866+0000] {logging_mixin.py:154} INFO - [2023-11-08T14:27:05.866+0000] {dag.py:2941} INFO - Sync 1 DAGs
[2023-11-08T14:27:05.910+0000] {logging_mixin.py:154} INFO - [2023-11-08T14:27:05.910+0000] {dag.py:3722} INFO - Setting next_dagrun for example_task_group to 2023-11-07T14:27:05.910250+00:00, run_after=2023-11-08T14:27:05.910250+00:00
[2023-11-08T14:27:05.946+0000] {processor.py:179} INFO - Processing /home/airflow/.local/lib/python3.11/site-packages/airflow/example_dags/example_task_group.py took 0.151 seconds
[2023-11-08T14:27:36.347+0000] {processor.py:157} INFO - Started process (PID=1696) to work on /home/airflow/.local/lib/python3.11/site-packages/airflow/example_dags/example_task_group.py
[2023-11-08T14:27:36.348+0000] {processor.py:829} INFO - Processing file /home/airflow/.local/lib/python3.11/site-packages/airflow/example_dags/example_task_group.py for tasks to queue
[2023-11-08T14:27:36.352+0000] {logging_mixin.py:154} INFO - [2023-11-08T14:27:36.351+0000] {dagbag.py:536} INFO - Filling up the DagBag from /home/airflow/.local/lib/python3.11/site-packages/airflow/example_dags/example_task_group.py
[2023-11-08T14:27:36.363+0000] {processor.py:839} INFO - DAG(s) dict_keys(['example_task_group']) retrieved from /home/airflow/.local/lib/python3.11/site-packages/airflow/example_dags/example_task_group.py
[2023-11-08T14:27:36.401+0000] {logging_mixin.py:154} INFO - [2023-11-08T14:27:36.401+0000] {dag.py:2941} INFO - Sync 1 DAGs
[2023-11-08T14:27:36.441+0000] {logging_mixin.py:154} INFO - [2023-11-08T14:27:36.441+0000] {dag.py:3722} INFO - Setting next_dagrun for example_task_group to 2023-11-07T14:27:36.441085+00:00, run_after=2023-11-08T14:27:36.441085+00:00
[2023-11-08T14:27:36.474+0000] {processor.py:179} INFO - Processing /home/airflow/.local/lib/python3.11/site-packages/airflow/example_dags/example_task_group.py took 0.132 seconds
[2023-11-08T14:28:07.482+0000] {processor.py:157} INFO - Started process (PID=1772) to work on /home/airflow/.local/lib/python3.11/site-packages/airflow/example_dags/example_task_group.py
[2023-11-08T14:28:07.484+0000] {processor.py:829} INFO - Processing file /home/airflow/.local/lib/python3.11/site-packages/airflow/example_dags/example_task_group.py for tasks to queue
[2023-11-08T14:28:07.488+0000] {logging_mixin.py:154} INFO - [2023-11-08T14:28:07.487+0000] {dagbag.py:536} INFO - Filling up the DagBag from /home/airflow/.local/lib/python3.11/site-packages/airflow/example_dags/example_task_group.py
[2023-11-08T14:28:07.502+0000] {processor.py:839} INFO - DAG(s) dict_keys(['example_task_group']) retrieved from /home/airflow/.local/lib/python3.11/site-packages/airflow/example_dags/example_task_group.py
[2023-11-08T14:28:07.538+0000] {logging_mixin.py:154} INFO - [2023-11-08T14:28:07.538+0000] {dag.py:2941} INFO - Sync 1 DAGs
[2023-11-08T14:28:07.611+0000] {logging_mixin.py:154} INFO - [2023-11-08T14:28:07.611+0000] {dag.py:3722} INFO - Setting next_dagrun for example_task_group to 2023-11-07T14:28:07.610766+00:00, run_after=2023-11-08T14:28:07.610766+00:00
[2023-11-08T14:28:07.676+0000] {processor.py:179} INFO - Processing /home/airflow/.local/lib/python3.11/site-packages/airflow/example_dags/example_task_group.py took 0.199 seconds
[2023-11-08T14:28:38.103+0000] {processor.py:157} INFO - Started process (PID=1848) to work on /home/airflow/.local/lib/python3.11/site-packages/airflow/example_dags/example_task_group.py
[2023-11-08T14:28:38.104+0000] {processor.py:829} INFO - Processing file /home/airflow/.local/lib/python3.11/site-packages/airflow/example_dags/example_task_group.py for tasks to queue
[2023-11-08T14:28:38.107+0000] {logging_mixin.py:154} INFO - [2023-11-08T14:28:38.107+0000] {dagbag.py:536} INFO - Filling up the DagBag from /home/airflow/.local/lib/python3.11/site-packages/airflow/example_dags/example_task_group.py
[2023-11-08T14:28:38.127+0000] {processor.py:839} INFO - DAG(s) dict_keys(['example_task_group']) retrieved from /home/airflow/.local/lib/python3.11/site-packages/airflow/example_dags/example_task_group.py
[2023-11-08T14:28:38.165+0000] {logging_mixin.py:154} INFO - [2023-11-08T14:28:38.165+0000] {dag.py:2941} INFO - Sync 1 DAGs
[2023-11-08T14:28:38.270+0000] {logging_mixin.py:154} INFO - [2023-11-08T14:28:38.269+0000] {dag.py:3722} INFO - Setting next_dagrun for example_task_group to 2023-11-07T14:28:38.266961+00:00, run_after=2023-11-08T14:28:38.266961+00:00
[2023-11-08T14:28:38.473+0000] {processor.py:179} INFO - Processing /home/airflow/.local/lib/python3.11/site-packages/airflow/example_dags/example_task_group.py took 0.386 seconds
[2023-11-08T14:29:09.116+0000] {processor.py:157} INFO - Started process (PID=1924) to work on /home/airflow/.local/lib/python3.11/site-packages/airflow/example_dags/example_task_group.py
[2023-11-08T14:29:09.118+0000] {processor.py:829} INFO - Processing file /home/airflow/.local/lib/python3.11/site-packages/airflow/example_dags/example_task_group.py for tasks to queue
[2023-11-08T14:29:09.121+0000] {logging_mixin.py:154} INFO - [2023-11-08T14:29:09.121+0000] {dagbag.py:536} INFO - Filling up the DagBag from /home/airflow/.local/lib/python3.11/site-packages/airflow/example_dags/example_task_group.py
[2023-11-08T14:29:09.133+0000] {processor.py:839} INFO - DAG(s) dict_keys(['example_task_group']) retrieved from /home/airflow/.local/lib/python3.11/site-packages/airflow/example_dags/example_task_group.py
[2023-11-08T14:29:09.171+0000] {logging_mixin.py:154} INFO - [2023-11-08T14:29:09.171+0000] {dag.py:2941} INFO - Sync 1 DAGs
[2023-11-08T14:29:09.214+0000] {logging_mixin.py:154} INFO - [2023-11-08T14:29:09.214+0000] {dag.py:3722} INFO - Setting next_dagrun for example_task_group to 2023-11-07T14:29:09.214114+00:00, run_after=2023-11-08T14:29:09.214114+00:00
[2023-11-08T14:29:09.250+0000] {processor.py:179} INFO - Processing /home/airflow/.local/lib/python3.11/site-packages/airflow/example_dags/example_task_group.py took 0.138 seconds
[2023-11-08T14:29:39.844+0000] {processor.py:157} INFO - Started process (PID=2019) to work on /home/airflow/.local/lib/python3.11/site-packages/airflow/example_dags/example_task_group.py
[2023-11-08T14:29:39.845+0000] {processor.py:829} INFO - Processing file /home/airflow/.local/lib/python3.11/site-packages/airflow/example_dags/example_task_group.py for tasks to queue
[2023-11-08T14:29:39.848+0000] {logging_mixin.py:154} INFO - [2023-11-08T14:29:39.848+0000] {dagbag.py:536} INFO - Filling up the DagBag from /home/airflow/.local/lib/python3.11/site-packages/airflow/example_dags/example_task_group.py
[2023-11-08T14:29:39.861+0000] {processor.py:839} INFO - DAG(s) dict_keys(['example_task_group']) retrieved from /home/airflow/.local/lib/python3.11/site-packages/airflow/example_dags/example_task_group.py
[2023-11-08T14:29:39.900+0000] {logging_mixin.py:154} INFO - [2023-11-08T14:29:39.900+0000] {dag.py:2941} INFO - Sync 1 DAGs
[2023-11-08T14:29:39.945+0000] {logging_mixin.py:154} INFO - [2023-11-08T14:29:39.944+0000] {dag.py:3722} INFO - Setting next_dagrun for example_task_group to 2023-11-07T14:29:39.944374+00:00, run_after=2023-11-08T14:29:39.944374+00:00
[2023-11-08T14:29:39.981+0000] {processor.py:179} INFO - Processing /home/airflow/.local/lib/python3.11/site-packages/airflow/example_dags/example_task_group.py took 0.142 seconds
[2023-11-08T14:30:10.256+0000] {processor.py:157} INFO - Started process (PID=2076) to work on /home/airflow/.local/lib/python3.11/site-packages/airflow/example_dags/example_task_group.py
[2023-11-08T14:30:10.258+0000] {processor.py:829} INFO - Processing file /home/airflow/.local/lib/python3.11/site-packages/airflow/example_dags/example_task_group.py for tasks to queue
[2023-11-08T14:30:10.261+0000] {logging_mixin.py:154} INFO - [2023-11-08T14:30:10.260+0000] {dagbag.py:536} INFO - Filling up the DagBag from /home/airflow/.local/lib/python3.11/site-packages/airflow/example_dags/example_task_group.py
[2023-11-08T14:30:10.271+0000] {processor.py:839} INFO - DAG(s) dict_keys(['example_task_group']) retrieved from /home/airflow/.local/lib/python3.11/site-packages/airflow/example_dags/example_task_group.py
[2023-11-08T14:30:10.310+0000] {logging_mixin.py:154} INFO - [2023-11-08T14:30:10.310+0000] {dag.py:2941} INFO - Sync 1 DAGs
[2023-11-08T14:30:10.351+0000] {logging_mixin.py:154} INFO - [2023-11-08T14:30:10.351+0000] {dag.py:3722} INFO - Setting next_dagrun for example_task_group to 2023-11-07T14:30:10.351077+00:00, run_after=2023-11-08T14:30:10.351077+00:00
[2023-11-08T14:30:10.383+0000] {processor.py:179} INFO - Processing /home/airflow/.local/lib/python3.11/site-packages/airflow/example_dags/example_task_group.py took 0.131 seconds
[2023-11-08T14:30:41.005+0000] {processor.py:157} INFO - Started process (PID=2153) to work on /home/airflow/.local/lib/python3.11/site-packages/airflow/example_dags/example_task_group.py
[2023-11-08T14:30:41.007+0000] {processor.py:829} INFO - Processing file /home/airflow/.local/lib/python3.11/site-packages/airflow/example_dags/example_task_group.py for tasks to queue
[2023-11-08T14:30:41.010+0000] {logging_mixin.py:154} INFO - [2023-11-08T14:30:41.009+0000] {dagbag.py:536} INFO - Filling up the DagBag from /home/airflow/.local/lib/python3.11/site-packages/airflow/example_dags/example_task_group.py
[2023-11-08T14:30:41.022+0000] {processor.py:839} INFO - DAG(s) dict_keys(['example_task_group']) retrieved from /home/airflow/.local/lib/python3.11/site-packages/airflow/example_dags/example_task_group.py
[2023-11-08T14:30:41.065+0000] {logging_mixin.py:154} INFO - [2023-11-08T14:30:41.065+0000] {dag.py:2941} INFO - Sync 1 DAGs
[2023-11-08T14:30:41.113+0000] {logging_mixin.py:154} INFO - [2023-11-08T14:30:41.112+0000] {dag.py:3722} INFO - Setting next_dagrun for example_task_group to 2023-11-07T14:30:41.112239+00:00, run_after=2023-11-08T14:30:41.112239+00:00
[2023-11-08T14:30:41.153+0000] {processor.py:179} INFO - Processing /home/airflow/.local/lib/python3.11/site-packages/airflow/example_dags/example_task_group.py took 0.152 seconds
[2023-11-08T14:31:11.780+0000] {processor.py:157} INFO - Started process (PID=2229) to work on /home/airflow/.local/lib/python3.11/site-packages/airflow/example_dags/example_task_group.py
[2023-11-08T14:31:11.782+0000] {processor.py:829} INFO - Processing file /home/airflow/.local/lib/python3.11/site-packages/airflow/example_dags/example_task_group.py for tasks to queue
[2023-11-08T14:31:11.785+0000] {logging_mixin.py:154} INFO - [2023-11-08T14:31:11.785+0000] {dagbag.py:536} INFO - Filling up the DagBag from /home/airflow/.local/lib/python3.11/site-packages/airflow/example_dags/example_task_group.py
[2023-11-08T14:31:11.797+0000] {processor.py:839} INFO - DAG(s) dict_keys(['example_task_group']) retrieved from /home/airflow/.local/lib/python3.11/site-packages/airflow/example_dags/example_task_group.py
[2023-11-08T14:31:11.836+0000] {logging_mixin.py:154} INFO - [2023-11-08T14:31:11.836+0000] {dag.py:2941} INFO - Sync 1 DAGs
[2023-11-08T14:31:11.876+0000] {logging_mixin.py:154} INFO - [2023-11-08T14:31:11.876+0000] {dag.py:3722} INFO - Setting next_dagrun for example_task_group to 2023-11-07T14:31:11.875628+00:00, run_after=2023-11-08T14:31:11.875628+00:00
[2023-11-08T14:31:11.911+0000] {processor.py:179} INFO - Processing /home/airflow/.local/lib/python3.11/site-packages/airflow/example_dags/example_task_group.py took 0.136 seconds
[2023-11-08T14:31:42.201+0000] {processor.py:157} INFO - Started process (PID=2305) to work on /home/airflow/.local/lib/python3.11/site-packages/airflow/example_dags/example_task_group.py
[2023-11-08T14:31:42.202+0000] {processor.py:829} INFO - Processing file /home/airflow/.local/lib/python3.11/site-packages/airflow/example_dags/example_task_group.py for tasks to queue
[2023-11-08T14:31:42.206+0000] {logging_mixin.py:154} INFO - [2023-11-08T14:31:42.206+0000] {dagbag.py:536} INFO - Filling up the DagBag from /home/airflow/.local/lib/python3.11/site-packages/airflow/example_dags/example_task_group.py
[2023-11-08T14:31:42.220+0000] {processor.py:839} INFO - DAG(s) dict_keys(['example_task_group']) retrieved from /home/airflow/.local/lib/python3.11/site-packages/airflow/example_dags/example_task_group.py
[2023-11-08T14:31:42.260+0000] {logging_mixin.py:154} INFO - [2023-11-08T14:31:42.260+0000] {dag.py:2941} INFO - Sync 1 DAGs
[2023-11-08T14:31:42.301+0000] {logging_mixin.py:154} INFO - [2023-11-08T14:31:42.300+0000] {dag.py:3722} INFO - Setting next_dagrun for example_task_group to 2023-11-07T14:31:42.300199+00:00, run_after=2023-11-08T14:31:42.300199+00:00
[2023-11-08T14:31:42.335+0000] {processor.py:179} INFO - Processing /home/airflow/.local/lib/python3.11/site-packages/airflow/example_dags/example_task_group.py took 0.139 seconds
[2023-11-08T14:32:12.521+0000] {processor.py:157} INFO - Started process (PID=2381) to work on /home/airflow/.local/lib/python3.11/site-packages/airflow/example_dags/example_task_group.py
[2023-11-08T14:32:12.523+0000] {processor.py:829} INFO - Processing file /home/airflow/.local/lib/python3.11/site-packages/airflow/example_dags/example_task_group.py for tasks to queue
[2023-11-08T14:32:12.525+0000] {logging_mixin.py:154} INFO - [2023-11-08T14:32:12.525+0000] {dagbag.py:536} INFO - Filling up the DagBag from /home/airflow/.local/lib/python3.11/site-packages/airflow/example_dags/example_task_group.py
[2023-11-08T14:32:12.536+0000] {processor.py:839} INFO - DAG(s) dict_keys(['example_task_group']) retrieved from /home/airflow/.local/lib/python3.11/site-packages/airflow/example_dags/example_task_group.py
[2023-11-08T14:32:12.572+0000] {logging_mixin.py:154} INFO - [2023-11-08T14:32:12.571+0000] {dag.py:2941} INFO - Sync 1 DAGs
[2023-11-08T14:32:12.615+0000] {logging_mixin.py:154} INFO - [2023-11-08T14:32:12.615+0000] {dag.py:3722} INFO - Setting next_dagrun for example_task_group to 2023-11-07T14:32:12.614666+00:00, run_after=2023-11-08T14:32:12.614666+00:00
[2023-11-08T14:32:12.648+0000] {processor.py:179} INFO - Processing /home/airflow/.local/lib/python3.11/site-packages/airflow/example_dags/example_task_group.py took 0.131 seconds
[2023-11-08T14:32:43.452+0000] {processor.py:157} INFO - Started process (PID=2457) to work on /home/airflow/.local/lib/python3.11/site-packages/airflow/example_dags/example_task_group.py
[2023-11-08T14:32:43.453+0000] {processor.py:829} INFO - Processing file /home/airflow/.local/lib/python3.11/site-packages/airflow/example_dags/example_task_group.py for tasks to queue
[2023-11-08T14:32:43.456+0000] {logging_mixin.py:154} INFO - [2023-11-08T14:32:43.456+0000] {dagbag.py:536} INFO - Filling up the DagBag from /home/airflow/.local/lib/python3.11/site-packages/airflow/example_dags/example_task_group.py
[2023-11-08T14:32:43.467+0000] {processor.py:839} INFO - DAG(s) dict_keys(['example_task_group']) retrieved from /home/airflow/.local/lib/python3.11/site-packages/airflow/example_dags/example_task_group.py
[2023-11-08T14:32:43.508+0000] {logging_mixin.py:154} INFO - [2023-11-08T14:32:43.507+0000] {dag.py:2941} INFO - Sync 1 DAGs
[2023-11-08T14:32:43.547+0000] {logging_mixin.py:154} INFO - [2023-11-08T14:32:43.546+0000] {dag.py:3722} INFO - Setting next_dagrun for example_task_group to 2023-11-07T14:32:43.546553+00:00, run_after=2023-11-08T14:32:43.546553+00:00
[2023-11-08T14:32:43.582+0000] {processor.py:179} INFO - Processing /home/airflow/.local/lib/python3.11/site-packages/airflow/example_dags/example_task_group.py took 0.134 seconds
[2023-11-08T14:33:13.972+0000] {processor.py:157} INFO - Started process (PID=2533) to work on /home/airflow/.local/lib/python3.11/site-packages/airflow/example_dags/example_task_group.py
[2023-11-08T14:33:13.973+0000] {processor.py:829} INFO - Processing file /home/airflow/.local/lib/python3.11/site-packages/airflow/example_dags/example_task_group.py for tasks to queue
[2023-11-08T14:33:13.981+0000] {logging_mixin.py:154} INFO - [2023-11-08T14:33:13.980+0000] {dagbag.py:536} INFO - Filling up the DagBag from /home/airflow/.local/lib/python3.11/site-packages/airflow/example_dags/example_task_group.py
[2023-11-08T14:33:13.994+0000] {processor.py:839} INFO - DAG(s) dict_keys(['example_task_group']) retrieved from /home/airflow/.local/lib/python3.11/site-packages/airflow/example_dags/example_task_group.py
[2023-11-08T14:33:14.035+0000] {logging_mixin.py:154} INFO - [2023-11-08T14:33:14.035+0000] {dag.py:2941} INFO - Sync 1 DAGs
[2023-11-08T14:33:14.082+0000] {logging_mixin.py:154} INFO - [2023-11-08T14:33:14.081+0000] {dag.py:3722} INFO - Setting next_dagrun for example_task_group to 2023-11-07T14:33:14.081357+00:00, run_after=2023-11-08T14:33:14.081357+00:00
[2023-11-08T14:33:14.116+0000] {processor.py:179} INFO - Processing /home/airflow/.local/lib/python3.11/site-packages/airflow/example_dags/example_task_group.py took 0.150 seconds
[2023-11-08T14:33:44.193+0000] {processor.py:157} INFO - Started process (PID=2609) to work on /home/airflow/.local/lib/python3.11/site-packages/airflow/example_dags/example_task_group.py
[2023-11-08T14:33:44.195+0000] {processor.py:829} INFO - Processing file /home/airflow/.local/lib/python3.11/site-packages/airflow/example_dags/example_task_group.py for tasks to queue
[2023-11-08T14:33:44.198+0000] {logging_mixin.py:154} INFO - [2023-11-08T14:33:44.198+0000] {dagbag.py:536} INFO - Filling up the DagBag from /home/airflow/.local/lib/python3.11/site-packages/airflow/example_dags/example_task_group.py
[2023-11-08T14:33:44.212+0000] {processor.py:839} INFO - DAG(s) dict_keys(['example_task_group']) retrieved from /home/airflow/.local/lib/python3.11/site-packages/airflow/example_dags/example_task_group.py
[2023-11-08T14:33:44.247+0000] {logging_mixin.py:154} INFO - [2023-11-08T14:33:44.247+0000] {dag.py:2941} INFO - Sync 1 DAGs
[2023-11-08T14:33:44.289+0000] {logging_mixin.py:154} INFO - [2023-11-08T14:33:44.288+0000] {dag.py:3722} INFO - Setting next_dagrun for example_task_group to 2023-11-07T14:33:44.288362+00:00, run_after=2023-11-08T14:33:44.288362+00:00
[2023-11-08T14:33:44.322+0000] {processor.py:179} INFO - Processing /home/airflow/.local/lib/python3.11/site-packages/airflow/example_dags/example_task_group.py took 0.134 seconds
[2023-11-08T14:34:14.511+0000] {processor.py:157} INFO - Started process (PID=2685) to work on /home/airflow/.local/lib/python3.11/site-packages/airflow/example_dags/example_task_group.py
[2023-11-08T14:34:14.512+0000] {processor.py:829} INFO - Processing file /home/airflow/.local/lib/python3.11/site-packages/airflow/example_dags/example_task_group.py for tasks to queue
[2023-11-08T14:34:14.515+0000] {logging_mixin.py:154} INFO - [2023-11-08T14:34:14.515+0000] {dagbag.py:536} INFO - Filling up the DagBag from /home/airflow/.local/lib/python3.11/site-packages/airflow/example_dags/example_task_group.py
[2023-11-08T14:34:14.526+0000] {processor.py:839} INFO - DAG(s) dict_keys(['example_task_group']) retrieved from /home/airflow/.local/lib/python3.11/site-packages/airflow/example_dags/example_task_group.py
[2023-11-08T14:34:14.565+0000] {logging_mixin.py:154} INFO - [2023-11-08T14:34:14.564+0000] {dag.py:2941} INFO - Sync 1 DAGs
[2023-11-08T14:34:14.604+0000] {logging_mixin.py:154} INFO - [2023-11-08T14:34:14.604+0000] {dag.py:3722} INFO - Setting next_dagrun for example_task_group to 2023-11-07T14:34:14.603473+00:00, run_after=2023-11-08T14:34:14.603473+00:00
[2023-11-08T14:34:14.639+0000] {processor.py:179} INFO - Processing /home/airflow/.local/lib/python3.11/site-packages/airflow/example_dags/example_task_group.py took 0.133 seconds
[2023-11-08T14:34:44.705+0000] {processor.py:157} INFO - Started process (PID=2760) to work on /home/airflow/.local/lib/python3.11/site-packages/airflow/example_dags/example_task_group.py
[2023-11-08T14:34:44.707+0000] {processor.py:829} INFO - Processing file /home/airflow/.local/lib/python3.11/site-packages/airflow/example_dags/example_task_group.py for tasks to queue
[2023-11-08T14:34:44.710+0000] {logging_mixin.py:154} INFO - [2023-11-08T14:34:44.710+0000] {dagbag.py:536} INFO - Filling up the DagBag from /home/airflow/.local/lib/python3.11/site-packages/airflow/example_dags/example_task_group.py
[2023-11-08T14:34:44.721+0000] {processor.py:839} INFO - DAG(s) dict_keys(['example_task_group']) retrieved from /home/airflow/.local/lib/python3.11/site-packages/airflow/example_dags/example_task_group.py
[2023-11-08T14:34:44.765+0000] {logging_mixin.py:154} INFO - [2023-11-08T14:34:44.764+0000] {dag.py:2941} INFO - Sync 1 DAGs
[2023-11-08T14:34:44.812+0000] {logging_mixin.py:154} INFO - [2023-11-08T14:34:44.812+0000] {dag.py:3722} INFO - Setting next_dagrun for example_task_group to 2023-11-07T14:34:44.812069+00:00, run_after=2023-11-08T14:34:44.812069+00:00
[2023-11-08T14:34:44.846+0000] {processor.py:179} INFO - Processing /home/airflow/.local/lib/python3.11/site-packages/airflow/example_dags/example_task_group.py took 0.146 seconds
[2023-11-08T14:35:15.024+0000] {processor.py:157} INFO - Started process (PID=2834) to work on /home/airflow/.local/lib/python3.11/site-packages/airflow/example_dags/example_task_group.py
[2023-11-08T14:35:15.025+0000] {processor.py:829} INFO - Processing file /home/airflow/.local/lib/python3.11/site-packages/airflow/example_dags/example_task_group.py for tasks to queue
[2023-11-08T14:35:15.029+0000] {logging_mixin.py:154} INFO - [2023-11-08T14:35:15.029+0000] {dagbag.py:536} INFO - Filling up the DagBag from /home/airflow/.local/lib/python3.11/site-packages/airflow/example_dags/example_task_group.py
[2023-11-08T14:35:15.043+0000] {processor.py:839} INFO - DAG(s) dict_keys(['example_task_group']) retrieved from /home/airflow/.local/lib/python3.11/site-packages/airflow/example_dags/example_task_group.py
[2023-11-08T14:35:15.081+0000] {logging_mixin.py:154} INFO - [2023-11-08T14:35:15.081+0000] {dag.py:2941} INFO - Sync 1 DAGs
[2023-11-08T14:35:15.122+0000] {logging_mixin.py:154} INFO - [2023-11-08T14:35:15.122+0000] {dag.py:3722} INFO - Setting next_dagrun for example_task_group to 2023-11-07T14:35:15.121862+00:00, run_after=2023-11-08T14:35:15.121862+00:00
[2023-11-08T14:35:15.159+0000] {processor.py:179} INFO - Processing /home/airflow/.local/lib/python3.11/site-packages/airflow/example_dags/example_task_group.py took 0.140 seconds
[2023-11-08T14:35:46.079+0000] {processor.py:157} INFO - Started process (PID=2911) to work on /home/airflow/.local/lib/python3.11/site-packages/airflow/example_dags/example_task_group.py
[2023-11-08T14:35:46.081+0000] {processor.py:829} INFO - Processing file /home/airflow/.local/lib/python3.11/site-packages/airflow/example_dags/example_task_group.py for tasks to queue
[2023-11-08T14:35:46.085+0000] {logging_mixin.py:154} INFO - [2023-11-08T14:35:46.084+0000] {dagbag.py:536} INFO - Filling up the DagBag from /home/airflow/.local/lib/python3.11/site-packages/airflow/example_dags/example_task_group.py
[2023-11-08T14:35:46.097+0000] {processor.py:839} INFO - DAG(s) dict_keys(['example_task_group']) retrieved from /home/airflow/.local/lib/python3.11/site-packages/airflow/example_dags/example_task_group.py
[2023-11-08T14:35:46.134+0000] {logging_mixin.py:154} INFO - [2023-11-08T14:35:46.134+0000] {dag.py:2941} INFO - Sync 1 DAGs
[2023-11-08T14:35:46.180+0000] {logging_mixin.py:154} INFO - [2023-11-08T14:35:46.180+0000] {dag.py:3722} INFO - Setting next_dagrun for example_task_group to 2023-11-07T14:35:46.179978+00:00, run_after=2023-11-08T14:35:46.179978+00:00
[2023-11-08T14:35:46.234+0000] {processor.py:179} INFO - Processing /home/airflow/.local/lib/python3.11/site-packages/airflow/example_dags/example_task_group.py took 0.160 seconds
[2023-11-08T14:36:16.947+0000] {processor.py:157} INFO - Started process (PID=2987) to work on /home/airflow/.local/lib/python3.11/site-packages/airflow/example_dags/example_task_group.py
[2023-11-08T14:36:16.948+0000] {processor.py:829} INFO - Processing file /home/airflow/.local/lib/python3.11/site-packages/airflow/example_dags/example_task_group.py for tasks to queue
[2023-11-08T14:36:16.951+0000] {logging_mixin.py:154} INFO - [2023-11-08T14:36:16.951+0000] {dagbag.py:536} INFO - Filling up the DagBag from /home/airflow/.local/lib/python3.11/site-packages/airflow/example_dags/example_task_group.py
[2023-11-08T14:36:16.962+0000] {processor.py:839} INFO - DAG(s) dict_keys(['example_task_group']) retrieved from /home/airflow/.local/lib/python3.11/site-packages/airflow/example_dags/example_task_group.py
[2023-11-08T14:36:16.996+0000] {logging_mixin.py:154} INFO - [2023-11-08T14:36:16.996+0000] {dag.py:2941} INFO - Sync 1 DAGs
[2023-11-08T14:36:17.034+0000] {logging_mixin.py:154} INFO - [2023-11-08T14:36:17.034+0000] {dag.py:3722} INFO - Setting next_dagrun for example_task_group to 2023-11-07T14:36:17.033806+00:00, run_after=2023-11-08T14:36:17.033806+00:00
[2023-11-08T14:36:17.065+0000] {processor.py:179} INFO - Processing /home/airflow/.local/lib/python3.11/site-packages/airflow/example_dags/example_task_group.py took 0.122 seconds
[2023-11-08T14:36:47.167+0000] {processor.py:157} INFO - Started process (PID=3063) to work on /home/airflow/.local/lib/python3.11/site-packages/airflow/example_dags/example_task_group.py
[2023-11-08T14:36:47.169+0000] {processor.py:829} INFO - Processing file /home/airflow/.local/lib/python3.11/site-packages/airflow/example_dags/example_task_group.py for tasks to queue
[2023-11-08T14:36:47.177+0000] {logging_mixin.py:154} INFO - [2023-11-08T14:36:47.174+0000] {dagbag.py:536} INFO - Filling up the DagBag from /home/airflow/.local/lib/python3.11/site-packages/airflow/example_dags/example_task_group.py
[2023-11-08T14:36:47.204+0000] {processor.py:839} INFO - DAG(s) dict_keys(['example_task_group']) retrieved from /home/airflow/.local/lib/python3.11/site-packages/airflow/example_dags/example_task_group.py
[2023-11-08T14:36:47.273+0000] {logging_mixin.py:154} INFO - [2023-11-08T14:36:47.271+0000] {dag.py:2941} INFO - Sync 1 DAGs
[2023-11-08T14:36:47.375+0000] {logging_mixin.py:154} INFO - [2023-11-08T14:36:47.373+0000] {dag.py:3722} INFO - Setting next_dagrun for example_task_group to 2023-11-07T14:36:47.373032+00:00, run_after=2023-11-08T14:36:47.373032+00:00
[2023-11-08T14:36:47.461+0000] {processor.py:179} INFO - Processing /home/airflow/.local/lib/python3.11/site-packages/airflow/example_dags/example_task_group.py took 0.303 seconds
[2023-11-08T14:37:18.099+0000] {processor.py:157} INFO - Started process (PID=3158) to work on /home/airflow/.local/lib/python3.11/site-packages/airflow/example_dags/example_task_group.py
[2023-11-08T14:37:18.100+0000] {processor.py:829} INFO - Processing file /home/airflow/.local/lib/python3.11/site-packages/airflow/example_dags/example_task_group.py for tasks to queue
[2023-11-08T14:37:18.101+0000] {logging_mixin.py:154} INFO - [2023-11-08T14:37:18.101+0000] {dagbag.py:536} INFO - Filling up the DagBag from /home/airflow/.local/lib/python3.11/site-packages/airflow/example_dags/example_task_group.py
[2023-11-08T14:37:18.107+0000] {processor.py:839} INFO - DAG(s) dict_keys(['example_task_group']) retrieved from /home/airflow/.local/lib/python3.11/site-packages/airflow/example_dags/example_task_group.py
[2023-11-08T14:37:18.123+0000] {logging_mixin.py:154} INFO - [2023-11-08T14:37:18.123+0000] {dag.py:2941} INFO - Sync 1 DAGs
[2023-11-08T14:37:18.139+0000] {logging_mixin.py:154} INFO - [2023-11-08T14:37:18.139+0000] {dag.py:3722} INFO - Setting next_dagrun for example_task_group to 2023-11-07T14:37:18.139574+00:00, run_after=2023-11-08T14:37:18.139574+00:00
[2023-11-08T14:37:18.152+0000] {processor.py:179} INFO - Processing /home/airflow/.local/lib/python3.11/site-packages/airflow/example_dags/example_task_group.py took 0.055 seconds
[2023-11-08T14:37:49.118+0000] {processor.py:157} INFO - Started process (PID=3234) to work on /home/airflow/.local/lib/python3.11/site-packages/airflow/example_dags/example_task_group.py
[2023-11-08T14:37:49.119+0000] {processor.py:829} INFO - Processing file /home/airflow/.local/lib/python3.11/site-packages/airflow/example_dags/example_task_group.py for tasks to queue
[2023-11-08T14:37:49.121+0000] {logging_mixin.py:154} INFO - [2023-11-08T14:37:49.121+0000] {dagbag.py:536} INFO - Filling up the DagBag from /home/airflow/.local/lib/python3.11/site-packages/airflow/example_dags/example_task_group.py
[2023-11-08T14:37:49.127+0000] {processor.py:839} INFO - DAG(s) dict_keys(['example_task_group']) retrieved from /home/airflow/.local/lib/python3.11/site-packages/airflow/example_dags/example_task_group.py
[2023-11-08T14:37:49.143+0000] {logging_mixin.py:154} INFO - [2023-11-08T14:37:49.143+0000] {dag.py:2941} INFO - Sync 1 DAGs
[2023-11-08T14:37:49.161+0000] {logging_mixin.py:154} INFO - [2023-11-08T14:37:49.161+0000] {dag.py:3722} INFO - Setting next_dagrun for example_task_group to 2023-11-07T14:37:49.160796+00:00, run_after=2023-11-08T14:37:49.160796+00:00
[2023-11-08T14:37:49.174+0000] {processor.py:179} INFO - Processing /home/airflow/.local/lib/python3.11/site-packages/airflow/example_dags/example_task_group.py took 0.058 seconds
[2023-11-08T14:38:19.347+0000] {processor.py:157} INFO - Started process (PID=3310) to work on /home/airflow/.local/lib/python3.11/site-packages/airflow/example_dags/example_task_group.py
[2023-11-08T14:38:19.347+0000] {processor.py:829} INFO - Processing file /home/airflow/.local/lib/python3.11/site-packages/airflow/example_dags/example_task_group.py for tasks to queue
[2023-11-08T14:38:19.348+0000] {logging_mixin.py:154} INFO - [2023-11-08T14:38:19.348+0000] {dagbag.py:536} INFO - Filling up the DagBag from /home/airflow/.local/lib/python3.11/site-packages/airflow/example_dags/example_task_group.py
[2023-11-08T14:38:19.353+0000] {processor.py:839} INFO - DAG(s) dict_keys(['example_task_group']) retrieved from /home/airflow/.local/lib/python3.11/site-packages/airflow/example_dags/example_task_group.py
[2023-11-08T14:38:19.369+0000] {logging_mixin.py:154} INFO - [2023-11-08T14:38:19.369+0000] {dag.py:2941} INFO - Sync 1 DAGs
[2023-11-08T14:38:19.387+0000] {logging_mixin.py:154} INFO - [2023-11-08T14:38:19.386+0000] {dag.py:3722} INFO - Setting next_dagrun for example_task_group to 2023-11-07T14:38:19.386775+00:00, run_after=2023-11-08T14:38:19.386775+00:00
[2023-11-08T14:38:19.399+0000] {processor.py:179} INFO - Processing /home/airflow/.local/lib/python3.11/site-packages/airflow/example_dags/example_task_group.py took 0.055 seconds
[2023-11-08T14:38:49.490+0000] {processor.py:157} INFO - Started process (PID=3386) to work on /home/airflow/.local/lib/python3.11/site-packages/airflow/example_dags/example_task_group.py
[2023-11-08T14:38:49.491+0000] {processor.py:829} INFO - Processing file /home/airflow/.local/lib/python3.11/site-packages/airflow/example_dags/example_task_group.py for tasks to queue
[2023-11-08T14:38:49.492+0000] {logging_mixin.py:154} INFO - [2023-11-08T14:38:49.492+0000] {dagbag.py:536} INFO - Filling up the DagBag from /home/airflow/.local/lib/python3.11/site-packages/airflow/example_dags/example_task_group.py
[2023-11-08T14:38:49.497+0000] {processor.py:839} INFO - DAG(s) dict_keys(['example_task_group']) retrieved from /home/airflow/.local/lib/python3.11/site-packages/airflow/example_dags/example_task_group.py
[2023-11-08T14:38:49.513+0000] {logging_mixin.py:154} INFO - [2023-11-08T14:38:49.513+0000] {dag.py:2941} INFO - Sync 1 DAGs
[2023-11-08T14:38:49.529+0000] {logging_mixin.py:154} INFO - [2023-11-08T14:38:49.529+0000] {dag.py:3722} INFO - Setting next_dagrun for example_task_group to 2023-11-07T14:38:49.529101+00:00, run_after=2023-11-08T14:38:49.529101+00:00
[2023-11-08T14:38:49.541+0000] {processor.py:179} INFO - Processing /home/airflow/.local/lib/python3.11/site-packages/airflow/example_dags/example_task_group.py took 0.053 seconds
[2023-11-08T14:39:19.645+0000] {processor.py:157} INFO - Started process (PID=3462) to work on /home/airflow/.local/lib/python3.11/site-packages/airflow/example_dags/example_task_group.py
[2023-11-08T14:39:19.645+0000] {processor.py:829} INFO - Processing file /home/airflow/.local/lib/python3.11/site-packages/airflow/example_dags/example_task_group.py for tasks to queue
[2023-11-08T14:39:19.647+0000] {logging_mixin.py:154} INFO - [2023-11-08T14:39:19.646+0000] {dagbag.py:536} INFO - Filling up the DagBag from /home/airflow/.local/lib/python3.11/site-packages/airflow/example_dags/example_task_group.py
[2023-11-08T14:39:19.652+0000] {processor.py:839} INFO - DAG(s) dict_keys(['example_task_group']) retrieved from /home/airflow/.local/lib/python3.11/site-packages/airflow/example_dags/example_task_group.py
[2023-11-08T14:39:19.668+0000] {logging_mixin.py:154} INFO - [2023-11-08T14:39:19.668+0000] {dag.py:2941} INFO - Sync 1 DAGs
[2023-11-08T14:39:19.685+0000] {logging_mixin.py:154} INFO - [2023-11-08T14:39:19.685+0000] {dag.py:3722} INFO - Setting next_dagrun for example_task_group to 2023-11-07T14:39:19.684880+00:00, run_after=2023-11-08T14:39:19.684880+00:00
[2023-11-08T14:39:19.698+0000] {processor.py:179} INFO - Processing /home/airflow/.local/lib/python3.11/site-packages/airflow/example_dags/example_task_group.py took 0.055 seconds
[2023-11-08T14:39:49.897+0000] {processor.py:157} INFO - Started process (PID=3538) to work on /home/airflow/.local/lib/python3.11/site-packages/airflow/example_dags/example_task_group.py
[2023-11-08T14:39:49.898+0000] {processor.py:829} INFO - Processing file /home/airflow/.local/lib/python3.11/site-packages/airflow/example_dags/example_task_group.py for tasks to queue
[2023-11-08T14:39:49.899+0000] {logging_mixin.py:154} INFO - [2023-11-08T14:39:49.899+0000] {dagbag.py:536} INFO - Filling up the DagBag from /home/airflow/.local/lib/python3.11/site-packages/airflow/example_dags/example_task_group.py
[2023-11-08T14:39:49.905+0000] {processor.py:839} INFO - DAG(s) dict_keys(['example_task_group']) retrieved from /home/airflow/.local/lib/python3.11/site-packages/airflow/example_dags/example_task_group.py
[2023-11-08T14:39:49.920+0000] {logging_mixin.py:154} INFO - [2023-11-08T14:39:49.920+0000] {dag.py:2941} INFO - Sync 1 DAGs
[2023-11-08T14:39:49.936+0000] {logging_mixin.py:154} INFO - [2023-11-08T14:39:49.936+0000] {dag.py:3722} INFO - Setting next_dagrun for example_task_group to 2023-11-07T14:39:49.936271+00:00, run_after=2023-11-08T14:39:49.936271+00:00
[2023-11-08T14:39:49.948+0000] {processor.py:179} INFO - Processing /home/airflow/.local/lib/python3.11/site-packages/airflow/example_dags/example_task_group.py took 0.053 seconds
[2023-11-08T14:40:20.156+0000] {processor.py:157} INFO - Started process (PID=3615) to work on /home/airflow/.local/lib/python3.11/site-packages/airflow/example_dags/example_task_group.py
[2023-11-08T14:40:20.157+0000] {processor.py:829} INFO - Processing file /home/airflow/.local/lib/python3.11/site-packages/airflow/example_dags/example_task_group.py for tasks to queue
[2023-11-08T14:40:20.159+0000] {logging_mixin.py:154} INFO - [2023-11-08T14:40:20.158+0000] {dagbag.py:536} INFO - Filling up the DagBag from /home/airflow/.local/lib/python3.11/site-packages/airflow/example_dags/example_task_group.py
[2023-11-08T14:40:20.167+0000] {processor.py:839} INFO - DAG(s) dict_keys(['example_task_group']) retrieved from /home/airflow/.local/lib/python3.11/site-packages/airflow/example_dags/example_task_group.py
[2023-11-08T14:40:20.190+0000] {logging_mixin.py:154} INFO - [2023-11-08T14:40:20.190+0000] {dag.py:2941} INFO - Sync 1 DAGs
[2023-11-08T14:40:20.210+0000] {logging_mixin.py:154} INFO - [2023-11-08T14:40:20.209+0000] {dag.py:3722} INFO - Setting next_dagrun for example_task_group to 2023-11-07T14:40:20.209478+00:00, run_after=2023-11-08T14:40:20.209478+00:00
[2023-11-08T14:40:20.226+0000] {processor.py:179} INFO - Processing /home/airflow/.local/lib/python3.11/site-packages/airflow/example_dags/example_task_group.py took 0.072 seconds
[2023-11-08T14:40:50.281+0000] {processor.py:157} INFO - Started process (PID=3691) to work on /home/airflow/.local/lib/python3.11/site-packages/airflow/example_dags/example_task_group.py
[2023-11-08T14:40:50.281+0000] {processor.py:829} INFO - Processing file /home/airflow/.local/lib/python3.11/site-packages/airflow/example_dags/example_task_group.py for tasks to queue
[2023-11-08T14:40:50.283+0000] {logging_mixin.py:154} INFO - [2023-11-08T14:40:50.283+0000] {dagbag.py:536} INFO - Filling up the DagBag from /home/airflow/.local/lib/python3.11/site-packages/airflow/example_dags/example_task_group.py
[2023-11-08T14:40:50.288+0000] {processor.py:839} INFO - DAG(s) dict_keys(['example_task_group']) retrieved from /home/airflow/.local/lib/python3.11/site-packages/airflow/example_dags/example_task_group.py
[2023-11-08T14:40:50.304+0000] {logging_mixin.py:154} INFO - [2023-11-08T14:40:50.304+0000] {dag.py:2941} INFO - Sync 1 DAGs
[2023-11-08T14:40:50.321+0000] {logging_mixin.py:154} INFO - [2023-11-08T14:40:50.321+0000] {dag.py:3722} INFO - Setting next_dagrun for example_task_group to 2023-11-07T14:40:50.321029+00:00, run_after=2023-11-08T14:40:50.321029+00:00
[2023-11-08T14:40:50.333+0000] {processor.py:179} INFO - Processing /home/airflow/.local/lib/python3.11/site-packages/airflow/example_dags/example_task_group.py took 0.055 seconds
[2023-11-08T14:41:20.511+0000] {processor.py:157} INFO - Started process (PID=3767) to work on /home/airflow/.local/lib/python3.11/site-packages/airflow/example_dags/example_task_group.py
[2023-11-08T14:41:20.511+0000] {processor.py:829} INFO - Processing file /home/airflow/.local/lib/python3.11/site-packages/airflow/example_dags/example_task_group.py for tasks to queue
[2023-11-08T14:41:20.513+0000] {logging_mixin.py:154} INFO - [2023-11-08T14:41:20.513+0000] {dagbag.py:536} INFO - Filling up the DagBag from /home/airflow/.local/lib/python3.11/site-packages/airflow/example_dags/example_task_group.py
[2023-11-08T14:41:20.518+0000] {processor.py:839} INFO - DAG(s) dict_keys(['example_task_group']) retrieved from /home/airflow/.local/lib/python3.11/site-packages/airflow/example_dags/example_task_group.py
[2023-11-08T14:41:20.535+0000] {logging_mixin.py:154} INFO - [2023-11-08T14:41:20.534+0000] {dag.py:2941} INFO - Sync 1 DAGs
[2023-11-08T14:41:20.552+0000] {logging_mixin.py:154} INFO - [2023-11-08T14:41:20.551+0000] {dag.py:3722} INFO - Setting next_dagrun for example_task_group to 2023-11-07T14:41:20.551649+00:00, run_after=2023-11-08T14:41:20.551649+00:00
[2023-11-08T14:41:20.565+0000] {processor.py:179} INFO - Processing /home/airflow/.local/lib/python3.11/site-packages/airflow/example_dags/example_task_group.py took 0.056 seconds
[2023-11-08T14:41:50.646+0000] {processor.py:157} INFO - Started process (PID=3843) to work on /home/airflow/.local/lib/python3.11/site-packages/airflow/example_dags/example_task_group.py
[2023-11-08T14:41:50.647+0000] {processor.py:829} INFO - Processing file /home/airflow/.local/lib/python3.11/site-packages/airflow/example_dags/example_task_group.py for tasks to queue
[2023-11-08T14:41:50.649+0000] {logging_mixin.py:154} INFO - [2023-11-08T14:41:50.649+0000] {dagbag.py:536} INFO - Filling up the DagBag from /home/airflow/.local/lib/python3.11/site-packages/airflow/example_dags/example_task_group.py
[2023-11-08T14:41:50.654+0000] {processor.py:839} INFO - DAG(s) dict_keys(['example_task_group']) retrieved from /home/airflow/.local/lib/python3.11/site-packages/airflow/example_dags/example_task_group.py
[2023-11-08T14:41:50.670+0000] {logging_mixin.py:154} INFO - [2023-11-08T14:41:50.670+0000] {dag.py:2941} INFO - Sync 1 DAGs
[2023-11-08T14:41:50.687+0000] {logging_mixin.py:154} INFO - [2023-11-08T14:41:50.687+0000] {dag.py:3722} INFO - Setting next_dagrun for example_task_group to 2023-11-07T14:41:50.687308+00:00, run_after=2023-11-08T14:41:50.687308+00:00
[2023-11-08T14:41:50.700+0000] {processor.py:179} INFO - Processing /home/airflow/.local/lib/python3.11/site-packages/airflow/example_dags/example_task_group.py took 0.056 seconds
[2023-11-08T14:42:20.877+0000] {processor.py:157} INFO - Started process (PID=3919) to work on /home/airflow/.local/lib/python3.11/site-packages/airflow/example_dags/example_task_group.py
[2023-11-08T14:42:20.877+0000] {processor.py:829} INFO - Processing file /home/airflow/.local/lib/python3.11/site-packages/airflow/example_dags/example_task_group.py for tasks to queue
[2023-11-08T14:42:20.878+0000] {logging_mixin.py:154} INFO - [2023-11-08T14:42:20.878+0000] {dagbag.py:536} INFO - Filling up the DagBag from /home/airflow/.local/lib/python3.11/site-packages/airflow/example_dags/example_task_group.py
[2023-11-08T14:42:20.884+0000] {processor.py:839} INFO - DAG(s) dict_keys(['example_task_group']) retrieved from /home/airflow/.local/lib/python3.11/site-packages/airflow/example_dags/example_task_group.py
[2023-11-08T14:42:20.900+0000] {logging_mixin.py:154} INFO - [2023-11-08T14:42:20.900+0000] {dag.py:2941} INFO - Sync 1 DAGs
[2023-11-08T14:42:20.916+0000] {logging_mixin.py:154} INFO - [2023-11-08T14:42:20.916+0000] {dag.py:3722} INFO - Setting next_dagrun for example_task_group to 2023-11-07T14:42:20.916170+00:00, run_after=2023-11-08T14:42:20.916170+00:00
[2023-11-08T14:42:20.929+0000] {processor.py:179} INFO - Processing /home/airflow/.local/lib/python3.11/site-packages/airflow/example_dags/example_task_group.py took 0.055 seconds
[2023-11-08T14:42:51.386+0000] {processor.py:157} INFO - Started process (PID=3995) to work on /home/airflow/.local/lib/python3.11/site-packages/airflow/example_dags/example_task_group.py
[2023-11-08T14:42:51.387+0000] {processor.py:829} INFO - Processing file /home/airflow/.local/lib/python3.11/site-packages/airflow/example_dags/example_task_group.py for tasks to queue
[2023-11-08T14:42:51.388+0000] {logging_mixin.py:154} INFO - [2023-11-08T14:42:51.388+0000] {dagbag.py:536} INFO - Filling up the DagBag from /home/airflow/.local/lib/python3.11/site-packages/airflow/example_dags/example_task_group.py
[2023-11-08T14:42:51.393+0000] {processor.py:839} INFO - DAG(s) dict_keys(['example_task_group']) retrieved from /home/airflow/.local/lib/python3.11/site-packages/airflow/example_dags/example_task_group.py
[2023-11-08T14:42:51.409+0000] {logging_mixin.py:154} INFO - [2023-11-08T14:42:51.409+0000] {dag.py:2941} INFO - Sync 1 DAGs
[2023-11-08T14:42:51.425+0000] {logging_mixin.py:154} INFO - [2023-11-08T14:42:51.425+0000] {dag.py:3722} INFO - Setting next_dagrun for example_task_group to 2023-11-07T14:42:51.425229+00:00, run_after=2023-11-08T14:42:51.425229+00:00
[2023-11-08T14:42:51.437+0000] {processor.py:179} INFO - Processing /home/airflow/.local/lib/python3.11/site-packages/airflow/example_dags/example_task_group.py took 0.054 seconds
[2023-11-08T14:43:21.695+0000] {processor.py:157} INFO - Started process (PID=4071) to work on /home/airflow/.local/lib/python3.11/site-packages/airflow/example_dags/example_task_group.py
[2023-11-08T14:43:21.695+0000] {processor.py:829} INFO - Processing file /home/airflow/.local/lib/python3.11/site-packages/airflow/example_dags/example_task_group.py for tasks to queue
[2023-11-08T14:43:21.696+0000] {logging_mixin.py:154} INFO - [2023-11-08T14:43:21.696+0000] {dagbag.py:536} INFO - Filling up the DagBag from /home/airflow/.local/lib/python3.11/site-packages/airflow/example_dags/example_task_group.py
[2023-11-08T14:43:21.701+0000] {processor.py:839} INFO - DAG(s) dict_keys(['example_task_group']) retrieved from /home/airflow/.local/lib/python3.11/site-packages/airflow/example_dags/example_task_group.py
[2023-11-08T14:43:21.718+0000] {logging_mixin.py:154} INFO - [2023-11-08T14:43:21.718+0000] {dag.py:2941} INFO - Sync 1 DAGs
[2023-11-08T14:43:21.734+0000] {logging_mixin.py:154} INFO - [2023-11-08T14:43:21.734+0000] {dag.py:3722} INFO - Setting next_dagrun for example_task_group to 2023-11-07T14:43:21.734134+00:00, run_after=2023-11-08T14:43:21.734134+00:00
[2023-11-08T14:43:21.747+0000] {processor.py:179} INFO - Processing /home/airflow/.local/lib/python3.11/site-packages/airflow/example_dags/example_task_group.py took 0.054 seconds
[2023-11-08T14:43:52.235+0000] {processor.py:157} INFO - Started process (PID=4147) to work on /home/airflow/.local/lib/python3.11/site-packages/airflow/example_dags/example_task_group.py
[2023-11-08T14:43:52.236+0000] {processor.py:829} INFO - Processing file /home/airflow/.local/lib/python3.11/site-packages/airflow/example_dags/example_task_group.py for tasks to queue
[2023-11-08T14:43:52.237+0000] {logging_mixin.py:154} INFO - [2023-11-08T14:43:52.237+0000] {dagbag.py:536} INFO - Filling up the DagBag from /home/airflow/.local/lib/python3.11/site-packages/airflow/example_dags/example_task_group.py
[2023-11-08T14:43:52.242+0000] {processor.py:839} INFO - DAG(s) dict_keys(['example_task_group']) retrieved from /home/airflow/.local/lib/python3.11/site-packages/airflow/example_dags/example_task_group.py
[2023-11-08T14:43:52.258+0000] {logging_mixin.py:154} INFO - [2023-11-08T14:43:52.258+0000] {dag.py:2941} INFO - Sync 1 DAGs
[2023-11-08T14:43:52.274+0000] {logging_mixin.py:154} INFO - [2023-11-08T14:43:52.274+0000] {dag.py:3722} INFO - Setting next_dagrun for example_task_group to 2023-11-07T14:43:52.274275+00:00, run_after=2023-11-08T14:43:52.274275+00:00
[2023-11-08T14:43:52.287+0000] {processor.py:179} INFO - Processing /home/airflow/.local/lib/python3.11/site-packages/airflow/example_dags/example_task_group.py took 0.054 seconds
[2023-11-08T14:44:22.385+0000] {processor.py:157} INFO - Started process (PID=4223) to work on /home/airflow/.local/lib/python3.11/site-packages/airflow/example_dags/example_task_group.py
[2023-11-08T14:44:22.386+0000] {processor.py:829} INFO - Processing file /home/airflow/.local/lib/python3.11/site-packages/airflow/example_dags/example_task_group.py for tasks to queue
[2023-11-08T14:44:22.387+0000] {logging_mixin.py:154} INFO - [2023-11-08T14:44:22.387+0000] {dagbag.py:536} INFO - Filling up the DagBag from /home/airflow/.local/lib/python3.11/site-packages/airflow/example_dags/example_task_group.py
[2023-11-08T14:44:22.393+0000] {processor.py:839} INFO - DAG(s) dict_keys(['example_task_group']) retrieved from /home/airflow/.local/lib/python3.11/site-packages/airflow/example_dags/example_task_group.py
[2023-11-08T14:44:22.409+0000] {logging_mixin.py:154} INFO - [2023-11-08T14:44:22.409+0000] {dag.py:2941} INFO - Sync 1 DAGs
[2023-11-08T14:44:22.425+0000] {logging_mixin.py:154} INFO - [2023-11-08T14:44:22.425+0000] {dag.py:3722} INFO - Setting next_dagrun for example_task_group to 2023-11-07T14:44:22.424975+00:00, run_after=2023-11-08T14:44:22.424975+00:00
[2023-11-08T14:44:22.437+0000] {processor.py:179} INFO - Processing /home/airflow/.local/lib/python3.11/site-packages/airflow/example_dags/example_task_group.py took 0.054 seconds
[2023-11-08T14:44:52.813+0000] {processor.py:157} INFO - Started process (PID=4299) to work on /home/airflow/.local/lib/python3.11/site-packages/airflow/example_dags/example_task_group.py
[2023-11-08T14:44:52.814+0000] {processor.py:829} INFO - Processing file /home/airflow/.local/lib/python3.11/site-packages/airflow/example_dags/example_task_group.py for tasks to queue
[2023-11-08T14:44:52.815+0000] {logging_mixin.py:154} INFO - [2023-11-08T14:44:52.815+0000] {dagbag.py:536} INFO - Filling up the DagBag from /home/airflow/.local/lib/python3.11/site-packages/airflow/example_dags/example_task_group.py
[2023-11-08T14:44:52.820+0000] {processor.py:839} INFO - DAG(s) dict_keys(['example_task_group']) retrieved from /home/airflow/.local/lib/python3.11/site-packages/airflow/example_dags/example_task_group.py
[2023-11-08T14:44:52.837+0000] {logging_mixin.py:154} INFO - [2023-11-08T14:44:52.836+0000] {dag.py:2941} INFO - Sync 1 DAGs
[2023-11-08T14:44:52.853+0000] {logging_mixin.py:154} INFO - [2023-11-08T14:44:52.853+0000] {dag.py:3722} INFO - Setting next_dagrun for example_task_group to 2023-11-07T14:44:52.853042+00:00, run_after=2023-11-08T14:44:52.853042+00:00
[2023-11-08T14:44:52.866+0000] {processor.py:179} INFO - Processing /home/airflow/.local/lib/python3.11/site-packages/airflow/example_dags/example_task_group.py took 0.055 seconds
[2023-11-08T14:45:23.209+0000] {processor.py:157} INFO - Started process (PID=4376) to work on /home/airflow/.local/lib/python3.11/site-packages/airflow/example_dags/example_task_group.py
[2023-11-08T14:45:23.209+0000] {processor.py:829} INFO - Processing file /home/airflow/.local/lib/python3.11/site-packages/airflow/example_dags/example_task_group.py for tasks to queue
[2023-11-08T14:45:23.211+0000] {logging_mixin.py:154} INFO - [2023-11-08T14:45:23.211+0000] {dagbag.py:536} INFO - Filling up the DagBag from /home/airflow/.local/lib/python3.11/site-packages/airflow/example_dags/example_task_group.py
[2023-11-08T14:45:23.217+0000] {processor.py:839} INFO - DAG(s) dict_keys(['example_task_group']) retrieved from /home/airflow/.local/lib/python3.11/site-packages/airflow/example_dags/example_task_group.py
[2023-11-08T14:45:23.233+0000] {logging_mixin.py:154} INFO - [2023-11-08T14:45:23.233+0000] {dag.py:2941} INFO - Sync 1 DAGs
[2023-11-08T14:45:23.427+0000] {logging_mixin.py:154} INFO - [2023-11-08T14:45:23.427+0000] {dag.py:3722} INFO - Setting next_dagrun for example_task_group to 2023-11-07T14:45:23.427458+00:00, run_after=2023-11-08T14:45:23.427458+00:00
[2023-11-08T14:45:23.440+0000] {processor.py:179} INFO - Processing /home/airflow/.local/lib/python3.11/site-packages/airflow/example_dags/example_task_group.py took 0.233 seconds
[2023-11-08T14:45:53.981+0000] {processor.py:157} INFO - Started process (PID=4452) to work on /home/airflow/.local/lib/python3.11/site-packages/airflow/example_dags/example_task_group.py
[2023-11-08T14:45:53.982+0000] {processor.py:829} INFO - Processing file /home/airflow/.local/lib/python3.11/site-packages/airflow/example_dags/example_task_group.py for tasks to queue
[2023-11-08T14:45:53.983+0000] {logging_mixin.py:154} INFO - [2023-11-08T14:45:53.983+0000] {dagbag.py:536} INFO - Filling up the DagBag from /home/airflow/.local/lib/python3.11/site-packages/airflow/example_dags/example_task_group.py
[2023-11-08T14:45:53.989+0000] {processor.py:839} INFO - DAG(s) dict_keys(['example_task_group']) retrieved from /home/airflow/.local/lib/python3.11/site-packages/airflow/example_dags/example_task_group.py
[2023-11-08T14:45:54.008+0000] {logging_mixin.py:154} INFO - [2023-11-08T14:45:54.008+0000] {dag.py:2941} INFO - Sync 1 DAGs
[2023-11-08T14:45:54.026+0000] {logging_mixin.py:154} INFO - [2023-11-08T14:45:54.025+0000] {dag.py:3722} INFO - Setting next_dagrun for example_task_group to 2023-11-07T14:45:54.025730+00:00, run_after=2023-11-08T14:45:54.025730+00:00
[2023-11-08T14:45:54.193+0000] {processor.py:179} INFO - Processing /home/airflow/.local/lib/python3.11/site-packages/airflow/example_dags/example_task_group.py took 0.215 seconds
[2023-11-08T14:46:25.111+0000] {processor.py:157} INFO - Started process (PID=4509) to work on /home/airflow/.local/lib/python3.11/site-packages/airflow/example_dags/example_task_group.py
[2023-11-08T14:46:25.112+0000] {processor.py:829} INFO - Processing file /home/airflow/.local/lib/python3.11/site-packages/airflow/example_dags/example_task_group.py for tasks to queue
[2023-11-08T14:46:25.113+0000] {logging_mixin.py:154} INFO - [2023-11-08T14:46:25.113+0000] {dagbag.py:536} INFO - Filling up the DagBag from /home/airflow/.local/lib/python3.11/site-packages/airflow/example_dags/example_task_group.py
[2023-11-08T14:46:25.118+0000] {processor.py:839} INFO - DAG(s) dict_keys(['example_task_group']) retrieved from /home/airflow/.local/lib/python3.11/site-packages/airflow/example_dags/example_task_group.py
[2023-11-08T14:46:25.135+0000] {logging_mixin.py:154} INFO - [2023-11-08T14:46:25.134+0000] {dag.py:2941} INFO - Sync 1 DAGs
[2023-11-08T14:46:25.151+0000] {logging_mixin.py:154} INFO - [2023-11-08T14:46:25.151+0000] {dag.py:3722} INFO - Setting next_dagrun for example_task_group to 2023-11-07T14:46:25.151139+00:00, run_after=2023-11-08T14:46:25.151139+00:00
[2023-11-08T14:46:25.165+0000] {processor.py:179} INFO - Processing /home/airflow/.local/lib/python3.11/site-packages/airflow/example_dags/example_task_group.py took 0.056 seconds
[2023-11-08T14:46:55.691+0000] {processor.py:157} INFO - Started process (PID=4585) to work on /home/airflow/.local/lib/python3.11/site-packages/airflow/example_dags/example_task_group.py
[2023-11-08T14:46:55.692+0000] {processor.py:829} INFO - Processing file /home/airflow/.local/lib/python3.11/site-packages/airflow/example_dags/example_task_group.py for tasks to queue
[2023-11-08T14:46:55.693+0000] {logging_mixin.py:154} INFO - [2023-11-08T14:46:55.693+0000] {dagbag.py:536} INFO - Filling up the DagBag from /home/airflow/.local/lib/python3.11/site-packages/airflow/example_dags/example_task_group.py
[2023-11-08T14:46:55.698+0000] {processor.py:839} INFO - DAG(s) dict_keys(['example_task_group']) retrieved from /home/airflow/.local/lib/python3.11/site-packages/airflow/example_dags/example_task_group.py
[2023-11-08T14:46:55.714+0000] {logging_mixin.py:154} INFO - [2023-11-08T14:46:55.714+0000] {dag.py:2941} INFO - Sync 1 DAGs
[2023-11-08T14:46:55.731+0000] {logging_mixin.py:154} INFO - [2023-11-08T14:46:55.731+0000] {dag.py:3722} INFO - Setting next_dagrun for example_task_group to 2023-11-07T14:46:55.730995+00:00, run_after=2023-11-08T14:46:55.730995+00:00
[2023-11-08T14:46:55.744+0000] {processor.py:179} INFO - Processing /home/airflow/.local/lib/python3.11/site-packages/airflow/example_dags/example_task_group.py took 0.055 seconds
[2023-11-08T14:47:25.780+0000] {processor.py:157} INFO - Started process (PID=4660) to work on /home/airflow/.local/lib/python3.11/site-packages/airflow/example_dags/example_task_group.py
[2023-11-08T14:47:25.781+0000] {processor.py:829} INFO - Processing file /home/airflow/.local/lib/python3.11/site-packages/airflow/example_dags/example_task_group.py for tasks to queue
[2023-11-08T14:47:25.782+0000] {logging_mixin.py:154} INFO - [2023-11-08T14:47:25.782+0000] {dagbag.py:536} INFO - Filling up the DagBag from /home/airflow/.local/lib/python3.11/site-packages/airflow/example_dags/example_task_group.py
[2023-11-08T14:47:25.787+0000] {processor.py:839} INFO - DAG(s) dict_keys(['example_task_group']) retrieved from /home/airflow/.local/lib/python3.11/site-packages/airflow/example_dags/example_task_group.py
[2023-11-08T14:47:25.806+0000] {logging_mixin.py:154} INFO - [2023-11-08T14:47:25.806+0000] {dag.py:2941} INFO - Sync 1 DAGs
[2023-11-08T14:47:25.822+0000] {logging_mixin.py:154} INFO - [2023-11-08T14:47:25.822+0000] {dag.py:3722} INFO - Setting next_dagrun for example_task_group to 2023-11-07T14:47:25.822259+00:00, run_after=2023-11-08T14:47:25.822259+00:00
[2023-11-08T14:47:25.835+0000] {processor.py:179} INFO - Processing /home/airflow/.local/lib/python3.11/site-packages/airflow/example_dags/example_task_group.py took 0.056 seconds
[2023-11-08T14:47:56.121+0000] {processor.py:157} INFO - Started process (PID=4736) to work on /home/airflow/.local/lib/python3.11/site-packages/airflow/example_dags/example_task_group.py
[2023-11-08T14:47:56.122+0000] {processor.py:829} INFO - Processing file /home/airflow/.local/lib/python3.11/site-packages/airflow/example_dags/example_task_group.py for tasks to queue
[2023-11-08T14:47:56.123+0000] {logging_mixin.py:154} INFO - [2023-11-08T14:47:56.123+0000] {dagbag.py:536} INFO - Filling up the DagBag from /home/airflow/.local/lib/python3.11/site-packages/airflow/example_dags/example_task_group.py
[2023-11-08T14:47:56.129+0000] {processor.py:839} INFO - DAG(s) dict_keys(['example_task_group']) retrieved from /home/airflow/.local/lib/python3.11/site-packages/airflow/example_dags/example_task_group.py
[2023-11-08T14:47:56.147+0000] {logging_mixin.py:154} INFO - [2023-11-08T14:47:56.146+0000] {dag.py:2941} INFO - Sync 1 DAGs
[2023-11-08T14:47:56.164+0000] {logging_mixin.py:154} INFO - [2023-11-08T14:47:56.164+0000] {dag.py:3722} INFO - Setting next_dagrun for example_task_group to 2023-11-07T14:47:56.164249+00:00, run_after=2023-11-08T14:47:56.164249+00:00
[2023-11-08T14:47:56.177+0000] {processor.py:179} INFO - Processing /home/airflow/.local/lib/python3.11/site-packages/airflow/example_dags/example_task_group.py took 0.058 seconds
[2023-11-08T14:48:26.385+0000] {processor.py:157} INFO - Started process (PID=4812) to work on /home/airflow/.local/lib/python3.11/site-packages/airflow/example_dags/example_task_group.py
[2023-11-08T14:48:26.386+0000] {processor.py:829} INFO - Processing file /home/airflow/.local/lib/python3.11/site-packages/airflow/example_dags/example_task_group.py for tasks to queue
[2023-11-08T14:48:26.388+0000] {logging_mixin.py:154} INFO - [2023-11-08T14:48:26.388+0000] {dagbag.py:536} INFO - Filling up the DagBag from /home/airflow/.local/lib/python3.11/site-packages/airflow/example_dags/example_task_group.py
[2023-11-08T14:48:26.394+0000] {processor.py:839} INFO - DAG(s) dict_keys(['example_task_group']) retrieved from /home/airflow/.local/lib/python3.11/site-packages/airflow/example_dags/example_task_group.py
[2023-11-08T14:48:26.411+0000] {logging_mixin.py:154} INFO - [2023-11-08T14:48:26.411+0000] {dag.py:2941} INFO - Sync 1 DAGs
[2023-11-08T14:48:26.606+0000] {logging_mixin.py:154} INFO - [2023-11-08T14:48:26.605+0000] {dag.py:3722} INFO - Setting next_dagrun for example_task_group to 2023-11-07T14:48:26.605762+00:00, run_after=2023-11-08T14:48:26.605762+00:00
[2023-11-08T14:48:26.618+0000] {processor.py:179} INFO - Processing /home/airflow/.local/lib/python3.11/site-packages/airflow/example_dags/example_task_group.py took 0.236 seconds
[2023-11-08T14:48:56.714+0000] {processor.py:157} INFO - Started process (PID=4888) to work on /home/airflow/.local/lib/python3.11/site-packages/airflow/example_dags/example_task_group.py
[2023-11-08T14:48:56.714+0000] {processor.py:829} INFO - Processing file /home/airflow/.local/lib/python3.11/site-packages/airflow/example_dags/example_task_group.py for tasks to queue
[2023-11-08T14:48:56.716+0000] {logging_mixin.py:154} INFO - [2023-11-08T14:48:56.716+0000] {dagbag.py:536} INFO - Filling up the DagBag from /home/airflow/.local/lib/python3.11/site-packages/airflow/example_dags/example_task_group.py
[2023-11-08T14:48:56.721+0000] {processor.py:839} INFO - DAG(s) dict_keys(['example_task_group']) retrieved from /home/airflow/.local/lib/python3.11/site-packages/airflow/example_dags/example_task_group.py
[2023-11-08T14:48:56.737+0000] {logging_mixin.py:154} INFO - [2023-11-08T14:48:56.737+0000] {dag.py:2941} INFO - Sync 1 DAGs
[2023-11-08T14:48:56.753+0000] {logging_mixin.py:154} INFO - [2023-11-08T14:48:56.753+0000] {dag.py:3722} INFO - Setting next_dagrun for example_task_group to 2023-11-07T14:48:56.753038+00:00, run_after=2023-11-08T14:48:56.753038+00:00
[2023-11-08T14:48:56.766+0000] {processor.py:179} INFO - Processing /home/airflow/.local/lib/python3.11/site-packages/airflow/example_dags/example_task_group.py took 0.054 seconds
[2023-11-08T14:49:26.842+0000] {processor.py:157} INFO - Started process (PID=4964) to work on /home/airflow/.local/lib/python3.11/site-packages/airflow/example_dags/example_task_group.py
[2023-11-08T14:49:26.843+0000] {processor.py:829} INFO - Processing file /home/airflow/.local/lib/python3.11/site-packages/airflow/example_dags/example_task_group.py for tasks to queue
[2023-11-08T14:49:26.845+0000] {logging_mixin.py:154} INFO - [2023-11-08T14:49:26.845+0000] {dagbag.py:536} INFO - Filling up the DagBag from /home/airflow/.local/lib/python3.11/site-packages/airflow/example_dags/example_task_group.py
[2023-11-08T14:49:26.850+0000] {processor.py:839} INFO - DAG(s) dict_keys(['example_task_group']) retrieved from /home/airflow/.local/lib/python3.11/site-packages/airflow/example_dags/example_task_group.py
[2023-11-08T14:49:26.866+0000] {logging_mixin.py:154} INFO - [2023-11-08T14:49:26.866+0000] {dag.py:2941} INFO - Sync 1 DAGs
[2023-11-08T14:49:26.883+0000] {logging_mixin.py:154} INFO - [2023-11-08T14:49:26.882+0000] {dag.py:3722} INFO - Setting next_dagrun for example_task_group to 2023-11-07T14:49:26.882711+00:00, run_after=2023-11-08T14:49:26.882711+00:00
[2023-11-08T14:49:26.897+0000] {processor.py:179} INFO - Processing /home/airflow/.local/lib/python3.11/site-packages/airflow/example_dags/example_task_group.py took 0.057 seconds
[2023-11-08T14:49:57.092+0000] {processor.py:157} INFO - Started process (PID=5040) to work on /home/airflow/.local/lib/python3.11/site-packages/airflow/example_dags/example_task_group.py
[2023-11-08T14:49:57.093+0000] {processor.py:829} INFO - Processing file /home/airflow/.local/lib/python3.11/site-packages/airflow/example_dags/example_task_group.py for tasks to queue
[2023-11-08T14:49:57.094+0000] {logging_mixin.py:154} INFO - [2023-11-08T14:49:57.094+0000] {dagbag.py:536} INFO - Filling up the DagBag from /home/airflow/.local/lib/python3.11/site-packages/airflow/example_dags/example_task_group.py
[2023-11-08T14:49:57.099+0000] {processor.py:839} INFO - DAG(s) dict_keys(['example_task_group']) retrieved from /home/airflow/.local/lib/python3.11/site-packages/airflow/example_dags/example_task_group.py
[2023-11-08T14:49:57.116+0000] {logging_mixin.py:154} INFO - [2023-11-08T14:49:57.116+0000] {dag.py:2941} INFO - Sync 1 DAGs
[2023-11-08T14:49:57.133+0000] {logging_mixin.py:154} INFO - [2023-11-08T14:49:57.133+0000] {dag.py:3722} INFO - Setting next_dagrun for example_task_group to 2023-11-07T14:49:57.133204+00:00, run_after=2023-11-08T14:49:57.133204+00:00
[2023-11-08T14:49:57.146+0000] {processor.py:179} INFO - Processing /home/airflow/.local/lib/python3.11/site-packages/airflow/example_dags/example_task_group.py took 0.056 seconds
[2023-11-08T14:50:27.345+0000] {processor.py:157} INFO - Started process (PID=5116) to work on /home/airflow/.local/lib/python3.11/site-packages/airflow/example_dags/example_task_group.py
[2023-11-08T14:50:27.346+0000] {processor.py:829} INFO - Processing file /home/airflow/.local/lib/python3.11/site-packages/airflow/example_dags/example_task_group.py for tasks to queue
[2023-11-08T14:50:27.348+0000] {logging_mixin.py:154} INFO - [2023-11-08T14:50:27.348+0000] {dagbag.py:536} INFO - Filling up the DagBag from /home/airflow/.local/lib/python3.11/site-packages/airflow/example_dags/example_task_group.py
[2023-11-08T14:50:27.354+0000] {processor.py:839} INFO - DAG(s) dict_keys(['example_task_group']) retrieved from /home/airflow/.local/lib/python3.11/site-packages/airflow/example_dags/example_task_group.py
[2023-11-08T14:50:27.370+0000] {logging_mixin.py:154} INFO - [2023-11-08T14:50:27.370+0000] {dag.py:2941} INFO - Sync 1 DAGs
[2023-11-08T14:50:27.388+0000] {logging_mixin.py:154} INFO - [2023-11-08T14:50:27.387+0000] {dag.py:3722} INFO - Setting next_dagrun for example_task_group to 2023-11-07T14:50:27.387790+00:00, run_after=2023-11-08T14:50:27.387790+00:00
[2023-11-08T14:50:27.401+0000] {processor.py:179} INFO - Processing /home/airflow/.local/lib/python3.11/site-packages/airflow/example_dags/example_task_group.py took 0.059 seconds
[2023-11-08T14:50:57.786+0000] {processor.py:157} INFO - Started process (PID=5192) to work on /home/airflow/.local/lib/python3.11/site-packages/airflow/example_dags/example_task_group.py
[2023-11-08T14:50:57.787+0000] {processor.py:829} INFO - Processing file /home/airflow/.local/lib/python3.11/site-packages/airflow/example_dags/example_task_group.py for tasks to queue
[2023-11-08T14:50:57.788+0000] {logging_mixin.py:154} INFO - [2023-11-08T14:50:57.788+0000] {dagbag.py:536} INFO - Filling up the DagBag from /home/airflow/.local/lib/python3.11/site-packages/airflow/example_dags/example_task_group.py
[2023-11-08T14:50:57.793+0000] {processor.py:839} INFO - DAG(s) dict_keys(['example_task_group']) retrieved from /home/airflow/.local/lib/python3.11/site-packages/airflow/example_dags/example_task_group.py
[2023-11-08T14:50:57.810+0000] {logging_mixin.py:154} INFO - [2023-11-08T14:50:57.810+0000] {dag.py:2941} INFO - Sync 1 DAGs
[2023-11-08T14:50:57.827+0000] {logging_mixin.py:154} INFO - [2023-11-08T14:50:57.826+0000] {dag.py:3722} INFO - Setting next_dagrun for example_task_group to 2023-11-07T14:50:57.826717+00:00, run_after=2023-11-08T14:50:57.826717+00:00
[2023-11-08T14:50:57.839+0000] {processor.py:179} INFO - Processing /home/airflow/.local/lib/python3.11/site-packages/airflow/example_dags/example_task_group.py took 0.055 seconds
[2023-11-08T14:51:28.709+0000] {processor.py:157} INFO - Started process (PID=5268) to work on /home/airflow/.local/lib/python3.11/site-packages/airflow/example_dags/example_task_group.py
[2023-11-08T14:51:28.710+0000] {processor.py:829} INFO - Processing file /home/airflow/.local/lib/python3.11/site-packages/airflow/example_dags/example_task_group.py for tasks to queue
[2023-11-08T14:51:28.711+0000] {logging_mixin.py:154} INFO - [2023-11-08T14:51:28.711+0000] {dagbag.py:536} INFO - Filling up the DagBag from /home/airflow/.local/lib/python3.11/site-packages/airflow/example_dags/example_task_group.py
[2023-11-08T14:51:28.717+0000] {processor.py:839} INFO - DAG(s) dict_keys(['example_task_group']) retrieved from /home/airflow/.local/lib/python3.11/site-packages/airflow/example_dags/example_task_group.py
[2023-11-08T14:51:28.733+0000] {logging_mixin.py:154} INFO - [2023-11-08T14:51:28.733+0000] {dag.py:2941} INFO - Sync 1 DAGs
[2023-11-08T14:51:28.748+0000] {logging_mixin.py:154} INFO - [2023-11-08T14:51:28.748+0000] {dag.py:3722} INFO - Setting next_dagrun for example_task_group to 2023-11-07T14:51:28.748408+00:00, run_after=2023-11-08T14:51:28.748408+00:00
[2023-11-08T14:51:28.760+0000] {processor.py:179} INFO - Processing /home/airflow/.local/lib/python3.11/site-packages/airflow/example_dags/example_task_group.py took 0.053 seconds
[2023-11-08T14:51:59.306+0000] {processor.py:157} INFO - Started process (PID=5344) to work on /home/airflow/.local/lib/python3.11/site-packages/airflow/example_dags/example_task_group.py
[2023-11-08T14:51:59.308+0000] {processor.py:829} INFO - Processing file /home/airflow/.local/lib/python3.11/site-packages/airflow/example_dags/example_task_group.py for tasks to queue
[2023-11-08T14:51:59.311+0000] {logging_mixin.py:154} INFO - [2023-11-08T14:51:59.310+0000] {dagbag.py:536} INFO - Filling up the DagBag from /home/airflow/.local/lib/python3.11/site-packages/airflow/example_dags/example_task_group.py
[2023-11-08T14:51:59.319+0000] {processor.py:839} INFO - DAG(s) dict_keys(['example_task_group']) retrieved from /home/airflow/.local/lib/python3.11/site-packages/airflow/example_dags/example_task_group.py
[2023-11-08T14:51:59.346+0000] {logging_mixin.py:154} INFO - [2023-11-08T14:51:59.346+0000] {dag.py:2941} INFO - Sync 1 DAGs
[2023-11-08T14:51:59.371+0000] {logging_mixin.py:154} INFO - [2023-11-08T14:51:59.371+0000] {dag.py:3722} INFO - Setting next_dagrun for example_task_group to 2023-11-07T14:51:59.370755+00:00, run_after=2023-11-08T14:51:59.370755+00:00
[2023-11-08T14:51:59.390+0000] {processor.py:179} INFO - Processing /home/airflow/.local/lib/python3.11/site-packages/airflow/example_dags/example_task_group.py took 0.088 seconds
