[2023-11-08T14:16:30.064+0000] {processor.py:157} INFO - Started process (PID=108) to work on /home/airflow/.local/lib/python3.11/site-packages/airflow/example_dags/example_time_delta_sensor_async.py
[2023-11-08T14:16:30.066+0000] {processor.py:829} INFO - Processing file /home/airflow/.local/lib/python3.11/site-packages/airflow/example_dags/example_time_delta_sensor_async.py for tasks to queue
[2023-11-08T14:16:30.070+0000] {logging_mixin.py:154} INFO - [2023-11-08T14:16:30.069+0000] {dagbag.py:536} INFO - Filling up the DagBag from /home/airflow/.local/lib/python3.11/site-packages/airflow/example_dags/example_time_delta_sensor_async.py
[2023-11-08T14:16:30.086+0000] {processor.py:839} INFO - DAG(s) dict_keys(['example_time_delta_sensor_async']) retrieved from /home/airflow/.local/lib/python3.11/site-packages/airflow/example_dags/example_time_delta_sensor_async.py
[2023-11-08T14:16:30.425+0000] {logging_mixin.py:154} INFO - [2023-11-08T14:16:30.424+0000] {manager.py:499} INFO - Created Permission View: %s
[2023-11-08T14:16:30.455+0000] {logging_mixin.py:154} INFO - [2023-11-08T14:16:30.454+0000] {manager.py:499} INFO - Created Permission View: %s
[2023-11-08T14:16:30.476+0000] {logging_mixin.py:154} INFO - [2023-11-08T14:16:30.475+0000] {manager.py:499} INFO - Created Permission View: %s
[2023-11-08T14:16:30.477+0000] {logging_mixin.py:154} INFO - [2023-11-08T14:16:30.476+0000] {dag.py:2941} INFO - Sync 1 DAGs
[2023-11-08T14:16:30.520+0000] {logging_mixin.py:154} INFO - [2023-11-08T14:16:30.519+0000] {dag.py:2963} INFO - Creating ORM DAG for example_time_delta_sensor_async
[2023-11-08T14:16:30.521+0000] {logging_mixin.py:154} INFO - [2023-11-08T14:16:30.521+0000] {dag.py:3722} INFO - Setting next_dagrun for example_time_delta_sensor_async to None, run_after=None
[2023-11-08T14:16:30.585+0000] {processor.py:179} INFO - Processing /home/airflow/.local/lib/python3.11/site-packages/airflow/example_dags/example_time_delta_sensor_async.py took 0.535 seconds
[2023-11-08T14:17:00.912+0000] {processor.py:157} INFO - Started process (PID=184) to work on /home/airflow/.local/lib/python3.11/site-packages/airflow/example_dags/example_time_delta_sensor_async.py
[2023-11-08T14:17:00.914+0000] {processor.py:829} INFO - Processing file /home/airflow/.local/lib/python3.11/site-packages/airflow/example_dags/example_time_delta_sensor_async.py for tasks to queue
[2023-11-08T14:17:00.916+0000] {logging_mixin.py:154} INFO - [2023-11-08T14:17:00.916+0000] {dagbag.py:536} INFO - Filling up the DagBag from /home/airflow/.local/lib/python3.11/site-packages/airflow/example_dags/example_time_delta_sensor_async.py
[2023-11-08T14:17:00.922+0000] {processor.py:839} INFO - DAG(s) dict_keys(['example_time_delta_sensor_async']) retrieved from /home/airflow/.local/lib/python3.11/site-packages/airflow/example_dags/example_time_delta_sensor_async.py
[2023-11-08T14:17:00.952+0000] {logging_mixin.py:154} INFO - [2023-11-08T14:17:00.951+0000] {dag.py:2941} INFO - Sync 1 DAGs
[2023-11-08T14:17:00.977+0000] {logging_mixin.py:154} INFO - [2023-11-08T14:17:00.977+0000] {dag.py:3722} INFO - Setting next_dagrun for example_time_delta_sensor_async to None, run_after=None
[2023-11-08T14:17:01.012+0000] {processor.py:179} INFO - Processing /home/airflow/.local/lib/python3.11/site-packages/airflow/example_dags/example_time_delta_sensor_async.py took 0.104 seconds
[2023-11-08T14:17:31.242+0000] {processor.py:157} INFO - Started process (PID=260) to work on /home/airflow/.local/lib/python3.11/site-packages/airflow/example_dags/example_time_delta_sensor_async.py
[2023-11-08T14:17:31.243+0000] {processor.py:829} INFO - Processing file /home/airflow/.local/lib/python3.11/site-packages/airflow/example_dags/example_time_delta_sensor_async.py for tasks to queue
[2023-11-08T14:17:31.248+0000] {logging_mixin.py:154} INFO - [2023-11-08T14:17:31.247+0000] {dagbag.py:536} INFO - Filling up the DagBag from /home/airflow/.local/lib/python3.11/site-packages/airflow/example_dags/example_time_delta_sensor_async.py
[2023-11-08T14:17:31.254+0000] {processor.py:839} INFO - DAG(s) dict_keys(['example_time_delta_sensor_async']) retrieved from /home/airflow/.local/lib/python3.11/site-packages/airflow/example_dags/example_time_delta_sensor_async.py
[2023-11-08T14:17:31.288+0000] {logging_mixin.py:154} INFO - [2023-11-08T14:17:31.287+0000] {dag.py:2941} INFO - Sync 1 DAGs
[2023-11-08T14:17:31.309+0000] {logging_mixin.py:154} INFO - [2023-11-08T14:17:31.309+0000] {dag.py:3722} INFO - Setting next_dagrun for example_time_delta_sensor_async to None, run_after=None
[2023-11-08T14:17:31.343+0000] {processor.py:179} INFO - Processing /home/airflow/.local/lib/python3.11/site-packages/airflow/example_dags/example_time_delta_sensor_async.py took 0.106 seconds
[2023-11-08T14:18:01.889+0000] {processor.py:157} INFO - Started process (PID=336) to work on /home/airflow/.local/lib/python3.11/site-packages/airflow/example_dags/example_time_delta_sensor_async.py
[2023-11-08T14:18:01.891+0000] {processor.py:829} INFO - Processing file /home/airflow/.local/lib/python3.11/site-packages/airflow/example_dags/example_time_delta_sensor_async.py for tasks to queue
[2023-11-08T14:18:01.894+0000] {logging_mixin.py:154} INFO - [2023-11-08T14:18:01.893+0000] {dagbag.py:536} INFO - Filling up the DagBag from /home/airflow/.local/lib/python3.11/site-packages/airflow/example_dags/example_time_delta_sensor_async.py
[2023-11-08T14:18:01.900+0000] {processor.py:839} INFO - DAG(s) dict_keys(['example_time_delta_sensor_async']) retrieved from /home/airflow/.local/lib/python3.11/site-packages/airflow/example_dags/example_time_delta_sensor_async.py
[2023-11-08T14:18:01.932+0000] {logging_mixin.py:154} INFO - [2023-11-08T14:18:01.931+0000] {dag.py:2941} INFO - Sync 1 DAGs
[2023-11-08T14:18:01.956+0000] {logging_mixin.py:154} INFO - [2023-11-08T14:18:01.956+0000] {dag.py:3722} INFO - Setting next_dagrun for example_time_delta_sensor_async to None, run_after=None
[2023-11-08T14:18:01.998+0000] {processor.py:179} INFO - Processing /home/airflow/.local/lib/python3.11/site-packages/airflow/example_dags/example_time_delta_sensor_async.py took 0.114 seconds
[2023-11-08T14:18:32.586+0000] {processor.py:157} INFO - Started process (PID=412) to work on /home/airflow/.local/lib/python3.11/site-packages/airflow/example_dags/example_time_delta_sensor_async.py
[2023-11-08T14:18:32.588+0000] {processor.py:829} INFO - Processing file /home/airflow/.local/lib/python3.11/site-packages/airflow/example_dags/example_time_delta_sensor_async.py for tasks to queue
[2023-11-08T14:18:32.593+0000] {logging_mixin.py:154} INFO - [2023-11-08T14:18:32.593+0000] {dagbag.py:536} INFO - Filling up the DagBag from /home/airflow/.local/lib/python3.11/site-packages/airflow/example_dags/example_time_delta_sensor_async.py
[2023-11-08T14:18:32.624+0000] {processor.py:839} INFO - DAG(s) dict_keys(['example_time_delta_sensor_async']) retrieved from /home/airflow/.local/lib/python3.11/site-packages/airflow/example_dags/example_time_delta_sensor_async.py
[2023-11-08T14:18:32.699+0000] {logging_mixin.py:154} INFO - [2023-11-08T14:18:32.698+0000] {dag.py:2941} INFO - Sync 1 DAGs
[2023-11-08T14:18:32.763+0000] {logging_mixin.py:154} INFO - [2023-11-08T14:18:32.762+0000] {dag.py:3722} INFO - Setting next_dagrun for example_time_delta_sensor_async to None, run_after=None
[2023-11-08T14:18:32.839+0000] {processor.py:179} INFO - Processing /home/airflow/.local/lib/python3.11/site-packages/airflow/example_dags/example_time_delta_sensor_async.py took 0.266 seconds
[2023-11-08T14:19:15.342+0000] {processor.py:157} INFO - Started process (PID=488) to work on /home/airflow/.local/lib/python3.11/site-packages/airflow/example_dags/example_time_delta_sensor_async.py
[2023-11-08T14:19:15.348+0000] {processor.py:829} INFO - Processing file /home/airflow/.local/lib/python3.11/site-packages/airflow/example_dags/example_time_delta_sensor_async.py for tasks to queue
[2023-11-08T14:19:15.352+0000] {logging_mixin.py:154} INFO - [2023-11-08T14:19:15.351+0000] {dagbag.py:536} INFO - Filling up the DagBag from /home/airflow/.local/lib/python3.11/site-packages/airflow/example_dags/example_time_delta_sensor_async.py
[2023-11-08T14:19:15.420+0000] {processor.py:839} INFO - DAG(s) dict_keys(['example_time_delta_sensor_async']) retrieved from /home/airflow/.local/lib/python3.11/site-packages/airflow/example_dags/example_time_delta_sensor_async.py
[2023-11-08T14:19:15.617+0000] {logging_mixin.py:154} INFO - [2023-11-08T14:19:15.616+0000] {dag.py:2941} INFO - Sync 1 DAGs
[2023-11-08T14:19:15.833+0000] {logging_mixin.py:154} INFO - [2023-11-08T14:19:15.832+0000] {dag.py:3722} INFO - Setting next_dagrun for example_time_delta_sensor_async to None, run_after=None
[2023-11-08T14:19:16.020+0000] {processor.py:179} INFO - Processing /home/airflow/.local/lib/python3.11/site-packages/airflow/example_dags/example_time_delta_sensor_async.py took 0.688 seconds
[2023-11-08T14:19:46.731+0000] {processor.py:157} INFO - Started process (PID=564) to work on /home/airflow/.local/lib/python3.11/site-packages/airflow/example_dags/example_time_delta_sensor_async.py
[2023-11-08T14:19:46.739+0000] {processor.py:829} INFO - Processing file /home/airflow/.local/lib/python3.11/site-packages/airflow/example_dags/example_time_delta_sensor_async.py for tasks to queue
[2023-11-08T14:19:46.768+0000] {logging_mixin.py:154} INFO - [2023-11-08T14:19:46.766+0000] {dagbag.py:536} INFO - Filling up the DagBag from /home/airflow/.local/lib/python3.11/site-packages/airflow/example_dags/example_time_delta_sensor_async.py
[2023-11-08T14:19:46.820+0000] {processor.py:839} INFO - DAG(s) dict_keys(['example_time_delta_sensor_async']) retrieved from /home/airflow/.local/lib/python3.11/site-packages/airflow/example_dags/example_time_delta_sensor_async.py
[2023-11-08T14:19:46.958+0000] {logging_mixin.py:154} INFO - [2023-11-08T14:19:46.956+0000] {dag.py:2941} INFO - Sync 1 DAGs
[2023-11-08T14:19:47.017+0000] {logging_mixin.py:154} INFO - [2023-11-08T14:19:47.017+0000] {dag.py:3722} INFO - Setting next_dagrun for example_time_delta_sensor_async to None, run_after=None
[2023-11-08T14:19:47.090+0000] {processor.py:179} INFO - Processing /home/airflow/.local/lib/python3.11/site-packages/airflow/example_dags/example_time_delta_sensor_async.py took 0.384 seconds
[2023-11-08T14:20:17.236+0000] {processor.py:157} INFO - Started process (PID=641) to work on /home/airflow/.local/lib/python3.11/site-packages/airflow/example_dags/example_time_delta_sensor_async.py
[2023-11-08T14:20:17.238+0000] {processor.py:829} INFO - Processing file /home/airflow/.local/lib/python3.11/site-packages/airflow/example_dags/example_time_delta_sensor_async.py for tasks to queue
[2023-11-08T14:20:17.243+0000] {logging_mixin.py:154} INFO - [2023-11-08T14:20:17.241+0000] {dagbag.py:536} INFO - Filling up the DagBag from /home/airflow/.local/lib/python3.11/site-packages/airflow/example_dags/example_time_delta_sensor_async.py
[2023-11-08T14:20:17.251+0000] {processor.py:839} INFO - DAG(s) dict_keys(['example_time_delta_sensor_async']) retrieved from /home/airflow/.local/lib/python3.11/site-packages/airflow/example_dags/example_time_delta_sensor_async.py
[2023-11-08T14:20:17.289+0000] {logging_mixin.py:154} INFO - [2023-11-08T14:20:17.288+0000] {dag.py:2941} INFO - Sync 1 DAGs
[2023-11-08T14:20:17.316+0000] {logging_mixin.py:154} INFO - [2023-11-08T14:20:17.316+0000] {dag.py:3722} INFO - Setting next_dagrun for example_time_delta_sensor_async to None, run_after=None
[2023-11-08T14:20:17.353+0000] {processor.py:179} INFO - Processing /home/airflow/.local/lib/python3.11/site-packages/airflow/example_dags/example_time_delta_sensor_async.py took 0.124 seconds
[2023-11-08T14:20:47.522+0000] {processor.py:157} INFO - Started process (PID=717) to work on /home/airflow/.local/lib/python3.11/site-packages/airflow/example_dags/example_time_delta_sensor_async.py
[2023-11-08T14:20:47.524+0000] {processor.py:829} INFO - Processing file /home/airflow/.local/lib/python3.11/site-packages/airflow/example_dags/example_time_delta_sensor_async.py for tasks to queue
[2023-11-08T14:20:47.528+0000] {logging_mixin.py:154} INFO - [2023-11-08T14:20:47.527+0000] {dagbag.py:536} INFO - Filling up the DagBag from /home/airflow/.local/lib/python3.11/site-packages/airflow/example_dags/example_time_delta_sensor_async.py
[2023-11-08T14:20:47.542+0000] {processor.py:839} INFO - DAG(s) dict_keys(['example_time_delta_sensor_async']) retrieved from /home/airflow/.local/lib/python3.11/site-packages/airflow/example_dags/example_time_delta_sensor_async.py
[2023-11-08T14:20:47.604+0000] {logging_mixin.py:154} INFO - [2023-11-08T14:20:47.604+0000] {dag.py:2941} INFO - Sync 1 DAGs
[2023-11-08T14:20:47.636+0000] {logging_mixin.py:154} INFO - [2023-11-08T14:20:47.635+0000] {dag.py:3722} INFO - Setting next_dagrun for example_time_delta_sensor_async to None, run_after=None
[2023-11-08T14:20:47.684+0000] {processor.py:179} INFO - Processing /home/airflow/.local/lib/python3.11/site-packages/airflow/example_dags/example_time_delta_sensor_async.py took 0.173 seconds
[2023-11-08T14:21:18.133+0000] {processor.py:157} INFO - Started process (PID=793) to work on /home/airflow/.local/lib/python3.11/site-packages/airflow/example_dags/example_time_delta_sensor_async.py
[2023-11-08T14:21:18.135+0000] {processor.py:829} INFO - Processing file /home/airflow/.local/lib/python3.11/site-packages/airflow/example_dags/example_time_delta_sensor_async.py for tasks to queue
[2023-11-08T14:21:18.140+0000] {logging_mixin.py:154} INFO - [2023-11-08T14:21:18.139+0000] {dagbag.py:536} INFO - Filling up the DagBag from /home/airflow/.local/lib/python3.11/site-packages/airflow/example_dags/example_time_delta_sensor_async.py
[2023-11-08T14:21:18.150+0000] {processor.py:839} INFO - DAG(s) dict_keys(['example_time_delta_sensor_async']) retrieved from /home/airflow/.local/lib/python3.11/site-packages/airflow/example_dags/example_time_delta_sensor_async.py
[2023-11-08T14:21:18.206+0000] {logging_mixin.py:154} INFO - [2023-11-08T14:21:18.206+0000] {dag.py:2941} INFO - Sync 1 DAGs
[2023-11-08T14:21:18.248+0000] {logging_mixin.py:154} INFO - [2023-11-08T14:21:18.247+0000] {dag.py:3722} INFO - Setting next_dagrun for example_time_delta_sensor_async to None, run_after=None
[2023-11-08T14:21:18.309+0000] {processor.py:179} INFO - Processing /home/airflow/.local/lib/python3.11/site-packages/airflow/example_dags/example_time_delta_sensor_async.py took 0.181 seconds
[2023-11-08T14:21:48.820+0000] {processor.py:157} INFO - Started process (PID=869) to work on /home/airflow/.local/lib/python3.11/site-packages/airflow/example_dags/example_time_delta_sensor_async.py
[2023-11-08T14:21:48.821+0000] {processor.py:829} INFO - Processing file /home/airflow/.local/lib/python3.11/site-packages/airflow/example_dags/example_time_delta_sensor_async.py for tasks to queue
[2023-11-08T14:21:48.824+0000] {logging_mixin.py:154} INFO - [2023-11-08T14:21:48.823+0000] {dagbag.py:536} INFO - Filling up the DagBag from /home/airflow/.local/lib/python3.11/site-packages/airflow/example_dags/example_time_delta_sensor_async.py
[2023-11-08T14:21:48.830+0000] {processor.py:839} INFO - DAG(s) dict_keys(['example_time_delta_sensor_async']) retrieved from /home/airflow/.local/lib/python3.11/site-packages/airflow/example_dags/example_time_delta_sensor_async.py
[2023-11-08T14:21:48.862+0000] {logging_mixin.py:154} INFO - [2023-11-08T14:21:48.862+0000] {dag.py:2941} INFO - Sync 1 DAGs
[2023-11-08T14:21:48.884+0000] {logging_mixin.py:154} INFO - [2023-11-08T14:21:48.884+0000] {dag.py:3722} INFO - Setting next_dagrun for example_time_delta_sensor_async to None, run_after=None
[2023-11-08T14:21:48.921+0000] {processor.py:179} INFO - Processing /home/airflow/.local/lib/python3.11/site-packages/airflow/example_dags/example_time_delta_sensor_async.py took 0.106 seconds
[2023-11-08T14:22:19.590+0000] {processor.py:157} INFO - Started process (PID=945) to work on /home/airflow/.local/lib/python3.11/site-packages/airflow/example_dags/example_time_delta_sensor_async.py
[2023-11-08T14:22:19.591+0000] {processor.py:829} INFO - Processing file /home/airflow/.local/lib/python3.11/site-packages/airflow/example_dags/example_time_delta_sensor_async.py for tasks to queue
[2023-11-08T14:22:19.596+0000] {logging_mixin.py:154} INFO - [2023-11-08T14:22:19.595+0000] {dagbag.py:536} INFO - Filling up the DagBag from /home/airflow/.local/lib/python3.11/site-packages/airflow/example_dags/example_time_delta_sensor_async.py
[2023-11-08T14:22:19.606+0000] {processor.py:839} INFO - DAG(s) dict_keys(['example_time_delta_sensor_async']) retrieved from /home/airflow/.local/lib/python3.11/site-packages/airflow/example_dags/example_time_delta_sensor_async.py
[2023-11-08T14:22:19.653+0000] {logging_mixin.py:154} INFO - [2023-11-08T14:22:19.653+0000] {dag.py:2941} INFO - Sync 1 DAGs
[2023-11-08T14:22:19.690+0000] {logging_mixin.py:154} INFO - [2023-11-08T14:22:19.689+0000] {dag.py:3722} INFO - Setting next_dagrun for example_time_delta_sensor_async to None, run_after=None
[2023-11-08T14:22:19.728+0000] {processor.py:179} INFO - Processing /home/airflow/.local/lib/python3.11/site-packages/airflow/example_dags/example_time_delta_sensor_async.py took 0.146 seconds
[2023-11-08T14:22:49.939+0000] {processor.py:157} INFO - Started process (PID=1020) to work on /home/airflow/.local/lib/python3.11/site-packages/airflow/example_dags/example_time_delta_sensor_async.py
[2023-11-08T14:22:49.940+0000] {processor.py:829} INFO - Processing file /home/airflow/.local/lib/python3.11/site-packages/airflow/example_dags/example_time_delta_sensor_async.py for tasks to queue
[2023-11-08T14:22:49.942+0000] {logging_mixin.py:154} INFO - [2023-11-08T14:22:49.942+0000] {dagbag.py:536} INFO - Filling up the DagBag from /home/airflow/.local/lib/python3.11/site-packages/airflow/example_dags/example_time_delta_sensor_async.py
[2023-11-08T14:22:49.948+0000] {processor.py:839} INFO - DAG(s) dict_keys(['example_time_delta_sensor_async']) retrieved from /home/airflow/.local/lib/python3.11/site-packages/airflow/example_dags/example_time_delta_sensor_async.py
[2023-11-08T14:22:49.983+0000] {logging_mixin.py:154} INFO - [2023-11-08T14:22:49.982+0000] {dag.py:2941} INFO - Sync 1 DAGs
[2023-11-08T14:22:50.003+0000] {logging_mixin.py:154} INFO - [2023-11-08T14:22:50.003+0000] {dag.py:3722} INFO - Setting next_dagrun for example_time_delta_sensor_async to None, run_after=None
[2023-11-08T14:22:50.038+0000] {processor.py:179} INFO - Processing /home/airflow/.local/lib/python3.11/site-packages/airflow/example_dags/example_time_delta_sensor_async.py took 0.104 seconds
[2023-11-08T14:23:20.449+0000] {processor.py:157} INFO - Started process (PID=1096) to work on /home/airflow/.local/lib/python3.11/site-packages/airflow/example_dags/example_time_delta_sensor_async.py
[2023-11-08T14:23:20.451+0000] {processor.py:829} INFO - Processing file /home/airflow/.local/lib/python3.11/site-packages/airflow/example_dags/example_time_delta_sensor_async.py for tasks to queue
[2023-11-08T14:23:20.455+0000] {logging_mixin.py:154} INFO - [2023-11-08T14:23:20.455+0000] {dagbag.py:536} INFO - Filling up the DagBag from /home/airflow/.local/lib/python3.11/site-packages/airflow/example_dags/example_time_delta_sensor_async.py
[2023-11-08T14:23:20.471+0000] {processor.py:839} INFO - DAG(s) dict_keys(['example_time_delta_sensor_async']) retrieved from /home/airflow/.local/lib/python3.11/site-packages/airflow/example_dags/example_time_delta_sensor_async.py
[2023-11-08T14:23:20.534+0000] {logging_mixin.py:154} INFO - [2023-11-08T14:23:20.533+0000] {dag.py:2941} INFO - Sync 1 DAGs
[2023-11-08T14:23:20.605+0000] {logging_mixin.py:154} INFO - [2023-11-08T14:23:20.605+0000] {dag.py:3722} INFO - Setting next_dagrun for example_time_delta_sensor_async to None, run_after=None
[2023-11-08T14:23:20.684+0000] {processor.py:179} INFO - Processing /home/airflow/.local/lib/python3.11/site-packages/airflow/example_dags/example_time_delta_sensor_async.py took 0.248 seconds
[2023-11-08T14:23:59.560+0000] {processor.py:157} INFO - Started process (PID=1171) to work on /home/airflow/.local/lib/python3.11/site-packages/airflow/example_dags/example_time_delta_sensor_async.py
[2023-11-08T14:23:59.562+0000] {processor.py:829} INFO - Processing file /home/airflow/.local/lib/python3.11/site-packages/airflow/example_dags/example_time_delta_sensor_async.py for tasks to queue
[2023-11-08T14:23:59.567+0000] {logging_mixin.py:154} INFO - [2023-11-08T14:23:59.566+0000] {dagbag.py:536} INFO - Filling up the DagBag from /home/airflow/.local/lib/python3.11/site-packages/airflow/example_dags/example_time_delta_sensor_async.py
[2023-11-08T14:23:59.584+0000] {processor.py:839} INFO - DAG(s) dict_keys(['example_time_delta_sensor_async']) retrieved from /home/airflow/.local/lib/python3.11/site-packages/airflow/example_dags/example_time_delta_sensor_async.py
[2023-11-08T14:23:59.643+0000] {logging_mixin.py:154} INFO - [2023-11-08T14:23:59.642+0000] {dag.py:2941} INFO - Sync 1 DAGs
[2023-11-08T14:23:59.687+0000] {logging_mixin.py:154} INFO - [2023-11-08T14:23:59.686+0000] {dag.py:3722} INFO - Setting next_dagrun for example_time_delta_sensor_async to None, run_after=None
[2023-11-08T14:23:59.742+0000] {processor.py:179} INFO - Processing /home/airflow/.local/lib/python3.11/site-packages/airflow/example_dags/example_time_delta_sensor_async.py took 0.198 seconds
[2023-11-08T14:24:38.596+0000] {processor.py:157} INFO - Started process (PID=1275) to work on /home/airflow/.local/lib/python3.11/site-packages/airflow/example_dags/example_time_delta_sensor_async.py
[2023-11-08T14:24:38.601+0000] {processor.py:829} INFO - Processing file /home/airflow/.local/lib/python3.11/site-packages/airflow/example_dags/example_time_delta_sensor_async.py for tasks to queue
[2023-11-08T14:24:38.634+0000] {logging_mixin.py:154} INFO - [2023-11-08T14:24:38.633+0000] {dagbag.py:536} INFO - Filling up the DagBag from /home/airflow/.local/lib/python3.11/site-packages/airflow/example_dags/example_time_delta_sensor_async.py
[2023-11-08T14:24:38.677+0000] {processor.py:839} INFO - DAG(s) dict_keys(['example_time_delta_sensor_async']) retrieved from /home/airflow/.local/lib/python3.11/site-packages/airflow/example_dags/example_time_delta_sensor_async.py
[2023-11-08T14:24:38.874+0000] {logging_mixin.py:154} INFO - [2023-11-08T14:24:38.873+0000] {dag.py:2941} INFO - Sync 1 DAGs
[2023-11-08T14:24:38.934+0000] {logging_mixin.py:154} INFO - [2023-11-08T14:24:38.933+0000] {dag.py:3722} INFO - Setting next_dagrun for example_time_delta_sensor_async to None, run_after=None
[2023-11-08T14:24:39.023+0000] {processor.py:179} INFO - Processing /home/airflow/.local/lib/python3.11/site-packages/airflow/example_dags/example_time_delta_sensor_async.py took 0.432 seconds
[2023-11-08T14:25:09.241+0000] {processor.py:157} INFO - Started process (PID=1351) to work on /home/airflow/.local/lib/python3.11/site-packages/airflow/example_dags/example_time_delta_sensor_async.py
[2023-11-08T14:25:09.243+0000] {processor.py:829} INFO - Processing file /home/airflow/.local/lib/python3.11/site-packages/airflow/example_dags/example_time_delta_sensor_async.py for tasks to queue
[2023-11-08T14:25:09.247+0000] {logging_mixin.py:154} INFO - [2023-11-08T14:25:09.246+0000] {dagbag.py:536} INFO - Filling up the DagBag from /home/airflow/.local/lib/python3.11/site-packages/airflow/example_dags/example_time_delta_sensor_async.py
[2023-11-08T14:25:09.255+0000] {processor.py:839} INFO - DAG(s) dict_keys(['example_time_delta_sensor_async']) retrieved from /home/airflow/.local/lib/python3.11/site-packages/airflow/example_dags/example_time_delta_sensor_async.py
[2023-11-08T14:25:09.292+0000] {logging_mixin.py:154} INFO - [2023-11-08T14:25:09.291+0000] {dag.py:2941} INFO - Sync 1 DAGs
[2023-11-08T14:25:09.316+0000] {logging_mixin.py:154} INFO - [2023-11-08T14:25:09.316+0000] {dag.py:3722} INFO - Setting next_dagrun for example_time_delta_sensor_async to None, run_after=None
[2023-11-08T14:25:09.350+0000] {processor.py:179} INFO - Processing /home/airflow/.local/lib/python3.11/site-packages/airflow/example_dags/example_time_delta_sensor_async.py took 0.114 seconds
[2023-11-08T14:25:39.751+0000] {processor.py:157} INFO - Started process (PID=1427) to work on /home/airflow/.local/lib/python3.11/site-packages/airflow/example_dags/example_time_delta_sensor_async.py
[2023-11-08T14:25:39.752+0000] {processor.py:829} INFO - Processing file /home/airflow/.local/lib/python3.11/site-packages/airflow/example_dags/example_time_delta_sensor_async.py for tasks to queue
[2023-11-08T14:25:39.756+0000] {logging_mixin.py:154} INFO - [2023-11-08T14:25:39.755+0000] {dagbag.py:536} INFO - Filling up the DagBag from /home/airflow/.local/lib/python3.11/site-packages/airflow/example_dags/example_time_delta_sensor_async.py
[2023-11-08T14:25:39.764+0000] {processor.py:839} INFO - DAG(s) dict_keys(['example_time_delta_sensor_async']) retrieved from /home/airflow/.local/lib/python3.11/site-packages/airflow/example_dags/example_time_delta_sensor_async.py
[2023-11-08T14:25:39.796+0000] {logging_mixin.py:154} INFO - [2023-11-08T14:25:39.795+0000] {dag.py:2941} INFO - Sync 1 DAGs
[2023-11-08T14:25:39.818+0000] {logging_mixin.py:154} INFO - [2023-11-08T14:25:39.818+0000] {dag.py:3722} INFO - Setting next_dagrun for example_time_delta_sensor_async to None, run_after=None
[2023-11-08T14:25:39.853+0000] {processor.py:179} INFO - Processing /home/airflow/.local/lib/python3.11/site-packages/airflow/example_dags/example_time_delta_sensor_async.py took 0.106 seconds
[2023-11-08T14:26:10.768+0000] {processor.py:157} INFO - Started process (PID=1503) to work on /home/airflow/.local/lib/python3.11/site-packages/airflow/example_dags/example_time_delta_sensor_async.py
[2023-11-08T14:26:10.771+0000] {processor.py:829} INFO - Processing file /home/airflow/.local/lib/python3.11/site-packages/airflow/example_dags/example_time_delta_sensor_async.py for tasks to queue
[2023-11-08T14:26:10.777+0000] {logging_mixin.py:154} INFO - [2023-11-08T14:26:10.776+0000] {dagbag.py:536} INFO - Filling up the DagBag from /home/airflow/.local/lib/python3.11/site-packages/airflow/example_dags/example_time_delta_sensor_async.py
[2023-11-08T14:26:10.786+0000] {processor.py:839} INFO - DAG(s) dict_keys(['example_time_delta_sensor_async']) retrieved from /home/airflow/.local/lib/python3.11/site-packages/airflow/example_dags/example_time_delta_sensor_async.py
[2023-11-08T14:26:10.838+0000] {logging_mixin.py:154} INFO - [2023-11-08T14:26:10.838+0000] {dag.py:2941} INFO - Sync 1 DAGs
[2023-11-08T14:26:10.878+0000] {logging_mixin.py:154} INFO - [2023-11-08T14:26:10.878+0000] {dag.py:3722} INFO - Setting next_dagrun for example_time_delta_sensor_async to None, run_after=None
[2023-11-08T14:26:10.930+0000] {processor.py:179} INFO - Processing /home/airflow/.local/lib/python3.11/site-packages/airflow/example_dags/example_time_delta_sensor_async.py took 0.173 seconds
[2023-11-08T14:26:41.080+0000] {processor.py:157} INFO - Started process (PID=1579) to work on /home/airflow/.local/lib/python3.11/site-packages/airflow/example_dags/example_time_delta_sensor_async.py
[2023-11-08T14:26:41.081+0000] {processor.py:829} INFO - Processing file /home/airflow/.local/lib/python3.11/site-packages/airflow/example_dags/example_time_delta_sensor_async.py for tasks to queue
[2023-11-08T14:26:41.083+0000] {logging_mixin.py:154} INFO - [2023-11-08T14:26:41.083+0000] {dagbag.py:536} INFO - Filling up the DagBag from /home/airflow/.local/lib/python3.11/site-packages/airflow/example_dags/example_time_delta_sensor_async.py
[2023-11-08T14:26:41.089+0000] {processor.py:839} INFO - DAG(s) dict_keys(['example_time_delta_sensor_async']) retrieved from /home/airflow/.local/lib/python3.11/site-packages/airflow/example_dags/example_time_delta_sensor_async.py
[2023-11-08T14:26:41.120+0000] {logging_mixin.py:154} INFO - [2023-11-08T14:26:41.120+0000] {dag.py:2941} INFO - Sync 1 DAGs
[2023-11-08T14:26:41.141+0000] {logging_mixin.py:154} INFO - [2023-11-08T14:26:41.141+0000] {dag.py:3722} INFO - Setting next_dagrun for example_time_delta_sensor_async to None, run_after=None
[2023-11-08T14:26:41.173+0000] {processor.py:179} INFO - Processing /home/airflow/.local/lib/python3.11/site-packages/airflow/example_dags/example_time_delta_sensor_async.py took 0.097 seconds
[2023-11-08T14:27:11.430+0000] {processor.py:157} INFO - Started process (PID=1655) to work on /home/airflow/.local/lib/python3.11/site-packages/airflow/example_dags/example_time_delta_sensor_async.py
[2023-11-08T14:27:11.432+0000] {processor.py:829} INFO - Processing file /home/airflow/.local/lib/python3.11/site-packages/airflow/example_dags/example_time_delta_sensor_async.py for tasks to queue
[2023-11-08T14:27:11.436+0000] {logging_mixin.py:154} INFO - [2023-11-08T14:27:11.436+0000] {dagbag.py:536} INFO - Filling up the DagBag from /home/airflow/.local/lib/python3.11/site-packages/airflow/example_dags/example_time_delta_sensor_async.py
[2023-11-08T14:27:11.444+0000] {processor.py:839} INFO - DAG(s) dict_keys(['example_time_delta_sensor_async']) retrieved from /home/airflow/.local/lib/python3.11/site-packages/airflow/example_dags/example_time_delta_sensor_async.py
[2023-11-08T14:27:11.480+0000] {logging_mixin.py:154} INFO - [2023-11-08T14:27:11.479+0000] {dag.py:2941} INFO - Sync 1 DAGs
[2023-11-08T14:27:11.505+0000] {logging_mixin.py:154} INFO - [2023-11-08T14:27:11.505+0000] {dag.py:3722} INFO - Setting next_dagrun for example_time_delta_sensor_async to None, run_after=None
[2023-11-08T14:27:11.549+0000] {processor.py:179} INFO - Processing /home/airflow/.local/lib/python3.11/site-packages/airflow/example_dags/example_time_delta_sensor_async.py took 0.124 seconds
[2023-11-08T14:27:41.845+0000] {processor.py:157} INFO - Started process (PID=1731) to work on /home/airflow/.local/lib/python3.11/site-packages/airflow/example_dags/example_time_delta_sensor_async.py
[2023-11-08T14:27:41.847+0000] {processor.py:829} INFO - Processing file /home/airflow/.local/lib/python3.11/site-packages/airflow/example_dags/example_time_delta_sensor_async.py for tasks to queue
[2023-11-08T14:27:41.849+0000] {logging_mixin.py:154} INFO - [2023-11-08T14:27:41.849+0000] {dagbag.py:536} INFO - Filling up the DagBag from /home/airflow/.local/lib/python3.11/site-packages/airflow/example_dags/example_time_delta_sensor_async.py
[2023-11-08T14:27:41.856+0000] {processor.py:839} INFO - DAG(s) dict_keys(['example_time_delta_sensor_async']) retrieved from /home/airflow/.local/lib/python3.11/site-packages/airflow/example_dags/example_time_delta_sensor_async.py
[2023-11-08T14:27:41.888+0000] {logging_mixin.py:154} INFO - [2023-11-08T14:27:41.888+0000] {dag.py:2941} INFO - Sync 1 DAGs
[2023-11-08T14:27:41.911+0000] {logging_mixin.py:154} INFO - [2023-11-08T14:27:41.911+0000] {dag.py:3722} INFO - Setting next_dagrun for example_time_delta_sensor_async to None, run_after=None
[2023-11-08T14:27:41.944+0000] {processor.py:179} INFO - Processing /home/airflow/.local/lib/python3.11/site-packages/airflow/example_dags/example_time_delta_sensor_async.py took 0.103 seconds
[2023-11-08T14:28:13.066+0000] {processor.py:157} INFO - Started process (PID=1807) to work on /home/airflow/.local/lib/python3.11/site-packages/airflow/example_dags/example_time_delta_sensor_async.py
[2023-11-08T14:28:13.068+0000] {processor.py:829} INFO - Processing file /home/airflow/.local/lib/python3.11/site-packages/airflow/example_dags/example_time_delta_sensor_async.py for tasks to queue
[2023-11-08T14:28:13.071+0000] {logging_mixin.py:154} INFO - [2023-11-08T14:28:13.070+0000] {dagbag.py:536} INFO - Filling up the DagBag from /home/airflow/.local/lib/python3.11/site-packages/airflow/example_dags/example_time_delta_sensor_async.py
[2023-11-08T14:28:13.079+0000] {processor.py:839} INFO - DAG(s) dict_keys(['example_time_delta_sensor_async']) retrieved from /home/airflow/.local/lib/python3.11/site-packages/airflow/example_dags/example_time_delta_sensor_async.py
[2023-11-08T14:28:13.112+0000] {logging_mixin.py:154} INFO - [2023-11-08T14:28:13.112+0000] {dag.py:2941} INFO - Sync 1 DAGs
[2023-11-08T14:28:13.140+0000] {logging_mixin.py:154} INFO - [2023-11-08T14:28:13.140+0000] {dag.py:3722} INFO - Setting next_dagrun for example_time_delta_sensor_async to None, run_after=None
[2023-11-08T14:28:13.186+0000] {processor.py:179} INFO - Processing /home/airflow/.local/lib/python3.11/site-packages/airflow/example_dags/example_time_delta_sensor_async.py took 0.125 seconds
[2023-11-08T14:28:44.415+0000] {processor.py:157} INFO - Started process (PID=1885) to work on /home/airflow/.local/lib/python3.11/site-packages/airflow/example_dags/example_time_delta_sensor_async.py
[2023-11-08T14:28:44.417+0000] {processor.py:829} INFO - Processing file /home/airflow/.local/lib/python3.11/site-packages/airflow/example_dags/example_time_delta_sensor_async.py for tasks to queue
[2023-11-08T14:28:44.421+0000] {logging_mixin.py:154} INFO - [2023-11-08T14:28:44.421+0000] {dagbag.py:536} INFO - Filling up the DagBag from /home/airflow/.local/lib/python3.11/site-packages/airflow/example_dags/example_time_delta_sensor_async.py
[2023-11-08T14:28:44.430+0000] {processor.py:839} INFO - DAG(s) dict_keys(['example_time_delta_sensor_async']) retrieved from /home/airflow/.local/lib/python3.11/site-packages/airflow/example_dags/example_time_delta_sensor_async.py
[2023-11-08T14:28:44.469+0000] {logging_mixin.py:154} INFO - [2023-11-08T14:28:44.469+0000] {dag.py:2941} INFO - Sync 1 DAGs
[2023-11-08T14:28:44.495+0000] {logging_mixin.py:154} INFO - [2023-11-08T14:28:44.494+0000] {dag.py:3722} INFO - Setting next_dagrun for example_time_delta_sensor_async to None, run_after=None
[2023-11-08T14:28:44.535+0000] {processor.py:179} INFO - Processing /home/airflow/.local/lib/python3.11/site-packages/airflow/example_dags/example_time_delta_sensor_async.py took 0.127 seconds
[2023-11-08T14:29:15.156+0000] {processor.py:157} INFO - Started process (PID=1961) to work on /home/airflow/.local/lib/python3.11/site-packages/airflow/example_dags/example_time_delta_sensor_async.py
[2023-11-08T14:29:15.157+0000] {processor.py:829} INFO - Processing file /home/airflow/.local/lib/python3.11/site-packages/airflow/example_dags/example_time_delta_sensor_async.py for tasks to queue
[2023-11-08T14:29:15.160+0000] {logging_mixin.py:154} INFO - [2023-11-08T14:29:15.160+0000] {dagbag.py:536} INFO - Filling up the DagBag from /home/airflow/.local/lib/python3.11/site-packages/airflow/example_dags/example_time_delta_sensor_async.py
[2023-11-08T14:29:15.167+0000] {processor.py:839} INFO - DAG(s) dict_keys(['example_time_delta_sensor_async']) retrieved from /home/airflow/.local/lib/python3.11/site-packages/airflow/example_dags/example_time_delta_sensor_async.py
[2023-11-08T14:29:15.205+0000] {logging_mixin.py:154} INFO - [2023-11-08T14:29:15.205+0000] {dag.py:2941} INFO - Sync 1 DAGs
[2023-11-08T14:29:15.235+0000] {logging_mixin.py:154} INFO - [2023-11-08T14:29:15.235+0000] {dag.py:3722} INFO - Setting next_dagrun for example_time_delta_sensor_async to None, run_after=None
[2023-11-08T14:29:15.281+0000] {processor.py:179} INFO - Processing /home/airflow/.local/lib/python3.11/site-packages/airflow/example_dags/example_time_delta_sensor_async.py took 0.130 seconds
[2023-11-08T14:29:45.524+0000] {processor.py:157} INFO - Started process (PID=2037) to work on /home/airflow/.local/lib/python3.11/site-packages/airflow/example_dags/example_time_delta_sensor_async.py
[2023-11-08T14:29:45.526+0000] {processor.py:829} INFO - Processing file /home/airflow/.local/lib/python3.11/site-packages/airflow/example_dags/example_time_delta_sensor_async.py for tasks to queue
[2023-11-08T14:29:45.529+0000] {logging_mixin.py:154} INFO - [2023-11-08T14:29:45.529+0000] {dagbag.py:536} INFO - Filling up the DagBag from /home/airflow/.local/lib/python3.11/site-packages/airflow/example_dags/example_time_delta_sensor_async.py
[2023-11-08T14:29:45.535+0000] {processor.py:839} INFO - DAG(s) dict_keys(['example_time_delta_sensor_async']) retrieved from /home/airflow/.local/lib/python3.11/site-packages/airflow/example_dags/example_time_delta_sensor_async.py
[2023-11-08T14:29:45.568+0000] {logging_mixin.py:154} INFO - [2023-11-08T14:29:45.567+0000] {dag.py:2941} INFO - Sync 1 DAGs
[2023-11-08T14:29:45.588+0000] {logging_mixin.py:154} INFO - [2023-11-08T14:29:45.587+0000] {dag.py:3722} INFO - Setting next_dagrun for example_time_delta_sensor_async to None, run_after=None
[2023-11-08T14:29:45.620+0000] {processor.py:179} INFO - Processing /home/airflow/.local/lib/python3.11/site-packages/airflow/example_dags/example_time_delta_sensor_async.py took 0.099 seconds
[2023-11-08T14:30:16.553+0000] {processor.py:157} INFO - Started process (PID=2113) to work on /home/airflow/.local/lib/python3.11/site-packages/airflow/example_dags/example_time_delta_sensor_async.py
[2023-11-08T14:30:16.555+0000] {processor.py:829} INFO - Processing file /home/airflow/.local/lib/python3.11/site-packages/airflow/example_dags/example_time_delta_sensor_async.py for tasks to queue
[2023-11-08T14:30:16.559+0000] {logging_mixin.py:154} INFO - [2023-11-08T14:30:16.558+0000] {dagbag.py:536} INFO - Filling up the DagBag from /home/airflow/.local/lib/python3.11/site-packages/airflow/example_dags/example_time_delta_sensor_async.py
[2023-11-08T14:30:16.566+0000] {processor.py:839} INFO - DAG(s) dict_keys(['example_time_delta_sensor_async']) retrieved from /home/airflow/.local/lib/python3.11/site-packages/airflow/example_dags/example_time_delta_sensor_async.py
[2023-11-08T14:30:16.607+0000] {logging_mixin.py:154} INFO - [2023-11-08T14:30:16.607+0000] {dag.py:2941} INFO - Sync 1 DAGs
[2023-11-08T14:30:16.635+0000] {logging_mixin.py:154} INFO - [2023-11-08T14:30:16.635+0000] {dag.py:3722} INFO - Setting next_dagrun for example_time_delta_sensor_async to None, run_after=None
[2023-11-08T14:30:16.675+0000] {processor.py:179} INFO - Processing /home/airflow/.local/lib/python3.11/site-packages/airflow/example_dags/example_time_delta_sensor_async.py took 0.127 seconds
[2023-11-08T14:30:47.236+0000] {processor.py:157} INFO - Started process (PID=2190) to work on /home/airflow/.local/lib/python3.11/site-packages/airflow/example_dags/example_time_delta_sensor_async.py
[2023-11-08T14:30:47.238+0000] {processor.py:829} INFO - Processing file /home/airflow/.local/lib/python3.11/site-packages/airflow/example_dags/example_time_delta_sensor_async.py for tasks to queue
[2023-11-08T14:30:47.240+0000] {logging_mixin.py:154} INFO - [2023-11-08T14:30:47.240+0000] {dagbag.py:536} INFO - Filling up the DagBag from /home/airflow/.local/lib/python3.11/site-packages/airflow/example_dags/example_time_delta_sensor_async.py
[2023-11-08T14:30:47.247+0000] {processor.py:839} INFO - DAG(s) dict_keys(['example_time_delta_sensor_async']) retrieved from /home/airflow/.local/lib/python3.11/site-packages/airflow/example_dags/example_time_delta_sensor_async.py
[2023-11-08T14:30:47.283+0000] {logging_mixin.py:154} INFO - [2023-11-08T14:30:47.283+0000] {dag.py:2941} INFO - Sync 1 DAGs
[2023-11-08T14:30:47.306+0000] {logging_mixin.py:154} INFO - [2023-11-08T14:30:47.305+0000] {dag.py:3722} INFO - Setting next_dagrun for example_time_delta_sensor_async to None, run_after=None
[2023-11-08T14:30:47.341+0000] {processor.py:179} INFO - Processing /home/airflow/.local/lib/python3.11/site-packages/airflow/example_dags/example_time_delta_sensor_async.py took 0.109 seconds
[2023-11-08T14:31:17.607+0000] {processor.py:157} INFO - Started process (PID=2266) to work on /home/airflow/.local/lib/python3.11/site-packages/airflow/example_dags/example_time_delta_sensor_async.py
[2023-11-08T14:31:17.608+0000] {processor.py:829} INFO - Processing file /home/airflow/.local/lib/python3.11/site-packages/airflow/example_dags/example_time_delta_sensor_async.py for tasks to queue
[2023-11-08T14:31:17.610+0000] {logging_mixin.py:154} INFO - [2023-11-08T14:31:17.610+0000] {dagbag.py:536} INFO - Filling up the DagBag from /home/airflow/.local/lib/python3.11/site-packages/airflow/example_dags/example_time_delta_sensor_async.py
[2023-11-08T14:31:17.616+0000] {processor.py:839} INFO - DAG(s) dict_keys(['example_time_delta_sensor_async']) retrieved from /home/airflow/.local/lib/python3.11/site-packages/airflow/example_dags/example_time_delta_sensor_async.py
[2023-11-08T14:31:17.648+0000] {logging_mixin.py:154} INFO - [2023-11-08T14:31:17.648+0000] {dag.py:2941} INFO - Sync 1 DAGs
[2023-11-08T14:31:17.669+0000] {logging_mixin.py:154} INFO - [2023-11-08T14:31:17.668+0000] {dag.py:3722} INFO - Setting next_dagrun for example_time_delta_sensor_async to None, run_after=None
[2023-11-08T14:31:17.700+0000] {processor.py:179} INFO - Processing /home/airflow/.local/lib/python3.11/site-packages/airflow/example_dags/example_time_delta_sensor_async.py took 0.098 seconds
[2023-11-08T14:31:47.960+0000] {processor.py:157} INFO - Started process (PID=2342) to work on /home/airflow/.local/lib/python3.11/site-packages/airflow/example_dags/example_time_delta_sensor_async.py
[2023-11-08T14:31:47.962+0000] {processor.py:829} INFO - Processing file /home/airflow/.local/lib/python3.11/site-packages/airflow/example_dags/example_time_delta_sensor_async.py for tasks to queue
[2023-11-08T14:31:47.965+0000] {logging_mixin.py:154} INFO - [2023-11-08T14:31:47.964+0000] {dagbag.py:536} INFO - Filling up the DagBag from /home/airflow/.local/lib/python3.11/site-packages/airflow/example_dags/example_time_delta_sensor_async.py
[2023-11-08T14:31:47.970+0000] {processor.py:839} INFO - DAG(s) dict_keys(['example_time_delta_sensor_async']) retrieved from /home/airflow/.local/lib/python3.11/site-packages/airflow/example_dags/example_time_delta_sensor_async.py
[2023-11-08T14:31:48.003+0000] {logging_mixin.py:154} INFO - [2023-11-08T14:31:48.002+0000] {dag.py:2941} INFO - Sync 1 DAGs
[2023-11-08T14:31:48.024+0000] {logging_mixin.py:154} INFO - [2023-11-08T14:31:48.023+0000] {dag.py:3722} INFO - Setting next_dagrun for example_time_delta_sensor_async to None, run_after=None
[2023-11-08T14:31:48.056+0000] {processor.py:179} INFO - Processing /home/airflow/.local/lib/python3.11/site-packages/airflow/example_dags/example_time_delta_sensor_async.py took 0.100 seconds
[2023-11-08T14:32:18.214+0000] {processor.py:157} INFO - Started process (PID=2418) to work on /home/airflow/.local/lib/python3.11/site-packages/airflow/example_dags/example_time_delta_sensor_async.py
[2023-11-08T14:32:18.215+0000] {processor.py:829} INFO - Processing file /home/airflow/.local/lib/python3.11/site-packages/airflow/example_dags/example_time_delta_sensor_async.py for tasks to queue
[2023-11-08T14:32:18.218+0000] {logging_mixin.py:154} INFO - [2023-11-08T14:32:18.217+0000] {dagbag.py:536} INFO - Filling up the DagBag from /home/airflow/.local/lib/python3.11/site-packages/airflow/example_dags/example_time_delta_sensor_async.py
[2023-11-08T14:32:18.224+0000] {processor.py:839} INFO - DAG(s) dict_keys(['example_time_delta_sensor_async']) retrieved from /home/airflow/.local/lib/python3.11/site-packages/airflow/example_dags/example_time_delta_sensor_async.py
[2023-11-08T14:32:18.256+0000] {logging_mixin.py:154} INFO - [2023-11-08T14:32:18.256+0000] {dag.py:2941} INFO - Sync 1 DAGs
[2023-11-08T14:32:18.276+0000] {logging_mixin.py:154} INFO - [2023-11-08T14:32:18.276+0000] {dag.py:3722} INFO - Setting next_dagrun for example_time_delta_sensor_async to None, run_after=None
[2023-11-08T14:32:18.308+0000] {processor.py:179} INFO - Processing /home/airflow/.local/lib/python3.11/site-packages/airflow/example_dags/example_time_delta_sensor_async.py took 0.098 seconds
[2023-11-08T14:32:49.348+0000] {processor.py:157} INFO - Started process (PID=2494) to work on /home/airflow/.local/lib/python3.11/site-packages/airflow/example_dags/example_time_delta_sensor_async.py
[2023-11-08T14:32:49.350+0000] {processor.py:829} INFO - Processing file /home/airflow/.local/lib/python3.11/site-packages/airflow/example_dags/example_time_delta_sensor_async.py for tasks to queue
[2023-11-08T14:32:49.354+0000] {logging_mixin.py:154} INFO - [2023-11-08T14:32:49.353+0000] {dagbag.py:536} INFO - Filling up the DagBag from /home/airflow/.local/lib/python3.11/site-packages/airflow/example_dags/example_time_delta_sensor_async.py
[2023-11-08T14:32:49.361+0000] {processor.py:839} INFO - DAG(s) dict_keys(['example_time_delta_sensor_async']) retrieved from /home/airflow/.local/lib/python3.11/site-packages/airflow/example_dags/example_time_delta_sensor_async.py
[2023-11-08T14:32:49.394+0000] {logging_mixin.py:154} INFO - [2023-11-08T14:32:49.394+0000] {dag.py:2941} INFO - Sync 1 DAGs
[2023-11-08T14:32:49.418+0000] {logging_mixin.py:154} INFO - [2023-11-08T14:32:49.417+0000] {dag.py:3722} INFO - Setting next_dagrun for example_time_delta_sensor_async to None, run_after=None
[2023-11-08T14:32:49.456+0000] {processor.py:179} INFO - Processing /home/airflow/.local/lib/python3.11/site-packages/airflow/example_dags/example_time_delta_sensor_async.py took 0.115 seconds
[2023-11-08T14:33:19.879+0000] {processor.py:157} INFO - Started process (PID=2570) to work on /home/airflow/.local/lib/python3.11/site-packages/airflow/example_dags/example_time_delta_sensor_async.py
[2023-11-08T14:33:19.880+0000] {processor.py:829} INFO - Processing file /home/airflow/.local/lib/python3.11/site-packages/airflow/example_dags/example_time_delta_sensor_async.py for tasks to queue
[2023-11-08T14:33:19.883+0000] {logging_mixin.py:154} INFO - [2023-11-08T14:33:19.883+0000] {dagbag.py:536} INFO - Filling up the DagBag from /home/airflow/.local/lib/python3.11/site-packages/airflow/example_dags/example_time_delta_sensor_async.py
[2023-11-08T14:33:19.889+0000] {processor.py:839} INFO - DAG(s) dict_keys(['example_time_delta_sensor_async']) retrieved from /home/airflow/.local/lib/python3.11/site-packages/airflow/example_dags/example_time_delta_sensor_async.py
[2023-11-08T14:33:19.920+0000] {logging_mixin.py:154} INFO - [2023-11-08T14:33:19.920+0000] {dag.py:2941} INFO - Sync 1 DAGs
[2023-11-08T14:33:19.942+0000] {logging_mixin.py:154} INFO - [2023-11-08T14:33:19.941+0000] {dag.py:3722} INFO - Setting next_dagrun for example_time_delta_sensor_async to None, run_after=None
[2023-11-08T14:33:19.971+0000] {processor.py:179} INFO - Processing /home/airflow/.local/lib/python3.11/site-packages/airflow/example_dags/example_time_delta_sensor_async.py took 0.095 seconds
[2023-11-08T14:33:50.222+0000] {processor.py:157} INFO - Started process (PID=2646) to work on /home/airflow/.local/lib/python3.11/site-packages/airflow/example_dags/example_time_delta_sensor_async.py
[2023-11-08T14:33:50.224+0000] {processor.py:829} INFO - Processing file /home/airflow/.local/lib/python3.11/site-packages/airflow/example_dags/example_time_delta_sensor_async.py for tasks to queue
[2023-11-08T14:33:50.228+0000] {logging_mixin.py:154} INFO - [2023-11-08T14:33:50.227+0000] {dagbag.py:536} INFO - Filling up the DagBag from /home/airflow/.local/lib/python3.11/site-packages/airflow/example_dags/example_time_delta_sensor_async.py
[2023-11-08T14:33:50.234+0000] {processor.py:839} INFO - DAG(s) dict_keys(['example_time_delta_sensor_async']) retrieved from /home/airflow/.local/lib/python3.11/site-packages/airflow/example_dags/example_time_delta_sensor_async.py
[2023-11-08T14:33:50.270+0000] {logging_mixin.py:154} INFO - [2023-11-08T14:33:50.270+0000] {dag.py:2941} INFO - Sync 1 DAGs
[2023-11-08T14:33:50.293+0000] {logging_mixin.py:154} INFO - [2023-11-08T14:33:50.292+0000] {dag.py:3722} INFO - Setting next_dagrun for example_time_delta_sensor_async to None, run_after=None
[2023-11-08T14:33:50.327+0000] {processor.py:179} INFO - Processing /home/airflow/.local/lib/python3.11/site-packages/airflow/example_dags/example_time_delta_sensor_async.py took 0.110 seconds
[2023-11-08T14:34:21.234+0000] {processor.py:157} INFO - Started process (PID=2722) to work on /home/airflow/.local/lib/python3.11/site-packages/airflow/example_dags/example_time_delta_sensor_async.py
[2023-11-08T14:34:21.235+0000] {processor.py:829} INFO - Processing file /home/airflow/.local/lib/python3.11/site-packages/airflow/example_dags/example_time_delta_sensor_async.py for tasks to queue
[2023-11-08T14:34:21.238+0000] {logging_mixin.py:154} INFO - [2023-11-08T14:34:21.237+0000] {dagbag.py:536} INFO - Filling up the DagBag from /home/airflow/.local/lib/python3.11/site-packages/airflow/example_dags/example_time_delta_sensor_async.py
[2023-11-08T14:34:21.244+0000] {processor.py:839} INFO - DAG(s) dict_keys(['example_time_delta_sensor_async']) retrieved from /home/airflow/.local/lib/python3.11/site-packages/airflow/example_dags/example_time_delta_sensor_async.py
[2023-11-08T14:34:21.280+0000] {logging_mixin.py:154} INFO - [2023-11-08T14:34:21.280+0000] {dag.py:2941} INFO - Sync 1 DAGs
[2023-11-08T14:34:21.303+0000] {logging_mixin.py:154} INFO - [2023-11-08T14:34:21.302+0000] {dag.py:3722} INFO - Setting next_dagrun for example_time_delta_sensor_async to None, run_after=None
[2023-11-08T14:34:21.342+0000] {processor.py:179} INFO - Processing /home/airflow/.local/lib/python3.11/site-packages/airflow/example_dags/example_time_delta_sensor_async.py took 0.112 seconds
[2023-11-08T14:34:51.652+0000] {processor.py:157} INFO - Started process (PID=2798) to work on /home/airflow/.local/lib/python3.11/site-packages/airflow/example_dags/example_time_delta_sensor_async.py
[2023-11-08T14:34:51.654+0000] {processor.py:829} INFO - Processing file /home/airflow/.local/lib/python3.11/site-packages/airflow/example_dags/example_time_delta_sensor_async.py for tasks to queue
[2023-11-08T14:34:51.657+0000] {logging_mixin.py:154} INFO - [2023-11-08T14:34:51.657+0000] {dagbag.py:536} INFO - Filling up the DagBag from /home/airflow/.local/lib/python3.11/site-packages/airflow/example_dags/example_time_delta_sensor_async.py
[2023-11-08T14:34:51.663+0000] {processor.py:839} INFO - DAG(s) dict_keys(['example_time_delta_sensor_async']) retrieved from /home/airflow/.local/lib/python3.11/site-packages/airflow/example_dags/example_time_delta_sensor_async.py
[2023-11-08T14:34:51.694+0000] {logging_mixin.py:154} INFO - [2023-11-08T14:34:51.693+0000] {dag.py:2941} INFO - Sync 1 DAGs
[2023-11-08T14:34:51.717+0000] {logging_mixin.py:154} INFO - [2023-11-08T14:34:51.716+0000] {dag.py:3722} INFO - Setting next_dagrun for example_time_delta_sensor_async to None, run_after=None
[2023-11-08T14:34:51.749+0000] {processor.py:179} INFO - Processing /home/airflow/.local/lib/python3.11/site-packages/airflow/example_dags/example_time_delta_sensor_async.py took 0.101 seconds
[2023-11-08T14:35:22.669+0000] {processor.py:157} INFO - Started process (PID=2874) to work on /home/airflow/.local/lib/python3.11/site-packages/airflow/example_dags/example_time_delta_sensor_async.py
[2023-11-08T14:35:22.670+0000] {processor.py:829} INFO - Processing file /home/airflow/.local/lib/python3.11/site-packages/airflow/example_dags/example_time_delta_sensor_async.py for tasks to queue
[2023-11-08T14:35:22.673+0000] {logging_mixin.py:154} INFO - [2023-11-08T14:35:22.673+0000] {dagbag.py:536} INFO - Filling up the DagBag from /home/airflow/.local/lib/python3.11/site-packages/airflow/example_dags/example_time_delta_sensor_async.py
[2023-11-08T14:35:22.679+0000] {processor.py:839} INFO - DAG(s) dict_keys(['example_time_delta_sensor_async']) retrieved from /home/airflow/.local/lib/python3.11/site-packages/airflow/example_dags/example_time_delta_sensor_async.py
[2023-11-08T14:35:22.713+0000] {logging_mixin.py:154} INFO - [2023-11-08T14:35:22.713+0000] {dag.py:2941} INFO - Sync 1 DAGs
[2023-11-08T14:35:22.734+0000] {logging_mixin.py:154} INFO - [2023-11-08T14:35:22.734+0000] {dag.py:3722} INFO - Setting next_dagrun for example_time_delta_sensor_async to None, run_after=None
[2023-11-08T14:35:22.765+0000] {processor.py:179} INFO - Processing /home/airflow/.local/lib/python3.11/site-packages/airflow/example_dags/example_time_delta_sensor_async.py took 0.100 seconds
[2023-11-08T14:35:53.617+0000] {processor.py:157} INFO - Started process (PID=2950) to work on /home/airflow/.local/lib/python3.11/site-packages/airflow/example_dags/example_time_delta_sensor_async.py
[2023-11-08T14:35:53.619+0000] {processor.py:829} INFO - Processing file /home/airflow/.local/lib/python3.11/site-packages/airflow/example_dags/example_time_delta_sensor_async.py for tasks to queue
[2023-11-08T14:35:53.622+0000] {logging_mixin.py:154} INFO - [2023-11-08T14:35:53.622+0000] {dagbag.py:536} INFO - Filling up the DagBag from /home/airflow/.local/lib/python3.11/site-packages/airflow/example_dags/example_time_delta_sensor_async.py
[2023-11-08T14:35:53.630+0000] {processor.py:839} INFO - DAG(s) dict_keys(['example_time_delta_sensor_async']) retrieved from /home/airflow/.local/lib/python3.11/site-packages/airflow/example_dags/example_time_delta_sensor_async.py
[2023-11-08T14:35:53.661+0000] {logging_mixin.py:154} INFO - [2023-11-08T14:35:53.661+0000] {dag.py:2941} INFO - Sync 1 DAGs
[2023-11-08T14:35:53.680+0000] {logging_mixin.py:154} INFO - [2023-11-08T14:35:53.680+0000] {dag.py:3722} INFO - Setting next_dagrun for example_time_delta_sensor_async to None, run_after=None
[2023-11-08T14:35:53.710+0000] {processor.py:179} INFO - Processing /home/airflow/.local/lib/python3.11/site-packages/airflow/example_dags/example_time_delta_sensor_async.py took 0.098 seconds
[2023-11-08T14:36:24.371+0000] {processor.py:157} INFO - Started process (PID=3026) to work on /home/airflow/.local/lib/python3.11/site-packages/airflow/example_dags/example_time_delta_sensor_async.py
[2023-11-08T14:36:24.372+0000] {processor.py:829} INFO - Processing file /home/airflow/.local/lib/python3.11/site-packages/airflow/example_dags/example_time_delta_sensor_async.py for tasks to queue
[2023-11-08T14:36:24.376+0000] {logging_mixin.py:154} INFO - [2023-11-08T14:36:24.375+0000] {dagbag.py:536} INFO - Filling up the DagBag from /home/airflow/.local/lib/python3.11/site-packages/airflow/example_dags/example_time_delta_sensor_async.py
[2023-11-08T14:36:24.383+0000] {processor.py:839} INFO - DAG(s) dict_keys(['example_time_delta_sensor_async']) retrieved from /home/airflow/.local/lib/python3.11/site-packages/airflow/example_dags/example_time_delta_sensor_async.py
[2023-11-08T14:36:24.416+0000] {logging_mixin.py:154} INFO - [2023-11-08T14:36:24.415+0000] {dag.py:2941} INFO - Sync 1 DAGs
[2023-11-08T14:36:24.438+0000] {logging_mixin.py:154} INFO - [2023-11-08T14:36:24.437+0000] {dag.py:3722} INFO - Setting next_dagrun for example_time_delta_sensor_async to None, run_after=None
[2023-11-08T14:36:24.467+0000] {processor.py:179} INFO - Processing /home/airflow/.local/lib/python3.11/site-packages/airflow/example_dags/example_time_delta_sensor_async.py took 0.101 seconds
[2023-11-08T14:36:55.076+0000] {processor.py:157} INFO - Started process (PID=3102) to work on /home/airflow/.local/lib/python3.11/site-packages/airflow/example_dags/example_time_delta_sensor_async.py
[2023-11-08T14:36:55.078+0000] {processor.py:829} INFO - Processing file /home/airflow/.local/lib/python3.11/site-packages/airflow/example_dags/example_time_delta_sensor_async.py for tasks to queue
[2023-11-08T14:36:55.081+0000] {logging_mixin.py:154} INFO - [2023-11-08T14:36:55.081+0000] {dagbag.py:536} INFO - Filling up the DagBag from /home/airflow/.local/lib/python3.11/site-packages/airflow/example_dags/example_time_delta_sensor_async.py
[2023-11-08T14:36:55.088+0000] {processor.py:839} INFO - DAG(s) dict_keys(['example_time_delta_sensor_async']) retrieved from /home/airflow/.local/lib/python3.11/site-packages/airflow/example_dags/example_time_delta_sensor_async.py
[2023-11-08T14:36:55.119+0000] {logging_mixin.py:154} INFO - [2023-11-08T14:36:55.119+0000] {dag.py:2941} INFO - Sync 1 DAGs
[2023-11-08T14:36:55.140+0000] {logging_mixin.py:154} INFO - [2023-11-08T14:36:55.140+0000] {dag.py:3722} INFO - Setting next_dagrun for example_time_delta_sensor_async to None, run_after=None
[2023-11-08T14:36:55.169+0000] {processor.py:179} INFO - Processing /home/airflow/.local/lib/python3.11/site-packages/airflow/example_dags/example_time_delta_sensor_async.py took 0.098 seconds
[2023-11-08T14:37:25.911+0000] {processor.py:157} INFO - Started process (PID=3178) to work on /home/airflow/.local/lib/python3.11/site-packages/airflow/example_dags/example_time_delta_sensor_async.py
[2023-11-08T14:37:25.912+0000] {processor.py:829} INFO - Processing file /home/airflow/.local/lib/python3.11/site-packages/airflow/example_dags/example_time_delta_sensor_async.py for tasks to queue
[2023-11-08T14:37:25.913+0000] {logging_mixin.py:154} INFO - [2023-11-08T14:37:25.913+0000] {dagbag.py:536} INFO - Filling up the DagBag from /home/airflow/.local/lib/python3.11/site-packages/airflow/example_dags/example_time_delta_sensor_async.py
[2023-11-08T14:37:25.917+0000] {processor.py:839} INFO - DAG(s) dict_keys(['example_time_delta_sensor_async']) retrieved from /home/airflow/.local/lib/python3.11/site-packages/airflow/example_dags/example_time_delta_sensor_async.py
[2023-11-08T14:37:25.934+0000] {logging_mixin.py:154} INFO - [2023-11-08T14:37:25.934+0000] {dag.py:2941} INFO - Sync 1 DAGs
[2023-11-08T14:37:25.946+0000] {logging_mixin.py:154} INFO - [2023-11-08T14:37:25.946+0000] {dag.py:3722} INFO - Setting next_dagrun for example_time_delta_sensor_async to None, run_after=None
[2023-11-08T14:37:25.964+0000] {processor.py:179} INFO - Processing /home/airflow/.local/lib/python3.11/site-packages/airflow/example_dags/example_time_delta_sensor_async.py took 0.055 seconds
[2023-11-08T14:37:56.153+0000] {processor.py:157} INFO - Started process (PID=3254) to work on /home/airflow/.local/lib/python3.11/site-packages/airflow/example_dags/example_time_delta_sensor_async.py
[2023-11-08T14:37:56.154+0000] {processor.py:829} INFO - Processing file /home/airflow/.local/lib/python3.11/site-packages/airflow/example_dags/example_time_delta_sensor_async.py for tasks to queue
[2023-11-08T14:37:56.155+0000] {logging_mixin.py:154} INFO - [2023-11-08T14:37:56.155+0000] {dagbag.py:536} INFO - Filling up the DagBag from /home/airflow/.local/lib/python3.11/site-packages/airflow/example_dags/example_time_delta_sensor_async.py
[2023-11-08T14:37:56.158+0000] {processor.py:839} INFO - DAG(s) dict_keys(['example_time_delta_sensor_async']) retrieved from /home/airflow/.local/lib/python3.11/site-packages/airflow/example_dags/example_time_delta_sensor_async.py
[2023-11-08T14:37:56.173+0000] {logging_mixin.py:154} INFO - [2023-11-08T14:37:56.173+0000] {dag.py:2941} INFO - Sync 1 DAGs
[2023-11-08T14:37:56.183+0000] {logging_mixin.py:154} INFO - [2023-11-08T14:37:56.182+0000] {dag.py:3722} INFO - Setting next_dagrun for example_time_delta_sensor_async to None, run_after=None
[2023-11-08T14:37:56.196+0000] {processor.py:179} INFO - Processing /home/airflow/.local/lib/python3.11/site-packages/airflow/example_dags/example_time_delta_sensor_async.py took 0.045 seconds
[2023-11-08T14:38:26.261+0000] {processor.py:157} INFO - Started process (PID=3330) to work on /home/airflow/.local/lib/python3.11/site-packages/airflow/example_dags/example_time_delta_sensor_async.py
[2023-11-08T14:38:26.262+0000] {processor.py:829} INFO - Processing file /home/airflow/.local/lib/python3.11/site-packages/airflow/example_dags/example_time_delta_sensor_async.py for tasks to queue
[2023-11-08T14:38:26.263+0000] {logging_mixin.py:154} INFO - [2023-11-08T14:38:26.263+0000] {dagbag.py:536} INFO - Filling up the DagBag from /home/airflow/.local/lib/python3.11/site-packages/airflow/example_dags/example_time_delta_sensor_async.py
[2023-11-08T14:38:26.267+0000] {processor.py:839} INFO - DAG(s) dict_keys(['example_time_delta_sensor_async']) retrieved from /home/airflow/.local/lib/python3.11/site-packages/airflow/example_dags/example_time_delta_sensor_async.py
[2023-11-08T14:38:26.282+0000] {logging_mixin.py:154} INFO - [2023-11-08T14:38:26.282+0000] {dag.py:2941} INFO - Sync 1 DAGs
[2023-11-08T14:38:26.292+0000] {logging_mixin.py:154} INFO - [2023-11-08T14:38:26.292+0000] {dag.py:3722} INFO - Setting next_dagrun for example_time_delta_sensor_async to None, run_after=None
[2023-11-08T14:38:26.308+0000] {processor.py:179} INFO - Processing /home/airflow/.local/lib/python3.11/site-packages/airflow/example_dags/example_time_delta_sensor_async.py took 0.049 seconds
[2023-11-08T14:38:56.370+0000] {processor.py:157} INFO - Started process (PID=3405) to work on /home/airflow/.local/lib/python3.11/site-packages/airflow/example_dags/example_time_delta_sensor_async.py
[2023-11-08T14:38:56.370+0000] {processor.py:829} INFO - Processing file /home/airflow/.local/lib/python3.11/site-packages/airflow/example_dags/example_time_delta_sensor_async.py for tasks to queue
[2023-11-08T14:38:56.372+0000] {logging_mixin.py:154} INFO - [2023-11-08T14:38:56.371+0000] {dagbag.py:536} INFO - Filling up the DagBag from /home/airflow/.local/lib/python3.11/site-packages/airflow/example_dags/example_time_delta_sensor_async.py
[2023-11-08T14:38:56.375+0000] {processor.py:839} INFO - DAG(s) dict_keys(['example_time_delta_sensor_async']) retrieved from /home/airflow/.local/lib/python3.11/site-packages/airflow/example_dags/example_time_delta_sensor_async.py
[2023-11-08T14:38:56.389+0000] {logging_mixin.py:154} INFO - [2023-11-08T14:38:56.389+0000] {dag.py:2941} INFO - Sync 1 DAGs
[2023-11-08T14:38:56.398+0000] {logging_mixin.py:154} INFO - [2023-11-08T14:38:56.398+0000] {dag.py:3722} INFO - Setting next_dagrun for example_time_delta_sensor_async to None, run_after=None
[2023-11-08T14:38:56.410+0000] {processor.py:179} INFO - Processing /home/airflow/.local/lib/python3.11/site-packages/airflow/example_dags/example_time_delta_sensor_async.py took 0.042 seconds
[2023-11-08T14:39:26.514+0000] {processor.py:157} INFO - Started process (PID=3481) to work on /home/airflow/.local/lib/python3.11/site-packages/airflow/example_dags/example_time_delta_sensor_async.py
[2023-11-08T14:39:26.515+0000] {processor.py:829} INFO - Processing file /home/airflow/.local/lib/python3.11/site-packages/airflow/example_dags/example_time_delta_sensor_async.py for tasks to queue
[2023-11-08T14:39:26.517+0000] {logging_mixin.py:154} INFO - [2023-11-08T14:39:26.516+0000] {dagbag.py:536} INFO - Filling up the DagBag from /home/airflow/.local/lib/python3.11/site-packages/airflow/example_dags/example_time_delta_sensor_async.py
[2023-11-08T14:39:26.520+0000] {processor.py:839} INFO - DAG(s) dict_keys(['example_time_delta_sensor_async']) retrieved from /home/airflow/.local/lib/python3.11/site-packages/airflow/example_dags/example_time_delta_sensor_async.py
[2023-11-08T14:39:26.536+0000] {logging_mixin.py:154} INFO - [2023-11-08T14:39:26.536+0000] {dag.py:2941} INFO - Sync 1 DAGs
[2023-11-08T14:39:26.545+0000] {logging_mixin.py:154} INFO - [2023-11-08T14:39:26.545+0000] {dag.py:3722} INFO - Setting next_dagrun for example_time_delta_sensor_async to None, run_after=None
[2023-11-08T14:39:26.558+0000] {processor.py:179} INFO - Processing /home/airflow/.local/lib/python3.11/site-packages/airflow/example_dags/example_time_delta_sensor_async.py took 0.046 seconds
[2023-11-08T14:39:56.781+0000] {processor.py:157} INFO - Started process (PID=3557) to work on /home/airflow/.local/lib/python3.11/site-packages/airflow/example_dags/example_time_delta_sensor_async.py
[2023-11-08T14:39:56.781+0000] {processor.py:829} INFO - Processing file /home/airflow/.local/lib/python3.11/site-packages/airflow/example_dags/example_time_delta_sensor_async.py for tasks to queue
[2023-11-08T14:39:56.783+0000] {logging_mixin.py:154} INFO - [2023-11-08T14:39:56.782+0000] {dagbag.py:536} INFO - Filling up the DagBag from /home/airflow/.local/lib/python3.11/site-packages/airflow/example_dags/example_time_delta_sensor_async.py
[2023-11-08T14:39:56.786+0000] {processor.py:839} INFO - DAG(s) dict_keys(['example_time_delta_sensor_async']) retrieved from /home/airflow/.local/lib/python3.11/site-packages/airflow/example_dags/example_time_delta_sensor_async.py
[2023-11-08T14:39:56.801+0000] {logging_mixin.py:154} INFO - [2023-11-08T14:39:56.801+0000] {dag.py:2941} INFO - Sync 1 DAGs
[2023-11-08T14:39:56.812+0000] {logging_mixin.py:154} INFO - [2023-11-08T14:39:56.811+0000] {dag.py:3722} INFO - Setting next_dagrun for example_time_delta_sensor_async to None, run_after=None
[2023-11-08T14:39:56.826+0000] {processor.py:179} INFO - Processing /home/airflow/.local/lib/python3.11/site-packages/airflow/example_dags/example_time_delta_sensor_async.py took 0.048 seconds
[2023-11-08T14:40:26.870+0000] {processor.py:157} INFO - Started process (PID=3632) to work on /home/airflow/.local/lib/python3.11/site-packages/airflow/example_dags/example_time_delta_sensor_async.py
[2023-11-08T14:40:26.871+0000] {processor.py:829} INFO - Processing file /home/airflow/.local/lib/python3.11/site-packages/airflow/example_dags/example_time_delta_sensor_async.py for tasks to queue
[2023-11-08T14:40:26.873+0000] {logging_mixin.py:154} INFO - [2023-11-08T14:40:26.873+0000] {dagbag.py:536} INFO - Filling up the DagBag from /home/airflow/.local/lib/python3.11/site-packages/airflow/example_dags/example_time_delta_sensor_async.py
[2023-11-08T14:40:26.876+0000] {processor.py:839} INFO - DAG(s) dict_keys(['example_time_delta_sensor_async']) retrieved from /home/airflow/.local/lib/python3.11/site-packages/airflow/example_dags/example_time_delta_sensor_async.py
[2023-11-08T14:40:26.892+0000] {logging_mixin.py:154} INFO - [2023-11-08T14:40:26.892+0000] {dag.py:2941} INFO - Sync 1 DAGs
[2023-11-08T14:40:26.902+0000] {logging_mixin.py:154} INFO - [2023-11-08T14:40:26.902+0000] {dag.py:3722} INFO - Setting next_dagrun for example_time_delta_sensor_async to None, run_after=None
[2023-11-08T14:40:26.915+0000] {processor.py:179} INFO - Processing /home/airflow/.local/lib/python3.11/site-packages/airflow/example_dags/example_time_delta_sensor_async.py took 0.048 seconds
[2023-11-08T14:40:56.978+0000] {processor.py:157} INFO - Started process (PID=3708) to work on /home/airflow/.local/lib/python3.11/site-packages/airflow/example_dags/example_time_delta_sensor_async.py
[2023-11-08T14:40:56.978+0000] {processor.py:829} INFO - Processing file /home/airflow/.local/lib/python3.11/site-packages/airflow/example_dags/example_time_delta_sensor_async.py for tasks to queue
[2023-11-08T14:40:56.979+0000] {logging_mixin.py:154} INFO - [2023-11-08T14:40:56.979+0000] {dagbag.py:536} INFO - Filling up the DagBag from /home/airflow/.local/lib/python3.11/site-packages/airflow/example_dags/example_time_delta_sensor_async.py
[2023-11-08T14:40:56.982+0000] {processor.py:839} INFO - DAG(s) dict_keys(['example_time_delta_sensor_async']) retrieved from /home/airflow/.local/lib/python3.11/site-packages/airflow/example_dags/example_time_delta_sensor_async.py
[2023-11-08T14:40:56.998+0000] {logging_mixin.py:154} INFO - [2023-11-08T14:40:56.998+0000] {dag.py:2941} INFO - Sync 1 DAGs
[2023-11-08T14:40:57.008+0000] {logging_mixin.py:154} INFO - [2023-11-08T14:40:57.008+0000] {dag.py:3722} INFO - Setting next_dagrun for example_time_delta_sensor_async to None, run_after=None
[2023-11-08T14:40:57.021+0000] {processor.py:179} INFO - Processing /home/airflow/.local/lib/python3.11/site-packages/airflow/example_dags/example_time_delta_sensor_async.py took 0.045 seconds
[2023-11-08T14:41:27.139+0000] {processor.py:157} INFO - Started process (PID=3784) to work on /home/airflow/.local/lib/python3.11/site-packages/airflow/example_dags/example_time_delta_sensor_async.py
[2023-11-08T14:41:27.140+0000] {processor.py:829} INFO - Processing file /home/airflow/.local/lib/python3.11/site-packages/airflow/example_dags/example_time_delta_sensor_async.py for tasks to queue
[2023-11-08T14:41:27.142+0000] {logging_mixin.py:154} INFO - [2023-11-08T14:41:27.141+0000] {dagbag.py:536} INFO - Filling up the DagBag from /home/airflow/.local/lib/python3.11/site-packages/airflow/example_dags/example_time_delta_sensor_async.py
[2023-11-08T14:41:27.145+0000] {processor.py:839} INFO - DAG(s) dict_keys(['example_time_delta_sensor_async']) retrieved from /home/airflow/.local/lib/python3.11/site-packages/airflow/example_dags/example_time_delta_sensor_async.py
[2023-11-08T14:41:27.164+0000] {logging_mixin.py:154} INFO - [2023-11-08T14:41:27.164+0000] {dag.py:2941} INFO - Sync 1 DAGs
[2023-11-08T14:41:27.175+0000] {logging_mixin.py:154} INFO - [2023-11-08T14:41:27.175+0000] {dag.py:3722} INFO - Setting next_dagrun for example_time_delta_sensor_async to None, run_after=None
[2023-11-08T14:41:27.191+0000] {processor.py:179} INFO - Processing /home/airflow/.local/lib/python3.11/site-packages/airflow/example_dags/example_time_delta_sensor_async.py took 0.053 seconds
[2023-11-08T14:41:57.247+0000] {processor.py:157} INFO - Started process (PID=3860) to work on /home/airflow/.local/lib/python3.11/site-packages/airflow/example_dags/example_time_delta_sensor_async.py
[2023-11-08T14:41:57.247+0000] {processor.py:829} INFO - Processing file /home/airflow/.local/lib/python3.11/site-packages/airflow/example_dags/example_time_delta_sensor_async.py for tasks to queue
[2023-11-08T14:41:57.249+0000] {logging_mixin.py:154} INFO - [2023-11-08T14:41:57.248+0000] {dagbag.py:536} INFO - Filling up the DagBag from /home/airflow/.local/lib/python3.11/site-packages/airflow/example_dags/example_time_delta_sensor_async.py
[2023-11-08T14:41:57.252+0000] {processor.py:839} INFO - DAG(s) dict_keys(['example_time_delta_sensor_async']) retrieved from /home/airflow/.local/lib/python3.11/site-packages/airflow/example_dags/example_time_delta_sensor_async.py
[2023-11-08T14:41:57.267+0000] {logging_mixin.py:154} INFO - [2023-11-08T14:41:57.267+0000] {dag.py:2941} INFO - Sync 1 DAGs
[2023-11-08T14:41:57.277+0000] {logging_mixin.py:154} INFO - [2023-11-08T14:41:57.277+0000] {dag.py:3722} INFO - Setting next_dagrun for example_time_delta_sensor_async to None, run_after=None
[2023-11-08T14:41:57.290+0000] {processor.py:179} INFO - Processing /home/airflow/.local/lib/python3.11/site-packages/airflow/example_dags/example_time_delta_sensor_async.py took 0.045 seconds
[2023-11-08T14:42:27.495+0000] {processor.py:157} INFO - Started process (PID=3936) to work on /home/airflow/.local/lib/python3.11/site-packages/airflow/example_dags/example_time_delta_sensor_async.py
[2023-11-08T14:42:27.495+0000] {processor.py:829} INFO - Processing file /home/airflow/.local/lib/python3.11/site-packages/airflow/example_dags/example_time_delta_sensor_async.py for tasks to queue
[2023-11-08T14:42:27.497+0000] {logging_mixin.py:154} INFO - [2023-11-08T14:42:27.497+0000] {dagbag.py:536} INFO - Filling up the DagBag from /home/airflow/.local/lib/python3.11/site-packages/airflow/example_dags/example_time_delta_sensor_async.py
[2023-11-08T14:42:27.500+0000] {processor.py:839} INFO - DAG(s) dict_keys(['example_time_delta_sensor_async']) retrieved from /home/airflow/.local/lib/python3.11/site-packages/airflow/example_dags/example_time_delta_sensor_async.py
[2023-11-08T14:42:27.514+0000] {logging_mixin.py:154} INFO - [2023-11-08T14:42:27.514+0000] {dag.py:2941} INFO - Sync 1 DAGs
[2023-11-08T14:42:27.525+0000] {logging_mixin.py:154} INFO - [2023-11-08T14:42:27.525+0000] {dag.py:3722} INFO - Setting next_dagrun for example_time_delta_sensor_async to None, run_after=None
[2023-11-08T14:42:27.540+0000] {processor.py:179} INFO - Processing /home/airflow/.local/lib/python3.11/site-packages/airflow/example_dags/example_time_delta_sensor_async.py took 0.047 seconds
[2023-11-08T14:42:57.989+0000] {processor.py:157} INFO - Started process (PID=4012) to work on /home/airflow/.local/lib/python3.11/site-packages/airflow/example_dags/example_time_delta_sensor_async.py
[2023-11-08T14:42:57.990+0000] {processor.py:829} INFO - Processing file /home/airflow/.local/lib/python3.11/site-packages/airflow/example_dags/example_time_delta_sensor_async.py for tasks to queue
[2023-11-08T14:42:57.991+0000] {logging_mixin.py:154} INFO - [2023-11-08T14:42:57.991+0000] {dagbag.py:536} INFO - Filling up the DagBag from /home/airflow/.local/lib/python3.11/site-packages/airflow/example_dags/example_time_delta_sensor_async.py
[2023-11-08T14:42:57.994+0000] {processor.py:839} INFO - DAG(s) dict_keys(['example_time_delta_sensor_async']) retrieved from /home/airflow/.local/lib/python3.11/site-packages/airflow/example_dags/example_time_delta_sensor_async.py
[2023-11-08T14:42:58.009+0000] {logging_mixin.py:154} INFO - [2023-11-08T14:42:58.009+0000] {dag.py:2941} INFO - Sync 1 DAGs
[2023-11-08T14:42:58.018+0000] {logging_mixin.py:154} INFO - [2023-11-08T14:42:58.018+0000] {dag.py:3722} INFO - Setting next_dagrun for example_time_delta_sensor_async to None, run_after=None
[2023-11-08T14:42:58.033+0000] {processor.py:179} INFO - Processing /home/airflow/.local/lib/python3.11/site-packages/airflow/example_dags/example_time_delta_sensor_async.py took 0.046 seconds
[2023-11-08T14:43:28.362+0000] {processor.py:157} INFO - Started process (PID=4088) to work on /home/airflow/.local/lib/python3.11/site-packages/airflow/example_dags/example_time_delta_sensor_async.py
[2023-11-08T14:43:28.362+0000] {processor.py:829} INFO - Processing file /home/airflow/.local/lib/python3.11/site-packages/airflow/example_dags/example_time_delta_sensor_async.py for tasks to queue
[2023-11-08T14:43:28.364+0000] {logging_mixin.py:154} INFO - [2023-11-08T14:43:28.364+0000] {dagbag.py:536} INFO - Filling up the DagBag from /home/airflow/.local/lib/python3.11/site-packages/airflow/example_dags/example_time_delta_sensor_async.py
[2023-11-08T14:43:28.367+0000] {processor.py:839} INFO - DAG(s) dict_keys(['example_time_delta_sensor_async']) retrieved from /home/airflow/.local/lib/python3.11/site-packages/airflow/example_dags/example_time_delta_sensor_async.py
[2023-11-08T14:43:28.382+0000] {logging_mixin.py:154} INFO - [2023-11-08T14:43:28.382+0000] {dag.py:2941} INFO - Sync 1 DAGs
[2023-11-08T14:43:28.392+0000] {logging_mixin.py:154} INFO - [2023-11-08T14:43:28.392+0000] {dag.py:3722} INFO - Setting next_dagrun for example_time_delta_sensor_async to None, run_after=None
[2023-11-08T14:43:28.406+0000] {processor.py:179} INFO - Processing /home/airflow/.local/lib/python3.11/site-packages/airflow/example_dags/example_time_delta_sensor_async.py took 0.046 seconds
[2023-11-08T14:43:58.831+0000] {processor.py:157} INFO - Started process (PID=4164) to work on /home/airflow/.local/lib/python3.11/site-packages/airflow/example_dags/example_time_delta_sensor_async.py
[2023-11-08T14:43:58.832+0000] {processor.py:829} INFO - Processing file /home/airflow/.local/lib/python3.11/site-packages/airflow/example_dags/example_time_delta_sensor_async.py for tasks to queue
[2023-11-08T14:43:58.833+0000] {logging_mixin.py:154} INFO - [2023-11-08T14:43:58.833+0000] {dagbag.py:536} INFO - Filling up the DagBag from /home/airflow/.local/lib/python3.11/site-packages/airflow/example_dags/example_time_delta_sensor_async.py
[2023-11-08T14:43:58.836+0000] {processor.py:839} INFO - DAG(s) dict_keys(['example_time_delta_sensor_async']) retrieved from /home/airflow/.local/lib/python3.11/site-packages/airflow/example_dags/example_time_delta_sensor_async.py
[2023-11-08T14:43:58.852+0000] {logging_mixin.py:154} INFO - [2023-11-08T14:43:58.852+0000] {dag.py:2941} INFO - Sync 1 DAGs
[2023-11-08T14:43:58.862+0000] {logging_mixin.py:154} INFO - [2023-11-08T14:43:58.862+0000] {dag.py:3722} INFO - Setting next_dagrun for example_time_delta_sensor_async to None, run_after=None
[2023-11-08T14:43:58.875+0000] {processor.py:179} INFO - Processing /home/airflow/.local/lib/python3.11/site-packages/airflow/example_dags/example_time_delta_sensor_async.py took 0.046 seconds
[2023-11-08T14:44:29.000+0000] {processor.py:157} INFO - Started process (PID=4240) to work on /home/airflow/.local/lib/python3.11/site-packages/airflow/example_dags/example_time_delta_sensor_async.py
[2023-11-08T14:44:29.000+0000] {processor.py:829} INFO - Processing file /home/airflow/.local/lib/python3.11/site-packages/airflow/example_dags/example_time_delta_sensor_async.py for tasks to queue
[2023-11-08T14:44:29.002+0000] {logging_mixin.py:154} INFO - [2023-11-08T14:44:29.002+0000] {dagbag.py:536} INFO - Filling up the DagBag from /home/airflow/.local/lib/python3.11/site-packages/airflow/example_dags/example_time_delta_sensor_async.py
[2023-11-08T14:44:29.005+0000] {processor.py:839} INFO - DAG(s) dict_keys(['example_time_delta_sensor_async']) retrieved from /home/airflow/.local/lib/python3.11/site-packages/airflow/example_dags/example_time_delta_sensor_async.py
[2023-11-08T14:44:29.021+0000] {logging_mixin.py:154} INFO - [2023-11-08T14:44:29.021+0000] {dag.py:2941} INFO - Sync 1 DAGs
[2023-11-08T14:44:29.030+0000] {logging_mixin.py:154} INFO - [2023-11-08T14:44:29.030+0000] {dag.py:3722} INFO - Setting next_dagrun for example_time_delta_sensor_async to None, run_after=None
[2023-11-08T14:44:29.045+0000] {processor.py:179} INFO - Processing /home/airflow/.local/lib/python3.11/site-packages/airflow/example_dags/example_time_delta_sensor_async.py took 0.048 seconds
[2023-11-08T14:44:59.395+0000] {processor.py:157} INFO - Started process (PID=4316) to work on /home/airflow/.local/lib/python3.11/site-packages/airflow/example_dags/example_time_delta_sensor_async.py
[2023-11-08T14:44:59.396+0000] {processor.py:829} INFO - Processing file /home/airflow/.local/lib/python3.11/site-packages/airflow/example_dags/example_time_delta_sensor_async.py for tasks to queue
[2023-11-08T14:44:59.397+0000] {logging_mixin.py:154} INFO - [2023-11-08T14:44:59.397+0000] {dagbag.py:536} INFO - Filling up the DagBag from /home/airflow/.local/lib/python3.11/site-packages/airflow/example_dags/example_time_delta_sensor_async.py
[2023-11-08T14:44:59.400+0000] {processor.py:839} INFO - DAG(s) dict_keys(['example_time_delta_sensor_async']) retrieved from /home/airflow/.local/lib/python3.11/site-packages/airflow/example_dags/example_time_delta_sensor_async.py
[2023-11-08T14:44:59.415+0000] {logging_mixin.py:154} INFO - [2023-11-08T14:44:59.415+0000] {dag.py:2941} INFO - Sync 1 DAGs
[2023-11-08T14:44:59.425+0000] {logging_mixin.py:154} INFO - [2023-11-08T14:44:59.425+0000] {dag.py:3722} INFO - Setting next_dagrun for example_time_delta_sensor_async to None, run_after=None
[2023-11-08T14:44:59.439+0000] {processor.py:179} INFO - Processing /home/airflow/.local/lib/python3.11/site-packages/airflow/example_dags/example_time_delta_sensor_async.py took 0.046 seconds
[2023-11-08T14:45:30.034+0000] {processor.py:157} INFO - Started process (PID=4393) to work on /home/airflow/.local/lib/python3.11/site-packages/airflow/example_dags/example_time_delta_sensor_async.py
[2023-11-08T14:45:30.035+0000] {processor.py:829} INFO - Processing file /home/airflow/.local/lib/python3.11/site-packages/airflow/example_dags/example_time_delta_sensor_async.py for tasks to queue
[2023-11-08T14:45:30.037+0000] {logging_mixin.py:154} INFO - [2023-11-08T14:45:30.037+0000] {dagbag.py:536} INFO - Filling up the DagBag from /home/airflow/.local/lib/python3.11/site-packages/airflow/example_dags/example_time_delta_sensor_async.py
[2023-11-08T14:45:30.042+0000] {processor.py:839} INFO - DAG(s) dict_keys(['example_time_delta_sensor_async']) retrieved from /home/airflow/.local/lib/python3.11/site-packages/airflow/example_dags/example_time_delta_sensor_async.py
[2023-11-08T14:45:30.058+0000] {logging_mixin.py:154} INFO - [2023-11-08T14:45:30.058+0000] {dag.py:2941} INFO - Sync 1 DAGs
[2023-11-08T14:45:30.067+0000] {logging_mixin.py:154} INFO - [2023-11-08T14:45:30.067+0000] {dag.py:3722} INFO - Setting next_dagrun for example_time_delta_sensor_async to None, run_after=None
[2023-11-08T14:45:30.083+0000] {processor.py:179} INFO - Processing /home/airflow/.local/lib/python3.11/site-packages/airflow/example_dags/example_time_delta_sensor_async.py took 0.052 seconds
[2023-11-08T14:46:00.520+0000] {processor.py:157} INFO - Started process (PID=4469) to work on /home/airflow/.local/lib/python3.11/site-packages/airflow/example_dags/example_time_delta_sensor_async.py
[2023-11-08T14:46:00.521+0000] {processor.py:829} INFO - Processing file /home/airflow/.local/lib/python3.11/site-packages/airflow/example_dags/example_time_delta_sensor_async.py for tasks to queue
[2023-11-08T14:46:00.522+0000] {logging_mixin.py:154} INFO - [2023-11-08T14:46:00.522+0000] {dagbag.py:536} INFO - Filling up the DagBag from /home/airflow/.local/lib/python3.11/site-packages/airflow/example_dags/example_time_delta_sensor_async.py
[2023-11-08T14:46:00.526+0000] {processor.py:839} INFO - DAG(s) dict_keys(['example_time_delta_sensor_async']) retrieved from /home/airflow/.local/lib/python3.11/site-packages/airflow/example_dags/example_time_delta_sensor_async.py
[2023-11-08T14:46:00.541+0000] {logging_mixin.py:154} INFO - [2023-11-08T14:46:00.541+0000] {dag.py:2941} INFO - Sync 1 DAGs
[2023-11-08T14:46:00.551+0000] {logging_mixin.py:154} INFO - [2023-11-08T14:46:00.551+0000] {dag.py:3722} INFO - Setting next_dagrun for example_time_delta_sensor_async to None, run_after=None
[2023-11-08T14:46:00.566+0000] {processor.py:179} INFO - Processing /home/airflow/.local/lib/python3.11/site-packages/airflow/example_dags/example_time_delta_sensor_async.py took 0.048 seconds
[2023-11-08T14:46:31.666+0000] {processor.py:157} INFO - Started process (PID=4545) to work on /home/airflow/.local/lib/python3.11/site-packages/airflow/example_dags/example_time_delta_sensor_async.py
[2023-11-08T14:46:31.666+0000] {processor.py:829} INFO - Processing file /home/airflow/.local/lib/python3.11/site-packages/airflow/example_dags/example_time_delta_sensor_async.py for tasks to queue
[2023-11-08T14:46:31.668+0000] {logging_mixin.py:154} INFO - [2023-11-08T14:46:31.668+0000] {dagbag.py:536} INFO - Filling up the DagBag from /home/airflow/.local/lib/python3.11/site-packages/airflow/example_dags/example_time_delta_sensor_async.py
[2023-11-08T14:46:31.671+0000] {processor.py:839} INFO - DAG(s) dict_keys(['example_time_delta_sensor_async']) retrieved from /home/airflow/.local/lib/python3.11/site-packages/airflow/example_dags/example_time_delta_sensor_async.py
[2023-11-08T14:46:31.687+0000] {logging_mixin.py:154} INFO - [2023-11-08T14:46:31.687+0000] {dag.py:2941} INFO - Sync 1 DAGs
[2023-11-08T14:46:31.696+0000] {logging_mixin.py:154} INFO - [2023-11-08T14:46:31.696+0000] {dag.py:3722} INFO - Setting next_dagrun for example_time_delta_sensor_async to None, run_after=None
[2023-11-08T14:46:31.862+0000] {processor.py:179} INFO - Processing /home/airflow/.local/lib/python3.11/site-packages/airflow/example_dags/example_time_delta_sensor_async.py took 0.198 seconds
[2023-11-08T14:47:02.375+0000] {processor.py:157} INFO - Started process (PID=4621) to work on /home/airflow/.local/lib/python3.11/site-packages/airflow/example_dags/example_time_delta_sensor_async.py
[2023-11-08T14:47:02.375+0000] {processor.py:829} INFO - Processing file /home/airflow/.local/lib/python3.11/site-packages/airflow/example_dags/example_time_delta_sensor_async.py for tasks to queue
[2023-11-08T14:47:02.377+0000] {logging_mixin.py:154} INFO - [2023-11-08T14:47:02.377+0000] {dagbag.py:536} INFO - Filling up the DagBag from /home/airflow/.local/lib/python3.11/site-packages/airflow/example_dags/example_time_delta_sensor_async.py
[2023-11-08T14:47:02.381+0000] {processor.py:839} INFO - DAG(s) dict_keys(['example_time_delta_sensor_async']) retrieved from /home/airflow/.local/lib/python3.11/site-packages/airflow/example_dags/example_time_delta_sensor_async.py
[2023-11-08T14:47:02.397+0000] {logging_mixin.py:154} INFO - [2023-11-08T14:47:02.397+0000] {dag.py:2941} INFO - Sync 1 DAGs
[2023-11-08T14:47:02.406+0000] {logging_mixin.py:154} INFO - [2023-11-08T14:47:02.406+0000] {dag.py:3722} INFO - Setting next_dagrun for example_time_delta_sensor_async to None, run_after=None
[2023-11-08T14:47:02.420+0000] {processor.py:179} INFO - Processing /home/airflow/.local/lib/python3.11/site-packages/airflow/example_dags/example_time_delta_sensor_async.py took 0.048 seconds
[2023-11-08T14:47:32.633+0000] {processor.py:157} INFO - Started process (PID=4697) to work on /home/airflow/.local/lib/python3.11/site-packages/airflow/example_dags/example_time_delta_sensor_async.py
[2023-11-08T14:47:32.634+0000] {processor.py:829} INFO - Processing file /home/airflow/.local/lib/python3.11/site-packages/airflow/example_dags/example_time_delta_sensor_async.py for tasks to queue
[2023-11-08T14:47:32.635+0000] {logging_mixin.py:154} INFO - [2023-11-08T14:47:32.635+0000] {dagbag.py:536} INFO - Filling up the DagBag from /home/airflow/.local/lib/python3.11/site-packages/airflow/example_dags/example_time_delta_sensor_async.py
[2023-11-08T14:47:32.639+0000] {processor.py:839} INFO - DAG(s) dict_keys(['example_time_delta_sensor_async']) retrieved from /home/airflow/.local/lib/python3.11/site-packages/airflow/example_dags/example_time_delta_sensor_async.py
[2023-11-08T14:47:32.658+0000] {logging_mixin.py:154} INFO - [2023-11-08T14:47:32.658+0000] {dag.py:2941} INFO - Sync 1 DAGs
[2023-11-08T14:47:32.670+0000] {logging_mixin.py:154} INFO - [2023-11-08T14:47:32.670+0000] {dag.py:3722} INFO - Setting next_dagrun for example_time_delta_sensor_async to None, run_after=None
[2023-11-08T14:47:32.688+0000] {processor.py:179} INFO - Processing /home/airflow/.local/lib/python3.11/site-packages/airflow/example_dags/example_time_delta_sensor_async.py took 0.058 seconds
[2023-11-08T14:48:02.911+0000] {processor.py:157} INFO - Started process (PID=4773) to work on /home/airflow/.local/lib/python3.11/site-packages/airflow/example_dags/example_time_delta_sensor_async.py
[2023-11-08T14:48:02.912+0000] {processor.py:829} INFO - Processing file /home/airflow/.local/lib/python3.11/site-packages/airflow/example_dags/example_time_delta_sensor_async.py for tasks to queue
[2023-11-08T14:48:02.914+0000] {logging_mixin.py:154} INFO - [2023-11-08T14:48:02.914+0000] {dagbag.py:536} INFO - Filling up the DagBag from /home/airflow/.local/lib/python3.11/site-packages/airflow/example_dags/example_time_delta_sensor_async.py
[2023-11-08T14:48:02.917+0000] {processor.py:839} INFO - DAG(s) dict_keys(['example_time_delta_sensor_async']) retrieved from /home/airflow/.local/lib/python3.11/site-packages/airflow/example_dags/example_time_delta_sensor_async.py
[2023-11-08T14:48:02.933+0000] {logging_mixin.py:154} INFO - [2023-11-08T14:48:02.933+0000] {dag.py:2941} INFO - Sync 1 DAGs
[2023-11-08T14:48:02.944+0000] {logging_mixin.py:154} INFO - [2023-11-08T14:48:02.943+0000] {dag.py:3722} INFO - Setting next_dagrun for example_time_delta_sensor_async to None, run_after=None
[2023-11-08T14:48:02.959+0000] {processor.py:179} INFO - Processing /home/airflow/.local/lib/python3.11/site-packages/airflow/example_dags/example_time_delta_sensor_async.py took 0.050 seconds
[2023-11-08T14:48:33.490+0000] {processor.py:157} INFO - Started process (PID=4849) to work on /home/airflow/.local/lib/python3.11/site-packages/airflow/example_dags/example_time_delta_sensor_async.py
[2023-11-08T14:48:33.491+0000] {processor.py:829} INFO - Processing file /home/airflow/.local/lib/python3.11/site-packages/airflow/example_dags/example_time_delta_sensor_async.py for tasks to queue
[2023-11-08T14:48:33.492+0000] {logging_mixin.py:154} INFO - [2023-11-08T14:48:33.492+0000] {dagbag.py:536} INFO - Filling up the DagBag from /home/airflow/.local/lib/python3.11/site-packages/airflow/example_dags/example_time_delta_sensor_async.py
[2023-11-08T14:48:33.495+0000] {processor.py:839} INFO - DAG(s) dict_keys(['example_time_delta_sensor_async']) retrieved from /home/airflow/.local/lib/python3.11/site-packages/airflow/example_dags/example_time_delta_sensor_async.py
[2023-11-08T14:48:33.672+0000] {logging_mixin.py:154} INFO - [2023-11-08T14:48:33.672+0000] {dag.py:2941} INFO - Sync 1 DAGs
[2023-11-08T14:48:33.680+0000] {logging_mixin.py:154} INFO - [2023-11-08T14:48:33.680+0000] {dag.py:3722} INFO - Setting next_dagrun for example_time_delta_sensor_async to None, run_after=None
[2023-11-08T14:48:33.693+0000] {processor.py:179} INFO - Processing /home/airflow/.local/lib/python3.11/site-packages/airflow/example_dags/example_time_delta_sensor_async.py took 0.205 seconds
[2023-11-08T14:49:03.915+0000] {processor.py:157} INFO - Started process (PID=4925) to work on /home/airflow/.local/lib/python3.11/site-packages/airflow/example_dags/example_time_delta_sensor_async.py
[2023-11-08T14:49:03.916+0000] {processor.py:829} INFO - Processing file /home/airflow/.local/lib/python3.11/site-packages/airflow/example_dags/example_time_delta_sensor_async.py for tasks to queue
[2023-11-08T14:49:03.917+0000] {logging_mixin.py:154} INFO - [2023-11-08T14:49:03.917+0000] {dagbag.py:536} INFO - Filling up the DagBag from /home/airflow/.local/lib/python3.11/site-packages/airflow/example_dags/example_time_delta_sensor_async.py
[2023-11-08T14:49:03.921+0000] {processor.py:839} INFO - DAG(s) dict_keys(['example_time_delta_sensor_async']) retrieved from /home/airflow/.local/lib/python3.11/site-packages/airflow/example_dags/example_time_delta_sensor_async.py
[2023-11-08T14:49:03.936+0000] {logging_mixin.py:154} INFO - [2023-11-08T14:49:03.936+0000] {dag.py:2941} INFO - Sync 1 DAGs
[2023-11-08T14:49:03.946+0000] {logging_mixin.py:154} INFO - [2023-11-08T14:49:03.946+0000] {dag.py:3722} INFO - Setting next_dagrun for example_time_delta_sensor_async to None, run_after=None
[2023-11-08T14:49:04.143+0000] {processor.py:179} INFO - Processing /home/airflow/.local/lib/python3.11/site-packages/airflow/example_dags/example_time_delta_sensor_async.py took 0.231 seconds
[2023-11-08T14:49:34.568+0000] {processor.py:157} INFO - Started process (PID=5001) to work on /home/airflow/.local/lib/python3.11/site-packages/airflow/example_dags/example_time_delta_sensor_async.py
[2023-11-08T14:49:34.568+0000] {processor.py:829} INFO - Processing file /home/airflow/.local/lib/python3.11/site-packages/airflow/example_dags/example_time_delta_sensor_async.py for tasks to queue
[2023-11-08T14:49:34.570+0000] {logging_mixin.py:154} INFO - [2023-11-08T14:49:34.570+0000] {dagbag.py:536} INFO - Filling up the DagBag from /home/airflow/.local/lib/python3.11/site-packages/airflow/example_dags/example_time_delta_sensor_async.py
[2023-11-08T14:49:34.573+0000] {processor.py:839} INFO - DAG(s) dict_keys(['example_time_delta_sensor_async']) retrieved from /home/airflow/.local/lib/python3.11/site-packages/airflow/example_dags/example_time_delta_sensor_async.py
[2023-11-08T14:49:34.587+0000] {logging_mixin.py:154} INFO - [2023-11-08T14:49:34.587+0000] {dag.py:2941} INFO - Sync 1 DAGs
[2023-11-08T14:49:34.597+0000] {logging_mixin.py:154} INFO - [2023-11-08T14:49:34.596+0000] {dag.py:3722} INFO - Setting next_dagrun for example_time_delta_sensor_async to None, run_after=None
[2023-11-08T14:49:34.610+0000] {processor.py:179} INFO - Processing /home/airflow/.local/lib/python3.11/site-packages/airflow/example_dags/example_time_delta_sensor_async.py took 0.045 seconds
[2023-11-08T14:50:04.869+0000] {processor.py:157} INFO - Started process (PID=5077) to work on /home/airflow/.local/lib/python3.11/site-packages/airflow/example_dags/example_time_delta_sensor_async.py
[2023-11-08T14:50:04.870+0000] {processor.py:829} INFO - Processing file /home/airflow/.local/lib/python3.11/site-packages/airflow/example_dags/example_time_delta_sensor_async.py for tasks to queue
[2023-11-08T14:50:04.872+0000] {logging_mixin.py:154} INFO - [2023-11-08T14:50:04.871+0000] {dagbag.py:536} INFO - Filling up the DagBag from /home/airflow/.local/lib/python3.11/site-packages/airflow/example_dags/example_time_delta_sensor_async.py
[2023-11-08T14:50:04.875+0000] {processor.py:839} INFO - DAG(s) dict_keys(['example_time_delta_sensor_async']) retrieved from /home/airflow/.local/lib/python3.11/site-packages/airflow/example_dags/example_time_delta_sensor_async.py
[2023-11-08T14:50:04.892+0000] {logging_mixin.py:154} INFO - [2023-11-08T14:50:04.892+0000] {dag.py:2941} INFO - Sync 1 DAGs
[2023-11-08T14:50:04.902+0000] {logging_mixin.py:154} INFO - [2023-11-08T14:50:04.901+0000] {dag.py:3722} INFO - Setting next_dagrun for example_time_delta_sensor_async to None, run_after=None
[2023-11-08T14:50:04.919+0000] {processor.py:179} INFO - Processing /home/airflow/.local/lib/python3.11/site-packages/airflow/example_dags/example_time_delta_sensor_async.py took 0.052 seconds
[2023-11-08T14:50:35.153+0000] {processor.py:157} INFO - Started process (PID=5153) to work on /home/airflow/.local/lib/python3.11/site-packages/airflow/example_dags/example_time_delta_sensor_async.py
[2023-11-08T14:50:35.154+0000] {processor.py:829} INFO - Processing file /home/airflow/.local/lib/python3.11/site-packages/airflow/example_dags/example_time_delta_sensor_async.py for tasks to queue
[2023-11-08T14:50:35.156+0000] {logging_mixin.py:154} INFO - [2023-11-08T14:50:35.155+0000] {dagbag.py:536} INFO - Filling up the DagBag from /home/airflow/.local/lib/python3.11/site-packages/airflow/example_dags/example_time_delta_sensor_async.py
[2023-11-08T14:50:35.159+0000] {processor.py:839} INFO - DAG(s) dict_keys(['example_time_delta_sensor_async']) retrieved from /home/airflow/.local/lib/python3.11/site-packages/airflow/example_dags/example_time_delta_sensor_async.py
[2023-11-08T14:50:35.175+0000] {logging_mixin.py:154} INFO - [2023-11-08T14:50:35.175+0000] {dag.py:2941} INFO - Sync 1 DAGs
[2023-11-08T14:50:35.184+0000] {logging_mixin.py:154} INFO - [2023-11-08T14:50:35.184+0000] {dag.py:3722} INFO - Setting next_dagrun for example_time_delta_sensor_async to None, run_after=None
[2023-11-08T14:50:35.199+0000] {processor.py:179} INFO - Processing /home/airflow/.local/lib/python3.11/site-packages/airflow/example_dags/example_time_delta_sensor_async.py took 0.048 seconds
[2023-11-08T14:51:05.451+0000] {processor.py:157} INFO - Started process (PID=5229) to work on /home/airflow/.local/lib/python3.11/site-packages/airflow/example_dags/example_time_delta_sensor_async.py
[2023-11-08T14:51:05.453+0000] {processor.py:829} INFO - Processing file /home/airflow/.local/lib/python3.11/site-packages/airflow/example_dags/example_time_delta_sensor_async.py for tasks to queue
[2023-11-08T14:51:05.454+0000] {logging_mixin.py:154} INFO - [2023-11-08T14:51:05.454+0000] {dagbag.py:536} INFO - Filling up the DagBag from /home/airflow/.local/lib/python3.11/site-packages/airflow/example_dags/example_time_delta_sensor_async.py
[2023-11-08T14:51:05.457+0000] {processor.py:839} INFO - DAG(s) dict_keys(['example_time_delta_sensor_async']) retrieved from /home/airflow/.local/lib/python3.11/site-packages/airflow/example_dags/example_time_delta_sensor_async.py
[2023-11-08T14:51:05.475+0000] {logging_mixin.py:154} INFO - [2023-11-08T14:51:05.475+0000] {dag.py:2941} INFO - Sync 1 DAGs
[2023-11-08T14:51:05.485+0000] {logging_mixin.py:154} INFO - [2023-11-08T14:51:05.485+0000] {dag.py:3722} INFO - Setting next_dagrun for example_time_delta_sensor_async to None, run_after=None
[2023-11-08T14:51:05.498+0000] {processor.py:179} INFO - Processing /home/airflow/.local/lib/python3.11/site-packages/airflow/example_dags/example_time_delta_sensor_async.py took 0.049 seconds
[2023-11-08T14:51:35.917+0000] {processor.py:157} INFO - Started process (PID=5305) to work on /home/airflow/.local/lib/python3.11/site-packages/airflow/example_dags/example_time_delta_sensor_async.py
[2023-11-08T14:51:35.917+0000] {processor.py:829} INFO - Processing file /home/airflow/.local/lib/python3.11/site-packages/airflow/example_dags/example_time_delta_sensor_async.py for tasks to queue
[2023-11-08T14:51:35.919+0000] {logging_mixin.py:154} INFO - [2023-11-08T14:51:35.919+0000] {dagbag.py:536} INFO - Filling up the DagBag from /home/airflow/.local/lib/python3.11/site-packages/airflow/example_dags/example_time_delta_sensor_async.py
[2023-11-08T14:51:35.924+0000] {processor.py:839} INFO - DAG(s) dict_keys(['example_time_delta_sensor_async']) retrieved from /home/airflow/.local/lib/python3.11/site-packages/airflow/example_dags/example_time_delta_sensor_async.py
[2023-11-08T14:51:35.944+0000] {logging_mixin.py:154} INFO - [2023-11-08T14:51:35.943+0000] {dag.py:2941} INFO - Sync 1 DAGs
[2023-11-08T14:51:35.955+0000] {logging_mixin.py:154} INFO - [2023-11-08T14:51:35.954+0000] {dag.py:3722} INFO - Setting next_dagrun for example_time_delta_sensor_async to None, run_after=None
[2023-11-08T14:51:35.971+0000] {processor.py:179} INFO - Processing /home/airflow/.local/lib/python3.11/site-packages/airflow/example_dags/example_time_delta_sensor_async.py took 0.057 seconds
[2023-11-08T14:52:06.054+0000] {processor.py:157} INFO - Started process (PID=5381) to work on /home/airflow/.local/lib/python3.11/site-packages/airflow/example_dags/example_time_delta_sensor_async.py
[2023-11-08T14:52:06.055+0000] {processor.py:829} INFO - Processing file /home/airflow/.local/lib/python3.11/site-packages/airflow/example_dags/example_time_delta_sensor_async.py for tasks to queue
[2023-11-08T14:52:06.057+0000] {logging_mixin.py:154} INFO - [2023-11-08T14:52:06.057+0000] {dagbag.py:536} INFO - Filling up the DagBag from /home/airflow/.local/lib/python3.11/site-packages/airflow/example_dags/example_time_delta_sensor_async.py
[2023-11-08T14:52:06.060+0000] {processor.py:839} INFO - DAG(s) dict_keys(['example_time_delta_sensor_async']) retrieved from /home/airflow/.local/lib/python3.11/site-packages/airflow/example_dags/example_time_delta_sensor_async.py
[2023-11-08T14:52:06.076+0000] {logging_mixin.py:154} INFO - [2023-11-08T14:52:06.076+0000] {dag.py:2941} INFO - Sync 1 DAGs
[2023-11-08T14:52:06.086+0000] {logging_mixin.py:154} INFO - [2023-11-08T14:52:06.086+0000] {dag.py:3722} INFO - Setting next_dagrun for example_time_delta_sensor_async to None, run_after=None
[2023-11-08T14:52:06.099+0000] {processor.py:179} INFO - Processing /home/airflow/.local/lib/python3.11/site-packages/airflow/example_dags/example_time_delta_sensor_async.py took 0.047 seconds
