[2023-11-08T14:16:31.734+0000] {processor.py:157} INFO - Started process (PID=113) to work on /home/airflow/.local/lib/python3.11/site-packages/airflow/example_dags/example_latest_only.py
[2023-11-08T14:16:31.736+0000] {processor.py:829} INFO - Processing file /home/airflow/.local/lib/python3.11/site-packages/airflow/example_dags/example_latest_only.py for tasks to queue
[2023-11-08T14:16:31.747+0000] {logging_mixin.py:154} INFO - [2023-11-08T14:16:31.746+0000] {dagbag.py:536} INFO - Filling up the DagBag from /home/airflow/.local/lib/python3.11/site-packages/airflow/example_dags/example_latest_only.py
[2023-11-08T14:16:31.760+0000] {processor.py:839} INFO - DAG(s) dict_keys(['latest_only']) retrieved from /home/airflow/.local/lib/python3.11/site-packages/airflow/example_dags/example_latest_only.py
[2023-11-08T14:16:32.124+0000] {logging_mixin.py:154} INFO - [2023-11-08T14:16:32.124+0000] {manager.py:499} INFO - Created Permission View: %s
[2023-11-08T14:16:32.158+0000] {logging_mixin.py:154} INFO - [2023-11-08T14:16:32.158+0000] {manager.py:499} INFO - Created Permission View: %s
[2023-11-08T14:16:32.178+0000] {logging_mixin.py:154} INFO - [2023-11-08T14:16:32.178+0000] {manager.py:499} INFO - Created Permission View: %s
[2023-11-08T14:16:32.179+0000] {logging_mixin.py:154} INFO - [2023-11-08T14:16:32.179+0000] {dag.py:2941} INFO - Sync 1 DAGs
[2023-11-08T14:16:32.229+0000] {logging_mixin.py:154} INFO - [2023-11-08T14:16:32.228+0000] {dag.py:2963} INFO - Creating ORM DAG for latest_only
[2023-11-08T14:16:32.268+0000] {logging_mixin.py:154} INFO - [2023-11-08T14:16:32.267+0000] {dag.py:3722} INFO - Setting next_dagrun for latest_only to 2023-11-08T10:16:32.265600+00:00, run_after=2023-11-08T14:16:32.265600+00:00
[2023-11-08T14:16:32.324+0000] {processor.py:179} INFO - Processing /home/airflow/.local/lib/python3.11/site-packages/airflow/example_dags/example_latest_only.py took 0.596 seconds
[2023-11-08T14:17:02.483+0000] {processor.py:157} INFO - Started process (PID=190) to work on /home/airflow/.local/lib/python3.11/site-packages/airflow/example_dags/example_latest_only.py
[2023-11-08T14:17:02.485+0000] {processor.py:829} INFO - Processing file /home/airflow/.local/lib/python3.11/site-packages/airflow/example_dags/example_latest_only.py for tasks to queue
[2023-11-08T14:17:02.488+0000] {logging_mixin.py:154} INFO - [2023-11-08T14:17:02.487+0000] {dagbag.py:536} INFO - Filling up the DagBag from /home/airflow/.local/lib/python3.11/site-packages/airflow/example_dags/example_latest_only.py
[2023-11-08T14:17:02.495+0000] {processor.py:839} INFO - DAG(s) dict_keys(['latest_only']) retrieved from /home/airflow/.local/lib/python3.11/site-packages/airflow/example_dags/example_latest_only.py
[2023-11-08T14:17:02.528+0000] {logging_mixin.py:154} INFO - [2023-11-08T14:17:02.528+0000] {dag.py:2941} INFO - Sync 1 DAGs
[2023-11-08T14:17:02.565+0000] {logging_mixin.py:154} INFO - [2023-11-08T14:17:02.565+0000] {dag.py:3722} INFO - Setting next_dagrun for latest_only to 2023-11-08T10:17:02.564939+00:00, run_after=2023-11-08T14:17:02.564939+00:00
[2023-11-08T14:17:02.599+0000] {processor.py:179} INFO - Processing /home/airflow/.local/lib/python3.11/site-packages/airflow/example_dags/example_latest_only.py took 0.120 seconds
[2023-11-08T14:17:32.694+0000] {processor.py:157} INFO - Started process (PID=266) to work on /home/airflow/.local/lib/python3.11/site-packages/airflow/example_dags/example_latest_only.py
[2023-11-08T14:17:32.696+0000] {processor.py:829} INFO - Processing file /home/airflow/.local/lib/python3.11/site-packages/airflow/example_dags/example_latest_only.py for tasks to queue
[2023-11-08T14:17:32.699+0000] {logging_mixin.py:154} INFO - [2023-11-08T14:17:32.698+0000] {dagbag.py:536} INFO - Filling up the DagBag from /home/airflow/.local/lib/python3.11/site-packages/airflow/example_dags/example_latest_only.py
[2023-11-08T14:17:32.707+0000] {processor.py:839} INFO - DAG(s) dict_keys(['latest_only']) retrieved from /home/airflow/.local/lib/python3.11/site-packages/airflow/example_dags/example_latest_only.py
[2023-11-08T14:17:32.747+0000] {logging_mixin.py:154} INFO - [2023-11-08T14:17:32.747+0000] {dag.py:2941} INFO - Sync 1 DAGs
[2023-11-08T14:17:32.797+0000] {logging_mixin.py:154} INFO - [2023-11-08T14:17:32.797+0000] {dag.py:3722} INFO - Setting next_dagrun for latest_only to 2023-11-08T10:17:32.796859+00:00, run_after=2023-11-08T14:17:32.796859+00:00
[2023-11-08T14:17:32.833+0000] {processor.py:179} INFO - Processing /home/airflow/.local/lib/python3.11/site-packages/airflow/example_dags/example_latest_only.py took 0.143 seconds
[2023-11-08T14:18:03.403+0000] {processor.py:157} INFO - Started process (PID=341) to work on /home/airflow/.local/lib/python3.11/site-packages/airflow/example_dags/example_latest_only.py
[2023-11-08T14:18:03.405+0000] {processor.py:829} INFO - Processing file /home/airflow/.local/lib/python3.11/site-packages/airflow/example_dags/example_latest_only.py for tasks to queue
[2023-11-08T14:18:03.408+0000] {logging_mixin.py:154} INFO - [2023-11-08T14:18:03.407+0000] {dagbag.py:536} INFO - Filling up the DagBag from /home/airflow/.local/lib/python3.11/site-packages/airflow/example_dags/example_latest_only.py
[2023-11-08T14:18:03.415+0000] {processor.py:839} INFO - DAG(s) dict_keys(['latest_only']) retrieved from /home/airflow/.local/lib/python3.11/site-packages/airflow/example_dags/example_latest_only.py
[2023-11-08T14:18:03.447+0000] {logging_mixin.py:154} INFO - [2023-11-08T14:18:03.446+0000] {dag.py:2941} INFO - Sync 1 DAGs
[2023-11-08T14:18:03.485+0000] {logging_mixin.py:154} INFO - [2023-11-08T14:18:03.484+0000] {dag.py:3722} INFO - Setting next_dagrun for latest_only to 2023-11-08T10:18:03.484272+00:00, run_after=2023-11-08T14:18:03.484272+00:00
[2023-11-08T14:18:03.516+0000] {processor.py:179} INFO - Processing /home/airflow/.local/lib/python3.11/site-packages/airflow/example_dags/example_latest_only.py took 0.117 seconds
[2023-11-08T14:18:34.523+0000] {processor.py:157} INFO - Started process (PID=417) to work on /home/airflow/.local/lib/python3.11/site-packages/airflow/example_dags/example_latest_only.py
[2023-11-08T14:18:34.526+0000] {processor.py:829} INFO - Processing file /home/airflow/.local/lib/python3.11/site-packages/airflow/example_dags/example_latest_only.py for tasks to queue
[2023-11-08T14:18:34.538+0000] {logging_mixin.py:154} INFO - [2023-11-08T14:18:34.537+0000] {dagbag.py:536} INFO - Filling up the DagBag from /home/airflow/.local/lib/python3.11/site-packages/airflow/example_dags/example_latest_only.py
[2023-11-08T14:18:34.559+0000] {processor.py:839} INFO - DAG(s) dict_keys(['latest_only']) retrieved from /home/airflow/.local/lib/python3.11/site-packages/airflow/example_dags/example_latest_only.py
[2023-11-08T14:18:34.622+0000] {logging_mixin.py:154} INFO - [2023-11-08T14:18:34.622+0000] {dag.py:2941} INFO - Sync 1 DAGs
[2023-11-08T14:18:34.720+0000] {logging_mixin.py:154} INFO - [2023-11-08T14:18:34.719+0000] {dag.py:3722} INFO - Setting next_dagrun for latest_only to 2023-11-08T10:18:34.719005+00:00, run_after=2023-11-08T14:18:34.719005+00:00
[2023-11-08T14:18:34.803+0000] {processor.py:179} INFO - Processing /home/airflow/.local/lib/python3.11/site-packages/airflow/example_dags/example_latest_only.py took 0.285 seconds
[2023-11-08T14:19:17.655+0000] {processor.py:157} INFO - Started process (PID=493) to work on /home/airflow/.local/lib/python3.11/site-packages/airflow/example_dags/example_latest_only.py
[2023-11-08T14:19:17.656+0000] {processor.py:829} INFO - Processing file /home/airflow/.local/lib/python3.11/site-packages/airflow/example_dags/example_latest_only.py for tasks to queue
[2023-11-08T14:19:17.660+0000] {logging_mixin.py:154} INFO - [2023-11-08T14:19:17.660+0000] {dagbag.py:536} INFO - Filling up the DagBag from /home/airflow/.local/lib/python3.11/site-packages/airflow/example_dags/example_latest_only.py
[2023-11-08T14:19:17.675+0000] {processor.py:839} INFO - DAG(s) dict_keys(['latest_only']) retrieved from /home/airflow/.local/lib/python3.11/site-packages/airflow/example_dags/example_latest_only.py
[2023-11-08T14:19:17.888+0000] {logging_mixin.py:154} INFO - [2023-11-08T14:19:17.888+0000] {dag.py:2941} INFO - Sync 1 DAGs
[2023-11-08T14:19:18.074+0000] {logging_mixin.py:154} INFO - [2023-11-08T14:19:18.073+0000] {dag.py:3722} INFO - Setting next_dagrun for latest_only to 2023-11-08T10:19:18.071803+00:00, run_after=2023-11-08T14:19:18.071803+00:00
[2023-11-08T14:19:18.214+0000] {processor.py:179} INFO - Processing /home/airflow/.local/lib/python3.11/site-packages/airflow/example_dags/example_latest_only.py took 0.573 seconds
[2023-11-08T14:19:48.411+0000] {processor.py:157} INFO - Started process (PID=569) to work on /home/airflow/.local/lib/python3.11/site-packages/airflow/example_dags/example_latest_only.py
[2023-11-08T14:19:48.420+0000] {processor.py:829} INFO - Processing file /home/airflow/.local/lib/python3.11/site-packages/airflow/example_dags/example_latest_only.py for tasks to queue
[2023-11-08T14:19:48.439+0000] {logging_mixin.py:154} INFO - [2023-11-08T14:19:48.436+0000] {dagbag.py:536} INFO - Filling up the DagBag from /home/airflow/.local/lib/python3.11/site-packages/airflow/example_dags/example_latest_only.py
[2023-11-08T14:19:48.462+0000] {processor.py:839} INFO - DAG(s) dict_keys(['latest_only']) retrieved from /home/airflow/.local/lib/python3.11/site-packages/airflow/example_dags/example_latest_only.py
[2023-11-08T14:19:48.574+0000] {logging_mixin.py:154} INFO - [2023-11-08T14:19:48.573+0000] {dag.py:2941} INFO - Sync 1 DAGs
[2023-11-08T14:19:48.707+0000] {logging_mixin.py:154} INFO - [2023-11-08T14:19:48.706+0000] {dag.py:3722} INFO - Setting next_dagrun for latest_only to 2023-11-08T10:19:48.705743+00:00, run_after=2023-11-08T14:19:48.705743+00:00
[2023-11-08T14:19:48.783+0000] {processor.py:179} INFO - Processing /home/airflow/.local/lib/python3.11/site-packages/airflow/example_dags/example_latest_only.py took 0.396 seconds
[2023-11-08T14:20:19.655+0000] {processor.py:157} INFO - Started process (PID=646) to work on /home/airflow/.local/lib/python3.11/site-packages/airflow/example_dags/example_latest_only.py
[2023-11-08T14:20:19.656+0000] {processor.py:829} INFO - Processing file /home/airflow/.local/lib/python3.11/site-packages/airflow/example_dags/example_latest_only.py for tasks to queue
[2023-11-08T14:20:19.661+0000] {logging_mixin.py:154} INFO - [2023-11-08T14:20:19.661+0000] {dagbag.py:536} INFO - Filling up the DagBag from /home/airflow/.local/lib/python3.11/site-packages/airflow/example_dags/example_latest_only.py
[2023-11-08T14:20:19.670+0000] {processor.py:839} INFO - DAG(s) dict_keys(['latest_only']) retrieved from /home/airflow/.local/lib/python3.11/site-packages/airflow/example_dags/example_latest_only.py
[2023-11-08T14:20:19.709+0000] {logging_mixin.py:154} INFO - [2023-11-08T14:20:19.709+0000] {dag.py:2941} INFO - Sync 1 DAGs
[2023-11-08T14:20:19.758+0000] {logging_mixin.py:154} INFO - [2023-11-08T14:20:19.758+0000] {dag.py:3722} INFO - Setting next_dagrun for latest_only to 2023-11-08T10:20:19.757821+00:00, run_after=2023-11-08T14:20:19.757821+00:00
[2023-11-08T14:20:19.791+0000] {processor.py:179} INFO - Processing /home/airflow/.local/lib/python3.11/site-packages/airflow/example_dags/example_latest_only.py took 0.143 seconds
[2023-11-08T14:20:50.091+0000] {processor.py:157} INFO - Started process (PID=722) to work on /home/airflow/.local/lib/python3.11/site-packages/airflow/example_dags/example_latest_only.py
[2023-11-08T14:20:50.093+0000] {processor.py:829} INFO - Processing file /home/airflow/.local/lib/python3.11/site-packages/airflow/example_dags/example_latest_only.py for tasks to queue
[2023-11-08T14:20:50.097+0000] {logging_mixin.py:154} INFO - [2023-11-08T14:20:50.096+0000] {dagbag.py:536} INFO - Filling up the DagBag from /home/airflow/.local/lib/python3.11/site-packages/airflow/example_dags/example_latest_only.py
[2023-11-08T14:20:50.109+0000] {processor.py:839} INFO - DAG(s) dict_keys(['latest_only']) retrieved from /home/airflow/.local/lib/python3.11/site-packages/airflow/example_dags/example_latest_only.py
[2023-11-08T14:20:50.160+0000] {logging_mixin.py:154} INFO - [2023-11-08T14:20:50.160+0000] {dag.py:2941} INFO - Sync 1 DAGs
[2023-11-08T14:20:50.236+0000] {logging_mixin.py:154} INFO - [2023-11-08T14:20:50.236+0000] {dag.py:3722} INFO - Setting next_dagrun for latest_only to 2023-11-08T10:20:50.235386+00:00, run_after=2023-11-08T14:20:50.235386+00:00
[2023-11-08T14:20:50.296+0000] {processor.py:179} INFO - Processing /home/airflow/.local/lib/python3.11/site-packages/airflow/example_dags/example_latest_only.py took 0.214 seconds
[2023-11-08T14:21:20.619+0000] {processor.py:157} INFO - Started process (PID=798) to work on /home/airflow/.local/lib/python3.11/site-packages/airflow/example_dags/example_latest_only.py
[2023-11-08T14:21:20.621+0000] {processor.py:829} INFO - Processing file /home/airflow/.local/lib/python3.11/site-packages/airflow/example_dags/example_latest_only.py for tasks to queue
[2023-11-08T14:21:20.628+0000] {logging_mixin.py:154} INFO - [2023-11-08T14:21:20.627+0000] {dagbag.py:536} INFO - Filling up the DagBag from /home/airflow/.local/lib/python3.11/site-packages/airflow/example_dags/example_latest_only.py
[2023-11-08T14:21:20.639+0000] {processor.py:839} INFO - DAG(s) dict_keys(['latest_only']) retrieved from /home/airflow/.local/lib/python3.11/site-packages/airflow/example_dags/example_latest_only.py
[2023-11-08T14:21:20.699+0000] {logging_mixin.py:154} INFO - [2023-11-08T14:21:20.698+0000] {dag.py:2941} INFO - Sync 1 DAGs
[2023-11-08T14:21:20.749+0000] {logging_mixin.py:154} INFO - [2023-11-08T14:21:20.749+0000] {dag.py:3722} INFO - Setting next_dagrun for latest_only to 2023-11-08T10:21:20.748897+00:00, run_after=2023-11-08T14:21:20.748897+00:00
[2023-11-08T14:21:20.791+0000] {processor.py:179} INFO - Processing /home/airflow/.local/lib/python3.11/site-packages/airflow/example_dags/example_latest_only.py took 0.179 seconds
[2023-11-08T14:21:51.118+0000] {processor.py:157} INFO - Started process (PID=874) to work on /home/airflow/.local/lib/python3.11/site-packages/airflow/example_dags/example_latest_only.py
[2023-11-08T14:21:51.120+0000] {processor.py:829} INFO - Processing file /home/airflow/.local/lib/python3.11/site-packages/airflow/example_dags/example_latest_only.py for tasks to queue
[2023-11-08T14:21:51.125+0000] {logging_mixin.py:154} INFO - [2023-11-08T14:21:51.124+0000] {dagbag.py:536} INFO - Filling up the DagBag from /home/airflow/.local/lib/python3.11/site-packages/airflow/example_dags/example_latest_only.py
[2023-11-08T14:21:51.135+0000] {processor.py:839} INFO - DAG(s) dict_keys(['latest_only']) retrieved from /home/airflow/.local/lib/python3.11/site-packages/airflow/example_dags/example_latest_only.py
[2023-11-08T14:21:51.175+0000] {logging_mixin.py:154} INFO - [2023-11-08T14:21:51.175+0000] {dag.py:2941} INFO - Sync 1 DAGs
[2023-11-08T14:21:51.225+0000] {logging_mixin.py:154} INFO - [2023-11-08T14:21:51.224+0000] {dag.py:3722} INFO - Setting next_dagrun for latest_only to 2023-11-08T10:21:51.224181+00:00, run_after=2023-11-08T14:21:51.224181+00:00
[2023-11-08T14:21:51.288+0000] {processor.py:179} INFO - Processing /home/airflow/.local/lib/python3.11/site-packages/airflow/example_dags/example_latest_only.py took 0.175 seconds
[2023-11-08T14:22:21.458+0000] {processor.py:157} INFO - Started process (PID=950) to work on /home/airflow/.local/lib/python3.11/site-packages/airflow/example_dags/example_latest_only.py
[2023-11-08T14:22:21.460+0000] {processor.py:829} INFO - Processing file /home/airflow/.local/lib/python3.11/site-packages/airflow/example_dags/example_latest_only.py for tasks to queue
[2023-11-08T14:22:21.465+0000] {logging_mixin.py:154} INFO - [2023-11-08T14:22:21.464+0000] {dagbag.py:536} INFO - Filling up the DagBag from /home/airflow/.local/lib/python3.11/site-packages/airflow/example_dags/example_latest_only.py
[2023-11-08T14:22:21.476+0000] {processor.py:839} INFO - DAG(s) dict_keys(['latest_only']) retrieved from /home/airflow/.local/lib/python3.11/site-packages/airflow/example_dags/example_latest_only.py
[2023-11-08T14:22:21.527+0000] {logging_mixin.py:154} INFO - [2023-11-08T14:22:21.526+0000] {dag.py:2941} INFO - Sync 1 DAGs
[2023-11-08T14:22:21.576+0000] {logging_mixin.py:154} INFO - [2023-11-08T14:22:21.576+0000] {dag.py:3722} INFO - Setting next_dagrun for latest_only to 2023-11-08T10:22:21.575712+00:00, run_after=2023-11-08T14:22:21.575712+00:00
[2023-11-08T14:22:21.614+0000] {processor.py:179} INFO - Processing /home/airflow/.local/lib/python3.11/site-packages/airflow/example_dags/example_latest_only.py took 0.163 seconds
[2023-11-08T14:22:51.714+0000] {processor.py:157} INFO - Started process (PID=1025) to work on /home/airflow/.local/lib/python3.11/site-packages/airflow/example_dags/example_latest_only.py
[2023-11-08T14:22:51.715+0000] {processor.py:829} INFO - Processing file /home/airflow/.local/lib/python3.11/site-packages/airflow/example_dags/example_latest_only.py for tasks to queue
[2023-11-08T14:22:51.718+0000] {logging_mixin.py:154} INFO - [2023-11-08T14:22:51.718+0000] {dagbag.py:536} INFO - Filling up the DagBag from /home/airflow/.local/lib/python3.11/site-packages/airflow/example_dags/example_latest_only.py
[2023-11-08T14:22:51.727+0000] {processor.py:839} INFO - DAG(s) dict_keys(['latest_only']) retrieved from /home/airflow/.local/lib/python3.11/site-packages/airflow/example_dags/example_latest_only.py
[2023-11-08T14:22:51.762+0000] {logging_mixin.py:154} INFO - [2023-11-08T14:22:51.762+0000] {dag.py:2941} INFO - Sync 1 DAGs
[2023-11-08T14:22:51.805+0000] {logging_mixin.py:154} INFO - [2023-11-08T14:22:51.805+0000] {dag.py:3722} INFO - Setting next_dagrun for latest_only to 2023-11-08T10:22:51.804676+00:00, run_after=2023-11-08T14:22:51.804676+00:00
[2023-11-08T14:22:51.838+0000] {processor.py:179} INFO - Processing /home/airflow/.local/lib/python3.11/site-packages/airflow/example_dags/example_latest_only.py took 0.129 seconds
[2023-11-08T14:23:22.655+0000] {processor.py:157} INFO - Started process (PID=1102) to work on /home/airflow/.local/lib/python3.11/site-packages/airflow/example_dags/example_latest_only.py
[2023-11-08T14:23:22.658+0000] {processor.py:829} INFO - Processing file /home/airflow/.local/lib/python3.11/site-packages/airflow/example_dags/example_latest_only.py for tasks to queue
[2023-11-08T14:23:22.661+0000] {logging_mixin.py:154} INFO - [2023-11-08T14:23:22.661+0000] {dagbag.py:536} INFO - Filling up the DagBag from /home/airflow/.local/lib/python3.11/site-packages/airflow/example_dags/example_latest_only.py
[2023-11-08T14:23:22.680+0000] {processor.py:839} INFO - DAG(s) dict_keys(['latest_only']) retrieved from /home/airflow/.local/lib/python3.11/site-packages/airflow/example_dags/example_latest_only.py
[2023-11-08T14:23:22.741+0000] {logging_mixin.py:154} INFO - [2023-11-08T14:23:22.740+0000] {dag.py:2941} INFO - Sync 1 DAGs
[2023-11-08T14:23:22.809+0000] {logging_mixin.py:154} INFO - [2023-11-08T14:23:22.808+0000] {dag.py:3722} INFO - Setting next_dagrun for latest_only to 2023-11-08T10:23:22.807268+00:00, run_after=2023-11-08T14:23:22.807268+00:00
[2023-11-08T14:23:22.854+0000] {processor.py:179} INFO - Processing /home/airflow/.local/lib/python3.11/site-packages/airflow/example_dags/example_latest_only.py took 0.213 seconds
[2023-11-08T14:24:01.564+0000] {processor.py:157} INFO - Started process (PID=1206) to work on /home/airflow/.local/lib/python3.11/site-packages/airflow/example_dags/example_latest_only.py
[2023-11-08T14:24:01.567+0000] {processor.py:829} INFO - Processing file /home/airflow/.local/lib/python3.11/site-packages/airflow/example_dags/example_latest_only.py for tasks to queue
[2023-11-08T14:24:01.573+0000] {logging_mixin.py:154} INFO - [2023-11-08T14:24:01.572+0000] {dagbag.py:536} INFO - Filling up the DagBag from /home/airflow/.local/lib/python3.11/site-packages/airflow/example_dags/example_latest_only.py
[2023-11-08T14:24:01.592+0000] {processor.py:839} INFO - DAG(s) dict_keys(['latest_only']) retrieved from /home/airflow/.local/lib/python3.11/site-packages/airflow/example_dags/example_latest_only.py
[2023-11-08T14:24:01.650+0000] {logging_mixin.py:154} INFO - [2023-11-08T14:24:01.650+0000] {dag.py:2941} INFO - Sync 1 DAGs
[2023-11-08T14:24:01.740+0000] {logging_mixin.py:154} INFO - [2023-11-08T14:24:01.740+0000] {dag.py:3722} INFO - Setting next_dagrun for latest_only to 2023-11-08T10:24:01.739484+00:00, run_after=2023-11-08T14:24:01.739484+00:00
[2023-11-08T14:24:01.806+0000] {processor.py:179} INFO - Processing /home/airflow/.local/lib/python3.11/site-packages/airflow/example_dags/example_latest_only.py took 0.249 seconds
[2023-11-08T14:24:39.820+0000] {processor.py:157} INFO - Started process (PID=1280) to work on /home/airflow/.local/lib/python3.11/site-packages/airflow/example_dags/example_latest_only.py
[2023-11-08T14:24:39.824+0000] {processor.py:829} INFO - Processing file /home/airflow/.local/lib/python3.11/site-packages/airflow/example_dags/example_latest_only.py for tasks to queue
[2023-11-08T14:24:39.828+0000] {logging_mixin.py:154} INFO - [2023-11-08T14:24:39.828+0000] {dagbag.py:536} INFO - Filling up the DagBag from /home/airflow/.local/lib/python3.11/site-packages/airflow/example_dags/example_latest_only.py
[2023-11-08T14:24:39.846+0000] {processor.py:839} INFO - DAG(s) dict_keys(['latest_only']) retrieved from /home/airflow/.local/lib/python3.11/site-packages/airflow/example_dags/example_latest_only.py
[2023-11-08T14:24:39.919+0000] {logging_mixin.py:154} INFO - [2023-11-08T14:24:39.919+0000] {dag.py:2941} INFO - Sync 1 DAGs
[2023-11-08T14:24:40.020+0000] {logging_mixin.py:154} INFO - [2023-11-08T14:24:40.020+0000] {dag.py:3722} INFO - Setting next_dagrun for latest_only to 2023-11-08T10:24:40.019414+00:00, run_after=2023-11-08T14:24:40.019414+00:00
[2023-11-08T14:24:40.100+0000] {processor.py:179} INFO - Processing /home/airflow/.local/lib/python3.11/site-packages/airflow/example_dags/example_latest_only.py took 0.291 seconds
[2023-11-08T14:25:10.739+0000] {processor.py:157} INFO - Started process (PID=1356) to work on /home/airflow/.local/lib/python3.11/site-packages/airflow/example_dags/example_latest_only.py
[2023-11-08T14:25:10.740+0000] {processor.py:829} INFO - Processing file /home/airflow/.local/lib/python3.11/site-packages/airflow/example_dags/example_latest_only.py for tasks to queue
[2023-11-08T14:25:10.743+0000] {logging_mixin.py:154} INFO - [2023-11-08T14:25:10.743+0000] {dagbag.py:536} INFO - Filling up the DagBag from /home/airflow/.local/lib/python3.11/site-packages/airflow/example_dags/example_latest_only.py
[2023-11-08T14:25:10.751+0000] {processor.py:839} INFO - DAG(s) dict_keys(['latest_only']) retrieved from /home/airflow/.local/lib/python3.11/site-packages/airflow/example_dags/example_latest_only.py
[2023-11-08T14:25:10.790+0000] {logging_mixin.py:154} INFO - [2023-11-08T14:25:10.789+0000] {dag.py:2941} INFO - Sync 1 DAGs
[2023-11-08T14:25:10.848+0000] {logging_mixin.py:154} INFO - [2023-11-08T14:25:10.847+0000] {dag.py:3722} INFO - Setting next_dagrun for latest_only to 2023-11-08T10:25:10.847305+00:00, run_after=2023-11-08T14:25:10.847305+00:00
[2023-11-08T14:25:10.882+0000] {processor.py:179} INFO - Processing /home/airflow/.local/lib/python3.11/site-packages/airflow/example_dags/example_latest_only.py took 0.148 seconds
[2023-11-08T14:25:41.145+0000] {processor.py:157} INFO - Started process (PID=1432) to work on /home/airflow/.local/lib/python3.11/site-packages/airflow/example_dags/example_latest_only.py
[2023-11-08T14:25:41.146+0000] {processor.py:829} INFO - Processing file /home/airflow/.local/lib/python3.11/site-packages/airflow/example_dags/example_latest_only.py for tasks to queue
[2023-11-08T14:25:41.149+0000] {logging_mixin.py:154} INFO - [2023-11-08T14:25:41.149+0000] {dagbag.py:536} INFO - Filling up the DagBag from /home/airflow/.local/lib/python3.11/site-packages/airflow/example_dags/example_latest_only.py
[2023-11-08T14:25:41.157+0000] {processor.py:839} INFO - DAG(s) dict_keys(['latest_only']) retrieved from /home/airflow/.local/lib/python3.11/site-packages/airflow/example_dags/example_latest_only.py
[2023-11-08T14:25:41.192+0000] {logging_mixin.py:154} INFO - [2023-11-08T14:25:41.192+0000] {dag.py:2941} INFO - Sync 1 DAGs
[2023-11-08T14:25:41.234+0000] {logging_mixin.py:154} INFO - [2023-11-08T14:25:41.234+0000] {dag.py:3722} INFO - Setting next_dagrun for latest_only to 2023-11-08T10:25:41.233855+00:00, run_after=2023-11-08T14:25:41.233855+00:00
[2023-11-08T14:25:41.268+0000] {processor.py:179} INFO - Processing /home/airflow/.local/lib/python3.11/site-packages/airflow/example_dags/example_latest_only.py took 0.127 seconds
[2023-11-08T14:26:12.658+0000] {processor.py:157} INFO - Started process (PID=1510) to work on /home/airflow/.local/lib/python3.11/site-packages/airflow/example_dags/example_latest_only.py
[2023-11-08T14:26:12.660+0000] {processor.py:829} INFO - Processing file /home/airflow/.local/lib/python3.11/site-packages/airflow/example_dags/example_latest_only.py for tasks to queue
[2023-11-08T14:26:12.666+0000] {logging_mixin.py:154} INFO - [2023-11-08T14:26:12.665+0000] {dagbag.py:536} INFO - Filling up the DagBag from /home/airflow/.local/lib/python3.11/site-packages/airflow/example_dags/example_latest_only.py
[2023-11-08T14:26:12.682+0000] {processor.py:839} INFO - DAG(s) dict_keys(['latest_only']) retrieved from /home/airflow/.local/lib/python3.11/site-packages/airflow/example_dags/example_latest_only.py
[2023-11-08T14:26:12.748+0000] {logging_mixin.py:154} INFO - [2023-11-08T14:26:12.746+0000] {dag.py:2941} INFO - Sync 1 DAGs
[2023-11-08T14:26:12.839+0000] {logging_mixin.py:154} INFO - [2023-11-08T14:26:12.838+0000] {dag.py:3722} INFO - Setting next_dagrun for latest_only to 2023-11-08T10:26:12.838238+00:00, run_after=2023-11-08T14:26:12.838238+00:00
[2023-11-08T14:26:12.901+0000] {processor.py:179} INFO - Processing /home/airflow/.local/lib/python3.11/site-packages/airflow/example_dags/example_latest_only.py took 0.248 seconds
[2023-11-08T14:26:43.576+0000] {processor.py:157} INFO - Started process (PID=1586) to work on /home/airflow/.local/lib/python3.11/site-packages/airflow/example_dags/example_latest_only.py
[2023-11-08T14:26:43.577+0000] {processor.py:829} INFO - Processing file /home/airflow/.local/lib/python3.11/site-packages/airflow/example_dags/example_latest_only.py for tasks to queue
[2023-11-08T14:26:43.580+0000] {logging_mixin.py:154} INFO - [2023-11-08T14:26:43.579+0000] {dagbag.py:536} INFO - Filling up the DagBag from /home/airflow/.local/lib/python3.11/site-packages/airflow/example_dags/example_latest_only.py
[2023-11-08T14:26:43.587+0000] {processor.py:839} INFO - DAG(s) dict_keys(['latest_only']) retrieved from /home/airflow/.local/lib/python3.11/site-packages/airflow/example_dags/example_latest_only.py
[2023-11-08T14:26:43.622+0000] {logging_mixin.py:154} INFO - [2023-11-08T14:26:43.621+0000] {dag.py:2941} INFO - Sync 1 DAGs
[2023-11-08T14:26:43.667+0000] {logging_mixin.py:154} INFO - [2023-11-08T14:26:43.667+0000] {dag.py:3722} INFO - Setting next_dagrun for latest_only to 2023-11-08T10:26:43.667137+00:00, run_after=2023-11-08T14:26:43.667137+00:00
[2023-11-08T14:26:43.704+0000] {processor.py:179} INFO - Processing /home/airflow/.local/lib/python3.11/site-packages/airflow/example_dags/example_latest_only.py took 0.134 seconds
[2023-11-08T14:27:14.025+0000] {processor.py:157} INFO - Started process (PID=1661) to work on /home/airflow/.local/lib/python3.11/site-packages/airflow/example_dags/example_latest_only.py
[2023-11-08T14:27:14.027+0000] {processor.py:829} INFO - Processing file /home/airflow/.local/lib/python3.11/site-packages/airflow/example_dags/example_latest_only.py for tasks to queue
[2023-11-08T14:27:14.031+0000] {logging_mixin.py:154} INFO - [2023-11-08T14:27:14.030+0000] {dagbag.py:536} INFO - Filling up the DagBag from /home/airflow/.local/lib/python3.11/site-packages/airflow/example_dags/example_latest_only.py
[2023-11-08T14:27:14.044+0000] {processor.py:839} INFO - DAG(s) dict_keys(['latest_only']) retrieved from /home/airflow/.local/lib/python3.11/site-packages/airflow/example_dags/example_latest_only.py
[2023-11-08T14:27:14.082+0000] {logging_mixin.py:154} INFO - [2023-11-08T14:27:14.082+0000] {dag.py:2941} INFO - Sync 1 DAGs
[2023-11-08T14:27:14.122+0000] {logging_mixin.py:154} INFO - [2023-11-08T14:27:14.122+0000] {dag.py:3722} INFO - Setting next_dagrun for latest_only to 2023-11-08T10:27:14.122056+00:00, run_after=2023-11-08T14:27:14.122056+00:00
[2023-11-08T14:27:14.161+0000] {processor.py:179} INFO - Processing /home/airflow/.local/lib/python3.11/site-packages/airflow/example_dags/example_latest_only.py took 0.142 seconds
[2023-11-08T14:27:44.486+0000] {processor.py:157} INFO - Started process (PID=1738) to work on /home/airflow/.local/lib/python3.11/site-packages/airflow/example_dags/example_latest_only.py
[2023-11-08T14:27:44.488+0000] {processor.py:829} INFO - Processing file /home/airflow/.local/lib/python3.11/site-packages/airflow/example_dags/example_latest_only.py for tasks to queue
[2023-11-08T14:27:44.491+0000] {logging_mixin.py:154} INFO - [2023-11-08T14:27:44.490+0000] {dagbag.py:536} INFO - Filling up the DagBag from /home/airflow/.local/lib/python3.11/site-packages/airflow/example_dags/example_latest_only.py
[2023-11-08T14:27:44.500+0000] {processor.py:839} INFO - DAG(s) dict_keys(['latest_only']) retrieved from /home/airflow/.local/lib/python3.11/site-packages/airflow/example_dags/example_latest_only.py
[2023-11-08T14:27:44.542+0000] {logging_mixin.py:154} INFO - [2023-11-08T14:27:44.541+0000] {dag.py:2941} INFO - Sync 1 DAGs
[2023-11-08T14:27:44.615+0000] {logging_mixin.py:154} INFO - [2023-11-08T14:27:44.615+0000] {dag.py:3722} INFO - Setting next_dagrun for latest_only to 2023-11-08T10:27:44.614250+00:00, run_after=2023-11-08T14:27:44.614250+00:00
[2023-11-08T14:27:44.676+0000] {processor.py:179} INFO - Processing /home/airflow/.local/lib/python3.11/site-packages/airflow/example_dags/example_latest_only.py took 0.194 seconds
[2023-11-08T14:28:16.149+0000] {processor.py:157} INFO - Started process (PID=1815) to work on /home/airflow/.local/lib/python3.11/site-packages/airflow/example_dags/example_latest_only.py
[2023-11-08T14:28:16.150+0000] {processor.py:829} INFO - Processing file /home/airflow/.local/lib/python3.11/site-packages/airflow/example_dags/example_latest_only.py for tasks to queue
[2023-11-08T14:28:16.154+0000] {logging_mixin.py:154} INFO - [2023-11-08T14:28:16.153+0000] {dagbag.py:536} INFO - Filling up the DagBag from /home/airflow/.local/lib/python3.11/site-packages/airflow/example_dags/example_latest_only.py
[2023-11-08T14:28:16.162+0000] {processor.py:839} INFO - DAG(s) dict_keys(['latest_only']) retrieved from /home/airflow/.local/lib/python3.11/site-packages/airflow/example_dags/example_latest_only.py
[2023-11-08T14:28:16.201+0000] {logging_mixin.py:154} INFO - [2023-11-08T14:28:16.200+0000] {dag.py:2941} INFO - Sync 1 DAGs
[2023-11-08T14:28:16.252+0000] {logging_mixin.py:154} INFO - [2023-11-08T14:28:16.251+0000] {dag.py:3722} INFO - Setting next_dagrun for latest_only to 2023-11-08T10:28:16.250921+00:00, run_after=2023-11-08T14:28:16.250921+00:00
[2023-11-08T14:28:16.289+0000] {processor.py:179} INFO - Processing /home/airflow/.local/lib/python3.11/site-packages/airflow/example_dags/example_latest_only.py took 0.147 seconds
[2023-11-08T14:28:46.917+0000] {processor.py:157} INFO - Started process (PID=1891) to work on /home/airflow/.local/lib/python3.11/site-packages/airflow/example_dags/example_latest_only.py
[2023-11-08T14:28:46.918+0000] {processor.py:829} INFO - Processing file /home/airflow/.local/lib/python3.11/site-packages/airflow/example_dags/example_latest_only.py for tasks to queue
[2023-11-08T14:28:46.921+0000] {logging_mixin.py:154} INFO - [2023-11-08T14:28:46.921+0000] {dagbag.py:536} INFO - Filling up the DagBag from /home/airflow/.local/lib/python3.11/site-packages/airflow/example_dags/example_latest_only.py
[2023-11-08T14:28:46.928+0000] {processor.py:839} INFO - DAG(s) dict_keys(['latest_only']) retrieved from /home/airflow/.local/lib/python3.11/site-packages/airflow/example_dags/example_latest_only.py
[2023-11-08T14:28:46.958+0000] {logging_mixin.py:154} INFO - [2023-11-08T14:28:46.958+0000] {dag.py:2941} INFO - Sync 1 DAGs
[2023-11-08T14:28:47.001+0000] {logging_mixin.py:154} INFO - [2023-11-08T14:28:47.000+0000] {dag.py:3722} INFO - Setting next_dagrun for latest_only to 2023-11-08T10:28:47.000366+00:00, run_after=2023-11-08T14:28:47.000366+00:00
[2023-11-08T14:28:47.034+0000] {processor.py:179} INFO - Processing /home/airflow/.local/lib/python3.11/site-packages/airflow/example_dags/example_latest_only.py took 0.123 seconds
[2023-11-08T14:29:18.023+0000] {processor.py:157} INFO - Started process (PID=1967) to work on /home/airflow/.local/lib/python3.11/site-packages/airflow/example_dags/example_latest_only.py
[2023-11-08T14:29:18.024+0000] {processor.py:829} INFO - Processing file /home/airflow/.local/lib/python3.11/site-packages/airflow/example_dags/example_latest_only.py for tasks to queue
[2023-11-08T14:29:18.028+0000] {logging_mixin.py:154} INFO - [2023-11-08T14:29:18.027+0000] {dagbag.py:536} INFO - Filling up the DagBag from /home/airflow/.local/lib/python3.11/site-packages/airflow/example_dags/example_latest_only.py
[2023-11-08T14:29:18.038+0000] {processor.py:839} INFO - DAG(s) dict_keys(['latest_only']) retrieved from /home/airflow/.local/lib/python3.11/site-packages/airflow/example_dags/example_latest_only.py
[2023-11-08T14:29:18.076+0000] {logging_mixin.py:154} INFO - [2023-11-08T14:29:18.076+0000] {dag.py:2941} INFO - Sync 1 DAGs
[2023-11-08T14:29:18.122+0000] {logging_mixin.py:154} INFO - [2023-11-08T14:29:18.121+0000] {dag.py:3722} INFO - Setting next_dagrun for latest_only to 2023-11-08T10:29:18.121002+00:00, run_after=2023-11-08T14:29:18.121002+00:00
[2023-11-08T14:29:18.164+0000] {processor.py:179} INFO - Processing /home/airflow/.local/lib/python3.11/site-packages/airflow/example_dags/example_latest_only.py took 0.147 seconds
[2023-11-08T14:29:48.300+0000] {processor.py:157} INFO - Started process (PID=2043) to work on /home/airflow/.local/lib/python3.11/site-packages/airflow/example_dags/example_latest_only.py
[2023-11-08T14:29:48.301+0000] {processor.py:829} INFO - Processing file /home/airflow/.local/lib/python3.11/site-packages/airflow/example_dags/example_latest_only.py for tasks to queue
[2023-11-08T14:29:48.305+0000] {logging_mixin.py:154} INFO - [2023-11-08T14:29:48.305+0000] {dagbag.py:536} INFO - Filling up the DagBag from /home/airflow/.local/lib/python3.11/site-packages/airflow/example_dags/example_latest_only.py
[2023-11-08T14:29:48.315+0000] {processor.py:839} INFO - DAG(s) dict_keys(['latest_only']) retrieved from /home/airflow/.local/lib/python3.11/site-packages/airflow/example_dags/example_latest_only.py
[2023-11-08T14:29:48.353+0000] {logging_mixin.py:154} INFO - [2023-11-08T14:29:48.352+0000] {dag.py:2941} INFO - Sync 1 DAGs
[2023-11-08T14:29:48.399+0000] {logging_mixin.py:154} INFO - [2023-11-08T14:29:48.398+0000] {dag.py:3722} INFO - Setting next_dagrun for latest_only to 2023-11-08T10:29:48.398329+00:00, run_after=2023-11-08T14:29:48.398329+00:00
[2023-11-08T14:29:48.434+0000] {processor.py:179} INFO - Processing /home/airflow/.local/lib/python3.11/site-packages/airflow/example_dags/example_latest_only.py took 0.139 seconds
[2023-11-08T14:30:19.168+0000] {processor.py:157} INFO - Started process (PID=2120) to work on /home/airflow/.local/lib/python3.11/site-packages/airflow/example_dags/example_latest_only.py
[2023-11-08T14:30:19.169+0000] {processor.py:829} INFO - Processing file /home/airflow/.local/lib/python3.11/site-packages/airflow/example_dags/example_latest_only.py for tasks to queue
[2023-11-08T14:30:19.172+0000] {logging_mixin.py:154} INFO - [2023-11-08T14:30:19.171+0000] {dagbag.py:536} INFO - Filling up the DagBag from /home/airflow/.local/lib/python3.11/site-packages/airflow/example_dags/example_latest_only.py
[2023-11-08T14:30:19.180+0000] {processor.py:839} INFO - DAG(s) dict_keys(['latest_only']) retrieved from /home/airflow/.local/lib/python3.11/site-packages/airflow/example_dags/example_latest_only.py
[2023-11-08T14:30:19.217+0000] {logging_mixin.py:154} INFO - [2023-11-08T14:30:19.217+0000] {dag.py:2941} INFO - Sync 1 DAGs
[2023-11-08T14:30:19.266+0000] {logging_mixin.py:154} INFO - [2023-11-08T14:30:19.266+0000] {dag.py:3722} INFO - Setting next_dagrun for latest_only to 2023-11-08T10:30:19.265636+00:00, run_after=2023-11-08T14:30:19.265636+00:00
[2023-11-08T14:30:19.309+0000] {processor.py:179} INFO - Processing /home/airflow/.local/lib/python3.11/site-packages/airflow/example_dags/example_latest_only.py took 0.146 seconds
[2023-11-08T14:30:49.917+0000] {processor.py:157} INFO - Started process (PID=2197) to work on /home/airflow/.local/lib/python3.11/site-packages/airflow/example_dags/example_latest_only.py
[2023-11-08T14:30:49.918+0000] {processor.py:829} INFO - Processing file /home/airflow/.local/lib/python3.11/site-packages/airflow/example_dags/example_latest_only.py for tasks to queue
[2023-11-08T14:30:49.920+0000] {logging_mixin.py:154} INFO - [2023-11-08T14:30:49.920+0000] {dagbag.py:536} INFO - Filling up the DagBag from /home/airflow/.local/lib/python3.11/site-packages/airflow/example_dags/example_latest_only.py
[2023-11-08T14:30:49.929+0000] {processor.py:839} INFO - DAG(s) dict_keys(['latest_only']) retrieved from /home/airflow/.local/lib/python3.11/site-packages/airflow/example_dags/example_latest_only.py
[2023-11-08T14:30:49.962+0000] {logging_mixin.py:154} INFO - [2023-11-08T14:30:49.962+0000] {dag.py:2941} INFO - Sync 1 DAGs
[2023-11-08T14:30:50.003+0000] {logging_mixin.py:154} INFO - [2023-11-08T14:30:50.003+0000] {dag.py:3722} INFO - Setting next_dagrun for latest_only to 2023-11-08T10:30:50.002794+00:00, run_after=2023-11-08T14:30:50.002794+00:00
[2023-11-08T14:30:50.046+0000] {processor.py:179} INFO - Processing /home/airflow/.local/lib/python3.11/site-packages/airflow/example_dags/example_latest_only.py took 0.133 seconds
[2023-11-08T14:31:20.177+0000] {processor.py:157} INFO - Started process (PID=2273) to work on /home/airflow/.local/lib/python3.11/site-packages/airflow/example_dags/example_latest_only.py
[2023-11-08T14:31:20.178+0000] {processor.py:829} INFO - Processing file /home/airflow/.local/lib/python3.11/site-packages/airflow/example_dags/example_latest_only.py for tasks to queue
[2023-11-08T14:31:20.183+0000] {logging_mixin.py:154} INFO - [2023-11-08T14:31:20.183+0000] {dagbag.py:536} INFO - Filling up the DagBag from /home/airflow/.local/lib/python3.11/site-packages/airflow/example_dags/example_latest_only.py
[2023-11-08T14:31:20.192+0000] {processor.py:839} INFO - DAG(s) dict_keys(['latest_only']) retrieved from /home/airflow/.local/lib/python3.11/site-packages/airflow/example_dags/example_latest_only.py
[2023-11-08T14:31:20.231+0000] {logging_mixin.py:154} INFO - [2023-11-08T14:31:20.230+0000] {dag.py:2941} INFO - Sync 1 DAGs
[2023-11-08T14:31:20.274+0000] {logging_mixin.py:154} INFO - [2023-11-08T14:31:20.273+0000] {dag.py:3722} INFO - Setting next_dagrun for latest_only to 2023-11-08T10:31:20.273575+00:00, run_after=2023-11-08T14:31:20.273575+00:00
[2023-11-08T14:31:20.306+0000] {processor.py:179} INFO - Processing /home/airflow/.local/lib/python3.11/site-packages/airflow/example_dags/example_latest_only.py took 0.136 seconds
[2023-11-08T14:31:50.519+0000] {processor.py:157} INFO - Started process (PID=2349) to work on /home/airflow/.local/lib/python3.11/site-packages/airflow/example_dags/example_latest_only.py
[2023-11-08T14:31:50.521+0000] {processor.py:829} INFO - Processing file /home/airflow/.local/lib/python3.11/site-packages/airflow/example_dags/example_latest_only.py for tasks to queue
[2023-11-08T14:31:50.524+0000] {logging_mixin.py:154} INFO - [2023-11-08T14:31:50.523+0000] {dagbag.py:536} INFO - Filling up the DagBag from /home/airflow/.local/lib/python3.11/site-packages/airflow/example_dags/example_latest_only.py
[2023-11-08T14:31:50.531+0000] {processor.py:839} INFO - DAG(s) dict_keys(['latest_only']) retrieved from /home/airflow/.local/lib/python3.11/site-packages/airflow/example_dags/example_latest_only.py
[2023-11-08T14:31:50.571+0000] {logging_mixin.py:154} INFO - [2023-11-08T14:31:50.570+0000] {dag.py:2941} INFO - Sync 1 DAGs
[2023-11-08T14:31:50.611+0000] {logging_mixin.py:154} INFO - [2023-11-08T14:31:50.610+0000] {dag.py:3722} INFO - Setting next_dagrun for latest_only to 2023-11-08T10:31:50.610454+00:00, run_after=2023-11-08T14:31:50.610454+00:00
[2023-11-08T14:31:50.645+0000] {processor.py:179} INFO - Processing /home/airflow/.local/lib/python3.11/site-packages/airflow/example_dags/example_latest_only.py took 0.130 seconds
[2023-11-08T14:32:20.950+0000] {processor.py:157} INFO - Started process (PID=2425) to work on /home/airflow/.local/lib/python3.11/site-packages/airflow/example_dags/example_latest_only.py
[2023-11-08T14:32:20.951+0000] {processor.py:829} INFO - Processing file /home/airflow/.local/lib/python3.11/site-packages/airflow/example_dags/example_latest_only.py for tasks to queue
[2023-11-08T14:32:20.955+0000] {logging_mixin.py:154} INFO - [2023-11-08T14:32:20.955+0000] {dagbag.py:536} INFO - Filling up the DagBag from /home/airflow/.local/lib/python3.11/site-packages/airflow/example_dags/example_latest_only.py
[2023-11-08T14:32:20.963+0000] {processor.py:839} INFO - DAG(s) dict_keys(['latest_only']) retrieved from /home/airflow/.local/lib/python3.11/site-packages/airflow/example_dags/example_latest_only.py
[2023-11-08T14:32:20.998+0000] {logging_mixin.py:154} INFO - [2023-11-08T14:32:20.997+0000] {dag.py:2941} INFO - Sync 1 DAGs
[2023-11-08T14:32:21.038+0000] {logging_mixin.py:154} INFO - [2023-11-08T14:32:21.038+0000] {dag.py:3722} INFO - Setting next_dagrun for latest_only to 2023-11-08T10:32:21.038121+00:00, run_after=2023-11-08T14:32:21.038121+00:00
[2023-11-08T14:32:21.074+0000] {processor.py:179} INFO - Processing /home/airflow/.local/lib/python3.11/site-packages/airflow/example_dags/example_latest_only.py took 0.129 seconds
[2023-11-08T14:32:51.958+0000] {processor.py:157} INFO - Started process (PID=2501) to work on /home/airflow/.local/lib/python3.11/site-packages/airflow/example_dags/example_latest_only.py
[2023-11-08T14:32:51.960+0000] {processor.py:829} INFO - Processing file /home/airflow/.local/lib/python3.11/site-packages/airflow/example_dags/example_latest_only.py for tasks to queue
[2023-11-08T14:32:51.964+0000] {logging_mixin.py:154} INFO - [2023-11-08T14:32:51.963+0000] {dagbag.py:536} INFO - Filling up the DagBag from /home/airflow/.local/lib/python3.11/site-packages/airflow/example_dags/example_latest_only.py
[2023-11-08T14:32:51.972+0000] {processor.py:839} INFO - DAG(s) dict_keys(['latest_only']) retrieved from /home/airflow/.local/lib/python3.11/site-packages/airflow/example_dags/example_latest_only.py
[2023-11-08T14:32:52.032+0000] {logging_mixin.py:154} INFO - [2023-11-08T14:32:52.031+0000] {dag.py:2941} INFO - Sync 1 DAGs
[2023-11-08T14:32:52.091+0000] {logging_mixin.py:154} INFO - [2023-11-08T14:32:52.090+0000] {dag.py:3722} INFO - Setting next_dagrun for latest_only to 2023-11-08T10:32:52.090143+00:00, run_after=2023-11-08T14:32:52.090143+00:00
[2023-11-08T14:32:52.129+0000] {processor.py:179} INFO - Processing /home/airflow/.local/lib/python3.11/site-packages/airflow/example_dags/example_latest_only.py took 0.175 seconds
[2023-11-08T14:33:22.380+0000] {processor.py:157} INFO - Started process (PID=2577) to work on /home/airflow/.local/lib/python3.11/site-packages/airflow/example_dags/example_latest_only.py
[2023-11-08T14:33:22.381+0000] {processor.py:829} INFO - Processing file /home/airflow/.local/lib/python3.11/site-packages/airflow/example_dags/example_latest_only.py for tasks to queue
[2023-11-08T14:33:22.383+0000] {logging_mixin.py:154} INFO - [2023-11-08T14:33:22.383+0000] {dagbag.py:536} INFO - Filling up the DagBag from /home/airflow/.local/lib/python3.11/site-packages/airflow/example_dags/example_latest_only.py
[2023-11-08T14:33:22.389+0000] {processor.py:839} INFO - DAG(s) dict_keys(['latest_only']) retrieved from /home/airflow/.local/lib/python3.11/site-packages/airflow/example_dags/example_latest_only.py
[2023-11-08T14:33:22.420+0000] {logging_mixin.py:154} INFO - [2023-11-08T14:33:22.420+0000] {dag.py:2941} INFO - Sync 1 DAGs
[2023-11-08T14:33:22.461+0000] {logging_mixin.py:154} INFO - [2023-11-08T14:33:22.461+0000] {dag.py:3722} INFO - Setting next_dagrun for latest_only to 2023-11-08T10:33:22.461100+00:00, run_after=2023-11-08T14:33:22.461100+00:00
[2023-11-08T14:33:22.494+0000] {processor.py:179} INFO - Processing /home/airflow/.local/lib/python3.11/site-packages/airflow/example_dags/example_latest_only.py took 0.117 seconds
[2023-11-08T14:33:52.848+0000] {processor.py:157} INFO - Started process (PID=2653) to work on /home/airflow/.local/lib/python3.11/site-packages/airflow/example_dags/example_latest_only.py
[2023-11-08T14:33:52.850+0000] {processor.py:829} INFO - Processing file /home/airflow/.local/lib/python3.11/site-packages/airflow/example_dags/example_latest_only.py for tasks to queue
[2023-11-08T14:33:52.853+0000] {logging_mixin.py:154} INFO - [2023-11-08T14:33:52.853+0000] {dagbag.py:536} INFO - Filling up the DagBag from /home/airflow/.local/lib/python3.11/site-packages/airflow/example_dags/example_latest_only.py
[2023-11-08T14:33:52.865+0000] {processor.py:839} INFO - DAG(s) dict_keys(['latest_only']) retrieved from /home/airflow/.local/lib/python3.11/site-packages/airflow/example_dags/example_latest_only.py
[2023-11-08T14:33:52.905+0000] {logging_mixin.py:154} INFO - [2023-11-08T14:33:52.905+0000] {dag.py:2941} INFO - Sync 1 DAGs
[2023-11-08T14:33:52.953+0000] {logging_mixin.py:154} INFO - [2023-11-08T14:33:52.953+0000] {dag.py:3722} INFO - Setting next_dagrun for latest_only to 2023-11-08T10:33:52.952909+00:00, run_after=2023-11-08T14:33:52.952909+00:00
[2023-11-08T14:33:52.987+0000] {processor.py:179} INFO - Processing /home/airflow/.local/lib/python3.11/site-packages/airflow/example_dags/example_latest_only.py took 0.145 seconds
[2023-11-08T14:34:23.854+0000] {processor.py:157} INFO - Started process (PID=2729) to work on /home/airflow/.local/lib/python3.11/site-packages/airflow/example_dags/example_latest_only.py
[2023-11-08T14:34:23.856+0000] {processor.py:829} INFO - Processing file /home/airflow/.local/lib/python3.11/site-packages/airflow/example_dags/example_latest_only.py for tasks to queue
[2023-11-08T14:34:23.858+0000] {logging_mixin.py:154} INFO - [2023-11-08T14:34:23.858+0000] {dagbag.py:536} INFO - Filling up the DagBag from /home/airflow/.local/lib/python3.11/site-packages/airflow/example_dags/example_latest_only.py
[2023-11-08T14:34:23.864+0000] {processor.py:839} INFO - DAG(s) dict_keys(['latest_only']) retrieved from /home/airflow/.local/lib/python3.11/site-packages/airflow/example_dags/example_latest_only.py
[2023-11-08T14:34:23.896+0000] {logging_mixin.py:154} INFO - [2023-11-08T14:34:23.896+0000] {dag.py:2941} INFO - Sync 1 DAGs
[2023-11-08T14:34:23.932+0000] {logging_mixin.py:154} INFO - [2023-11-08T14:34:23.932+0000] {dag.py:3722} INFO - Setting next_dagrun for latest_only to 2023-11-08T10:34:23.931719+00:00, run_after=2023-11-08T14:34:23.931719+00:00
[2023-11-08T14:34:23.965+0000] {processor.py:179} INFO - Processing /home/airflow/.local/lib/python3.11/site-packages/airflow/example_dags/example_latest_only.py took 0.115 seconds
[2023-11-08T14:34:54.319+0000] {processor.py:157} INFO - Started process (PID=2805) to work on /home/airflow/.local/lib/python3.11/site-packages/airflow/example_dags/example_latest_only.py
[2023-11-08T14:34:54.321+0000] {processor.py:829} INFO - Processing file /home/airflow/.local/lib/python3.11/site-packages/airflow/example_dags/example_latest_only.py for tasks to queue
[2023-11-08T14:34:54.324+0000] {logging_mixin.py:154} INFO - [2023-11-08T14:34:54.324+0000] {dagbag.py:536} INFO - Filling up the DagBag from /home/airflow/.local/lib/python3.11/site-packages/airflow/example_dags/example_latest_only.py
[2023-11-08T14:34:54.331+0000] {processor.py:839} INFO - DAG(s) dict_keys(['latest_only']) retrieved from /home/airflow/.local/lib/python3.11/site-packages/airflow/example_dags/example_latest_only.py
[2023-11-08T14:34:54.365+0000] {logging_mixin.py:154} INFO - [2023-11-08T14:34:54.364+0000] {dag.py:2941} INFO - Sync 1 DAGs
[2023-11-08T14:34:54.410+0000] {logging_mixin.py:154} INFO - [2023-11-08T14:34:54.410+0000] {dag.py:3722} INFO - Setting next_dagrun for latest_only to 2023-11-08T10:34:54.409688+00:00, run_after=2023-11-08T14:34:54.409688+00:00
[2023-11-08T14:34:54.453+0000] {processor.py:179} INFO - Processing /home/airflow/.local/lib/python3.11/site-packages/airflow/example_dags/example_latest_only.py took 0.138 seconds
[2023-11-08T14:35:25.338+0000] {processor.py:157} INFO - Started process (PID=2881) to work on /home/airflow/.local/lib/python3.11/site-packages/airflow/example_dags/example_latest_only.py
[2023-11-08T14:35:25.339+0000] {processor.py:829} INFO - Processing file /home/airflow/.local/lib/python3.11/site-packages/airflow/example_dags/example_latest_only.py for tasks to queue
[2023-11-08T14:35:25.342+0000] {logging_mixin.py:154} INFO - [2023-11-08T14:35:25.341+0000] {dagbag.py:536} INFO - Filling up the DagBag from /home/airflow/.local/lib/python3.11/site-packages/airflow/example_dags/example_latest_only.py
[2023-11-08T14:35:25.349+0000] {processor.py:839} INFO - DAG(s) dict_keys(['latest_only']) retrieved from /home/airflow/.local/lib/python3.11/site-packages/airflow/example_dags/example_latest_only.py
[2023-11-08T14:35:25.381+0000] {logging_mixin.py:154} INFO - [2023-11-08T14:35:25.381+0000] {dag.py:2941} INFO - Sync 1 DAGs
[2023-11-08T14:35:25.429+0000] {logging_mixin.py:154} INFO - [2023-11-08T14:35:25.429+0000] {dag.py:3722} INFO - Setting next_dagrun for latest_only to 2023-11-08T10:35:25.429040+00:00, run_after=2023-11-08T14:35:25.429040+00:00
[2023-11-08T14:35:25.471+0000] {processor.py:179} INFO - Processing /home/airflow/.local/lib/python3.11/site-packages/airflow/example_dags/example_latest_only.py took 0.138 seconds
[2023-11-08T14:35:56.281+0000] {processor.py:157} INFO - Started process (PID=2957) to work on /home/airflow/.local/lib/python3.11/site-packages/airflow/example_dags/example_latest_only.py
[2023-11-08T14:35:56.283+0000] {processor.py:829} INFO - Processing file /home/airflow/.local/lib/python3.11/site-packages/airflow/example_dags/example_latest_only.py for tasks to queue
[2023-11-08T14:35:56.286+0000] {logging_mixin.py:154} INFO - [2023-11-08T14:35:56.286+0000] {dagbag.py:536} INFO - Filling up the DagBag from /home/airflow/.local/lib/python3.11/site-packages/airflow/example_dags/example_latest_only.py
[2023-11-08T14:35:56.293+0000] {processor.py:839} INFO - DAG(s) dict_keys(['latest_only']) retrieved from /home/airflow/.local/lib/python3.11/site-packages/airflow/example_dags/example_latest_only.py
[2023-11-08T14:35:56.329+0000] {logging_mixin.py:154} INFO - [2023-11-08T14:35:56.329+0000] {dag.py:2941} INFO - Sync 1 DAGs
[2023-11-08T14:35:56.370+0000] {logging_mixin.py:154} INFO - [2023-11-08T14:35:56.369+0000] {dag.py:3722} INFO - Setting next_dagrun for latest_only to 2023-11-08T10:35:56.369356+00:00, run_after=2023-11-08T14:35:56.369356+00:00
[2023-11-08T14:35:56.400+0000] {processor.py:179} INFO - Processing /home/airflow/.local/lib/python3.11/site-packages/airflow/example_dags/example_latest_only.py took 0.124 seconds
[2023-11-08T14:36:27.016+0000] {processor.py:157} INFO - Started process (PID=3033) to work on /home/airflow/.local/lib/python3.11/site-packages/airflow/example_dags/example_latest_only.py
[2023-11-08T14:36:27.017+0000] {processor.py:829} INFO - Processing file /home/airflow/.local/lib/python3.11/site-packages/airflow/example_dags/example_latest_only.py for tasks to queue
[2023-11-08T14:36:27.020+0000] {logging_mixin.py:154} INFO - [2023-11-08T14:36:27.019+0000] {dagbag.py:536} INFO - Filling up the DagBag from /home/airflow/.local/lib/python3.11/site-packages/airflow/example_dags/example_latest_only.py
[2023-11-08T14:36:27.027+0000] {processor.py:839} INFO - DAG(s) dict_keys(['latest_only']) retrieved from /home/airflow/.local/lib/python3.11/site-packages/airflow/example_dags/example_latest_only.py
[2023-11-08T14:36:27.061+0000] {logging_mixin.py:154} INFO - [2023-11-08T14:36:27.061+0000] {dag.py:2941} INFO - Sync 1 DAGs
[2023-11-08T14:36:27.104+0000] {logging_mixin.py:154} INFO - [2023-11-08T14:36:27.103+0000] {dag.py:3722} INFO - Setting next_dagrun for latest_only to 2023-11-08T10:36:27.103321+00:00, run_after=2023-11-08T14:36:27.103321+00:00
[2023-11-08T14:36:27.136+0000] {processor.py:179} INFO - Processing /home/airflow/.local/lib/python3.11/site-packages/airflow/example_dags/example_latest_only.py took 0.125 seconds
[2023-11-08T14:36:57.635+0000] {processor.py:157} INFO - Started process (PID=3109) to work on /home/airflow/.local/lib/python3.11/site-packages/airflow/example_dags/example_latest_only.py
[2023-11-08T14:36:57.636+0000] {processor.py:829} INFO - Processing file /home/airflow/.local/lib/python3.11/site-packages/airflow/example_dags/example_latest_only.py for tasks to queue
[2023-11-08T14:36:57.638+0000] {logging_mixin.py:154} INFO - [2023-11-08T14:36:57.638+0000] {dagbag.py:536} INFO - Filling up the DagBag from /home/airflow/.local/lib/python3.11/site-packages/airflow/example_dags/example_latest_only.py
[2023-11-08T14:36:57.646+0000] {processor.py:839} INFO - DAG(s) dict_keys(['latest_only']) retrieved from /home/airflow/.local/lib/python3.11/site-packages/airflow/example_dags/example_latest_only.py
[2023-11-08T14:36:57.676+0000] {logging_mixin.py:154} INFO - [2023-11-08T14:36:57.676+0000] {dag.py:2941} INFO - Sync 1 DAGs
[2023-11-08T14:36:57.724+0000] {logging_mixin.py:154} INFO - [2023-11-08T14:36:57.723+0000] {dag.py:3722} INFO - Setting next_dagrun for latest_only to 2023-11-08T10:36:57.723306+00:00, run_after=2023-11-08T14:36:57.723306+00:00
[2023-11-08T14:36:57.753+0000] {processor.py:179} INFO - Processing /home/airflow/.local/lib/python3.11/site-packages/airflow/example_dags/example_latest_only.py took 0.122 seconds
[2023-11-08T14:37:28.264+0000] {processor.py:157} INFO - Started process (PID=3185) to work on /home/airflow/.local/lib/python3.11/site-packages/airflow/example_dags/example_latest_only.py
[2023-11-08T14:37:28.265+0000] {processor.py:829} INFO - Processing file /home/airflow/.local/lib/python3.11/site-packages/airflow/example_dags/example_latest_only.py for tasks to queue
[2023-11-08T14:37:28.266+0000] {logging_mixin.py:154} INFO - [2023-11-08T14:37:28.266+0000] {dagbag.py:536} INFO - Filling up the DagBag from /home/airflow/.local/lib/python3.11/site-packages/airflow/example_dags/example_latest_only.py
[2023-11-08T14:37:28.270+0000] {processor.py:839} INFO - DAG(s) dict_keys(['latest_only']) retrieved from /home/airflow/.local/lib/python3.11/site-packages/airflow/example_dags/example_latest_only.py
[2023-11-08T14:37:28.285+0000] {logging_mixin.py:154} INFO - [2023-11-08T14:37:28.285+0000] {dag.py:2941} INFO - Sync 1 DAGs
[2023-11-08T14:37:28.303+0000] {logging_mixin.py:154} INFO - [2023-11-08T14:37:28.302+0000] {dag.py:3722} INFO - Setting next_dagrun for latest_only to 2023-11-08T10:37:28.302647+00:00, run_after=2023-11-08T14:37:28.302647+00:00
[2023-11-08T14:37:28.317+0000] {processor.py:179} INFO - Processing /home/airflow/.local/lib/python3.11/site-packages/airflow/example_dags/example_latest_only.py took 0.055 seconds
[2023-11-08T14:37:58.537+0000] {processor.py:157} INFO - Started process (PID=3261) to work on /home/airflow/.local/lib/python3.11/site-packages/airflow/example_dags/example_latest_only.py
[2023-11-08T14:37:58.538+0000] {processor.py:829} INFO - Processing file /home/airflow/.local/lib/python3.11/site-packages/airflow/example_dags/example_latest_only.py for tasks to queue
[2023-11-08T14:37:58.540+0000] {logging_mixin.py:154} INFO - [2023-11-08T14:37:58.540+0000] {dagbag.py:536} INFO - Filling up the DagBag from /home/airflow/.local/lib/python3.11/site-packages/airflow/example_dags/example_latest_only.py
[2023-11-08T14:37:58.543+0000] {processor.py:839} INFO - DAG(s) dict_keys(['latest_only']) retrieved from /home/airflow/.local/lib/python3.11/site-packages/airflow/example_dags/example_latest_only.py
[2023-11-08T14:37:58.558+0000] {logging_mixin.py:154} INFO - [2023-11-08T14:37:58.558+0000] {dag.py:2941} INFO - Sync 1 DAGs
[2023-11-08T14:37:58.575+0000] {logging_mixin.py:154} INFO - [2023-11-08T14:37:58.575+0000] {dag.py:3722} INFO - Setting next_dagrun for latest_only to 2023-11-08T10:37:58.574882+00:00, run_after=2023-11-08T14:37:58.574882+00:00
[2023-11-08T14:37:58.588+0000] {processor.py:179} INFO - Processing /home/airflow/.local/lib/python3.11/site-packages/airflow/example_dags/example_latest_only.py took 0.052 seconds
[2023-11-08T14:38:28.691+0000] {processor.py:157} INFO - Started process (PID=3337) to work on /home/airflow/.local/lib/python3.11/site-packages/airflow/example_dags/example_latest_only.py
[2023-11-08T14:38:28.691+0000] {processor.py:829} INFO - Processing file /home/airflow/.local/lib/python3.11/site-packages/airflow/example_dags/example_latest_only.py for tasks to queue
[2023-11-08T14:38:28.693+0000] {logging_mixin.py:154} INFO - [2023-11-08T14:38:28.692+0000] {dagbag.py:536} INFO - Filling up the DagBag from /home/airflow/.local/lib/python3.11/site-packages/airflow/example_dags/example_latest_only.py
[2023-11-08T14:38:28.696+0000] {processor.py:839} INFO - DAG(s) dict_keys(['latest_only']) retrieved from /home/airflow/.local/lib/python3.11/site-packages/airflow/example_dags/example_latest_only.py
[2023-11-08T14:38:28.710+0000] {logging_mixin.py:154} INFO - [2023-11-08T14:38:28.710+0000] {dag.py:2941} INFO - Sync 1 DAGs
[2023-11-08T14:38:28.726+0000] {logging_mixin.py:154} INFO - [2023-11-08T14:38:28.726+0000] {dag.py:3722} INFO - Setting next_dagrun for latest_only to 2023-11-08T10:38:28.726592+00:00, run_after=2023-11-08T14:38:28.726592+00:00
[2023-11-08T14:38:28.740+0000] {processor.py:179} INFO - Processing /home/airflow/.local/lib/python3.11/site-packages/airflow/example_dags/example_latest_only.py took 0.052 seconds
[2023-11-08T14:38:58.767+0000] {processor.py:157} INFO - Started process (PID=3412) to work on /home/airflow/.local/lib/python3.11/site-packages/airflow/example_dags/example_latest_only.py
[2023-11-08T14:38:58.768+0000] {processor.py:829} INFO - Processing file /home/airflow/.local/lib/python3.11/site-packages/airflow/example_dags/example_latest_only.py for tasks to queue
[2023-11-08T14:38:58.769+0000] {logging_mixin.py:154} INFO - [2023-11-08T14:38:58.769+0000] {dagbag.py:536} INFO - Filling up the DagBag from /home/airflow/.local/lib/python3.11/site-packages/airflow/example_dags/example_latest_only.py
[2023-11-08T14:38:58.773+0000] {processor.py:839} INFO - DAG(s) dict_keys(['latest_only']) retrieved from /home/airflow/.local/lib/python3.11/site-packages/airflow/example_dags/example_latest_only.py
[2023-11-08T14:38:58.787+0000] {logging_mixin.py:154} INFO - [2023-11-08T14:38:58.787+0000] {dag.py:2941} INFO - Sync 1 DAGs
[2023-11-08T14:38:58.804+0000] {logging_mixin.py:154} INFO - [2023-11-08T14:38:58.804+0000] {dag.py:3722} INFO - Setting next_dagrun for latest_only to 2023-11-08T10:38:58.804085+00:00, run_after=2023-11-08T14:38:58.804085+00:00
[2023-11-08T14:38:58.817+0000] {processor.py:179} INFO - Processing /home/airflow/.local/lib/python3.11/site-packages/airflow/example_dags/example_latest_only.py took 0.052 seconds
[2023-11-08T14:39:28.856+0000] {processor.py:157} INFO - Started process (PID=3488) to work on /home/airflow/.local/lib/python3.11/site-packages/airflow/example_dags/example_latest_only.py
[2023-11-08T14:39:28.856+0000] {processor.py:829} INFO - Processing file /home/airflow/.local/lib/python3.11/site-packages/airflow/example_dags/example_latest_only.py for tasks to queue
[2023-11-08T14:39:28.858+0000] {logging_mixin.py:154} INFO - [2023-11-08T14:39:28.857+0000] {dagbag.py:536} INFO - Filling up the DagBag from /home/airflow/.local/lib/python3.11/site-packages/airflow/example_dags/example_latest_only.py
[2023-11-08T14:39:28.861+0000] {processor.py:839} INFO - DAG(s) dict_keys(['latest_only']) retrieved from /home/airflow/.local/lib/python3.11/site-packages/airflow/example_dags/example_latest_only.py
[2023-11-08T14:39:28.875+0000] {logging_mixin.py:154} INFO - [2023-11-08T14:39:28.875+0000] {dag.py:2941} INFO - Sync 1 DAGs
[2023-11-08T14:39:28.890+0000] {logging_mixin.py:154} INFO - [2023-11-08T14:39:28.890+0000] {dag.py:3722} INFO - Setting next_dagrun for latest_only to 2023-11-08T10:39:28.890562+00:00, run_after=2023-11-08T14:39:28.890562+00:00
[2023-11-08T14:39:28.902+0000] {processor.py:179} INFO - Processing /home/airflow/.local/lib/python3.11/site-packages/airflow/example_dags/example_latest_only.py took 0.048 seconds
[2023-11-08T14:39:59.090+0000] {processor.py:157} INFO - Started process (PID=3564) to work on /home/airflow/.local/lib/python3.11/site-packages/airflow/example_dags/example_latest_only.py
[2023-11-08T14:39:59.091+0000] {processor.py:829} INFO - Processing file /home/airflow/.local/lib/python3.11/site-packages/airflow/example_dags/example_latest_only.py for tasks to queue
[2023-11-08T14:39:59.093+0000] {logging_mixin.py:154} INFO - [2023-11-08T14:39:59.092+0000] {dagbag.py:536} INFO - Filling up the DagBag from /home/airflow/.local/lib/python3.11/site-packages/airflow/example_dags/example_latest_only.py
[2023-11-08T14:39:59.096+0000] {processor.py:839} INFO - DAG(s) dict_keys(['latest_only']) retrieved from /home/airflow/.local/lib/python3.11/site-packages/airflow/example_dags/example_latest_only.py
[2023-11-08T14:39:59.111+0000] {logging_mixin.py:154} INFO - [2023-11-08T14:39:59.110+0000] {dag.py:2941} INFO - Sync 1 DAGs
[2023-11-08T14:39:59.127+0000] {logging_mixin.py:154} INFO - [2023-11-08T14:39:59.127+0000] {dag.py:3722} INFO - Setting next_dagrun for latest_only to 2023-11-08T10:39:59.127039+00:00, run_after=2023-11-08T14:39:59.127039+00:00
[2023-11-08T14:39:59.139+0000] {processor.py:179} INFO - Processing /home/airflow/.local/lib/python3.11/site-packages/airflow/example_dags/example_latest_only.py took 0.051 seconds
[2023-11-08T14:40:29.399+0000] {processor.py:157} INFO - Started process (PID=3641) to work on /home/airflow/.local/lib/python3.11/site-packages/airflow/example_dags/example_latest_only.py
[2023-11-08T14:40:29.399+0000] {processor.py:829} INFO - Processing file /home/airflow/.local/lib/python3.11/site-packages/airflow/example_dags/example_latest_only.py for tasks to queue
[2023-11-08T14:40:29.401+0000] {logging_mixin.py:154} INFO - [2023-11-08T14:40:29.401+0000] {dagbag.py:536} INFO - Filling up the DagBag from /home/airflow/.local/lib/python3.11/site-packages/airflow/example_dags/example_latest_only.py
[2023-11-08T14:40:29.404+0000] {processor.py:839} INFO - DAG(s) dict_keys(['latest_only']) retrieved from /home/airflow/.local/lib/python3.11/site-packages/airflow/example_dags/example_latest_only.py
[2023-11-08T14:40:29.420+0000] {logging_mixin.py:154} INFO - [2023-11-08T14:40:29.419+0000] {dag.py:2941} INFO - Sync 1 DAGs
[2023-11-08T14:40:29.436+0000] {logging_mixin.py:154} INFO - [2023-11-08T14:40:29.436+0000] {dag.py:3722} INFO - Setting next_dagrun for latest_only to 2023-11-08T10:40:29.436222+00:00, run_after=2023-11-08T14:40:29.436222+00:00
[2023-11-08T14:40:29.451+0000] {processor.py:179} INFO - Processing /home/airflow/.local/lib/python3.11/site-packages/airflow/example_dags/example_latest_only.py took 0.054 seconds
[2023-11-08T14:40:59.627+0000] {processor.py:157} INFO - Started process (PID=3717) to work on /home/airflow/.local/lib/python3.11/site-packages/airflow/example_dags/example_latest_only.py
[2023-11-08T14:40:59.628+0000] {processor.py:829} INFO - Processing file /home/airflow/.local/lib/python3.11/site-packages/airflow/example_dags/example_latest_only.py for tasks to queue
[2023-11-08T14:40:59.629+0000] {logging_mixin.py:154} INFO - [2023-11-08T14:40:59.629+0000] {dagbag.py:536} INFO - Filling up the DagBag from /home/airflow/.local/lib/python3.11/site-packages/airflow/example_dags/example_latest_only.py
[2023-11-08T14:40:59.633+0000] {processor.py:839} INFO - DAG(s) dict_keys(['latest_only']) retrieved from /home/airflow/.local/lib/python3.11/site-packages/airflow/example_dags/example_latest_only.py
[2023-11-08T14:40:59.648+0000] {logging_mixin.py:154} INFO - [2023-11-08T14:40:59.648+0000] {dag.py:2941} INFO - Sync 1 DAGs
[2023-11-08T14:40:59.664+0000] {logging_mixin.py:154} INFO - [2023-11-08T14:40:59.664+0000] {dag.py:3722} INFO - Setting next_dagrun for latest_only to 2023-11-08T10:40:59.664090+00:00, run_after=2023-11-08T14:40:59.664090+00:00
[2023-11-08T14:40:59.678+0000] {processor.py:179} INFO - Processing /home/airflow/.local/lib/python3.11/site-packages/airflow/example_dags/example_latest_only.py took 0.053 seconds
[2023-11-08T14:41:29.827+0000] {processor.py:157} INFO - Started process (PID=3793) to work on /home/airflow/.local/lib/python3.11/site-packages/airflow/example_dags/example_latest_only.py
[2023-11-08T14:41:29.827+0000] {processor.py:829} INFO - Processing file /home/airflow/.local/lib/python3.11/site-packages/airflow/example_dags/example_latest_only.py for tasks to queue
[2023-11-08T14:41:29.829+0000] {logging_mixin.py:154} INFO - [2023-11-08T14:41:29.829+0000] {dagbag.py:536} INFO - Filling up the DagBag from /home/airflow/.local/lib/python3.11/site-packages/airflow/example_dags/example_latest_only.py
[2023-11-08T14:41:29.833+0000] {processor.py:839} INFO - DAG(s) dict_keys(['latest_only']) retrieved from /home/airflow/.local/lib/python3.11/site-packages/airflow/example_dags/example_latest_only.py
[2023-11-08T14:41:29.849+0000] {logging_mixin.py:154} INFO - [2023-11-08T14:41:29.849+0000] {dag.py:2941} INFO - Sync 1 DAGs
[2023-11-08T14:41:29.867+0000] {logging_mixin.py:154} INFO - [2023-11-08T14:41:29.867+0000] {dag.py:3722} INFO - Setting next_dagrun for latest_only to 2023-11-08T10:41:29.867037+00:00, run_after=2023-11-08T14:41:29.867037+00:00
[2023-11-08T14:41:29.881+0000] {processor.py:179} INFO - Processing /home/airflow/.local/lib/python3.11/site-packages/airflow/example_dags/example_latest_only.py took 0.056 seconds
[2023-11-08T14:42:00.722+0000] {processor.py:157} INFO - Started process (PID=3868) to work on /home/airflow/.local/lib/python3.11/site-packages/airflow/example_dags/example_latest_only.py
[2023-11-08T14:42:00.723+0000] {processor.py:829} INFO - Processing file /home/airflow/.local/lib/python3.11/site-packages/airflow/example_dags/example_latest_only.py for tasks to queue
[2023-11-08T14:42:00.725+0000] {logging_mixin.py:154} INFO - [2023-11-08T14:42:00.724+0000] {dagbag.py:536} INFO - Filling up the DagBag from /home/airflow/.local/lib/python3.11/site-packages/airflow/example_dags/example_latest_only.py
[2023-11-08T14:42:00.728+0000] {processor.py:839} INFO - DAG(s) dict_keys(['latest_only']) retrieved from /home/airflow/.local/lib/python3.11/site-packages/airflow/example_dags/example_latest_only.py
[2023-11-08T14:42:00.742+0000] {logging_mixin.py:154} INFO - [2023-11-08T14:42:00.742+0000] {dag.py:2941} INFO - Sync 1 DAGs
[2023-11-08T14:42:00.759+0000] {logging_mixin.py:154} INFO - [2023-11-08T14:42:00.759+0000] {dag.py:3722} INFO - Setting next_dagrun for latest_only to 2023-11-08T10:42:00.758829+00:00, run_after=2023-11-08T14:42:00.758829+00:00
[2023-11-08T14:42:00.772+0000] {processor.py:179} INFO - Processing /home/airflow/.local/lib/python3.11/site-packages/airflow/example_dags/example_latest_only.py took 0.051 seconds
[2023-11-08T14:42:30.860+0000] {processor.py:157} INFO - Started process (PID=3943) to work on /home/airflow/.local/lib/python3.11/site-packages/airflow/example_dags/example_latest_only.py
[2023-11-08T14:42:30.861+0000] {processor.py:829} INFO - Processing file /home/airflow/.local/lib/python3.11/site-packages/airflow/example_dags/example_latest_only.py for tasks to queue
[2023-11-08T14:42:30.863+0000] {logging_mixin.py:154} INFO - [2023-11-08T14:42:30.863+0000] {dagbag.py:536} INFO - Filling up the DagBag from /home/airflow/.local/lib/python3.11/site-packages/airflow/example_dags/example_latest_only.py
[2023-11-08T14:42:30.867+0000] {processor.py:839} INFO - DAG(s) dict_keys(['latest_only']) retrieved from /home/airflow/.local/lib/python3.11/site-packages/airflow/example_dags/example_latest_only.py
[2023-11-08T14:42:30.885+0000] {logging_mixin.py:154} INFO - [2023-11-08T14:42:30.884+0000] {dag.py:2941} INFO - Sync 1 DAGs
[2023-11-08T14:42:30.905+0000] {logging_mixin.py:154} INFO - [2023-11-08T14:42:30.905+0000] {dag.py:3722} INFO - Setting next_dagrun for latest_only to 2023-11-08T10:42:30.904868+00:00, run_after=2023-11-08T14:42:30.904868+00:00
[2023-11-08T14:42:30.920+0000] {processor.py:179} INFO - Processing /home/airflow/.local/lib/python3.11/site-packages/airflow/example_dags/example_latest_only.py took 0.062 seconds
[2023-11-08T14:43:01.280+0000] {processor.py:157} INFO - Started process (PID=4019) to work on /home/airflow/.local/lib/python3.11/site-packages/airflow/example_dags/example_latest_only.py
[2023-11-08T14:43:01.281+0000] {processor.py:829} INFO - Processing file /home/airflow/.local/lib/python3.11/site-packages/airflow/example_dags/example_latest_only.py for tasks to queue
[2023-11-08T14:43:01.282+0000] {logging_mixin.py:154} INFO - [2023-11-08T14:43:01.282+0000] {dagbag.py:536} INFO - Filling up the DagBag from /home/airflow/.local/lib/python3.11/site-packages/airflow/example_dags/example_latest_only.py
[2023-11-08T14:43:01.286+0000] {processor.py:839} INFO - DAG(s) dict_keys(['latest_only']) retrieved from /home/airflow/.local/lib/python3.11/site-packages/airflow/example_dags/example_latest_only.py
[2023-11-08T14:43:01.301+0000] {logging_mixin.py:154} INFO - [2023-11-08T14:43:01.300+0000] {dag.py:2941} INFO - Sync 1 DAGs
[2023-11-08T14:43:01.318+0000] {logging_mixin.py:154} INFO - [2023-11-08T14:43:01.318+0000] {dag.py:3722} INFO - Setting next_dagrun for latest_only to 2023-11-08T10:43:01.318105+00:00, run_after=2023-11-08T14:43:01.318105+00:00
[2023-11-08T14:43:01.331+0000] {processor.py:179} INFO - Processing /home/airflow/.local/lib/python3.11/site-packages/airflow/example_dags/example_latest_only.py took 0.054 seconds
[2023-11-08T14:43:31.694+0000] {processor.py:157} INFO - Started process (PID=4095) to work on /home/airflow/.local/lib/python3.11/site-packages/airflow/example_dags/example_latest_only.py
[2023-11-08T14:43:31.694+0000] {processor.py:829} INFO - Processing file /home/airflow/.local/lib/python3.11/site-packages/airflow/example_dags/example_latest_only.py for tasks to queue
[2023-11-08T14:43:31.696+0000] {logging_mixin.py:154} INFO - [2023-11-08T14:43:31.696+0000] {dagbag.py:536} INFO - Filling up the DagBag from /home/airflow/.local/lib/python3.11/site-packages/airflow/example_dags/example_latest_only.py
[2023-11-08T14:43:31.699+0000] {processor.py:839} INFO - DAG(s) dict_keys(['latest_only']) retrieved from /home/airflow/.local/lib/python3.11/site-packages/airflow/example_dags/example_latest_only.py
[2023-11-08T14:43:31.716+0000] {logging_mixin.py:154} INFO - [2023-11-08T14:43:31.716+0000] {dag.py:2941} INFO - Sync 1 DAGs
[2023-11-08T14:43:31.735+0000] {logging_mixin.py:154} INFO - [2023-11-08T14:43:31.735+0000] {dag.py:3722} INFO - Setting next_dagrun for latest_only to 2023-11-08T10:43:31.735228+00:00, run_after=2023-11-08T14:43:31.735228+00:00
[2023-11-08T14:43:31.749+0000] {processor.py:179} INFO - Processing /home/airflow/.local/lib/python3.11/site-packages/airflow/example_dags/example_latest_only.py took 0.057 seconds
[2023-11-08T14:44:02.072+0000] {processor.py:157} INFO - Started process (PID=4171) to work on /home/airflow/.local/lib/python3.11/site-packages/airflow/example_dags/example_latest_only.py
[2023-11-08T14:44:02.073+0000] {processor.py:829} INFO - Processing file /home/airflow/.local/lib/python3.11/site-packages/airflow/example_dags/example_latest_only.py for tasks to queue
[2023-11-08T14:44:02.075+0000] {logging_mixin.py:154} INFO - [2023-11-08T14:44:02.075+0000] {dagbag.py:536} INFO - Filling up the DagBag from /home/airflow/.local/lib/python3.11/site-packages/airflow/example_dags/example_latest_only.py
[2023-11-08T14:44:02.078+0000] {processor.py:839} INFO - DAG(s) dict_keys(['latest_only']) retrieved from /home/airflow/.local/lib/python3.11/site-packages/airflow/example_dags/example_latest_only.py
[2023-11-08T14:44:02.093+0000] {logging_mixin.py:154} INFO - [2023-11-08T14:44:02.093+0000] {dag.py:2941} INFO - Sync 1 DAGs
[2023-11-08T14:44:02.110+0000] {logging_mixin.py:154} INFO - [2023-11-08T14:44:02.110+0000] {dag.py:3722} INFO - Setting next_dagrun for latest_only to 2023-11-08T10:44:02.110148+00:00, run_after=2023-11-08T14:44:02.110148+00:00
[2023-11-08T14:44:02.124+0000] {processor.py:179} INFO - Processing /home/airflow/.local/lib/python3.11/site-packages/airflow/example_dags/example_latest_only.py took 0.054 seconds
[2023-11-08T14:44:32.269+0000] {processor.py:157} INFO - Started process (PID=4247) to work on /home/airflow/.local/lib/python3.11/site-packages/airflow/example_dags/example_latest_only.py
[2023-11-08T14:44:32.270+0000] {processor.py:829} INFO - Processing file /home/airflow/.local/lib/python3.11/site-packages/airflow/example_dags/example_latest_only.py for tasks to queue
[2023-11-08T14:44:32.272+0000] {logging_mixin.py:154} INFO - [2023-11-08T14:44:32.271+0000] {dagbag.py:536} INFO - Filling up the DagBag from /home/airflow/.local/lib/python3.11/site-packages/airflow/example_dags/example_latest_only.py
[2023-11-08T14:44:32.276+0000] {processor.py:839} INFO - DAG(s) dict_keys(['latest_only']) retrieved from /home/airflow/.local/lib/python3.11/site-packages/airflow/example_dags/example_latest_only.py
[2023-11-08T14:44:32.293+0000] {logging_mixin.py:154} INFO - [2023-11-08T14:44:32.293+0000] {dag.py:2941} INFO - Sync 1 DAGs
[2023-11-08T14:44:32.315+0000] {logging_mixin.py:154} INFO - [2023-11-08T14:44:32.315+0000] {dag.py:3722} INFO - Setting next_dagrun for latest_only to 2023-11-08T10:44:32.315435+00:00, run_after=2023-11-08T14:44:32.315435+00:00
[2023-11-08T14:44:32.329+0000] {processor.py:179} INFO - Processing /home/airflow/.local/lib/python3.11/site-packages/airflow/example_dags/example_latest_only.py took 0.062 seconds
[2023-11-08T14:45:02.696+0000] {processor.py:157} INFO - Started process (PID=4323) to work on /home/airflow/.local/lib/python3.11/site-packages/airflow/example_dags/example_latest_only.py
[2023-11-08T14:45:02.697+0000] {processor.py:829} INFO - Processing file /home/airflow/.local/lib/python3.11/site-packages/airflow/example_dags/example_latest_only.py for tasks to queue
[2023-11-08T14:45:02.699+0000] {logging_mixin.py:154} INFO - [2023-11-08T14:45:02.699+0000] {dagbag.py:536} INFO - Filling up the DagBag from /home/airflow/.local/lib/python3.11/site-packages/airflow/example_dags/example_latest_only.py
[2023-11-08T14:45:02.703+0000] {processor.py:839} INFO - DAG(s) dict_keys(['latest_only']) retrieved from /home/airflow/.local/lib/python3.11/site-packages/airflow/example_dags/example_latest_only.py
[2023-11-08T14:45:02.719+0000] {logging_mixin.py:154} INFO - [2023-11-08T14:45:02.719+0000] {dag.py:2941} INFO - Sync 1 DAGs
[2023-11-08T14:45:02.736+0000] {logging_mixin.py:154} INFO - [2023-11-08T14:45:02.736+0000] {dag.py:3722} INFO - Setting next_dagrun for latest_only to 2023-11-08T10:45:02.736324+00:00, run_after=2023-11-08T14:45:02.736324+00:00
[2023-11-08T14:45:02.749+0000] {processor.py:179} INFO - Processing /home/airflow/.local/lib/python3.11/site-packages/airflow/example_dags/example_latest_only.py took 0.056 seconds
[2023-11-08T14:45:33.349+0000] {processor.py:157} INFO - Started process (PID=4400) to work on /home/airflow/.local/lib/python3.11/site-packages/airflow/example_dags/example_latest_only.py
[2023-11-08T14:45:33.350+0000] {processor.py:829} INFO - Processing file /home/airflow/.local/lib/python3.11/site-packages/airflow/example_dags/example_latest_only.py for tasks to queue
[2023-11-08T14:45:33.351+0000] {logging_mixin.py:154} INFO - [2023-11-08T14:45:33.351+0000] {dagbag.py:536} INFO - Filling up the DagBag from /home/airflow/.local/lib/python3.11/site-packages/airflow/example_dags/example_latest_only.py
[2023-11-08T14:45:33.354+0000] {processor.py:839} INFO - DAG(s) dict_keys(['latest_only']) retrieved from /home/airflow/.local/lib/python3.11/site-packages/airflow/example_dags/example_latest_only.py
[2023-11-08T14:45:33.370+0000] {logging_mixin.py:154} INFO - [2023-11-08T14:45:33.370+0000] {dag.py:2941} INFO - Sync 1 DAGs
[2023-11-08T14:45:33.387+0000] {logging_mixin.py:154} INFO - [2023-11-08T14:45:33.387+0000] {dag.py:3722} INFO - Setting next_dagrun for latest_only to 2023-11-08T10:45:33.386912+00:00, run_after=2023-11-08T14:45:33.386912+00:00
[2023-11-08T14:45:33.400+0000] {processor.py:179} INFO - Processing /home/airflow/.local/lib/python3.11/site-packages/airflow/example_dags/example_latest_only.py took 0.053 seconds
[2023-11-08T14:46:03.829+0000] {processor.py:157} INFO - Started process (PID=4476) to work on /home/airflow/.local/lib/python3.11/site-packages/airflow/example_dags/example_latest_only.py
[2023-11-08T14:46:03.830+0000] {processor.py:829} INFO - Processing file /home/airflow/.local/lib/python3.11/site-packages/airflow/example_dags/example_latest_only.py for tasks to queue
[2023-11-08T14:46:03.832+0000] {logging_mixin.py:154} INFO - [2023-11-08T14:46:03.832+0000] {dagbag.py:536} INFO - Filling up the DagBag from /home/airflow/.local/lib/python3.11/site-packages/airflow/example_dags/example_latest_only.py
[2023-11-08T14:46:03.835+0000] {processor.py:839} INFO - DAG(s) dict_keys(['latest_only']) retrieved from /home/airflow/.local/lib/python3.11/site-packages/airflow/example_dags/example_latest_only.py
[2023-11-08T14:46:03.851+0000] {logging_mixin.py:154} INFO - [2023-11-08T14:46:03.851+0000] {dag.py:2941} INFO - Sync 1 DAGs
[2023-11-08T14:46:03.868+0000] {logging_mixin.py:154} INFO - [2023-11-08T14:46:03.868+0000] {dag.py:3722} INFO - Setting next_dagrun for latest_only to 2023-11-08T10:46:03.867826+00:00, run_after=2023-11-08T14:46:03.867826+00:00
[2023-11-08T14:46:03.884+0000] {processor.py:179} INFO - Processing /home/airflow/.local/lib/python3.11/site-packages/airflow/example_dags/example_latest_only.py took 0.056 seconds
[2023-11-08T14:46:34.406+0000] {processor.py:157} INFO - Started process (PID=4552) to work on /home/airflow/.local/lib/python3.11/site-packages/airflow/example_dags/example_latest_only.py
[2023-11-08T14:46:34.406+0000] {processor.py:829} INFO - Processing file /home/airflow/.local/lib/python3.11/site-packages/airflow/example_dags/example_latest_only.py for tasks to queue
[2023-11-08T14:46:34.408+0000] {logging_mixin.py:154} INFO - [2023-11-08T14:46:34.408+0000] {dagbag.py:536} INFO - Filling up the DagBag from /home/airflow/.local/lib/python3.11/site-packages/airflow/example_dags/example_latest_only.py
[2023-11-08T14:46:34.411+0000] {processor.py:839} INFO - DAG(s) dict_keys(['latest_only']) retrieved from /home/airflow/.local/lib/python3.11/site-packages/airflow/example_dags/example_latest_only.py
[2023-11-08T14:46:34.428+0000] {logging_mixin.py:154} INFO - [2023-11-08T14:46:34.428+0000] {dag.py:2941} INFO - Sync 1 DAGs
[2023-11-08T14:46:34.446+0000] {logging_mixin.py:154} INFO - [2023-11-08T14:46:34.446+0000] {dag.py:3722} INFO - Setting next_dagrun for latest_only to 2023-11-08T10:46:34.446103+00:00, run_after=2023-11-08T14:46:34.446103+00:00
[2023-11-08T14:46:34.459+0000] {processor.py:179} INFO - Processing /home/airflow/.local/lib/python3.11/site-packages/airflow/example_dags/example_latest_only.py took 0.055 seconds
[2023-11-08T14:47:05.104+0000] {processor.py:157} INFO - Started process (PID=4628) to work on /home/airflow/.local/lib/python3.11/site-packages/airflow/example_dags/example_latest_only.py
[2023-11-08T14:47:05.105+0000] {processor.py:829} INFO - Processing file /home/airflow/.local/lib/python3.11/site-packages/airflow/example_dags/example_latest_only.py for tasks to queue
[2023-11-08T14:47:05.106+0000] {logging_mixin.py:154} INFO - [2023-11-08T14:47:05.106+0000] {dagbag.py:536} INFO - Filling up the DagBag from /home/airflow/.local/lib/python3.11/site-packages/airflow/example_dags/example_latest_only.py
[2023-11-08T14:47:05.109+0000] {processor.py:839} INFO - DAG(s) dict_keys(['latest_only']) retrieved from /home/airflow/.local/lib/python3.11/site-packages/airflow/example_dags/example_latest_only.py
[2023-11-08T14:47:05.125+0000] {logging_mixin.py:154} INFO - [2023-11-08T14:47:05.125+0000] {dag.py:2941} INFO - Sync 1 DAGs
[2023-11-08T14:47:05.307+0000] {logging_mixin.py:154} INFO - [2023-11-08T14:47:05.306+0000] {dag.py:3722} INFO - Setting next_dagrun for latest_only to 2023-11-08T10:47:05.306762+00:00, run_after=2023-11-08T14:47:05.306762+00:00
[2023-11-08T14:47:05.321+0000] {processor.py:179} INFO - Processing /home/airflow/.local/lib/python3.11/site-packages/airflow/example_dags/example_latest_only.py took 0.219 seconds
[2023-11-08T14:47:36.297+0000] {processor.py:157} INFO - Started process (PID=4704) to work on /home/airflow/.local/lib/python3.11/site-packages/airflow/example_dags/example_latest_only.py
[2023-11-08T14:47:36.297+0000] {processor.py:829} INFO - Processing file /home/airflow/.local/lib/python3.11/site-packages/airflow/example_dags/example_latest_only.py for tasks to queue
[2023-11-08T14:47:36.301+0000] {logging_mixin.py:154} INFO - [2023-11-08T14:47:36.301+0000] {dagbag.py:536} INFO - Filling up the DagBag from /home/airflow/.local/lib/python3.11/site-packages/airflow/example_dags/example_latest_only.py
[2023-11-08T14:47:36.309+0000] {processor.py:839} INFO - DAG(s) dict_keys(['latest_only']) retrieved from /home/airflow/.local/lib/python3.11/site-packages/airflow/example_dags/example_latest_only.py
[2023-11-08T14:47:36.342+0000] {logging_mixin.py:154} INFO - [2023-11-08T14:47:36.341+0000] {dag.py:2941} INFO - Sync 1 DAGs
[2023-11-08T14:47:36.677+0000] {logging_mixin.py:154} INFO - [2023-11-08T14:47:36.677+0000] {dag.py:3722} INFO - Setting next_dagrun for latest_only to 2023-11-08T10:47:36.676767+00:00, run_after=2023-11-08T14:47:36.676767+00:00
[2023-11-08T14:47:36.702+0000] {processor.py:179} INFO - Processing /home/airflow/.local/lib/python3.11/site-packages/airflow/example_dags/example_latest_only.py took 0.409 seconds
[2023-11-08T14:48:07.180+0000] {processor.py:157} INFO - Started process (PID=4780) to work on /home/airflow/.local/lib/python3.11/site-packages/airflow/example_dags/example_latest_only.py
[2023-11-08T14:48:07.180+0000] {processor.py:829} INFO - Processing file /home/airflow/.local/lib/python3.11/site-packages/airflow/example_dags/example_latest_only.py for tasks to queue
[2023-11-08T14:48:07.182+0000] {logging_mixin.py:154} INFO - [2023-11-08T14:48:07.182+0000] {dagbag.py:536} INFO - Filling up the DagBag from /home/airflow/.local/lib/python3.11/site-packages/airflow/example_dags/example_latest_only.py
[2023-11-08T14:48:07.185+0000] {processor.py:839} INFO - DAG(s) dict_keys(['latest_only']) retrieved from /home/airflow/.local/lib/python3.11/site-packages/airflow/example_dags/example_latest_only.py
[2023-11-08T14:48:07.201+0000] {logging_mixin.py:154} INFO - [2023-11-08T14:48:07.201+0000] {dag.py:2941} INFO - Sync 1 DAGs
[2023-11-08T14:48:07.217+0000] {logging_mixin.py:154} INFO - [2023-11-08T14:48:07.217+0000] {dag.py:3722} INFO - Setting next_dagrun for latest_only to 2023-11-08T10:48:07.217381+00:00, run_after=2023-11-08T14:48:07.217381+00:00
[2023-11-08T14:48:07.230+0000] {processor.py:179} INFO - Processing /home/airflow/.local/lib/python3.11/site-packages/airflow/example_dags/example_latest_only.py took 0.053 seconds
[2023-11-08T14:48:38.321+0000] {processor.py:157} INFO - Started process (PID=4864) to work on /home/airflow/.local/lib/python3.11/site-packages/airflow/example_dags/example_latest_only.py
[2023-11-08T14:48:38.321+0000] {processor.py:829} INFO - Processing file /home/airflow/.local/lib/python3.11/site-packages/airflow/example_dags/example_latest_only.py for tasks to queue
[2023-11-08T14:48:38.323+0000] {logging_mixin.py:154} INFO - [2023-11-08T14:48:38.323+0000] {dagbag.py:536} INFO - Filling up the DagBag from /home/airflow/.local/lib/python3.11/site-packages/airflow/example_dags/example_latest_only.py
[2023-11-08T14:48:38.328+0000] {processor.py:839} INFO - DAG(s) dict_keys(['latest_only']) retrieved from /home/airflow/.local/lib/python3.11/site-packages/airflow/example_dags/example_latest_only.py
[2023-11-08T14:48:38.345+0000] {logging_mixin.py:154} INFO - [2023-11-08T14:48:38.345+0000] {dag.py:2941} INFO - Sync 1 DAGs
[2023-11-08T14:48:38.364+0000] {logging_mixin.py:154} INFO - [2023-11-08T14:48:38.364+0000] {dag.py:3722} INFO - Setting next_dagrun for latest_only to 2023-11-08T10:48:38.364166+00:00, run_after=2023-11-08T14:48:38.364166+00:00
[2023-11-08T14:48:38.380+0000] {processor.py:179} INFO - Processing /home/airflow/.local/lib/python3.11/site-packages/airflow/example_dags/example_latest_only.py took 0.061 seconds
[2023-11-08T14:49:09.801+0000] {processor.py:157} INFO - Started process (PID=4940) to work on /home/airflow/.local/lib/python3.11/site-packages/airflow/example_dags/example_latest_only.py
[2023-11-08T14:49:09.803+0000] {processor.py:829} INFO - Processing file /home/airflow/.local/lib/python3.11/site-packages/airflow/example_dags/example_latest_only.py for tasks to queue
[2023-11-08T14:49:09.805+0000] {logging_mixin.py:154} INFO - [2023-11-08T14:49:09.805+0000] {dagbag.py:536} INFO - Filling up the DagBag from /home/airflow/.local/lib/python3.11/site-packages/airflow/example_dags/example_latest_only.py
[2023-11-08T14:49:09.812+0000] {processor.py:839} INFO - DAG(s) dict_keys(['latest_only']) retrieved from /home/airflow/.local/lib/python3.11/site-packages/airflow/example_dags/example_latest_only.py
[2023-11-08T14:49:09.838+0000] {logging_mixin.py:154} INFO - [2023-11-08T14:49:09.838+0000] {dag.py:2941} INFO - Sync 1 DAGs
[2023-11-08T14:49:10.176+0000] {logging_mixin.py:154} INFO - [2023-11-08T14:49:10.175+0000] {dag.py:3722} INFO - Setting next_dagrun for latest_only to 2023-11-08T10:49:10.174919+00:00, run_after=2023-11-08T14:49:10.174919+00:00
[2023-11-08T14:49:10.211+0000] {processor.py:179} INFO - Processing /home/airflow/.local/lib/python3.11/site-packages/airflow/example_dags/example_latest_only.py took 0.412 seconds
[2023-11-08T14:49:40.968+0000] {processor.py:157} INFO - Started process (PID=5016) to work on /home/airflow/.local/lib/python3.11/site-packages/airflow/example_dags/example_latest_only.py
[2023-11-08T14:49:40.969+0000] {processor.py:829} INFO - Processing file /home/airflow/.local/lib/python3.11/site-packages/airflow/example_dags/example_latest_only.py for tasks to queue
[2023-11-08T14:49:40.970+0000] {logging_mixin.py:154} INFO - [2023-11-08T14:49:40.970+0000] {dagbag.py:536} INFO - Filling up the DagBag from /home/airflow/.local/lib/python3.11/site-packages/airflow/example_dags/example_latest_only.py
[2023-11-08T14:49:40.975+0000] {processor.py:839} INFO - DAG(s) dict_keys(['latest_only']) retrieved from /home/airflow/.local/lib/python3.11/site-packages/airflow/example_dags/example_latest_only.py
[2023-11-08T14:49:40.992+0000] {logging_mixin.py:154} INFO - [2023-11-08T14:49:40.992+0000] {dag.py:2941} INFO - Sync 1 DAGs
[2023-11-08T14:49:41.010+0000] {logging_mixin.py:154} INFO - [2023-11-08T14:49:41.010+0000] {dag.py:3722} INFO - Setting next_dagrun for latest_only to 2023-11-08T10:49:41.010358+00:00, run_after=2023-11-08T14:49:41.010358+00:00
[2023-11-08T14:49:41.025+0000] {processor.py:179} INFO - Processing /home/airflow/.local/lib/python3.11/site-packages/airflow/example_dags/example_latest_only.py took 0.060 seconds
[2023-11-08T14:50:11.176+0000] {processor.py:157} INFO - Started process (PID=5092) to work on /home/airflow/.local/lib/python3.11/site-packages/airflow/example_dags/example_latest_only.py
[2023-11-08T14:50:11.177+0000] {processor.py:829} INFO - Processing file /home/airflow/.local/lib/python3.11/site-packages/airflow/example_dags/example_latest_only.py for tasks to queue
[2023-11-08T14:50:11.178+0000] {logging_mixin.py:154} INFO - [2023-11-08T14:50:11.178+0000] {dagbag.py:536} INFO - Filling up the DagBag from /home/airflow/.local/lib/python3.11/site-packages/airflow/example_dags/example_latest_only.py
[2023-11-08T14:50:11.182+0000] {processor.py:839} INFO - DAG(s) dict_keys(['latest_only']) retrieved from /home/airflow/.local/lib/python3.11/site-packages/airflow/example_dags/example_latest_only.py
[2023-11-08T14:50:11.198+0000] {logging_mixin.py:154} INFO - [2023-11-08T14:50:11.198+0000] {dag.py:2941} INFO - Sync 1 DAGs
[2023-11-08T14:50:11.214+0000] {logging_mixin.py:154} INFO - [2023-11-08T14:50:11.214+0000] {dag.py:3722} INFO - Setting next_dagrun for latest_only to 2023-11-08T10:50:11.214401+00:00, run_after=2023-11-08T14:50:11.214401+00:00
[2023-11-08T14:50:11.228+0000] {processor.py:179} INFO - Processing /home/airflow/.local/lib/python3.11/site-packages/airflow/example_dags/example_latest_only.py took 0.055 seconds
[2023-11-08T14:50:41.476+0000] {processor.py:157} INFO - Started process (PID=5168) to work on /home/airflow/.local/lib/python3.11/site-packages/airflow/example_dags/example_latest_only.py
[2023-11-08T14:50:41.477+0000] {processor.py:829} INFO - Processing file /home/airflow/.local/lib/python3.11/site-packages/airflow/example_dags/example_latest_only.py for tasks to queue
[2023-11-08T14:50:41.479+0000] {logging_mixin.py:154} INFO - [2023-11-08T14:50:41.479+0000] {dagbag.py:536} INFO - Filling up the DagBag from /home/airflow/.local/lib/python3.11/site-packages/airflow/example_dags/example_latest_only.py
[2023-11-08T14:50:41.482+0000] {processor.py:839} INFO - DAG(s) dict_keys(['latest_only']) retrieved from /home/airflow/.local/lib/python3.11/site-packages/airflow/example_dags/example_latest_only.py
[2023-11-08T14:50:41.497+0000] {logging_mixin.py:154} INFO - [2023-11-08T14:50:41.497+0000] {dag.py:2941} INFO - Sync 1 DAGs
[2023-11-08T14:50:41.513+0000] {logging_mixin.py:154} INFO - [2023-11-08T14:50:41.513+0000] {dag.py:3722} INFO - Setting next_dagrun for latest_only to 2023-11-08T10:50:41.513513+00:00, run_after=2023-11-08T14:50:41.513513+00:00
[2023-11-08T14:50:41.525+0000] {processor.py:179} INFO - Processing /home/airflow/.local/lib/python3.11/site-packages/airflow/example_dags/example_latest_only.py took 0.051 seconds
[2023-11-08T14:51:11.757+0000] {processor.py:157} INFO - Started process (PID=5244) to work on /home/airflow/.local/lib/python3.11/site-packages/airflow/example_dags/example_latest_only.py
[2023-11-08T14:51:11.758+0000] {processor.py:829} INFO - Processing file /home/airflow/.local/lib/python3.11/site-packages/airflow/example_dags/example_latest_only.py for tasks to queue
[2023-11-08T14:51:11.759+0000] {logging_mixin.py:154} INFO - [2023-11-08T14:51:11.759+0000] {dagbag.py:536} INFO - Filling up the DagBag from /home/airflow/.local/lib/python3.11/site-packages/airflow/example_dags/example_latest_only.py
[2023-11-08T14:51:11.762+0000] {processor.py:839} INFO - DAG(s) dict_keys(['latest_only']) retrieved from /home/airflow/.local/lib/python3.11/site-packages/airflow/example_dags/example_latest_only.py
[2023-11-08T14:51:11.778+0000] {logging_mixin.py:154} INFO - [2023-11-08T14:51:11.778+0000] {dag.py:2941} INFO - Sync 1 DAGs
[2023-11-08T14:51:11.794+0000] {logging_mixin.py:154} INFO - [2023-11-08T14:51:11.794+0000] {dag.py:3722} INFO - Setting next_dagrun for latest_only to 2023-11-08T10:51:11.794306+00:00, run_after=2023-11-08T14:51:11.794306+00:00
[2023-11-08T14:51:11.807+0000] {processor.py:179} INFO - Processing /home/airflow/.local/lib/python3.11/site-packages/airflow/example_dags/example_latest_only.py took 0.052 seconds
[2023-11-08T14:51:42.600+0000] {processor.py:157} INFO - Started process (PID=5320) to work on /home/airflow/.local/lib/python3.11/site-packages/airflow/example_dags/example_latest_only.py
[2023-11-08T14:51:42.601+0000] {processor.py:829} INFO - Processing file /home/airflow/.local/lib/python3.11/site-packages/airflow/example_dags/example_latest_only.py for tasks to queue
[2023-11-08T14:51:42.607+0000] {logging_mixin.py:154} INFO - [2023-11-08T14:51:42.606+0000] {dagbag.py:536} INFO - Filling up the DagBag from /home/airflow/.local/lib/python3.11/site-packages/airflow/example_dags/example_latest_only.py
[2023-11-08T14:51:42.618+0000] {processor.py:839} INFO - DAG(s) dict_keys(['latest_only']) retrieved from /home/airflow/.local/lib/python3.11/site-packages/airflow/example_dags/example_latest_only.py
[2023-11-08T14:51:42.656+0000] {logging_mixin.py:154} INFO - [2023-11-08T14:51:42.655+0000] {dag.py:2941} INFO - Sync 1 DAGs
[2023-11-08T14:51:42.685+0000] {logging_mixin.py:154} INFO - [2023-11-08T14:51:42.684+0000] {dag.py:3722} INFO - Setting next_dagrun for latest_only to 2023-11-08T10:51:42.684550+00:00, run_after=2023-11-08T14:51:42.684550+00:00
[2023-11-08T14:51:42.709+0000] {processor.py:179} INFO - Processing /home/airflow/.local/lib/python3.11/site-packages/airflow/example_dags/example_latest_only.py took 0.116 seconds
[2023-11-08T14:52:13.454+0000] {processor.py:157} INFO - Started process (PID=5396) to work on /home/airflow/.local/lib/python3.11/site-packages/airflow/example_dags/example_latest_only.py
[2023-11-08T14:52:13.455+0000] {processor.py:829} INFO - Processing file /home/airflow/.local/lib/python3.11/site-packages/airflow/example_dags/example_latest_only.py for tasks to queue
[2023-11-08T14:52:13.456+0000] {logging_mixin.py:154} INFO - [2023-11-08T14:52:13.456+0000] {dagbag.py:536} INFO - Filling up the DagBag from /home/airflow/.local/lib/python3.11/site-packages/airflow/example_dags/example_latest_only.py
[2023-11-08T14:52:13.461+0000] {processor.py:839} INFO - DAG(s) dict_keys(['latest_only']) retrieved from /home/airflow/.local/lib/python3.11/site-packages/airflow/example_dags/example_latest_only.py
[2023-11-08T14:52:13.480+0000] {logging_mixin.py:154} INFO - [2023-11-08T14:52:13.480+0000] {dag.py:2941} INFO - Sync 1 DAGs
[2023-11-08T14:52:13.499+0000] {logging_mixin.py:154} INFO - [2023-11-08T14:52:13.499+0000] {dag.py:3722} INFO - Setting next_dagrun for latest_only to 2023-11-08T10:52:13.499214+00:00, run_after=2023-11-08T14:52:13.499214+00:00
[2023-11-08T14:52:13.515+0000] {processor.py:179} INFO - Processing /home/airflow/.local/lib/python3.11/site-packages/airflow/example_dags/example_latest_only.py took 0.064 seconds
