[2023-11-08T14:16:25.753+0000] {processor.py:157} INFO - Started process (PID=97) to work on /home/airflow/.local/lib/python3.11/site-packages/airflow/example_dags/example_dag_decorator.py
[2023-11-08T14:16:25.757+0000] {processor.py:829} INFO - Processing file /home/airflow/.local/lib/python3.11/site-packages/airflow/example_dags/example_dag_decorator.py for tasks to queue
[2023-11-08T14:16:25.764+0000] {logging_mixin.py:154} INFO - [2023-11-08T14:16:25.763+0000] {dagbag.py:536} INFO - Filling up the DagBag from /home/airflow/.local/lib/python3.11/site-packages/airflow/example_dags/example_dag_decorator.py
[2023-11-08T14:16:26.477+0000] {processor.py:839} INFO - DAG(s) dict_keys(['example_dag_decorator']) retrieved from /home/airflow/.local/lib/python3.11/site-packages/airflow/example_dags/example_dag_decorator.py
[2023-11-08T14:16:26.853+0000] {logging_mixin.py:154} INFO - [2023-11-08T14:16:26.853+0000] {manager.py:499} INFO - Created Permission View: %s
[2023-11-08T14:16:26.885+0000] {logging_mixin.py:154} INFO - [2023-11-08T14:16:26.883+0000] {manager.py:499} INFO - Created Permission View: %s
[2023-11-08T14:16:26.915+0000] {logging_mixin.py:154} INFO - [2023-11-08T14:16:26.915+0000] {manager.py:499} INFO - Created Permission View: %s
[2023-11-08T14:16:26.917+0000] {logging_mixin.py:154} INFO - [2023-11-08T14:16:26.916+0000] {dag.py:2941} INFO - Sync 1 DAGs
[2023-11-08T14:16:26.958+0000] {logging_mixin.py:154} INFO - [2023-11-08T14:16:26.958+0000] {dag.py:2963} INFO - Creating ORM DAG for example_dag_decorator
[2023-11-08T14:16:26.961+0000] {logging_mixin.py:154} INFO - [2023-11-08T14:16:26.961+0000] {dag.py:3722} INFO - Setting next_dagrun for example_dag_decorator to None, run_after=None
[2023-11-08T14:16:27.009+0000] {processor.py:179} INFO - Processing /home/airflow/.local/lib/python3.11/site-packages/airflow/example_dags/example_dag_decorator.py took 1.262 seconds
[2023-11-08T14:16:57.912+0000] {processor.py:157} INFO - Started process (PID=174) to work on /home/airflow/.local/lib/python3.11/site-packages/airflow/example_dags/example_dag_decorator.py
[2023-11-08T14:16:57.914+0000] {processor.py:829} INFO - Processing file /home/airflow/.local/lib/python3.11/site-packages/airflow/example_dags/example_dag_decorator.py for tasks to queue
[2023-11-08T14:16:57.917+0000] {logging_mixin.py:154} INFO - [2023-11-08T14:16:57.916+0000] {dagbag.py:536} INFO - Filling up the DagBag from /home/airflow/.local/lib/python3.11/site-packages/airflow/example_dags/example_dag_decorator.py
[2023-11-08T14:16:58.057+0000] {processor.py:839} INFO - DAG(s) dict_keys(['example_dag_decorator']) retrieved from /home/airflow/.local/lib/python3.11/site-packages/airflow/example_dags/example_dag_decorator.py
[2023-11-08T14:16:58.239+0000] {logging_mixin.py:154} INFO - [2023-11-08T14:16:58.239+0000] {dag.py:2941} INFO - Sync 1 DAGs
[2023-11-08T14:16:58.258+0000] {logging_mixin.py:154} INFO - [2023-11-08T14:16:58.258+0000] {dag.py:3722} INFO - Setting next_dagrun for example_dag_decorator to None, run_after=None
[2023-11-08T14:16:58.294+0000] {processor.py:179} INFO - Processing /home/airflow/.local/lib/python3.11/site-packages/airflow/example_dags/example_dag_decorator.py took 0.385 seconds
[2023-11-08T14:17:29.087+0000] {processor.py:157} INFO - Started process (PID=251) to work on /home/airflow/.local/lib/python3.11/site-packages/airflow/example_dags/example_dag_decorator.py
[2023-11-08T14:17:29.088+0000] {processor.py:829} INFO - Processing file /home/airflow/.local/lib/python3.11/site-packages/airflow/example_dags/example_dag_decorator.py for tasks to queue
[2023-11-08T14:17:29.100+0000] {logging_mixin.py:154} INFO - [2023-11-08T14:17:29.098+0000] {dagbag.py:536} INFO - Filling up the DagBag from /home/airflow/.local/lib/python3.11/site-packages/airflow/example_dags/example_dag_decorator.py
[2023-11-08T14:17:29.297+0000] {processor.py:839} INFO - DAG(s) dict_keys(['example_dag_decorator']) retrieved from /home/airflow/.local/lib/python3.11/site-packages/airflow/example_dags/example_dag_decorator.py
[2023-11-08T14:17:29.351+0000] {logging_mixin.py:154} INFO - [2023-11-08T14:17:29.351+0000] {dag.py:2941} INFO - Sync 1 DAGs
[2023-11-08T14:17:29.400+0000] {logging_mixin.py:154} INFO - [2023-11-08T14:17:29.399+0000] {dag.py:3722} INFO - Setting next_dagrun for example_dag_decorator to None, run_after=None
[2023-11-08T14:17:29.460+0000] {processor.py:179} INFO - Processing /home/airflow/.local/lib/python3.11/site-packages/airflow/example_dags/example_dag_decorator.py took 0.379 seconds
[2023-11-08T14:17:59.691+0000] {processor.py:157} INFO - Started process (PID=328) to work on /home/airflow/.local/lib/python3.11/site-packages/airflow/example_dags/example_dag_decorator.py
[2023-11-08T14:17:59.692+0000] {processor.py:829} INFO - Processing file /home/airflow/.local/lib/python3.11/site-packages/airflow/example_dags/example_dag_decorator.py for tasks to queue
[2023-11-08T14:17:59.697+0000] {logging_mixin.py:154} INFO - [2023-11-08T14:17:59.697+0000] {dagbag.py:536} INFO - Filling up the DagBag from /home/airflow/.local/lib/python3.11/site-packages/airflow/example_dags/example_dag_decorator.py
[2023-11-08T14:17:59.811+0000] {processor.py:839} INFO - DAG(s) dict_keys(['example_dag_decorator']) retrieved from /home/airflow/.local/lib/python3.11/site-packages/airflow/example_dags/example_dag_decorator.py
[2023-11-08T14:18:00.084+0000] {logging_mixin.py:154} INFO - [2023-11-08T14:18:00.084+0000] {dag.py:2941} INFO - Sync 1 DAGs
[2023-11-08T14:18:00.107+0000] {logging_mixin.py:154} INFO - [2023-11-08T14:18:00.106+0000] {dag.py:3722} INFO - Setting next_dagrun for example_dag_decorator to None, run_after=None
[2023-11-08T14:18:00.143+0000] {processor.py:179} INFO - Processing /home/airflow/.local/lib/python3.11/site-packages/airflow/example_dags/example_dag_decorator.py took 0.456 seconds
[2023-11-08T14:18:30.225+0000] {processor.py:157} INFO - Started process (PID=403) to work on /home/airflow/.local/lib/python3.11/site-packages/airflow/example_dags/example_dag_decorator.py
[2023-11-08T14:18:30.236+0000] {processor.py:829} INFO - Processing file /home/airflow/.local/lib/python3.11/site-packages/airflow/example_dags/example_dag_decorator.py for tasks to queue
[2023-11-08T14:18:30.240+0000] {logging_mixin.py:154} INFO - [2023-11-08T14:18:30.239+0000] {dagbag.py:536} INFO - Filling up the DagBag from /home/airflow/.local/lib/python3.11/site-packages/airflow/example_dags/example_dag_decorator.py
[2023-11-08T14:18:30.755+0000] {processor.py:839} INFO - DAG(s) dict_keys(['example_dag_decorator']) retrieved from /home/airflow/.local/lib/python3.11/site-packages/airflow/example_dags/example_dag_decorator.py
[2023-11-08T14:18:31.275+0000] {logging_mixin.py:154} INFO - [2023-11-08T14:18:31.274+0000] {dag.py:2941} INFO - Sync 1 DAGs
[2023-11-08T14:18:31.327+0000] {logging_mixin.py:154} INFO - [2023-11-08T14:18:31.327+0000] {dag.py:3722} INFO - Setting next_dagrun for example_dag_decorator to None, run_after=None
[2023-11-08T14:18:31.403+0000] {processor.py:179} INFO - Processing /home/airflow/.local/lib/python3.11/site-packages/airflow/example_dags/example_dag_decorator.py took 1.183 seconds
[2023-11-08T14:19:02.047+0000] {processor.py:157} INFO - Started process (PID=480) to work on /home/airflow/.local/lib/python3.11/site-packages/airflow/example_dags/example_dag_decorator.py
[2023-11-08T14:19:02.048+0000] {processor.py:829} INFO - Processing file /home/airflow/.local/lib/python3.11/site-packages/airflow/example_dags/example_dag_decorator.py for tasks to queue
[2023-11-08T14:19:02.052+0000] {logging_mixin.py:154} INFO - [2023-11-08T14:19:02.051+0000] {dagbag.py:536} INFO - Filling up the DagBag from /home/airflow/.local/lib/python3.11/site-packages/airflow/example_dags/example_dag_decorator.py
[2023-11-08T14:19:08.619+0000] {processor.py:839} INFO - DAG(s) dict_keys(['example_dag_decorator']) retrieved from /home/airflow/.local/lib/python3.11/site-packages/airflow/example_dags/example_dag_decorator.py
[2023-11-08T14:19:12.111+0000] {logging_mixin.py:154} INFO - [2023-11-08T14:19:12.093+0000] {dag.py:2941} INFO - Sync 1 DAGs
[2023-11-08T14:19:12.506+0000] {logging_mixin.py:154} INFO - [2023-11-08T14:19:12.506+0000] {dag.py:3722} INFO - Setting next_dagrun for example_dag_decorator to None, run_after=None
[2023-11-08T14:19:12.988+0000] {processor.py:179} INFO - Processing /home/airflow/.local/lib/python3.11/site-packages/airflow/example_dags/example_dag_decorator.py took 10.945 seconds
[2023-11-08T14:19:43.570+0000] {processor.py:157} INFO - Started process (PID=558) to work on /home/airflow/.local/lib/python3.11/site-packages/airflow/example_dags/example_dag_decorator.py
[2023-11-08T14:19:43.573+0000] {processor.py:829} INFO - Processing file /home/airflow/.local/lib/python3.11/site-packages/airflow/example_dags/example_dag_decorator.py for tasks to queue
[2023-11-08T14:19:43.612+0000] {logging_mixin.py:154} INFO - [2023-11-08T14:19:43.609+0000] {dagbag.py:536} INFO - Filling up the DagBag from /home/airflow/.local/lib/python3.11/site-packages/airflow/example_dags/example_dag_decorator.py
[2023-11-08T14:19:44.184+0000] {processor.py:839} INFO - DAG(s) dict_keys(['example_dag_decorator']) retrieved from /home/airflow/.local/lib/python3.11/site-packages/airflow/example_dags/example_dag_decorator.py
[2023-11-08T14:19:44.796+0000] {logging_mixin.py:154} INFO - [2023-11-08T14:19:44.795+0000] {dag.py:2941} INFO - Sync 1 DAGs
[2023-11-08T14:19:44.868+0000] {logging_mixin.py:154} INFO - [2023-11-08T14:19:44.868+0000] {dag.py:3722} INFO - Setting next_dagrun for example_dag_decorator to None, run_after=None
[2023-11-08T14:19:44.976+0000] {processor.py:179} INFO - Processing /home/airflow/.local/lib/python3.11/site-packages/airflow/example_dags/example_dag_decorator.py took 1.443 seconds
[2023-11-08T14:20:15.768+0000] {processor.py:157} INFO - Started process (PID=636) to work on /home/airflow/.local/lib/python3.11/site-packages/airflow/example_dags/example_dag_decorator.py
[2023-11-08T14:20:15.770+0000] {processor.py:829} INFO - Processing file /home/airflow/.local/lib/python3.11/site-packages/airflow/example_dags/example_dag_decorator.py for tasks to queue
[2023-11-08T14:20:15.775+0000] {logging_mixin.py:154} INFO - [2023-11-08T14:20:15.774+0000] {dagbag.py:536} INFO - Filling up the DagBag from /home/airflow/.local/lib/python3.11/site-packages/airflow/example_dags/example_dag_decorator.py
[2023-11-08T14:20:15.914+0000] {processor.py:839} INFO - DAG(s) dict_keys(['example_dag_decorator']) retrieved from /home/airflow/.local/lib/python3.11/site-packages/airflow/example_dags/example_dag_decorator.py
[2023-11-08T14:20:16.113+0000] {logging_mixin.py:154} INFO - [2023-11-08T14:20:16.113+0000] {dag.py:2941} INFO - Sync 1 DAGs
[2023-11-08T14:20:16.135+0000] {logging_mixin.py:154} INFO - [2023-11-08T14:20:16.135+0000] {dag.py:3722} INFO - Setting next_dagrun for example_dag_decorator to None, run_after=None
[2023-11-08T14:20:16.169+0000] {processor.py:179} INFO - Processing /home/airflow/.local/lib/python3.11/site-packages/airflow/example_dags/example_dag_decorator.py took 0.408 seconds
[2023-11-08T14:20:46.562+0000] {processor.py:157} INFO - Started process (PID=712) to work on /home/airflow/.local/lib/python3.11/site-packages/airflow/example_dags/example_dag_decorator.py
[2023-11-08T14:20:46.566+0000] {processor.py:829} INFO - Processing file /home/airflow/.local/lib/python3.11/site-packages/airflow/example_dags/example_dag_decorator.py for tasks to queue
[2023-11-08T14:20:46.569+0000] {logging_mixin.py:154} INFO - [2023-11-08T14:20:46.569+0000] {dagbag.py:536} INFO - Filling up the DagBag from /home/airflow/.local/lib/python3.11/site-packages/airflow/example_dags/example_dag_decorator.py
[2023-11-08T14:20:46.807+0000] {processor.py:839} INFO - DAG(s) dict_keys(['example_dag_decorator']) retrieved from /home/airflow/.local/lib/python3.11/site-packages/airflow/example_dags/example_dag_decorator.py
[2023-11-08T14:20:47.227+0000] {logging_mixin.py:154} INFO - [2023-11-08T14:20:47.226+0000] {dag.py:2941} INFO - Sync 1 DAGs
[2023-11-08T14:20:47.264+0000] {logging_mixin.py:154} INFO - [2023-11-08T14:20:47.263+0000] {dag.py:3722} INFO - Setting next_dagrun for example_dag_decorator to None, run_after=None
[2023-11-08T14:20:47.323+0000] {processor.py:179} INFO - Processing /home/airflow/.local/lib/python3.11/site-packages/airflow/example_dags/example_dag_decorator.py took 0.772 seconds
[2023-11-08T14:21:17.557+0000] {processor.py:157} INFO - Started process (PID=790) to work on /home/airflow/.local/lib/python3.11/site-packages/airflow/example_dags/example_dag_decorator.py
[2023-11-08T14:21:17.559+0000] {processor.py:829} INFO - Processing file /home/airflow/.local/lib/python3.11/site-packages/airflow/example_dags/example_dag_decorator.py for tasks to queue
[2023-11-08T14:21:17.565+0000] {logging_mixin.py:154} INFO - [2023-11-08T14:21:17.564+0000] {dagbag.py:536} INFO - Filling up the DagBag from /home/airflow/.local/lib/python3.11/site-packages/airflow/example_dags/example_dag_decorator.py
[2023-11-08T14:21:17.794+0000] {processor.py:839} INFO - DAG(s) dict_keys(['example_dag_decorator']) retrieved from /home/airflow/.local/lib/python3.11/site-packages/airflow/example_dags/example_dag_decorator.py
[2023-11-08T14:21:18.118+0000] {logging_mixin.py:154} INFO - [2023-11-08T14:21:18.117+0000] {dag.py:2941} INFO - Sync 1 DAGs
[2023-11-08T14:21:18.151+0000] {logging_mixin.py:154} INFO - [2023-11-08T14:21:18.150+0000] {dag.py:3722} INFO - Setting next_dagrun for example_dag_decorator to None, run_after=None
[2023-11-08T14:21:18.208+0000] {processor.py:179} INFO - Processing /home/airflow/.local/lib/python3.11/site-packages/airflow/example_dags/example_dag_decorator.py took 0.657 seconds
[2023-11-08T14:21:48.340+0000] {processor.py:157} INFO - Started process (PID=868) to work on /home/airflow/.local/lib/python3.11/site-packages/airflow/example_dags/example_dag_decorator.py
[2023-11-08T14:21:48.341+0000] {processor.py:829} INFO - Processing file /home/airflow/.local/lib/python3.11/site-packages/airflow/example_dags/example_dag_decorator.py for tasks to queue
[2023-11-08T14:21:48.344+0000] {logging_mixin.py:154} INFO - [2023-11-08T14:21:48.343+0000] {dagbag.py:536} INFO - Filling up the DagBag from /home/airflow/.local/lib/python3.11/site-packages/airflow/example_dags/example_dag_decorator.py
[2023-11-08T14:21:48.534+0000] {processor.py:839} INFO - DAG(s) dict_keys(['example_dag_decorator']) retrieved from /home/airflow/.local/lib/python3.11/site-packages/airflow/example_dags/example_dag_decorator.py
[2023-11-08T14:21:48.728+0000] {logging_mixin.py:154} INFO - [2023-11-08T14:21:48.728+0000] {dag.py:2941} INFO - Sync 1 DAGs
[2023-11-08T14:21:48.747+0000] {logging_mixin.py:154} INFO - [2023-11-08T14:21:48.746+0000] {dag.py:3722} INFO - Setting next_dagrun for example_dag_decorator to None, run_after=None
[2023-11-08T14:21:48.781+0000] {processor.py:179} INFO - Processing /home/airflow/.local/lib/python3.11/site-packages/airflow/example_dags/example_dag_decorator.py took 0.446 seconds
[2023-11-08T14:22:19.578+0000] {processor.py:157} INFO - Started process (PID=944) to work on /home/airflow/.local/lib/python3.11/site-packages/airflow/example_dags/example_dag_decorator.py
[2023-11-08T14:22:19.580+0000] {processor.py:829} INFO - Processing file /home/airflow/.local/lib/python3.11/site-packages/airflow/example_dags/example_dag_decorator.py for tasks to queue
[2023-11-08T14:22:19.584+0000] {logging_mixin.py:154} INFO - [2023-11-08T14:22:19.584+0000] {dagbag.py:536} INFO - Filling up the DagBag from /home/airflow/.local/lib/python3.11/site-packages/airflow/example_dags/example_dag_decorator.py
[2023-11-08T14:22:19.743+0000] {processor.py:839} INFO - DAG(s) dict_keys(['example_dag_decorator']) retrieved from /home/airflow/.local/lib/python3.11/site-packages/airflow/example_dags/example_dag_decorator.py
[2023-11-08T14:22:19.929+0000] {logging_mixin.py:154} INFO - [2023-11-08T14:22:19.929+0000] {dag.py:2941} INFO - Sync 1 DAGs
[2023-11-08T14:22:19.952+0000] {logging_mixin.py:154} INFO - [2023-11-08T14:22:19.952+0000] {dag.py:3722} INFO - Setting next_dagrun for example_dag_decorator to None, run_after=None
[2023-11-08T14:22:19.991+0000] {processor.py:179} INFO - Processing /home/airflow/.local/lib/python3.11/site-packages/airflow/example_dags/example_dag_decorator.py took 0.421 seconds
[2023-11-08T14:22:50.072+0000] {processor.py:157} INFO - Started process (PID=1021) to work on /home/airflow/.local/lib/python3.11/site-packages/airflow/example_dags/example_dag_decorator.py
[2023-11-08T14:22:50.073+0000] {processor.py:829} INFO - Processing file /home/airflow/.local/lib/python3.11/site-packages/airflow/example_dags/example_dag_decorator.py for tasks to queue
[2023-11-08T14:22:50.076+0000] {logging_mixin.py:154} INFO - [2023-11-08T14:22:50.075+0000] {dagbag.py:536} INFO - Filling up the DagBag from /home/airflow/.local/lib/python3.11/site-packages/airflow/example_dags/example_dag_decorator.py
[2023-11-08T14:22:50.206+0000] {processor.py:839} INFO - DAG(s) dict_keys(['example_dag_decorator']) retrieved from /home/airflow/.local/lib/python3.11/site-packages/airflow/example_dags/example_dag_decorator.py
[2023-11-08T14:22:50.415+0000] {logging_mixin.py:154} INFO - [2023-11-08T14:22:50.415+0000] {dag.py:2941} INFO - Sync 1 DAGs
[2023-11-08T14:22:50.440+0000] {logging_mixin.py:154} INFO - [2023-11-08T14:22:50.440+0000] {dag.py:3722} INFO - Setting next_dagrun for example_dag_decorator to None, run_after=None
[2023-11-08T14:22:50.481+0000] {processor.py:179} INFO - Processing /home/airflow/.local/lib/python3.11/site-packages/airflow/example_dags/example_dag_decorator.py took 0.413 seconds
[2023-11-08T14:23:20.589+0000] {processor.py:157} INFO - Started process (PID=1097) to work on /home/airflow/.local/lib/python3.11/site-packages/airflow/example_dags/example_dag_decorator.py
[2023-11-08T14:23:20.591+0000] {processor.py:829} INFO - Processing file /home/airflow/.local/lib/python3.11/site-packages/airflow/example_dags/example_dag_decorator.py for tasks to queue
[2023-11-08T14:23:20.597+0000] {logging_mixin.py:154} INFO - [2023-11-08T14:23:20.594+0000] {dagbag.py:536} INFO - Filling up the DagBag from /home/airflow/.local/lib/python3.11/site-packages/airflow/example_dags/example_dag_decorator.py
[2023-11-08T14:23:20.930+0000] {processor.py:839} INFO - DAG(s) dict_keys(['example_dag_decorator']) retrieved from /home/airflow/.local/lib/python3.11/site-packages/airflow/example_dags/example_dag_decorator.py
[2023-11-08T14:23:21.433+0000] {logging_mixin.py:154} INFO - [2023-11-08T14:23:21.433+0000] {dag.py:2941} INFO - Sync 1 DAGs
[2023-11-08T14:23:21.482+0000] {logging_mixin.py:154} INFO - [2023-11-08T14:23:21.481+0000] {dag.py:3722} INFO - Setting next_dagrun for example_dag_decorator to None, run_after=None
[2023-11-08T14:23:21.549+0000] {processor.py:179} INFO - Processing /home/airflow/.local/lib/python3.11/site-packages/airflow/example_dags/example_dag_decorator.py took 0.979 seconds
[2023-11-08T14:23:57.558+0000] {processor.py:157} INFO - Started process (PID=1160) to work on /home/airflow/.local/lib/python3.11/site-packages/airflow/example_dags/example_dag_decorator.py
[2023-11-08T14:23:57.560+0000] {processor.py:829} INFO - Processing file /home/airflow/.local/lib/python3.11/site-packages/airflow/example_dags/example_dag_decorator.py for tasks to queue
[2023-11-08T14:23:57.566+0000] {logging_mixin.py:154} INFO - [2023-11-08T14:23:57.565+0000] {dagbag.py:536} INFO - Filling up the DagBag from /home/airflow/.local/lib/python3.11/site-packages/airflow/example_dags/example_dag_decorator.py
[2023-11-08T14:23:57.834+0000] {processor.py:839} INFO - DAG(s) dict_keys(['example_dag_decorator']) retrieved from /home/airflow/.local/lib/python3.11/site-packages/airflow/example_dags/example_dag_decorator.py
[2023-11-08T14:23:58.340+0000] {logging_mixin.py:154} INFO - [2023-11-08T14:23:58.339+0000] {dag.py:2941} INFO - Sync 1 DAGs
[2023-11-08T14:23:58.369+0000] {logging_mixin.py:154} INFO - [2023-11-08T14:23:58.368+0000] {dag.py:3722} INFO - Setting next_dagrun for example_dag_decorator to None, run_after=None
[2023-11-08T14:23:58.422+0000] {processor.py:179} INFO - Processing /home/airflow/.local/lib/python3.11/site-packages/airflow/example_dags/example_dag_decorator.py took 0.869 seconds
[2023-11-08T14:24:34.291+0000] {processor.py:157} INFO - Started process (PID=1264) to work on /home/airflow/.local/lib/python3.11/site-packages/airflow/example_dags/example_dag_decorator.py
[2023-11-08T14:24:34.293+0000] {processor.py:829} INFO - Processing file /home/airflow/.local/lib/python3.11/site-packages/airflow/example_dags/example_dag_decorator.py for tasks to queue
[2023-11-08T14:24:34.307+0000] {logging_mixin.py:154} INFO - [2023-11-08T14:24:34.306+0000] {dagbag.py:536} INFO - Filling up the DagBag from /home/airflow/.local/lib/python3.11/site-packages/airflow/example_dags/example_dag_decorator.py
[2023-11-08T14:24:34.785+0000] {processor.py:839} INFO - DAG(s) dict_keys(['example_dag_decorator']) retrieved from /home/airflow/.local/lib/python3.11/site-packages/airflow/example_dags/example_dag_decorator.py
[2023-11-08T14:24:35.681+0000] {logging_mixin.py:154} INFO - [2023-11-08T14:24:35.680+0000] {dag.py:2941} INFO - Sync 1 DAGs
[2023-11-08T14:24:35.798+0000] {logging_mixin.py:154} INFO - [2023-11-08T14:24:35.797+0000] {dag.py:3722} INFO - Setting next_dagrun for example_dag_decorator to None, run_after=None
[2023-11-08T14:24:35.923+0000] {processor.py:179} INFO - Processing /home/airflow/.local/lib/python3.11/site-packages/airflow/example_dags/example_dag_decorator.py took 1.647 seconds
[2023-11-08T14:25:06.859+0000] {processor.py:157} INFO - Started process (PID=1341) to work on /home/airflow/.local/lib/python3.11/site-packages/airflow/example_dags/example_dag_decorator.py
[2023-11-08T14:25:06.866+0000] {processor.py:829} INFO - Processing file /home/airflow/.local/lib/python3.11/site-packages/airflow/example_dags/example_dag_decorator.py for tasks to queue
[2023-11-08T14:25:06.888+0000] {logging_mixin.py:154} INFO - [2023-11-08T14:25:06.885+0000] {dagbag.py:536} INFO - Filling up the DagBag from /home/airflow/.local/lib/python3.11/site-packages/airflow/example_dags/example_dag_decorator.py
[2023-11-08T14:25:07.108+0000] {processor.py:839} INFO - DAG(s) dict_keys(['example_dag_decorator']) retrieved from /home/airflow/.local/lib/python3.11/site-packages/airflow/example_dags/example_dag_decorator.py
[2023-11-08T14:25:07.395+0000] {logging_mixin.py:154} INFO - [2023-11-08T14:25:07.394+0000] {dag.py:2941} INFO - Sync 1 DAGs
[2023-11-08T14:25:07.420+0000] {logging_mixin.py:154} INFO - [2023-11-08T14:25:07.419+0000] {dag.py:3722} INFO - Setting next_dagrun for example_dag_decorator to None, run_after=None
[2023-11-08T14:25:07.458+0000] {processor.py:179} INFO - Processing /home/airflow/.local/lib/python3.11/site-packages/airflow/example_dags/example_dag_decorator.py took 0.630 seconds
[2023-11-08T14:25:37.696+0000] {processor.py:157} INFO - Started process (PID=1417) to work on /home/airflow/.local/lib/python3.11/site-packages/airflow/example_dags/example_dag_decorator.py
[2023-11-08T14:25:37.697+0000] {processor.py:829} INFO - Processing file /home/airflow/.local/lib/python3.11/site-packages/airflow/example_dags/example_dag_decorator.py for tasks to queue
[2023-11-08T14:25:37.700+0000] {logging_mixin.py:154} INFO - [2023-11-08T14:25:37.700+0000] {dagbag.py:536} INFO - Filling up the DagBag from /home/airflow/.local/lib/python3.11/site-packages/airflow/example_dags/example_dag_decorator.py
[2023-11-08T14:25:37.842+0000] {processor.py:839} INFO - DAG(s) dict_keys(['example_dag_decorator']) retrieved from /home/airflow/.local/lib/python3.11/site-packages/airflow/example_dags/example_dag_decorator.py
[2023-11-08T14:25:38.065+0000] {logging_mixin.py:154} INFO - [2023-11-08T14:25:38.064+0000] {dag.py:2941} INFO - Sync 1 DAGs
[2023-11-08T14:25:38.087+0000] {logging_mixin.py:154} INFO - [2023-11-08T14:25:38.087+0000] {dag.py:3722} INFO - Setting next_dagrun for example_dag_decorator to None, run_after=None
[2023-11-08T14:25:38.125+0000] {processor.py:179} INFO - Processing /home/airflow/.local/lib/python3.11/site-packages/airflow/example_dags/example_dag_decorator.py took 0.435 seconds
[2023-11-08T14:26:08.302+0000] {processor.py:157} INFO - Started process (PID=1495) to work on /home/airflow/.local/lib/python3.11/site-packages/airflow/example_dags/example_dag_decorator.py
[2023-11-08T14:26:08.304+0000] {processor.py:829} INFO - Processing file /home/airflow/.local/lib/python3.11/site-packages/airflow/example_dags/example_dag_decorator.py for tasks to queue
[2023-11-08T14:26:08.308+0000] {logging_mixin.py:154} INFO - [2023-11-08T14:26:08.307+0000] {dagbag.py:536} INFO - Filling up the DagBag from /home/airflow/.local/lib/python3.11/site-packages/airflow/example_dags/example_dag_decorator.py
[2023-11-08T14:26:08.538+0000] {processor.py:839} INFO - DAG(s) dict_keys(['example_dag_decorator']) retrieved from /home/airflow/.local/lib/python3.11/site-packages/airflow/example_dags/example_dag_decorator.py
[2023-11-08T14:26:08.886+0000] {logging_mixin.py:154} INFO - [2023-11-08T14:26:08.885+0000] {dag.py:2941} INFO - Sync 1 DAGs
[2023-11-08T14:26:08.924+0000] {logging_mixin.py:154} INFO - [2023-11-08T14:26:08.924+0000] {dag.py:3722} INFO - Setting next_dagrun for example_dag_decorator to None, run_after=None
[2023-11-08T14:26:08.987+0000] {processor.py:179} INFO - Processing /home/airflow/.local/lib/python3.11/site-packages/airflow/example_dags/example_dag_decorator.py took 0.697 seconds
[2023-11-08T14:26:39.118+0000] {processor.py:157} INFO - Started process (PID=1569) to work on /home/airflow/.local/lib/python3.11/site-packages/airflow/example_dags/example_dag_decorator.py
[2023-11-08T14:26:39.125+0000] {processor.py:829} INFO - Processing file /home/airflow/.local/lib/python3.11/site-packages/airflow/example_dags/example_dag_decorator.py for tasks to queue
[2023-11-08T14:26:39.129+0000] {logging_mixin.py:154} INFO - [2023-11-08T14:26:39.129+0000] {dagbag.py:536} INFO - Filling up the DagBag from /home/airflow/.local/lib/python3.11/site-packages/airflow/example_dags/example_dag_decorator.py
[2023-11-08T14:26:39.257+0000] {processor.py:839} INFO - DAG(s) dict_keys(['example_dag_decorator']) retrieved from /home/airflow/.local/lib/python3.11/site-packages/airflow/example_dags/example_dag_decorator.py
[2023-11-08T14:26:39.437+0000] {logging_mixin.py:154} INFO - [2023-11-08T14:26:39.437+0000] {dag.py:2941} INFO - Sync 1 DAGs
[2023-11-08T14:26:39.456+0000] {logging_mixin.py:154} INFO - [2023-11-08T14:26:39.456+0000] {dag.py:3722} INFO - Setting next_dagrun for example_dag_decorator to None, run_after=None
[2023-11-08T14:26:39.491+0000] {processor.py:179} INFO - Processing /home/airflow/.local/lib/python3.11/site-packages/airflow/example_dags/example_dag_decorator.py took 0.378 seconds
[2023-11-08T14:27:09.620+0000] {processor.py:157} INFO - Started process (PID=1647) to work on /home/airflow/.local/lib/python3.11/site-packages/airflow/example_dags/example_dag_decorator.py
[2023-11-08T14:27:09.621+0000] {processor.py:829} INFO - Processing file /home/airflow/.local/lib/python3.11/site-packages/airflow/example_dags/example_dag_decorator.py for tasks to queue
[2023-11-08T14:27:09.625+0000] {logging_mixin.py:154} INFO - [2023-11-08T14:27:09.624+0000] {dagbag.py:536} INFO - Filling up the DagBag from /home/airflow/.local/lib/python3.11/site-packages/airflow/example_dags/example_dag_decorator.py
[2023-11-08T14:27:09.770+0000] {processor.py:839} INFO - DAG(s) dict_keys(['example_dag_decorator']) retrieved from /home/airflow/.local/lib/python3.11/site-packages/airflow/example_dags/example_dag_decorator.py
[2023-11-08T14:27:09.813+0000] {logging_mixin.py:154} INFO - [2023-11-08T14:27:09.813+0000] {dag.py:2941} INFO - Sync 1 DAGs
[2023-11-08T14:27:09.839+0000] {logging_mixin.py:154} INFO - [2023-11-08T14:27:09.839+0000] {dag.py:3722} INFO - Setting next_dagrun for example_dag_decorator to None, run_after=None
[2023-11-08T14:27:09.875+0000] {processor.py:179} INFO - Processing /home/airflow/.local/lib/python3.11/site-packages/airflow/example_dags/example_dag_decorator.py took 0.260 seconds
[2023-11-08T14:27:40.077+0000] {processor.py:157} INFO - Started process (PID=1724) to work on /home/airflow/.local/lib/python3.11/site-packages/airflow/example_dags/example_dag_decorator.py
[2023-11-08T14:27:40.079+0000] {processor.py:829} INFO - Processing file /home/airflow/.local/lib/python3.11/site-packages/airflow/example_dags/example_dag_decorator.py for tasks to queue
[2023-11-08T14:27:40.084+0000] {logging_mixin.py:154} INFO - [2023-11-08T14:27:40.084+0000] {dagbag.py:536} INFO - Filling up the DagBag from /home/airflow/.local/lib/python3.11/site-packages/airflow/example_dags/example_dag_decorator.py
[2023-11-08T14:27:40.221+0000] {processor.py:839} INFO - DAG(s) dict_keys(['example_dag_decorator']) retrieved from /home/airflow/.local/lib/python3.11/site-packages/airflow/example_dags/example_dag_decorator.py
[2023-11-08T14:27:40.458+0000] {logging_mixin.py:154} INFO - [2023-11-08T14:27:40.457+0000] {dag.py:2941} INFO - Sync 1 DAGs
[2023-11-08T14:27:40.481+0000] {logging_mixin.py:154} INFO - [2023-11-08T14:27:40.481+0000] {dag.py:3722} INFO - Setting next_dagrun for example_dag_decorator to None, run_after=None
[2023-11-08T14:27:40.517+0000] {processor.py:179} INFO - Processing /home/airflow/.local/lib/python3.11/site-packages/airflow/example_dags/example_dag_decorator.py took 0.445 seconds
[2023-11-08T14:28:10.856+0000] {processor.py:157} INFO - Started process (PID=1800) to work on /home/airflow/.local/lib/python3.11/site-packages/airflow/example_dags/example_dag_decorator.py
[2023-11-08T14:28:10.860+0000] {processor.py:829} INFO - Processing file /home/airflow/.local/lib/python3.11/site-packages/airflow/example_dags/example_dag_decorator.py for tasks to queue
[2023-11-08T14:28:10.874+0000] {logging_mixin.py:154} INFO - [2023-11-08T14:28:10.872+0000] {dagbag.py:536} INFO - Filling up the DagBag from /home/airflow/.local/lib/python3.11/site-packages/airflow/example_dags/example_dag_decorator.py
[2023-11-08T14:28:11.139+0000] {processor.py:839} INFO - DAG(s) dict_keys(['example_dag_decorator']) retrieved from /home/airflow/.local/lib/python3.11/site-packages/airflow/example_dags/example_dag_decorator.py
[2023-11-08T14:28:11.482+0000] {logging_mixin.py:154} INFO - [2023-11-08T14:28:11.482+0000] {dag.py:2941} INFO - Sync 1 DAGs
[2023-11-08T14:28:11.530+0000] {logging_mixin.py:154} INFO - [2023-11-08T14:28:11.529+0000] {dag.py:3722} INFO - Setting next_dagrun for example_dag_decorator to None, run_after=None
[2023-11-08T14:28:11.603+0000] {processor.py:179} INFO - Processing /home/airflow/.local/lib/python3.11/site-packages/airflow/example_dags/example_dag_decorator.py took 0.760 seconds
[2023-11-08T14:28:42.140+0000] {processor.py:157} INFO - Started process (PID=1876) to work on /home/airflow/.local/lib/python3.11/site-packages/airflow/example_dags/example_dag_decorator.py
[2023-11-08T14:28:42.142+0000] {processor.py:829} INFO - Processing file /home/airflow/.local/lib/python3.11/site-packages/airflow/example_dags/example_dag_decorator.py for tasks to queue
[2023-11-08T14:28:42.147+0000] {logging_mixin.py:154} INFO - [2023-11-08T14:28:42.146+0000] {dagbag.py:536} INFO - Filling up the DagBag from /home/airflow/.local/lib/python3.11/site-packages/airflow/example_dags/example_dag_decorator.py
[2023-11-08T14:28:42.394+0000] {processor.py:839} INFO - DAG(s) dict_keys(['example_dag_decorator']) retrieved from /home/airflow/.local/lib/python3.11/site-packages/airflow/example_dags/example_dag_decorator.py
[2023-11-08T14:28:42.675+0000] {logging_mixin.py:154} INFO - [2023-11-08T14:28:42.674+0000] {dag.py:2941} INFO - Sync 1 DAGs
[2023-11-08T14:28:42.696+0000] {logging_mixin.py:154} INFO - [2023-11-08T14:28:42.696+0000] {dag.py:3722} INFO - Setting next_dagrun for example_dag_decorator to None, run_after=None
[2023-11-08T14:28:42.738+0000] {processor.py:179} INFO - Processing /home/airflow/.local/lib/python3.11/site-packages/airflow/example_dags/example_dag_decorator.py took 0.605 seconds
[2023-11-08T14:29:13.110+0000] {processor.py:157} INFO - Started process (PID=1953) to work on /home/airflow/.local/lib/python3.11/site-packages/airflow/example_dags/example_dag_decorator.py
[2023-11-08T14:29:13.111+0000] {processor.py:829} INFO - Processing file /home/airflow/.local/lib/python3.11/site-packages/airflow/example_dags/example_dag_decorator.py for tasks to queue
[2023-11-08T14:29:13.116+0000] {logging_mixin.py:154} INFO - [2023-11-08T14:29:13.115+0000] {dagbag.py:536} INFO - Filling up the DagBag from /home/airflow/.local/lib/python3.11/site-packages/airflow/example_dags/example_dag_decorator.py
[2023-11-08T14:29:13.247+0000] {processor.py:839} INFO - DAG(s) dict_keys(['example_dag_decorator']) retrieved from /home/airflow/.local/lib/python3.11/site-packages/airflow/example_dags/example_dag_decorator.py
[2023-11-08T14:29:13.429+0000] {logging_mixin.py:154} INFO - [2023-11-08T14:29:13.428+0000] {dag.py:2941} INFO - Sync 1 DAGs
[2023-11-08T14:29:13.446+0000] {logging_mixin.py:154} INFO - [2023-11-08T14:29:13.445+0000] {dag.py:3722} INFO - Setting next_dagrun for example_dag_decorator to None, run_after=None
[2023-11-08T14:29:13.480+0000] {processor.py:179} INFO - Processing /home/airflow/.local/lib/python3.11/site-packages/airflow/example_dags/example_dag_decorator.py took 0.375 seconds
[2023-11-08T14:29:43.695+0000] {processor.py:157} INFO - Started process (PID=2030) to work on /home/airflow/.local/lib/python3.11/site-packages/airflow/example_dags/example_dag_decorator.py
[2023-11-08T14:29:43.697+0000] {processor.py:829} INFO - Processing file /home/airflow/.local/lib/python3.11/site-packages/airflow/example_dags/example_dag_decorator.py for tasks to queue
[2023-11-08T14:29:43.700+0000] {logging_mixin.py:154} INFO - [2023-11-08T14:29:43.699+0000] {dagbag.py:536} INFO - Filling up the DagBag from /home/airflow/.local/lib/python3.11/site-packages/airflow/example_dags/example_dag_decorator.py
[2023-11-08T14:29:43.819+0000] {processor.py:839} INFO - DAG(s) dict_keys(['example_dag_decorator']) retrieved from /home/airflow/.local/lib/python3.11/site-packages/airflow/example_dags/example_dag_decorator.py
[2023-11-08T14:29:43.992+0000] {logging_mixin.py:154} INFO - [2023-11-08T14:29:43.992+0000] {dag.py:2941} INFO - Sync 1 DAGs
[2023-11-08T14:29:44.016+0000] {logging_mixin.py:154} INFO - [2023-11-08T14:29:44.016+0000] {dag.py:3722} INFO - Setting next_dagrun for example_dag_decorator to None, run_after=None
[2023-11-08T14:29:44.053+0000] {processor.py:179} INFO - Processing /home/airflow/.local/lib/python3.11/site-packages/airflow/example_dags/example_dag_decorator.py took 0.362 seconds
[2023-11-08T14:30:14.363+0000] {processor.py:157} INFO - Started process (PID=2105) to work on /home/airflow/.local/lib/python3.11/site-packages/airflow/example_dags/example_dag_decorator.py
[2023-11-08T14:30:14.365+0000] {processor.py:829} INFO - Processing file /home/airflow/.local/lib/python3.11/site-packages/airflow/example_dags/example_dag_decorator.py for tasks to queue
[2023-11-08T14:30:14.372+0000] {logging_mixin.py:154} INFO - [2023-11-08T14:30:14.371+0000] {dagbag.py:536} INFO - Filling up the DagBag from /home/airflow/.local/lib/python3.11/site-packages/airflow/example_dags/example_dag_decorator.py
[2023-11-08T14:30:14.527+0000] {processor.py:839} INFO - DAG(s) dict_keys(['example_dag_decorator']) retrieved from /home/airflow/.local/lib/python3.11/site-packages/airflow/example_dags/example_dag_decorator.py
[2023-11-08T14:30:14.773+0000] {logging_mixin.py:154} INFO - [2023-11-08T14:30:14.773+0000] {dag.py:2941} INFO - Sync 1 DAGs
[2023-11-08T14:30:14.797+0000] {logging_mixin.py:154} INFO - [2023-11-08T14:30:14.796+0000] {dag.py:3722} INFO - Setting next_dagrun for example_dag_decorator to None, run_after=None
[2023-11-08T14:30:14.844+0000] {processor.py:179} INFO - Processing /home/airflow/.local/lib/python3.11/site-packages/airflow/example_dags/example_dag_decorator.py took 0.492 seconds
[2023-11-08T14:30:45.102+0000] {processor.py:157} INFO - Started process (PID=2182) to work on /home/airflow/.local/lib/python3.11/site-packages/airflow/example_dags/example_dag_decorator.py
[2023-11-08T14:30:45.104+0000] {processor.py:829} INFO - Processing file /home/airflow/.local/lib/python3.11/site-packages/airflow/example_dags/example_dag_decorator.py for tasks to queue
[2023-11-08T14:30:45.107+0000] {logging_mixin.py:154} INFO - [2023-11-08T14:30:45.107+0000] {dagbag.py:536} INFO - Filling up the DagBag from /home/airflow/.local/lib/python3.11/site-packages/airflow/example_dags/example_dag_decorator.py
[2023-11-08T14:30:45.246+0000] {processor.py:839} INFO - DAG(s) dict_keys(['example_dag_decorator']) retrieved from /home/airflow/.local/lib/python3.11/site-packages/airflow/example_dags/example_dag_decorator.py
[2023-11-08T14:30:45.479+0000] {logging_mixin.py:154} INFO - [2023-11-08T14:30:45.479+0000] {dag.py:2941} INFO - Sync 1 DAGs
[2023-11-08T14:30:45.500+0000] {logging_mixin.py:154} INFO - [2023-11-08T14:30:45.499+0000] {dag.py:3722} INFO - Setting next_dagrun for example_dag_decorator to None, run_after=None
[2023-11-08T14:30:45.540+0000] {processor.py:179} INFO - Processing /home/airflow/.local/lib/python3.11/site-packages/airflow/example_dags/example_dag_decorator.py took 0.443 seconds
[2023-11-08T14:31:15.797+0000] {processor.py:157} INFO - Started process (PID=2259) to work on /home/airflow/.local/lib/python3.11/site-packages/airflow/example_dags/example_dag_decorator.py
[2023-11-08T14:31:15.798+0000] {processor.py:829} INFO - Processing file /home/airflow/.local/lib/python3.11/site-packages/airflow/example_dags/example_dag_decorator.py for tasks to queue
[2023-11-08T14:31:15.800+0000] {logging_mixin.py:154} INFO - [2023-11-08T14:31:15.800+0000] {dagbag.py:536} INFO - Filling up the DagBag from /home/airflow/.local/lib/python3.11/site-packages/airflow/example_dags/example_dag_decorator.py
[2023-11-08T14:31:15.911+0000] {processor.py:839} INFO - DAG(s) dict_keys(['example_dag_decorator']) retrieved from /home/airflow/.local/lib/python3.11/site-packages/airflow/example_dags/example_dag_decorator.py
[2023-11-08T14:31:16.098+0000] {logging_mixin.py:154} INFO - [2023-11-08T14:31:16.097+0000] {dag.py:2941} INFO - Sync 1 DAGs
[2023-11-08T14:31:16.115+0000] {logging_mixin.py:154} INFO - [2023-11-08T14:31:16.115+0000] {dag.py:3722} INFO - Setting next_dagrun for example_dag_decorator to None, run_after=None
[2023-11-08T14:31:16.159+0000] {processor.py:179} INFO - Processing /home/airflow/.local/lib/python3.11/site-packages/airflow/example_dags/example_dag_decorator.py took 0.366 seconds
[2023-11-08T14:31:46.236+0000] {processor.py:157} INFO - Started process (PID=2335) to work on /home/airflow/.local/lib/python3.11/site-packages/airflow/example_dags/example_dag_decorator.py
[2023-11-08T14:31:46.237+0000] {processor.py:829} INFO - Processing file /home/airflow/.local/lib/python3.11/site-packages/airflow/example_dags/example_dag_decorator.py for tasks to queue
[2023-11-08T14:31:46.240+0000] {logging_mixin.py:154} INFO - [2023-11-08T14:31:46.239+0000] {dagbag.py:536} INFO - Filling up the DagBag from /home/airflow/.local/lib/python3.11/site-packages/airflow/example_dags/example_dag_decorator.py
[2023-11-08T14:31:46.344+0000] {processor.py:839} INFO - DAG(s) dict_keys(['example_dag_decorator']) retrieved from /home/airflow/.local/lib/python3.11/site-packages/airflow/example_dags/example_dag_decorator.py
[2023-11-08T14:31:46.511+0000] {logging_mixin.py:154} INFO - [2023-11-08T14:31:46.511+0000] {dag.py:2941} INFO - Sync 1 DAGs
[2023-11-08T14:31:46.531+0000] {logging_mixin.py:154} INFO - [2023-11-08T14:31:46.530+0000] {dag.py:3722} INFO - Setting next_dagrun for example_dag_decorator to None, run_after=None
[2023-11-08T14:31:46.564+0000] {processor.py:179} INFO - Processing /home/airflow/.local/lib/python3.11/site-packages/airflow/example_dags/example_dag_decorator.py took 0.333 seconds
[2023-11-08T14:32:17.394+0000] {processor.py:157} INFO - Started process (PID=2411) to work on /home/airflow/.local/lib/python3.11/site-packages/airflow/example_dags/example_dag_decorator.py
[2023-11-08T14:32:17.395+0000] {processor.py:829} INFO - Processing file /home/airflow/.local/lib/python3.11/site-packages/airflow/example_dags/example_dag_decorator.py for tasks to queue
[2023-11-08T14:32:17.398+0000] {logging_mixin.py:154} INFO - [2023-11-08T14:32:17.398+0000] {dagbag.py:536} INFO - Filling up the DagBag from /home/airflow/.local/lib/python3.11/site-packages/airflow/example_dags/example_dag_decorator.py
[2023-11-08T14:32:17.526+0000] {processor.py:839} INFO - DAG(s) dict_keys(['example_dag_decorator']) retrieved from /home/airflow/.local/lib/python3.11/site-packages/airflow/example_dags/example_dag_decorator.py
[2023-11-08T14:32:17.736+0000] {logging_mixin.py:154} INFO - [2023-11-08T14:32:17.736+0000] {dag.py:2941} INFO - Sync 1 DAGs
[2023-11-08T14:32:17.756+0000] {logging_mixin.py:154} INFO - [2023-11-08T14:32:17.755+0000] {dag.py:3722} INFO - Setting next_dagrun for example_dag_decorator to None, run_after=None
[2023-11-08T14:32:17.797+0000] {processor.py:179} INFO - Processing /home/airflow/.local/lib/python3.11/site-packages/airflow/example_dags/example_dag_decorator.py took 0.407 seconds
[2023-11-08T14:32:48.337+0000] {processor.py:157} INFO - Started process (PID=2489) to work on /home/airflow/.local/lib/python3.11/site-packages/airflow/example_dags/example_dag_decorator.py
[2023-11-08T14:32:48.339+0000] {processor.py:829} INFO - Processing file /home/airflow/.local/lib/python3.11/site-packages/airflow/example_dags/example_dag_decorator.py for tasks to queue
[2023-11-08T14:32:48.342+0000] {logging_mixin.py:154} INFO - [2023-11-08T14:32:48.342+0000] {dagbag.py:536} INFO - Filling up the DagBag from /home/airflow/.local/lib/python3.11/site-packages/airflow/example_dags/example_dag_decorator.py
[2023-11-08T14:32:48.527+0000] {processor.py:839} INFO - DAG(s) dict_keys(['example_dag_decorator']) retrieved from /home/airflow/.local/lib/python3.11/site-packages/airflow/example_dags/example_dag_decorator.py
[2023-11-08T14:32:48.805+0000] {logging_mixin.py:154} INFO - [2023-11-08T14:32:48.804+0000] {dag.py:2941} INFO - Sync 1 DAGs
[2023-11-08T14:32:48.823+0000] {logging_mixin.py:154} INFO - [2023-11-08T14:32:48.823+0000] {dag.py:3722} INFO - Setting next_dagrun for example_dag_decorator to None, run_after=None
[2023-11-08T14:32:48.865+0000] {processor.py:179} INFO - Processing /home/airflow/.local/lib/python3.11/site-packages/airflow/example_dags/example_dag_decorator.py took 0.540 seconds
[2023-11-08T14:33:19.087+0000] {processor.py:157} INFO - Started process (PID=2565) to work on /home/airflow/.local/lib/python3.11/site-packages/airflow/example_dags/example_dag_decorator.py
[2023-11-08T14:33:19.088+0000] {processor.py:829} INFO - Processing file /home/airflow/.local/lib/python3.11/site-packages/airflow/example_dags/example_dag_decorator.py for tasks to queue
[2023-11-08T14:33:19.091+0000] {logging_mixin.py:154} INFO - [2023-11-08T14:33:19.090+0000] {dagbag.py:536} INFO - Filling up the DagBag from /home/airflow/.local/lib/python3.11/site-packages/airflow/example_dags/example_dag_decorator.py
[2023-11-08T14:33:19.202+0000] {processor.py:839} INFO - DAG(s) dict_keys(['example_dag_decorator']) retrieved from /home/airflow/.local/lib/python3.11/site-packages/airflow/example_dags/example_dag_decorator.py
[2023-11-08T14:33:19.370+0000] {logging_mixin.py:154} INFO - [2023-11-08T14:33:19.369+0000] {dag.py:2941} INFO - Sync 1 DAGs
[2023-11-08T14:33:19.387+0000] {logging_mixin.py:154} INFO - [2023-11-08T14:33:19.387+0000] {dag.py:3722} INFO - Setting next_dagrun for example_dag_decorator to None, run_after=None
[2023-11-08T14:33:19.421+0000] {processor.py:179} INFO - Processing /home/airflow/.local/lib/python3.11/site-packages/airflow/example_dags/example_dag_decorator.py took 0.339 seconds
[2023-11-08T14:33:49.484+0000] {processor.py:157} INFO - Started process (PID=2641) to work on /home/airflow/.local/lib/python3.11/site-packages/airflow/example_dags/example_dag_decorator.py
[2023-11-08T14:33:49.485+0000] {processor.py:829} INFO - Processing file /home/airflow/.local/lib/python3.11/site-packages/airflow/example_dags/example_dag_decorator.py for tasks to queue
[2023-11-08T14:33:49.488+0000] {logging_mixin.py:154} INFO - [2023-11-08T14:33:49.488+0000] {dagbag.py:536} INFO - Filling up the DagBag from /home/airflow/.local/lib/python3.11/site-packages/airflow/example_dags/example_dag_decorator.py
[2023-11-08T14:33:49.600+0000] {processor.py:839} INFO - DAG(s) dict_keys(['example_dag_decorator']) retrieved from /home/airflow/.local/lib/python3.11/site-packages/airflow/example_dags/example_dag_decorator.py
[2023-11-08T14:33:49.791+0000] {logging_mixin.py:154} INFO - [2023-11-08T14:33:49.790+0000] {dag.py:2941} INFO - Sync 1 DAGs
[2023-11-08T14:33:49.809+0000] {logging_mixin.py:154} INFO - [2023-11-08T14:33:49.809+0000] {dag.py:3722} INFO - Setting next_dagrun for example_dag_decorator to None, run_after=None
[2023-11-08T14:33:49.842+0000] {processor.py:179} INFO - Processing /home/airflow/.local/lib/python3.11/site-packages/airflow/example_dags/example_dag_decorator.py took 0.362 seconds
[2023-11-08T14:34:20.672+0000] {processor.py:157} INFO - Started process (PID=2717) to work on /home/airflow/.local/lib/python3.11/site-packages/airflow/example_dags/example_dag_decorator.py
[2023-11-08T14:34:20.673+0000] {processor.py:829} INFO - Processing file /home/airflow/.local/lib/python3.11/site-packages/airflow/example_dags/example_dag_decorator.py for tasks to queue
[2023-11-08T14:34:20.677+0000] {logging_mixin.py:154} INFO - [2023-11-08T14:34:20.676+0000] {dagbag.py:536} INFO - Filling up the DagBag from /home/airflow/.local/lib/python3.11/site-packages/airflow/example_dags/example_dag_decorator.py
[2023-11-08T14:34:20.802+0000] {processor.py:839} INFO - DAG(s) dict_keys(['example_dag_decorator']) retrieved from /home/airflow/.local/lib/python3.11/site-packages/airflow/example_dags/example_dag_decorator.py
[2023-11-08T14:34:20.984+0000] {logging_mixin.py:154} INFO - [2023-11-08T14:34:20.983+0000] {dag.py:2941} INFO - Sync 1 DAGs
[2023-11-08T14:34:21.005+0000] {logging_mixin.py:154} INFO - [2023-11-08T14:34:21.004+0000] {dag.py:3722} INFO - Setting next_dagrun for example_dag_decorator to None, run_after=None
[2023-11-08T14:34:21.038+0000] {processor.py:179} INFO - Processing /home/airflow/.local/lib/python3.11/site-packages/airflow/example_dags/example_dag_decorator.py took 0.371 seconds
[2023-11-08T14:34:51.102+0000] {processor.py:157} INFO - Started process (PID=2793) to work on /home/airflow/.local/lib/python3.11/site-packages/airflow/example_dags/example_dag_decorator.py
[2023-11-08T14:34:51.103+0000] {processor.py:829} INFO - Processing file /home/airflow/.local/lib/python3.11/site-packages/airflow/example_dags/example_dag_decorator.py for tasks to queue
[2023-11-08T14:34:51.106+0000] {logging_mixin.py:154} INFO - [2023-11-08T14:34:51.106+0000] {dagbag.py:536} INFO - Filling up the DagBag from /home/airflow/.local/lib/python3.11/site-packages/airflow/example_dags/example_dag_decorator.py
[2023-11-08T14:34:51.218+0000] {processor.py:839} INFO - DAG(s) dict_keys(['example_dag_decorator']) retrieved from /home/airflow/.local/lib/python3.11/site-packages/airflow/example_dags/example_dag_decorator.py
[2023-11-08T14:34:51.403+0000] {logging_mixin.py:154} INFO - [2023-11-08T14:34:51.403+0000] {dag.py:2941} INFO - Sync 1 DAGs
[2023-11-08T14:34:51.421+0000] {logging_mixin.py:154} INFO - [2023-11-08T14:34:51.421+0000] {dag.py:3722} INFO - Setting next_dagrun for example_dag_decorator to None, run_after=None
[2023-11-08T14:34:51.455+0000] {processor.py:179} INFO - Processing /home/airflow/.local/lib/python3.11/site-packages/airflow/example_dags/example_dag_decorator.py took 0.358 seconds
[2023-11-08T14:35:22.106+0000] {processor.py:157} INFO - Started process (PID=2869) to work on /home/airflow/.local/lib/python3.11/site-packages/airflow/example_dags/example_dag_decorator.py
[2023-11-08T14:35:22.107+0000] {processor.py:829} INFO - Processing file /home/airflow/.local/lib/python3.11/site-packages/airflow/example_dags/example_dag_decorator.py for tasks to queue
[2023-11-08T14:35:22.110+0000] {logging_mixin.py:154} INFO - [2023-11-08T14:35:22.110+0000] {dagbag.py:536} INFO - Filling up the DagBag from /home/airflow/.local/lib/python3.11/site-packages/airflow/example_dags/example_dag_decorator.py
[2023-11-08T14:35:22.232+0000] {processor.py:839} INFO - DAG(s) dict_keys(['example_dag_decorator']) retrieved from /home/airflow/.local/lib/python3.11/site-packages/airflow/example_dags/example_dag_decorator.py
[2023-11-08T14:35:22.420+0000] {logging_mixin.py:154} INFO - [2023-11-08T14:35:22.419+0000] {dag.py:2941} INFO - Sync 1 DAGs
[2023-11-08T14:35:22.438+0000] {logging_mixin.py:154} INFO - [2023-11-08T14:35:22.437+0000] {dag.py:3722} INFO - Setting next_dagrun for example_dag_decorator to None, run_after=None
[2023-11-08T14:35:22.469+0000] {processor.py:179} INFO - Processing /home/airflow/.local/lib/python3.11/site-packages/airflow/example_dags/example_dag_decorator.py took 0.367 seconds
[2023-11-08T14:35:53.034+0000] {processor.py:157} INFO - Started process (PID=2945) to work on /home/airflow/.local/lib/python3.11/site-packages/airflow/example_dags/example_dag_decorator.py
[2023-11-08T14:35:53.042+0000] {processor.py:829} INFO - Processing file /home/airflow/.local/lib/python3.11/site-packages/airflow/example_dags/example_dag_decorator.py for tasks to queue
[2023-11-08T14:35:53.047+0000] {logging_mixin.py:154} INFO - [2023-11-08T14:35:53.046+0000] {dagbag.py:536} INFO - Filling up the DagBag from /home/airflow/.local/lib/python3.11/site-packages/airflow/example_dags/example_dag_decorator.py
[2023-11-08T14:35:53.177+0000] {processor.py:839} INFO - DAG(s) dict_keys(['example_dag_decorator']) retrieved from /home/airflow/.local/lib/python3.11/site-packages/airflow/example_dags/example_dag_decorator.py
[2023-11-08T14:35:53.358+0000] {logging_mixin.py:154} INFO - [2023-11-08T14:35:53.358+0000] {dag.py:2941} INFO - Sync 1 DAGs
[2023-11-08T14:35:53.377+0000] {logging_mixin.py:154} INFO - [2023-11-08T14:35:53.377+0000] {dag.py:3722} INFO - Setting next_dagrun for example_dag_decorator to None, run_after=None
[2023-11-08T14:35:53.418+0000] {processor.py:179} INFO - Processing /home/airflow/.local/lib/python3.11/site-packages/airflow/example_dags/example_dag_decorator.py took 0.390 seconds
[2023-11-08T14:36:23.810+0000] {processor.py:157} INFO - Started process (PID=3021) to work on /home/airflow/.local/lib/python3.11/site-packages/airflow/example_dags/example_dag_decorator.py
[2023-11-08T14:36:23.812+0000] {processor.py:829} INFO - Processing file /home/airflow/.local/lib/python3.11/site-packages/airflow/example_dags/example_dag_decorator.py for tasks to queue
[2023-11-08T14:36:23.817+0000] {logging_mixin.py:154} INFO - [2023-11-08T14:36:23.817+0000] {dagbag.py:536} INFO - Filling up the DagBag from /home/airflow/.local/lib/python3.11/site-packages/airflow/example_dags/example_dag_decorator.py
[2023-11-08T14:36:23.941+0000] {processor.py:839} INFO - DAG(s) dict_keys(['example_dag_decorator']) retrieved from /home/airflow/.local/lib/python3.11/site-packages/airflow/example_dags/example_dag_decorator.py
[2023-11-08T14:36:24.117+0000] {logging_mixin.py:154} INFO - [2023-11-08T14:36:24.117+0000] {dag.py:2941} INFO - Sync 1 DAGs
[2023-11-08T14:36:24.134+0000] {logging_mixin.py:154} INFO - [2023-11-08T14:36:24.134+0000] {dag.py:3722} INFO - Setting next_dagrun for example_dag_decorator to None, run_after=None
[2023-11-08T14:36:24.166+0000] {processor.py:179} INFO - Processing /home/airflow/.local/lib/python3.11/site-packages/airflow/example_dags/example_dag_decorator.py took 0.362 seconds
[2023-11-08T14:36:54.541+0000] {processor.py:157} INFO - Started process (PID=3097) to work on /home/airflow/.local/lib/python3.11/site-packages/airflow/example_dags/example_dag_decorator.py
[2023-11-08T14:36:54.548+0000] {processor.py:829} INFO - Processing file /home/airflow/.local/lib/python3.11/site-packages/airflow/example_dags/example_dag_decorator.py for tasks to queue
[2023-11-08T14:36:54.552+0000] {logging_mixin.py:154} INFO - [2023-11-08T14:36:54.552+0000] {dagbag.py:536} INFO - Filling up the DagBag from /home/airflow/.local/lib/python3.11/site-packages/airflow/example_dags/example_dag_decorator.py
[2023-11-08T14:36:54.671+0000] {processor.py:839} INFO - DAG(s) dict_keys(['example_dag_decorator']) retrieved from /home/airflow/.local/lib/python3.11/site-packages/airflow/example_dags/example_dag_decorator.py
[2023-11-08T14:36:54.840+0000] {logging_mixin.py:154} INFO - [2023-11-08T14:36:54.840+0000] {dag.py:2941} INFO - Sync 1 DAGs
[2023-11-08T14:36:54.861+0000] {logging_mixin.py:154} INFO - [2023-11-08T14:36:54.860+0000] {dag.py:3722} INFO - Setting next_dagrun for example_dag_decorator to None, run_after=None
[2023-11-08T14:36:54.893+0000] {processor.py:179} INFO - Processing /home/airflow/.local/lib/python3.11/site-packages/airflow/example_dags/example_dag_decorator.py took 0.357 seconds
[2023-11-08T14:37:25.564+0000] {processor.py:157} INFO - Started process (PID=3173) to work on /home/airflow/.local/lib/python3.11/site-packages/airflow/example_dags/example_dag_decorator.py
[2023-11-08T14:37:25.576+0000] {processor.py:829} INFO - Processing file /home/airflow/.local/lib/python3.11/site-packages/airflow/example_dags/example_dag_decorator.py for tasks to queue
[2023-11-08T14:37:25.577+0000] {logging_mixin.py:154} INFO - [2023-11-08T14:37:25.577+0000] {dagbag.py:536} INFO - Filling up the DagBag from /home/airflow/.local/lib/python3.11/site-packages/airflow/example_dags/example_dag_decorator.py
[2023-11-08T14:37:25.626+0000] {processor.py:839} INFO - DAG(s) dict_keys(['example_dag_decorator']) retrieved from /home/airflow/.local/lib/python3.11/site-packages/airflow/example_dags/example_dag_decorator.py
[2023-11-08T14:37:25.703+0000] {logging_mixin.py:154} INFO - [2023-11-08T14:37:25.702+0000] {dag.py:2941} INFO - Sync 1 DAGs
[2023-11-08T14:37:25.712+0000] {logging_mixin.py:154} INFO - [2023-11-08T14:37:25.712+0000] {dag.py:3722} INFO - Setting next_dagrun for example_dag_decorator to None, run_after=None
[2023-11-08T14:37:25.916+0000] {processor.py:179} INFO - Processing /home/airflow/.local/lib/python3.11/site-packages/airflow/example_dags/example_dag_decorator.py took 0.355 seconds
[2023-11-08T14:37:56.074+0000] {processor.py:157} INFO - Started process (PID=3252) to work on /home/airflow/.local/lib/python3.11/site-packages/airflow/example_dags/example_dag_decorator.py
[2023-11-08T14:37:56.075+0000] {processor.py:829} INFO - Processing file /home/airflow/.local/lib/python3.11/site-packages/airflow/example_dags/example_dag_decorator.py for tasks to queue
[2023-11-08T14:37:56.076+0000] {logging_mixin.py:154} INFO - [2023-11-08T14:37:56.076+0000] {dagbag.py:536} INFO - Filling up the DagBag from /home/airflow/.local/lib/python3.11/site-packages/airflow/example_dags/example_dag_decorator.py
[2023-11-08T14:37:56.126+0000] {processor.py:839} INFO - DAG(s) dict_keys(['example_dag_decorator']) retrieved from /home/airflow/.local/lib/python3.11/site-packages/airflow/example_dags/example_dag_decorator.py
[2023-11-08T14:37:56.201+0000] {logging_mixin.py:154} INFO - [2023-11-08T14:37:56.200+0000] {dag.py:2941} INFO - Sync 1 DAGs
[2023-11-08T14:37:56.209+0000] {logging_mixin.py:154} INFO - [2023-11-08T14:37:56.209+0000] {dag.py:3722} INFO - Setting next_dagrun for example_dag_decorator to None, run_after=None
[2023-11-08T14:37:56.226+0000] {processor.py:179} INFO - Processing /home/airflow/.local/lib/python3.11/site-packages/airflow/example_dags/example_dag_decorator.py took 0.154 seconds
[2023-11-08T14:38:26.254+0000] {processor.py:157} INFO - Started process (PID=3329) to work on /home/airflow/.local/lib/python3.11/site-packages/airflow/example_dags/example_dag_decorator.py
[2023-11-08T14:38:26.255+0000] {processor.py:829} INFO - Processing file /home/airflow/.local/lib/python3.11/site-packages/airflow/example_dags/example_dag_decorator.py for tasks to queue
[2023-11-08T14:38:26.257+0000] {logging_mixin.py:154} INFO - [2023-11-08T14:38:26.257+0000] {dagbag.py:536} INFO - Filling up the DagBag from /home/airflow/.local/lib/python3.11/site-packages/airflow/example_dags/example_dag_decorator.py
[2023-11-08T14:38:26.308+0000] {processor.py:839} INFO - DAG(s) dict_keys(['example_dag_decorator']) retrieved from /home/airflow/.local/lib/python3.11/site-packages/airflow/example_dags/example_dag_decorator.py
[2023-11-08T14:38:26.388+0000] {logging_mixin.py:154} INFO - [2023-11-08T14:38:26.387+0000] {dag.py:2941} INFO - Sync 1 DAGs
[2023-11-08T14:38:26.397+0000] {logging_mixin.py:154} INFO - [2023-11-08T14:38:26.396+0000] {dag.py:3722} INFO - Setting next_dagrun for example_dag_decorator to None, run_after=None
[2023-11-08T14:38:26.413+0000] {processor.py:179} INFO - Processing /home/airflow/.local/lib/python3.11/site-packages/airflow/example_dags/example_dag_decorator.py took 0.161 seconds
[2023-11-08T14:38:56.489+0000] {processor.py:157} INFO - Started process (PID=3407) to work on /home/airflow/.local/lib/python3.11/site-packages/airflow/example_dags/example_dag_decorator.py
[2023-11-08T14:38:56.490+0000] {processor.py:829} INFO - Processing file /home/airflow/.local/lib/python3.11/site-packages/airflow/example_dags/example_dag_decorator.py for tasks to queue
[2023-11-08T14:38:56.491+0000] {logging_mixin.py:154} INFO - [2023-11-08T14:38:56.491+0000] {dagbag.py:536} INFO - Filling up the DagBag from /home/airflow/.local/lib/python3.11/site-packages/airflow/example_dags/example_dag_decorator.py
[2023-11-08T14:38:56.541+0000] {processor.py:839} INFO - DAG(s) dict_keys(['example_dag_decorator']) retrieved from /home/airflow/.local/lib/python3.11/site-packages/airflow/example_dags/example_dag_decorator.py
[2023-11-08T14:38:56.616+0000] {logging_mixin.py:154} INFO - [2023-11-08T14:38:56.616+0000] {dag.py:2941} INFO - Sync 1 DAGs
[2023-11-08T14:38:56.624+0000] {logging_mixin.py:154} INFO - [2023-11-08T14:38:56.624+0000] {dag.py:3722} INFO - Setting next_dagrun for example_dag_decorator to None, run_after=None
[2023-11-08T14:38:56.638+0000] {processor.py:179} INFO - Processing /home/airflow/.local/lib/python3.11/site-packages/airflow/example_dags/example_dag_decorator.py took 0.151 seconds
[2023-11-08T14:39:27.592+0000] {processor.py:157} INFO - Started process (PID=3484) to work on /home/airflow/.local/lib/python3.11/site-packages/airflow/example_dags/example_dag_decorator.py
[2023-11-08T14:39:27.610+0000] {processor.py:829} INFO - Processing file /home/airflow/.local/lib/python3.11/site-packages/airflow/example_dags/example_dag_decorator.py for tasks to queue
[2023-11-08T14:39:27.612+0000] {logging_mixin.py:154} INFO - [2023-11-08T14:39:27.611+0000] {dagbag.py:536} INFO - Filling up the DagBag from /home/airflow/.local/lib/python3.11/site-packages/airflow/example_dags/example_dag_decorator.py
[2023-11-08T14:39:27.660+0000] {processor.py:839} INFO - DAG(s) dict_keys(['example_dag_decorator']) retrieved from /home/airflow/.local/lib/python3.11/site-packages/airflow/example_dags/example_dag_decorator.py
[2023-11-08T14:39:27.675+0000] {logging_mixin.py:154} INFO - [2023-11-08T14:39:27.675+0000] {dag.py:2941} INFO - Sync 1 DAGs
[2023-11-08T14:39:27.684+0000] {logging_mixin.py:154} INFO - [2023-11-08T14:39:27.684+0000] {dag.py:3722} INFO - Setting next_dagrun for example_dag_decorator to None, run_after=None
[2023-11-08T14:39:27.697+0000] {processor.py:179} INFO - Processing /home/airflow/.local/lib/python3.11/site-packages/airflow/example_dags/example_dag_decorator.py took 0.108 seconds
[2023-11-08T14:39:57.920+0000] {processor.py:157} INFO - Started process (PID=3560) to work on /home/airflow/.local/lib/python3.11/site-packages/airflow/example_dags/example_dag_decorator.py
[2023-11-08T14:39:57.920+0000] {processor.py:829} INFO - Processing file /home/airflow/.local/lib/python3.11/site-packages/airflow/example_dags/example_dag_decorator.py for tasks to queue
[2023-11-08T14:39:57.922+0000] {logging_mixin.py:154} INFO - [2023-11-08T14:39:57.922+0000] {dagbag.py:536} INFO - Filling up the DagBag from /home/airflow/.local/lib/python3.11/site-packages/airflow/example_dags/example_dag_decorator.py
[2023-11-08T14:39:57.969+0000] {processor.py:839} INFO - DAG(s) dict_keys(['example_dag_decorator']) retrieved from /home/airflow/.local/lib/python3.11/site-packages/airflow/example_dags/example_dag_decorator.py
[2023-11-08T14:39:58.187+0000] {logging_mixin.py:154} INFO - [2023-11-08T14:39:58.187+0000] {dag.py:2941} INFO - Sync 1 DAGs
[2023-11-08T14:39:58.194+0000] {logging_mixin.py:154} INFO - [2023-11-08T14:39:58.194+0000] {dag.py:3722} INFO - Setting next_dagrun for example_dag_decorator to None, run_after=None
[2023-11-08T14:39:58.209+0000] {processor.py:179} INFO - Processing /home/airflow/.local/lib/python3.11/site-packages/airflow/example_dags/example_dag_decorator.py took 0.291 seconds
[2023-11-08T14:40:28.302+0000] {processor.py:157} INFO - Started process (PID=3637) to work on /home/airflow/.local/lib/python3.11/site-packages/airflow/example_dags/example_dag_decorator.py
[2023-11-08T14:40:28.303+0000] {processor.py:829} INFO - Processing file /home/airflow/.local/lib/python3.11/site-packages/airflow/example_dags/example_dag_decorator.py for tasks to queue
[2023-11-08T14:40:28.304+0000] {logging_mixin.py:154} INFO - [2023-11-08T14:40:28.304+0000] {dagbag.py:536} INFO - Filling up the DagBag from /home/airflow/.local/lib/python3.11/site-packages/airflow/example_dags/example_dag_decorator.py
[2023-11-08T14:40:28.351+0000] {processor.py:839} INFO - DAG(s) dict_keys(['example_dag_decorator']) retrieved from /home/airflow/.local/lib/python3.11/site-packages/airflow/example_dags/example_dag_decorator.py
[2023-11-08T14:40:28.367+0000] {logging_mixin.py:154} INFO - [2023-11-08T14:40:28.367+0000] {dag.py:2941} INFO - Sync 1 DAGs
[2023-11-08T14:40:28.377+0000] {logging_mixin.py:154} INFO - [2023-11-08T14:40:28.377+0000] {dag.py:3722} INFO - Setting next_dagrun for example_dag_decorator to None, run_after=None
[2023-11-08T14:40:28.390+0000] {processor.py:179} INFO - Processing /home/airflow/.local/lib/python3.11/site-packages/airflow/example_dags/example_dag_decorator.py took 0.090 seconds
[2023-11-08T14:40:58.530+0000] {processor.py:157} INFO - Started process (PID=3713) to work on /home/airflow/.local/lib/python3.11/site-packages/airflow/example_dags/example_dag_decorator.py
[2023-11-08T14:40:58.531+0000] {processor.py:829} INFO - Processing file /home/airflow/.local/lib/python3.11/site-packages/airflow/example_dags/example_dag_decorator.py for tasks to queue
[2023-11-08T14:40:58.532+0000] {logging_mixin.py:154} INFO - [2023-11-08T14:40:58.532+0000] {dagbag.py:536} INFO - Filling up the DagBag from /home/airflow/.local/lib/python3.11/site-packages/airflow/example_dags/example_dag_decorator.py
[2023-11-08T14:40:58.581+0000] {processor.py:839} INFO - DAG(s) dict_keys(['example_dag_decorator']) retrieved from /home/airflow/.local/lib/python3.11/site-packages/airflow/example_dags/example_dag_decorator.py
[2023-11-08T14:40:58.656+0000] {logging_mixin.py:154} INFO - [2023-11-08T14:40:58.655+0000] {dag.py:2941} INFO - Sync 1 DAGs
[2023-11-08T14:40:58.817+0000] {logging_mixin.py:154} INFO - [2023-11-08T14:40:58.817+0000] {dag.py:3722} INFO - Setting next_dagrun for example_dag_decorator to None, run_after=None
[2023-11-08T14:40:58.859+0000] {processor.py:179} INFO - Processing /home/airflow/.local/lib/python3.11/site-packages/airflow/example_dags/example_dag_decorator.py took 0.331 seconds
[2023-11-08T14:41:29.248+0000] {processor.py:157} INFO - Started process (PID=3787) to work on /home/airflow/.local/lib/python3.11/site-packages/airflow/example_dags/example_dag_decorator.py
[2023-11-08T14:41:29.249+0000] {processor.py:829} INFO - Processing file /home/airflow/.local/lib/python3.11/site-packages/airflow/example_dags/example_dag_decorator.py for tasks to queue
[2023-11-08T14:41:29.250+0000] {logging_mixin.py:154} INFO - [2023-11-08T14:41:29.250+0000] {dagbag.py:536} INFO - Filling up the DagBag from /home/airflow/.local/lib/python3.11/site-packages/airflow/example_dags/example_dag_decorator.py
[2023-11-08T14:41:29.301+0000] {processor.py:839} INFO - DAG(s) dict_keys(['example_dag_decorator']) retrieved from /home/airflow/.local/lib/python3.11/site-packages/airflow/example_dags/example_dag_decorator.py
[2023-11-08T14:41:29.380+0000] {logging_mixin.py:154} INFO - [2023-11-08T14:41:29.380+0000] {dag.py:2941} INFO - Sync 1 DAGs
[2023-11-08T14:41:29.545+0000] {logging_mixin.py:154} INFO - [2023-11-08T14:41:29.545+0000] {dag.py:3722} INFO - Setting next_dagrun for example_dag_decorator to None, run_after=None
[2023-11-08T14:41:29.559+0000] {processor.py:179} INFO - Processing /home/airflow/.local/lib/python3.11/site-packages/airflow/example_dags/example_dag_decorator.py took 0.314 seconds
[2023-11-08T14:42:00.527+0000] {processor.py:157} INFO - Started process (PID=3865) to work on /home/airflow/.local/lib/python3.11/site-packages/airflow/example_dags/example_dag_decorator.py
[2023-11-08T14:42:00.528+0000] {processor.py:829} INFO - Processing file /home/airflow/.local/lib/python3.11/site-packages/airflow/example_dags/example_dag_decorator.py for tasks to queue
[2023-11-08T14:42:00.530+0000] {logging_mixin.py:154} INFO - [2023-11-08T14:42:00.529+0000] {dagbag.py:536} INFO - Filling up the DagBag from /home/airflow/.local/lib/python3.11/site-packages/airflow/example_dags/example_dag_decorator.py
[2023-11-08T14:42:00.578+0000] {processor.py:839} INFO - DAG(s) dict_keys(['example_dag_decorator']) retrieved from /home/airflow/.local/lib/python3.11/site-packages/airflow/example_dags/example_dag_decorator.py
[2023-11-08T14:42:00.808+0000] {logging_mixin.py:154} INFO - [2023-11-08T14:42:00.808+0000] {dag.py:2941} INFO - Sync 1 DAGs
[2023-11-08T14:42:00.818+0000] {logging_mixin.py:154} INFO - [2023-11-08T14:42:00.818+0000] {dag.py:3722} INFO - Setting next_dagrun for example_dag_decorator to None, run_after=None
[2023-11-08T14:42:00.832+0000] {processor.py:179} INFO - Processing /home/airflow/.local/lib/python3.11/site-packages/airflow/example_dags/example_dag_decorator.py took 0.307 seconds
[2023-11-08T14:42:30.918+0000] {processor.py:157} INFO - Started process (PID=3944) to work on /home/airflow/.local/lib/python3.11/site-packages/airflow/example_dags/example_dag_decorator.py
[2023-11-08T14:42:30.919+0000] {processor.py:829} INFO - Processing file /home/airflow/.local/lib/python3.11/site-packages/airflow/example_dags/example_dag_decorator.py for tasks to queue
[2023-11-08T14:42:30.921+0000] {logging_mixin.py:154} INFO - [2023-11-08T14:42:30.921+0000] {dagbag.py:536} INFO - Filling up the DagBag from /home/airflow/.local/lib/python3.11/site-packages/airflow/example_dags/example_dag_decorator.py
[2023-11-08T14:42:30.975+0000] {processor.py:839} INFO - DAG(s) dict_keys(['example_dag_decorator']) retrieved from /home/airflow/.local/lib/python3.11/site-packages/airflow/example_dags/example_dag_decorator.py
[2023-11-08T14:42:31.238+0000] {logging_mixin.py:154} INFO - [2023-11-08T14:42:31.238+0000] {dag.py:2941} INFO - Sync 1 DAGs
[2023-11-08T14:42:31.246+0000] {logging_mixin.py:154} INFO - [2023-11-08T14:42:31.246+0000] {dag.py:3722} INFO - Setting next_dagrun for example_dag_decorator to None, run_after=None
[2023-11-08T14:42:31.261+0000] {processor.py:179} INFO - Processing /home/airflow/.local/lib/python3.11/site-packages/airflow/example_dags/example_dag_decorator.py took 0.345 seconds
[2023-11-08T14:43:01.432+0000] {processor.py:157} INFO - Started process (PID=4023) to work on /home/airflow/.local/lib/python3.11/site-packages/airflow/example_dags/example_dag_decorator.py
[2023-11-08T14:43:01.433+0000] {processor.py:829} INFO - Processing file /home/airflow/.local/lib/python3.11/site-packages/airflow/example_dags/example_dag_decorator.py for tasks to queue
[2023-11-08T14:43:01.435+0000] {logging_mixin.py:154} INFO - [2023-11-08T14:43:01.435+0000] {dagbag.py:536} INFO - Filling up the DagBag from /home/airflow/.local/lib/python3.11/site-packages/airflow/example_dags/example_dag_decorator.py
[2023-11-08T14:43:01.485+0000] {processor.py:839} INFO - DAG(s) dict_keys(['example_dag_decorator']) retrieved from /home/airflow/.local/lib/python3.11/site-packages/airflow/example_dags/example_dag_decorator.py
[2023-11-08T14:43:01.705+0000] {logging_mixin.py:154} INFO - [2023-11-08T14:43:01.705+0000] {dag.py:2941} INFO - Sync 1 DAGs
[2023-11-08T14:43:01.713+0000] {logging_mixin.py:154} INFO - [2023-11-08T14:43:01.713+0000] {dag.py:3722} INFO - Setting next_dagrun for example_dag_decorator to None, run_after=None
[2023-11-08T14:43:01.727+0000] {processor.py:179} INFO - Processing /home/airflow/.local/lib/python3.11/site-packages/airflow/example_dags/example_dag_decorator.py took 0.297 seconds
[2023-11-08T14:43:31.820+0000] {processor.py:157} INFO - Started process (PID=4099) to work on /home/airflow/.local/lib/python3.11/site-packages/airflow/example_dags/example_dag_decorator.py
[2023-11-08T14:43:31.820+0000] {processor.py:829} INFO - Processing file /home/airflow/.local/lib/python3.11/site-packages/airflow/example_dags/example_dag_decorator.py for tasks to queue
[2023-11-08T14:43:31.822+0000] {logging_mixin.py:154} INFO - [2023-11-08T14:43:31.822+0000] {dagbag.py:536} INFO - Filling up the DagBag from /home/airflow/.local/lib/python3.11/site-packages/airflow/example_dags/example_dag_decorator.py
[2023-11-08T14:43:31.872+0000] {processor.py:839} INFO - DAG(s) dict_keys(['example_dag_decorator']) retrieved from /home/airflow/.local/lib/python3.11/site-packages/airflow/example_dags/example_dag_decorator.py
[2023-11-08T14:43:32.094+0000] {logging_mixin.py:154} INFO - [2023-11-08T14:43:32.094+0000] {dag.py:2941} INFO - Sync 1 DAGs
[2023-11-08T14:43:32.103+0000] {logging_mixin.py:154} INFO - [2023-11-08T14:43:32.102+0000] {dag.py:3722} INFO - Setting next_dagrun for example_dag_decorator to None, run_after=None
[2023-11-08T14:43:32.117+0000] {processor.py:179} INFO - Processing /home/airflow/.local/lib/python3.11/site-packages/airflow/example_dags/example_dag_decorator.py took 0.299 seconds
[2023-11-08T14:44:02.230+0000] {processor.py:157} INFO - Started process (PID=4176) to work on /home/airflow/.local/lib/python3.11/site-packages/airflow/example_dags/example_dag_decorator.py
[2023-11-08T14:44:02.231+0000] {processor.py:829} INFO - Processing file /home/airflow/.local/lib/python3.11/site-packages/airflow/example_dags/example_dag_decorator.py for tasks to queue
[2023-11-08T14:44:02.232+0000] {logging_mixin.py:154} INFO - [2023-11-08T14:44:02.232+0000] {dagbag.py:536} INFO - Filling up the DagBag from /home/airflow/.local/lib/python3.11/site-packages/airflow/example_dags/example_dag_decorator.py
[2023-11-08T14:44:02.283+0000] {processor.py:839} INFO - DAG(s) dict_keys(['example_dag_decorator']) retrieved from /home/airflow/.local/lib/python3.11/site-packages/airflow/example_dags/example_dag_decorator.py
[2023-11-08T14:44:02.502+0000] {logging_mixin.py:154} INFO - [2023-11-08T14:44:02.501+0000] {dag.py:2941} INFO - Sync 1 DAGs
[2023-11-08T14:44:02.509+0000] {logging_mixin.py:154} INFO - [2023-11-08T14:44:02.509+0000] {dag.py:3722} INFO - Setting next_dagrun for example_dag_decorator to None, run_after=None
[2023-11-08T14:44:02.522+0000] {processor.py:179} INFO - Processing /home/airflow/.local/lib/python3.11/site-packages/airflow/example_dags/example_dag_decorator.py took 0.294 seconds
[2023-11-08T14:44:33.520+0000] {processor.py:157} INFO - Started process (PID=4253) to work on /home/airflow/.local/lib/python3.11/site-packages/airflow/example_dags/example_dag_decorator.py
[2023-11-08T14:44:33.555+0000] {processor.py:829} INFO - Processing file /home/airflow/.local/lib/python3.11/site-packages/airflow/example_dags/example_dag_decorator.py for tasks to queue
[2023-11-08T14:44:33.557+0000] {logging_mixin.py:154} INFO - [2023-11-08T14:44:33.556+0000] {dagbag.py:536} INFO - Filling up the DagBag from /home/airflow/.local/lib/python3.11/site-packages/airflow/example_dags/example_dag_decorator.py
[2023-11-08T14:44:33.607+0000] {processor.py:839} INFO - DAG(s) dict_keys(['example_dag_decorator']) retrieved from /home/airflow/.local/lib/python3.11/site-packages/airflow/example_dags/example_dag_decorator.py
[2023-11-08T14:44:33.831+0000] {logging_mixin.py:154} INFO - [2023-11-08T14:44:33.831+0000] {dag.py:2941} INFO - Sync 1 DAGs
[2023-11-08T14:44:33.838+0000] {logging_mixin.py:154} INFO - [2023-11-08T14:44:33.838+0000] {dag.py:3722} INFO - Setting next_dagrun for example_dag_decorator to None, run_after=None
[2023-11-08T14:44:33.851+0000] {processor.py:179} INFO - Processing /home/airflow/.local/lib/python3.11/site-packages/airflow/example_dags/example_dag_decorator.py took 0.333 seconds
[2023-11-08T14:45:03.934+0000] {processor.py:157} INFO - Started process (PID=4329) to work on /home/airflow/.local/lib/python3.11/site-packages/airflow/example_dags/example_dag_decorator.py
[2023-11-08T14:45:03.935+0000] {processor.py:829} INFO - Processing file /home/airflow/.local/lib/python3.11/site-packages/airflow/example_dags/example_dag_decorator.py for tasks to queue
[2023-11-08T14:45:03.937+0000] {logging_mixin.py:154} INFO - [2023-11-08T14:45:03.936+0000] {dagbag.py:536} INFO - Filling up the DagBag from /home/airflow/.local/lib/python3.11/site-packages/airflow/example_dags/example_dag_decorator.py
[2023-11-08T14:45:03.985+0000] {processor.py:839} INFO - DAG(s) dict_keys(['example_dag_decorator']) retrieved from /home/airflow/.local/lib/python3.11/site-packages/airflow/example_dags/example_dag_decorator.py
[2023-11-08T14:45:04.203+0000] {logging_mixin.py:154} INFO - [2023-11-08T14:45:04.203+0000] {dag.py:2941} INFO - Sync 1 DAGs
[2023-11-08T14:45:04.211+0000] {logging_mixin.py:154} INFO - [2023-11-08T14:45:04.211+0000] {dag.py:3722} INFO - Setting next_dagrun for example_dag_decorator to None, run_after=None
[2023-11-08T14:45:04.224+0000] {processor.py:179} INFO - Processing /home/airflow/.local/lib/python3.11/site-packages/airflow/example_dags/example_dag_decorator.py took 0.292 seconds
[2023-11-08T14:45:34.567+0000] {processor.py:157} INFO - Started process (PID=4406) to work on /home/airflow/.local/lib/python3.11/site-packages/airflow/example_dags/example_dag_decorator.py
[2023-11-08T14:45:34.568+0000] {processor.py:829} INFO - Processing file /home/airflow/.local/lib/python3.11/site-packages/airflow/example_dags/example_dag_decorator.py for tasks to queue
[2023-11-08T14:45:34.570+0000] {logging_mixin.py:154} INFO - [2023-11-08T14:45:34.569+0000] {dagbag.py:536} INFO - Filling up the DagBag from /home/airflow/.local/lib/python3.11/site-packages/airflow/example_dags/example_dag_decorator.py
[2023-11-08T14:45:34.622+0000] {processor.py:839} INFO - DAG(s) dict_keys(['example_dag_decorator']) retrieved from /home/airflow/.local/lib/python3.11/site-packages/airflow/example_dags/example_dag_decorator.py
[2023-11-08T14:45:34.886+0000] {logging_mixin.py:154} INFO - [2023-11-08T14:45:34.886+0000] {dag.py:2941} INFO - Sync 1 DAGs
[2023-11-08T14:45:34.893+0000] {logging_mixin.py:154} INFO - [2023-11-08T14:45:34.893+0000] {dag.py:3722} INFO - Setting next_dagrun for example_dag_decorator to None, run_after=None
[2023-11-08T14:45:34.906+0000] {processor.py:179} INFO - Processing /home/airflow/.local/lib/python3.11/site-packages/airflow/example_dags/example_dag_decorator.py took 0.341 seconds
[2023-11-08T14:46:05.029+0000] {processor.py:157} INFO - Started process (PID=4482) to work on /home/airflow/.local/lib/python3.11/site-packages/airflow/example_dags/example_dag_decorator.py
[2023-11-08T14:46:05.029+0000] {processor.py:829} INFO - Processing file /home/airflow/.local/lib/python3.11/site-packages/airflow/example_dags/example_dag_decorator.py for tasks to queue
[2023-11-08T14:46:05.030+0000] {logging_mixin.py:154} INFO - [2023-11-08T14:46:05.030+0000] {dagbag.py:536} INFO - Filling up the DagBag from /home/airflow/.local/lib/python3.11/site-packages/airflow/example_dags/example_dag_decorator.py
[2023-11-08T14:46:05.081+0000] {processor.py:839} INFO - DAG(s) dict_keys(['example_dag_decorator']) retrieved from /home/airflow/.local/lib/python3.11/site-packages/airflow/example_dags/example_dag_decorator.py
[2023-11-08T14:46:05.323+0000] {logging_mixin.py:154} INFO - [2023-11-08T14:46:05.323+0000] {dag.py:2941} INFO - Sync 1 DAGs
[2023-11-08T14:46:05.332+0000] {logging_mixin.py:154} INFO - [2023-11-08T14:46:05.332+0000] {dag.py:3722} INFO - Setting next_dagrun for example_dag_decorator to None, run_after=None
[2023-11-08T14:46:05.347+0000] {processor.py:179} INFO - Processing /home/airflow/.local/lib/python3.11/site-packages/airflow/example_dags/example_dag_decorator.py took 0.320 seconds
[2023-11-08T14:46:35.617+0000] {processor.py:157} INFO - Started process (PID=4558) to work on /home/airflow/.local/lib/python3.11/site-packages/airflow/example_dags/example_dag_decorator.py
[2023-11-08T14:46:35.618+0000] {processor.py:829} INFO - Processing file /home/airflow/.local/lib/python3.11/site-packages/airflow/example_dags/example_dag_decorator.py for tasks to queue
[2023-11-08T14:46:35.620+0000] {logging_mixin.py:154} INFO - [2023-11-08T14:46:35.620+0000] {dagbag.py:536} INFO - Filling up the DagBag from /home/airflow/.local/lib/python3.11/site-packages/airflow/example_dags/example_dag_decorator.py
[2023-11-08T14:46:35.668+0000] {processor.py:839} INFO - DAG(s) dict_keys(['example_dag_decorator']) retrieved from /home/airflow/.local/lib/python3.11/site-packages/airflow/example_dags/example_dag_decorator.py
[2023-11-08T14:46:35.900+0000] {logging_mixin.py:154} INFO - [2023-11-08T14:46:35.900+0000] {dag.py:2941} INFO - Sync 1 DAGs
[2023-11-08T14:46:35.910+0000] {logging_mixin.py:154} INFO - [2023-11-08T14:46:35.910+0000] {dag.py:3722} INFO - Setting next_dagrun for example_dag_decorator to None, run_after=None
[2023-11-08T14:46:35.924+0000] {processor.py:179} INFO - Processing /home/airflow/.local/lib/python3.11/site-packages/airflow/example_dags/example_dag_decorator.py took 0.309 seconds
[2023-11-08T14:47:06.647+0000] {processor.py:157} INFO - Started process (PID=4634) to work on /home/airflow/.local/lib/python3.11/site-packages/airflow/example_dags/example_dag_decorator.py
[2023-11-08T14:47:06.647+0000] {processor.py:829} INFO - Processing file /home/airflow/.local/lib/python3.11/site-packages/airflow/example_dags/example_dag_decorator.py for tasks to queue
[2023-11-08T14:47:06.649+0000] {logging_mixin.py:154} INFO - [2023-11-08T14:47:06.648+0000] {dagbag.py:536} INFO - Filling up the DagBag from /home/airflow/.local/lib/python3.11/site-packages/airflow/example_dags/example_dag_decorator.py
[2023-11-08T14:47:06.698+0000] {processor.py:839} INFO - DAG(s) dict_keys(['example_dag_decorator']) retrieved from /home/airflow/.local/lib/python3.11/site-packages/airflow/example_dags/example_dag_decorator.py
[2023-11-08T14:47:06.911+0000] {logging_mixin.py:154} INFO - [2023-11-08T14:47:06.911+0000] {dag.py:2941} INFO - Sync 1 DAGs
[2023-11-08T14:47:06.918+0000] {logging_mixin.py:154} INFO - [2023-11-08T14:47:06.918+0000] {dag.py:3722} INFO - Setting next_dagrun for example_dag_decorator to None, run_after=None
[2023-11-08T14:47:06.932+0000] {processor.py:179} INFO - Processing /home/airflow/.local/lib/python3.11/site-packages/airflow/example_dags/example_dag_decorator.py took 0.287 seconds
[2023-11-08T14:47:37.076+0000] {processor.py:157} INFO - Started process (PID=4710) to work on /home/airflow/.local/lib/python3.11/site-packages/airflow/example_dags/example_dag_decorator.py
[2023-11-08T14:47:37.078+0000] {processor.py:829} INFO - Processing file /home/airflow/.local/lib/python3.11/site-packages/airflow/example_dags/example_dag_decorator.py for tasks to queue
[2023-11-08T14:47:37.079+0000] {logging_mixin.py:154} INFO - [2023-11-08T14:47:37.079+0000] {dagbag.py:536} INFO - Filling up the DagBag from /home/airflow/.local/lib/python3.11/site-packages/airflow/example_dags/example_dag_decorator.py
[2023-11-08T14:47:37.305+0000] {processor.py:839} INFO - DAG(s) dict_keys(['example_dag_decorator']) retrieved from /home/airflow/.local/lib/python3.11/site-packages/airflow/example_dags/example_dag_decorator.py
[2023-11-08T14:47:37.321+0000] {logging_mixin.py:154} INFO - [2023-11-08T14:47:37.321+0000] {dag.py:2941} INFO - Sync 1 DAGs
[2023-11-08T14:47:37.329+0000] {logging_mixin.py:154} INFO - [2023-11-08T14:47:37.329+0000] {dag.py:3722} INFO - Setting next_dagrun for example_dag_decorator to None, run_after=None
[2023-11-08T14:47:37.341+0000] {processor.py:179} INFO - Processing /home/airflow/.local/lib/python3.11/site-packages/airflow/example_dags/example_dag_decorator.py took 0.268 seconds
[2023-11-08T14:48:07.416+0000] {processor.py:157} INFO - Started process (PID=4786) to work on /home/airflow/.local/lib/python3.11/site-packages/airflow/example_dags/example_dag_decorator.py
[2023-11-08T14:48:07.417+0000] {processor.py:829} INFO - Processing file /home/airflow/.local/lib/python3.11/site-packages/airflow/example_dags/example_dag_decorator.py for tasks to queue
[2023-11-08T14:48:07.418+0000] {logging_mixin.py:154} INFO - [2023-11-08T14:48:07.418+0000] {dagbag.py:536} INFO - Filling up the DagBag from /home/airflow/.local/lib/python3.11/site-packages/airflow/example_dags/example_dag_decorator.py
[2023-11-08T14:48:07.620+0000] {processor.py:839} INFO - DAG(s) dict_keys(['example_dag_decorator']) retrieved from /home/airflow/.local/lib/python3.11/site-packages/airflow/example_dags/example_dag_decorator.py
[2023-11-08T14:48:07.688+0000] {logging_mixin.py:154} INFO - [2023-11-08T14:48:07.688+0000] {dag.py:2941} INFO - Sync 1 DAGs
[2023-11-08T14:48:07.696+0000] {logging_mixin.py:154} INFO - [2023-11-08T14:48:07.696+0000] {dag.py:3722} INFO - Setting next_dagrun for example_dag_decorator to None, run_after=None
[2023-11-08T14:48:07.709+0000] {processor.py:179} INFO - Processing /home/airflow/.local/lib/python3.11/site-packages/airflow/example_dags/example_dag_decorator.py took 0.295 seconds
[2023-11-08T14:48:38.027+0000] {processor.py:157} INFO - Started process (PID=4860) to work on /home/airflow/.local/lib/python3.11/site-packages/airflow/example_dags/example_dag_decorator.py
[2023-11-08T14:48:38.028+0000] {processor.py:829} INFO - Processing file /home/airflow/.local/lib/python3.11/site-packages/airflow/example_dags/example_dag_decorator.py for tasks to queue
[2023-11-08T14:48:38.030+0000] {logging_mixin.py:154} INFO - [2023-11-08T14:48:38.030+0000] {dagbag.py:536} INFO - Filling up the DagBag from /home/airflow/.local/lib/python3.11/site-packages/airflow/example_dags/example_dag_decorator.py
[2023-11-08T14:48:38.080+0000] {processor.py:839} INFO - DAG(s) dict_keys(['example_dag_decorator']) retrieved from /home/airflow/.local/lib/python3.11/site-packages/airflow/example_dags/example_dag_decorator.py
[2023-11-08T14:48:38.321+0000] {logging_mixin.py:154} INFO - [2023-11-08T14:48:38.321+0000] {dag.py:2941} INFO - Sync 1 DAGs
[2023-11-08T14:48:38.333+0000] {logging_mixin.py:154} INFO - [2023-11-08T14:48:38.333+0000] {dag.py:3722} INFO - Setting next_dagrun for example_dag_decorator to None, run_after=None
[2023-11-08T14:48:38.350+0000] {processor.py:179} INFO - Processing /home/airflow/.local/lib/python3.11/site-packages/airflow/example_dags/example_dag_decorator.py took 0.325 seconds
[2023-11-08T14:49:08.742+0000] {processor.py:157} INFO - Started process (PID=4937) to work on /home/airflow/.local/lib/python3.11/site-packages/airflow/example_dags/example_dag_decorator.py
[2023-11-08T14:49:08.743+0000] {processor.py:829} INFO - Processing file /home/airflow/.local/lib/python3.11/site-packages/airflow/example_dags/example_dag_decorator.py for tasks to queue
[2023-11-08T14:49:08.746+0000] {logging_mixin.py:154} INFO - [2023-11-08T14:49:08.745+0000] {dagbag.py:536} INFO - Filling up the DagBag from /home/airflow/.local/lib/python3.11/site-packages/airflow/example_dags/example_dag_decorator.py
[2023-11-08T14:49:09.190+0000] {processor.py:839} INFO - DAG(s) dict_keys(['example_dag_decorator']) retrieved from /home/airflow/.local/lib/python3.11/site-packages/airflow/example_dags/example_dag_decorator.py
[2023-11-08T14:49:09.365+0000] {logging_mixin.py:154} INFO - [2023-11-08T14:49:09.365+0000] {dag.py:2941} INFO - Sync 1 DAGs
[2023-11-08T14:49:09.386+0000] {logging_mixin.py:154} INFO - [2023-11-08T14:49:09.386+0000] {dag.py:3722} INFO - Setting next_dagrun for example_dag_decorator to None, run_after=None
[2023-11-08T14:49:09.446+0000] {processor.py:179} INFO - Processing /home/airflow/.local/lib/python3.11/site-packages/airflow/example_dags/example_dag_decorator.py took 0.708 seconds
[2023-11-08T14:49:39.786+0000] {processor.py:157} INFO - Started process (PID=5013) to work on /home/airflow/.local/lib/python3.11/site-packages/airflow/example_dags/example_dag_decorator.py
[2023-11-08T14:49:39.787+0000] {processor.py:829} INFO - Processing file /home/airflow/.local/lib/python3.11/site-packages/airflow/example_dags/example_dag_decorator.py for tasks to queue
[2023-11-08T14:49:39.788+0000] {logging_mixin.py:154} INFO - [2023-11-08T14:49:39.788+0000] {dagbag.py:536} INFO - Filling up the DagBag from /home/airflow/.local/lib/python3.11/site-packages/airflow/example_dags/example_dag_decorator.py
[2023-11-08T14:49:39.838+0000] {processor.py:839} INFO - DAG(s) dict_keys(['example_dag_decorator']) retrieved from /home/airflow/.local/lib/python3.11/site-packages/airflow/example_dags/example_dag_decorator.py
[2023-11-08T14:49:39.916+0000] {logging_mixin.py:154} INFO - [2023-11-08T14:49:39.915+0000] {dag.py:2941} INFO - Sync 1 DAGs
[2023-11-08T14:49:39.924+0000] {logging_mixin.py:154} INFO - [2023-11-08T14:49:39.923+0000] {dag.py:3722} INFO - Setting next_dagrun for example_dag_decorator to None, run_after=None
[2023-11-08T14:49:39.937+0000] {processor.py:179} INFO - Processing /home/airflow/.local/lib/python3.11/site-packages/airflow/example_dags/example_dag_decorator.py took 0.154 seconds
[2023-11-08T14:50:10.028+0000] {processor.py:157} INFO - Started process (PID=5089) to work on /home/airflow/.local/lib/python3.11/site-packages/airflow/example_dags/example_dag_decorator.py
[2023-11-08T14:50:10.028+0000] {processor.py:829} INFO - Processing file /home/airflow/.local/lib/python3.11/site-packages/airflow/example_dags/example_dag_decorator.py for tasks to queue
[2023-11-08T14:50:10.030+0000] {logging_mixin.py:154} INFO - [2023-11-08T14:50:10.029+0000] {dagbag.py:536} INFO - Filling up the DagBag from /home/airflow/.local/lib/python3.11/site-packages/airflow/example_dags/example_dag_decorator.py
[2023-11-08T14:50:10.079+0000] {processor.py:839} INFO - DAG(s) dict_keys(['example_dag_decorator']) retrieved from /home/airflow/.local/lib/python3.11/site-packages/airflow/example_dags/example_dag_decorator.py
[2023-11-08T14:50:10.156+0000] {logging_mixin.py:154} INFO - [2023-11-08T14:50:10.155+0000] {dag.py:2941} INFO - Sync 1 DAGs
[2023-11-08T14:50:10.164+0000] {logging_mixin.py:154} INFO - [2023-11-08T14:50:10.164+0000] {dag.py:3722} INFO - Setting next_dagrun for example_dag_decorator to None, run_after=None
[2023-11-08T14:50:10.178+0000] {processor.py:179} INFO - Processing /home/airflow/.local/lib/python3.11/site-packages/airflow/example_dags/example_dag_decorator.py took 0.152 seconds
[2023-11-08T14:50:40.315+0000] {processor.py:157} INFO - Started process (PID=5165) to work on /home/airflow/.local/lib/python3.11/site-packages/airflow/example_dags/example_dag_decorator.py
[2023-11-08T14:50:40.319+0000] {processor.py:829} INFO - Processing file /home/airflow/.local/lib/python3.11/site-packages/airflow/example_dags/example_dag_decorator.py for tasks to queue
[2023-11-08T14:50:40.321+0000] {logging_mixin.py:154} INFO - [2023-11-08T14:50:40.321+0000] {dagbag.py:536} INFO - Filling up the DagBag from /home/airflow/.local/lib/python3.11/site-packages/airflow/example_dags/example_dag_decorator.py
[2023-11-08T14:50:40.370+0000] {processor.py:839} INFO - DAG(s) dict_keys(['example_dag_decorator']) retrieved from /home/airflow/.local/lib/python3.11/site-packages/airflow/example_dags/example_dag_decorator.py
[2023-11-08T14:50:40.447+0000] {logging_mixin.py:154} INFO - [2023-11-08T14:50:40.447+0000] {dag.py:2941} INFO - Sync 1 DAGs
[2023-11-08T14:50:40.455+0000] {logging_mixin.py:154} INFO - [2023-11-08T14:50:40.455+0000] {dag.py:3722} INFO - Setting next_dagrun for example_dag_decorator to None, run_after=None
[2023-11-08T14:50:40.468+0000] {processor.py:179} INFO - Processing /home/airflow/.local/lib/python3.11/site-packages/airflow/example_dags/example_dag_decorator.py took 0.155 seconds
[2023-11-08T14:51:10.608+0000] {processor.py:157} INFO - Started process (PID=5241) to work on /home/airflow/.local/lib/python3.11/site-packages/airflow/example_dags/example_dag_decorator.py
[2023-11-08T14:51:10.609+0000] {processor.py:829} INFO - Processing file /home/airflow/.local/lib/python3.11/site-packages/airflow/example_dags/example_dag_decorator.py for tasks to queue
[2023-11-08T14:51:10.610+0000] {logging_mixin.py:154} INFO - [2023-11-08T14:51:10.610+0000] {dagbag.py:536} INFO - Filling up the DagBag from /home/airflow/.local/lib/python3.11/site-packages/airflow/example_dags/example_dag_decorator.py
[2023-11-08T14:51:10.660+0000] {processor.py:839} INFO - DAG(s) dict_keys(['example_dag_decorator']) retrieved from /home/airflow/.local/lib/python3.11/site-packages/airflow/example_dags/example_dag_decorator.py
[2023-11-08T14:51:10.734+0000] {logging_mixin.py:154} INFO - [2023-11-08T14:51:10.733+0000] {dag.py:2941} INFO - Sync 1 DAGs
[2023-11-08T14:51:10.742+0000] {logging_mixin.py:154} INFO - [2023-11-08T14:51:10.741+0000] {dag.py:3722} INFO - Setting next_dagrun for example_dag_decorator to None, run_after=None
[2023-11-08T14:51:10.756+0000] {processor.py:179} INFO - Processing /home/airflow/.local/lib/python3.11/site-packages/airflow/example_dags/example_dag_decorator.py took 0.150 seconds
[2023-11-08T14:51:41.177+0000] {processor.py:157} INFO - Started process (PID=5317) to work on /home/airflow/.local/lib/python3.11/site-packages/airflow/example_dags/example_dag_decorator.py
[2023-11-08T14:51:41.179+0000] {processor.py:829} INFO - Processing file /home/airflow/.local/lib/python3.11/site-packages/airflow/example_dags/example_dag_decorator.py for tasks to queue
[2023-11-08T14:51:41.184+0000] {logging_mixin.py:154} INFO - [2023-11-08T14:51:41.184+0000] {dagbag.py:536} INFO - Filling up the DagBag from /home/airflow/.local/lib/python3.11/site-packages/airflow/example_dags/example_dag_decorator.py
[2023-11-08T14:51:41.350+0000] {processor.py:839} INFO - DAG(s) dict_keys(['example_dag_decorator']) retrieved from /home/airflow/.local/lib/python3.11/site-packages/airflow/example_dags/example_dag_decorator.py
[2023-11-08T14:51:41.520+0000] {logging_mixin.py:154} INFO - [2023-11-08T14:51:41.520+0000] {dag.py:2941} INFO - Sync 1 DAGs
[2023-11-08T14:51:41.540+0000] {logging_mixin.py:154} INFO - [2023-11-08T14:51:41.540+0000] {dag.py:3722} INFO - Setting next_dagrun for example_dag_decorator to None, run_after=None
[2023-11-08T14:51:41.557+0000] {processor.py:179} INFO - Processing /home/airflow/.local/lib/python3.11/site-packages/airflow/example_dags/example_dag_decorator.py took 0.400 seconds
[2023-11-08T14:52:12.241+0000] {processor.py:157} INFO - Started process (PID=5393) to work on /home/airflow/.local/lib/python3.11/site-packages/airflow/example_dags/example_dag_decorator.py
[2023-11-08T14:52:12.242+0000] {processor.py:829} INFO - Processing file /home/airflow/.local/lib/python3.11/site-packages/airflow/example_dags/example_dag_decorator.py for tasks to queue
[2023-11-08T14:52:12.244+0000] {logging_mixin.py:154} INFO - [2023-11-08T14:52:12.243+0000] {dagbag.py:536} INFO - Filling up the DagBag from /home/airflow/.local/lib/python3.11/site-packages/airflow/example_dags/example_dag_decorator.py
[2023-11-08T14:52:12.325+0000] {processor.py:839} INFO - DAG(s) dict_keys(['example_dag_decorator']) retrieved from /home/airflow/.local/lib/python3.11/site-packages/airflow/example_dags/example_dag_decorator.py
[2023-11-08T14:52:12.448+0000] {logging_mixin.py:154} INFO - [2023-11-08T14:52:12.448+0000] {dag.py:2941} INFO - Sync 1 DAGs
[2023-11-08T14:52:12.456+0000] {logging_mixin.py:154} INFO - [2023-11-08T14:52:12.456+0000] {dag.py:3722} INFO - Setting next_dagrun for example_dag_decorator to None, run_after=None
[2023-11-08T14:52:12.469+0000] {processor.py:179} INFO - Processing /home/airflow/.local/lib/python3.11/site-packages/airflow/example_dags/example_dag_decorator.py took 0.230 seconds
