[2023-11-08T14:16:27.510+0000] {processor.py:157} INFO - Started process (PID=101) to work on /home/airflow/.local/lib/python3.11/site-packages/airflow/example_dags/example_bash_operator.py
[2023-11-08T14:16:27.511+0000] {processor.py:829} INFO - Processing file /home/airflow/.local/lib/python3.11/site-packages/airflow/example_dags/example_bash_operator.py for tasks to queue
[2023-11-08T14:16:27.523+0000] {logging_mixin.py:154} INFO - [2023-11-08T14:16:27.520+0000] {dagbag.py:536} INFO - Filling up the DagBag from /home/airflow/.local/lib/python3.11/site-packages/airflow/example_dags/example_bash_operator.py
[2023-11-08T14:16:27.560+0000] {processor.py:839} INFO - DAG(s) dict_keys(['example_bash_operator']) retrieved from /home/airflow/.local/lib/python3.11/site-packages/airflow/example_dags/example_bash_operator.py
[2023-11-08T14:16:27.961+0000] {logging_mixin.py:154} INFO - [2023-11-08T14:16:27.961+0000] {manager.py:499} INFO - Created Permission View: %s
[2023-11-08T14:16:28.004+0000] {logging_mixin.py:154} INFO - [2023-11-08T14:16:28.003+0000] {manager.py:499} INFO - Created Permission View: %s
[2023-11-08T14:16:28.025+0000] {logging_mixin.py:154} INFO - [2023-11-08T14:16:28.024+0000] {manager.py:499} INFO - Created Permission View: %s
[2023-11-08T14:16:28.025+0000] {logging_mixin.py:154} INFO - [2023-11-08T14:16:28.025+0000] {dag.py:2941} INFO - Sync 1 DAGs
[2023-11-08T14:16:28.071+0000] {logging_mixin.py:154} INFO - [2023-11-08T14:16:28.071+0000] {dag.py:2963} INFO - Creating ORM DAG for example_bash_operator
[2023-11-08T14:16:28.111+0000] {logging_mixin.py:154} INFO - [2023-11-08T14:16:28.111+0000] {dag.py:3722} INFO - Setting next_dagrun for example_bash_operator to 2023-11-07T00:00:00+00:00, run_after=2023-11-08T00:00:00+00:00
[2023-11-08T14:16:28.171+0000] {processor.py:179} INFO - Processing /home/airflow/.local/lib/python3.11/site-packages/airflow/example_dags/example_bash_operator.py took 0.673 seconds
[2023-11-08T14:16:58.331+0000] {processor.py:157} INFO - Started process (PID=177) to work on /home/airflow/.local/lib/python3.11/site-packages/airflow/example_dags/example_bash_operator.py
[2023-11-08T14:16:58.333+0000] {processor.py:829} INFO - Processing file /home/airflow/.local/lib/python3.11/site-packages/airflow/example_dags/example_bash_operator.py for tasks to queue
[2023-11-08T14:16:58.337+0000] {logging_mixin.py:154} INFO - [2023-11-08T14:16:58.336+0000] {dagbag.py:536} INFO - Filling up the DagBag from /home/airflow/.local/lib/python3.11/site-packages/airflow/example_dags/example_bash_operator.py
[2023-11-08T14:16:58.353+0000] {processor.py:839} INFO - DAG(s) dict_keys(['example_bash_operator']) retrieved from /home/airflow/.local/lib/python3.11/site-packages/airflow/example_dags/example_bash_operator.py
[2023-11-08T14:16:58.399+0000] {logging_mixin.py:154} INFO - [2023-11-08T14:16:58.399+0000] {dag.py:2941} INFO - Sync 1 DAGs
[2023-11-08T14:16:58.437+0000] {logging_mixin.py:154} INFO - [2023-11-08T14:16:58.436+0000] {dag.py:3722} INFO - Setting next_dagrun for example_bash_operator to 2023-11-07T00:00:00+00:00, run_after=2023-11-08T00:00:00+00:00
[2023-11-08T14:16:58.468+0000] {processor.py:179} INFO - Processing /home/airflow/.local/lib/python3.11/site-packages/airflow/example_dags/example_bash_operator.py took 0.141 seconds
[2023-11-08T14:17:29.396+0000] {processor.py:157} INFO - Started process (PID=253) to work on /home/airflow/.local/lib/python3.11/site-packages/airflow/example_dags/example_bash_operator.py
[2023-11-08T14:17:29.400+0000] {processor.py:829} INFO - Processing file /home/airflow/.local/lib/python3.11/site-packages/airflow/example_dags/example_bash_operator.py for tasks to queue
[2023-11-08T14:17:29.412+0000] {logging_mixin.py:154} INFO - [2023-11-08T14:17:29.408+0000] {dagbag.py:536} INFO - Filling up the DagBag from /home/airflow/.local/lib/python3.11/site-packages/airflow/example_dags/example_bash_operator.py
[2023-11-08T14:17:29.458+0000] {processor.py:839} INFO - DAG(s) dict_keys(['example_bash_operator']) retrieved from /home/airflow/.local/lib/python3.11/site-packages/airflow/example_dags/example_bash_operator.py
[2023-11-08T14:17:29.521+0000] {logging_mixin.py:154} INFO - [2023-11-08T14:17:29.521+0000] {dag.py:2941} INFO - Sync 1 DAGs
[2023-11-08T14:17:29.567+0000] {logging_mixin.py:154} INFO - [2023-11-08T14:17:29.567+0000] {dag.py:3722} INFO - Setting next_dagrun for example_bash_operator to 2023-11-07T00:00:00+00:00, run_after=2023-11-08T00:00:00+00:00
[2023-11-08T14:17:29.610+0000] {processor.py:179} INFO - Processing /home/airflow/.local/lib/python3.11/site-packages/airflow/example_dags/example_bash_operator.py took 0.228 seconds
[2023-11-08T14:17:59.703+0000] {processor.py:157} INFO - Started process (PID=329) to work on /home/airflow/.local/lib/python3.11/site-packages/airflow/example_dags/example_bash_operator.py
[2023-11-08T14:17:59.919+0000] {processor.py:829} INFO - Processing file /home/airflow/.local/lib/python3.11/site-packages/airflow/example_dags/example_bash_operator.py for tasks to queue
[2023-11-08T14:17:59.925+0000] {logging_mixin.py:154} INFO - [2023-11-08T14:17:59.924+0000] {dagbag.py:536} INFO - Filling up the DagBag from /home/airflow/.local/lib/python3.11/site-packages/airflow/example_dags/example_bash_operator.py
[2023-11-08T14:17:59.956+0000] {processor.py:839} INFO - DAG(s) dict_keys(['example_bash_operator']) retrieved from /home/airflow/.local/lib/python3.11/site-packages/airflow/example_dags/example_bash_operator.py
[2023-11-08T14:18:00.006+0000] {logging_mixin.py:154} INFO - [2023-11-08T14:18:00.006+0000] {dag.py:2941} INFO - Sync 1 DAGs
[2023-11-08T14:18:00.060+0000] {logging_mixin.py:154} INFO - [2023-11-08T14:18:00.059+0000] {dag.py:3722} INFO - Setting next_dagrun for example_bash_operator to 2023-11-07T00:00:00+00:00, run_after=2023-11-08T00:00:00+00:00
[2023-11-08T14:18:00.096+0000] {processor.py:179} INFO - Processing /home/airflow/.local/lib/python3.11/site-packages/airflow/example_dags/example_bash_operator.py took 0.397 seconds
[2023-11-08T14:18:30.801+0000] {processor.py:157} INFO - Started process (PID=405) to work on /home/airflow/.local/lib/python3.11/site-packages/airflow/example_dags/example_bash_operator.py
[2023-11-08T14:18:30.805+0000] {processor.py:829} INFO - Processing file /home/airflow/.local/lib/python3.11/site-packages/airflow/example_dags/example_bash_operator.py for tasks to queue
[2023-11-08T14:18:30.814+0000] {logging_mixin.py:154} INFO - [2023-11-08T14:18:30.814+0000] {dagbag.py:536} INFO - Filling up the DagBag from /home/airflow/.local/lib/python3.11/site-packages/airflow/example_dags/example_bash_operator.py
[2023-11-08T14:18:30.892+0000] {processor.py:839} INFO - DAG(s) dict_keys(['example_bash_operator']) retrieved from /home/airflow/.local/lib/python3.11/site-packages/airflow/example_dags/example_bash_operator.py
[2023-11-08T14:18:31.051+0000] {logging_mixin.py:154} INFO - [2023-11-08T14:18:31.050+0000] {dag.py:2941} INFO - Sync 1 DAGs
[2023-11-08T14:18:31.178+0000] {logging_mixin.py:154} INFO - [2023-11-08T14:18:31.177+0000] {dag.py:3722} INFO - Setting next_dagrun for example_bash_operator to 2023-11-07T00:00:00+00:00, run_after=2023-11-08T00:00:00+00:00
[2023-11-08T14:18:31.277+0000] {processor.py:179} INFO - Processing /home/airflow/.local/lib/python3.11/site-packages/airflow/example_dags/example_bash_operator.py took 0.496 seconds
[2023-11-08T14:19:02.064+0000] {processor.py:157} INFO - Started process (PID=481) to work on /home/airflow/.local/lib/python3.11/site-packages/airflow/example_dags/example_bash_operator.py
[2023-11-08T14:19:02.079+0000] {processor.py:829} INFO - Processing file /home/airflow/.local/lib/python3.11/site-packages/airflow/example_dags/example_bash_operator.py for tasks to queue
[2023-11-08T14:19:02.082+0000] {logging_mixin.py:154} INFO - [2023-11-08T14:19:02.081+0000] {dagbag.py:536} INFO - Filling up the DagBag from /home/airflow/.local/lib/python3.11/site-packages/airflow/example_dags/example_bash_operator.py
[2023-11-08T14:19:02.426+0000] {processor.py:839} INFO - DAG(s) dict_keys(['example_bash_operator']) retrieved from /home/airflow/.local/lib/python3.11/site-packages/airflow/example_dags/example_bash_operator.py
[2023-11-08T14:19:02.605+0000] {logging_mixin.py:154} INFO - [2023-11-08T14:19:02.605+0000] {dag.py:2941} INFO - Sync 1 DAGs
[2023-11-08T14:19:05.092+0000] {logging_mixin.py:154} INFO - [2023-11-08T14:19:05.074+0000] {dag.py:3722} INFO - Setting next_dagrun for example_bash_operator to 2023-11-07T00:00:00+00:00, run_after=2023-11-08T00:00:00+00:00
[2023-11-08T14:19:07.855+0000] {processor.py:179} INFO - Processing /home/airflow/.local/lib/python3.11/site-packages/airflow/example_dags/example_bash_operator.py took 5.796 seconds
[2023-11-08T14:19:40.199+0000] {processor.py:157} INFO - Started process (PID=556) to work on /home/airflow/.local/lib/python3.11/site-packages/airflow/example_dags/example_bash_operator.py
[2023-11-08T14:19:40.202+0000] {processor.py:829} INFO - Processing file /home/airflow/.local/lib/python3.11/site-packages/airflow/example_dags/example_bash_operator.py for tasks to queue
[2023-11-08T14:19:40.207+0000] {logging_mixin.py:154} INFO - [2023-11-08T14:19:40.206+0000] {dagbag.py:536} INFO - Filling up the DagBag from /home/airflow/.local/lib/python3.11/site-packages/airflow/example_dags/example_bash_operator.py
[2023-11-08T14:19:40.291+0000] {processor.py:839} INFO - DAG(s) dict_keys(['example_bash_operator']) retrieved from /home/airflow/.local/lib/python3.11/site-packages/airflow/example_dags/example_bash_operator.py
[2023-11-08T14:19:40.492+0000] {logging_mixin.py:154} INFO - [2023-11-08T14:19:40.492+0000] {dag.py:2941} INFO - Sync 1 DAGs
[2023-11-08T14:19:40.707+0000] {logging_mixin.py:154} INFO - [2023-11-08T14:19:40.706+0000] {dag.py:3722} INFO - Setting next_dagrun for example_bash_operator to 2023-11-07T00:00:00+00:00, run_after=2023-11-08T00:00:00+00:00
[2023-11-08T14:19:40.805+0000] {processor.py:179} INFO - Processing /home/airflow/.local/lib/python3.11/site-packages/airflow/example_dags/example_bash_operator.py took 0.615 seconds
[2023-11-08T14:20:11.501+0000] {processor.py:157} INFO - Started process (PID=633) to work on /home/airflow/.local/lib/python3.11/site-packages/airflow/example_dags/example_bash_operator.py
[2023-11-08T14:20:11.503+0000] {processor.py:829} INFO - Processing file /home/airflow/.local/lib/python3.11/site-packages/airflow/example_dags/example_bash_operator.py for tasks to queue
[2023-11-08T14:20:11.506+0000] {logging_mixin.py:154} INFO - [2023-11-08T14:20:11.506+0000] {dagbag.py:536} INFO - Filling up the DagBag from /home/airflow/.local/lib/python3.11/site-packages/airflow/example_dags/example_bash_operator.py
[2023-11-08T14:20:11.526+0000] {processor.py:839} INFO - DAG(s) dict_keys(['example_bash_operator']) retrieved from /home/airflow/.local/lib/python3.11/site-packages/airflow/example_dags/example_bash_operator.py
[2023-11-08T14:20:11.583+0000] {logging_mixin.py:154} INFO - [2023-11-08T14:20:11.583+0000] {dag.py:2941} INFO - Sync 1 DAGs
[2023-11-08T14:20:11.636+0000] {logging_mixin.py:154} INFO - [2023-11-08T14:20:11.635+0000] {dag.py:3722} INFO - Setting next_dagrun for example_bash_operator to 2023-11-07T00:00:00+00:00, run_after=2023-11-08T00:00:00+00:00
[2023-11-08T14:20:11.673+0000] {processor.py:179} INFO - Processing /home/airflow/.local/lib/python3.11/site-packages/airflow/example_dags/example_bash_operator.py took 0.177 seconds
[2023-11-08T14:20:42.200+0000] {processor.py:157} INFO - Started process (PID=709) to work on /home/airflow/.local/lib/python3.11/site-packages/airflow/example_dags/example_bash_operator.py
[2023-11-08T14:20:42.202+0000] {processor.py:829} INFO - Processing file /home/airflow/.local/lib/python3.11/site-packages/airflow/example_dags/example_bash_operator.py for tasks to queue
[2023-11-08T14:20:42.206+0000] {logging_mixin.py:154} INFO - [2023-11-08T14:20:42.205+0000] {dagbag.py:536} INFO - Filling up the DagBag from /home/airflow/.local/lib/python3.11/site-packages/airflow/example_dags/example_bash_operator.py
[2023-11-08T14:20:42.242+0000] {processor.py:839} INFO - DAG(s) dict_keys(['example_bash_operator']) retrieved from /home/airflow/.local/lib/python3.11/site-packages/airflow/example_dags/example_bash_operator.py
[2023-11-08T14:20:42.322+0000] {logging_mixin.py:154} INFO - [2023-11-08T14:20:42.321+0000] {dag.py:2941} INFO - Sync 1 DAGs
[2023-11-08T14:20:42.396+0000] {logging_mixin.py:154} INFO - [2023-11-08T14:20:42.395+0000] {dag.py:3722} INFO - Setting next_dagrun for example_bash_operator to 2023-11-07T00:00:00+00:00, run_after=2023-11-08T00:00:00+00:00
[2023-11-08T14:20:42.446+0000] {processor.py:179} INFO - Processing /home/airflow/.local/lib/python3.11/site-packages/airflow/example_dags/example_bash_operator.py took 0.252 seconds
[2023-11-08T14:21:12.573+0000] {processor.py:157} INFO - Started process (PID=785) to work on /home/airflow/.local/lib/python3.11/site-packages/airflow/example_dags/example_bash_operator.py
[2023-11-08T14:21:12.576+0000] {processor.py:829} INFO - Processing file /home/airflow/.local/lib/python3.11/site-packages/airflow/example_dags/example_bash_operator.py for tasks to queue
[2023-11-08T14:21:12.580+0000] {logging_mixin.py:154} INFO - [2023-11-08T14:21:12.579+0000] {dagbag.py:536} INFO - Filling up the DagBag from /home/airflow/.local/lib/python3.11/site-packages/airflow/example_dags/example_bash_operator.py
[2023-11-08T14:21:12.614+0000] {processor.py:839} INFO - DAG(s) dict_keys(['example_bash_operator']) retrieved from /home/airflow/.local/lib/python3.11/site-packages/airflow/example_dags/example_bash_operator.py
[2023-11-08T14:21:12.689+0000] {logging_mixin.py:154} INFO - [2023-11-08T14:21:12.688+0000] {dag.py:2941} INFO - Sync 1 DAGs
[2023-11-08T14:21:12.753+0000] {logging_mixin.py:154} INFO - [2023-11-08T14:21:12.752+0000] {dag.py:3722} INFO - Setting next_dagrun for example_bash_operator to 2023-11-07T00:00:00+00:00, run_after=2023-11-08T00:00:00+00:00
[2023-11-08T14:21:12.808+0000] {processor.py:179} INFO - Processing /home/airflow/.local/lib/python3.11/site-packages/airflow/example_dags/example_bash_operator.py took 0.247 seconds
[2023-11-08T14:21:43.299+0000] {processor.py:157} INFO - Started process (PID=860) to work on /home/airflow/.local/lib/python3.11/site-packages/airflow/example_dags/example_bash_operator.py
[2023-11-08T14:21:43.302+0000] {processor.py:829} INFO - Processing file /home/airflow/.local/lib/python3.11/site-packages/airflow/example_dags/example_bash_operator.py for tasks to queue
[2023-11-08T14:21:43.305+0000] {logging_mixin.py:154} INFO - [2023-11-08T14:21:43.304+0000] {dagbag.py:536} INFO - Filling up the DagBag from /home/airflow/.local/lib/python3.11/site-packages/airflow/example_dags/example_bash_operator.py
[2023-11-08T14:21:43.324+0000] {processor.py:839} INFO - DAG(s) dict_keys(['example_bash_operator']) retrieved from /home/airflow/.local/lib/python3.11/site-packages/airflow/example_dags/example_bash_operator.py
[2023-11-08T14:21:43.380+0000] {logging_mixin.py:154} INFO - [2023-11-08T14:21:43.380+0000] {dag.py:2941} INFO - Sync 1 DAGs
[2023-11-08T14:21:43.424+0000] {logging_mixin.py:154} INFO - [2023-11-08T14:21:43.424+0000] {dag.py:3722} INFO - Setting next_dagrun for example_bash_operator to 2023-11-07T00:00:00+00:00, run_after=2023-11-08T00:00:00+00:00
[2023-11-08T14:21:43.468+0000] {processor.py:179} INFO - Processing /home/airflow/.local/lib/python3.11/site-packages/airflow/example_dags/example_bash_operator.py took 0.175 seconds
[2023-11-08T14:22:13.905+0000] {processor.py:157} INFO - Started process (PID=935) to work on /home/airflow/.local/lib/python3.11/site-packages/airflow/example_dags/example_bash_operator.py
[2023-11-08T14:22:13.906+0000] {processor.py:829} INFO - Processing file /home/airflow/.local/lib/python3.11/site-packages/airflow/example_dags/example_bash_operator.py for tasks to queue
[2023-11-08T14:22:13.910+0000] {logging_mixin.py:154} INFO - [2023-11-08T14:22:13.910+0000] {dagbag.py:536} INFO - Filling up the DagBag from /home/airflow/.local/lib/python3.11/site-packages/airflow/example_dags/example_bash_operator.py
[2023-11-08T14:22:13.932+0000] {processor.py:839} INFO - DAG(s) dict_keys(['example_bash_operator']) retrieved from /home/airflow/.local/lib/python3.11/site-packages/airflow/example_dags/example_bash_operator.py
[2023-11-08T14:22:13.985+0000] {logging_mixin.py:154} INFO - [2023-11-08T14:22:13.985+0000] {dag.py:2941} INFO - Sync 1 DAGs
[2023-11-08T14:22:14.037+0000] {logging_mixin.py:154} INFO - [2023-11-08T14:22:14.037+0000] {dag.py:3722} INFO - Setting next_dagrun for example_bash_operator to 2023-11-07T00:00:00+00:00, run_after=2023-11-08T00:00:00+00:00
[2023-11-08T14:22:14.072+0000] {processor.py:179} INFO - Processing /home/airflow/.local/lib/python3.11/site-packages/airflow/example_dags/example_bash_operator.py took 0.171 seconds
[2023-11-08T14:22:44.128+0000] {processor.py:157} INFO - Started process (PID=1011) to work on /home/airflow/.local/lib/python3.11/site-packages/airflow/example_dags/example_bash_operator.py
[2023-11-08T14:22:44.129+0000] {processor.py:829} INFO - Processing file /home/airflow/.local/lib/python3.11/site-packages/airflow/example_dags/example_bash_operator.py for tasks to queue
[2023-11-08T14:22:44.132+0000] {logging_mixin.py:154} INFO - [2023-11-08T14:22:44.132+0000] {dagbag.py:536} INFO - Filling up the DagBag from /home/airflow/.local/lib/python3.11/site-packages/airflow/example_dags/example_bash_operator.py
[2023-11-08T14:22:44.153+0000] {processor.py:839} INFO - DAG(s) dict_keys(['example_bash_operator']) retrieved from /home/airflow/.local/lib/python3.11/site-packages/airflow/example_dags/example_bash_operator.py
[2023-11-08T14:22:44.206+0000] {logging_mixin.py:154} INFO - [2023-11-08T14:22:44.205+0000] {dag.py:2941} INFO - Sync 1 DAGs
[2023-11-08T14:22:44.254+0000] {logging_mixin.py:154} INFO - [2023-11-08T14:22:44.254+0000] {dag.py:3722} INFO - Setting next_dagrun for example_bash_operator to 2023-11-07T00:00:00+00:00, run_after=2023-11-08T00:00:00+00:00
[2023-11-08T14:22:44.304+0000] {processor.py:179} INFO - Processing /home/airflow/.local/lib/python3.11/site-packages/airflow/example_dags/example_bash_operator.py took 0.182 seconds
[2023-11-08T14:23:15.408+0000] {processor.py:157} INFO - Started process (PID=1087) to work on /home/airflow/.local/lib/python3.11/site-packages/airflow/example_dags/example_bash_operator.py
[2023-11-08T14:23:15.410+0000] {processor.py:829} INFO - Processing file /home/airflow/.local/lib/python3.11/site-packages/airflow/example_dags/example_bash_operator.py for tasks to queue
[2023-11-08T14:23:15.416+0000] {logging_mixin.py:154} INFO - [2023-11-08T14:23:15.413+0000] {dagbag.py:536} INFO - Filling up the DagBag from /home/airflow/.local/lib/python3.11/site-packages/airflow/example_dags/example_bash_operator.py
[2023-11-08T14:23:15.453+0000] {processor.py:839} INFO - DAG(s) dict_keys(['example_bash_operator']) retrieved from /home/airflow/.local/lib/python3.11/site-packages/airflow/example_dags/example_bash_operator.py
[2023-11-08T14:23:15.551+0000] {logging_mixin.py:154} INFO - [2023-11-08T14:23:15.550+0000] {dag.py:2941} INFO - Sync 1 DAGs
[2023-11-08T14:23:15.649+0000] {logging_mixin.py:154} INFO - [2023-11-08T14:23:15.648+0000] {dag.py:3722} INFO - Setting next_dagrun for example_bash_operator to 2023-11-07T00:00:00+00:00, run_after=2023-11-08T00:00:00+00:00
[2023-11-08T14:23:15.714+0000] {processor.py:179} INFO - Processing /home/airflow/.local/lib/python3.11/site-packages/airflow/example_dags/example_bash_operator.py took 0.316 seconds
[2023-11-08T14:23:58.465+0000] {processor.py:157} INFO - Started process (PID=1164) to work on /home/airflow/.local/lib/python3.11/site-packages/airflow/example_dags/example_bash_operator.py
[2023-11-08T14:23:58.466+0000] {processor.py:829} INFO - Processing file /home/airflow/.local/lib/python3.11/site-packages/airflow/example_dags/example_bash_operator.py for tasks to queue
[2023-11-08T14:23:58.469+0000] {logging_mixin.py:154} INFO - [2023-11-08T14:23:58.468+0000] {dagbag.py:536} INFO - Filling up the DagBag from /home/airflow/.local/lib/python3.11/site-packages/airflow/example_dags/example_bash_operator.py
[2023-11-08T14:23:58.491+0000] {processor.py:839} INFO - DAG(s) dict_keys(['example_bash_operator']) retrieved from /home/airflow/.local/lib/python3.11/site-packages/airflow/example_dags/example_bash_operator.py
[2023-11-08T14:23:58.564+0000] {logging_mixin.py:154} INFO - [2023-11-08T14:23:58.563+0000] {dag.py:2941} INFO - Sync 1 DAGs
[2023-11-08T14:23:58.651+0000] {logging_mixin.py:154} INFO - [2023-11-08T14:23:58.650+0000] {dag.py:3722} INFO - Setting next_dagrun for example_bash_operator to 2023-11-07T00:00:00+00:00, run_after=2023-11-08T00:00:00+00:00
[2023-11-08T14:23:58.735+0000] {processor.py:179} INFO - Processing /home/airflow/.local/lib/python3.11/site-packages/airflow/example_dags/example_bash_operator.py took 0.275 seconds
[2023-11-08T14:24:36.209+0000] {processor.py:157} INFO - Started process (PID=1268) to work on /home/airflow/.local/lib/python3.11/site-packages/airflow/example_dags/example_bash_operator.py
[2023-11-08T14:24:36.211+0000] {processor.py:829} INFO - Processing file /home/airflow/.local/lib/python3.11/site-packages/airflow/example_dags/example_bash_operator.py for tasks to queue
[2023-11-08T14:24:36.220+0000] {logging_mixin.py:154} INFO - [2023-11-08T14:24:36.217+0000] {dagbag.py:536} INFO - Filling up the DagBag from /home/airflow/.local/lib/python3.11/site-packages/airflow/example_dags/example_bash_operator.py
[2023-11-08T14:24:36.310+0000] {processor.py:839} INFO - DAG(s) dict_keys(['example_bash_operator']) retrieved from /home/airflow/.local/lib/python3.11/site-packages/airflow/example_dags/example_bash_operator.py
[2023-11-08T14:24:36.569+0000] {logging_mixin.py:154} INFO - [2023-11-08T14:24:36.568+0000] {dag.py:2941} INFO - Sync 1 DAGs
[2023-11-08T14:24:36.756+0000] {logging_mixin.py:154} INFO - [2023-11-08T14:24:36.755+0000] {dag.py:3722} INFO - Setting next_dagrun for example_bash_operator to 2023-11-07T00:00:00+00:00, run_after=2023-11-08T00:00:00+00:00
[2023-11-08T14:24:36.862+0000] {processor.py:179} INFO - Processing /home/airflow/.local/lib/python3.11/site-packages/airflow/example_dags/example_bash_operator.py took 0.669 seconds
[2023-11-08T14:25:07.386+0000] {processor.py:157} INFO - Started process (PID=1344) to work on /home/airflow/.local/lib/python3.11/site-packages/airflow/example_dags/example_bash_operator.py
[2023-11-08T14:25:07.388+0000] {processor.py:829} INFO - Processing file /home/airflow/.local/lib/python3.11/site-packages/airflow/example_dags/example_bash_operator.py for tasks to queue
[2023-11-08T14:25:07.391+0000] {logging_mixin.py:154} INFO - [2023-11-08T14:25:07.391+0000] {dagbag.py:536} INFO - Filling up the DagBag from /home/airflow/.local/lib/python3.11/site-packages/airflow/example_dags/example_bash_operator.py
[2023-11-08T14:25:07.415+0000] {processor.py:839} INFO - DAG(s) dict_keys(['example_bash_operator']) retrieved from /home/airflow/.local/lib/python3.11/site-packages/airflow/example_dags/example_bash_operator.py
[2023-11-08T14:25:07.478+0000] {logging_mixin.py:154} INFO - [2023-11-08T14:25:07.478+0000] {dag.py:2941} INFO - Sync 1 DAGs
[2023-11-08T14:25:07.525+0000] {logging_mixin.py:154} INFO - [2023-11-08T14:25:07.525+0000] {dag.py:3722} INFO - Setting next_dagrun for example_bash_operator to 2023-11-07T00:00:00+00:00, run_after=2023-11-08T00:00:00+00:00
[2023-11-08T14:25:07.562+0000] {processor.py:179} INFO - Processing /home/airflow/.local/lib/python3.11/site-packages/airflow/example_dags/example_bash_operator.py took 0.181 seconds
[2023-11-08T14:25:38.025+0000] {processor.py:157} INFO - Started process (PID=1420) to work on /home/airflow/.local/lib/python3.11/site-packages/airflow/example_dags/example_bash_operator.py
[2023-11-08T14:25:38.027+0000] {processor.py:829} INFO - Processing file /home/airflow/.local/lib/python3.11/site-packages/airflow/example_dags/example_bash_operator.py for tasks to queue
[2023-11-08T14:25:38.031+0000] {logging_mixin.py:154} INFO - [2023-11-08T14:25:38.031+0000] {dagbag.py:536} INFO - Filling up the DagBag from /home/airflow/.local/lib/python3.11/site-packages/airflow/example_dags/example_bash_operator.py
[2023-11-08T14:25:38.052+0000] {processor.py:839} INFO - DAG(s) dict_keys(['example_bash_operator']) retrieved from /home/airflow/.local/lib/python3.11/site-packages/airflow/example_dags/example_bash_operator.py
[2023-11-08T14:25:38.101+0000] {logging_mixin.py:154} INFO - [2023-11-08T14:25:38.100+0000] {dag.py:2941} INFO - Sync 1 DAGs
[2023-11-08T14:25:38.147+0000] {logging_mixin.py:154} INFO - [2023-11-08T14:25:38.146+0000] {dag.py:3722} INFO - Setting next_dagrun for example_bash_operator to 2023-11-07T00:00:00+00:00, run_after=2023-11-08T00:00:00+00:00
[2023-11-08T14:25:38.183+0000] {processor.py:179} INFO - Processing /home/airflow/.local/lib/python3.11/site-packages/airflow/example_dags/example_bash_operator.py took 0.162 seconds
[2023-11-08T14:26:08.378+0000] {processor.py:157} INFO - Started process (PID=1496) to work on /home/airflow/.local/lib/python3.11/site-packages/airflow/example_dags/example_bash_operator.py
[2023-11-08T14:26:08.380+0000] {processor.py:829} INFO - Processing file /home/airflow/.local/lib/python3.11/site-packages/airflow/example_dags/example_bash_operator.py for tasks to queue
[2023-11-08T14:26:08.387+0000] {logging_mixin.py:154} INFO - [2023-11-08T14:26:08.386+0000] {dagbag.py:536} INFO - Filling up the DagBag from /home/airflow/.local/lib/python3.11/site-packages/airflow/example_dags/example_bash_operator.py
[2023-11-08T14:26:08.422+0000] {processor.py:839} INFO - DAG(s) dict_keys(['example_bash_operator']) retrieved from /home/airflow/.local/lib/python3.11/site-packages/airflow/example_dags/example_bash_operator.py
[2023-11-08T14:26:08.514+0000] {logging_mixin.py:154} INFO - [2023-11-08T14:26:08.514+0000] {dag.py:2941} INFO - Sync 1 DAGs
[2023-11-08T14:26:08.591+0000] {logging_mixin.py:154} INFO - [2023-11-08T14:26:08.590+0000] {dag.py:3722} INFO - Setting next_dagrun for example_bash_operator to 2023-11-07T00:00:00+00:00, run_after=2023-11-08T00:00:00+00:00
[2023-11-08T14:26:08.659+0000] {processor.py:179} INFO - Processing /home/airflow/.local/lib/python3.11/site-packages/airflow/example_dags/example_bash_operator.py took 0.289 seconds
[2023-11-08T14:26:39.429+0000] {processor.py:157} INFO - Started process (PID=1572) to work on /home/airflow/.local/lib/python3.11/site-packages/airflow/example_dags/example_bash_operator.py
[2023-11-08T14:26:39.430+0000] {processor.py:829} INFO - Processing file /home/airflow/.local/lib/python3.11/site-packages/airflow/example_dags/example_bash_operator.py for tasks to queue
[2023-11-08T14:26:39.434+0000] {logging_mixin.py:154} INFO - [2023-11-08T14:26:39.433+0000] {dagbag.py:536} INFO - Filling up the DagBag from /home/airflow/.local/lib/python3.11/site-packages/airflow/example_dags/example_bash_operator.py
[2023-11-08T14:26:39.453+0000] {processor.py:839} INFO - DAG(s) dict_keys(['example_bash_operator']) retrieved from /home/airflow/.local/lib/python3.11/site-packages/airflow/example_dags/example_bash_operator.py
[2023-11-08T14:26:39.504+0000] {logging_mixin.py:154} INFO - [2023-11-08T14:26:39.503+0000] {dag.py:2941} INFO - Sync 1 DAGs
[2023-11-08T14:26:39.545+0000] {logging_mixin.py:154} INFO - [2023-11-08T14:26:39.545+0000] {dag.py:3722} INFO - Setting next_dagrun for example_bash_operator to 2023-11-07T00:00:00+00:00, run_after=2023-11-08T00:00:00+00:00
[2023-11-08T14:26:39.579+0000] {processor.py:179} INFO - Processing /home/airflow/.local/lib/python3.11/site-packages/airflow/example_dags/example_bash_operator.py took 0.154 seconds
[2023-11-08T14:27:09.631+0000] {processor.py:157} INFO - Started process (PID=1648) to work on /home/airflow/.local/lib/python3.11/site-packages/airflow/example_dags/example_bash_operator.py
[2023-11-08T14:27:09.632+0000] {processor.py:829} INFO - Processing file /home/airflow/.local/lib/python3.11/site-packages/airflow/example_dags/example_bash_operator.py for tasks to queue
[2023-11-08T14:27:09.638+0000] {logging_mixin.py:154} INFO - [2023-11-08T14:27:09.637+0000] {dagbag.py:536} INFO - Filling up the DagBag from /home/airflow/.local/lib/python3.11/site-packages/airflow/example_dags/example_bash_operator.py
[2023-11-08T14:27:09.658+0000] {processor.py:839} INFO - DAG(s) dict_keys(['example_bash_operator']) retrieved from /home/airflow/.local/lib/python3.11/site-packages/airflow/example_dags/example_bash_operator.py
[2023-11-08T14:27:09.714+0000] {logging_mixin.py:154} INFO - [2023-11-08T14:27:09.713+0000] {dag.py:2941} INFO - Sync 1 DAGs
[2023-11-08T14:27:09.763+0000] {logging_mixin.py:154} INFO - [2023-11-08T14:27:09.763+0000] {dag.py:3722} INFO - Setting next_dagrun for example_bash_operator to 2023-11-07T00:00:00+00:00, run_after=2023-11-08T00:00:00+00:00
[2023-11-08T14:27:09.798+0000] {processor.py:179} INFO - Processing /home/airflow/.local/lib/python3.11/site-packages/airflow/example_dags/example_bash_operator.py took 0.172 seconds
[2023-11-08T14:27:39.910+0000] {processor.py:157} INFO - Started process (PID=1723) to work on /home/airflow/.local/lib/python3.11/site-packages/airflow/example_dags/example_bash_operator.py
[2023-11-08T14:27:39.911+0000] {processor.py:829} INFO - Processing file /home/airflow/.local/lib/python3.11/site-packages/airflow/example_dags/example_bash_operator.py for tasks to queue
[2023-11-08T14:27:39.915+0000] {logging_mixin.py:154} INFO - [2023-11-08T14:27:39.915+0000] {dagbag.py:536} INFO - Filling up the DagBag from /home/airflow/.local/lib/python3.11/site-packages/airflow/example_dags/example_bash_operator.py
[2023-11-08T14:27:39.935+0000] {processor.py:839} INFO - DAG(s) dict_keys(['example_bash_operator']) retrieved from /home/airflow/.local/lib/python3.11/site-packages/airflow/example_dags/example_bash_operator.py
[2023-11-08T14:27:39.987+0000] {logging_mixin.py:154} INFO - [2023-11-08T14:27:39.987+0000] {dag.py:2941} INFO - Sync 1 DAGs
[2023-11-08T14:27:40.046+0000] {logging_mixin.py:154} INFO - [2023-11-08T14:27:40.046+0000] {dag.py:3722} INFO - Setting next_dagrun for example_bash_operator to 2023-11-07T00:00:00+00:00, run_after=2023-11-08T00:00:00+00:00
[2023-11-08T14:27:40.088+0000] {processor.py:179} INFO - Processing /home/airflow/.local/lib/python3.11/site-packages/airflow/example_dags/example_bash_operator.py took 0.184 seconds
[2023-11-08T14:28:10.596+0000] {processor.py:157} INFO - Started process (PID=1799) to work on /home/airflow/.local/lib/python3.11/site-packages/airflow/example_dags/example_bash_operator.py
[2023-11-08T14:28:10.602+0000] {processor.py:829} INFO - Processing file /home/airflow/.local/lib/python3.11/site-packages/airflow/example_dags/example_bash_operator.py for tasks to queue
[2023-11-08T14:28:10.608+0000] {logging_mixin.py:154} INFO - [2023-11-08T14:28:10.607+0000] {dagbag.py:536} INFO - Filling up the DagBag from /home/airflow/.local/lib/python3.11/site-packages/airflow/example_dags/example_bash_operator.py
[2023-11-08T14:28:10.646+0000] {processor.py:839} INFO - DAG(s) dict_keys(['example_bash_operator']) retrieved from /home/airflow/.local/lib/python3.11/site-packages/airflow/example_dags/example_bash_operator.py
[2023-11-08T14:28:10.744+0000] {logging_mixin.py:154} INFO - [2023-11-08T14:28:10.744+0000] {dag.py:2941} INFO - Sync 1 DAGs
[2023-11-08T14:28:10.883+0000] {logging_mixin.py:154} INFO - [2023-11-08T14:28:10.882+0000] {dag.py:3722} INFO - Setting next_dagrun for example_bash_operator to 2023-11-07T00:00:00+00:00, run_after=2023-11-08T00:00:00+00:00
[2023-11-08T14:28:10.960+0000] {processor.py:179} INFO - Processing /home/airflow/.local/lib/python3.11/site-packages/airflow/example_dags/example_bash_operator.py took 0.370 seconds
[2023-11-08T14:28:41.727+0000] {processor.py:157} INFO - Started process (PID=1875) to work on /home/airflow/.local/lib/python3.11/site-packages/airflow/example_dags/example_bash_operator.py
[2023-11-08T14:28:41.730+0000] {processor.py:829} INFO - Processing file /home/airflow/.local/lib/python3.11/site-packages/airflow/example_dags/example_bash_operator.py for tasks to queue
[2023-11-08T14:28:41.734+0000] {logging_mixin.py:154} INFO - [2023-11-08T14:28:41.733+0000] {dagbag.py:536} INFO - Filling up the DagBag from /home/airflow/.local/lib/python3.11/site-packages/airflow/example_dags/example_bash_operator.py
[2023-11-08T14:28:41.772+0000] {processor.py:839} INFO - DAG(s) dict_keys(['example_bash_operator']) retrieved from /home/airflow/.local/lib/python3.11/site-packages/airflow/example_dags/example_bash_operator.py
[2023-11-08T14:28:42.006+0000] {logging_mixin.py:154} INFO - [2023-11-08T14:28:42.005+0000] {dag.py:2941} INFO - Sync 1 DAGs
[2023-11-08T14:28:42.057+0000] {logging_mixin.py:154} INFO - [2023-11-08T14:28:42.056+0000] {dag.py:3722} INFO - Setting next_dagrun for example_bash_operator to 2023-11-07T00:00:00+00:00, run_after=2023-11-08T00:00:00+00:00
[2023-11-08T14:28:42.100+0000] {processor.py:179} INFO - Processing /home/airflow/.local/lib/python3.11/site-packages/airflow/example_dags/example_bash_operator.py took 0.379 seconds
[2023-11-08T14:29:12.731+0000] {processor.py:157} INFO - Started process (PID=1951) to work on /home/airflow/.local/lib/python3.11/site-packages/airflow/example_dags/example_bash_operator.py
[2023-11-08T14:29:12.732+0000] {processor.py:829} INFO - Processing file /home/airflow/.local/lib/python3.11/site-packages/airflow/example_dags/example_bash_operator.py for tasks to queue
[2023-11-08T14:29:12.736+0000] {logging_mixin.py:154} INFO - [2023-11-08T14:29:12.735+0000] {dagbag.py:536} INFO - Filling up the DagBag from /home/airflow/.local/lib/python3.11/site-packages/airflow/example_dags/example_bash_operator.py
[2023-11-08T14:29:12.753+0000] {processor.py:839} INFO - DAG(s) dict_keys(['example_bash_operator']) retrieved from /home/airflow/.local/lib/python3.11/site-packages/airflow/example_dags/example_bash_operator.py
[2023-11-08T14:29:12.799+0000] {logging_mixin.py:154} INFO - [2023-11-08T14:29:12.799+0000] {dag.py:2941} INFO - Sync 1 DAGs
[2023-11-08T14:29:12.844+0000] {logging_mixin.py:154} INFO - [2023-11-08T14:29:12.844+0000] {dag.py:3722} INFO - Setting next_dagrun for example_bash_operator to 2023-11-07T00:00:00+00:00, run_after=2023-11-08T00:00:00+00:00
[2023-11-08T14:29:12.880+0000] {processor.py:179} INFO - Processing /home/airflow/.local/lib/python3.11/site-packages/airflow/example_dags/example_bash_operator.py took 0.152 seconds
[2023-11-08T14:29:43.500+0000] {processor.py:157} INFO - Started process (PID=2027) to work on /home/airflow/.local/lib/python3.11/site-packages/airflow/example_dags/example_bash_operator.py
[2023-11-08T14:29:43.501+0000] {processor.py:829} INFO - Processing file /home/airflow/.local/lib/python3.11/site-packages/airflow/example_dags/example_bash_operator.py for tasks to queue
[2023-11-08T14:29:43.504+0000] {logging_mixin.py:154} INFO - [2023-11-08T14:29:43.504+0000] {dagbag.py:536} INFO - Filling up the DagBag from /home/airflow/.local/lib/python3.11/site-packages/airflow/example_dags/example_bash_operator.py
[2023-11-08T14:29:43.519+0000] {processor.py:839} INFO - DAG(s) dict_keys(['example_bash_operator']) retrieved from /home/airflow/.local/lib/python3.11/site-packages/airflow/example_dags/example_bash_operator.py
[2023-11-08T14:29:43.565+0000] {logging_mixin.py:154} INFO - [2023-11-08T14:29:43.565+0000] {dag.py:2941} INFO - Sync 1 DAGs
[2023-11-08T14:29:43.604+0000] {logging_mixin.py:154} INFO - [2023-11-08T14:29:43.604+0000] {dag.py:3722} INFO - Setting next_dagrun for example_bash_operator to 2023-11-07T00:00:00+00:00, run_after=2023-11-08T00:00:00+00:00
[2023-11-08T14:29:43.635+0000] {processor.py:179} INFO - Processing /home/airflow/.local/lib/python3.11/site-packages/airflow/example_dags/example_bash_operator.py took 0.140 seconds
[2023-11-08T14:30:13.881+0000] {processor.py:157} INFO - Started process (PID=2103) to work on /home/airflow/.local/lib/python3.11/site-packages/airflow/example_dags/example_bash_operator.py
[2023-11-08T14:30:13.882+0000] {processor.py:829} INFO - Processing file /home/airflow/.local/lib/python3.11/site-packages/airflow/example_dags/example_bash_operator.py for tasks to queue
[2023-11-08T14:30:13.886+0000] {logging_mixin.py:154} INFO - [2023-11-08T14:30:13.885+0000] {dagbag.py:536} INFO - Filling up the DagBag from /home/airflow/.local/lib/python3.11/site-packages/airflow/example_dags/example_bash_operator.py
[2023-11-08T14:30:13.902+0000] {processor.py:839} INFO - DAG(s) dict_keys(['example_bash_operator']) retrieved from /home/airflow/.local/lib/python3.11/site-packages/airflow/example_dags/example_bash_operator.py
[2023-11-08T14:30:13.955+0000] {logging_mixin.py:154} INFO - [2023-11-08T14:30:13.954+0000] {dag.py:2941} INFO - Sync 1 DAGs
[2023-11-08T14:30:14.007+0000] {logging_mixin.py:154} INFO - [2023-11-08T14:30:14.006+0000] {dag.py:3722} INFO - Setting next_dagrun for example_bash_operator to 2023-11-07T00:00:00+00:00, run_after=2023-11-08T00:00:00+00:00
[2023-11-08T14:30:14.053+0000] {processor.py:179} INFO - Processing /home/airflow/.local/lib/python3.11/site-packages/airflow/example_dags/example_bash_operator.py took 0.176 seconds
[2023-11-08T14:30:44.683+0000] {processor.py:157} INFO - Started process (PID=2180) to work on /home/airflow/.local/lib/python3.11/site-packages/airflow/example_dags/example_bash_operator.py
[2023-11-08T14:30:44.684+0000] {processor.py:829} INFO - Processing file /home/airflow/.local/lib/python3.11/site-packages/airflow/example_dags/example_bash_operator.py for tasks to queue
[2023-11-08T14:30:44.688+0000] {logging_mixin.py:154} INFO - [2023-11-08T14:30:44.688+0000] {dagbag.py:536} INFO - Filling up the DagBag from /home/airflow/.local/lib/python3.11/site-packages/airflow/example_dags/example_bash_operator.py
[2023-11-08T14:30:44.706+0000] {processor.py:839} INFO - DAG(s) dict_keys(['example_bash_operator']) retrieved from /home/airflow/.local/lib/python3.11/site-packages/airflow/example_dags/example_bash_operator.py
[2023-11-08T14:30:44.764+0000] {logging_mixin.py:154} INFO - [2023-11-08T14:30:44.763+0000] {dag.py:2941} INFO - Sync 1 DAGs
[2023-11-08T14:30:44.810+0000] {logging_mixin.py:154} INFO - [2023-11-08T14:30:44.810+0000] {dag.py:3722} INFO - Setting next_dagrun for example_bash_operator to 2023-11-07T00:00:00+00:00, run_after=2023-11-08T00:00:00+00:00
[2023-11-08T14:30:44.851+0000] {processor.py:179} INFO - Processing /home/airflow/.local/lib/python3.11/site-packages/airflow/example_dags/example_bash_operator.py took 0.173 seconds
[2023-11-08T14:31:15.479+0000] {processor.py:157} INFO - Started process (PID=2256) to work on /home/airflow/.local/lib/python3.11/site-packages/airflow/example_dags/example_bash_operator.py
[2023-11-08T14:31:15.480+0000] {processor.py:829} INFO - Processing file /home/airflow/.local/lib/python3.11/site-packages/airflow/example_dags/example_bash_operator.py for tasks to queue
[2023-11-08T14:31:15.482+0000] {logging_mixin.py:154} INFO - [2023-11-08T14:31:15.482+0000] {dagbag.py:536} INFO - Filling up the DagBag from /home/airflow/.local/lib/python3.11/site-packages/airflow/example_dags/example_bash_operator.py
[2023-11-08T14:31:15.501+0000] {processor.py:839} INFO - DAG(s) dict_keys(['example_bash_operator']) retrieved from /home/airflow/.local/lib/python3.11/site-packages/airflow/example_dags/example_bash_operator.py
[2023-11-08T14:31:15.548+0000] {logging_mixin.py:154} INFO - [2023-11-08T14:31:15.548+0000] {dag.py:2941} INFO - Sync 1 DAGs
[2023-11-08T14:31:15.589+0000] {logging_mixin.py:154} INFO - [2023-11-08T14:31:15.589+0000] {dag.py:3722} INFO - Setting next_dagrun for example_bash_operator to 2023-11-07T00:00:00+00:00, run_after=2023-11-08T00:00:00+00:00
[2023-11-08T14:31:15.624+0000] {processor.py:179} INFO - Processing /home/airflow/.local/lib/python3.11/site-packages/airflow/example_dags/example_bash_operator.py took 0.149 seconds
[2023-11-08T14:31:45.704+0000] {processor.py:157} INFO - Started process (PID=2332) to work on /home/airflow/.local/lib/python3.11/site-packages/airflow/example_dags/example_bash_operator.py
[2023-11-08T14:31:45.705+0000] {processor.py:829} INFO - Processing file /home/airflow/.local/lib/python3.11/site-packages/airflow/example_dags/example_bash_operator.py for tasks to queue
[2023-11-08T14:31:45.709+0000] {logging_mixin.py:154} INFO - [2023-11-08T14:31:45.707+0000] {dagbag.py:536} INFO - Filling up the DagBag from /home/airflow/.local/lib/python3.11/site-packages/airflow/example_dags/example_bash_operator.py
[2023-11-08T14:31:45.726+0000] {processor.py:839} INFO - DAG(s) dict_keys(['example_bash_operator']) retrieved from /home/airflow/.local/lib/python3.11/site-packages/airflow/example_dags/example_bash_operator.py
[2023-11-08T14:31:45.780+0000] {logging_mixin.py:154} INFO - [2023-11-08T14:31:45.780+0000] {dag.py:2941} INFO - Sync 1 DAGs
[2023-11-08T14:31:45.822+0000] {logging_mixin.py:154} INFO - [2023-11-08T14:31:45.822+0000] {dag.py:3722} INFO - Setting next_dagrun for example_bash_operator to 2023-11-07T00:00:00+00:00, run_after=2023-11-08T00:00:00+00:00
[2023-11-08T14:31:45.852+0000] {processor.py:179} INFO - Processing /home/airflow/.local/lib/python3.11/site-packages/airflow/example_dags/example_bash_operator.py took 0.153 seconds
[2023-11-08T14:32:16.165+0000] {processor.py:157} INFO - Started process (PID=2408) to work on /home/airflow/.local/lib/python3.11/site-packages/airflow/example_dags/example_bash_operator.py
[2023-11-08T14:32:16.166+0000] {processor.py:829} INFO - Processing file /home/airflow/.local/lib/python3.11/site-packages/airflow/example_dags/example_bash_operator.py for tasks to queue
[2023-11-08T14:32:16.172+0000] {logging_mixin.py:154} INFO - [2023-11-08T14:32:16.171+0000] {dagbag.py:536} INFO - Filling up the DagBag from /home/airflow/.local/lib/python3.11/site-packages/airflow/example_dags/example_bash_operator.py
[2023-11-08T14:32:16.191+0000] {processor.py:839} INFO - DAG(s) dict_keys(['example_bash_operator']) retrieved from /home/airflow/.local/lib/python3.11/site-packages/airflow/example_dags/example_bash_operator.py
[2023-11-08T14:32:16.245+0000] {logging_mixin.py:154} INFO - [2023-11-08T14:32:16.245+0000] {dag.py:2941} INFO - Sync 1 DAGs
[2023-11-08T14:32:16.289+0000] {logging_mixin.py:154} INFO - [2023-11-08T14:32:16.288+0000] {dag.py:3722} INFO - Setting next_dagrun for example_bash_operator to 2023-11-07T00:00:00+00:00, run_after=2023-11-08T00:00:00+00:00
[2023-11-08T14:32:16.329+0000] {processor.py:179} INFO - Processing /home/airflow/.local/lib/python3.11/site-packages/airflow/example_dags/example_bash_operator.py took 0.168 seconds
[2023-11-08T14:32:46.923+0000] {processor.py:157} INFO - Started process (PID=2484) to work on /home/airflow/.local/lib/python3.11/site-packages/airflow/example_dags/example_bash_operator.py
[2023-11-08T14:32:46.924+0000] {processor.py:829} INFO - Processing file /home/airflow/.local/lib/python3.11/site-packages/airflow/example_dags/example_bash_operator.py for tasks to queue
[2023-11-08T14:32:46.936+0000] {logging_mixin.py:154} INFO - [2023-11-08T14:32:46.936+0000] {dagbag.py:536} INFO - Filling up the DagBag from /home/airflow/.local/lib/python3.11/site-packages/airflow/example_dags/example_bash_operator.py
[2023-11-08T14:32:46.962+0000] {processor.py:839} INFO - DAG(s) dict_keys(['example_bash_operator']) retrieved from /home/airflow/.local/lib/python3.11/site-packages/airflow/example_dags/example_bash_operator.py
[2023-11-08T14:32:47.015+0000] {logging_mixin.py:154} INFO - [2023-11-08T14:32:47.014+0000] {dag.py:2941} INFO - Sync 1 DAGs
[2023-11-08T14:32:47.061+0000] {logging_mixin.py:154} INFO - [2023-11-08T14:32:47.060+0000] {dag.py:3722} INFO - Setting next_dagrun for example_bash_operator to 2023-11-07T00:00:00+00:00, run_after=2023-11-08T00:00:00+00:00
[2023-11-08T14:32:47.092+0000] {processor.py:179} INFO - Processing /home/airflow/.local/lib/python3.11/site-packages/airflow/example_dags/example_bash_operator.py took 0.173 seconds
[2023-11-08T14:33:17.581+0000] {processor.py:157} INFO - Started process (PID=2560) to work on /home/airflow/.local/lib/python3.11/site-packages/airflow/example_dags/example_bash_operator.py
[2023-11-08T14:33:17.582+0000] {processor.py:829} INFO - Processing file /home/airflow/.local/lib/python3.11/site-packages/airflow/example_dags/example_bash_operator.py for tasks to queue
[2023-11-08T14:33:17.586+0000] {logging_mixin.py:154} INFO - [2023-11-08T14:33:17.585+0000] {dagbag.py:536} INFO - Filling up the DagBag from /home/airflow/.local/lib/python3.11/site-packages/airflow/example_dags/example_bash_operator.py
[2023-11-08T14:33:17.604+0000] {processor.py:839} INFO - DAG(s) dict_keys(['example_bash_operator']) retrieved from /home/airflow/.local/lib/python3.11/site-packages/airflow/example_dags/example_bash_operator.py
[2023-11-08T14:33:17.650+0000] {logging_mixin.py:154} INFO - [2023-11-08T14:33:17.650+0000] {dag.py:2941} INFO - Sync 1 DAGs
[2023-11-08T14:33:17.688+0000] {logging_mixin.py:154} INFO - [2023-11-08T14:33:17.688+0000] {dag.py:3722} INFO - Setting next_dagrun for example_bash_operator to 2023-11-07T00:00:00+00:00, run_after=2023-11-08T00:00:00+00:00
[2023-11-08T14:33:17.719+0000] {processor.py:179} INFO - Processing /home/airflow/.local/lib/python3.11/site-packages/airflow/example_dags/example_bash_operator.py took 0.142 seconds
[2023-11-08T14:33:47.872+0000] {processor.py:157} INFO - Started process (PID=2636) to work on /home/airflow/.local/lib/python3.11/site-packages/airflow/example_dags/example_bash_operator.py
[2023-11-08T14:33:47.874+0000] {processor.py:829} INFO - Processing file /home/airflow/.local/lib/python3.11/site-packages/airflow/example_dags/example_bash_operator.py for tasks to queue
[2023-11-08T14:33:47.877+0000] {logging_mixin.py:154} INFO - [2023-11-08T14:33:47.877+0000] {dagbag.py:536} INFO - Filling up the DagBag from /home/airflow/.local/lib/python3.11/site-packages/airflow/example_dags/example_bash_operator.py
[2023-11-08T14:33:47.899+0000] {processor.py:839} INFO - DAG(s) dict_keys(['example_bash_operator']) retrieved from /home/airflow/.local/lib/python3.11/site-packages/airflow/example_dags/example_bash_operator.py
[2023-11-08T14:33:47.958+0000] {logging_mixin.py:154} INFO - [2023-11-08T14:33:47.957+0000] {dag.py:2941} INFO - Sync 1 DAGs
[2023-11-08T14:33:48.002+0000] {logging_mixin.py:154} INFO - [2023-11-08T14:33:48.002+0000] {dag.py:3722} INFO - Setting next_dagrun for example_bash_operator to 2023-11-07T00:00:00+00:00, run_after=2023-11-08T00:00:00+00:00
[2023-11-08T14:33:48.048+0000] {processor.py:179} INFO - Processing /home/airflow/.local/lib/python3.11/site-packages/airflow/example_dags/example_bash_operator.py took 0.181 seconds
[2023-11-08T14:34:18.288+0000] {processor.py:157} INFO - Started process (PID=2712) to work on /home/airflow/.local/lib/python3.11/site-packages/airflow/example_dags/example_bash_operator.py
[2023-11-08T14:34:18.289+0000] {processor.py:829} INFO - Processing file /home/airflow/.local/lib/python3.11/site-packages/airflow/example_dags/example_bash_operator.py for tasks to queue
[2023-11-08T14:34:18.293+0000] {logging_mixin.py:154} INFO - [2023-11-08T14:34:18.292+0000] {dagbag.py:536} INFO - Filling up the DagBag from /home/airflow/.local/lib/python3.11/site-packages/airflow/example_dags/example_bash_operator.py
[2023-11-08T14:34:18.310+0000] {processor.py:839} INFO - DAG(s) dict_keys(['example_bash_operator']) retrieved from /home/airflow/.local/lib/python3.11/site-packages/airflow/example_dags/example_bash_operator.py
[2023-11-08T14:34:18.354+0000] {logging_mixin.py:154} INFO - [2023-11-08T14:34:18.354+0000] {dag.py:2941} INFO - Sync 1 DAGs
[2023-11-08T14:34:18.395+0000] {logging_mixin.py:154} INFO - [2023-11-08T14:34:18.395+0000] {dag.py:3722} INFO - Setting next_dagrun for example_bash_operator to 2023-11-07T00:00:00+00:00, run_after=2023-11-08T00:00:00+00:00
[2023-11-08T14:34:18.429+0000] {processor.py:179} INFO - Processing /home/airflow/.local/lib/python3.11/site-packages/airflow/example_dags/example_bash_operator.py took 0.146 seconds
[2023-11-08T14:34:48.742+0000] {processor.py:157} INFO - Started process (PID=2788) to work on /home/airflow/.local/lib/python3.11/site-packages/airflow/example_dags/example_bash_operator.py
[2023-11-08T14:34:48.744+0000] {processor.py:829} INFO - Processing file /home/airflow/.local/lib/python3.11/site-packages/airflow/example_dags/example_bash_operator.py for tasks to queue
[2023-11-08T14:34:48.747+0000] {logging_mixin.py:154} INFO - [2023-11-08T14:34:48.747+0000] {dagbag.py:536} INFO - Filling up the DagBag from /home/airflow/.local/lib/python3.11/site-packages/airflow/example_dags/example_bash_operator.py
[2023-11-08T14:34:48.767+0000] {processor.py:839} INFO - DAG(s) dict_keys(['example_bash_operator']) retrieved from /home/airflow/.local/lib/python3.11/site-packages/airflow/example_dags/example_bash_operator.py
[2023-11-08T14:34:48.820+0000] {logging_mixin.py:154} INFO - [2023-11-08T14:34:48.820+0000] {dag.py:2941} INFO - Sync 1 DAGs
[2023-11-08T14:34:48.866+0000] {logging_mixin.py:154} INFO - [2023-11-08T14:34:48.865+0000] {dag.py:3722} INFO - Setting next_dagrun for example_bash_operator to 2023-11-07T00:00:00+00:00, run_after=2023-11-08T00:00:00+00:00
[2023-11-08T14:34:48.897+0000] {processor.py:179} INFO - Processing /home/airflow/.local/lib/python3.11/site-packages/airflow/example_dags/example_bash_operator.py took 0.159 seconds
[2023-11-08T14:35:19.748+0000] {processor.py:157} INFO - Started process (PID=2864) to work on /home/airflow/.local/lib/python3.11/site-packages/airflow/example_dags/example_bash_operator.py
[2023-11-08T14:35:19.750+0000] {processor.py:829} INFO - Processing file /home/airflow/.local/lib/python3.11/site-packages/airflow/example_dags/example_bash_operator.py for tasks to queue
[2023-11-08T14:35:19.755+0000] {logging_mixin.py:154} INFO - [2023-11-08T14:35:19.755+0000] {dagbag.py:536} INFO - Filling up the DagBag from /home/airflow/.local/lib/python3.11/site-packages/airflow/example_dags/example_bash_operator.py
[2023-11-08T14:35:19.775+0000] {processor.py:839} INFO - DAG(s) dict_keys(['example_bash_operator']) retrieved from /home/airflow/.local/lib/python3.11/site-packages/airflow/example_dags/example_bash_operator.py
[2023-11-08T14:35:19.824+0000] {logging_mixin.py:154} INFO - [2023-11-08T14:35:19.824+0000] {dag.py:2941} INFO - Sync 1 DAGs
[2023-11-08T14:35:19.869+0000] {logging_mixin.py:154} INFO - [2023-11-08T14:35:19.869+0000] {dag.py:3722} INFO - Setting next_dagrun for example_bash_operator to 2023-11-07T00:00:00+00:00, run_after=2023-11-08T00:00:00+00:00
[2023-11-08T14:35:19.905+0000] {processor.py:179} INFO - Processing /home/airflow/.local/lib/python3.11/site-packages/airflow/example_dags/example_bash_operator.py took 0.163 seconds
[2023-11-08T14:35:50.580+0000] {processor.py:157} INFO - Started process (PID=2940) to work on /home/airflow/.local/lib/python3.11/site-packages/airflow/example_dags/example_bash_operator.py
[2023-11-08T14:35:50.581+0000] {processor.py:829} INFO - Processing file /home/airflow/.local/lib/python3.11/site-packages/airflow/example_dags/example_bash_operator.py for tasks to queue
[2023-11-08T14:35:50.584+0000] {logging_mixin.py:154} INFO - [2023-11-08T14:35:50.584+0000] {dagbag.py:536} INFO - Filling up the DagBag from /home/airflow/.local/lib/python3.11/site-packages/airflow/example_dags/example_bash_operator.py
[2023-11-08T14:35:50.607+0000] {processor.py:839} INFO - DAG(s) dict_keys(['example_bash_operator']) retrieved from /home/airflow/.local/lib/python3.11/site-packages/airflow/example_dags/example_bash_operator.py
[2023-11-08T14:35:50.660+0000] {logging_mixin.py:154} INFO - [2023-11-08T14:35:50.660+0000] {dag.py:2941} INFO - Sync 1 DAGs
[2023-11-08T14:35:50.708+0000] {logging_mixin.py:154} INFO - [2023-11-08T14:35:50.707+0000] {dag.py:3722} INFO - Setting next_dagrun for example_bash_operator to 2023-11-07T00:00:00+00:00, run_after=2023-11-08T00:00:00+00:00
[2023-11-08T14:35:50.747+0000] {processor.py:179} INFO - Processing /home/airflow/.local/lib/python3.11/site-packages/airflow/example_dags/example_bash_operator.py took 0.171 seconds
[2023-11-08T14:36:21.566+0000] {processor.py:157} INFO - Started process (PID=3016) to work on /home/airflow/.local/lib/python3.11/site-packages/airflow/example_dags/example_bash_operator.py
[2023-11-08T14:36:21.568+0000] {processor.py:829} INFO - Processing file /home/airflow/.local/lib/python3.11/site-packages/airflow/example_dags/example_bash_operator.py for tasks to queue
[2023-11-08T14:36:21.571+0000] {logging_mixin.py:154} INFO - [2023-11-08T14:36:21.571+0000] {dagbag.py:536} INFO - Filling up the DagBag from /home/airflow/.local/lib/python3.11/site-packages/airflow/example_dags/example_bash_operator.py
[2023-11-08T14:36:21.590+0000] {processor.py:839} INFO - DAG(s) dict_keys(['example_bash_operator']) retrieved from /home/airflow/.local/lib/python3.11/site-packages/airflow/example_dags/example_bash_operator.py
[2023-11-08T14:36:21.641+0000] {logging_mixin.py:154} INFO - [2023-11-08T14:36:21.640+0000] {dag.py:2941} INFO - Sync 1 DAGs
[2023-11-08T14:36:21.678+0000] {logging_mixin.py:154} INFO - [2023-11-08T14:36:21.678+0000] {dag.py:3722} INFO - Setting next_dagrun for example_bash_operator to 2023-11-07T00:00:00+00:00, run_after=2023-11-08T00:00:00+00:00
[2023-11-08T14:36:21.709+0000] {processor.py:179} INFO - Processing /home/airflow/.local/lib/python3.11/site-packages/airflow/example_dags/example_bash_operator.py took 0.147 seconds
[2023-11-08T14:36:51.987+0000] {processor.py:157} INFO - Started process (PID=3092) to work on /home/airflow/.local/lib/python3.11/site-packages/airflow/example_dags/example_bash_operator.py
[2023-11-08T14:36:51.988+0000] {processor.py:829} INFO - Processing file /home/airflow/.local/lib/python3.11/site-packages/airflow/example_dags/example_bash_operator.py for tasks to queue
[2023-11-08T14:36:51.990+0000] {logging_mixin.py:154} INFO - [2023-11-08T14:36:51.990+0000] {dagbag.py:536} INFO - Filling up the DagBag from /home/airflow/.local/lib/python3.11/site-packages/airflow/example_dags/example_bash_operator.py
[2023-11-08T14:36:52.010+0000] {processor.py:839} INFO - DAG(s) dict_keys(['example_bash_operator']) retrieved from /home/airflow/.local/lib/python3.11/site-packages/airflow/example_dags/example_bash_operator.py
[2023-11-08T14:36:52.068+0000] {logging_mixin.py:154} INFO - [2023-11-08T14:36:52.067+0000] {dag.py:2941} INFO - Sync 1 DAGs
[2023-11-08T14:36:52.110+0000] {logging_mixin.py:154} INFO - [2023-11-08T14:36:52.109+0000] {dag.py:3722} INFO - Setting next_dagrun for example_bash_operator to 2023-11-07T00:00:00+00:00, run_after=2023-11-08T00:00:00+00:00
[2023-11-08T14:36:52.154+0000] {processor.py:179} INFO - Processing /home/airflow/.local/lib/python3.11/site-packages/airflow/example_dags/example_bash_operator.py took 0.172 seconds
[2023-11-08T14:37:22.378+0000] {processor.py:157} INFO - Started process (PID=3168) to work on /home/airflow/.local/lib/python3.11/site-packages/airflow/example_dags/example_bash_operator.py
[2023-11-08T14:37:22.379+0000] {processor.py:829} INFO - Processing file /home/airflow/.local/lib/python3.11/site-packages/airflow/example_dags/example_bash_operator.py for tasks to queue
[2023-11-08T14:37:22.381+0000] {logging_mixin.py:154} INFO - [2023-11-08T14:37:22.380+0000] {dagbag.py:536} INFO - Filling up the DagBag from /home/airflow/.local/lib/python3.11/site-packages/airflow/example_dags/example_bash_operator.py
[2023-11-08T14:37:22.390+0000] {processor.py:839} INFO - DAG(s) dict_keys(['example_bash_operator']) retrieved from /home/airflow/.local/lib/python3.11/site-packages/airflow/example_dags/example_bash_operator.py
[2023-11-08T14:37:22.413+0000] {logging_mixin.py:154} INFO - [2023-11-08T14:37:22.413+0000] {dag.py:2941} INFO - Sync 1 DAGs
[2023-11-08T14:37:22.433+0000] {logging_mixin.py:154} INFO - [2023-11-08T14:37:22.433+0000] {dag.py:3722} INFO - Setting next_dagrun for example_bash_operator to 2023-11-07T00:00:00+00:00, run_after=2023-11-08T00:00:00+00:00
[2023-11-08T14:37:22.448+0000] {processor.py:179} INFO - Processing /home/airflow/.local/lib/python3.11/site-packages/airflow/example_dags/example_bash_operator.py took 0.072 seconds
[2023-11-08T14:37:52.576+0000] {processor.py:157} INFO - Started process (PID=3244) to work on /home/airflow/.local/lib/python3.11/site-packages/airflow/example_dags/example_bash_operator.py
[2023-11-08T14:37:52.577+0000] {processor.py:829} INFO - Processing file /home/airflow/.local/lib/python3.11/site-packages/airflow/example_dags/example_bash_operator.py for tasks to queue
[2023-11-08T14:37:52.578+0000] {logging_mixin.py:154} INFO - [2023-11-08T14:37:52.578+0000] {dagbag.py:536} INFO - Filling up the DagBag from /home/airflow/.local/lib/python3.11/site-packages/airflow/example_dags/example_bash_operator.py
[2023-11-08T14:37:52.587+0000] {processor.py:839} INFO - DAG(s) dict_keys(['example_bash_operator']) retrieved from /home/airflow/.local/lib/python3.11/site-packages/airflow/example_dags/example_bash_operator.py
[2023-11-08T14:37:52.608+0000] {logging_mixin.py:154} INFO - [2023-11-08T14:37:52.607+0000] {dag.py:2941} INFO - Sync 1 DAGs
[2023-11-08T14:37:52.626+0000] {logging_mixin.py:154} INFO - [2023-11-08T14:37:52.626+0000] {dag.py:3722} INFO - Setting next_dagrun for example_bash_operator to 2023-11-07T00:00:00+00:00, run_after=2023-11-08T00:00:00+00:00
[2023-11-08T14:37:52.640+0000] {processor.py:179} INFO - Processing /home/airflow/.local/lib/python3.11/site-packages/airflow/example_dags/example_bash_operator.py took 0.066 seconds
[2023-11-08T14:38:22.702+0000] {processor.py:157} INFO - Started process (PID=3318) to work on /home/airflow/.local/lib/python3.11/site-packages/airflow/example_dags/example_bash_operator.py
[2023-11-08T14:38:22.703+0000] {processor.py:829} INFO - Processing file /home/airflow/.local/lib/python3.11/site-packages/airflow/example_dags/example_bash_operator.py for tasks to queue
[2023-11-08T14:38:22.704+0000] {logging_mixin.py:154} INFO - [2023-11-08T14:38:22.704+0000] {dagbag.py:536} INFO - Filling up the DagBag from /home/airflow/.local/lib/python3.11/site-packages/airflow/example_dags/example_bash_operator.py
[2023-11-08T14:38:22.712+0000] {processor.py:839} INFO - DAG(s) dict_keys(['example_bash_operator']) retrieved from /home/airflow/.local/lib/python3.11/site-packages/airflow/example_dags/example_bash_operator.py
[2023-11-08T14:38:22.732+0000] {logging_mixin.py:154} INFO - [2023-11-08T14:38:22.732+0000] {dag.py:2941} INFO - Sync 1 DAGs
[2023-11-08T14:38:22.749+0000] {logging_mixin.py:154} INFO - [2023-11-08T14:38:22.749+0000] {dag.py:3722} INFO - Setting next_dagrun for example_bash_operator to 2023-11-07T00:00:00+00:00, run_after=2023-11-08T00:00:00+00:00
[2023-11-08T14:38:22.762+0000] {processor.py:179} INFO - Processing /home/airflow/.local/lib/python3.11/site-packages/airflow/example_dags/example_bash_operator.py took 0.062 seconds
[2023-11-08T14:38:52.778+0000] {processor.py:157} INFO - Started process (PID=3394) to work on /home/airflow/.local/lib/python3.11/site-packages/airflow/example_dags/example_bash_operator.py
[2023-11-08T14:38:52.778+0000] {processor.py:829} INFO - Processing file /home/airflow/.local/lib/python3.11/site-packages/airflow/example_dags/example_bash_operator.py for tasks to queue
[2023-11-08T14:38:52.779+0000] {logging_mixin.py:154} INFO - [2023-11-08T14:38:52.779+0000] {dagbag.py:536} INFO - Filling up the DagBag from /home/airflow/.local/lib/python3.11/site-packages/airflow/example_dags/example_bash_operator.py
[2023-11-08T14:38:52.788+0000] {processor.py:839} INFO - DAG(s) dict_keys(['example_bash_operator']) retrieved from /home/airflow/.local/lib/python3.11/site-packages/airflow/example_dags/example_bash_operator.py
[2023-11-08T14:38:52.807+0000] {logging_mixin.py:154} INFO - [2023-11-08T14:38:52.807+0000] {dag.py:2941} INFO - Sync 1 DAGs
[2023-11-08T14:38:52.824+0000] {logging_mixin.py:154} INFO - [2023-11-08T14:38:52.823+0000] {dag.py:3722} INFO - Setting next_dagrun for example_bash_operator to 2023-11-07T00:00:00+00:00, run_after=2023-11-08T00:00:00+00:00
[2023-11-08T14:38:52.836+0000] {processor.py:179} INFO - Processing /home/airflow/.local/lib/python3.11/site-packages/airflow/example_dags/example_bash_operator.py took 0.060 seconds
[2023-11-08T14:39:22.908+0000] {processor.py:157} INFO - Started process (PID=3470) to work on /home/airflow/.local/lib/python3.11/site-packages/airflow/example_dags/example_bash_operator.py
[2023-11-08T14:39:22.909+0000] {processor.py:829} INFO - Processing file /home/airflow/.local/lib/python3.11/site-packages/airflow/example_dags/example_bash_operator.py for tasks to queue
[2023-11-08T14:39:22.911+0000] {logging_mixin.py:154} INFO - [2023-11-08T14:39:22.910+0000] {dagbag.py:536} INFO - Filling up the DagBag from /home/airflow/.local/lib/python3.11/site-packages/airflow/example_dags/example_bash_operator.py
[2023-11-08T14:39:22.918+0000] {processor.py:839} INFO - DAG(s) dict_keys(['example_bash_operator']) retrieved from /home/airflow/.local/lib/python3.11/site-packages/airflow/example_dags/example_bash_operator.py
[2023-11-08T14:39:22.939+0000] {logging_mixin.py:154} INFO - [2023-11-08T14:39:22.939+0000] {dag.py:2941} INFO - Sync 1 DAGs
[2023-11-08T14:39:22.956+0000] {logging_mixin.py:154} INFO - [2023-11-08T14:39:22.956+0000] {dag.py:3722} INFO - Setting next_dagrun for example_bash_operator to 2023-11-07T00:00:00+00:00, run_after=2023-11-08T00:00:00+00:00
[2023-11-08T14:39:22.969+0000] {processor.py:179} INFO - Processing /home/airflow/.local/lib/python3.11/site-packages/airflow/example_dags/example_bash_operator.py took 0.063 seconds
[2023-11-08T14:39:53.154+0000] {processor.py:157} INFO - Started process (PID=3546) to work on /home/airflow/.local/lib/python3.11/site-packages/airflow/example_dags/example_bash_operator.py
[2023-11-08T14:39:53.155+0000] {processor.py:829} INFO - Processing file /home/airflow/.local/lib/python3.11/site-packages/airflow/example_dags/example_bash_operator.py for tasks to queue
[2023-11-08T14:39:53.156+0000] {logging_mixin.py:154} INFO - [2023-11-08T14:39:53.156+0000] {dagbag.py:536} INFO - Filling up the DagBag from /home/airflow/.local/lib/python3.11/site-packages/airflow/example_dags/example_bash_operator.py
[2023-11-08T14:39:53.164+0000] {processor.py:839} INFO - DAG(s) dict_keys(['example_bash_operator']) retrieved from /home/airflow/.local/lib/python3.11/site-packages/airflow/example_dags/example_bash_operator.py
[2023-11-08T14:39:53.184+0000] {logging_mixin.py:154} INFO - [2023-11-08T14:39:53.184+0000] {dag.py:2941} INFO - Sync 1 DAGs
[2023-11-08T14:39:53.201+0000] {logging_mixin.py:154} INFO - [2023-11-08T14:39:53.201+0000] {dag.py:3722} INFO - Setting next_dagrun for example_bash_operator to 2023-11-07T00:00:00+00:00, run_after=2023-11-08T00:00:00+00:00
[2023-11-08T14:39:53.213+0000] {processor.py:179} INFO - Processing /home/airflow/.local/lib/python3.11/site-packages/airflow/example_dags/example_bash_operator.py took 0.061 seconds
[2023-11-08T14:40:23.461+0000] {processor.py:157} INFO - Started process (PID=3623) to work on /home/airflow/.local/lib/python3.11/site-packages/airflow/example_dags/example_bash_operator.py
[2023-11-08T14:40:23.462+0000] {processor.py:829} INFO - Processing file /home/airflow/.local/lib/python3.11/site-packages/airflow/example_dags/example_bash_operator.py for tasks to queue
[2023-11-08T14:40:23.464+0000] {logging_mixin.py:154} INFO - [2023-11-08T14:40:23.464+0000] {dagbag.py:536} INFO - Filling up the DagBag from /home/airflow/.local/lib/python3.11/site-packages/airflow/example_dags/example_bash_operator.py
[2023-11-08T14:40:23.473+0000] {processor.py:839} INFO - DAG(s) dict_keys(['example_bash_operator']) retrieved from /home/airflow/.local/lib/python3.11/site-packages/airflow/example_dags/example_bash_operator.py
[2023-11-08T14:40:23.498+0000] {logging_mixin.py:154} INFO - [2023-11-08T14:40:23.498+0000] {dag.py:2941} INFO - Sync 1 DAGs
[2023-11-08T14:40:23.521+0000] {logging_mixin.py:154} INFO - [2023-11-08T14:40:23.521+0000] {dag.py:3722} INFO - Setting next_dagrun for example_bash_operator to 2023-11-07T00:00:00+00:00, run_after=2023-11-08T00:00:00+00:00
[2023-11-08T14:40:23.536+0000] {processor.py:179} INFO - Processing /home/airflow/.local/lib/python3.11/site-packages/airflow/example_dags/example_bash_operator.py took 0.078 seconds
[2023-11-08T14:40:53.556+0000] {processor.py:157} INFO - Started process (PID=3699) to work on /home/airflow/.local/lib/python3.11/site-packages/airflow/example_dags/example_bash_operator.py
[2023-11-08T14:40:53.557+0000] {processor.py:829} INFO - Processing file /home/airflow/.local/lib/python3.11/site-packages/airflow/example_dags/example_bash_operator.py for tasks to queue
[2023-11-08T14:40:53.558+0000] {logging_mixin.py:154} INFO - [2023-11-08T14:40:53.558+0000] {dagbag.py:536} INFO - Filling up the DagBag from /home/airflow/.local/lib/python3.11/site-packages/airflow/example_dags/example_bash_operator.py
[2023-11-08T14:40:53.567+0000] {processor.py:839} INFO - DAG(s) dict_keys(['example_bash_operator']) retrieved from /home/airflow/.local/lib/python3.11/site-packages/airflow/example_dags/example_bash_operator.py
[2023-11-08T14:40:53.587+0000] {logging_mixin.py:154} INFO - [2023-11-08T14:40:53.587+0000] {dag.py:2941} INFO - Sync 1 DAGs
[2023-11-08T14:40:53.604+0000] {logging_mixin.py:154} INFO - [2023-11-08T14:40:53.604+0000] {dag.py:3722} INFO - Setting next_dagrun for example_bash_operator to 2023-11-07T00:00:00+00:00, run_after=2023-11-08T00:00:00+00:00
[2023-11-08T14:40:53.617+0000] {processor.py:179} INFO - Processing /home/airflow/.local/lib/python3.11/site-packages/airflow/example_dags/example_bash_operator.py took 0.064 seconds
[2023-11-08T14:41:23.775+0000] {processor.py:157} INFO - Started process (PID=3775) to work on /home/airflow/.local/lib/python3.11/site-packages/airflow/example_dags/example_bash_operator.py
[2023-11-08T14:41:23.776+0000] {processor.py:829} INFO - Processing file /home/airflow/.local/lib/python3.11/site-packages/airflow/example_dags/example_bash_operator.py for tasks to queue
[2023-11-08T14:41:23.777+0000] {logging_mixin.py:154} INFO - [2023-11-08T14:41:23.777+0000] {dagbag.py:536} INFO - Filling up the DagBag from /home/airflow/.local/lib/python3.11/site-packages/airflow/example_dags/example_bash_operator.py
[2023-11-08T14:41:23.786+0000] {processor.py:839} INFO - DAG(s) dict_keys(['example_bash_operator']) retrieved from /home/airflow/.local/lib/python3.11/site-packages/airflow/example_dags/example_bash_operator.py
[2023-11-08T14:41:23.809+0000] {logging_mixin.py:154} INFO - [2023-11-08T14:41:23.809+0000] {dag.py:2941} INFO - Sync 1 DAGs
[2023-11-08T14:41:23.827+0000] {logging_mixin.py:154} INFO - [2023-11-08T14:41:23.827+0000] {dag.py:3722} INFO - Setting next_dagrun for example_bash_operator to 2023-11-07T00:00:00+00:00, run_after=2023-11-08T00:00:00+00:00
[2023-11-08T14:41:23.840+0000] {processor.py:179} INFO - Processing /home/airflow/.local/lib/python3.11/site-packages/airflow/example_dags/example_bash_operator.py took 0.068 seconds
[2023-11-08T14:41:53.921+0000] {processor.py:157} INFO - Started process (PID=3851) to work on /home/airflow/.local/lib/python3.11/site-packages/airflow/example_dags/example_bash_operator.py
[2023-11-08T14:41:53.922+0000] {processor.py:829} INFO - Processing file /home/airflow/.local/lib/python3.11/site-packages/airflow/example_dags/example_bash_operator.py for tasks to queue
[2023-11-08T14:41:53.923+0000] {logging_mixin.py:154} INFO - [2023-11-08T14:41:53.923+0000] {dagbag.py:536} INFO - Filling up the DagBag from /home/airflow/.local/lib/python3.11/site-packages/airflow/example_dags/example_bash_operator.py
[2023-11-08T14:41:53.932+0000] {processor.py:839} INFO - DAG(s) dict_keys(['example_bash_operator']) retrieved from /home/airflow/.local/lib/python3.11/site-packages/airflow/example_dags/example_bash_operator.py
[2023-11-08T14:41:53.952+0000] {logging_mixin.py:154} INFO - [2023-11-08T14:41:53.952+0000] {dag.py:2941} INFO - Sync 1 DAGs
[2023-11-08T14:41:53.970+0000] {logging_mixin.py:154} INFO - [2023-11-08T14:41:53.970+0000] {dag.py:3722} INFO - Setting next_dagrun for example_bash_operator to 2023-11-07T00:00:00+00:00, run_after=2023-11-08T00:00:00+00:00
[2023-11-08T14:41:53.983+0000] {processor.py:179} INFO - Processing /home/airflow/.local/lib/python3.11/site-packages/airflow/example_dags/example_bash_operator.py took 0.064 seconds
[2023-11-08T14:42:24.134+0000] {processor.py:157} INFO - Started process (PID=3927) to work on /home/airflow/.local/lib/python3.11/site-packages/airflow/example_dags/example_bash_operator.py
[2023-11-08T14:42:24.135+0000] {processor.py:829} INFO - Processing file /home/airflow/.local/lib/python3.11/site-packages/airflow/example_dags/example_bash_operator.py for tasks to queue
[2023-11-08T14:42:24.137+0000] {logging_mixin.py:154} INFO - [2023-11-08T14:42:24.136+0000] {dagbag.py:536} INFO - Filling up the DagBag from /home/airflow/.local/lib/python3.11/site-packages/airflow/example_dags/example_bash_operator.py
[2023-11-08T14:42:24.145+0000] {processor.py:839} INFO - DAG(s) dict_keys(['example_bash_operator']) retrieved from /home/airflow/.local/lib/python3.11/site-packages/airflow/example_dags/example_bash_operator.py
[2023-11-08T14:42:24.168+0000] {logging_mixin.py:154} INFO - [2023-11-08T14:42:24.167+0000] {dag.py:2941} INFO - Sync 1 DAGs
[2023-11-08T14:42:24.185+0000] {logging_mixin.py:154} INFO - [2023-11-08T14:42:24.185+0000] {dag.py:3722} INFO - Setting next_dagrun for example_bash_operator to 2023-11-07T00:00:00+00:00, run_after=2023-11-08T00:00:00+00:00
[2023-11-08T14:42:24.198+0000] {processor.py:179} INFO - Processing /home/airflow/.local/lib/python3.11/site-packages/airflow/example_dags/example_bash_operator.py took 0.065 seconds
[2023-11-08T14:42:54.660+0000] {processor.py:157} INFO - Started process (PID=4003) to work on /home/airflow/.local/lib/python3.11/site-packages/airflow/example_dags/example_bash_operator.py
[2023-11-08T14:42:54.660+0000] {processor.py:829} INFO - Processing file /home/airflow/.local/lib/python3.11/site-packages/airflow/example_dags/example_bash_operator.py for tasks to queue
[2023-11-08T14:42:54.662+0000] {logging_mixin.py:154} INFO - [2023-11-08T14:42:54.661+0000] {dagbag.py:536} INFO - Filling up the DagBag from /home/airflow/.local/lib/python3.11/site-packages/airflow/example_dags/example_bash_operator.py
[2023-11-08T14:42:54.670+0000] {processor.py:839} INFO - DAG(s) dict_keys(['example_bash_operator']) retrieved from /home/airflow/.local/lib/python3.11/site-packages/airflow/example_dags/example_bash_operator.py
[2023-11-08T14:42:54.689+0000] {logging_mixin.py:154} INFO - [2023-11-08T14:42:54.689+0000] {dag.py:2941} INFO - Sync 1 DAGs
[2023-11-08T14:42:54.706+0000] {logging_mixin.py:154} INFO - [2023-11-08T14:42:54.706+0000] {dag.py:3722} INFO - Setting next_dagrun for example_bash_operator to 2023-11-07T00:00:00+00:00, run_after=2023-11-08T00:00:00+00:00
[2023-11-08T14:42:54.719+0000] {processor.py:179} INFO - Processing /home/airflow/.local/lib/python3.11/site-packages/airflow/example_dags/example_bash_operator.py took 0.062 seconds
[2023-11-08T14:43:24.957+0000] {processor.py:157} INFO - Started process (PID=4079) to work on /home/airflow/.local/lib/python3.11/site-packages/airflow/example_dags/example_bash_operator.py
[2023-11-08T14:43:24.958+0000] {processor.py:829} INFO - Processing file /home/airflow/.local/lib/python3.11/site-packages/airflow/example_dags/example_bash_operator.py for tasks to queue
[2023-11-08T14:43:24.959+0000] {logging_mixin.py:154} INFO - [2023-11-08T14:43:24.959+0000] {dagbag.py:536} INFO - Filling up the DagBag from /home/airflow/.local/lib/python3.11/site-packages/airflow/example_dags/example_bash_operator.py
[2023-11-08T14:43:24.968+0000] {processor.py:839} INFO - DAG(s) dict_keys(['example_bash_operator']) retrieved from /home/airflow/.local/lib/python3.11/site-packages/airflow/example_dags/example_bash_operator.py
[2023-11-08T14:43:24.988+0000] {logging_mixin.py:154} INFO - [2023-11-08T14:43:24.988+0000] {dag.py:2941} INFO - Sync 1 DAGs
[2023-11-08T14:43:25.005+0000] {logging_mixin.py:154} INFO - [2023-11-08T14:43:25.005+0000] {dag.py:3722} INFO - Setting next_dagrun for example_bash_operator to 2023-11-07T00:00:00+00:00, run_after=2023-11-08T00:00:00+00:00
[2023-11-08T14:43:25.018+0000] {processor.py:179} INFO - Processing /home/airflow/.local/lib/python3.11/site-packages/airflow/example_dags/example_bash_operator.py took 0.063 seconds
[2023-11-08T14:43:55.494+0000] {processor.py:157} INFO - Started process (PID=4155) to work on /home/airflow/.local/lib/python3.11/site-packages/airflow/example_dags/example_bash_operator.py
[2023-11-08T14:43:55.494+0000] {processor.py:829} INFO - Processing file /home/airflow/.local/lib/python3.11/site-packages/airflow/example_dags/example_bash_operator.py for tasks to queue
[2023-11-08T14:43:55.496+0000] {logging_mixin.py:154} INFO - [2023-11-08T14:43:55.496+0000] {dagbag.py:536} INFO - Filling up the DagBag from /home/airflow/.local/lib/python3.11/site-packages/airflow/example_dags/example_bash_operator.py
[2023-11-08T14:43:55.504+0000] {processor.py:839} INFO - DAG(s) dict_keys(['example_bash_operator']) retrieved from /home/airflow/.local/lib/python3.11/site-packages/airflow/example_dags/example_bash_operator.py
[2023-11-08T14:43:55.523+0000] {logging_mixin.py:154} INFO - [2023-11-08T14:43:55.523+0000] {dag.py:2941} INFO - Sync 1 DAGs
[2023-11-08T14:43:55.541+0000] {logging_mixin.py:154} INFO - [2023-11-08T14:43:55.541+0000] {dag.py:3722} INFO - Setting next_dagrun for example_bash_operator to 2023-11-07T00:00:00+00:00, run_after=2023-11-08T00:00:00+00:00
[2023-11-08T14:43:55.553+0000] {processor.py:179} INFO - Processing /home/airflow/.local/lib/python3.11/site-packages/airflow/example_dags/example_bash_operator.py took 0.062 seconds
[2023-11-08T14:44:25.675+0000] {processor.py:157} INFO - Started process (PID=4231) to work on /home/airflow/.local/lib/python3.11/site-packages/airflow/example_dags/example_bash_operator.py
[2023-11-08T14:44:25.676+0000] {processor.py:829} INFO - Processing file /home/airflow/.local/lib/python3.11/site-packages/airflow/example_dags/example_bash_operator.py for tasks to queue
[2023-11-08T14:44:25.677+0000] {logging_mixin.py:154} INFO - [2023-11-08T14:44:25.677+0000] {dagbag.py:536} INFO - Filling up the DagBag from /home/airflow/.local/lib/python3.11/site-packages/airflow/example_dags/example_bash_operator.py
[2023-11-08T14:44:25.686+0000] {processor.py:839} INFO - DAG(s) dict_keys(['example_bash_operator']) retrieved from /home/airflow/.local/lib/python3.11/site-packages/airflow/example_dags/example_bash_operator.py
[2023-11-08T14:44:25.708+0000] {logging_mixin.py:154} INFO - [2023-11-08T14:44:25.708+0000] {dag.py:2941} INFO - Sync 1 DAGs
[2023-11-08T14:44:25.726+0000] {logging_mixin.py:154} INFO - [2023-11-08T14:44:25.726+0000] {dag.py:3722} INFO - Setting next_dagrun for example_bash_operator to 2023-11-07T00:00:00+00:00, run_after=2023-11-08T00:00:00+00:00
[2023-11-08T14:44:25.738+0000] {processor.py:179} INFO - Processing /home/airflow/.local/lib/python3.11/site-packages/airflow/example_dags/example_bash_operator.py took 0.065 seconds
[2023-11-08T14:44:56.067+0000] {processor.py:157} INFO - Started process (PID=4307) to work on /home/airflow/.local/lib/python3.11/site-packages/airflow/example_dags/example_bash_operator.py
[2023-11-08T14:44:56.067+0000] {processor.py:829} INFO - Processing file /home/airflow/.local/lib/python3.11/site-packages/airflow/example_dags/example_bash_operator.py for tasks to queue
[2023-11-08T14:44:56.068+0000] {logging_mixin.py:154} INFO - [2023-11-08T14:44:56.068+0000] {dagbag.py:536} INFO - Filling up the DagBag from /home/airflow/.local/lib/python3.11/site-packages/airflow/example_dags/example_bash_operator.py
[2023-11-08T14:44:56.077+0000] {processor.py:839} INFO - DAG(s) dict_keys(['example_bash_operator']) retrieved from /home/airflow/.local/lib/python3.11/site-packages/airflow/example_dags/example_bash_operator.py
[2023-11-08T14:44:56.096+0000] {logging_mixin.py:154} INFO - [2023-11-08T14:44:56.096+0000] {dag.py:2941} INFO - Sync 1 DAGs
[2023-11-08T14:44:56.113+0000] {logging_mixin.py:154} INFO - [2023-11-08T14:44:56.113+0000] {dag.py:3722} INFO - Setting next_dagrun for example_bash_operator to 2023-11-07T00:00:00+00:00, run_after=2023-11-08T00:00:00+00:00
[2023-11-08T14:44:56.126+0000] {processor.py:179} INFO - Processing /home/airflow/.local/lib/python3.11/site-packages/airflow/example_dags/example_bash_operator.py took 0.061 seconds
[2023-11-08T14:45:26.666+0000] {processor.py:157} INFO - Started process (PID=4384) to work on /home/airflow/.local/lib/python3.11/site-packages/airflow/example_dags/example_bash_operator.py
[2023-11-08T14:45:26.667+0000] {processor.py:829} INFO - Processing file /home/airflow/.local/lib/python3.11/site-packages/airflow/example_dags/example_bash_operator.py for tasks to queue
[2023-11-08T14:45:26.669+0000] {logging_mixin.py:154} INFO - [2023-11-08T14:45:26.669+0000] {dagbag.py:536} INFO - Filling up the DagBag from /home/airflow/.local/lib/python3.11/site-packages/airflow/example_dags/example_bash_operator.py
[2023-11-08T14:45:26.678+0000] {processor.py:839} INFO - DAG(s) dict_keys(['example_bash_operator']) retrieved from /home/airflow/.local/lib/python3.11/site-packages/airflow/example_dags/example_bash_operator.py
[2023-11-08T14:45:26.699+0000] {logging_mixin.py:154} INFO - [2023-11-08T14:45:26.699+0000] {dag.py:2941} INFO - Sync 1 DAGs
[2023-11-08T14:45:26.717+0000] {logging_mixin.py:154} INFO - [2023-11-08T14:45:26.717+0000] {dag.py:3722} INFO - Setting next_dagrun for example_bash_operator to 2023-11-07T00:00:00+00:00, run_after=2023-11-08T00:00:00+00:00
[2023-11-08T14:45:26.730+0000] {processor.py:179} INFO - Processing /home/airflow/.local/lib/python3.11/site-packages/airflow/example_dags/example_bash_operator.py took 0.065 seconds
[2023-11-08T14:45:57.829+0000] {processor.py:157} INFO - Started process (PID=4460) to work on /home/airflow/.local/lib/python3.11/site-packages/airflow/example_dags/example_bash_operator.py
[2023-11-08T14:45:57.829+0000] {processor.py:829} INFO - Processing file /home/airflow/.local/lib/python3.11/site-packages/airflow/example_dags/example_bash_operator.py for tasks to queue
[2023-11-08T14:45:57.831+0000] {logging_mixin.py:154} INFO - [2023-11-08T14:45:57.831+0000] {dagbag.py:536} INFO - Filling up the DagBag from /home/airflow/.local/lib/python3.11/site-packages/airflow/example_dags/example_bash_operator.py
[2023-11-08T14:45:57.840+0000] {processor.py:839} INFO - DAG(s) dict_keys(['example_bash_operator']) retrieved from /home/airflow/.local/lib/python3.11/site-packages/airflow/example_dags/example_bash_operator.py
[2023-11-08T14:45:57.861+0000] {logging_mixin.py:154} INFO - [2023-11-08T14:45:57.860+0000] {dag.py:2941} INFO - Sync 1 DAGs
[2023-11-08T14:45:58.059+0000] {logging_mixin.py:154} INFO - [2023-11-08T14:45:58.059+0000] {dag.py:3722} INFO - Setting next_dagrun for example_bash_operator to 2023-11-07T00:00:00+00:00, run_after=2023-11-08T00:00:00+00:00
[2023-11-08T14:45:58.072+0000] {processor.py:179} INFO - Processing /home/airflow/.local/lib/python3.11/site-packages/airflow/example_dags/example_bash_operator.py took 0.246 seconds
[2023-11-08T14:46:28.641+0000] {processor.py:157} INFO - Started process (PID=4536) to work on /home/airflow/.local/lib/python3.11/site-packages/airflow/example_dags/example_bash_operator.py
[2023-11-08T14:46:28.642+0000] {processor.py:829} INFO - Processing file /home/airflow/.local/lib/python3.11/site-packages/airflow/example_dags/example_bash_operator.py for tasks to queue
[2023-11-08T14:46:28.644+0000] {logging_mixin.py:154} INFO - [2023-11-08T14:46:28.643+0000] {dagbag.py:536} INFO - Filling up the DagBag from /home/airflow/.local/lib/python3.11/site-packages/airflow/example_dags/example_bash_operator.py
[2023-11-08T14:46:28.652+0000] {processor.py:839} INFO - DAG(s) dict_keys(['example_bash_operator']) retrieved from /home/airflow/.local/lib/python3.11/site-packages/airflow/example_dags/example_bash_operator.py
[2023-11-08T14:46:28.674+0000] {logging_mixin.py:154} INFO - [2023-11-08T14:46:28.673+0000] {dag.py:2941} INFO - Sync 1 DAGs
[2023-11-08T14:46:28.691+0000] {logging_mixin.py:154} INFO - [2023-11-08T14:46:28.691+0000] {dag.py:3722} INFO - Setting next_dagrun for example_bash_operator to 2023-11-07T00:00:00+00:00, run_after=2023-11-08T00:00:00+00:00
[2023-11-08T14:46:28.854+0000] {processor.py:179} INFO - Processing /home/airflow/.local/lib/python3.11/site-packages/airflow/example_dags/example_bash_operator.py took 0.214 seconds
[2023-11-08T14:46:59.044+0000] {processor.py:157} INFO - Started process (PID=4612) to work on /home/airflow/.local/lib/python3.11/site-packages/airflow/example_dags/example_bash_operator.py
[2023-11-08T14:46:59.044+0000] {processor.py:829} INFO - Processing file /home/airflow/.local/lib/python3.11/site-packages/airflow/example_dags/example_bash_operator.py for tasks to queue
[2023-11-08T14:46:59.046+0000] {logging_mixin.py:154} INFO - [2023-11-08T14:46:59.046+0000] {dagbag.py:536} INFO - Filling up the DagBag from /home/airflow/.local/lib/python3.11/site-packages/airflow/example_dags/example_bash_operator.py
[2023-11-08T14:46:59.054+0000] {processor.py:839} INFO - DAG(s) dict_keys(['example_bash_operator']) retrieved from /home/airflow/.local/lib/python3.11/site-packages/airflow/example_dags/example_bash_operator.py
[2023-11-08T14:46:59.076+0000] {logging_mixin.py:154} INFO - [2023-11-08T14:46:59.076+0000] {dag.py:2941} INFO - Sync 1 DAGs
[2023-11-08T14:46:59.094+0000] {logging_mixin.py:154} INFO - [2023-11-08T14:46:59.094+0000] {dag.py:3722} INFO - Setting next_dagrun for example_bash_operator to 2023-11-07T00:00:00+00:00, run_after=2023-11-08T00:00:00+00:00
[2023-11-08T14:46:59.108+0000] {processor.py:179} INFO - Processing /home/airflow/.local/lib/python3.11/site-packages/airflow/example_dags/example_bash_operator.py took 0.067 seconds
[2023-11-08T14:47:29.152+0000] {processor.py:157} INFO - Started process (PID=4688) to work on /home/airflow/.local/lib/python3.11/site-packages/airflow/example_dags/example_bash_operator.py
[2023-11-08T14:47:29.152+0000] {processor.py:829} INFO - Processing file /home/airflow/.local/lib/python3.11/site-packages/airflow/example_dags/example_bash_operator.py for tasks to queue
[2023-11-08T14:47:29.154+0000] {logging_mixin.py:154} INFO - [2023-11-08T14:47:29.154+0000] {dagbag.py:536} INFO - Filling up the DagBag from /home/airflow/.local/lib/python3.11/site-packages/airflow/example_dags/example_bash_operator.py
[2023-11-08T14:47:29.162+0000] {processor.py:839} INFO - DAG(s) dict_keys(['example_bash_operator']) retrieved from /home/airflow/.local/lib/python3.11/site-packages/airflow/example_dags/example_bash_operator.py
[2023-11-08T14:47:29.184+0000] {logging_mixin.py:154} INFO - [2023-11-08T14:47:29.183+0000] {dag.py:2941} INFO - Sync 1 DAGs
[2023-11-08T14:47:29.203+0000] {logging_mixin.py:154} INFO - [2023-11-08T14:47:29.203+0000] {dag.py:3722} INFO - Setting next_dagrun for example_bash_operator to 2023-11-07T00:00:00+00:00, run_after=2023-11-08T00:00:00+00:00
[2023-11-08T14:47:29.216+0000] {processor.py:179} INFO - Processing /home/airflow/.local/lib/python3.11/site-packages/airflow/example_dags/example_bash_operator.py took 0.066 seconds
[2023-11-08T14:47:59.494+0000] {processor.py:157} INFO - Started process (PID=4764) to work on /home/airflow/.local/lib/python3.11/site-packages/airflow/example_dags/example_bash_operator.py
[2023-11-08T14:47:59.495+0000] {processor.py:829} INFO - Processing file /home/airflow/.local/lib/python3.11/site-packages/airflow/example_dags/example_bash_operator.py for tasks to queue
[2023-11-08T14:47:59.496+0000] {logging_mixin.py:154} INFO - [2023-11-08T14:47:59.496+0000] {dagbag.py:536} INFO - Filling up the DagBag from /home/airflow/.local/lib/python3.11/site-packages/airflow/example_dags/example_bash_operator.py
[2023-11-08T14:47:59.504+0000] {processor.py:839} INFO - DAG(s) dict_keys(['example_bash_operator']) retrieved from /home/airflow/.local/lib/python3.11/site-packages/airflow/example_dags/example_bash_operator.py
[2023-11-08T14:47:59.524+0000] {logging_mixin.py:154} INFO - [2023-11-08T14:47:59.524+0000] {dag.py:2941} INFO - Sync 1 DAGs
[2023-11-08T14:47:59.542+0000] {logging_mixin.py:154} INFO - [2023-11-08T14:47:59.541+0000] {dag.py:3722} INFO - Setting next_dagrun for example_bash_operator to 2023-11-07T00:00:00+00:00, run_after=2023-11-08T00:00:00+00:00
[2023-11-08T14:47:59.556+0000] {processor.py:179} INFO - Processing /home/airflow/.local/lib/python3.11/site-packages/airflow/example_dags/example_bash_operator.py took 0.064 seconds
[2023-11-08T14:48:30.356+0000] {processor.py:157} INFO - Started process (PID=4840) to work on /home/airflow/.local/lib/python3.11/site-packages/airflow/example_dags/example_bash_operator.py
[2023-11-08T14:48:30.357+0000] {processor.py:829} INFO - Processing file /home/airflow/.local/lib/python3.11/site-packages/airflow/example_dags/example_bash_operator.py for tasks to queue
[2023-11-08T14:48:30.358+0000] {logging_mixin.py:154} INFO - [2023-11-08T14:48:30.358+0000] {dagbag.py:536} INFO - Filling up the DagBag from /home/airflow/.local/lib/python3.11/site-packages/airflow/example_dags/example_bash_operator.py
[2023-11-08T14:48:30.367+0000] {processor.py:839} INFO - DAG(s) dict_keys(['example_bash_operator']) retrieved from /home/airflow/.local/lib/python3.11/site-packages/airflow/example_dags/example_bash_operator.py
[2023-11-08T14:48:30.388+0000] {logging_mixin.py:154} INFO - [2023-11-08T14:48:30.387+0000] {dag.py:2941} INFO - Sync 1 DAGs
[2023-11-08T14:48:30.549+0000] {logging_mixin.py:154} INFO - [2023-11-08T14:48:30.549+0000] {dag.py:3722} INFO - Setting next_dagrun for example_bash_operator to 2023-11-07T00:00:00+00:00, run_after=2023-11-08T00:00:00+00:00
[2023-11-08T14:48:30.561+0000] {processor.py:179} INFO - Processing /home/airflow/.local/lib/python3.11/site-packages/airflow/example_dags/example_bash_operator.py took 0.207 seconds
[2023-11-08T14:49:00.713+0000] {processor.py:157} INFO - Started process (PID=4916) to work on /home/airflow/.local/lib/python3.11/site-packages/airflow/example_dags/example_bash_operator.py
[2023-11-08T14:49:00.714+0000] {processor.py:829} INFO - Processing file /home/airflow/.local/lib/python3.11/site-packages/airflow/example_dags/example_bash_operator.py for tasks to queue
[2023-11-08T14:49:00.715+0000] {logging_mixin.py:154} INFO - [2023-11-08T14:49:00.715+0000] {dagbag.py:536} INFO - Filling up the DagBag from /home/airflow/.local/lib/python3.11/site-packages/airflow/example_dags/example_bash_operator.py
[2023-11-08T14:49:00.725+0000] {processor.py:839} INFO - DAG(s) dict_keys(['example_bash_operator']) retrieved from /home/airflow/.local/lib/python3.11/site-packages/airflow/example_dags/example_bash_operator.py
[2023-11-08T14:49:00.747+0000] {logging_mixin.py:154} INFO - [2023-11-08T14:49:00.746+0000] {dag.py:2941} INFO - Sync 1 DAGs
[2023-11-08T14:49:00.765+0000] {logging_mixin.py:154} INFO - [2023-11-08T14:49:00.765+0000] {dag.py:3722} INFO - Setting next_dagrun for example_bash_operator to 2023-11-07T00:00:00+00:00, run_after=2023-11-08T00:00:00+00:00
[2023-11-08T14:49:00.926+0000] {processor.py:179} INFO - Processing /home/airflow/.local/lib/python3.11/site-packages/airflow/example_dags/example_bash_operator.py took 0.215 seconds
[2023-11-08T14:49:31.158+0000] {processor.py:157} INFO - Started process (PID=4992) to work on /home/airflow/.local/lib/python3.11/site-packages/airflow/example_dags/example_bash_operator.py
[2023-11-08T14:49:31.159+0000] {processor.py:829} INFO - Processing file /home/airflow/.local/lib/python3.11/site-packages/airflow/example_dags/example_bash_operator.py for tasks to queue
[2023-11-08T14:49:31.161+0000] {logging_mixin.py:154} INFO - [2023-11-08T14:49:31.161+0000] {dagbag.py:536} INFO - Filling up the DagBag from /home/airflow/.local/lib/python3.11/site-packages/airflow/example_dags/example_bash_operator.py
[2023-11-08T14:49:31.169+0000] {processor.py:839} INFO - DAG(s) dict_keys(['example_bash_operator']) retrieved from /home/airflow/.local/lib/python3.11/site-packages/airflow/example_dags/example_bash_operator.py
[2023-11-08T14:49:31.189+0000] {logging_mixin.py:154} INFO - [2023-11-08T14:49:31.189+0000] {dag.py:2941} INFO - Sync 1 DAGs
[2023-11-08T14:49:31.206+0000] {logging_mixin.py:154} INFO - [2023-11-08T14:49:31.206+0000] {dag.py:3722} INFO - Setting next_dagrun for example_bash_operator to 2023-11-07T00:00:00+00:00, run_after=2023-11-08T00:00:00+00:00
[2023-11-08T14:49:31.218+0000] {processor.py:179} INFO - Processing /home/airflow/.local/lib/python3.11/site-packages/airflow/example_dags/example_bash_operator.py took 0.062 seconds
[2023-11-08T14:50:01.459+0000] {processor.py:157} INFO - Started process (PID=5068) to work on /home/airflow/.local/lib/python3.11/site-packages/airflow/example_dags/example_bash_operator.py
[2023-11-08T14:50:01.459+0000] {processor.py:829} INFO - Processing file /home/airflow/.local/lib/python3.11/site-packages/airflow/example_dags/example_bash_operator.py for tasks to queue
[2023-11-08T14:50:01.461+0000] {logging_mixin.py:154} INFO - [2023-11-08T14:50:01.460+0000] {dagbag.py:536} INFO - Filling up the DagBag from /home/airflow/.local/lib/python3.11/site-packages/airflow/example_dags/example_bash_operator.py
[2023-11-08T14:50:01.470+0000] {processor.py:839} INFO - DAG(s) dict_keys(['example_bash_operator']) retrieved from /home/airflow/.local/lib/python3.11/site-packages/airflow/example_dags/example_bash_operator.py
[2023-11-08T14:50:01.491+0000] {logging_mixin.py:154} INFO - [2023-11-08T14:50:01.491+0000] {dag.py:2941} INFO - Sync 1 DAGs
[2023-11-08T14:50:01.509+0000] {logging_mixin.py:154} INFO - [2023-11-08T14:50:01.509+0000] {dag.py:3722} INFO - Setting next_dagrun for example_bash_operator to 2023-11-07T00:00:00+00:00, run_after=2023-11-08T00:00:00+00:00
[2023-11-08T14:50:01.522+0000] {processor.py:179} INFO - Processing /home/airflow/.local/lib/python3.11/site-packages/airflow/example_dags/example_bash_operator.py took 0.066 seconds
[2023-11-08T14:50:31.694+0000] {processor.py:157} INFO - Started process (PID=5144) to work on /home/airflow/.local/lib/python3.11/site-packages/airflow/example_dags/example_bash_operator.py
[2023-11-08T14:50:31.695+0000] {processor.py:829} INFO - Processing file /home/airflow/.local/lib/python3.11/site-packages/airflow/example_dags/example_bash_operator.py for tasks to queue
[2023-11-08T14:50:31.697+0000] {logging_mixin.py:154} INFO - [2023-11-08T14:50:31.697+0000] {dagbag.py:536} INFO - Filling up the DagBag from /home/airflow/.local/lib/python3.11/site-packages/airflow/example_dags/example_bash_operator.py
[2023-11-08T14:50:31.705+0000] {processor.py:839} INFO - DAG(s) dict_keys(['example_bash_operator']) retrieved from /home/airflow/.local/lib/python3.11/site-packages/airflow/example_dags/example_bash_operator.py
[2023-11-08T14:50:31.726+0000] {logging_mixin.py:154} INFO - [2023-11-08T14:50:31.726+0000] {dag.py:2941} INFO - Sync 1 DAGs
[2023-11-08T14:50:31.743+0000] {logging_mixin.py:154} INFO - [2023-11-08T14:50:31.743+0000] {dag.py:3722} INFO - Setting next_dagrun for example_bash_operator to 2023-11-07T00:00:00+00:00, run_after=2023-11-08T00:00:00+00:00
[2023-11-08T14:50:31.757+0000] {processor.py:179} INFO - Processing /home/airflow/.local/lib/python3.11/site-packages/airflow/example_dags/example_bash_operator.py took 0.065 seconds
[2023-11-08T14:51:02.083+0000] {processor.py:157} INFO - Started process (PID=5220) to work on /home/airflow/.local/lib/python3.11/site-packages/airflow/example_dags/example_bash_operator.py
[2023-11-08T14:51:02.083+0000] {processor.py:829} INFO - Processing file /home/airflow/.local/lib/python3.11/site-packages/airflow/example_dags/example_bash_operator.py for tasks to queue
[2023-11-08T14:51:02.085+0000] {logging_mixin.py:154} INFO - [2023-11-08T14:51:02.085+0000] {dagbag.py:536} INFO - Filling up the DagBag from /home/airflow/.local/lib/python3.11/site-packages/airflow/example_dags/example_bash_operator.py
[2023-11-08T14:51:02.093+0000] {processor.py:839} INFO - DAG(s) dict_keys(['example_bash_operator']) retrieved from /home/airflow/.local/lib/python3.11/site-packages/airflow/example_dags/example_bash_operator.py
[2023-11-08T14:51:02.114+0000] {logging_mixin.py:154} INFO - [2023-11-08T14:51:02.114+0000] {dag.py:2941} INFO - Sync 1 DAGs
[2023-11-08T14:51:02.132+0000] {logging_mixin.py:154} INFO - [2023-11-08T14:51:02.131+0000] {dag.py:3722} INFO - Setting next_dagrun for example_bash_operator to 2023-11-07T00:00:00+00:00, run_after=2023-11-08T00:00:00+00:00
[2023-11-08T14:51:02.147+0000] {processor.py:179} INFO - Processing /home/airflow/.local/lib/python3.11/site-packages/airflow/example_dags/example_bash_operator.py took 0.067 seconds
[2023-11-08T14:51:32.387+0000] {processor.py:157} INFO - Started process (PID=5296) to work on /home/airflow/.local/lib/python3.11/site-packages/airflow/example_dags/example_bash_operator.py
[2023-11-08T14:51:32.387+0000] {processor.py:829} INFO - Processing file /home/airflow/.local/lib/python3.11/site-packages/airflow/example_dags/example_bash_operator.py for tasks to queue
[2023-11-08T14:51:32.389+0000] {logging_mixin.py:154} INFO - [2023-11-08T14:51:32.389+0000] {dagbag.py:536} INFO - Filling up the DagBag from /home/airflow/.local/lib/python3.11/site-packages/airflow/example_dags/example_bash_operator.py
[2023-11-08T14:51:32.400+0000] {processor.py:839} INFO - DAG(s) dict_keys(['example_bash_operator']) retrieved from /home/airflow/.local/lib/python3.11/site-packages/airflow/example_dags/example_bash_operator.py
[2023-11-08T14:51:32.426+0000] {logging_mixin.py:154} INFO - [2023-11-08T14:51:32.425+0000] {dag.py:2941} INFO - Sync 1 DAGs
[2023-11-08T14:51:32.451+0000] {logging_mixin.py:154} INFO - [2023-11-08T14:51:32.451+0000] {dag.py:3722} INFO - Setting next_dagrun for example_bash_operator to 2023-11-07T00:00:00+00:00, run_after=2023-11-08T00:00:00+00:00
[2023-11-08T14:51:32.470+0000] {processor.py:179} INFO - Processing /home/airflow/.local/lib/python3.11/site-packages/airflow/example_dags/example_bash_operator.py took 0.086 seconds
[2023-11-08T14:52:02.661+0000] {processor.py:157} INFO - Started process (PID=5372) to work on /home/airflow/.local/lib/python3.11/site-packages/airflow/example_dags/example_bash_operator.py
[2023-11-08T14:52:02.662+0000] {processor.py:829} INFO - Processing file /home/airflow/.local/lib/python3.11/site-packages/airflow/example_dags/example_bash_operator.py for tasks to queue
[2023-11-08T14:52:02.663+0000] {logging_mixin.py:154} INFO - [2023-11-08T14:52:02.663+0000] {dagbag.py:536} INFO - Filling up the DagBag from /home/airflow/.local/lib/python3.11/site-packages/airflow/example_dags/example_bash_operator.py
[2023-11-08T14:52:02.672+0000] {processor.py:839} INFO - DAG(s) dict_keys(['example_bash_operator']) retrieved from /home/airflow/.local/lib/python3.11/site-packages/airflow/example_dags/example_bash_operator.py
[2023-11-08T14:52:02.693+0000] {logging_mixin.py:154} INFO - [2023-11-08T14:52:02.693+0000] {dag.py:2941} INFO - Sync 1 DAGs
[2023-11-08T14:52:02.711+0000] {logging_mixin.py:154} INFO - [2023-11-08T14:52:02.711+0000] {dag.py:3722} INFO - Setting next_dagrun for example_bash_operator to 2023-11-07T00:00:00+00:00, run_after=2023-11-08T00:00:00+00:00
[2023-11-08T14:52:02.725+0000] {processor.py:179} INFO - Processing /home/airflow/.local/lib/python3.11/site-packages/airflow/example_dags/example_bash_operator.py took 0.066 seconds
