[2023-11-08T14:16:25.011+0000] {processor.py:157} INFO - Started process (PID=95) to work on /home/airflow/.local/lib/python3.11/site-packages/airflow/example_dags/example_sensors.py
[2023-11-08T14:16:25.014+0000] {processor.py:829} INFO - Processing file /home/airflow/.local/lib/python3.11/site-packages/airflow/example_dags/example_sensors.py for tasks to queue
[2023-11-08T14:16:25.017+0000] {logging_mixin.py:154} INFO - [2023-11-08T14:16:25.017+0000] {dagbag.py:536} INFO - Filling up the DagBag from /home/airflow/.local/lib/python3.11/site-packages/airflow/example_dags/example_sensors.py
[2023-11-08T14:16:25.049+0000] {processor.py:839} INFO - DAG(s) dict_keys(['example_sensors']) retrieved from /home/airflow/.local/lib/python3.11/site-packages/airflow/example_dags/example_sensors.py
[2023-11-08T14:16:25.477+0000] {logging_mixin.py:154} INFO - [2023-11-08T14:16:25.476+0000] {manager.py:499} INFO - Created Permission View: %s
[2023-11-08T14:16:25.516+0000] {logging_mixin.py:154} INFO - [2023-11-08T14:16:25.515+0000] {manager.py:499} INFO - Created Permission View: %s
[2023-11-08T14:16:25.542+0000] {logging_mixin.py:154} INFO - [2023-11-08T14:16:25.540+0000] {manager.py:499} INFO - Created Permission View: %s
[2023-11-08T14:16:25.544+0000] {logging_mixin.py:154} INFO - [2023-11-08T14:16:25.544+0000] {dag.py:2941} INFO - Sync 1 DAGs
[2023-11-08T14:16:25.595+0000] {logging_mixin.py:154} INFO - [2023-11-08T14:16:25.594+0000] {dag.py:2963} INFO - Creating ORM DAG for example_sensors
[2023-11-08T14:16:25.598+0000] {logging_mixin.py:154} INFO - [2023-11-08T14:16:25.598+0000] {dag.py:3722} INFO - Setting next_dagrun for example_sensors to None, run_after=None
[2023-11-08T14:16:25.667+0000] {processor.py:179} INFO - Processing /home/airflow/.local/lib/python3.11/site-packages/airflow/example_dags/example_sensors.py took 0.665 seconds
[2023-11-08T14:16:55.732+0000] {processor.py:157} INFO - Started process (PID=171) to work on /home/airflow/.local/lib/python3.11/site-packages/airflow/example_dags/example_sensors.py
[2023-11-08T14:16:55.734+0000] {processor.py:829} INFO - Processing file /home/airflow/.local/lib/python3.11/site-packages/airflow/example_dags/example_sensors.py for tasks to queue
[2023-11-08T14:16:55.737+0000] {logging_mixin.py:154} INFO - [2023-11-08T14:16:55.736+0000] {dagbag.py:536} INFO - Filling up the DagBag from /home/airflow/.local/lib/python3.11/site-packages/airflow/example_dags/example_sensors.py
[2023-11-08T14:16:55.750+0000] {processor.py:839} INFO - DAG(s) dict_keys(['example_sensors']) retrieved from /home/airflow/.local/lib/python3.11/site-packages/airflow/example_dags/example_sensors.py
[2023-11-08T14:16:55.791+0000] {logging_mixin.py:154} INFO - [2023-11-08T14:16:55.791+0000] {dag.py:2941} INFO - Sync 1 DAGs
[2023-11-08T14:16:55.810+0000] {logging_mixin.py:154} INFO - [2023-11-08T14:16:55.810+0000] {dag.py:3722} INFO - Setting next_dagrun for example_sensors to None, run_after=None
[2023-11-08T14:16:55.841+0000] {processor.py:179} INFO - Processing /home/airflow/.local/lib/python3.11/site-packages/airflow/example_dags/example_sensors.py took 0.114 seconds
[2023-11-08T14:17:26.605+0000] {processor.py:157} INFO - Started process (PID=247) to work on /home/airflow/.local/lib/python3.11/site-packages/airflow/example_dags/example_sensors.py
[2023-11-08T14:17:26.606+0000] {processor.py:829} INFO - Processing file /home/airflow/.local/lib/python3.11/site-packages/airflow/example_dags/example_sensors.py for tasks to queue
[2023-11-08T14:17:26.609+0000] {logging_mixin.py:154} INFO - [2023-11-08T14:17:26.609+0000] {dagbag.py:536} INFO - Filling up the DagBag from /home/airflow/.local/lib/python3.11/site-packages/airflow/example_dags/example_sensors.py
[2023-11-08T14:17:26.626+0000] {processor.py:839} INFO - DAG(s) dict_keys(['example_sensors']) retrieved from /home/airflow/.local/lib/python3.11/site-packages/airflow/example_dags/example_sensors.py
[2023-11-08T14:17:26.669+0000] {logging_mixin.py:154} INFO - [2023-11-08T14:17:26.668+0000] {dag.py:2941} INFO - Sync 1 DAGs
[2023-11-08T14:17:26.694+0000] {logging_mixin.py:154} INFO - [2023-11-08T14:17:26.694+0000] {dag.py:3722} INFO - Setting next_dagrun for example_sensors to None, run_after=None
[2023-11-08T14:17:26.738+0000] {processor.py:179} INFO - Processing /home/airflow/.local/lib/python3.11/site-packages/airflow/example_dags/example_sensors.py took 0.137 seconds
[2023-11-08T14:17:56.952+0000] {processor.py:157} INFO - Started process (PID=323) to work on /home/airflow/.local/lib/python3.11/site-packages/airflow/example_dags/example_sensors.py
[2023-11-08T14:17:56.953+0000] {processor.py:829} INFO - Processing file /home/airflow/.local/lib/python3.11/site-packages/airflow/example_dags/example_sensors.py for tasks to queue
[2023-11-08T14:17:56.958+0000] {logging_mixin.py:154} INFO - [2023-11-08T14:17:56.957+0000] {dagbag.py:536} INFO - Filling up the DagBag from /home/airflow/.local/lib/python3.11/site-packages/airflow/example_dags/example_sensors.py
[2023-11-08T14:17:56.975+0000] {processor.py:839} INFO - DAG(s) dict_keys(['example_sensors']) retrieved from /home/airflow/.local/lib/python3.11/site-packages/airflow/example_dags/example_sensors.py
[2023-11-08T14:17:57.023+0000] {logging_mixin.py:154} INFO - [2023-11-08T14:17:57.023+0000] {dag.py:2941} INFO - Sync 1 DAGs
[2023-11-08T14:17:57.047+0000] {logging_mixin.py:154} INFO - [2023-11-08T14:17:57.047+0000] {dag.py:3722} INFO - Setting next_dagrun for example_sensors to None, run_after=None
[2023-11-08T14:17:57.085+0000] {processor.py:179} INFO - Processing /home/airflow/.local/lib/python3.11/site-packages/airflow/example_dags/example_sensors.py took 0.137 seconds
[2023-11-08T14:18:27.994+0000] {processor.py:157} INFO - Started process (PID=399) to work on /home/airflow/.local/lib/python3.11/site-packages/airflow/example_dags/example_sensors.py
[2023-11-08T14:18:27.997+0000] {processor.py:829} INFO - Processing file /home/airflow/.local/lib/python3.11/site-packages/airflow/example_dags/example_sensors.py for tasks to queue
[2023-11-08T14:18:28.001+0000] {logging_mixin.py:154} INFO - [2023-11-08T14:18:28.000+0000] {dagbag.py:536} INFO - Filling up the DagBag from /home/airflow/.local/lib/python3.11/site-packages/airflow/example_dags/example_sensors.py
[2023-11-08T14:18:28.023+0000] {processor.py:839} INFO - DAG(s) dict_keys(['example_sensors']) retrieved from /home/airflow/.local/lib/python3.11/site-packages/airflow/example_dags/example_sensors.py
[2023-11-08T14:18:28.102+0000] {logging_mixin.py:154} INFO - [2023-11-08T14:18:28.102+0000] {dag.py:2941} INFO - Sync 1 DAGs
[2023-11-08T14:18:28.130+0000] {logging_mixin.py:154} INFO - [2023-11-08T14:18:28.130+0000] {dag.py:3722} INFO - Setting next_dagrun for example_sensors to None, run_after=None
[2023-11-08T14:18:28.183+0000] {processor.py:179} INFO - Processing /home/airflow/.local/lib/python3.11/site-packages/airflow/example_dags/example_sensors.py took 0.194 seconds
[2023-11-08T14:18:59.302+0000] {processor.py:157} INFO - Started process (PID=475) to work on /home/airflow/.local/lib/python3.11/site-packages/airflow/example_dags/example_sensors.py
[2023-11-08T14:18:59.305+0000] {processor.py:829} INFO - Processing file /home/airflow/.local/lib/python3.11/site-packages/airflow/example_dags/example_sensors.py for tasks to queue
[2023-11-08T14:18:59.309+0000] {logging_mixin.py:154} INFO - [2023-11-08T14:18:59.309+0000] {dagbag.py:536} INFO - Filling up the DagBag from /home/airflow/.local/lib/python3.11/site-packages/airflow/example_dags/example_sensors.py
[2023-11-08T14:18:59.351+0000] {processor.py:839} INFO - DAG(s) dict_keys(['example_sensors']) retrieved from /home/airflow/.local/lib/python3.11/site-packages/airflow/example_dags/example_sensors.py
[2023-11-08T14:18:59.525+0000] {logging_mixin.py:154} INFO - [2023-11-08T14:18:59.524+0000] {dag.py:2941} INFO - Sync 1 DAGs
[2023-11-08T14:18:59.599+0000] {logging_mixin.py:154} INFO - [2023-11-08T14:18:59.599+0000] {dag.py:3722} INFO - Setting next_dagrun for example_sensors to None, run_after=None
[2023-11-08T14:18:59.669+0000] {processor.py:179} INFO - Processing /home/airflow/.local/lib/python3.11/site-packages/airflow/example_dags/example_sensors.py took 0.376 seconds
[2023-11-08T14:19:38.779+0000] {processor.py:157} INFO - Started process (PID=551) to work on /home/airflow/.local/lib/python3.11/site-packages/airflow/example_dags/example_sensors.py
[2023-11-08T14:19:38.781+0000] {processor.py:829} INFO - Processing file /home/airflow/.local/lib/python3.11/site-packages/airflow/example_dags/example_sensors.py for tasks to queue
[2023-11-08T14:19:38.788+0000] {logging_mixin.py:154} INFO - [2023-11-08T14:19:38.787+0000] {dagbag.py:536} INFO - Filling up the DagBag from /home/airflow/.local/lib/python3.11/site-packages/airflow/example_dags/example_sensors.py
[2023-11-08T14:19:38.825+0000] {processor.py:839} INFO - DAG(s) dict_keys(['example_sensors']) retrieved from /home/airflow/.local/lib/python3.11/site-packages/airflow/example_dags/example_sensors.py
[2023-11-08T14:19:38.936+0000] {logging_mixin.py:154} INFO - [2023-11-08T14:19:38.935+0000] {dag.py:2941} INFO - Sync 1 DAGs
[2023-11-08T14:19:39.056+0000] {logging_mixin.py:154} INFO - [2023-11-08T14:19:39.055+0000] {dag.py:3722} INFO - Setting next_dagrun for example_sensors to None, run_after=None
[2023-11-08T14:19:39.154+0000] {processor.py:179} INFO - Processing /home/airflow/.local/lib/python3.11/site-packages/airflow/example_dags/example_sensors.py took 0.388 seconds
[2023-11-08T14:20:10.104+0000] {processor.py:157} INFO - Started process (PID=628) to work on /home/airflow/.local/lib/python3.11/site-packages/airflow/example_dags/example_sensors.py
[2023-11-08T14:20:10.107+0000] {processor.py:829} INFO - Processing file /home/airflow/.local/lib/python3.11/site-packages/airflow/example_dags/example_sensors.py for tasks to queue
[2023-11-08T14:20:10.112+0000] {logging_mixin.py:154} INFO - [2023-11-08T14:20:10.111+0000] {dagbag.py:536} INFO - Filling up the DagBag from /home/airflow/.local/lib/python3.11/site-packages/airflow/example_dags/example_sensors.py
[2023-11-08T14:20:10.155+0000] {processor.py:839} INFO - DAG(s) dict_keys(['example_sensors']) retrieved from /home/airflow/.local/lib/python3.11/site-packages/airflow/example_dags/example_sensors.py
[2023-11-08T14:20:10.209+0000] {logging_mixin.py:154} INFO - [2023-11-08T14:20:10.209+0000] {dag.py:2941} INFO - Sync 1 DAGs
[2023-11-08T14:20:10.233+0000] {logging_mixin.py:154} INFO - [2023-11-08T14:20:10.233+0000] {dag.py:3722} INFO - Setting next_dagrun for example_sensors to None, run_after=None
[2023-11-08T14:20:10.276+0000] {processor.py:179} INFO - Processing /home/airflow/.local/lib/python3.11/site-packages/airflow/example_dags/example_sensors.py took 0.178 seconds
[2023-11-08T14:20:40.398+0000] {processor.py:157} INFO - Started process (PID=704) to work on /home/airflow/.local/lib/python3.11/site-packages/airflow/example_dags/example_sensors.py
[2023-11-08T14:20:40.401+0000] {processor.py:829} INFO - Processing file /home/airflow/.local/lib/python3.11/site-packages/airflow/example_dags/example_sensors.py for tasks to queue
[2023-11-08T14:20:40.409+0000] {logging_mixin.py:154} INFO - [2023-11-08T14:20:40.408+0000] {dagbag.py:536} INFO - Filling up the DagBag from /home/airflow/.local/lib/python3.11/site-packages/airflow/example_dags/example_sensors.py
[2023-11-08T14:20:40.438+0000] {processor.py:839} INFO - DAG(s) dict_keys(['example_sensors']) retrieved from /home/airflow/.local/lib/python3.11/site-packages/airflow/example_dags/example_sensors.py
[2023-11-08T14:20:40.523+0000] {logging_mixin.py:154} INFO - [2023-11-08T14:20:40.523+0000] {dag.py:2941} INFO - Sync 1 DAGs
[2023-11-08T14:20:40.567+0000] {logging_mixin.py:154} INFO - [2023-11-08T14:20:40.567+0000] {dag.py:3722} INFO - Setting next_dagrun for example_sensors to None, run_after=None
[2023-11-08T14:20:40.639+0000] {processor.py:179} INFO - Processing /home/airflow/.local/lib/python3.11/site-packages/airflow/example_dags/example_sensors.py took 0.249 seconds
[2023-11-08T14:21:11.573+0000] {processor.py:157} INFO - Started process (PID=780) to work on /home/airflow/.local/lib/python3.11/site-packages/airflow/example_dags/example_sensors.py
[2023-11-08T14:21:11.576+0000] {processor.py:829} INFO - Processing file /home/airflow/.local/lib/python3.11/site-packages/airflow/example_dags/example_sensors.py for tasks to queue
[2023-11-08T14:21:11.584+0000] {logging_mixin.py:154} INFO - [2023-11-08T14:21:11.583+0000] {dagbag.py:536} INFO - Filling up the DagBag from /home/airflow/.local/lib/python3.11/site-packages/airflow/example_dags/example_sensors.py
[2023-11-08T14:21:11.626+0000] {processor.py:839} INFO - DAG(s) dict_keys(['example_sensors']) retrieved from /home/airflow/.local/lib/python3.11/site-packages/airflow/example_dags/example_sensors.py
[2023-11-08T14:21:11.706+0000] {logging_mixin.py:154} INFO - [2023-11-08T14:21:11.705+0000] {dag.py:2941} INFO - Sync 1 DAGs
[2023-11-08T14:21:11.749+0000] {logging_mixin.py:154} INFO - [2023-11-08T14:21:11.749+0000] {dag.py:3722} INFO - Setting next_dagrun for example_sensors to None, run_after=None
[2023-11-08T14:21:11.808+0000] {processor.py:179} INFO - Processing /home/airflow/.local/lib/python3.11/site-packages/airflow/example_dags/example_sensors.py took 0.249 seconds
[2023-11-08T14:21:42.691+0000] {processor.py:157} INFO - Started process (PID=854) to work on /home/airflow/.local/lib/python3.11/site-packages/airflow/example_dags/example_sensors.py
[2023-11-08T14:21:42.693+0000] {processor.py:829} INFO - Processing file /home/airflow/.local/lib/python3.11/site-packages/airflow/example_dags/example_sensors.py for tasks to queue
[2023-11-08T14:21:42.700+0000] {logging_mixin.py:154} INFO - [2023-11-08T14:21:42.699+0000] {dagbag.py:536} INFO - Filling up the DagBag from /home/airflow/.local/lib/python3.11/site-packages/airflow/example_dags/example_sensors.py
[2023-11-08T14:21:42.718+0000] {processor.py:839} INFO - DAG(s) dict_keys(['example_sensors']) retrieved from /home/airflow/.local/lib/python3.11/site-packages/airflow/example_dags/example_sensors.py
[2023-11-08T14:21:42.776+0000] {logging_mixin.py:154} INFO - [2023-11-08T14:21:42.775+0000] {dag.py:2941} INFO - Sync 1 DAGs
[2023-11-08T14:21:42.800+0000] {logging_mixin.py:154} INFO - [2023-11-08T14:21:42.799+0000] {dag.py:3722} INFO - Setting next_dagrun for example_sensors to None, run_after=None
[2023-11-08T14:21:42.838+0000] {processor.py:179} INFO - Processing /home/airflow/.local/lib/python3.11/site-packages/airflow/example_dags/example_sensors.py took 0.153 seconds
[2023-11-08T14:22:13.356+0000] {processor.py:157} INFO - Started process (PID=930) to work on /home/airflow/.local/lib/python3.11/site-packages/airflow/example_dags/example_sensors.py
[2023-11-08T14:22:13.357+0000] {processor.py:829} INFO - Processing file /home/airflow/.local/lib/python3.11/site-packages/airflow/example_dags/example_sensors.py for tasks to queue
[2023-11-08T14:22:13.362+0000] {logging_mixin.py:154} INFO - [2023-11-08T14:22:13.361+0000] {dagbag.py:536} INFO - Filling up the DagBag from /home/airflow/.local/lib/python3.11/site-packages/airflow/example_dags/example_sensors.py
[2023-11-08T14:22:13.381+0000] {processor.py:839} INFO - DAG(s) dict_keys(['example_sensors']) retrieved from /home/airflow/.local/lib/python3.11/site-packages/airflow/example_dags/example_sensors.py
[2023-11-08T14:22:13.430+0000] {logging_mixin.py:154} INFO - [2023-11-08T14:22:13.429+0000] {dag.py:2941} INFO - Sync 1 DAGs
[2023-11-08T14:22:13.456+0000] {logging_mixin.py:154} INFO - [2023-11-08T14:22:13.456+0000] {dag.py:3722} INFO - Setting next_dagrun for example_sensors to None, run_after=None
[2023-11-08T14:22:13.506+0000] {processor.py:179} INFO - Processing /home/airflow/.local/lib/python3.11/site-packages/airflow/example_dags/example_sensors.py took 0.156 seconds
[2023-11-08T14:22:43.609+0000] {processor.py:157} INFO - Started process (PID=1006) to work on /home/airflow/.local/lib/python3.11/site-packages/airflow/example_dags/example_sensors.py
[2023-11-08T14:22:43.610+0000] {processor.py:829} INFO - Processing file /home/airflow/.local/lib/python3.11/site-packages/airflow/example_dags/example_sensors.py for tasks to queue
[2023-11-08T14:22:43.613+0000] {logging_mixin.py:154} INFO - [2023-11-08T14:22:43.613+0000] {dagbag.py:536} INFO - Filling up the DagBag from /home/airflow/.local/lib/python3.11/site-packages/airflow/example_dags/example_sensors.py
[2023-11-08T14:22:43.629+0000] {processor.py:839} INFO - DAG(s) dict_keys(['example_sensors']) retrieved from /home/airflow/.local/lib/python3.11/site-packages/airflow/example_dags/example_sensors.py
[2023-11-08T14:22:43.675+0000] {logging_mixin.py:154} INFO - [2023-11-08T14:22:43.675+0000] {dag.py:2941} INFO - Sync 1 DAGs
[2023-11-08T14:22:43.699+0000] {logging_mixin.py:154} INFO - [2023-11-08T14:22:43.698+0000] {dag.py:3722} INFO - Setting next_dagrun for example_sensors to None, run_after=None
[2023-11-08T14:22:43.758+0000] {processor.py:179} INFO - Processing /home/airflow/.local/lib/python3.11/site-packages/airflow/example_dags/example_sensors.py took 0.154 seconds
[2023-11-08T14:23:14.397+0000] {processor.py:157} INFO - Started process (PID=1082) to work on /home/airflow/.local/lib/python3.11/site-packages/airflow/example_dags/example_sensors.py
[2023-11-08T14:23:14.402+0000] {processor.py:829} INFO - Processing file /home/airflow/.local/lib/python3.11/site-packages/airflow/example_dags/example_sensors.py for tasks to queue
[2023-11-08T14:23:14.410+0000] {logging_mixin.py:154} INFO - [2023-11-08T14:23:14.410+0000] {dagbag.py:536} INFO - Filling up the DagBag from /home/airflow/.local/lib/python3.11/site-packages/airflow/example_dags/example_sensors.py
[2023-11-08T14:23:14.437+0000] {processor.py:839} INFO - DAG(s) dict_keys(['example_sensors']) retrieved from /home/airflow/.local/lib/python3.11/site-packages/airflow/example_dags/example_sensors.py
[2023-11-08T14:23:14.524+0000] {logging_mixin.py:154} INFO - [2023-11-08T14:23:14.523+0000] {dag.py:2941} INFO - Sync 1 DAGs
[2023-11-08T14:23:14.563+0000] {logging_mixin.py:154} INFO - [2023-11-08T14:23:14.563+0000] {dag.py:3722} INFO - Setting next_dagrun for example_sensors to None, run_after=None
[2023-11-08T14:23:14.630+0000] {processor.py:179} INFO - Processing /home/airflow/.local/lib/python3.11/site-packages/airflow/example_dags/example_sensors.py took 0.239 seconds
[2023-11-08T14:23:57.341+0000] {processor.py:157} INFO - Started process (PID=1158) to work on /home/airflow/.local/lib/python3.11/site-packages/airflow/example_dags/example_sensors.py
[2023-11-08T14:23:57.343+0000] {processor.py:829} INFO - Processing file /home/airflow/.local/lib/python3.11/site-packages/airflow/example_dags/example_sensors.py for tasks to queue
[2023-11-08T14:23:57.347+0000] {logging_mixin.py:154} INFO - [2023-11-08T14:23:57.346+0000] {dagbag.py:536} INFO - Filling up the DagBag from /home/airflow/.local/lib/python3.11/site-packages/airflow/example_dags/example_sensors.py
[2023-11-08T14:23:57.365+0000] {processor.py:839} INFO - DAG(s) dict_keys(['example_sensors']) retrieved from /home/airflow/.local/lib/python3.11/site-packages/airflow/example_dags/example_sensors.py
[2023-11-08T14:23:57.425+0000] {logging_mixin.py:154} INFO - [2023-11-08T14:23:57.425+0000] {dag.py:2941} INFO - Sync 1 DAGs
[2023-11-08T14:23:57.453+0000] {logging_mixin.py:154} INFO - [2023-11-08T14:23:57.452+0000] {dag.py:3722} INFO - Setting next_dagrun for example_sensors to None, run_after=None
[2023-11-08T14:23:57.509+0000] {processor.py:179} INFO - Processing /home/airflow/.local/lib/python3.11/site-packages/airflow/example_dags/example_sensors.py took 0.178 seconds
[2023-11-08T14:24:33.705+0000] {processor.py:157} INFO - Started process (PID=1262) to work on /home/airflow/.local/lib/python3.11/site-packages/airflow/example_dags/example_sensors.py
[2023-11-08T14:24:33.709+0000] {processor.py:829} INFO - Processing file /home/airflow/.local/lib/python3.11/site-packages/airflow/example_dags/example_sensors.py for tasks to queue
[2023-11-08T14:24:33.713+0000] {logging_mixin.py:154} INFO - [2023-11-08T14:24:33.712+0000] {dagbag.py:536} INFO - Filling up the DagBag from /home/airflow/.local/lib/python3.11/site-packages/airflow/example_dags/example_sensors.py
[2023-11-08T14:24:33.773+0000] {processor.py:839} INFO - DAG(s) dict_keys(['example_sensors']) retrieved from /home/airflow/.local/lib/python3.11/site-packages/airflow/example_dags/example_sensors.py
[2023-11-08T14:24:33.878+0000] {logging_mixin.py:154} INFO - [2023-11-08T14:24:33.878+0000] {dag.py:2941} INFO - Sync 1 DAGs
[2023-11-08T14:24:33.939+0000] {logging_mixin.py:154} INFO - [2023-11-08T14:24:33.939+0000] {dag.py:3722} INFO - Setting next_dagrun for example_sensors to None, run_after=None
[2023-11-08T14:24:34.024+0000] {processor.py:179} INFO - Processing /home/airflow/.local/lib/python3.11/site-packages/airflow/example_dags/example_sensors.py took 0.327 seconds
[2023-11-08T14:25:04.627+0000] {processor.py:157} INFO - Started process (PID=1338) to work on /home/airflow/.local/lib/python3.11/site-packages/airflow/example_dags/example_sensors.py
[2023-11-08T14:25:04.629+0000] {processor.py:829} INFO - Processing file /home/airflow/.local/lib/python3.11/site-packages/airflow/example_dags/example_sensors.py for tasks to queue
[2023-11-08T14:25:04.633+0000] {logging_mixin.py:154} INFO - [2023-11-08T14:25:04.632+0000] {dagbag.py:536} INFO - Filling up the DagBag from /home/airflow/.local/lib/python3.11/site-packages/airflow/example_dags/example_sensors.py
[2023-11-08T14:25:04.649+0000] {processor.py:839} INFO - DAG(s) dict_keys(['example_sensors']) retrieved from /home/airflow/.local/lib/python3.11/site-packages/airflow/example_dags/example_sensors.py
[2023-11-08T14:25:04.695+0000] {logging_mixin.py:154} INFO - [2023-11-08T14:25:04.695+0000] {dag.py:2941} INFO - Sync 1 DAGs
[2023-11-08T14:25:04.724+0000] {logging_mixin.py:154} INFO - [2023-11-08T14:25:04.724+0000] {dag.py:3722} INFO - Setting next_dagrun for example_sensors to None, run_after=None
[2023-11-08T14:25:04.758+0000] {processor.py:179} INFO - Processing /home/airflow/.local/lib/python3.11/site-packages/airflow/example_dags/example_sensors.py took 0.136 seconds
[2023-11-08T14:25:35.479+0000] {processor.py:157} INFO - Started process (PID=1414) to work on /home/airflow/.local/lib/python3.11/site-packages/airflow/example_dags/example_sensors.py
[2023-11-08T14:25:35.480+0000] {processor.py:829} INFO - Processing file /home/airflow/.local/lib/python3.11/site-packages/airflow/example_dags/example_sensors.py for tasks to queue
[2023-11-08T14:25:35.483+0000] {logging_mixin.py:154} INFO - [2023-11-08T14:25:35.483+0000] {dagbag.py:536} INFO - Filling up the DagBag from /home/airflow/.local/lib/python3.11/site-packages/airflow/example_dags/example_sensors.py
[2023-11-08T14:25:35.499+0000] {processor.py:839} INFO - DAG(s) dict_keys(['example_sensors']) retrieved from /home/airflow/.local/lib/python3.11/site-packages/airflow/example_dags/example_sensors.py
[2023-11-08T14:25:35.544+0000] {logging_mixin.py:154} INFO - [2023-11-08T14:25:35.544+0000] {dag.py:2941} INFO - Sync 1 DAGs
[2023-11-08T14:25:35.567+0000] {logging_mixin.py:154} INFO - [2023-11-08T14:25:35.567+0000] {dag.py:3722} INFO - Setting next_dagrun for example_sensors to None, run_after=None
[2023-11-08T14:25:35.604+0000] {processor.py:179} INFO - Processing /home/airflow/.local/lib/python3.11/site-packages/airflow/example_dags/example_sensors.py took 0.130 seconds
[2023-11-08T14:26:06.520+0000] {processor.py:157} INFO - Started process (PID=1490) to work on /home/airflow/.local/lib/python3.11/site-packages/airflow/example_dags/example_sensors.py
[2023-11-08T14:26:06.522+0000] {processor.py:829} INFO - Processing file /home/airflow/.local/lib/python3.11/site-packages/airflow/example_dags/example_sensors.py for tasks to queue
[2023-11-08T14:26:06.526+0000] {logging_mixin.py:154} INFO - [2023-11-08T14:26:06.526+0000] {dagbag.py:536} INFO - Filling up the DagBag from /home/airflow/.local/lib/python3.11/site-packages/airflow/example_dags/example_sensors.py
[2023-11-08T14:26:06.552+0000] {processor.py:839} INFO - DAG(s) dict_keys(['example_sensors']) retrieved from /home/airflow/.local/lib/python3.11/site-packages/airflow/example_dags/example_sensors.py
[2023-11-08T14:26:06.619+0000] {logging_mixin.py:154} INFO - [2023-11-08T14:26:06.619+0000] {dag.py:2941} INFO - Sync 1 DAGs
[2023-11-08T14:26:06.655+0000] {logging_mixin.py:154} INFO - [2023-11-08T14:26:06.655+0000] {dag.py:3722} INFO - Setting next_dagrun for example_sensors to None, run_after=None
[2023-11-08T14:26:06.712+0000] {processor.py:179} INFO - Processing /home/airflow/.local/lib/python3.11/site-packages/airflow/example_dags/example_sensors.py took 0.201 seconds
[2023-11-08T14:26:36.795+0000] {processor.py:157} INFO - Started process (PID=1566) to work on /home/airflow/.local/lib/python3.11/site-packages/airflow/example_dags/example_sensors.py
[2023-11-08T14:26:36.797+0000] {processor.py:829} INFO - Processing file /home/airflow/.local/lib/python3.11/site-packages/airflow/example_dags/example_sensors.py for tasks to queue
[2023-11-08T14:26:36.799+0000] {logging_mixin.py:154} INFO - [2023-11-08T14:26:36.799+0000] {dagbag.py:536} INFO - Filling up the DagBag from /home/airflow/.local/lib/python3.11/site-packages/airflow/example_dags/example_sensors.py
[2023-11-08T14:26:36.814+0000] {processor.py:839} INFO - DAG(s) dict_keys(['example_sensors']) retrieved from /home/airflow/.local/lib/python3.11/site-packages/airflow/example_dags/example_sensors.py
[2023-11-08T14:26:36.858+0000] {logging_mixin.py:154} INFO - [2023-11-08T14:26:36.857+0000] {dag.py:2941} INFO - Sync 1 DAGs
[2023-11-08T14:26:36.879+0000] {logging_mixin.py:154} INFO - [2023-11-08T14:26:36.879+0000] {dag.py:3722} INFO - Setting next_dagrun for example_sensors to None, run_after=None
[2023-11-08T14:26:36.916+0000] {processor.py:179} INFO - Processing /home/airflow/.local/lib/python3.11/site-packages/airflow/example_dags/example_sensors.py took 0.125 seconds
[2023-11-08T14:27:07.076+0000] {processor.py:157} INFO - Started process (PID=1642) to work on /home/airflow/.local/lib/python3.11/site-packages/airflow/example_dags/example_sensors.py
[2023-11-08T14:27:07.077+0000] {processor.py:829} INFO - Processing file /home/airflow/.local/lib/python3.11/site-packages/airflow/example_dags/example_sensors.py for tasks to queue
[2023-11-08T14:27:07.080+0000] {logging_mixin.py:154} INFO - [2023-11-08T14:27:07.079+0000] {dagbag.py:536} INFO - Filling up the DagBag from /home/airflow/.local/lib/python3.11/site-packages/airflow/example_dags/example_sensors.py
[2023-11-08T14:27:07.096+0000] {processor.py:839} INFO - DAG(s) dict_keys(['example_sensors']) retrieved from /home/airflow/.local/lib/python3.11/site-packages/airflow/example_dags/example_sensors.py
[2023-11-08T14:27:07.146+0000] {logging_mixin.py:154} INFO - [2023-11-08T14:27:07.146+0000] {dag.py:2941} INFO - Sync 1 DAGs
[2023-11-08T14:27:07.169+0000] {logging_mixin.py:154} INFO - [2023-11-08T14:27:07.168+0000] {dag.py:3722} INFO - Setting next_dagrun for example_sensors to None, run_after=None
[2023-11-08T14:27:07.205+0000] {processor.py:179} INFO - Processing /home/airflow/.local/lib/python3.11/site-packages/airflow/example_dags/example_sensors.py took 0.134 seconds
[2023-11-08T14:27:37.612+0000] {processor.py:157} INFO - Started process (PID=1718) to work on /home/airflow/.local/lib/python3.11/site-packages/airflow/example_dags/example_sensors.py
[2023-11-08T14:27:37.613+0000] {processor.py:829} INFO - Processing file /home/airflow/.local/lib/python3.11/site-packages/airflow/example_dags/example_sensors.py for tasks to queue
[2023-11-08T14:27:37.616+0000] {logging_mixin.py:154} INFO - [2023-11-08T14:27:37.616+0000] {dagbag.py:536} INFO - Filling up the DagBag from /home/airflow/.local/lib/python3.11/site-packages/airflow/example_dags/example_sensors.py
[2023-11-08T14:27:37.633+0000] {processor.py:839} INFO - DAG(s) dict_keys(['example_sensors']) retrieved from /home/airflow/.local/lib/python3.11/site-packages/airflow/example_dags/example_sensors.py
[2023-11-08T14:27:37.678+0000] {logging_mixin.py:154} INFO - [2023-11-08T14:27:37.677+0000] {dag.py:2941} INFO - Sync 1 DAGs
[2023-11-08T14:27:37.702+0000] {logging_mixin.py:154} INFO - [2023-11-08T14:27:37.701+0000] {dag.py:3722} INFO - Setting next_dagrun for example_sensors to None, run_after=None
[2023-11-08T14:27:37.734+0000] {processor.py:179} INFO - Processing /home/airflow/.local/lib/python3.11/site-packages/airflow/example_dags/example_sensors.py took 0.127 seconds
[2023-11-08T14:28:07.980+0000] {processor.py:157} INFO - Started process (PID=1794) to work on /home/airflow/.local/lib/python3.11/site-packages/airflow/example_dags/example_sensors.py
[2023-11-08T14:28:07.983+0000] {processor.py:829} INFO - Processing file /home/airflow/.local/lib/python3.11/site-packages/airflow/example_dags/example_sensors.py for tasks to queue
[2023-11-08T14:28:07.987+0000] {logging_mixin.py:154} INFO - [2023-11-08T14:28:07.987+0000] {dagbag.py:536} INFO - Filling up the DagBag from /home/airflow/.local/lib/python3.11/site-packages/airflow/example_dags/example_sensors.py
[2023-11-08T14:28:08.014+0000] {processor.py:839} INFO - DAG(s) dict_keys(['example_sensors']) retrieved from /home/airflow/.local/lib/python3.11/site-packages/airflow/example_dags/example_sensors.py
[2023-11-08T14:28:08.082+0000] {logging_mixin.py:154} INFO - [2023-11-08T14:28:08.081+0000] {dag.py:2941} INFO - Sync 1 DAGs
[2023-11-08T14:28:08.127+0000] {logging_mixin.py:154} INFO - [2023-11-08T14:28:08.127+0000] {dag.py:3722} INFO - Setting next_dagrun for example_sensors to None, run_after=None
[2023-11-08T14:28:08.183+0000] {processor.py:179} INFO - Processing /home/airflow/.local/lib/python3.11/site-packages/airflow/example_dags/example_sensors.py took 0.211 seconds
[2023-11-08T14:28:39.527+0000] {processor.py:157} INFO - Started process (PID=1870) to work on /home/airflow/.local/lib/python3.11/site-packages/airflow/example_dags/example_sensors.py
[2023-11-08T14:28:39.529+0000] {processor.py:829} INFO - Processing file /home/airflow/.local/lib/python3.11/site-packages/airflow/example_dags/example_sensors.py for tasks to queue
[2023-11-08T14:28:39.533+0000] {logging_mixin.py:154} INFO - [2023-11-08T14:28:39.533+0000] {dagbag.py:536} INFO - Filling up the DagBag from /home/airflow/.local/lib/python3.11/site-packages/airflow/example_dags/example_sensors.py
[2023-11-08T14:28:39.601+0000] {processor.py:839} INFO - DAG(s) dict_keys(['example_sensors']) retrieved from /home/airflow/.local/lib/python3.11/site-packages/airflow/example_dags/example_sensors.py
[2023-11-08T14:28:39.859+0000] {logging_mixin.py:154} INFO - [2023-11-08T14:28:39.858+0000] {dag.py:2941} INFO - Sync 1 DAGs
[2023-11-08T14:28:39.992+0000] {logging_mixin.py:154} INFO - [2023-11-08T14:28:39.991+0000] {dag.py:3722} INFO - Setting next_dagrun for example_sensors to None, run_after=None
[2023-11-08T14:28:40.148+0000] {processor.py:179} INFO - Processing /home/airflow/.local/lib/python3.11/site-packages/airflow/example_dags/example_sensors.py took 0.673 seconds
[2023-11-08T14:29:10.370+0000] {processor.py:157} INFO - Started process (PID=1946) to work on /home/airflow/.local/lib/python3.11/site-packages/airflow/example_dags/example_sensors.py
[2023-11-08T14:29:10.372+0000] {processor.py:829} INFO - Processing file /home/airflow/.local/lib/python3.11/site-packages/airflow/example_dags/example_sensors.py for tasks to queue
[2023-11-08T14:29:10.375+0000] {logging_mixin.py:154} INFO - [2023-11-08T14:29:10.375+0000] {dagbag.py:536} INFO - Filling up the DagBag from /home/airflow/.local/lib/python3.11/site-packages/airflow/example_dags/example_sensors.py
[2023-11-08T14:29:10.389+0000] {processor.py:839} INFO - DAG(s) dict_keys(['example_sensors']) retrieved from /home/airflow/.local/lib/python3.11/site-packages/airflow/example_dags/example_sensors.py
[2023-11-08T14:29:10.431+0000] {logging_mixin.py:154} INFO - [2023-11-08T14:29:10.430+0000] {dag.py:2941} INFO - Sync 1 DAGs
[2023-11-08T14:29:10.454+0000] {logging_mixin.py:154} INFO - [2023-11-08T14:29:10.454+0000] {dag.py:3722} INFO - Setting next_dagrun for example_sensors to None, run_after=None
[2023-11-08T14:29:10.487+0000] {processor.py:179} INFO - Processing /home/airflow/.local/lib/python3.11/site-packages/airflow/example_dags/example_sensors.py took 0.121 seconds
[2023-11-08T14:29:41.148+0000] {processor.py:157} INFO - Started process (PID=2022) to work on /home/airflow/.local/lib/python3.11/site-packages/airflow/example_dags/example_sensors.py
[2023-11-08T14:29:41.149+0000] {processor.py:829} INFO - Processing file /home/airflow/.local/lib/python3.11/site-packages/airflow/example_dags/example_sensors.py for tasks to queue
[2023-11-08T14:29:41.152+0000] {logging_mixin.py:154} INFO - [2023-11-08T14:29:41.152+0000] {dagbag.py:536} INFO - Filling up the DagBag from /home/airflow/.local/lib/python3.11/site-packages/airflow/example_dags/example_sensors.py
[2023-11-08T14:29:41.167+0000] {processor.py:839} INFO - DAG(s) dict_keys(['example_sensors']) retrieved from /home/airflow/.local/lib/python3.11/site-packages/airflow/example_dags/example_sensors.py
[2023-11-08T14:29:41.216+0000] {logging_mixin.py:154} INFO - [2023-11-08T14:29:41.215+0000] {dag.py:2941} INFO - Sync 1 DAGs
[2023-11-08T14:29:41.238+0000] {logging_mixin.py:154} INFO - [2023-11-08T14:29:41.237+0000] {dag.py:3722} INFO - Setting next_dagrun for example_sensors to None, run_after=None
[2023-11-08T14:29:41.272+0000] {processor.py:179} INFO - Processing /home/airflow/.local/lib/python3.11/site-packages/airflow/example_dags/example_sensors.py took 0.130 seconds
[2023-11-08T14:30:11.531+0000] {processor.py:157} INFO - Started process (PID=2098) to work on /home/airflow/.local/lib/python3.11/site-packages/airflow/example_dags/example_sensors.py
[2023-11-08T14:30:11.534+0000] {processor.py:829} INFO - Processing file /home/airflow/.local/lib/python3.11/site-packages/airflow/example_dags/example_sensors.py for tasks to queue
[2023-11-08T14:30:11.539+0000] {logging_mixin.py:154} INFO - [2023-11-08T14:30:11.539+0000] {dagbag.py:536} INFO - Filling up the DagBag from /home/airflow/.local/lib/python3.11/site-packages/airflow/example_dags/example_sensors.py
[2023-11-08T14:30:11.559+0000] {processor.py:839} INFO - DAG(s) dict_keys(['example_sensors']) retrieved from /home/airflow/.local/lib/python3.11/site-packages/airflow/example_dags/example_sensors.py
[2023-11-08T14:30:11.606+0000] {logging_mixin.py:154} INFO - [2023-11-08T14:30:11.606+0000] {dag.py:2941} INFO - Sync 1 DAGs
[2023-11-08T14:30:11.631+0000] {logging_mixin.py:154} INFO - [2023-11-08T14:30:11.630+0000] {dag.py:3722} INFO - Setting next_dagrun for example_sensors to None, run_after=None
[2023-11-08T14:30:11.665+0000] {processor.py:179} INFO - Processing /home/airflow/.local/lib/python3.11/site-packages/airflow/example_dags/example_sensors.py took 0.139 seconds
[2023-11-08T14:30:42.281+0000] {processor.py:157} INFO - Started process (PID=2175) to work on /home/airflow/.local/lib/python3.11/site-packages/airflow/example_dags/example_sensors.py
[2023-11-08T14:30:42.283+0000] {processor.py:829} INFO - Processing file /home/airflow/.local/lib/python3.11/site-packages/airflow/example_dags/example_sensors.py for tasks to queue
[2023-11-08T14:30:42.286+0000] {logging_mixin.py:154} INFO - [2023-11-08T14:30:42.285+0000] {dagbag.py:536} INFO - Filling up the DagBag from /home/airflow/.local/lib/python3.11/site-packages/airflow/example_dags/example_sensors.py
[2023-11-08T14:30:42.300+0000] {processor.py:839} INFO - DAG(s) dict_keys(['example_sensors']) retrieved from /home/airflow/.local/lib/python3.11/site-packages/airflow/example_dags/example_sensors.py
[2023-11-08T14:30:42.340+0000] {logging_mixin.py:154} INFO - [2023-11-08T14:30:42.339+0000] {dag.py:2941} INFO - Sync 1 DAGs
[2023-11-08T14:30:42.360+0000] {logging_mixin.py:154} INFO - [2023-11-08T14:30:42.360+0000] {dag.py:3722} INFO - Setting next_dagrun for example_sensors to None, run_after=None
[2023-11-08T14:30:42.395+0000] {processor.py:179} INFO - Processing /home/airflow/.local/lib/python3.11/site-packages/airflow/example_dags/example_sensors.py took 0.118 seconds
[2023-11-08T14:31:13.062+0000] {processor.py:157} INFO - Started process (PID=2251) to work on /home/airflow/.local/lib/python3.11/site-packages/airflow/example_dags/example_sensors.py
[2023-11-08T14:31:13.063+0000] {processor.py:829} INFO - Processing file /home/airflow/.local/lib/python3.11/site-packages/airflow/example_dags/example_sensors.py for tasks to queue
[2023-11-08T14:31:13.067+0000] {logging_mixin.py:154} INFO - [2023-11-08T14:31:13.067+0000] {dagbag.py:536} INFO - Filling up the DagBag from /home/airflow/.local/lib/python3.11/site-packages/airflow/example_dags/example_sensors.py
[2023-11-08T14:31:13.085+0000] {processor.py:839} INFO - DAG(s) dict_keys(['example_sensors']) retrieved from /home/airflow/.local/lib/python3.11/site-packages/airflow/example_dags/example_sensors.py
[2023-11-08T14:31:13.131+0000] {logging_mixin.py:154} INFO - [2023-11-08T14:31:13.131+0000] {dag.py:2941} INFO - Sync 1 DAGs
[2023-11-08T14:31:13.153+0000] {logging_mixin.py:154} INFO - [2023-11-08T14:31:13.152+0000] {dag.py:3722} INFO - Setting next_dagrun for example_sensors to None, run_after=None
[2023-11-08T14:31:13.190+0000] {processor.py:179} INFO - Processing /home/airflow/.local/lib/python3.11/site-packages/airflow/example_dags/example_sensors.py took 0.133 seconds
[2023-11-08T14:31:43.472+0000] {processor.py:157} INFO - Started process (PID=2327) to work on /home/airflow/.local/lib/python3.11/site-packages/airflow/example_dags/example_sensors.py
[2023-11-08T14:31:43.473+0000] {processor.py:829} INFO - Processing file /home/airflow/.local/lib/python3.11/site-packages/airflow/example_dags/example_sensors.py for tasks to queue
[2023-11-08T14:31:43.477+0000] {logging_mixin.py:154} INFO - [2023-11-08T14:31:43.476+0000] {dagbag.py:536} INFO - Filling up the DagBag from /home/airflow/.local/lib/python3.11/site-packages/airflow/example_dags/example_sensors.py
[2023-11-08T14:31:43.492+0000] {processor.py:839} INFO - DAG(s) dict_keys(['example_sensors']) retrieved from /home/airflow/.local/lib/python3.11/site-packages/airflow/example_dags/example_sensors.py
[2023-11-08T14:31:43.539+0000] {logging_mixin.py:154} INFO - [2023-11-08T14:31:43.538+0000] {dag.py:2941} INFO - Sync 1 DAGs
[2023-11-08T14:31:43.560+0000] {logging_mixin.py:154} INFO - [2023-11-08T14:31:43.560+0000] {dag.py:3722} INFO - Setting next_dagrun for example_sensors to None, run_after=None
[2023-11-08T14:31:43.601+0000] {processor.py:179} INFO - Processing /home/airflow/.local/lib/python3.11/site-packages/airflow/example_dags/example_sensors.py took 0.134 seconds
[2023-11-08T14:32:13.781+0000] {processor.py:157} INFO - Started process (PID=2403) to work on /home/airflow/.local/lib/python3.11/site-packages/airflow/example_dags/example_sensors.py
[2023-11-08T14:32:13.782+0000] {processor.py:829} INFO - Processing file /home/airflow/.local/lib/python3.11/site-packages/airflow/example_dags/example_sensors.py for tasks to queue
[2023-11-08T14:32:13.784+0000] {logging_mixin.py:154} INFO - [2023-11-08T14:32:13.784+0000] {dagbag.py:536} INFO - Filling up the DagBag from /home/airflow/.local/lib/python3.11/site-packages/airflow/example_dags/example_sensors.py
[2023-11-08T14:32:13.798+0000] {processor.py:839} INFO - DAG(s) dict_keys(['example_sensors']) retrieved from /home/airflow/.local/lib/python3.11/site-packages/airflow/example_dags/example_sensors.py
[2023-11-08T14:32:13.841+0000] {logging_mixin.py:154} INFO - [2023-11-08T14:32:13.841+0000] {dag.py:2941} INFO - Sync 1 DAGs
[2023-11-08T14:32:13.861+0000] {logging_mixin.py:154} INFO - [2023-11-08T14:32:13.861+0000] {dag.py:3722} INFO - Setting next_dagrun for example_sensors to None, run_after=None
[2023-11-08T14:32:13.895+0000] {processor.py:179} INFO - Processing /home/airflow/.local/lib/python3.11/site-packages/airflow/example_dags/example_sensors.py took 0.119 seconds
[2023-11-08T14:32:44.702+0000] {processor.py:157} INFO - Started process (PID=2479) to work on /home/airflow/.local/lib/python3.11/site-packages/airflow/example_dags/example_sensors.py
[2023-11-08T14:32:44.704+0000] {processor.py:829} INFO - Processing file /home/airflow/.local/lib/python3.11/site-packages/airflow/example_dags/example_sensors.py for tasks to queue
[2023-11-08T14:32:44.707+0000] {logging_mixin.py:154} INFO - [2023-11-08T14:32:44.706+0000] {dagbag.py:536} INFO - Filling up the DagBag from /home/airflow/.local/lib/python3.11/site-packages/airflow/example_dags/example_sensors.py
[2023-11-08T14:32:44.720+0000] {processor.py:839} INFO - DAG(s) dict_keys(['example_sensors']) retrieved from /home/airflow/.local/lib/python3.11/site-packages/airflow/example_dags/example_sensors.py
[2023-11-08T14:32:44.765+0000] {logging_mixin.py:154} INFO - [2023-11-08T14:32:44.765+0000] {dag.py:2941} INFO - Sync 1 DAGs
[2023-11-08T14:32:44.788+0000] {logging_mixin.py:154} INFO - [2023-11-08T14:32:44.788+0000] {dag.py:3722} INFO - Setting next_dagrun for example_sensors to None, run_after=None
[2023-11-08T14:32:44.822+0000] {processor.py:179} INFO - Processing /home/airflow/.local/lib/python3.11/site-packages/airflow/example_dags/example_sensors.py took 0.124 seconds
[2023-11-08T14:33:15.255+0000] {processor.py:157} INFO - Started process (PID=2555) to work on /home/airflow/.local/lib/python3.11/site-packages/airflow/example_dags/example_sensors.py
[2023-11-08T14:33:15.256+0000] {processor.py:829} INFO - Processing file /home/airflow/.local/lib/python3.11/site-packages/airflow/example_dags/example_sensors.py for tasks to queue
[2023-11-08T14:33:15.259+0000] {logging_mixin.py:154} INFO - [2023-11-08T14:33:15.258+0000] {dagbag.py:536} INFO - Filling up the DagBag from /home/airflow/.local/lib/python3.11/site-packages/airflow/example_dags/example_sensors.py
[2023-11-08T14:33:15.274+0000] {processor.py:839} INFO - DAG(s) dict_keys(['example_sensors']) retrieved from /home/airflow/.local/lib/python3.11/site-packages/airflow/example_dags/example_sensors.py
[2023-11-08T14:33:15.317+0000] {logging_mixin.py:154} INFO - [2023-11-08T14:33:15.316+0000] {dag.py:2941} INFO - Sync 1 DAGs
[2023-11-08T14:33:15.338+0000] {logging_mixin.py:154} INFO - [2023-11-08T14:33:15.337+0000] {dag.py:3722} INFO - Setting next_dagrun for example_sensors to None, run_after=None
[2023-11-08T14:33:15.372+0000] {processor.py:179} INFO - Processing /home/airflow/.local/lib/python3.11/site-packages/airflow/example_dags/example_sensors.py took 0.122 seconds
[2023-11-08T14:33:45.526+0000] {processor.py:157} INFO - Started process (PID=2631) to work on /home/airflow/.local/lib/python3.11/site-packages/airflow/example_dags/example_sensors.py
[2023-11-08T14:33:45.528+0000] {processor.py:829} INFO - Processing file /home/airflow/.local/lib/python3.11/site-packages/airflow/example_dags/example_sensors.py for tasks to queue
[2023-11-08T14:33:45.530+0000] {logging_mixin.py:154} INFO - [2023-11-08T14:33:45.530+0000] {dagbag.py:536} INFO - Filling up the DagBag from /home/airflow/.local/lib/python3.11/site-packages/airflow/example_dags/example_sensors.py
[2023-11-08T14:33:45.543+0000] {processor.py:839} INFO - DAG(s) dict_keys(['example_sensors']) retrieved from /home/airflow/.local/lib/python3.11/site-packages/airflow/example_dags/example_sensors.py
[2023-11-08T14:33:45.579+0000] {logging_mixin.py:154} INFO - [2023-11-08T14:33:45.579+0000] {dag.py:2941} INFO - Sync 1 DAGs
[2023-11-08T14:33:45.598+0000] {logging_mixin.py:154} INFO - [2023-11-08T14:33:45.597+0000] {dag.py:3722} INFO - Setting next_dagrun for example_sensors to None, run_after=None
[2023-11-08T14:33:45.628+0000] {processor.py:179} INFO - Processing /home/airflow/.local/lib/python3.11/site-packages/airflow/example_dags/example_sensors.py took 0.105 seconds
[2023-11-08T14:34:15.883+0000] {processor.py:157} INFO - Started process (PID=2707) to work on /home/airflow/.local/lib/python3.11/site-packages/airflow/example_dags/example_sensors.py
[2023-11-08T14:34:15.884+0000] {processor.py:829} INFO - Processing file /home/airflow/.local/lib/python3.11/site-packages/airflow/example_dags/example_sensors.py for tasks to queue
[2023-11-08T14:34:15.891+0000] {logging_mixin.py:154} INFO - [2023-11-08T14:34:15.888+0000] {dagbag.py:536} INFO - Filling up the DagBag from /home/airflow/.local/lib/python3.11/site-packages/airflow/example_dags/example_sensors.py
[2023-11-08T14:34:15.907+0000] {processor.py:839} INFO - DAG(s) dict_keys(['example_sensors']) retrieved from /home/airflow/.local/lib/python3.11/site-packages/airflow/example_dags/example_sensors.py
[2023-11-08T14:34:15.949+0000] {logging_mixin.py:154} INFO - [2023-11-08T14:34:15.949+0000] {dag.py:2941} INFO - Sync 1 DAGs
[2023-11-08T14:34:15.972+0000] {logging_mixin.py:154} INFO - [2023-11-08T14:34:15.971+0000] {dag.py:3722} INFO - Setting next_dagrun for example_sensors to None, run_after=None
[2023-11-08T14:34:16.005+0000] {processor.py:179} INFO - Processing /home/airflow/.local/lib/python3.11/site-packages/airflow/example_dags/example_sensors.py took 0.126 seconds
[2023-11-08T14:34:46.411+0000] {processor.py:157} INFO - Started process (PID=2783) to work on /home/airflow/.local/lib/python3.11/site-packages/airflow/example_dags/example_sensors.py
[2023-11-08T14:34:46.413+0000] {processor.py:829} INFO - Processing file /home/airflow/.local/lib/python3.11/site-packages/airflow/example_dags/example_sensors.py for tasks to queue
[2023-11-08T14:34:46.416+0000] {logging_mixin.py:154} INFO - [2023-11-08T14:34:46.416+0000] {dagbag.py:536} INFO - Filling up the DagBag from /home/airflow/.local/lib/python3.11/site-packages/airflow/example_dags/example_sensors.py
[2023-11-08T14:34:46.430+0000] {processor.py:839} INFO - DAG(s) dict_keys(['example_sensors']) retrieved from /home/airflow/.local/lib/python3.11/site-packages/airflow/example_dags/example_sensors.py
[2023-11-08T14:34:46.472+0000] {logging_mixin.py:154} INFO - [2023-11-08T14:34:46.471+0000] {dag.py:2941} INFO - Sync 1 DAGs
[2023-11-08T14:34:46.492+0000] {logging_mixin.py:154} INFO - [2023-11-08T14:34:46.492+0000] {dag.py:3722} INFO - Setting next_dagrun for example_sensors to None, run_after=None
[2023-11-08T14:34:46.525+0000] {processor.py:179} INFO - Processing /home/airflow/.local/lib/python3.11/site-packages/airflow/example_dags/example_sensors.py took 0.117 seconds
[2023-11-08T14:35:17.384+0000] {processor.py:157} INFO - Started process (PID=2859) to work on /home/airflow/.local/lib/python3.11/site-packages/airflow/example_dags/example_sensors.py
[2023-11-08T14:35:17.385+0000] {processor.py:829} INFO - Processing file /home/airflow/.local/lib/python3.11/site-packages/airflow/example_dags/example_sensors.py for tasks to queue
[2023-11-08T14:35:17.388+0000] {logging_mixin.py:154} INFO - [2023-11-08T14:35:17.387+0000] {dagbag.py:536} INFO - Filling up the DagBag from /home/airflow/.local/lib/python3.11/site-packages/airflow/example_dags/example_sensors.py
[2023-11-08T14:35:17.406+0000] {processor.py:839} INFO - DAG(s) dict_keys(['example_sensors']) retrieved from /home/airflow/.local/lib/python3.11/site-packages/airflow/example_dags/example_sensors.py
[2023-11-08T14:35:17.452+0000] {logging_mixin.py:154} INFO - [2023-11-08T14:35:17.452+0000] {dag.py:2941} INFO - Sync 1 DAGs
[2023-11-08T14:35:17.480+0000] {logging_mixin.py:154} INFO - [2023-11-08T14:35:17.479+0000] {dag.py:3722} INFO - Setting next_dagrun for example_sensors to None, run_after=None
[2023-11-08T14:35:17.518+0000] {processor.py:179} INFO - Processing /home/airflow/.local/lib/python3.11/site-packages/airflow/example_dags/example_sensors.py took 0.140 seconds
[2023-11-08T14:35:48.234+0000] {processor.py:157} INFO - Started process (PID=2935) to work on /home/airflow/.local/lib/python3.11/site-packages/airflow/example_dags/example_sensors.py
[2023-11-08T14:35:48.235+0000] {processor.py:829} INFO - Processing file /home/airflow/.local/lib/python3.11/site-packages/airflow/example_dags/example_sensors.py for tasks to queue
[2023-11-08T14:35:48.239+0000] {logging_mixin.py:154} INFO - [2023-11-08T14:35:48.238+0000] {dagbag.py:536} INFO - Filling up the DagBag from /home/airflow/.local/lib/python3.11/site-packages/airflow/example_dags/example_sensors.py
[2023-11-08T14:35:48.253+0000] {processor.py:839} INFO - DAG(s) dict_keys(['example_sensors']) retrieved from /home/airflow/.local/lib/python3.11/site-packages/airflow/example_dags/example_sensors.py
[2023-11-08T14:35:48.295+0000] {logging_mixin.py:154} INFO - [2023-11-08T14:35:48.294+0000] {dag.py:2941} INFO - Sync 1 DAGs
[2023-11-08T14:35:48.317+0000] {logging_mixin.py:154} INFO - [2023-11-08T14:35:48.317+0000] {dag.py:3722} INFO - Setting next_dagrun for example_sensors to None, run_after=None
[2023-11-08T14:35:48.351+0000] {processor.py:179} INFO - Processing /home/airflow/.local/lib/python3.11/site-packages/airflow/example_dags/example_sensors.py took 0.121 seconds
[2023-11-08T14:36:19.133+0000] {processor.py:157} INFO - Started process (PID=3011) to work on /home/airflow/.local/lib/python3.11/site-packages/airflow/example_dags/example_sensors.py
[2023-11-08T14:36:19.134+0000] {processor.py:829} INFO - Processing file /home/airflow/.local/lib/python3.11/site-packages/airflow/example_dags/example_sensors.py for tasks to queue
[2023-11-08T14:36:19.137+0000] {logging_mixin.py:154} INFO - [2023-11-08T14:36:19.137+0000] {dagbag.py:536} INFO - Filling up the DagBag from /home/airflow/.local/lib/python3.11/site-packages/airflow/example_dags/example_sensors.py
[2023-11-08T14:36:19.152+0000] {processor.py:839} INFO - DAG(s) dict_keys(['example_sensors']) retrieved from /home/airflow/.local/lib/python3.11/site-packages/airflow/example_dags/example_sensors.py
[2023-11-08T14:36:19.192+0000] {logging_mixin.py:154} INFO - [2023-11-08T14:36:19.192+0000] {dag.py:2941} INFO - Sync 1 DAGs
[2023-11-08T14:36:19.212+0000] {logging_mixin.py:154} INFO - [2023-11-08T14:36:19.211+0000] {dag.py:3722} INFO - Setting next_dagrun for example_sensors to None, run_after=None
[2023-11-08T14:36:19.243+0000] {processor.py:179} INFO - Processing /home/airflow/.local/lib/python3.11/site-packages/airflow/example_dags/example_sensors.py took 0.114 seconds
[2023-11-08T14:36:49.715+0000] {processor.py:157} INFO - Started process (PID=3085) to work on /home/airflow/.local/lib/python3.11/site-packages/airflow/example_dags/example_sensors.py
[2023-11-08T14:36:49.717+0000] {processor.py:829} INFO - Processing file /home/airflow/.local/lib/python3.11/site-packages/airflow/example_dags/example_sensors.py for tasks to queue
[2023-11-08T14:36:49.721+0000] {logging_mixin.py:154} INFO - [2023-11-08T14:36:49.720+0000] {dagbag.py:536} INFO - Filling up the DagBag from /home/airflow/.local/lib/python3.11/site-packages/airflow/example_dags/example_sensors.py
[2023-11-08T14:36:49.739+0000] {processor.py:839} INFO - DAG(s) dict_keys(['example_sensors']) retrieved from /home/airflow/.local/lib/python3.11/site-packages/airflow/example_dags/example_sensors.py
[2023-11-08T14:36:49.787+0000] {logging_mixin.py:154} INFO - [2023-11-08T14:36:49.787+0000] {dag.py:2941} INFO - Sync 1 DAGs
[2023-11-08T14:36:49.813+0000] {logging_mixin.py:154} INFO - [2023-11-08T14:36:49.813+0000] {dag.py:3722} INFO - Setting next_dagrun for example_sensors to None, run_after=None
[2023-11-08T14:36:49.848+0000] {processor.py:179} INFO - Processing /home/airflow/.local/lib/python3.11/site-packages/airflow/example_dags/example_sensors.py took 0.138 seconds
[2023-11-08T14:37:20.205+0000] {processor.py:157} INFO - Started process (PID=3161) to work on /home/airflow/.local/lib/python3.11/site-packages/airflow/example_dags/example_sensors.py
[2023-11-08T14:37:20.206+0000] {processor.py:829} INFO - Processing file /home/airflow/.local/lib/python3.11/site-packages/airflow/example_dags/example_sensors.py for tasks to queue
[2023-11-08T14:37:20.207+0000] {logging_mixin.py:154} INFO - [2023-11-08T14:37:20.207+0000] {dagbag.py:536} INFO - Filling up the DagBag from /home/airflow/.local/lib/python3.11/site-packages/airflow/example_dags/example_sensors.py
[2023-11-08T14:37:20.214+0000] {processor.py:839} INFO - DAG(s) dict_keys(['example_sensors']) retrieved from /home/airflow/.local/lib/python3.11/site-packages/airflow/example_dags/example_sensors.py
[2023-11-08T14:37:20.234+0000] {logging_mixin.py:154} INFO - [2023-11-08T14:37:20.234+0000] {dag.py:2941} INFO - Sync 1 DAGs
[2023-11-08T14:37:20.244+0000] {logging_mixin.py:154} INFO - [2023-11-08T14:37:20.244+0000] {dag.py:3722} INFO - Setting next_dagrun for example_sensors to None, run_after=None
[2023-11-08T14:37:20.262+0000] {processor.py:179} INFO - Processing /home/airflow/.local/lib/python3.11/site-packages/airflow/example_dags/example_sensors.py took 0.060 seconds
[2023-11-08T14:37:51.282+0000] {processor.py:157} INFO - Started process (PID=3237) to work on /home/airflow/.local/lib/python3.11/site-packages/airflow/example_dags/example_sensors.py
[2023-11-08T14:37:51.283+0000] {processor.py:829} INFO - Processing file /home/airflow/.local/lib/python3.11/site-packages/airflow/example_dags/example_sensors.py for tasks to queue
[2023-11-08T14:37:51.285+0000] {logging_mixin.py:154} INFO - [2023-11-08T14:37:51.285+0000] {dagbag.py:536} INFO - Filling up the DagBag from /home/airflow/.local/lib/python3.11/site-packages/airflow/example_dags/example_sensors.py
[2023-11-08T14:37:51.292+0000] {processor.py:839} INFO - DAG(s) dict_keys(['example_sensors']) retrieved from /home/airflow/.local/lib/python3.11/site-packages/airflow/example_dags/example_sensors.py
[2023-11-08T14:37:51.312+0000] {logging_mixin.py:154} INFO - [2023-11-08T14:37:51.311+0000] {dag.py:2941} INFO - Sync 1 DAGs
[2023-11-08T14:37:51.322+0000] {logging_mixin.py:154} INFO - [2023-11-08T14:37:51.322+0000] {dag.py:3722} INFO - Setting next_dagrun for example_sensors to None, run_after=None
[2023-11-08T14:37:51.335+0000] {processor.py:179} INFO - Processing /home/airflow/.local/lib/python3.11/site-packages/airflow/example_dags/example_sensors.py took 0.055 seconds
[2023-11-08T14:38:21.533+0000] {processor.py:157} INFO - Started process (PID=3313) to work on /home/airflow/.local/lib/python3.11/site-packages/airflow/example_dags/example_sensors.py
[2023-11-08T14:38:21.533+0000] {processor.py:829} INFO - Processing file /home/airflow/.local/lib/python3.11/site-packages/airflow/example_dags/example_sensors.py for tasks to queue
[2023-11-08T14:38:21.535+0000] {logging_mixin.py:154} INFO - [2023-11-08T14:38:21.535+0000] {dagbag.py:536} INFO - Filling up the DagBag from /home/airflow/.local/lib/python3.11/site-packages/airflow/example_dags/example_sensors.py
[2023-11-08T14:38:21.542+0000] {processor.py:839} INFO - DAG(s) dict_keys(['example_sensors']) retrieved from /home/airflow/.local/lib/python3.11/site-packages/airflow/example_dags/example_sensors.py
[2023-11-08T14:38:21.563+0000] {logging_mixin.py:154} INFO - [2023-11-08T14:38:21.563+0000] {dag.py:2941} INFO - Sync 1 DAGs
[2023-11-08T14:38:21.572+0000] {logging_mixin.py:154} INFO - [2023-11-08T14:38:21.572+0000] {dag.py:3722} INFO - Setting next_dagrun for example_sensors to None, run_after=None
[2023-11-08T14:38:21.586+0000] {processor.py:179} INFO - Processing /home/airflow/.local/lib/python3.11/site-packages/airflow/example_dags/example_sensors.py took 0.056 seconds
[2023-11-08T14:38:51.631+0000] {processor.py:157} INFO - Started process (PID=3389) to work on /home/airflow/.local/lib/python3.11/site-packages/airflow/example_dags/example_sensors.py
[2023-11-08T14:38:51.632+0000] {processor.py:829} INFO - Processing file /home/airflow/.local/lib/python3.11/site-packages/airflow/example_dags/example_sensors.py for tasks to queue
[2023-11-08T14:38:51.634+0000] {logging_mixin.py:154} INFO - [2023-11-08T14:38:51.633+0000] {dagbag.py:536} INFO - Filling up the DagBag from /home/airflow/.local/lib/python3.11/site-packages/airflow/example_dags/example_sensors.py
[2023-11-08T14:38:51.640+0000] {processor.py:839} INFO - DAG(s) dict_keys(['example_sensors']) retrieved from /home/airflow/.local/lib/python3.11/site-packages/airflow/example_dags/example_sensors.py
[2023-11-08T14:38:51.660+0000] {logging_mixin.py:154} INFO - [2023-11-08T14:38:51.659+0000] {dag.py:2941} INFO - Sync 1 DAGs
[2023-11-08T14:38:51.669+0000] {logging_mixin.py:154} INFO - [2023-11-08T14:38:51.669+0000] {dag.py:3722} INFO - Setting next_dagrun for example_sensors to None, run_after=None
[2023-11-08T14:38:51.681+0000] {processor.py:179} INFO - Processing /home/airflow/.local/lib/python3.11/site-packages/airflow/example_dags/example_sensors.py took 0.052 seconds
[2023-11-08T14:39:21.754+0000] {processor.py:157} INFO - Started process (PID=3465) to work on /home/airflow/.local/lib/python3.11/site-packages/airflow/example_dags/example_sensors.py
[2023-11-08T14:39:21.754+0000] {processor.py:829} INFO - Processing file /home/airflow/.local/lib/python3.11/site-packages/airflow/example_dags/example_sensors.py for tasks to queue
[2023-11-08T14:39:21.756+0000] {logging_mixin.py:154} INFO - [2023-11-08T14:39:21.756+0000] {dagbag.py:536} INFO - Filling up the DagBag from /home/airflow/.local/lib/python3.11/site-packages/airflow/example_dags/example_sensors.py
[2023-11-08T14:39:21.763+0000] {processor.py:839} INFO - DAG(s) dict_keys(['example_sensors']) retrieved from /home/airflow/.local/lib/python3.11/site-packages/airflow/example_dags/example_sensors.py
[2023-11-08T14:39:21.783+0000] {logging_mixin.py:154} INFO - [2023-11-08T14:39:21.783+0000] {dag.py:2941} INFO - Sync 1 DAGs
[2023-11-08T14:39:21.793+0000] {logging_mixin.py:154} INFO - [2023-11-08T14:39:21.793+0000] {dag.py:3722} INFO - Setting next_dagrun for example_sensors to None, run_after=None
[2023-11-08T14:39:21.806+0000] {processor.py:179} INFO - Processing /home/airflow/.local/lib/python3.11/site-packages/airflow/example_dags/example_sensors.py took 0.055 seconds
[2023-11-08T14:39:52.008+0000] {processor.py:157} INFO - Started process (PID=3541) to work on /home/airflow/.local/lib/python3.11/site-packages/airflow/example_dags/example_sensors.py
[2023-11-08T14:39:52.009+0000] {processor.py:829} INFO - Processing file /home/airflow/.local/lib/python3.11/site-packages/airflow/example_dags/example_sensors.py for tasks to queue
[2023-11-08T14:39:52.010+0000] {logging_mixin.py:154} INFO - [2023-11-08T14:39:52.010+0000] {dagbag.py:536} INFO - Filling up the DagBag from /home/airflow/.local/lib/python3.11/site-packages/airflow/example_dags/example_sensors.py
[2023-11-08T14:39:52.017+0000] {processor.py:839} INFO - DAG(s) dict_keys(['example_sensors']) retrieved from /home/airflow/.local/lib/python3.11/site-packages/airflow/example_dags/example_sensors.py
[2023-11-08T14:39:52.036+0000] {logging_mixin.py:154} INFO - [2023-11-08T14:39:52.036+0000] {dag.py:2941} INFO - Sync 1 DAGs
[2023-11-08T14:39:52.046+0000] {logging_mixin.py:154} INFO - [2023-11-08T14:39:52.046+0000] {dag.py:3722} INFO - Setting next_dagrun for example_sensors to None, run_after=None
[2023-11-08T14:39:52.059+0000] {processor.py:179} INFO - Processing /home/airflow/.local/lib/python3.11/site-packages/airflow/example_dags/example_sensors.py took 0.054 seconds
[2023-11-08T14:40:22.287+0000] {processor.py:157} INFO - Started process (PID=3618) to work on /home/airflow/.local/lib/python3.11/site-packages/airflow/example_dags/example_sensors.py
[2023-11-08T14:40:22.287+0000] {processor.py:829} INFO - Processing file /home/airflow/.local/lib/python3.11/site-packages/airflow/example_dags/example_sensors.py for tasks to queue
[2023-11-08T14:40:22.289+0000] {logging_mixin.py:154} INFO - [2023-11-08T14:40:22.289+0000] {dagbag.py:536} INFO - Filling up the DagBag from /home/airflow/.local/lib/python3.11/site-packages/airflow/example_dags/example_sensors.py
[2023-11-08T14:40:22.296+0000] {processor.py:839} INFO - DAG(s) dict_keys(['example_sensors']) retrieved from /home/airflow/.local/lib/python3.11/site-packages/airflow/example_dags/example_sensors.py
[2023-11-08T14:40:22.316+0000] {logging_mixin.py:154} INFO - [2023-11-08T14:40:22.316+0000] {dag.py:2941} INFO - Sync 1 DAGs
[2023-11-08T14:40:22.325+0000] {logging_mixin.py:154} INFO - [2023-11-08T14:40:22.325+0000] {dag.py:3722} INFO - Setting next_dagrun for example_sensors to None, run_after=None
[2023-11-08T14:40:22.339+0000] {processor.py:179} INFO - Processing /home/airflow/.local/lib/python3.11/site-packages/airflow/example_dags/example_sensors.py took 0.054 seconds
[2023-11-08T14:40:52.386+0000] {processor.py:157} INFO - Started process (PID=3694) to work on /home/airflow/.local/lib/python3.11/site-packages/airflow/example_dags/example_sensors.py
[2023-11-08T14:40:52.387+0000] {processor.py:829} INFO - Processing file /home/airflow/.local/lib/python3.11/site-packages/airflow/example_dags/example_sensors.py for tasks to queue
[2023-11-08T14:40:52.389+0000] {logging_mixin.py:154} INFO - [2023-11-08T14:40:52.389+0000] {dagbag.py:536} INFO - Filling up the DagBag from /home/airflow/.local/lib/python3.11/site-packages/airflow/example_dags/example_sensors.py
[2023-11-08T14:40:52.396+0000] {processor.py:839} INFO - DAG(s) dict_keys(['example_sensors']) retrieved from /home/airflow/.local/lib/python3.11/site-packages/airflow/example_dags/example_sensors.py
[2023-11-08T14:40:52.417+0000] {logging_mixin.py:154} INFO - [2023-11-08T14:40:52.416+0000] {dag.py:2941} INFO - Sync 1 DAGs
[2023-11-08T14:40:52.427+0000] {logging_mixin.py:154} INFO - [2023-11-08T14:40:52.427+0000] {dag.py:3722} INFO - Setting next_dagrun for example_sensors to None, run_after=None
[2023-11-08T14:40:52.441+0000] {processor.py:179} INFO - Processing /home/airflow/.local/lib/python3.11/site-packages/airflow/example_dags/example_sensors.py took 0.057 seconds
[2023-11-08T14:41:22.622+0000] {processor.py:157} INFO - Started process (PID=3770) to work on /home/airflow/.local/lib/python3.11/site-packages/airflow/example_dags/example_sensors.py
[2023-11-08T14:41:22.622+0000] {processor.py:829} INFO - Processing file /home/airflow/.local/lib/python3.11/site-packages/airflow/example_dags/example_sensors.py for tasks to queue
[2023-11-08T14:41:22.624+0000] {logging_mixin.py:154} INFO - [2023-11-08T14:41:22.624+0000] {dagbag.py:536} INFO - Filling up the DagBag from /home/airflow/.local/lib/python3.11/site-packages/airflow/example_dags/example_sensors.py
[2023-11-08T14:41:22.630+0000] {processor.py:839} INFO - DAG(s) dict_keys(['example_sensors']) retrieved from /home/airflow/.local/lib/python3.11/site-packages/airflow/example_dags/example_sensors.py
[2023-11-08T14:41:22.650+0000] {logging_mixin.py:154} INFO - [2023-11-08T14:41:22.650+0000] {dag.py:2941} INFO - Sync 1 DAGs
[2023-11-08T14:41:22.660+0000] {logging_mixin.py:154} INFO - [2023-11-08T14:41:22.659+0000] {dag.py:3722} INFO - Setting next_dagrun for example_sensors to None, run_after=None
[2023-11-08T14:41:22.673+0000] {processor.py:179} INFO - Processing /home/airflow/.local/lib/python3.11/site-packages/airflow/example_dags/example_sensors.py took 0.053 seconds
[2023-11-08T14:41:52.760+0000] {processor.py:157} INFO - Started process (PID=3846) to work on /home/airflow/.local/lib/python3.11/site-packages/airflow/example_dags/example_sensors.py
[2023-11-08T14:41:52.761+0000] {processor.py:829} INFO - Processing file /home/airflow/.local/lib/python3.11/site-packages/airflow/example_dags/example_sensors.py for tasks to queue
[2023-11-08T14:41:52.762+0000] {logging_mixin.py:154} INFO - [2023-11-08T14:41:52.762+0000] {dagbag.py:536} INFO - Filling up the DagBag from /home/airflow/.local/lib/python3.11/site-packages/airflow/example_dags/example_sensors.py
[2023-11-08T14:41:52.768+0000] {processor.py:839} INFO - DAG(s) dict_keys(['example_sensors']) retrieved from /home/airflow/.local/lib/python3.11/site-packages/airflow/example_dags/example_sensors.py
[2023-11-08T14:41:52.788+0000] {logging_mixin.py:154} INFO - [2023-11-08T14:41:52.788+0000] {dag.py:2941} INFO - Sync 1 DAGs
[2023-11-08T14:41:52.799+0000] {logging_mixin.py:154} INFO - [2023-11-08T14:41:52.798+0000] {dag.py:3722} INFO - Setting next_dagrun for example_sensors to None, run_after=None
[2023-11-08T14:41:52.812+0000] {processor.py:179} INFO - Processing /home/airflow/.local/lib/python3.11/site-packages/airflow/example_dags/example_sensors.py took 0.054 seconds
[2023-11-08T14:42:22.985+0000] {processor.py:157} INFO - Started process (PID=3922) to work on /home/airflow/.local/lib/python3.11/site-packages/airflow/example_dags/example_sensors.py
[2023-11-08T14:42:22.986+0000] {processor.py:829} INFO - Processing file /home/airflow/.local/lib/python3.11/site-packages/airflow/example_dags/example_sensors.py for tasks to queue
[2023-11-08T14:42:22.988+0000] {logging_mixin.py:154} INFO - [2023-11-08T14:42:22.987+0000] {dagbag.py:536} INFO - Filling up the DagBag from /home/airflow/.local/lib/python3.11/site-packages/airflow/example_dags/example_sensors.py
[2023-11-08T14:42:22.994+0000] {processor.py:839} INFO - DAG(s) dict_keys(['example_sensors']) retrieved from /home/airflow/.local/lib/python3.11/site-packages/airflow/example_dags/example_sensors.py
[2023-11-08T14:42:23.013+0000] {logging_mixin.py:154} INFO - [2023-11-08T14:42:23.013+0000] {dag.py:2941} INFO - Sync 1 DAGs
[2023-11-08T14:42:23.023+0000] {logging_mixin.py:154} INFO - [2023-11-08T14:42:23.023+0000] {dag.py:3722} INFO - Setting next_dagrun for example_sensors to None, run_after=None
[2023-11-08T14:42:23.036+0000] {processor.py:179} INFO - Processing /home/airflow/.local/lib/python3.11/site-packages/airflow/example_dags/example_sensors.py took 0.053 seconds
[2023-11-08T14:42:53.490+0000] {processor.py:157} INFO - Started process (PID=3998) to work on /home/airflow/.local/lib/python3.11/site-packages/airflow/example_dags/example_sensors.py
[2023-11-08T14:42:53.491+0000] {processor.py:829} INFO - Processing file /home/airflow/.local/lib/python3.11/site-packages/airflow/example_dags/example_sensors.py for tasks to queue
[2023-11-08T14:42:53.493+0000] {logging_mixin.py:154} INFO - [2023-11-08T14:42:53.493+0000] {dagbag.py:536} INFO - Filling up the DagBag from /home/airflow/.local/lib/python3.11/site-packages/airflow/example_dags/example_sensors.py
[2023-11-08T14:42:53.500+0000] {processor.py:839} INFO - DAG(s) dict_keys(['example_sensors']) retrieved from /home/airflow/.local/lib/python3.11/site-packages/airflow/example_dags/example_sensors.py
[2023-11-08T14:42:53.523+0000] {logging_mixin.py:154} INFO - [2023-11-08T14:42:53.523+0000] {dag.py:2941} INFO - Sync 1 DAGs
[2023-11-08T14:42:53.534+0000] {logging_mixin.py:154} INFO - [2023-11-08T14:42:53.534+0000] {dag.py:3722} INFO - Setting next_dagrun for example_sensors to None, run_after=None
[2023-11-08T14:42:53.550+0000] {processor.py:179} INFO - Processing /home/airflow/.local/lib/python3.11/site-packages/airflow/example_dags/example_sensors.py took 0.062 seconds
[2023-11-08T14:43:23.808+0000] {processor.py:157} INFO - Started process (PID=4074) to work on /home/airflow/.local/lib/python3.11/site-packages/airflow/example_dags/example_sensors.py
[2023-11-08T14:43:23.808+0000] {processor.py:829} INFO - Processing file /home/airflow/.local/lib/python3.11/site-packages/airflow/example_dags/example_sensors.py for tasks to queue
[2023-11-08T14:43:23.810+0000] {logging_mixin.py:154} INFO - [2023-11-08T14:43:23.810+0000] {dagbag.py:536} INFO - Filling up the DagBag from /home/airflow/.local/lib/python3.11/site-packages/airflow/example_dags/example_sensors.py
[2023-11-08T14:43:23.816+0000] {processor.py:839} INFO - DAG(s) dict_keys(['example_sensors']) retrieved from /home/airflow/.local/lib/python3.11/site-packages/airflow/example_dags/example_sensors.py
[2023-11-08T14:43:23.836+0000] {logging_mixin.py:154} INFO - [2023-11-08T14:43:23.836+0000] {dag.py:2941} INFO - Sync 1 DAGs
[2023-11-08T14:43:23.846+0000] {logging_mixin.py:154} INFO - [2023-11-08T14:43:23.845+0000] {dag.py:3722} INFO - Setting next_dagrun for example_sensors to None, run_after=None
[2023-11-08T14:43:23.859+0000] {processor.py:179} INFO - Processing /home/airflow/.local/lib/python3.11/site-packages/airflow/example_dags/example_sensors.py took 0.053 seconds
[2023-11-08T14:43:54.341+0000] {processor.py:157} INFO - Started process (PID=4150) to work on /home/airflow/.local/lib/python3.11/site-packages/airflow/example_dags/example_sensors.py
[2023-11-08T14:43:54.342+0000] {processor.py:829} INFO - Processing file /home/airflow/.local/lib/python3.11/site-packages/airflow/example_dags/example_sensors.py for tasks to queue
[2023-11-08T14:43:54.344+0000] {logging_mixin.py:154} INFO - [2023-11-08T14:43:54.344+0000] {dagbag.py:536} INFO - Filling up the DagBag from /home/airflow/.local/lib/python3.11/site-packages/airflow/example_dags/example_sensors.py
[2023-11-08T14:43:54.351+0000] {processor.py:839} INFO - DAG(s) dict_keys(['example_sensors']) retrieved from /home/airflow/.local/lib/python3.11/site-packages/airflow/example_dags/example_sensors.py
[2023-11-08T14:43:54.370+0000] {logging_mixin.py:154} INFO - [2023-11-08T14:43:54.370+0000] {dag.py:2941} INFO - Sync 1 DAGs
[2023-11-08T14:43:54.380+0000] {logging_mixin.py:154} INFO - [2023-11-08T14:43:54.380+0000] {dag.py:3722} INFO - Setting next_dagrun for example_sensors to None, run_after=None
[2023-11-08T14:43:54.393+0000] {processor.py:179} INFO - Processing /home/airflow/.local/lib/python3.11/site-packages/airflow/example_dags/example_sensors.py took 0.054 seconds
[2023-11-08T14:44:24.519+0000] {processor.py:157} INFO - Started process (PID=4226) to work on /home/airflow/.local/lib/python3.11/site-packages/airflow/example_dags/example_sensors.py
[2023-11-08T14:44:24.520+0000] {processor.py:829} INFO - Processing file /home/airflow/.local/lib/python3.11/site-packages/airflow/example_dags/example_sensors.py for tasks to queue
[2023-11-08T14:44:24.522+0000] {logging_mixin.py:154} INFO - [2023-11-08T14:44:24.521+0000] {dagbag.py:536} INFO - Filling up the DagBag from /home/airflow/.local/lib/python3.11/site-packages/airflow/example_dags/example_sensors.py
[2023-11-08T14:44:24.529+0000] {processor.py:839} INFO - DAG(s) dict_keys(['example_sensors']) retrieved from /home/airflow/.local/lib/python3.11/site-packages/airflow/example_dags/example_sensors.py
[2023-11-08T14:44:24.549+0000] {logging_mixin.py:154} INFO - [2023-11-08T14:44:24.549+0000] {dag.py:2941} INFO - Sync 1 DAGs
[2023-11-08T14:44:24.559+0000] {logging_mixin.py:154} INFO - [2023-11-08T14:44:24.558+0000] {dag.py:3722} INFO - Setting next_dagrun for example_sensors to None, run_after=None
[2023-11-08T14:44:24.573+0000] {processor.py:179} INFO - Processing /home/airflow/.local/lib/python3.11/site-packages/airflow/example_dags/example_sensors.py took 0.056 seconds
[2023-11-08T14:44:54.918+0000] {processor.py:157} INFO - Started process (PID=4302) to work on /home/airflow/.local/lib/python3.11/site-packages/airflow/example_dags/example_sensors.py
[2023-11-08T14:44:54.918+0000] {processor.py:829} INFO - Processing file /home/airflow/.local/lib/python3.11/site-packages/airflow/example_dags/example_sensors.py for tasks to queue
[2023-11-08T14:44:54.920+0000] {logging_mixin.py:154} INFO - [2023-11-08T14:44:54.920+0000] {dagbag.py:536} INFO - Filling up the DagBag from /home/airflow/.local/lib/python3.11/site-packages/airflow/example_dags/example_sensors.py
[2023-11-08T14:44:54.926+0000] {processor.py:839} INFO - DAG(s) dict_keys(['example_sensors']) retrieved from /home/airflow/.local/lib/python3.11/site-packages/airflow/example_dags/example_sensors.py
[2023-11-08T14:44:54.947+0000] {logging_mixin.py:154} INFO - [2023-11-08T14:44:54.946+0000] {dag.py:2941} INFO - Sync 1 DAGs
[2023-11-08T14:44:54.956+0000] {logging_mixin.py:154} INFO - [2023-11-08T14:44:54.956+0000] {dag.py:3722} INFO - Setting next_dagrun for example_sensors to None, run_after=None
[2023-11-08T14:44:54.969+0000] {processor.py:179} INFO - Processing /home/airflow/.local/lib/python3.11/site-packages/airflow/example_dags/example_sensors.py took 0.054 seconds
[2023-11-08T14:45:25.398+0000] {processor.py:157} INFO - Started process (PID=4379) to work on /home/airflow/.local/lib/python3.11/site-packages/airflow/example_dags/example_sensors.py
[2023-11-08T14:45:25.398+0000] {processor.py:829} INFO - Processing file /home/airflow/.local/lib/python3.11/site-packages/airflow/example_dags/example_sensors.py for tasks to queue
[2023-11-08T14:45:25.400+0000] {logging_mixin.py:154} INFO - [2023-11-08T14:45:25.400+0000] {dagbag.py:536} INFO - Filling up the DagBag from /home/airflow/.local/lib/python3.11/site-packages/airflow/example_dags/example_sensors.py
[2023-11-08T14:45:25.408+0000] {processor.py:839} INFO - DAG(s) dict_keys(['example_sensors']) retrieved from /home/airflow/.local/lib/python3.11/site-packages/airflow/example_dags/example_sensors.py
[2023-11-08T14:45:25.430+0000] {logging_mixin.py:154} INFO - [2023-11-08T14:45:25.429+0000] {dag.py:2941} INFO - Sync 1 DAGs
[2023-11-08T14:45:25.441+0000] {logging_mixin.py:154} INFO - [2023-11-08T14:45:25.441+0000] {dag.py:3722} INFO - Setting next_dagrun for example_sensors to None, run_after=None
[2023-11-08T14:45:25.458+0000] {processor.py:179} INFO - Processing /home/airflow/.local/lib/python3.11/site-packages/airflow/example_dags/example_sensors.py took 0.063 seconds
[2023-11-08T14:45:56.120+0000] {processor.py:157} INFO - Started process (PID=4455) to work on /home/airflow/.local/lib/python3.11/site-packages/airflow/example_dags/example_sensors.py
[2023-11-08T14:45:56.121+0000] {processor.py:829} INFO - Processing file /home/airflow/.local/lib/python3.11/site-packages/airflow/example_dags/example_sensors.py for tasks to queue
[2023-11-08T14:45:56.123+0000] {logging_mixin.py:154} INFO - [2023-11-08T14:45:56.123+0000] {dagbag.py:536} INFO - Filling up the DagBag from /home/airflow/.local/lib/python3.11/site-packages/airflow/example_dags/example_sensors.py
[2023-11-08T14:45:56.130+0000] {processor.py:839} INFO - DAG(s) dict_keys(['example_sensors']) retrieved from /home/airflow/.local/lib/python3.11/site-packages/airflow/example_dags/example_sensors.py
[2023-11-08T14:45:56.154+0000] {logging_mixin.py:154} INFO - [2023-11-08T14:45:56.154+0000] {dag.py:2941} INFO - Sync 1 DAGs
[2023-11-08T14:45:56.172+0000] {logging_mixin.py:154} INFO - [2023-11-08T14:45:56.171+0000] {dag.py:3722} INFO - Setting next_dagrun for example_sensors to None, run_after=None
[2023-11-08T14:45:56.455+0000] {processor.py:179} INFO - Processing /home/airflow/.local/lib/python3.11/site-packages/airflow/example_dags/example_sensors.py took 0.337 seconds
[2023-11-08T14:46:27.245+0000] {processor.py:157} INFO - Started process (PID=4531) to work on /home/airflow/.local/lib/python3.11/site-packages/airflow/example_dags/example_sensors.py
[2023-11-08T14:46:27.246+0000] {processor.py:829} INFO - Processing file /home/airflow/.local/lib/python3.11/site-packages/airflow/example_dags/example_sensors.py for tasks to queue
[2023-11-08T14:46:27.247+0000] {logging_mixin.py:154} INFO - [2023-11-08T14:46:27.247+0000] {dagbag.py:536} INFO - Filling up the DagBag from /home/airflow/.local/lib/python3.11/site-packages/airflow/example_dags/example_sensors.py
[2023-11-08T14:46:27.255+0000] {processor.py:839} INFO - DAG(s) dict_keys(['example_sensors']) retrieved from /home/airflow/.local/lib/python3.11/site-packages/airflow/example_dags/example_sensors.py
[2023-11-08T14:46:27.275+0000] {logging_mixin.py:154} INFO - [2023-11-08T14:46:27.275+0000] {dag.py:2941} INFO - Sync 1 DAGs
[2023-11-08T14:46:27.286+0000] {logging_mixin.py:154} INFO - [2023-11-08T14:46:27.286+0000] {dag.py:3722} INFO - Setting next_dagrun for example_sensors to None, run_after=None
[2023-11-08T14:46:27.301+0000] {processor.py:179} INFO - Processing /home/airflow/.local/lib/python3.11/site-packages/airflow/example_dags/example_sensors.py took 0.058 seconds
[2023-11-08T14:46:57.820+0000] {processor.py:157} INFO - Started process (PID=4607) to work on /home/airflow/.local/lib/python3.11/site-packages/airflow/example_dags/example_sensors.py
[2023-11-08T14:46:57.821+0000] {processor.py:829} INFO - Processing file /home/airflow/.local/lib/python3.11/site-packages/airflow/example_dags/example_sensors.py for tasks to queue
[2023-11-08T14:46:57.823+0000] {logging_mixin.py:154} INFO - [2023-11-08T14:46:57.823+0000] {dagbag.py:536} INFO - Filling up the DagBag from /home/airflow/.local/lib/python3.11/site-packages/airflow/example_dags/example_sensors.py
[2023-11-08T14:46:57.829+0000] {processor.py:839} INFO - DAG(s) dict_keys(['example_sensors']) retrieved from /home/airflow/.local/lib/python3.11/site-packages/airflow/example_dags/example_sensors.py
[2023-11-08T14:46:57.848+0000] {logging_mixin.py:154} INFO - [2023-11-08T14:46:57.848+0000] {dag.py:2941} INFO - Sync 1 DAGs
[2023-11-08T14:46:57.858+0000] {logging_mixin.py:154} INFO - [2023-11-08T14:46:57.858+0000] {dag.py:3722} INFO - Setting next_dagrun for example_sensors to None, run_after=None
[2023-11-08T14:46:57.876+0000] {processor.py:179} INFO - Processing /home/airflow/.local/lib/python3.11/site-packages/airflow/example_dags/example_sensors.py took 0.057 seconds
[2023-11-08T14:47:27.932+0000] {processor.py:157} INFO - Started process (PID=4683) to work on /home/airflow/.local/lib/python3.11/site-packages/airflow/example_dags/example_sensors.py
[2023-11-08T14:47:27.933+0000] {processor.py:829} INFO - Processing file /home/airflow/.local/lib/python3.11/site-packages/airflow/example_dags/example_sensors.py for tasks to queue
[2023-11-08T14:47:27.934+0000] {logging_mixin.py:154} INFO - [2023-11-08T14:47:27.934+0000] {dagbag.py:536} INFO - Filling up the DagBag from /home/airflow/.local/lib/python3.11/site-packages/airflow/example_dags/example_sensors.py
[2023-11-08T14:47:27.942+0000] {processor.py:839} INFO - DAG(s) dict_keys(['example_sensors']) retrieved from /home/airflow/.local/lib/python3.11/site-packages/airflow/example_dags/example_sensors.py
[2023-11-08T14:47:27.964+0000] {logging_mixin.py:154} INFO - [2023-11-08T14:47:27.963+0000] {dag.py:2941} INFO - Sync 1 DAGs
[2023-11-08T14:47:27.973+0000] {logging_mixin.py:154} INFO - [2023-11-08T14:47:27.973+0000] {dag.py:3722} INFO - Setting next_dagrun for example_sensors to None, run_after=None
[2023-11-08T14:47:27.987+0000] {processor.py:179} INFO - Processing /home/airflow/.local/lib/python3.11/site-packages/airflow/example_dags/example_sensors.py took 0.057 seconds
[2023-11-08T14:47:58.288+0000] {processor.py:157} INFO - Started process (PID=4759) to work on /home/airflow/.local/lib/python3.11/site-packages/airflow/example_dags/example_sensors.py
[2023-11-08T14:47:58.289+0000] {processor.py:829} INFO - Processing file /home/airflow/.local/lib/python3.11/site-packages/airflow/example_dags/example_sensors.py for tasks to queue
[2023-11-08T14:47:58.291+0000] {logging_mixin.py:154} INFO - [2023-11-08T14:47:58.290+0000] {dagbag.py:536} INFO - Filling up the DagBag from /home/airflow/.local/lib/python3.11/site-packages/airflow/example_dags/example_sensors.py
[2023-11-08T14:47:58.297+0000] {processor.py:839} INFO - DAG(s) dict_keys(['example_sensors']) retrieved from /home/airflow/.local/lib/python3.11/site-packages/airflow/example_dags/example_sensors.py
[2023-11-08T14:47:58.318+0000] {logging_mixin.py:154} INFO - [2023-11-08T14:47:58.318+0000] {dag.py:2941} INFO - Sync 1 DAGs
[2023-11-08T14:47:58.327+0000] {logging_mixin.py:154} INFO - [2023-11-08T14:47:58.327+0000] {dag.py:3722} INFO - Setting next_dagrun for example_sensors to None, run_after=None
[2023-11-08T14:47:58.340+0000] {processor.py:179} INFO - Processing /home/airflow/.local/lib/python3.11/site-packages/airflow/example_dags/example_sensors.py took 0.054 seconds
[2023-11-08T14:48:28.663+0000] {processor.py:157} INFO - Started process (PID=4835) to work on /home/airflow/.local/lib/python3.11/site-packages/airflow/example_dags/example_sensors.py
[2023-11-08T14:48:28.663+0000] {processor.py:829} INFO - Processing file /home/airflow/.local/lib/python3.11/site-packages/airflow/example_dags/example_sensors.py for tasks to queue
[2023-11-08T14:48:28.665+0000] {logging_mixin.py:154} INFO - [2023-11-08T14:48:28.665+0000] {dagbag.py:536} INFO - Filling up the DagBag from /home/airflow/.local/lib/python3.11/site-packages/airflow/example_dags/example_sensors.py
[2023-11-08T14:48:28.672+0000] {processor.py:839} INFO - DAG(s) dict_keys(['example_sensors']) retrieved from /home/airflow/.local/lib/python3.11/site-packages/airflow/example_dags/example_sensors.py
[2023-11-08T14:48:28.692+0000] {logging_mixin.py:154} INFO - [2023-11-08T14:48:28.692+0000] {dag.py:2941} INFO - Sync 1 DAGs
[2023-11-08T14:48:28.862+0000] {logging_mixin.py:154} INFO - [2023-11-08T14:48:28.862+0000] {dag.py:3722} INFO - Setting next_dagrun for example_sensors to None, run_after=None
[2023-11-08T14:48:28.876+0000] {processor.py:179} INFO - Processing /home/airflow/.local/lib/python3.11/site-packages/airflow/example_dags/example_sensors.py took 0.215 seconds
[2023-11-08T14:48:58.998+0000] {processor.py:157} INFO - Started process (PID=4911) to work on /home/airflow/.local/lib/python3.11/site-packages/airflow/example_dags/example_sensors.py
[2023-11-08T14:48:58.999+0000] {processor.py:829} INFO - Processing file /home/airflow/.local/lib/python3.11/site-packages/airflow/example_dags/example_sensors.py for tasks to queue
[2023-11-08T14:48:59.001+0000] {logging_mixin.py:154} INFO - [2023-11-08T14:48:59.001+0000] {dagbag.py:536} INFO - Filling up the DagBag from /home/airflow/.local/lib/python3.11/site-packages/airflow/example_dags/example_sensors.py
[2023-11-08T14:48:59.009+0000] {processor.py:839} INFO - DAG(s) dict_keys(['example_sensors']) retrieved from /home/airflow/.local/lib/python3.11/site-packages/airflow/example_dags/example_sensors.py
[2023-11-08T14:48:59.028+0000] {logging_mixin.py:154} INFO - [2023-11-08T14:48:59.028+0000] {dag.py:2941} INFO - Sync 1 DAGs
[2023-11-08T14:48:59.038+0000] {logging_mixin.py:154} INFO - [2023-11-08T14:48:59.038+0000] {dag.py:3722} INFO - Setting next_dagrun for example_sensors to None, run_after=None
[2023-11-08T14:48:59.051+0000] {processor.py:179} INFO - Processing /home/airflow/.local/lib/python3.11/site-packages/airflow/example_dags/example_sensors.py took 0.056 seconds
[2023-11-08T14:49:29.940+0000] {processor.py:157} INFO - Started process (PID=4987) to work on /home/airflow/.local/lib/python3.11/site-packages/airflow/example_dags/example_sensors.py
[2023-11-08T14:49:29.941+0000] {processor.py:829} INFO - Processing file /home/airflow/.local/lib/python3.11/site-packages/airflow/example_dags/example_sensors.py for tasks to queue
[2023-11-08T14:49:29.942+0000] {logging_mixin.py:154} INFO - [2023-11-08T14:49:29.942+0000] {dagbag.py:536} INFO - Filling up the DagBag from /home/airflow/.local/lib/python3.11/site-packages/airflow/example_dags/example_sensors.py
[2023-11-08T14:49:29.949+0000] {processor.py:839} INFO - DAG(s) dict_keys(['example_sensors']) retrieved from /home/airflow/.local/lib/python3.11/site-packages/airflow/example_dags/example_sensors.py
[2023-11-08T14:49:29.969+0000] {logging_mixin.py:154} INFO - [2023-11-08T14:49:29.968+0000] {dag.py:2941} INFO - Sync 1 DAGs
[2023-11-08T14:49:29.978+0000] {logging_mixin.py:154} INFO - [2023-11-08T14:49:29.977+0000] {dag.py:3722} INFO - Setting next_dagrun for example_sensors to None, run_after=None
[2023-11-08T14:49:29.990+0000] {processor.py:179} INFO - Processing /home/airflow/.local/lib/python3.11/site-packages/airflow/example_dags/example_sensors.py took 0.052 seconds
[2023-11-08T14:50:00.225+0000] {processor.py:157} INFO - Started process (PID=5063) to work on /home/airflow/.local/lib/python3.11/site-packages/airflow/example_dags/example_sensors.py
[2023-11-08T14:50:00.226+0000] {processor.py:829} INFO - Processing file /home/airflow/.local/lib/python3.11/site-packages/airflow/example_dags/example_sensors.py for tasks to queue
[2023-11-08T14:50:00.228+0000] {logging_mixin.py:154} INFO - [2023-11-08T14:50:00.227+0000] {dagbag.py:536} INFO - Filling up the DagBag from /home/airflow/.local/lib/python3.11/site-packages/airflow/example_dags/example_sensors.py
[2023-11-08T14:50:00.235+0000] {processor.py:839} INFO - DAG(s) dict_keys(['example_sensors']) retrieved from /home/airflow/.local/lib/python3.11/site-packages/airflow/example_dags/example_sensors.py
[2023-11-08T14:50:00.258+0000] {logging_mixin.py:154} INFO - [2023-11-08T14:50:00.258+0000] {dag.py:2941} INFO - Sync 1 DAGs
[2023-11-08T14:50:00.268+0000] {logging_mixin.py:154} INFO - [2023-11-08T14:50:00.268+0000] {dag.py:3722} INFO - Setting next_dagrun for example_sensors to None, run_after=None
[2023-11-08T14:50:00.289+0000] {processor.py:179} INFO - Processing /home/airflow/.local/lib/python3.11/site-packages/airflow/example_dags/example_sensors.py took 0.067 seconds
[2023-11-08T14:50:30.538+0000] {processor.py:157} INFO - Started process (PID=5139) to work on /home/airflow/.local/lib/python3.11/site-packages/airflow/example_dags/example_sensors.py
[2023-11-08T14:50:30.538+0000] {processor.py:829} INFO - Processing file /home/airflow/.local/lib/python3.11/site-packages/airflow/example_dags/example_sensors.py for tasks to queue
[2023-11-08T14:50:30.539+0000] {logging_mixin.py:154} INFO - [2023-11-08T14:50:30.539+0000] {dagbag.py:536} INFO - Filling up the DagBag from /home/airflow/.local/lib/python3.11/site-packages/airflow/example_dags/example_sensors.py
[2023-11-08T14:50:30.546+0000] {processor.py:839} INFO - DAG(s) dict_keys(['example_sensors']) retrieved from /home/airflow/.local/lib/python3.11/site-packages/airflow/example_dags/example_sensors.py
[2023-11-08T14:50:30.565+0000] {logging_mixin.py:154} INFO - [2023-11-08T14:50:30.565+0000] {dag.py:2941} INFO - Sync 1 DAGs
[2023-11-08T14:50:30.574+0000] {logging_mixin.py:154} INFO - [2023-11-08T14:50:30.574+0000] {dag.py:3722} INFO - Setting next_dagrun for example_sensors to None, run_after=None
[2023-11-08T14:50:30.587+0000] {processor.py:179} INFO - Processing /home/airflow/.local/lib/python3.11/site-packages/airflow/example_dags/example_sensors.py took 0.052 seconds
[2023-11-08T14:51:00.923+0000] {processor.py:157} INFO - Started process (PID=5215) to work on /home/airflow/.local/lib/python3.11/site-packages/airflow/example_dags/example_sensors.py
[2023-11-08T14:51:00.923+0000] {processor.py:829} INFO - Processing file /home/airflow/.local/lib/python3.11/site-packages/airflow/example_dags/example_sensors.py for tasks to queue
[2023-11-08T14:51:00.925+0000] {logging_mixin.py:154} INFO - [2023-11-08T14:51:00.925+0000] {dagbag.py:536} INFO - Filling up the DagBag from /home/airflow/.local/lib/python3.11/site-packages/airflow/example_dags/example_sensors.py
[2023-11-08T14:51:00.933+0000] {processor.py:839} INFO - DAG(s) dict_keys(['example_sensors']) retrieved from /home/airflow/.local/lib/python3.11/site-packages/airflow/example_dags/example_sensors.py
[2023-11-08T14:51:00.952+0000] {logging_mixin.py:154} INFO - [2023-11-08T14:51:00.951+0000] {dag.py:2941} INFO - Sync 1 DAGs
[2023-11-08T14:51:00.961+0000] {logging_mixin.py:154} INFO - [2023-11-08T14:51:00.961+0000] {dag.py:3722} INFO - Setting next_dagrun for example_sensors to None, run_after=None
[2023-11-08T14:51:00.975+0000] {processor.py:179} INFO - Processing /home/airflow/.local/lib/python3.11/site-packages/airflow/example_dags/example_sensors.py took 0.055 seconds
[2023-11-08T14:51:31.887+0000] {processor.py:157} INFO - Started process (PID=5291) to work on /home/airflow/.local/lib/python3.11/site-packages/airflow/example_dags/example_sensors.py
[2023-11-08T14:51:31.890+0000] {processor.py:829} INFO - Processing file /home/airflow/.local/lib/python3.11/site-packages/airflow/example_dags/example_sensors.py for tasks to queue
[2023-11-08T14:51:31.901+0000] {logging_mixin.py:154} INFO - [2023-11-08T14:51:31.900+0000] {dagbag.py:536} INFO - Filling up the DagBag from /home/airflow/.local/lib/python3.11/site-packages/airflow/example_dags/example_sensors.py
[2023-11-08T14:51:31.933+0000] {processor.py:839} INFO - DAG(s) dict_keys(['example_sensors']) retrieved from /home/airflow/.local/lib/python3.11/site-packages/airflow/example_dags/example_sensors.py
[2023-11-08T14:51:31.993+0000] {logging_mixin.py:154} INFO - [2023-11-08T14:51:31.992+0000] {dag.py:2941} INFO - Sync 1 DAGs
[2023-11-08T14:51:32.025+0000] {logging_mixin.py:154} INFO - [2023-11-08T14:51:32.024+0000] {dag.py:3722} INFO - Setting next_dagrun for example_sensors to None, run_after=None
[2023-11-08T14:51:32.063+0000] {processor.py:179} INFO - Processing /home/airflow/.local/lib/python3.11/site-packages/airflow/example_dags/example_sensors.py took 0.194 seconds
[2023-11-08T14:52:02.461+0000] {processor.py:157} INFO - Started process (PID=5367) to work on /home/airflow/.local/lib/python3.11/site-packages/airflow/example_dags/example_sensors.py
[2023-11-08T14:52:02.462+0000] {processor.py:829} INFO - Processing file /home/airflow/.local/lib/python3.11/site-packages/airflow/example_dags/example_sensors.py for tasks to queue
[2023-11-08T14:52:02.464+0000] {logging_mixin.py:154} INFO - [2023-11-08T14:52:02.464+0000] {dagbag.py:536} INFO - Filling up the DagBag from /home/airflow/.local/lib/python3.11/site-packages/airflow/example_dags/example_sensors.py
[2023-11-08T14:52:02.471+0000] {processor.py:839} INFO - DAG(s) dict_keys(['example_sensors']) retrieved from /home/airflow/.local/lib/python3.11/site-packages/airflow/example_dags/example_sensors.py
[2023-11-08T14:52:02.490+0000] {logging_mixin.py:154} INFO - [2023-11-08T14:52:02.490+0000] {dag.py:2941} INFO - Sync 1 DAGs
[2023-11-08T14:52:02.499+0000] {logging_mixin.py:154} INFO - [2023-11-08T14:52:02.499+0000] {dag.py:3722} INFO - Setting next_dagrun for example_sensors to None, run_after=None
[2023-11-08T14:52:02.512+0000] {processor.py:179} INFO - Processing /home/airflow/.local/lib/python3.11/site-packages/airflow/example_dags/example_sensors.py took 0.053 seconds
