[2023-11-08T14:16:18.253+0000] {processor.py:157} INFO - Started process (PID=72) to work on /home/airflow/.local/lib/python3.11/site-packages/airflow/example_dags/example_branch_labels.py
[2023-11-08T14:16:18.254+0000] {processor.py:829} INFO - Processing file /home/airflow/.local/lib/python3.11/site-packages/airflow/example_dags/example_branch_labels.py for tasks to queue
[2023-11-08T14:16:18.259+0000] {logging_mixin.py:154} INFO - [2023-11-08T14:16:18.258+0000] {dagbag.py:536} INFO - Filling up the DagBag from /home/airflow/.local/lib/python3.11/site-packages/airflow/example_dags/example_branch_labels.py
[2023-11-08T14:16:18.296+0000] {processor.py:839} INFO - DAG(s) dict_keys(['example_branch_labels']) retrieved from /home/airflow/.local/lib/python3.11/site-packages/airflow/example_dags/example_branch_labels.py
[2023-11-08T14:16:18.706+0000] {logging_mixin.py:154} INFO - [2023-11-08T14:16:18.706+0000] {manager.py:499} INFO - Created Permission View: %s
[2023-11-08T14:16:18.749+0000] {logging_mixin.py:154} INFO - [2023-11-08T14:16:18.748+0000] {manager.py:499} INFO - Created Permission View: %s
[2023-11-08T14:16:18.767+0000] {logging_mixin.py:154} INFO - [2023-11-08T14:16:18.767+0000] {manager.py:499} INFO - Created Permission View: %s
[2023-11-08T14:16:18.768+0000] {logging_mixin.py:154} INFO - [2023-11-08T14:16:18.768+0000] {dag.py:2941} INFO - Sync 1 DAGs
[2023-11-08T14:16:18.804+0000] {logging_mixin.py:154} INFO - [2023-11-08T14:16:18.803+0000] {dag.py:2963} INFO - Creating ORM DAG for example_branch_labels
[2023-11-08T14:16:18.845+0000] {logging_mixin.py:154} INFO - [2023-11-08T14:16:18.845+0000] {dag.py:3722} INFO - Setting next_dagrun for example_branch_labels to 2023-11-07T00:00:00+00:00, run_after=2023-11-08T00:00:00+00:00
[2023-11-08T14:16:18.918+0000] {processor.py:179} INFO - Processing /home/airflow/.local/lib/python3.11/site-packages/airflow/example_dags/example_branch_labels.py took 0.679 seconds
[2023-11-08T14:16:49.242+0000] {processor.py:157} INFO - Started process (PID=148) to work on /home/airflow/.local/lib/python3.11/site-packages/airflow/example_dags/example_branch_labels.py
[2023-11-08T14:16:49.244+0000] {processor.py:829} INFO - Processing file /home/airflow/.local/lib/python3.11/site-packages/airflow/example_dags/example_branch_labels.py for tasks to queue
[2023-11-08T14:16:49.247+0000] {logging_mixin.py:154} INFO - [2023-11-08T14:16:49.246+0000] {dagbag.py:536} INFO - Filling up the DagBag from /home/airflow/.local/lib/python3.11/site-packages/airflow/example_dags/example_branch_labels.py
[2023-11-08T14:16:49.259+0000] {processor.py:839} INFO - DAG(s) dict_keys(['example_branch_labels']) retrieved from /home/airflow/.local/lib/python3.11/site-packages/airflow/example_dags/example_branch_labels.py
[2023-11-08T14:16:49.293+0000] {logging_mixin.py:154} INFO - [2023-11-08T14:16:49.293+0000] {dag.py:2941} INFO - Sync 1 DAGs
[2023-11-08T14:16:49.340+0000] {logging_mixin.py:154} INFO - [2023-11-08T14:16:49.339+0000] {dag.py:3722} INFO - Setting next_dagrun for example_branch_labels to 2023-11-07T00:00:00+00:00, run_after=2023-11-08T00:00:00+00:00
[2023-11-08T14:16:49.372+0000] {processor.py:179} INFO - Processing /home/airflow/.local/lib/python3.11/site-packages/airflow/example_dags/example_branch_labels.py took 0.135 seconds
[2023-11-08T14:17:20.058+0000] {processor.py:157} INFO - Started process (PID=224) to work on /home/airflow/.local/lib/python3.11/site-packages/airflow/example_dags/example_branch_labels.py
[2023-11-08T14:17:20.059+0000] {processor.py:829} INFO - Processing file /home/airflow/.local/lib/python3.11/site-packages/airflow/example_dags/example_branch_labels.py for tasks to queue
[2023-11-08T14:17:20.064+0000] {logging_mixin.py:154} INFO - [2023-11-08T14:17:20.064+0000] {dagbag.py:536} INFO - Filling up the DagBag from /home/airflow/.local/lib/python3.11/site-packages/airflow/example_dags/example_branch_labels.py
[2023-11-08T14:17:20.080+0000] {processor.py:839} INFO - DAG(s) dict_keys(['example_branch_labels']) retrieved from /home/airflow/.local/lib/python3.11/site-packages/airflow/example_dags/example_branch_labels.py
[2023-11-08T14:17:20.117+0000] {logging_mixin.py:154} INFO - [2023-11-08T14:17:20.116+0000] {dag.py:2941} INFO - Sync 1 DAGs
[2023-11-08T14:17:20.162+0000] {logging_mixin.py:154} INFO - [2023-11-08T14:17:20.162+0000] {dag.py:3722} INFO - Setting next_dagrun for example_branch_labels to 2023-11-07T00:00:00+00:00, run_after=2023-11-08T00:00:00+00:00
[2023-11-08T14:17:20.196+0000] {processor.py:179} INFO - Processing /home/airflow/.local/lib/python3.11/site-packages/airflow/example_dags/example_branch_labels.py took 0.143 seconds
[2023-11-08T14:17:51.040+0000] {processor.py:157} INFO - Started process (PID=300) to work on /home/airflow/.local/lib/python3.11/site-packages/airflow/example_dags/example_branch_labels.py
[2023-11-08T14:17:51.041+0000] {processor.py:829} INFO - Processing file /home/airflow/.local/lib/python3.11/site-packages/airflow/example_dags/example_branch_labels.py for tasks to queue
[2023-11-08T14:17:51.046+0000] {logging_mixin.py:154} INFO - [2023-11-08T14:17:51.045+0000] {dagbag.py:536} INFO - Filling up the DagBag from /home/airflow/.local/lib/python3.11/site-packages/airflow/example_dags/example_branch_labels.py
[2023-11-08T14:17:51.059+0000] {processor.py:839} INFO - DAG(s) dict_keys(['example_branch_labels']) retrieved from /home/airflow/.local/lib/python3.11/site-packages/airflow/example_dags/example_branch_labels.py
[2023-11-08T14:17:51.093+0000] {logging_mixin.py:154} INFO - [2023-11-08T14:17:51.092+0000] {dag.py:2941} INFO - Sync 1 DAGs
[2023-11-08T14:17:51.135+0000] {logging_mixin.py:154} INFO - [2023-11-08T14:17:51.135+0000] {dag.py:3722} INFO - Setting next_dagrun for example_branch_labels to 2023-11-07T00:00:00+00:00, run_after=2023-11-08T00:00:00+00:00
[2023-11-08T14:17:51.169+0000] {processor.py:179} INFO - Processing /home/airflow/.local/lib/python3.11/site-packages/airflow/example_dags/example_branch_labels.py took 0.133 seconds
[2023-11-08T14:18:21.960+0000] {processor.py:157} INFO - Started process (PID=376) to work on /home/airflow/.local/lib/python3.11/site-packages/airflow/example_dags/example_branch_labels.py
[2023-11-08T14:18:21.962+0000] {processor.py:829} INFO - Processing file /home/airflow/.local/lib/python3.11/site-packages/airflow/example_dags/example_branch_labels.py for tasks to queue
[2023-11-08T14:18:21.966+0000] {logging_mixin.py:154} INFO - [2023-11-08T14:18:21.965+0000] {dagbag.py:536} INFO - Filling up the DagBag from /home/airflow/.local/lib/python3.11/site-packages/airflow/example_dags/example_branch_labels.py
[2023-11-08T14:18:21.991+0000] {processor.py:839} INFO - DAG(s) dict_keys(['example_branch_labels']) retrieved from /home/airflow/.local/lib/python3.11/site-packages/airflow/example_dags/example_branch_labels.py
[2023-11-08T14:18:22.066+0000] {logging_mixin.py:154} INFO - [2023-11-08T14:18:22.065+0000] {dag.py:2941} INFO - Sync 1 DAGs
[2023-11-08T14:18:22.175+0000] {logging_mixin.py:154} INFO - [2023-11-08T14:18:22.174+0000] {dag.py:3722} INFO - Setting next_dagrun for example_branch_labels to 2023-11-07T00:00:00+00:00, run_after=2023-11-08T00:00:00+00:00
[2023-11-08T14:18:22.256+0000] {processor.py:179} INFO - Processing /home/airflow/.local/lib/python3.11/site-packages/airflow/example_dags/example_branch_labels.py took 0.300 seconds
[2023-11-08T14:18:53.400+0000] {processor.py:157} INFO - Started process (PID=452) to work on /home/airflow/.local/lib/python3.11/site-packages/airflow/example_dags/example_branch_labels.py
[2023-11-08T14:18:53.402+0000] {processor.py:829} INFO - Processing file /home/airflow/.local/lib/python3.11/site-packages/airflow/example_dags/example_branch_labels.py for tasks to queue
[2023-11-08T14:18:53.411+0000] {logging_mixin.py:154} INFO - [2023-11-08T14:18:53.407+0000] {dagbag.py:536} INFO - Filling up the DagBag from /home/airflow/.local/lib/python3.11/site-packages/airflow/example_dags/example_branch_labels.py
[2023-11-08T14:18:53.441+0000] {processor.py:839} INFO - DAG(s) dict_keys(['example_branch_labels']) retrieved from /home/airflow/.local/lib/python3.11/site-packages/airflow/example_dags/example_branch_labels.py
[2023-11-08T14:18:53.510+0000] {logging_mixin.py:154} INFO - [2023-11-08T14:18:53.510+0000] {dag.py:2941} INFO - Sync 1 DAGs
[2023-11-08T14:18:53.605+0000] {logging_mixin.py:154} INFO - [2023-11-08T14:18:53.604+0000] {dag.py:3722} INFO - Setting next_dagrun for example_branch_labels to 2023-11-07T00:00:00+00:00, run_after=2023-11-08T00:00:00+00:00
[2023-11-08T14:18:53.668+0000] {processor.py:179} INFO - Processing /home/airflow/.local/lib/python3.11/site-packages/airflow/example_dags/example_branch_labels.py took 0.284 seconds
[2023-11-08T14:19:32.646+0000] {processor.py:157} INFO - Started process (PID=535) to work on /home/airflow/.local/lib/python3.11/site-packages/airflow/example_dags/example_branch_labels.py
[2023-11-08T14:19:32.649+0000] {processor.py:829} INFO - Processing file /home/airflow/.local/lib/python3.11/site-packages/airflow/example_dags/example_branch_labels.py for tasks to queue
[2023-11-08T14:19:32.660+0000] {logging_mixin.py:154} INFO - [2023-11-08T14:19:32.659+0000] {dagbag.py:536} INFO - Filling up the DagBag from /home/airflow/.local/lib/python3.11/site-packages/airflow/example_dags/example_branch_labels.py
[2023-11-08T14:19:32.736+0000] {processor.py:839} INFO - DAG(s) dict_keys(['example_branch_labels']) retrieved from /home/airflow/.local/lib/python3.11/site-packages/airflow/example_dags/example_branch_labels.py
[2023-11-08T14:19:32.943+0000] {logging_mixin.py:154} INFO - [2023-11-08T14:19:32.942+0000] {dag.py:2941} INFO - Sync 1 DAGs
[2023-11-08T14:19:33.153+0000] {logging_mixin.py:154} INFO - [2023-11-08T14:19:33.152+0000] {dag.py:3722} INFO - Setting next_dagrun for example_branch_labels to 2023-11-07T00:00:00+00:00, run_after=2023-11-08T00:00:00+00:00
[2023-11-08T14:19:33.271+0000] {processor.py:179} INFO - Processing /home/airflow/.local/lib/python3.11/site-packages/airflow/example_dags/example_branch_labels.py took 0.638 seconds
[2023-11-08T14:20:03.357+0000] {processor.py:157} INFO - Started process (PID=610) to work on /home/airflow/.local/lib/python3.11/site-packages/airflow/example_dags/example_branch_labels.py
[2023-11-08T14:20:03.358+0000] {processor.py:829} INFO - Processing file /home/airflow/.local/lib/python3.11/site-packages/airflow/example_dags/example_branch_labels.py for tasks to queue
[2023-11-08T14:20:03.361+0000] {logging_mixin.py:154} INFO - [2023-11-08T14:20:03.360+0000] {dagbag.py:536} INFO - Filling up the DagBag from /home/airflow/.local/lib/python3.11/site-packages/airflow/example_dags/example_branch_labels.py
[2023-11-08T14:20:03.376+0000] {processor.py:839} INFO - DAG(s) dict_keys(['example_branch_labels']) retrieved from /home/airflow/.local/lib/python3.11/site-packages/airflow/example_dags/example_branch_labels.py
[2023-11-08T14:20:03.412+0000] {logging_mixin.py:154} INFO - [2023-11-08T14:20:03.411+0000] {dag.py:2941} INFO - Sync 1 DAGs
[2023-11-08T14:20:03.457+0000] {logging_mixin.py:154} INFO - [2023-11-08T14:20:03.457+0000] {dag.py:3722} INFO - Setting next_dagrun for example_branch_labels to 2023-11-07T00:00:00+00:00, run_after=2023-11-08T00:00:00+00:00
[2023-11-08T14:20:03.491+0000] {processor.py:179} INFO - Processing /home/airflow/.local/lib/python3.11/site-packages/airflow/example_dags/example_branch_labels.py took 0.137 seconds
[2023-11-08T14:20:33.933+0000] {processor.py:157} INFO - Started process (PID=686) to work on /home/airflow/.local/lib/python3.11/site-packages/airflow/example_dags/example_branch_labels.py
[2023-11-08T14:20:33.934+0000] {processor.py:829} INFO - Processing file /home/airflow/.local/lib/python3.11/site-packages/airflow/example_dags/example_branch_labels.py for tasks to queue
[2023-11-08T14:20:33.938+0000] {logging_mixin.py:154} INFO - [2023-11-08T14:20:33.937+0000] {dagbag.py:536} INFO - Filling up the DagBag from /home/airflow/.local/lib/python3.11/site-packages/airflow/example_dags/example_branch_labels.py
[2023-11-08T14:20:33.953+0000] {processor.py:839} INFO - DAG(s) dict_keys(['example_branch_labels']) retrieved from /home/airflow/.local/lib/python3.11/site-packages/airflow/example_dags/example_branch_labels.py
[2023-11-08T14:20:33.996+0000] {logging_mixin.py:154} INFO - [2023-11-08T14:20:33.996+0000] {dag.py:2941} INFO - Sync 1 DAGs
[2023-11-08T14:20:34.043+0000] {logging_mixin.py:154} INFO - [2023-11-08T14:20:34.043+0000] {dag.py:3722} INFO - Setting next_dagrun for example_branch_labels to 2023-11-07T00:00:00+00:00, run_after=2023-11-08T00:00:00+00:00
[2023-11-08T14:20:34.075+0000] {processor.py:179} INFO - Processing /home/airflow/.local/lib/python3.11/site-packages/airflow/example_dags/example_branch_labels.py took 0.147 seconds
[2023-11-08T14:21:04.800+0000] {processor.py:157} INFO - Started process (PID=762) to work on /home/airflow/.local/lib/python3.11/site-packages/airflow/example_dags/example_branch_labels.py
[2023-11-08T14:21:04.803+0000] {processor.py:829} INFO - Processing file /home/airflow/.local/lib/python3.11/site-packages/airflow/example_dags/example_branch_labels.py for tasks to queue
[2023-11-08T14:21:04.810+0000] {logging_mixin.py:154} INFO - [2023-11-08T14:21:04.809+0000] {dagbag.py:536} INFO - Filling up the DagBag from /home/airflow/.local/lib/python3.11/site-packages/airflow/example_dags/example_branch_labels.py
[2023-11-08T14:21:04.837+0000] {processor.py:839} INFO - DAG(s) dict_keys(['example_branch_labels']) retrieved from /home/airflow/.local/lib/python3.11/site-packages/airflow/example_dags/example_branch_labels.py
[2023-11-08T14:21:04.902+0000] {logging_mixin.py:154} INFO - [2023-11-08T14:21:04.900+0000] {dag.py:2941} INFO - Sync 1 DAGs
[2023-11-08T14:21:04.986+0000] {logging_mixin.py:154} INFO - [2023-11-08T14:21:04.985+0000] {dag.py:3722} INFO - Setting next_dagrun for example_branch_labels to 2023-11-07T00:00:00+00:00, run_after=2023-11-08T00:00:00+00:00
[2023-11-08T14:21:05.055+0000] {processor.py:179} INFO - Processing /home/airflow/.local/lib/python3.11/site-packages/airflow/example_dags/example_branch_labels.py took 0.263 seconds
[2023-11-08T14:21:35.334+0000] {processor.py:157} INFO - Started process (PID=838) to work on /home/airflow/.local/lib/python3.11/site-packages/airflow/example_dags/example_branch_labels.py
[2023-11-08T14:21:35.336+0000] {processor.py:829} INFO - Processing file /home/airflow/.local/lib/python3.11/site-packages/airflow/example_dags/example_branch_labels.py for tasks to queue
[2023-11-08T14:21:35.342+0000] {logging_mixin.py:154} INFO - [2023-11-08T14:21:35.341+0000] {dagbag.py:536} INFO - Filling up the DagBag from /home/airflow/.local/lib/python3.11/site-packages/airflow/example_dags/example_branch_labels.py
[2023-11-08T14:21:35.382+0000] {processor.py:839} INFO - DAG(s) dict_keys(['example_branch_labels']) retrieved from /home/airflow/.local/lib/python3.11/site-packages/airflow/example_dags/example_branch_labels.py
[2023-11-08T14:21:35.445+0000] {logging_mixin.py:154} INFO - [2023-11-08T14:21:35.445+0000] {dag.py:2941} INFO - Sync 1 DAGs
[2023-11-08T14:21:35.504+0000] {logging_mixin.py:154} INFO - [2023-11-08T14:21:35.504+0000] {dag.py:3722} INFO - Setting next_dagrun for example_branch_labels to 2023-11-07T00:00:00+00:00, run_after=2023-11-08T00:00:00+00:00
[2023-11-08T14:21:35.547+0000] {processor.py:179} INFO - Processing /home/airflow/.local/lib/python3.11/site-packages/airflow/example_dags/example_branch_labels.py took 0.230 seconds
[2023-11-08T14:22:05.722+0000] {processor.py:157} INFO - Started process (PID=914) to work on /home/airflow/.local/lib/python3.11/site-packages/airflow/example_dags/example_branch_labels.py
[2023-11-08T14:22:05.723+0000] {processor.py:829} INFO - Processing file /home/airflow/.local/lib/python3.11/site-packages/airflow/example_dags/example_branch_labels.py for tasks to queue
[2023-11-08T14:22:05.727+0000] {logging_mixin.py:154} INFO - [2023-11-08T14:22:05.726+0000] {dagbag.py:536} INFO - Filling up the DagBag from /home/airflow/.local/lib/python3.11/site-packages/airflow/example_dags/example_branch_labels.py
[2023-11-08T14:22:05.739+0000] {processor.py:839} INFO - DAG(s) dict_keys(['example_branch_labels']) retrieved from /home/airflow/.local/lib/python3.11/site-packages/airflow/example_dags/example_branch_labels.py
[2023-11-08T14:22:05.773+0000] {logging_mixin.py:154} INFO - [2023-11-08T14:22:05.773+0000] {dag.py:2941} INFO - Sync 1 DAGs
[2023-11-08T14:22:05.815+0000] {logging_mixin.py:154} INFO - [2023-11-08T14:22:05.815+0000] {dag.py:3722} INFO - Setting next_dagrun for example_branch_labels to 2023-11-07T00:00:00+00:00, run_after=2023-11-08T00:00:00+00:00
[2023-11-08T14:22:05.849+0000] {processor.py:179} INFO - Processing /home/airflow/.local/lib/python3.11/site-packages/airflow/example_dags/example_branch_labels.py took 0.132 seconds
[2023-11-08T14:22:35.904+0000] {processor.py:157} INFO - Started process (PID=990) to work on /home/airflow/.local/lib/python3.11/site-packages/airflow/example_dags/example_branch_labels.py
[2023-11-08T14:22:35.906+0000] {processor.py:829} INFO - Processing file /home/airflow/.local/lib/python3.11/site-packages/airflow/example_dags/example_branch_labels.py for tasks to queue
[2023-11-08T14:22:35.909+0000] {logging_mixin.py:154} INFO - [2023-11-08T14:22:35.909+0000] {dagbag.py:536} INFO - Filling up the DagBag from /home/airflow/.local/lib/python3.11/site-packages/airflow/example_dags/example_branch_labels.py
[2023-11-08T14:22:35.921+0000] {processor.py:839} INFO - DAG(s) dict_keys(['example_branch_labels']) retrieved from /home/airflow/.local/lib/python3.11/site-packages/airflow/example_dags/example_branch_labels.py
[2023-11-08T14:22:35.957+0000] {logging_mixin.py:154} INFO - [2023-11-08T14:22:35.956+0000] {dag.py:2941} INFO - Sync 1 DAGs
[2023-11-08T14:22:36.037+0000] {logging_mixin.py:154} INFO - [2023-11-08T14:22:36.037+0000] {dag.py:3722} INFO - Setting next_dagrun for example_branch_labels to 2023-11-07T00:00:00+00:00, run_after=2023-11-08T00:00:00+00:00
[2023-11-08T14:22:36.098+0000] {processor.py:179} INFO - Processing /home/airflow/.local/lib/python3.11/site-packages/airflow/example_dags/example_branch_labels.py took 0.199 seconds
[2023-11-08T14:23:06.285+0000] {processor.py:157} INFO - Started process (PID=1066) to work on /home/airflow/.local/lib/python3.11/site-packages/airflow/example_dags/example_branch_labels.py
[2023-11-08T14:23:06.288+0000] {processor.py:829} INFO - Processing file /home/airflow/.local/lib/python3.11/site-packages/airflow/example_dags/example_branch_labels.py for tasks to queue
[2023-11-08T14:23:06.297+0000] {logging_mixin.py:154} INFO - [2023-11-08T14:23:06.296+0000] {dagbag.py:536} INFO - Filling up the DagBag from /home/airflow/.local/lib/python3.11/site-packages/airflow/example_dags/example_branch_labels.py
[2023-11-08T14:23:06.337+0000] {processor.py:839} INFO - DAG(s) dict_keys(['example_branch_labels']) retrieved from /home/airflow/.local/lib/python3.11/site-packages/airflow/example_dags/example_branch_labels.py
[2023-11-08T14:23:06.428+0000] {logging_mixin.py:154} INFO - [2023-11-08T14:23:06.427+0000] {dag.py:2941} INFO - Sync 1 DAGs
[2023-11-08T14:23:06.541+0000] {logging_mixin.py:154} INFO - [2023-11-08T14:23:06.540+0000] {dag.py:3722} INFO - Setting next_dagrun for example_branch_labels to 2023-11-07T00:00:00+00:00, run_after=2023-11-08T00:00:00+00:00
[2023-11-08T14:23:06.616+0000] {processor.py:179} INFO - Processing /home/airflow/.local/lib/python3.11/site-packages/airflow/example_dags/example_branch_labels.py took 0.344 seconds
[2023-11-08T14:23:48.911+0000] {processor.py:157} INFO - Started process (PID=1142) to work on /home/airflow/.local/lib/python3.11/site-packages/airflow/example_dags/example_branch_labels.py
[2023-11-08T14:23:48.918+0000] {processor.py:829} INFO - Processing file /home/airflow/.local/lib/python3.11/site-packages/airflow/example_dags/example_branch_labels.py for tasks to queue
[2023-11-08T14:23:48.983+0000] {logging_mixin.py:154} INFO - [2023-11-08T14:23:48.981+0000] {dagbag.py:536} INFO - Filling up the DagBag from /home/airflow/.local/lib/python3.11/site-packages/airflow/example_dags/example_branch_labels.py
[2023-11-08T14:23:49.151+0000] {processor.py:839} INFO - DAG(s) dict_keys(['example_branch_labels']) retrieved from /home/airflow/.local/lib/python3.11/site-packages/airflow/example_dags/example_branch_labels.py
[2023-11-08T14:23:49.559+0000] {logging_mixin.py:154} INFO - [2023-11-08T14:23:49.558+0000] {dag.py:2941} INFO - Sync 1 DAGs
[2023-11-08T14:23:49.876+0000] {logging_mixin.py:154} INFO - [2023-11-08T14:23:49.875+0000] {dag.py:3722} INFO - Setting next_dagrun for example_branch_labels to 2023-11-07T00:00:00+00:00, run_after=2023-11-08T00:00:00+00:00
[2023-11-08T14:23:50.008+0000] {processor.py:179} INFO - Processing /home/airflow/.local/lib/python3.11/site-packages/airflow/example_dags/example_branch_labels.py took 1.180 seconds
[2023-11-08T14:24:23.795+0000] {processor.py:157} INFO - Started process (PID=1218) to work on /home/airflow/.local/lib/python3.11/site-packages/airflow/example_dags/example_branch_labels.py
[2023-11-08T14:24:23.799+0000] {processor.py:829} INFO - Processing file /home/airflow/.local/lib/python3.11/site-packages/airflow/example_dags/example_branch_labels.py for tasks to queue
[2023-11-08T14:24:24.026+0000] {logging_mixin.py:154} INFO - [2023-11-08T14:24:24.011+0000] {dagbag.py:536} INFO - Filling up the DagBag from /home/airflow/.local/lib/python3.11/site-packages/airflow/example_dags/example_branch_labels.py
[2023-11-08T14:24:24.231+0000] {processor.py:839} INFO - DAG(s) dict_keys(['example_branch_labels']) retrieved from /home/airflow/.local/lib/python3.11/site-packages/airflow/example_dags/example_branch_labels.py
[2023-11-08T14:24:24.721+0000] {logging_mixin.py:154} INFO - [2023-11-08T14:24:24.720+0000] {dag.py:2941} INFO - Sync 1 DAGs
[2023-11-08T14:24:25.057+0000] {logging_mixin.py:154} INFO - [2023-11-08T14:24:25.056+0000] {dag.py:3722} INFO - Setting next_dagrun for example_branch_labels to 2023-11-07T00:00:00+00:00, run_after=2023-11-08T00:00:00+00:00
[2023-11-08T14:24:25.291+0000] {processor.py:179} INFO - Processing /home/airflow/.local/lib/python3.11/site-packages/airflow/example_dags/example_branch_labels.py took 1.538 seconds
[2023-11-08T14:24:55.970+0000] {processor.py:157} INFO - Started process (PID=1294) to work on /home/airflow/.local/lib/python3.11/site-packages/airflow/example_dags/example_branch_labels.py
[2023-11-08T14:24:55.972+0000] {processor.py:829} INFO - Processing file /home/airflow/.local/lib/python3.11/site-packages/airflow/example_dags/example_branch_labels.py for tasks to queue
[2023-11-08T14:24:55.976+0000] {logging_mixin.py:154} INFO - [2023-11-08T14:24:55.976+0000] {dagbag.py:536} INFO - Filling up the DagBag from /home/airflow/.local/lib/python3.11/site-packages/airflow/example_dags/example_branch_labels.py
[2023-11-08T14:24:55.993+0000] {processor.py:839} INFO - DAG(s) dict_keys(['example_branch_labels']) retrieved from /home/airflow/.local/lib/python3.11/site-packages/airflow/example_dags/example_branch_labels.py
[2023-11-08T14:24:56.048+0000] {logging_mixin.py:154} INFO - [2023-11-08T14:24:56.048+0000] {dag.py:2941} INFO - Sync 1 DAGs
[2023-11-08T14:24:56.100+0000] {logging_mixin.py:154} INFO - [2023-11-08T14:24:56.100+0000] {dag.py:3722} INFO - Setting next_dagrun for example_branch_labels to 2023-11-07T00:00:00+00:00, run_after=2023-11-08T00:00:00+00:00
[2023-11-08T14:24:56.140+0000] {processor.py:179} INFO - Processing /home/airflow/.local/lib/python3.11/site-packages/airflow/example_dags/example_branch_labels.py took 0.175 seconds
[2023-11-08T14:25:26.757+0000] {processor.py:157} INFO - Started process (PID=1370) to work on /home/airflow/.local/lib/python3.11/site-packages/airflow/example_dags/example_branch_labels.py
[2023-11-08T14:25:26.760+0000] {processor.py:829} INFO - Processing file /home/airflow/.local/lib/python3.11/site-packages/airflow/example_dags/example_branch_labels.py for tasks to queue
[2023-11-08T14:25:26.769+0000] {logging_mixin.py:154} INFO - [2023-11-08T14:25:26.767+0000] {dagbag.py:536} INFO - Filling up the DagBag from /home/airflow/.local/lib/python3.11/site-packages/airflow/example_dags/example_branch_labels.py
[2023-11-08T14:25:26.812+0000] {processor.py:839} INFO - DAG(s) dict_keys(['example_branch_labels']) retrieved from /home/airflow/.local/lib/python3.11/site-packages/airflow/example_dags/example_branch_labels.py
[2023-11-08T14:25:26.999+0000] {logging_mixin.py:154} INFO - [2023-11-08T14:25:26.998+0000] {dag.py:2941} INFO - Sync 1 DAGs
[2023-11-08T14:25:27.118+0000] {logging_mixin.py:154} INFO - [2023-11-08T14:25:27.117+0000] {dag.py:3722} INFO - Setting next_dagrun for example_branch_labels to 2023-11-07T00:00:00+00:00, run_after=2023-11-08T00:00:00+00:00
[2023-11-08T14:25:27.190+0000] {processor.py:179} INFO - Processing /home/airflow/.local/lib/python3.11/site-packages/airflow/example_dags/example_branch_labels.py took 0.442 seconds
[2023-11-08T14:25:57.341+0000] {processor.py:157} INFO - Started process (PID=1446) to work on /home/airflow/.local/lib/python3.11/site-packages/airflow/example_dags/example_branch_labels.py
[2023-11-08T14:25:57.343+0000] {processor.py:829} INFO - Processing file /home/airflow/.local/lib/python3.11/site-packages/airflow/example_dags/example_branch_labels.py for tasks to queue
[2023-11-08T14:25:57.348+0000] {logging_mixin.py:154} INFO - [2023-11-08T14:25:57.347+0000] {dagbag.py:536} INFO - Filling up the DagBag from /home/airflow/.local/lib/python3.11/site-packages/airflow/example_dags/example_branch_labels.py
[2023-11-08T14:25:57.365+0000] {processor.py:839} INFO - DAG(s) dict_keys(['example_branch_labels']) retrieved from /home/airflow/.local/lib/python3.11/site-packages/airflow/example_dags/example_branch_labels.py
[2023-11-08T14:25:57.413+0000] {logging_mixin.py:154} INFO - [2023-11-08T14:25:57.413+0000] {dag.py:2941} INFO - Sync 1 DAGs
[2023-11-08T14:25:57.477+0000] {logging_mixin.py:154} INFO - [2023-11-08T14:25:57.476+0000] {dag.py:3722} INFO - Setting next_dagrun for example_branch_labels to 2023-11-07T00:00:00+00:00, run_after=2023-11-08T00:00:00+00:00
[2023-11-08T14:25:57.524+0000] {processor.py:179} INFO - Processing /home/airflow/.local/lib/python3.11/site-packages/airflow/example_dags/example_branch_labels.py took 0.190 seconds
[2023-11-08T14:26:28.167+0000] {processor.py:157} INFO - Started process (PID=1522) to work on /home/airflow/.local/lib/python3.11/site-packages/airflow/example_dags/example_branch_labels.py
[2023-11-08T14:26:28.169+0000] {processor.py:829} INFO - Processing file /home/airflow/.local/lib/python3.11/site-packages/airflow/example_dags/example_branch_labels.py for tasks to queue
[2023-11-08T14:26:28.180+0000] {logging_mixin.py:154} INFO - [2023-11-08T14:26:28.172+0000] {dagbag.py:536} INFO - Filling up the DagBag from /home/airflow/.local/lib/python3.11/site-packages/airflow/example_dags/example_branch_labels.py
[2023-11-08T14:26:28.198+0000] {processor.py:839} INFO - DAG(s) dict_keys(['example_branch_labels']) retrieved from /home/airflow/.local/lib/python3.11/site-packages/airflow/example_dags/example_branch_labels.py
[2023-11-08T14:26:28.238+0000] {logging_mixin.py:154} INFO - [2023-11-08T14:26:28.237+0000] {dag.py:2941} INFO - Sync 1 DAGs
[2023-11-08T14:26:28.283+0000] {logging_mixin.py:154} INFO - [2023-11-08T14:26:28.283+0000] {dag.py:3722} INFO - Setting next_dagrun for example_branch_labels to 2023-11-07T00:00:00+00:00, run_after=2023-11-08T00:00:00+00:00
[2023-11-08T14:26:28.312+0000] {processor.py:179} INFO - Processing /home/airflow/.local/lib/python3.11/site-packages/airflow/example_dags/example_branch_labels.py took 0.150 seconds
[2023-11-08T14:26:58.527+0000] {processor.py:157} INFO - Started process (PID=1598) to work on /home/airflow/.local/lib/python3.11/site-packages/airflow/example_dags/example_branch_labels.py
[2023-11-08T14:26:58.528+0000] {processor.py:829} INFO - Processing file /home/airflow/.local/lib/python3.11/site-packages/airflow/example_dags/example_branch_labels.py for tasks to queue
[2023-11-08T14:26:58.533+0000] {logging_mixin.py:154} INFO - [2023-11-08T14:26:58.532+0000] {dagbag.py:536} INFO - Filling up the DagBag from /home/airflow/.local/lib/python3.11/site-packages/airflow/example_dags/example_branch_labels.py
[2023-11-08T14:26:58.547+0000] {processor.py:839} INFO - DAG(s) dict_keys(['example_branch_labels']) retrieved from /home/airflow/.local/lib/python3.11/site-packages/airflow/example_dags/example_branch_labels.py
[2023-11-08T14:26:58.586+0000] {logging_mixin.py:154} INFO - [2023-11-08T14:26:58.585+0000] {dag.py:2941} INFO - Sync 1 DAGs
[2023-11-08T14:26:58.638+0000] {logging_mixin.py:154} INFO - [2023-11-08T14:26:58.637+0000] {dag.py:3722} INFO - Setting next_dagrun for example_branch_labels to 2023-11-07T00:00:00+00:00, run_after=2023-11-08T00:00:00+00:00
[2023-11-08T14:26:58.674+0000] {processor.py:179} INFO - Processing /home/airflow/.local/lib/python3.11/site-packages/airflow/example_dags/example_branch_labels.py took 0.152 seconds
[2023-11-08T14:27:29.056+0000] {processor.py:157} INFO - Started process (PID=1674) to work on /home/airflow/.local/lib/python3.11/site-packages/airflow/example_dags/example_branch_labels.py
[2023-11-08T14:27:29.058+0000] {processor.py:829} INFO - Processing file /home/airflow/.local/lib/python3.11/site-packages/airflow/example_dags/example_branch_labels.py for tasks to queue
[2023-11-08T14:27:29.066+0000] {logging_mixin.py:154} INFO - [2023-11-08T14:27:29.065+0000] {dagbag.py:536} INFO - Filling up the DagBag from /home/airflow/.local/lib/python3.11/site-packages/airflow/example_dags/example_branch_labels.py
[2023-11-08T14:27:29.090+0000] {processor.py:839} INFO - DAG(s) dict_keys(['example_branch_labels']) retrieved from /home/airflow/.local/lib/python3.11/site-packages/airflow/example_dags/example_branch_labels.py
[2023-11-08T14:27:29.129+0000] {logging_mixin.py:154} INFO - [2023-11-08T14:27:29.129+0000] {dag.py:2941} INFO - Sync 1 DAGs
[2023-11-08T14:27:29.210+0000] {logging_mixin.py:154} INFO - [2023-11-08T14:27:29.209+0000] {dag.py:3722} INFO - Setting next_dagrun for example_branch_labels to 2023-11-07T00:00:00+00:00, run_after=2023-11-08T00:00:00+00:00
[2023-11-08T14:27:29.264+0000] {processor.py:179} INFO - Processing /home/airflow/.local/lib/python3.11/site-packages/airflow/example_dags/example_branch_labels.py took 0.214 seconds
[2023-11-08T14:27:59.907+0000] {processor.py:157} INFO - Started process (PID=1750) to work on /home/airflow/.local/lib/python3.11/site-packages/airflow/example_dags/example_branch_labels.py
[2023-11-08T14:27:59.916+0000] {processor.py:829} INFO - Processing file /home/airflow/.local/lib/python3.11/site-packages/airflow/example_dags/example_branch_labels.py for tasks to queue
[2023-11-08T14:27:59.923+0000] {logging_mixin.py:154} INFO - [2023-11-08T14:27:59.922+0000] {dagbag.py:536} INFO - Filling up the DagBag from /home/airflow/.local/lib/python3.11/site-packages/airflow/example_dags/example_branch_labels.py
[2023-11-08T14:27:59.945+0000] {processor.py:839} INFO - DAG(s) dict_keys(['example_branch_labels']) retrieved from /home/airflow/.local/lib/python3.11/site-packages/airflow/example_dags/example_branch_labels.py
[2023-11-08T14:28:00.012+0000] {logging_mixin.py:154} INFO - [2023-11-08T14:28:00.011+0000] {dag.py:2941} INFO - Sync 1 DAGs
[2023-11-08T14:28:00.114+0000] {logging_mixin.py:154} INFO - [2023-11-08T14:28:00.114+0000] {dag.py:3722} INFO - Setting next_dagrun for example_branch_labels to 2023-11-07T00:00:00+00:00, run_after=2023-11-08T00:00:00+00:00
[2023-11-08T14:28:00.176+0000] {processor.py:179} INFO - Processing /home/airflow/.local/lib/python3.11/site-packages/airflow/example_dags/example_branch_labels.py took 0.275 seconds
[2023-11-08T14:28:31.076+0000] {processor.py:157} INFO - Started process (PID=1826) to work on /home/airflow/.local/lib/python3.11/site-packages/airflow/example_dags/example_branch_labels.py
[2023-11-08T14:28:31.080+0000] {processor.py:829} INFO - Processing file /home/airflow/.local/lib/python3.11/site-packages/airflow/example_dags/example_branch_labels.py for tasks to queue
[2023-11-08T14:28:31.093+0000] {logging_mixin.py:154} INFO - [2023-11-08T14:28:31.092+0000] {dagbag.py:536} INFO - Filling up the DagBag from /home/airflow/.local/lib/python3.11/site-packages/airflow/example_dags/example_branch_labels.py
[2023-11-08T14:28:31.119+0000] {processor.py:839} INFO - DAG(s) dict_keys(['example_branch_labels']) retrieved from /home/airflow/.local/lib/python3.11/site-packages/airflow/example_dags/example_branch_labels.py
[2023-11-08T14:28:31.199+0000] {logging_mixin.py:154} INFO - [2023-11-08T14:28:31.199+0000] {dag.py:2941} INFO - Sync 1 DAGs
[2023-11-08T14:28:31.328+0000] {logging_mixin.py:154} INFO - [2023-11-08T14:28:31.328+0000] {dag.py:3722} INFO - Setting next_dagrun for example_branch_labels to 2023-11-07T00:00:00+00:00, run_after=2023-11-08T00:00:00+00:00
[2023-11-08T14:28:31.377+0000] {processor.py:179} INFO - Processing /home/airflow/.local/lib/python3.11/site-packages/airflow/example_dags/example_branch_labels.py took 0.310 seconds
[2023-11-08T14:29:01.767+0000] {processor.py:157} INFO - Started process (PID=1902) to work on /home/airflow/.local/lib/python3.11/site-packages/airflow/example_dags/example_branch_labels.py
[2023-11-08T14:29:01.769+0000] {processor.py:829} INFO - Processing file /home/airflow/.local/lib/python3.11/site-packages/airflow/example_dags/example_branch_labels.py for tasks to queue
[2023-11-08T14:29:01.772+0000] {logging_mixin.py:154} INFO - [2023-11-08T14:29:01.771+0000] {dagbag.py:536} INFO - Filling up the DagBag from /home/airflow/.local/lib/python3.11/site-packages/airflow/example_dags/example_branch_labels.py
[2023-11-08T14:29:01.786+0000] {processor.py:839} INFO - DAG(s) dict_keys(['example_branch_labels']) retrieved from /home/airflow/.local/lib/python3.11/site-packages/airflow/example_dags/example_branch_labels.py
[2023-11-08T14:29:01.824+0000] {logging_mixin.py:154} INFO - [2023-11-08T14:29:01.824+0000] {dag.py:2941} INFO - Sync 1 DAGs
[2023-11-08T14:29:01.864+0000] {logging_mixin.py:154} INFO - [2023-11-08T14:29:01.864+0000] {dag.py:3722} INFO - Setting next_dagrun for example_branch_labels to 2023-11-07T00:00:00+00:00, run_after=2023-11-08T00:00:00+00:00
[2023-11-08T14:29:01.905+0000] {processor.py:179} INFO - Processing /home/airflow/.local/lib/python3.11/site-packages/airflow/example_dags/example_branch_labels.py took 0.142 seconds
[2023-11-08T14:29:32.622+0000] {processor.py:157} INFO - Started process (PID=1978) to work on /home/airflow/.local/lib/python3.11/site-packages/airflow/example_dags/example_branch_labels.py
[2023-11-08T14:29:32.623+0000] {processor.py:829} INFO - Processing file /home/airflow/.local/lib/python3.11/site-packages/airflow/example_dags/example_branch_labels.py for tasks to queue
[2023-11-08T14:29:32.628+0000] {logging_mixin.py:154} INFO - [2023-11-08T14:29:32.628+0000] {dagbag.py:536} INFO - Filling up the DagBag from /home/airflow/.local/lib/python3.11/site-packages/airflow/example_dags/example_branch_labels.py
[2023-11-08T14:29:32.644+0000] {processor.py:839} INFO - DAG(s) dict_keys(['example_branch_labels']) retrieved from /home/airflow/.local/lib/python3.11/site-packages/airflow/example_dags/example_branch_labels.py
[2023-11-08T14:29:32.680+0000] {logging_mixin.py:154} INFO - [2023-11-08T14:29:32.680+0000] {dag.py:2941} INFO - Sync 1 DAGs
[2023-11-08T14:29:32.734+0000] {logging_mixin.py:154} INFO - [2023-11-08T14:29:32.734+0000] {dag.py:3722} INFO - Setting next_dagrun for example_branch_labels to 2023-11-07T00:00:00+00:00, run_after=2023-11-08T00:00:00+00:00
[2023-11-08T14:29:32.765+0000] {processor.py:179} INFO - Processing /home/airflow/.local/lib/python3.11/site-packages/airflow/example_dags/example_branch_labels.py took 0.148 seconds
[2023-11-08T14:30:02.980+0000] {processor.py:157} INFO - Started process (PID=2054) to work on /home/airflow/.local/lib/python3.11/site-packages/airflow/example_dags/example_branch_labels.py
[2023-11-08T14:30:02.982+0000] {processor.py:829} INFO - Processing file /home/airflow/.local/lib/python3.11/site-packages/airflow/example_dags/example_branch_labels.py for tasks to queue
[2023-11-08T14:30:02.986+0000] {logging_mixin.py:154} INFO - [2023-11-08T14:30:02.985+0000] {dagbag.py:536} INFO - Filling up the DagBag from /home/airflow/.local/lib/python3.11/site-packages/airflow/example_dags/example_branch_labels.py
[2023-11-08T14:30:03.004+0000] {processor.py:839} INFO - DAG(s) dict_keys(['example_branch_labels']) retrieved from /home/airflow/.local/lib/python3.11/site-packages/airflow/example_dags/example_branch_labels.py
[2023-11-08T14:30:03.045+0000] {logging_mixin.py:154} INFO - [2023-11-08T14:30:03.045+0000] {dag.py:2941} INFO - Sync 1 DAGs
[2023-11-08T14:30:03.098+0000] {logging_mixin.py:154} INFO - [2023-11-08T14:30:03.098+0000] {dag.py:3722} INFO - Setting next_dagrun for example_branch_labels to 2023-11-07T00:00:00+00:00, run_after=2023-11-08T00:00:00+00:00
[2023-11-08T14:30:03.131+0000] {processor.py:179} INFO - Processing /home/airflow/.local/lib/python3.11/site-packages/airflow/example_dags/example_branch_labels.py took 0.155 seconds
[2023-11-08T14:30:33.823+0000] {processor.py:157} INFO - Started process (PID=2128) to work on /home/airflow/.local/lib/python3.11/site-packages/airflow/example_dags/example_branch_labels.py
[2023-11-08T14:30:33.824+0000] {processor.py:829} INFO - Processing file /home/airflow/.local/lib/python3.11/site-packages/airflow/example_dags/example_branch_labels.py for tasks to queue
[2023-11-08T14:30:33.827+0000] {logging_mixin.py:154} INFO - [2023-11-08T14:30:33.827+0000] {dagbag.py:536} INFO - Filling up the DagBag from /home/airflow/.local/lib/python3.11/site-packages/airflow/example_dags/example_branch_labels.py
[2023-11-08T14:30:33.841+0000] {processor.py:839} INFO - DAG(s) dict_keys(['example_branch_labels']) retrieved from /home/airflow/.local/lib/python3.11/site-packages/airflow/example_dags/example_branch_labels.py
[2023-11-08T14:30:33.880+0000] {logging_mixin.py:154} INFO - [2023-11-08T14:30:33.880+0000] {dag.py:2941} INFO - Sync 1 DAGs
[2023-11-08T14:30:33.923+0000] {logging_mixin.py:154} INFO - [2023-11-08T14:30:33.923+0000] {dag.py:3722} INFO - Setting next_dagrun for example_branch_labels to 2023-11-07T00:00:00+00:00, run_after=2023-11-08T00:00:00+00:00
[2023-11-08T14:30:33.958+0000] {processor.py:179} INFO - Processing /home/airflow/.local/lib/python3.11/site-packages/airflow/example_dags/example_branch_labels.py took 0.140 seconds
[2023-11-08T14:31:04.538+0000] {processor.py:157} INFO - Started process (PID=2212) to work on /home/airflow/.local/lib/python3.11/site-packages/airflow/example_dags/example_branch_labels.py
[2023-11-08T14:31:04.540+0000] {processor.py:829} INFO - Processing file /home/airflow/.local/lib/python3.11/site-packages/airflow/example_dags/example_branch_labels.py for tasks to queue
[2023-11-08T14:31:04.545+0000] {logging_mixin.py:154} INFO - [2023-11-08T14:31:04.543+0000] {dagbag.py:536} INFO - Filling up the DagBag from /home/airflow/.local/lib/python3.11/site-packages/airflow/example_dags/example_branch_labels.py
[2023-11-08T14:31:04.566+0000] {processor.py:839} INFO - DAG(s) dict_keys(['example_branch_labels']) retrieved from /home/airflow/.local/lib/python3.11/site-packages/airflow/example_dags/example_branch_labels.py
[2023-11-08T14:31:04.625+0000] {logging_mixin.py:154} INFO - [2023-11-08T14:31:04.625+0000] {dag.py:2941} INFO - Sync 1 DAGs
[2023-11-08T14:31:04.693+0000] {logging_mixin.py:154} INFO - [2023-11-08T14:31:04.692+0000] {dag.py:3722} INFO - Setting next_dagrun for example_branch_labels to 2023-11-07T00:00:00+00:00, run_after=2023-11-08T00:00:00+00:00
[2023-11-08T14:31:04.727+0000] {processor.py:179} INFO - Processing /home/airflow/.local/lib/python3.11/site-packages/airflow/example_dags/example_branch_labels.py took 0.195 seconds
[2023-11-08T14:31:34.988+0000] {processor.py:157} INFO - Started process (PID=2288) to work on /home/airflow/.local/lib/python3.11/site-packages/airflow/example_dags/example_branch_labels.py
[2023-11-08T14:31:34.989+0000] {processor.py:829} INFO - Processing file /home/airflow/.local/lib/python3.11/site-packages/airflow/example_dags/example_branch_labels.py for tasks to queue
[2023-11-08T14:31:34.992+0000] {logging_mixin.py:154} INFO - [2023-11-08T14:31:34.992+0000] {dagbag.py:536} INFO - Filling up the DagBag from /home/airflow/.local/lib/python3.11/site-packages/airflow/example_dags/example_branch_labels.py
[2023-11-08T14:31:35.005+0000] {processor.py:839} INFO - DAG(s) dict_keys(['example_branch_labels']) retrieved from /home/airflow/.local/lib/python3.11/site-packages/airflow/example_dags/example_branch_labels.py
[2023-11-08T14:31:35.040+0000] {logging_mixin.py:154} INFO - [2023-11-08T14:31:35.040+0000] {dag.py:2941} INFO - Sync 1 DAGs
[2023-11-08T14:31:35.085+0000] {logging_mixin.py:154} INFO - [2023-11-08T14:31:35.084+0000] {dag.py:3722} INFO - Setting next_dagrun for example_branch_labels to 2023-11-07T00:00:00+00:00, run_after=2023-11-08T00:00:00+00:00
[2023-11-08T14:31:35.118+0000] {processor.py:179} INFO - Processing /home/airflow/.local/lib/python3.11/site-packages/airflow/example_dags/example_branch_labels.py took 0.134 seconds
[2023-11-08T14:32:05.312+0000] {processor.py:157} INFO - Started process (PID=2364) to work on /home/airflow/.local/lib/python3.11/site-packages/airflow/example_dags/example_branch_labels.py
[2023-11-08T14:32:05.316+0000] {processor.py:829} INFO - Processing file /home/airflow/.local/lib/python3.11/site-packages/airflow/example_dags/example_branch_labels.py for tasks to queue
[2023-11-08T14:32:05.320+0000] {logging_mixin.py:154} INFO - [2023-11-08T14:32:05.319+0000] {dagbag.py:536} INFO - Filling up the DagBag from /home/airflow/.local/lib/python3.11/site-packages/airflow/example_dags/example_branch_labels.py
[2023-11-08T14:32:05.344+0000] {processor.py:839} INFO - DAG(s) dict_keys(['example_branch_labels']) retrieved from /home/airflow/.local/lib/python3.11/site-packages/airflow/example_dags/example_branch_labels.py
[2023-11-08T14:32:05.426+0000] {logging_mixin.py:154} INFO - [2023-11-08T14:32:05.425+0000] {dag.py:2941} INFO - Sync 1 DAGs
[2023-11-08T14:32:05.469+0000] {logging_mixin.py:154} INFO - [2023-11-08T14:32:05.468+0000] {dag.py:3722} INFO - Setting next_dagrun for example_branch_labels to 2023-11-07T00:00:00+00:00, run_after=2023-11-08T00:00:00+00:00
[2023-11-08T14:32:05.507+0000] {processor.py:179} INFO - Processing /home/airflow/.local/lib/python3.11/site-packages/airflow/example_dags/example_branch_labels.py took 0.207 seconds
[2023-11-08T14:32:35.681+0000] {processor.py:157} INFO - Started process (PID=2440) to work on /home/airflow/.local/lib/python3.11/site-packages/airflow/example_dags/example_branch_labels.py
[2023-11-08T14:32:35.682+0000] {processor.py:829} INFO - Processing file /home/airflow/.local/lib/python3.11/site-packages/airflow/example_dags/example_branch_labels.py for tasks to queue
[2023-11-08T14:32:35.685+0000] {logging_mixin.py:154} INFO - [2023-11-08T14:32:35.684+0000] {dagbag.py:536} INFO - Filling up the DagBag from /home/airflow/.local/lib/python3.11/site-packages/airflow/example_dags/example_branch_labels.py
[2023-11-08T14:32:35.702+0000] {processor.py:839} INFO - DAG(s) dict_keys(['example_branch_labels']) retrieved from /home/airflow/.local/lib/python3.11/site-packages/airflow/example_dags/example_branch_labels.py
[2023-11-08T14:32:35.752+0000] {logging_mixin.py:154} INFO - [2023-11-08T14:32:35.751+0000] {dag.py:2941} INFO - Sync 1 DAGs
[2023-11-08T14:32:35.795+0000] {logging_mixin.py:154} INFO - [2023-11-08T14:32:35.794+0000] {dag.py:3722} INFO - Setting next_dagrun for example_branch_labels to 2023-11-07T00:00:00+00:00, run_after=2023-11-08T00:00:00+00:00
[2023-11-08T14:32:35.842+0000] {processor.py:179} INFO - Processing /home/airflow/.local/lib/python3.11/site-packages/airflow/example_dags/example_branch_labels.py took 0.167 seconds
[2023-11-08T14:33:05.907+0000] {processor.py:157} INFO - Started process (PID=2516) to work on /home/airflow/.local/lib/python3.11/site-packages/airflow/example_dags/example_branch_labels.py
[2023-11-08T14:33:05.916+0000] {processor.py:829} INFO - Processing file /home/airflow/.local/lib/python3.11/site-packages/airflow/example_dags/example_branch_labels.py for tasks to queue
[2023-11-08T14:33:05.920+0000] {logging_mixin.py:154} INFO - [2023-11-08T14:33:05.920+0000] {dagbag.py:536} INFO - Filling up the DagBag from /home/airflow/.local/lib/python3.11/site-packages/airflow/example_dags/example_branch_labels.py
[2023-11-08T14:33:05.937+0000] {processor.py:839} INFO - DAG(s) dict_keys(['example_branch_labels']) retrieved from /home/airflow/.local/lib/python3.11/site-packages/airflow/example_dags/example_branch_labels.py
[2023-11-08T14:33:05.975+0000] {logging_mixin.py:154} INFO - [2023-11-08T14:33:05.974+0000] {dag.py:2941} INFO - Sync 1 DAGs
[2023-11-08T14:33:06.023+0000] {logging_mixin.py:154} INFO - [2023-11-08T14:33:06.022+0000] {dag.py:3722} INFO - Setting next_dagrun for example_branch_labels to 2023-11-07T00:00:00+00:00, run_after=2023-11-08T00:00:00+00:00
[2023-11-08T14:33:06.064+0000] {processor.py:179} INFO - Processing /home/airflow/.local/lib/python3.11/site-packages/airflow/example_dags/example_branch_labels.py took 0.165 seconds
[2023-11-08T14:33:36.120+0000] {processor.py:157} INFO - Started process (PID=2592) to work on /home/airflow/.local/lib/python3.11/site-packages/airflow/example_dags/example_branch_labels.py
[2023-11-08T14:33:36.125+0000] {processor.py:829} INFO - Processing file /home/airflow/.local/lib/python3.11/site-packages/airflow/example_dags/example_branch_labels.py for tasks to queue
[2023-11-08T14:33:36.129+0000] {logging_mixin.py:154} INFO - [2023-11-08T14:33:36.128+0000] {dagbag.py:536} INFO - Filling up the DagBag from /home/airflow/.local/lib/python3.11/site-packages/airflow/example_dags/example_branch_labels.py
[2023-11-08T14:33:36.145+0000] {processor.py:839} INFO - DAG(s) dict_keys(['example_branch_labels']) retrieved from /home/airflow/.local/lib/python3.11/site-packages/airflow/example_dags/example_branch_labels.py
[2023-11-08T14:33:36.179+0000] {logging_mixin.py:154} INFO - [2023-11-08T14:33:36.179+0000] {dag.py:2941} INFO - Sync 1 DAGs
[2023-11-08T14:33:36.219+0000] {logging_mixin.py:154} INFO - [2023-11-08T14:33:36.219+0000] {dag.py:3722} INFO - Setting next_dagrun for example_branch_labels to 2023-11-07T00:00:00+00:00, run_after=2023-11-08T00:00:00+00:00
[2023-11-08T14:33:36.250+0000] {processor.py:179} INFO - Processing /home/airflow/.local/lib/python3.11/site-packages/airflow/example_dags/example_branch_labels.py took 0.136 seconds
[2023-11-08T14:34:06.558+0000] {processor.py:157} INFO - Started process (PID=2668) to work on /home/airflow/.local/lib/python3.11/site-packages/airflow/example_dags/example_branch_labels.py
[2023-11-08T14:34:06.560+0000] {processor.py:829} INFO - Processing file /home/airflow/.local/lib/python3.11/site-packages/airflow/example_dags/example_branch_labels.py for tasks to queue
[2023-11-08T14:34:06.563+0000] {logging_mixin.py:154} INFO - [2023-11-08T14:34:06.562+0000] {dagbag.py:536} INFO - Filling up the DagBag from /home/airflow/.local/lib/python3.11/site-packages/airflow/example_dags/example_branch_labels.py
[2023-11-08T14:34:06.574+0000] {processor.py:839} INFO - DAG(s) dict_keys(['example_branch_labels']) retrieved from /home/airflow/.local/lib/python3.11/site-packages/airflow/example_dags/example_branch_labels.py
[2023-11-08T14:34:06.614+0000] {logging_mixin.py:154} INFO - [2023-11-08T14:34:06.613+0000] {dag.py:2941} INFO - Sync 1 DAGs
[2023-11-08T14:34:06.663+0000] {logging_mixin.py:154} INFO - [2023-11-08T14:34:06.662+0000] {dag.py:3722} INFO - Setting next_dagrun for example_branch_labels to 2023-11-07T00:00:00+00:00, run_after=2023-11-08T00:00:00+00:00
[2023-11-08T14:34:06.693+0000] {processor.py:179} INFO - Processing /home/airflow/.local/lib/python3.11/site-packages/airflow/example_dags/example_branch_labels.py took 0.139 seconds
[2023-11-08T14:34:37.421+0000] {processor.py:157} INFO - Started process (PID=2744) to work on /home/airflow/.local/lib/python3.11/site-packages/airflow/example_dags/example_branch_labels.py
[2023-11-08T14:34:37.422+0000] {processor.py:829} INFO - Processing file /home/airflow/.local/lib/python3.11/site-packages/airflow/example_dags/example_branch_labels.py for tasks to queue
[2023-11-08T14:34:37.425+0000] {logging_mixin.py:154} INFO - [2023-11-08T14:34:37.424+0000] {dagbag.py:536} INFO - Filling up the DagBag from /home/airflow/.local/lib/python3.11/site-packages/airflow/example_dags/example_branch_labels.py
[2023-11-08T14:34:37.437+0000] {processor.py:839} INFO - DAG(s) dict_keys(['example_branch_labels']) retrieved from /home/airflow/.local/lib/python3.11/site-packages/airflow/example_dags/example_branch_labels.py
[2023-11-08T14:34:37.471+0000] {logging_mixin.py:154} INFO - [2023-11-08T14:34:37.471+0000] {dag.py:2941} INFO - Sync 1 DAGs
[2023-11-08T14:34:37.513+0000] {logging_mixin.py:154} INFO - [2023-11-08T14:34:37.513+0000] {dag.py:3722} INFO - Setting next_dagrun for example_branch_labels to 2023-11-07T00:00:00+00:00, run_after=2023-11-08T00:00:00+00:00
[2023-11-08T14:34:37.544+0000] {processor.py:179} INFO - Processing /home/airflow/.local/lib/python3.11/site-packages/airflow/example_dags/example_branch_labels.py took 0.128 seconds
[2023-11-08T14:35:08.041+0000] {processor.py:157} INFO - Started process (PID=2820) to work on /home/airflow/.local/lib/python3.11/site-packages/airflow/example_dags/example_branch_labels.py
[2023-11-08T14:35:08.049+0000] {processor.py:829} INFO - Processing file /home/airflow/.local/lib/python3.11/site-packages/airflow/example_dags/example_branch_labels.py for tasks to queue
[2023-11-08T14:35:08.052+0000] {logging_mixin.py:154} INFO - [2023-11-08T14:35:08.052+0000] {dagbag.py:536} INFO - Filling up the DagBag from /home/airflow/.local/lib/python3.11/site-packages/airflow/example_dags/example_branch_labels.py
[2023-11-08T14:35:08.068+0000] {processor.py:839} INFO - DAG(s) dict_keys(['example_branch_labels']) retrieved from /home/airflow/.local/lib/python3.11/site-packages/airflow/example_dags/example_branch_labels.py
[2023-11-08T14:35:08.107+0000] {logging_mixin.py:154} INFO - [2023-11-08T14:35:08.107+0000] {dag.py:2941} INFO - Sync 1 DAGs
[2023-11-08T14:35:08.145+0000] {logging_mixin.py:154} INFO - [2023-11-08T14:35:08.145+0000] {dag.py:3722} INFO - Setting next_dagrun for example_branch_labels to 2023-11-07T00:00:00+00:00, run_after=2023-11-08T00:00:00+00:00
[2023-11-08T14:35:08.177+0000] {processor.py:179} INFO - Processing /home/airflow/.local/lib/python3.11/site-packages/airflow/example_dags/example_branch_labels.py took 0.142 seconds
[2023-11-08T14:35:38.959+0000] {processor.py:157} INFO - Started process (PID=2896) to work on /home/airflow/.local/lib/python3.11/site-packages/airflow/example_dags/example_branch_labels.py
[2023-11-08T14:35:38.959+0000] {processor.py:829} INFO - Processing file /home/airflow/.local/lib/python3.11/site-packages/airflow/example_dags/example_branch_labels.py for tasks to queue
[2023-11-08T14:35:38.962+0000] {logging_mixin.py:154} INFO - [2023-11-08T14:35:38.961+0000] {dagbag.py:536} INFO - Filling up the DagBag from /home/airflow/.local/lib/python3.11/site-packages/airflow/example_dags/example_branch_labels.py
[2023-11-08T14:35:38.974+0000] {processor.py:839} INFO - DAG(s) dict_keys(['example_branch_labels']) retrieved from /home/airflow/.local/lib/python3.11/site-packages/airflow/example_dags/example_branch_labels.py
[2023-11-08T14:35:39.007+0000] {logging_mixin.py:154} INFO - [2023-11-08T14:35:39.007+0000] {dag.py:2941} INFO - Sync 1 DAGs
[2023-11-08T14:35:39.047+0000] {logging_mixin.py:154} INFO - [2023-11-08T14:35:39.046+0000] {dag.py:3722} INFO - Setting next_dagrun for example_branch_labels to 2023-11-07T00:00:00+00:00, run_after=2023-11-08T00:00:00+00:00
[2023-11-08T14:35:39.090+0000] {processor.py:179} INFO - Processing /home/airflow/.local/lib/python3.11/site-packages/airflow/example_dags/example_branch_labels.py took 0.134 seconds
[2023-11-08T14:36:09.925+0000] {processor.py:157} INFO - Started process (PID=2972) to work on /home/airflow/.local/lib/python3.11/site-packages/airflow/example_dags/example_branch_labels.py
[2023-11-08T14:36:09.933+0000] {processor.py:829} INFO - Processing file /home/airflow/.local/lib/python3.11/site-packages/airflow/example_dags/example_branch_labels.py for tasks to queue
[2023-11-08T14:36:09.936+0000] {logging_mixin.py:154} INFO - [2023-11-08T14:36:09.936+0000] {dagbag.py:536} INFO - Filling up the DagBag from /home/airflow/.local/lib/python3.11/site-packages/airflow/example_dags/example_branch_labels.py
[2023-11-08T14:36:09.947+0000] {processor.py:839} INFO - DAG(s) dict_keys(['example_branch_labels']) retrieved from /home/airflow/.local/lib/python3.11/site-packages/airflow/example_dags/example_branch_labels.py
[2023-11-08T14:36:09.981+0000] {logging_mixin.py:154} INFO - [2023-11-08T14:36:09.980+0000] {dag.py:2941} INFO - Sync 1 DAGs
[2023-11-08T14:36:10.022+0000] {logging_mixin.py:154} INFO - [2023-11-08T14:36:10.021+0000] {dag.py:3722} INFO - Setting next_dagrun for example_branch_labels to 2023-11-07T00:00:00+00:00, run_after=2023-11-08T00:00:00+00:00
[2023-11-08T14:36:10.051+0000] {processor.py:179} INFO - Processing /home/airflow/.local/lib/python3.11/site-packages/airflow/example_dags/example_branch_labels.py took 0.131 seconds
[2023-11-08T14:36:40.647+0000] {processor.py:157} INFO - Started process (PID=3048) to work on /home/airflow/.local/lib/python3.11/site-packages/airflow/example_dags/example_branch_labels.py
[2023-11-08T14:36:40.648+0000] {processor.py:829} INFO - Processing file /home/airflow/.local/lib/python3.11/site-packages/airflow/example_dags/example_branch_labels.py for tasks to queue
[2023-11-08T14:36:40.651+0000] {logging_mixin.py:154} INFO - [2023-11-08T14:36:40.650+0000] {dagbag.py:536} INFO - Filling up the DagBag from /home/airflow/.local/lib/python3.11/site-packages/airflow/example_dags/example_branch_labels.py
[2023-11-08T14:36:40.663+0000] {processor.py:839} INFO - DAG(s) dict_keys(['example_branch_labels']) retrieved from /home/airflow/.local/lib/python3.11/site-packages/airflow/example_dags/example_branch_labels.py
[2023-11-08T14:36:40.700+0000] {logging_mixin.py:154} INFO - [2023-11-08T14:36:40.699+0000] {dag.py:2941} INFO - Sync 1 DAGs
[2023-11-08T14:36:40.742+0000] {logging_mixin.py:154} INFO - [2023-11-08T14:36:40.741+0000] {dag.py:3722} INFO - Setting next_dagrun for example_branch_labels to 2023-11-07T00:00:00+00:00, run_after=2023-11-08T00:00:00+00:00
[2023-11-08T14:36:40.784+0000] {processor.py:179} INFO - Processing /home/airflow/.local/lib/python3.11/site-packages/airflow/example_dags/example_branch_labels.py took 0.142 seconds
[2023-11-08T14:37:11.270+0000] {processor.py:157} INFO - Started process (PID=3124) to work on /home/airflow/.local/lib/python3.11/site-packages/airflow/example_dags/example_branch_labels.py
[2023-11-08T14:37:11.271+0000] {processor.py:829} INFO - Processing file /home/airflow/.local/lib/python3.11/site-packages/airflow/example_dags/example_branch_labels.py for tasks to queue
[2023-11-08T14:37:11.272+0000] {logging_mixin.py:154} INFO - [2023-11-08T14:37:11.272+0000] {dagbag.py:536} INFO - Filling up the DagBag from /home/airflow/.local/lib/python3.11/site-packages/airflow/example_dags/example_branch_labels.py
[2023-11-08T14:37:11.278+0000] {processor.py:839} INFO - DAG(s) dict_keys(['example_branch_labels']) retrieved from /home/airflow/.local/lib/python3.11/site-packages/airflow/example_dags/example_branch_labels.py
[2023-11-08T14:37:11.295+0000] {logging_mixin.py:154} INFO - [2023-11-08T14:37:11.295+0000] {dag.py:2941} INFO - Sync 1 DAGs
[2023-11-08T14:37:11.313+0000] {logging_mixin.py:154} INFO - [2023-11-08T14:37:11.313+0000] {dag.py:3722} INFO - Setting next_dagrun for example_branch_labels to 2023-11-07T00:00:00+00:00, run_after=2023-11-08T00:00:00+00:00
[2023-11-08T14:37:11.327+0000] {processor.py:179} INFO - Processing /home/airflow/.local/lib/python3.11/site-packages/airflow/example_dags/example_branch_labels.py took 0.060 seconds
[2023-11-08T14:37:41.530+0000] {processor.py:157} INFO - Started process (PID=3200) to work on /home/airflow/.local/lib/python3.11/site-packages/airflow/example_dags/example_branch_labels.py
[2023-11-08T14:37:41.531+0000] {processor.py:829} INFO - Processing file /home/airflow/.local/lib/python3.11/site-packages/airflow/example_dags/example_branch_labels.py for tasks to queue
[2023-11-08T14:37:41.532+0000] {logging_mixin.py:154} INFO - [2023-11-08T14:37:41.532+0000] {dagbag.py:536} INFO - Filling up the DagBag from /home/airflow/.local/lib/python3.11/site-packages/airflow/example_dags/example_branch_labels.py
[2023-11-08T14:37:41.538+0000] {processor.py:839} INFO - DAG(s) dict_keys(['example_branch_labels']) retrieved from /home/airflow/.local/lib/python3.11/site-packages/airflow/example_dags/example_branch_labels.py
[2023-11-08T14:37:41.554+0000] {logging_mixin.py:154} INFO - [2023-11-08T14:37:41.554+0000] {dag.py:2941} INFO - Sync 1 DAGs
[2023-11-08T14:37:41.572+0000] {logging_mixin.py:154} INFO - [2023-11-08T14:37:41.572+0000] {dag.py:3722} INFO - Setting next_dagrun for example_branch_labels to 2023-11-07T00:00:00+00:00, run_after=2023-11-08T00:00:00+00:00
[2023-11-08T14:37:41.585+0000] {processor.py:179} INFO - Processing /home/airflow/.local/lib/python3.11/site-packages/airflow/example_dags/example_branch_labels.py took 0.057 seconds
[2023-11-08T14:38:11.823+0000] {processor.py:157} INFO - Started process (PID=3276) to work on /home/airflow/.local/lib/python3.11/site-packages/airflow/example_dags/example_branch_labels.py
[2023-11-08T14:38:11.836+0000] {processor.py:829} INFO - Processing file /home/airflow/.local/lib/python3.11/site-packages/airflow/example_dags/example_branch_labels.py for tasks to queue
[2023-11-08T14:38:11.838+0000] {logging_mixin.py:154} INFO - [2023-11-08T14:38:11.837+0000] {dagbag.py:536} INFO - Filling up the DagBag from /home/airflow/.local/lib/python3.11/site-packages/airflow/example_dags/example_branch_labels.py
[2023-11-08T14:38:11.843+0000] {processor.py:839} INFO - DAG(s) dict_keys(['example_branch_labels']) retrieved from /home/airflow/.local/lib/python3.11/site-packages/airflow/example_dags/example_branch_labels.py
[2023-11-08T14:38:11.859+0000] {logging_mixin.py:154} INFO - [2023-11-08T14:38:11.858+0000] {dag.py:2941} INFO - Sync 1 DAGs
[2023-11-08T14:38:11.876+0000] {logging_mixin.py:154} INFO - [2023-11-08T14:38:11.875+0000] {dag.py:3722} INFO - Setting next_dagrun for example_branch_labels to 2023-11-07T00:00:00+00:00, run_after=2023-11-08T00:00:00+00:00
[2023-11-08T14:38:11.888+0000] {processor.py:179} INFO - Processing /home/airflow/.local/lib/python3.11/site-packages/airflow/example_dags/example_branch_labels.py took 0.067 seconds
[2023-11-08T14:38:41.970+0000] {processor.py:157} INFO - Started process (PID=3352) to work on /home/airflow/.local/lib/python3.11/site-packages/airflow/example_dags/example_branch_labels.py
[2023-11-08T14:38:41.970+0000] {processor.py:829} INFO - Processing file /home/airflow/.local/lib/python3.11/site-packages/airflow/example_dags/example_branch_labels.py for tasks to queue
[2023-11-08T14:38:41.972+0000] {logging_mixin.py:154} INFO - [2023-11-08T14:38:41.972+0000] {dagbag.py:536} INFO - Filling up the DagBag from /home/airflow/.local/lib/python3.11/site-packages/airflow/example_dags/example_branch_labels.py
[2023-11-08T14:38:41.978+0000] {processor.py:839} INFO - DAG(s) dict_keys(['example_branch_labels']) retrieved from /home/airflow/.local/lib/python3.11/site-packages/airflow/example_dags/example_branch_labels.py
[2023-11-08T14:38:41.993+0000] {logging_mixin.py:154} INFO - [2023-11-08T14:38:41.992+0000] {dag.py:2941} INFO - Sync 1 DAGs
[2023-11-08T14:38:42.011+0000] {logging_mixin.py:154} INFO - [2023-11-08T14:38:42.010+0000] {dag.py:3722} INFO - Setting next_dagrun for example_branch_labels to 2023-11-07T00:00:00+00:00, run_after=2023-11-08T00:00:00+00:00
[2023-11-08T14:38:42.023+0000] {processor.py:179} INFO - Processing /home/airflow/.local/lib/python3.11/site-packages/airflow/example_dags/example_branch_labels.py took 0.055 seconds
[2023-11-08T14:39:12.124+0000] {processor.py:157} INFO - Started process (PID=3428) to work on /home/airflow/.local/lib/python3.11/site-packages/airflow/example_dags/example_branch_labels.py
[2023-11-08T14:39:12.125+0000] {processor.py:829} INFO - Processing file /home/airflow/.local/lib/python3.11/site-packages/airflow/example_dags/example_branch_labels.py for tasks to queue
[2023-11-08T14:39:12.126+0000] {logging_mixin.py:154} INFO - [2023-11-08T14:39:12.126+0000] {dagbag.py:536} INFO - Filling up the DagBag from /home/airflow/.local/lib/python3.11/site-packages/airflow/example_dags/example_branch_labels.py
[2023-11-08T14:39:12.132+0000] {processor.py:839} INFO - DAG(s) dict_keys(['example_branch_labels']) retrieved from /home/airflow/.local/lib/python3.11/site-packages/airflow/example_dags/example_branch_labels.py
[2023-11-08T14:39:12.147+0000] {logging_mixin.py:154} INFO - [2023-11-08T14:39:12.146+0000] {dag.py:2941} INFO - Sync 1 DAGs
[2023-11-08T14:39:12.163+0000] {logging_mixin.py:154} INFO - [2023-11-08T14:39:12.163+0000] {dag.py:3722} INFO - Setting next_dagrun for example_branch_labels to 2023-11-07T00:00:00+00:00, run_after=2023-11-08T00:00:00+00:00
[2023-11-08T14:39:12.176+0000] {processor.py:179} INFO - Processing /home/airflow/.local/lib/python3.11/site-packages/airflow/example_dags/example_branch_labels.py took 0.054 seconds
[2023-11-08T14:39:42.408+0000] {processor.py:157} INFO - Started process (PID=3504) to work on /home/airflow/.local/lib/python3.11/site-packages/airflow/example_dags/example_branch_labels.py
[2023-11-08T14:39:42.409+0000] {processor.py:829} INFO - Processing file /home/airflow/.local/lib/python3.11/site-packages/airflow/example_dags/example_branch_labels.py for tasks to queue
[2023-11-08T14:39:42.411+0000] {logging_mixin.py:154} INFO - [2023-11-08T14:39:42.410+0000] {dagbag.py:536} INFO - Filling up the DagBag from /home/airflow/.local/lib/python3.11/site-packages/airflow/example_dags/example_branch_labels.py
[2023-11-08T14:39:42.416+0000] {processor.py:839} INFO - DAG(s) dict_keys(['example_branch_labels']) retrieved from /home/airflow/.local/lib/python3.11/site-packages/airflow/example_dags/example_branch_labels.py
[2023-11-08T14:39:42.431+0000] {logging_mixin.py:154} INFO - [2023-11-08T14:39:42.431+0000] {dag.py:2941} INFO - Sync 1 DAGs
[2023-11-08T14:39:42.449+0000] {logging_mixin.py:154} INFO - [2023-11-08T14:39:42.449+0000] {dag.py:3722} INFO - Setting next_dagrun for example_branch_labels to 2023-11-07T00:00:00+00:00, run_after=2023-11-08T00:00:00+00:00
[2023-11-08T14:39:42.461+0000] {processor.py:179} INFO - Processing /home/airflow/.local/lib/python3.11/site-packages/airflow/example_dags/example_branch_labels.py took 0.055 seconds
[2023-11-08T14:40:12.560+0000] {processor.py:157} INFO - Started process (PID=3581) to work on /home/airflow/.local/lib/python3.11/site-packages/airflow/example_dags/example_branch_labels.py
[2023-11-08T14:40:12.561+0000] {processor.py:829} INFO - Processing file /home/airflow/.local/lib/python3.11/site-packages/airflow/example_dags/example_branch_labels.py for tasks to queue
[2023-11-08T14:40:12.562+0000] {logging_mixin.py:154} INFO - [2023-11-08T14:40:12.562+0000] {dagbag.py:536} INFO - Filling up the DagBag from /home/airflow/.local/lib/python3.11/site-packages/airflow/example_dags/example_branch_labels.py
[2023-11-08T14:40:12.568+0000] {processor.py:839} INFO - DAG(s) dict_keys(['example_branch_labels']) retrieved from /home/airflow/.local/lib/python3.11/site-packages/airflow/example_dags/example_branch_labels.py
[2023-11-08T14:40:12.585+0000] {logging_mixin.py:154} INFO - [2023-11-08T14:40:12.584+0000] {dag.py:2941} INFO - Sync 1 DAGs
[2023-11-08T14:40:12.601+0000] {logging_mixin.py:154} INFO - [2023-11-08T14:40:12.601+0000] {dag.py:3722} INFO - Setting next_dagrun for example_branch_labels to 2023-11-07T00:00:00+00:00, run_after=2023-11-08T00:00:00+00:00
[2023-11-08T14:40:12.614+0000] {processor.py:179} INFO - Processing /home/airflow/.local/lib/python3.11/site-packages/airflow/example_dags/example_branch_labels.py took 0.057 seconds
[2023-11-08T14:40:42.681+0000] {processor.py:157} INFO - Started process (PID=3657) to work on /home/airflow/.local/lib/python3.11/site-packages/airflow/example_dags/example_branch_labels.py
[2023-11-08T14:40:42.681+0000] {processor.py:829} INFO - Processing file /home/airflow/.local/lib/python3.11/site-packages/airflow/example_dags/example_branch_labels.py for tasks to queue
[2023-11-08T14:40:42.683+0000] {logging_mixin.py:154} INFO - [2023-11-08T14:40:42.683+0000] {dagbag.py:536} INFO - Filling up the DagBag from /home/airflow/.local/lib/python3.11/site-packages/airflow/example_dags/example_branch_labels.py
[2023-11-08T14:40:42.688+0000] {processor.py:839} INFO - DAG(s) dict_keys(['example_branch_labels']) retrieved from /home/airflow/.local/lib/python3.11/site-packages/airflow/example_dags/example_branch_labels.py
[2023-11-08T14:40:42.704+0000] {logging_mixin.py:154} INFO - [2023-11-08T14:40:42.703+0000] {dag.py:2941} INFO - Sync 1 DAGs
[2023-11-08T14:40:42.720+0000] {logging_mixin.py:154} INFO - [2023-11-08T14:40:42.720+0000] {dag.py:3722} INFO - Setting next_dagrun for example_branch_labels to 2023-11-07T00:00:00+00:00, run_after=2023-11-08T00:00:00+00:00
[2023-11-08T14:40:42.733+0000] {processor.py:179} INFO - Processing /home/airflow/.local/lib/python3.11/site-packages/airflow/example_dags/example_branch_labels.py took 0.054 seconds
[2023-11-08T14:41:12.976+0000] {processor.py:157} INFO - Started process (PID=3733) to work on /home/airflow/.local/lib/python3.11/site-packages/airflow/example_dags/example_branch_labels.py
[2023-11-08T14:41:12.977+0000] {processor.py:829} INFO - Processing file /home/airflow/.local/lib/python3.11/site-packages/airflow/example_dags/example_branch_labels.py for tasks to queue
[2023-11-08T14:41:12.979+0000] {logging_mixin.py:154} INFO - [2023-11-08T14:41:12.979+0000] {dagbag.py:536} INFO - Filling up the DagBag from /home/airflow/.local/lib/python3.11/site-packages/airflow/example_dags/example_branch_labels.py
[2023-11-08T14:41:12.984+0000] {processor.py:839} INFO - DAG(s) dict_keys(['example_branch_labels']) retrieved from /home/airflow/.local/lib/python3.11/site-packages/airflow/example_dags/example_branch_labels.py
[2023-11-08T14:41:13.000+0000] {logging_mixin.py:154} INFO - [2023-11-08T14:41:13.000+0000] {dag.py:2941} INFO - Sync 1 DAGs
[2023-11-08T14:41:13.020+0000] {logging_mixin.py:154} INFO - [2023-11-08T14:41:13.020+0000] {dag.py:3722} INFO - Setting next_dagrun for example_branch_labels to 2023-11-07T00:00:00+00:00, run_after=2023-11-08T00:00:00+00:00
[2023-11-08T14:41:13.035+0000] {processor.py:179} INFO - Processing /home/airflow/.local/lib/python3.11/site-packages/airflow/example_dags/example_branch_labels.py took 0.061 seconds
[2023-11-08T14:41:43.141+0000] {processor.py:157} INFO - Started process (PID=3809) to work on /home/airflow/.local/lib/python3.11/site-packages/airflow/example_dags/example_branch_labels.py
[2023-11-08T14:41:43.142+0000] {processor.py:829} INFO - Processing file /home/airflow/.local/lib/python3.11/site-packages/airflow/example_dags/example_branch_labels.py for tasks to queue
[2023-11-08T14:41:43.143+0000] {logging_mixin.py:154} INFO - [2023-11-08T14:41:43.143+0000] {dagbag.py:536} INFO - Filling up the DagBag from /home/airflow/.local/lib/python3.11/site-packages/airflow/example_dags/example_branch_labels.py
[2023-11-08T14:41:43.149+0000] {processor.py:839} INFO - DAG(s) dict_keys(['example_branch_labels']) retrieved from /home/airflow/.local/lib/python3.11/site-packages/airflow/example_dags/example_branch_labels.py
[2023-11-08T14:41:43.165+0000] {logging_mixin.py:154} INFO - [2023-11-08T14:41:43.165+0000] {dag.py:2941} INFO - Sync 1 DAGs
[2023-11-08T14:41:43.182+0000] {logging_mixin.py:154} INFO - [2023-11-08T14:41:43.182+0000] {dag.py:3722} INFO - Setting next_dagrun for example_branch_labels to 2023-11-07T00:00:00+00:00, run_after=2023-11-08T00:00:00+00:00
[2023-11-08T14:41:43.194+0000] {processor.py:179} INFO - Processing /home/airflow/.local/lib/python3.11/site-packages/airflow/example_dags/example_branch_labels.py took 0.055 seconds
[2023-11-08T14:42:13.405+0000] {processor.py:157} INFO - Started process (PID=3885) to work on /home/airflow/.local/lib/python3.11/site-packages/airflow/example_dags/example_branch_labels.py
[2023-11-08T14:42:13.415+0000] {processor.py:829} INFO - Processing file /home/airflow/.local/lib/python3.11/site-packages/airflow/example_dags/example_branch_labels.py for tasks to queue
[2023-11-08T14:42:13.417+0000] {logging_mixin.py:154} INFO - [2023-11-08T14:42:13.417+0000] {dagbag.py:536} INFO - Filling up the DagBag from /home/airflow/.local/lib/python3.11/site-packages/airflow/example_dags/example_branch_labels.py
[2023-11-08T14:42:13.423+0000] {processor.py:839} INFO - DAG(s) dict_keys(['example_branch_labels']) retrieved from /home/airflow/.local/lib/python3.11/site-packages/airflow/example_dags/example_branch_labels.py
[2023-11-08T14:42:13.437+0000] {logging_mixin.py:154} INFO - [2023-11-08T14:42:13.437+0000] {dag.py:2941} INFO - Sync 1 DAGs
[2023-11-08T14:42:13.455+0000] {logging_mixin.py:154} INFO - [2023-11-08T14:42:13.455+0000] {dag.py:3722} INFO - Setting next_dagrun for example_branch_labels to 2023-11-07T00:00:00+00:00, run_after=2023-11-08T00:00:00+00:00
[2023-11-08T14:42:13.469+0000] {processor.py:179} INFO - Processing /home/airflow/.local/lib/python3.11/site-packages/airflow/example_dags/example_branch_labels.py took 0.066 seconds
[2023-11-08T14:42:43.813+0000] {processor.py:157} INFO - Started process (PID=3961) to work on /home/airflow/.local/lib/python3.11/site-packages/airflow/example_dags/example_branch_labels.py
[2023-11-08T14:42:43.813+0000] {processor.py:829} INFO - Processing file /home/airflow/.local/lib/python3.11/site-packages/airflow/example_dags/example_branch_labels.py for tasks to queue
[2023-11-08T14:42:43.815+0000] {logging_mixin.py:154} INFO - [2023-11-08T14:42:43.815+0000] {dagbag.py:536} INFO - Filling up the DagBag from /home/airflow/.local/lib/python3.11/site-packages/airflow/example_dags/example_branch_labels.py
[2023-11-08T14:42:43.821+0000] {processor.py:839} INFO - DAG(s) dict_keys(['example_branch_labels']) retrieved from /home/airflow/.local/lib/python3.11/site-packages/airflow/example_dags/example_branch_labels.py
[2023-11-08T14:42:43.837+0000] {logging_mixin.py:154} INFO - [2023-11-08T14:42:43.837+0000] {dag.py:2941} INFO - Sync 1 DAGs
[2023-11-08T14:42:43.857+0000] {logging_mixin.py:154} INFO - [2023-11-08T14:42:43.856+0000] {dag.py:3722} INFO - Setting next_dagrun for example_branch_labels to 2023-11-07T00:00:00+00:00, run_after=2023-11-08T00:00:00+00:00
[2023-11-08T14:42:43.870+0000] {processor.py:179} INFO - Processing /home/airflow/.local/lib/python3.11/site-packages/airflow/example_dags/example_branch_labels.py took 0.060 seconds
[2023-11-08T14:43:14.200+0000] {processor.py:157} INFO - Started process (PID=4037) to work on /home/airflow/.local/lib/python3.11/site-packages/airflow/example_dags/example_branch_labels.py
[2023-11-08T14:43:14.200+0000] {processor.py:829} INFO - Processing file /home/airflow/.local/lib/python3.11/site-packages/airflow/example_dags/example_branch_labels.py for tasks to queue
[2023-11-08T14:43:14.202+0000] {logging_mixin.py:154} INFO - [2023-11-08T14:43:14.202+0000] {dagbag.py:536} INFO - Filling up the DagBag from /home/airflow/.local/lib/python3.11/site-packages/airflow/example_dags/example_branch_labels.py
[2023-11-08T14:43:14.207+0000] {processor.py:839} INFO - DAG(s) dict_keys(['example_branch_labels']) retrieved from /home/airflow/.local/lib/python3.11/site-packages/airflow/example_dags/example_branch_labels.py
[2023-11-08T14:43:14.223+0000] {logging_mixin.py:154} INFO - [2023-11-08T14:43:14.223+0000] {dag.py:2941} INFO - Sync 1 DAGs
[2023-11-08T14:43:14.241+0000] {logging_mixin.py:154} INFO - [2023-11-08T14:43:14.241+0000] {dag.py:3722} INFO - Setting next_dagrun for example_branch_labels to 2023-11-07T00:00:00+00:00, run_after=2023-11-08T00:00:00+00:00
[2023-11-08T14:43:14.254+0000] {processor.py:179} INFO - Processing /home/airflow/.local/lib/python3.11/site-packages/airflow/example_dags/example_branch_labels.py took 0.056 seconds
[2023-11-08T14:43:44.666+0000] {processor.py:157} INFO - Started process (PID=4113) to work on /home/airflow/.local/lib/python3.11/site-packages/airflow/example_dags/example_branch_labels.py
[2023-11-08T14:43:44.666+0000] {processor.py:829} INFO - Processing file /home/airflow/.local/lib/python3.11/site-packages/airflow/example_dags/example_branch_labels.py for tasks to queue
[2023-11-08T14:43:44.668+0000] {logging_mixin.py:154} INFO - [2023-11-08T14:43:44.668+0000] {dagbag.py:536} INFO - Filling up the DagBag from /home/airflow/.local/lib/python3.11/site-packages/airflow/example_dags/example_branch_labels.py
[2023-11-08T14:43:44.674+0000] {processor.py:839} INFO - DAG(s) dict_keys(['example_branch_labels']) retrieved from /home/airflow/.local/lib/python3.11/site-packages/airflow/example_dags/example_branch_labels.py
[2023-11-08T14:43:44.690+0000] {logging_mixin.py:154} INFO - [2023-11-08T14:43:44.689+0000] {dag.py:2941} INFO - Sync 1 DAGs
[2023-11-08T14:43:44.708+0000] {logging_mixin.py:154} INFO - [2023-11-08T14:43:44.707+0000] {dag.py:3722} INFO - Setting next_dagrun for example_branch_labels to 2023-11-07T00:00:00+00:00, run_after=2023-11-08T00:00:00+00:00
[2023-11-08T14:43:44.722+0000] {processor.py:179} INFO - Processing /home/airflow/.local/lib/python3.11/site-packages/airflow/example_dags/example_branch_labels.py took 0.058 seconds
[2023-11-08T14:44:14.827+0000] {processor.py:157} INFO - Started process (PID=4189) to work on /home/airflow/.local/lib/python3.11/site-packages/airflow/example_dags/example_branch_labels.py
[2023-11-08T14:44:14.828+0000] {processor.py:829} INFO - Processing file /home/airflow/.local/lib/python3.11/site-packages/airflow/example_dags/example_branch_labels.py for tasks to queue
[2023-11-08T14:44:14.829+0000] {logging_mixin.py:154} INFO - [2023-11-08T14:44:14.829+0000] {dagbag.py:536} INFO - Filling up the DagBag from /home/airflow/.local/lib/python3.11/site-packages/airflow/example_dags/example_branch_labels.py
[2023-11-08T14:44:14.835+0000] {processor.py:839} INFO - DAG(s) dict_keys(['example_branch_labels']) retrieved from /home/airflow/.local/lib/python3.11/site-packages/airflow/example_dags/example_branch_labels.py
[2023-11-08T14:44:14.851+0000] {logging_mixin.py:154} INFO - [2023-11-08T14:44:14.850+0000] {dag.py:2941} INFO - Sync 1 DAGs
[2023-11-08T14:44:14.869+0000] {logging_mixin.py:154} INFO - [2023-11-08T14:44:14.869+0000] {dag.py:3722} INFO - Setting next_dagrun for example_branch_labels to 2023-11-07T00:00:00+00:00, run_after=2023-11-08T00:00:00+00:00
[2023-11-08T14:44:14.882+0000] {processor.py:179} INFO - Processing /home/airflow/.local/lib/python3.11/site-packages/airflow/example_dags/example_branch_labels.py took 0.057 seconds
[2023-11-08T14:44:44.938+0000] {processor.py:157} INFO - Started process (PID=4265) to work on /home/airflow/.local/lib/python3.11/site-packages/airflow/example_dags/example_branch_labels.py
[2023-11-08T14:44:44.938+0000] {processor.py:829} INFO - Processing file /home/airflow/.local/lib/python3.11/site-packages/airflow/example_dags/example_branch_labels.py for tasks to queue
[2023-11-08T14:44:44.940+0000] {logging_mixin.py:154} INFO - [2023-11-08T14:44:44.940+0000] {dagbag.py:536} INFO - Filling up the DagBag from /home/airflow/.local/lib/python3.11/site-packages/airflow/example_dags/example_branch_labels.py
[2023-11-08T14:44:44.945+0000] {processor.py:839} INFO - DAG(s) dict_keys(['example_branch_labels']) retrieved from /home/airflow/.local/lib/python3.11/site-packages/airflow/example_dags/example_branch_labels.py
[2023-11-08T14:44:44.960+0000] {logging_mixin.py:154} INFO - [2023-11-08T14:44:44.960+0000] {dag.py:2941} INFO - Sync 1 DAGs
[2023-11-08T14:44:44.977+0000] {logging_mixin.py:154} INFO - [2023-11-08T14:44:44.977+0000] {dag.py:3722} INFO - Setting next_dagrun for example_branch_labels to 2023-11-07T00:00:00+00:00, run_after=2023-11-08T00:00:00+00:00
[2023-11-08T14:44:44.991+0000] {processor.py:179} INFO - Processing /home/airflow/.local/lib/python3.11/site-packages/airflow/example_dags/example_branch_labels.py took 0.056 seconds
[2023-11-08T14:45:15.374+0000] {processor.py:157} INFO - Started process (PID=4342) to work on /home/airflow/.local/lib/python3.11/site-packages/airflow/example_dags/example_branch_labels.py
[2023-11-08T14:45:15.375+0000] {processor.py:829} INFO - Processing file /home/airflow/.local/lib/python3.11/site-packages/airflow/example_dags/example_branch_labels.py for tasks to queue
[2023-11-08T14:45:15.377+0000] {logging_mixin.py:154} INFO - [2023-11-08T14:45:15.377+0000] {dagbag.py:536} INFO - Filling up the DagBag from /home/airflow/.local/lib/python3.11/site-packages/airflow/example_dags/example_branch_labels.py
[2023-11-08T14:45:15.382+0000] {processor.py:839} INFO - DAG(s) dict_keys(['example_branch_labels']) retrieved from /home/airflow/.local/lib/python3.11/site-packages/airflow/example_dags/example_branch_labels.py
[2023-11-08T14:45:15.397+0000] {logging_mixin.py:154} INFO - [2023-11-08T14:45:15.397+0000] {dag.py:2941} INFO - Sync 1 DAGs
[2023-11-08T14:45:15.414+0000] {logging_mixin.py:154} INFO - [2023-11-08T14:45:15.414+0000] {dag.py:3722} INFO - Setting next_dagrun for example_branch_labels to 2023-11-07T00:00:00+00:00, run_after=2023-11-08T00:00:00+00:00
[2023-11-08T14:45:15.426+0000] {processor.py:179} INFO - Processing /home/airflow/.local/lib/python3.11/site-packages/airflow/example_dags/example_branch_labels.py took 0.054 seconds
[2023-11-08T14:45:45.992+0000] {processor.py:157} INFO - Started process (PID=4418) to work on /home/airflow/.local/lib/python3.11/site-packages/airflow/example_dags/example_branch_labels.py
[2023-11-08T14:45:45.993+0000] {processor.py:829} INFO - Processing file /home/airflow/.local/lib/python3.11/site-packages/airflow/example_dags/example_branch_labels.py for tasks to queue
[2023-11-08T14:45:45.994+0000] {logging_mixin.py:154} INFO - [2023-11-08T14:45:45.994+0000] {dagbag.py:536} INFO - Filling up the DagBag from /home/airflow/.local/lib/python3.11/site-packages/airflow/example_dags/example_branch_labels.py
[2023-11-08T14:45:46.000+0000] {processor.py:839} INFO - DAG(s) dict_keys(['example_branch_labels']) retrieved from /home/airflow/.local/lib/python3.11/site-packages/airflow/example_dags/example_branch_labels.py
[2023-11-08T14:45:46.015+0000] {logging_mixin.py:154} INFO - [2023-11-08T14:45:46.015+0000] {dag.py:2941} INFO - Sync 1 DAGs
[2023-11-08T14:45:46.033+0000] {logging_mixin.py:154} INFO - [2023-11-08T14:45:46.033+0000] {dag.py:3722} INFO - Setting next_dagrun for example_branch_labels to 2023-11-07T00:00:00+00:00, run_after=2023-11-08T00:00:00+00:00
[2023-11-08T14:45:46.045+0000] {processor.py:179} INFO - Processing /home/airflow/.local/lib/python3.11/site-packages/airflow/example_dags/example_branch_labels.py took 0.055 seconds
[2023-11-08T14:46:16.459+0000] {processor.py:157} INFO - Started process (PID=4494) to work on /home/airflow/.local/lib/python3.11/site-packages/airflow/example_dags/example_branch_labels.py
[2023-11-08T14:46:16.460+0000] {processor.py:829} INFO - Processing file /home/airflow/.local/lib/python3.11/site-packages/airflow/example_dags/example_branch_labels.py for tasks to queue
[2023-11-08T14:46:16.461+0000] {logging_mixin.py:154} INFO - [2023-11-08T14:46:16.461+0000] {dagbag.py:536} INFO - Filling up the DagBag from /home/airflow/.local/lib/python3.11/site-packages/airflow/example_dags/example_branch_labels.py
[2023-11-08T14:46:16.466+0000] {processor.py:839} INFO - DAG(s) dict_keys(['example_branch_labels']) retrieved from /home/airflow/.local/lib/python3.11/site-packages/airflow/example_dags/example_branch_labels.py
[2023-11-08T14:46:16.482+0000] {logging_mixin.py:154} INFO - [2023-11-08T14:46:16.482+0000] {dag.py:2941} INFO - Sync 1 DAGs
[2023-11-08T14:46:16.502+0000] {logging_mixin.py:154} INFO - [2023-11-08T14:46:16.501+0000] {dag.py:3722} INFO - Setting next_dagrun for example_branch_labels to 2023-11-07T00:00:00+00:00, run_after=2023-11-08T00:00:00+00:00
[2023-11-08T14:46:16.513+0000] {processor.py:179} INFO - Processing /home/airflow/.local/lib/python3.11/site-packages/airflow/example_dags/example_branch_labels.py took 0.057 seconds
[2023-11-08T14:46:47.008+0000] {processor.py:157} INFO - Started process (PID=4570) to work on /home/airflow/.local/lib/python3.11/site-packages/airflow/example_dags/example_branch_labels.py
[2023-11-08T14:46:47.009+0000] {processor.py:829} INFO - Processing file /home/airflow/.local/lib/python3.11/site-packages/airflow/example_dags/example_branch_labels.py for tasks to queue
[2023-11-08T14:46:47.011+0000] {logging_mixin.py:154} INFO - [2023-11-08T14:46:47.011+0000] {dagbag.py:536} INFO - Filling up the DagBag from /home/airflow/.local/lib/python3.11/site-packages/airflow/example_dags/example_branch_labels.py
[2023-11-08T14:46:47.017+0000] {processor.py:839} INFO - DAG(s) dict_keys(['example_branch_labels']) retrieved from /home/airflow/.local/lib/python3.11/site-packages/airflow/example_dags/example_branch_labels.py
[2023-11-08T14:46:47.068+0000] {logging_mixin.py:154} INFO - [2023-11-08T14:46:47.067+0000] {dag.py:2941} INFO - Sync 1 DAGs
[2023-11-08T14:46:47.088+0000] {logging_mixin.py:154} INFO - [2023-11-08T14:46:47.088+0000] {dag.py:3722} INFO - Setting next_dagrun for example_branch_labels to 2023-11-07T00:00:00+00:00, run_after=2023-11-08T00:00:00+00:00
[2023-11-08T14:46:47.103+0000] {processor.py:179} INFO - Processing /home/airflow/.local/lib/python3.11/site-packages/airflow/example_dags/example_branch_labels.py took 0.098 seconds
[2023-11-08T14:47:17.121+0000] {processor.py:157} INFO - Started process (PID=4646) to work on /home/airflow/.local/lib/python3.11/site-packages/airflow/example_dags/example_branch_labels.py
[2023-11-08T14:47:17.187+0000] {processor.py:829} INFO - Processing file /home/airflow/.local/lib/python3.11/site-packages/airflow/example_dags/example_branch_labels.py for tasks to queue
[2023-11-08T14:47:17.189+0000] {logging_mixin.py:154} INFO - [2023-11-08T14:47:17.189+0000] {dagbag.py:536} INFO - Filling up the DagBag from /home/airflow/.local/lib/python3.11/site-packages/airflow/example_dags/example_branch_labels.py
[2023-11-08T14:47:17.194+0000] {processor.py:839} INFO - DAG(s) dict_keys(['example_branch_labels']) retrieved from /home/airflow/.local/lib/python3.11/site-packages/airflow/example_dags/example_branch_labels.py
[2023-11-08T14:47:17.211+0000] {logging_mixin.py:154} INFO - [2023-11-08T14:47:17.211+0000] {dag.py:2941} INFO - Sync 1 DAGs
[2023-11-08T14:47:17.229+0000] {logging_mixin.py:154} INFO - [2023-11-08T14:47:17.229+0000] {dag.py:3722} INFO - Setting next_dagrun for example_branch_labels to 2023-11-07T00:00:00+00:00, run_after=2023-11-08T00:00:00+00:00
[2023-11-08T14:47:17.241+0000] {processor.py:179} INFO - Processing /home/airflow/.local/lib/python3.11/site-packages/airflow/example_dags/example_branch_labels.py took 0.123 seconds
[2023-11-08T14:47:47.531+0000] {processor.py:157} INFO - Started process (PID=4722) to work on /home/airflow/.local/lib/python3.11/site-packages/airflow/example_dags/example_branch_labels.py
[2023-11-08T14:47:47.532+0000] {processor.py:829} INFO - Processing file /home/airflow/.local/lib/python3.11/site-packages/airflow/example_dags/example_branch_labels.py for tasks to queue
[2023-11-08T14:47:47.533+0000] {logging_mixin.py:154} INFO - [2023-11-08T14:47:47.533+0000] {dagbag.py:536} INFO - Filling up the DagBag from /home/airflow/.local/lib/python3.11/site-packages/airflow/example_dags/example_branch_labels.py
[2023-11-08T14:47:47.538+0000] {processor.py:839} INFO - DAG(s) dict_keys(['example_branch_labels']) retrieved from /home/airflow/.local/lib/python3.11/site-packages/airflow/example_dags/example_branch_labels.py
[2023-11-08T14:47:47.554+0000] {logging_mixin.py:154} INFO - [2023-11-08T14:47:47.554+0000] {dag.py:2941} INFO - Sync 1 DAGs
[2023-11-08T14:47:47.751+0000] {logging_mixin.py:154} INFO - [2023-11-08T14:47:47.751+0000] {dag.py:3722} INFO - Setting next_dagrun for example_branch_labels to 2023-11-07T00:00:00+00:00, run_after=2023-11-08T00:00:00+00:00
[2023-11-08T14:47:47.766+0000] {processor.py:179} INFO - Processing /home/airflow/.local/lib/python3.11/site-packages/airflow/example_dags/example_branch_labels.py took 0.238 seconds
[2023-11-08T14:48:17.788+0000] {processor.py:157} INFO - Started process (PID=4798) to work on /home/airflow/.local/lib/python3.11/site-packages/airflow/example_dags/example_branch_labels.py
[2023-11-08T14:48:17.807+0000] {processor.py:829} INFO - Processing file /home/airflow/.local/lib/python3.11/site-packages/airflow/example_dags/example_branch_labels.py for tasks to queue
[2023-11-08T14:48:17.809+0000] {logging_mixin.py:154} INFO - [2023-11-08T14:48:17.809+0000] {dagbag.py:536} INFO - Filling up the DagBag from /home/airflow/.local/lib/python3.11/site-packages/airflow/example_dags/example_branch_labels.py
[2023-11-08T14:48:17.814+0000] {processor.py:839} INFO - DAG(s) dict_keys(['example_branch_labels']) retrieved from /home/airflow/.local/lib/python3.11/site-packages/airflow/example_dags/example_branch_labels.py
[2023-11-08T14:48:17.830+0000] {logging_mixin.py:154} INFO - [2023-11-08T14:48:17.830+0000] {dag.py:2941} INFO - Sync 1 DAGs
[2023-11-08T14:48:17.848+0000] {logging_mixin.py:154} INFO - [2023-11-08T14:48:17.847+0000] {dag.py:3722} INFO - Setting next_dagrun for example_branch_labels to 2023-11-07T00:00:00+00:00, run_after=2023-11-08T00:00:00+00:00
[2023-11-08T14:48:17.861+0000] {processor.py:179} INFO - Processing /home/airflow/.local/lib/python3.11/site-packages/airflow/example_dags/example_branch_labels.py took 0.075 seconds
[2023-11-08T14:48:48.055+0000] {processor.py:157} INFO - Started process (PID=4874) to work on /home/airflow/.local/lib/python3.11/site-packages/airflow/example_dags/example_branch_labels.py
[2023-11-08T14:48:48.055+0000] {processor.py:829} INFO - Processing file /home/airflow/.local/lib/python3.11/site-packages/airflow/example_dags/example_branch_labels.py for tasks to queue
[2023-11-08T14:48:48.057+0000] {logging_mixin.py:154} INFO - [2023-11-08T14:48:48.057+0000] {dagbag.py:536} INFO - Filling up the DagBag from /home/airflow/.local/lib/python3.11/site-packages/airflow/example_dags/example_branch_labels.py
[2023-11-08T14:48:48.063+0000] {processor.py:839} INFO - DAG(s) dict_keys(['example_branch_labels']) retrieved from /home/airflow/.local/lib/python3.11/site-packages/airflow/example_dags/example_branch_labels.py
[2023-11-08T14:48:48.079+0000] {logging_mixin.py:154} INFO - [2023-11-08T14:48:48.078+0000] {dag.py:2941} INFO - Sync 1 DAGs
[2023-11-08T14:48:48.097+0000] {logging_mixin.py:154} INFO - [2023-11-08T14:48:48.097+0000] {dag.py:3722} INFO - Setting next_dagrun for example_branch_labels to 2023-11-07T00:00:00+00:00, run_after=2023-11-08T00:00:00+00:00
[2023-11-08T14:48:48.110+0000] {processor.py:179} INFO - Processing /home/airflow/.local/lib/python3.11/site-packages/airflow/example_dags/example_branch_labels.py took 0.057 seconds
[2023-11-08T14:49:18.408+0000] {processor.py:157} INFO - Started process (PID=4950) to work on /home/airflow/.local/lib/python3.11/site-packages/airflow/example_dags/example_branch_labels.py
[2023-11-08T14:49:18.409+0000] {processor.py:829} INFO - Processing file /home/airflow/.local/lib/python3.11/site-packages/airflow/example_dags/example_branch_labels.py for tasks to queue
[2023-11-08T14:49:18.411+0000] {logging_mixin.py:154} INFO - [2023-11-08T14:49:18.410+0000] {dagbag.py:536} INFO - Filling up the DagBag from /home/airflow/.local/lib/python3.11/site-packages/airflow/example_dags/example_branch_labels.py
[2023-11-08T14:49:18.416+0000] {processor.py:839} INFO - DAG(s) dict_keys(['example_branch_labels']) retrieved from /home/airflow/.local/lib/python3.11/site-packages/airflow/example_dags/example_branch_labels.py
[2023-11-08T14:49:18.574+0000] {logging_mixin.py:154} INFO - [2023-11-08T14:49:18.574+0000] {dag.py:2941} INFO - Sync 1 DAGs
[2023-11-08T14:49:18.589+0000] {logging_mixin.py:154} INFO - [2023-11-08T14:49:18.589+0000] {dag.py:3722} INFO - Setting next_dagrun for example_branch_labels to 2023-11-07T00:00:00+00:00, run_after=2023-11-08T00:00:00+00:00
[2023-11-08T14:49:18.602+0000] {processor.py:179} INFO - Processing /home/airflow/.local/lib/python3.11/site-packages/airflow/example_dags/example_branch_labels.py took 0.196 seconds
[2023-11-08T14:49:49.504+0000] {processor.py:157} INFO - Started process (PID=5026) to work on /home/airflow/.local/lib/python3.11/site-packages/airflow/example_dags/example_branch_labels.py
[2023-11-08T14:49:49.504+0000] {processor.py:829} INFO - Processing file /home/airflow/.local/lib/python3.11/site-packages/airflow/example_dags/example_branch_labels.py for tasks to queue
[2023-11-08T14:49:49.505+0000] {logging_mixin.py:154} INFO - [2023-11-08T14:49:49.505+0000] {dagbag.py:536} INFO - Filling up the DagBag from /home/airflow/.local/lib/python3.11/site-packages/airflow/example_dags/example_branch_labels.py
[2023-11-08T14:49:49.511+0000] {processor.py:839} INFO - DAG(s) dict_keys(['example_branch_labels']) retrieved from /home/airflow/.local/lib/python3.11/site-packages/airflow/example_dags/example_branch_labels.py
[2023-11-08T14:49:49.526+0000] {logging_mixin.py:154} INFO - [2023-11-08T14:49:49.526+0000] {dag.py:2941} INFO - Sync 1 DAGs
[2023-11-08T14:49:49.543+0000] {logging_mixin.py:154} INFO - [2023-11-08T14:49:49.543+0000] {dag.py:3722} INFO - Setting next_dagrun for example_branch_labels to 2023-11-07T00:00:00+00:00, run_after=2023-11-08T00:00:00+00:00
[2023-11-08T14:49:49.555+0000] {processor.py:179} INFO - Processing /home/airflow/.local/lib/python3.11/site-packages/airflow/example_dags/example_branch_labels.py took 0.054 seconds
[2023-11-08T14:50:19.705+0000] {processor.py:157} INFO - Started process (PID=5102) to work on /home/airflow/.local/lib/python3.11/site-packages/airflow/example_dags/example_branch_labels.py
[2023-11-08T14:50:19.747+0000] {processor.py:829} INFO - Processing file /home/airflow/.local/lib/python3.11/site-packages/airflow/example_dags/example_branch_labels.py for tasks to queue
[2023-11-08T14:50:19.749+0000] {logging_mixin.py:154} INFO - [2023-11-08T14:50:19.749+0000] {dagbag.py:536} INFO - Filling up the DagBag from /home/airflow/.local/lib/python3.11/site-packages/airflow/example_dags/example_branch_labels.py
[2023-11-08T14:50:19.754+0000] {processor.py:839} INFO - DAG(s) dict_keys(['example_branch_labels']) retrieved from /home/airflow/.local/lib/python3.11/site-packages/airflow/example_dags/example_branch_labels.py
[2023-11-08T14:50:19.769+0000] {logging_mixin.py:154} INFO - [2023-11-08T14:50:19.769+0000] {dag.py:2941} INFO - Sync 1 DAGs
[2023-11-08T14:50:19.786+0000] {logging_mixin.py:154} INFO - [2023-11-08T14:50:19.785+0000] {dag.py:3722} INFO - Setting next_dagrun for example_branch_labels to 2023-11-07T00:00:00+00:00, run_after=2023-11-08T00:00:00+00:00
[2023-11-08T14:50:19.798+0000] {processor.py:179} INFO - Processing /home/airflow/.local/lib/python3.11/site-packages/airflow/example_dags/example_branch_labels.py took 0.095 seconds
[2023-11-08T14:50:49.988+0000] {processor.py:157} INFO - Started process (PID=5178) to work on /home/airflow/.local/lib/python3.11/site-packages/airflow/example_dags/example_branch_labels.py
[2023-11-08T14:50:49.989+0000] {processor.py:829} INFO - Processing file /home/airflow/.local/lib/python3.11/site-packages/airflow/example_dags/example_branch_labels.py for tasks to queue
[2023-11-08T14:50:49.990+0000] {logging_mixin.py:154} INFO - [2023-11-08T14:50:49.990+0000] {dagbag.py:536} INFO - Filling up the DagBag from /home/airflow/.local/lib/python3.11/site-packages/airflow/example_dags/example_branch_labels.py
[2023-11-08T14:50:49.996+0000] {processor.py:839} INFO - DAG(s) dict_keys(['example_branch_labels']) retrieved from /home/airflow/.local/lib/python3.11/site-packages/airflow/example_dags/example_branch_labels.py
[2023-11-08T14:50:50.012+0000] {logging_mixin.py:154} INFO - [2023-11-08T14:50:50.012+0000] {dag.py:2941} INFO - Sync 1 DAGs
[2023-11-08T14:50:50.028+0000] {logging_mixin.py:154} INFO - [2023-11-08T14:50:50.028+0000] {dag.py:3722} INFO - Setting next_dagrun for example_branch_labels to 2023-11-07T00:00:00+00:00, run_after=2023-11-08T00:00:00+00:00
[2023-11-08T14:50:50.040+0000] {processor.py:179} INFO - Processing /home/airflow/.local/lib/python3.11/site-packages/airflow/example_dags/example_branch_labels.py took 0.054 seconds
[2023-11-08T14:51:20.093+0000] {processor.py:157} INFO - Started process (PID=5254) to work on /home/airflow/.local/lib/python3.11/site-packages/airflow/example_dags/example_branch_labels.py
[2023-11-08T14:51:20.094+0000] {processor.py:829} INFO - Processing file /home/airflow/.local/lib/python3.11/site-packages/airflow/example_dags/example_branch_labels.py for tasks to queue
[2023-11-08T14:51:20.095+0000] {logging_mixin.py:154} INFO - [2023-11-08T14:51:20.095+0000] {dagbag.py:536} INFO - Filling up the DagBag from /home/airflow/.local/lib/python3.11/site-packages/airflow/example_dags/example_branch_labels.py
[2023-11-08T14:51:20.101+0000] {processor.py:839} INFO - DAG(s) dict_keys(['example_branch_labels']) retrieved from /home/airflow/.local/lib/python3.11/site-packages/airflow/example_dags/example_branch_labels.py
[2023-11-08T14:51:20.117+0000] {logging_mixin.py:154} INFO - [2023-11-08T14:51:20.117+0000] {dag.py:2941} INFO - Sync 1 DAGs
[2023-11-08T14:51:20.133+0000] {logging_mixin.py:154} INFO - [2023-11-08T14:51:20.133+0000] {dag.py:3722} INFO - Setting next_dagrun for example_branch_labels to 2023-11-07T00:00:00+00:00, run_after=2023-11-08T00:00:00+00:00
[2023-11-08T14:51:20.145+0000] {processor.py:179} INFO - Processing /home/airflow/.local/lib/python3.11/site-packages/airflow/example_dags/example_branch_labels.py took 0.055 seconds
[2023-11-08T14:51:50.492+0000] {processor.py:157} INFO - Started process (PID=5330) to work on /home/airflow/.local/lib/python3.11/site-packages/airflow/example_dags/example_branch_labels.py
[2023-11-08T14:51:50.493+0000] {processor.py:829} INFO - Processing file /home/airflow/.local/lib/python3.11/site-packages/airflow/example_dags/example_branch_labels.py for tasks to queue
[2023-11-08T14:51:50.502+0000] {logging_mixin.py:154} INFO - [2023-11-08T14:51:50.501+0000] {dagbag.py:536} INFO - Filling up the DagBag from /home/airflow/.local/lib/python3.11/site-packages/airflow/example_dags/example_branch_labels.py
[2023-11-08T14:51:50.513+0000] {processor.py:839} INFO - DAG(s) dict_keys(['example_branch_labels']) retrieved from /home/airflow/.local/lib/python3.11/site-packages/airflow/example_dags/example_branch_labels.py
[2023-11-08T14:51:50.542+0000] {logging_mixin.py:154} INFO - [2023-11-08T14:51:50.542+0000] {dag.py:2941} INFO - Sync 1 DAGs
[2023-11-08T14:51:50.569+0000] {logging_mixin.py:154} INFO - [2023-11-08T14:51:50.569+0000] {dag.py:3722} INFO - Setting next_dagrun for example_branch_labels to 2023-11-07T00:00:00+00:00, run_after=2023-11-08T00:00:00+00:00
[2023-11-08T14:51:50.585+0000] {processor.py:179} INFO - Processing /home/airflow/.local/lib/python3.11/site-packages/airflow/example_dags/example_branch_labels.py took 0.100 seconds
