[2023-11-08T14:16:15.646+0000] {processor.py:157} INFO - Started process (PID=66) to work on /home/airflow/.local/lib/python3.11/site-packages/airflow/example_dags/example_setup_teardown.py
[2023-11-08T14:16:15.648+0000] {processor.py:829} INFO - Processing file /home/airflow/.local/lib/python3.11/site-packages/airflow/example_dags/example_setup_teardown.py for tasks to queue
[2023-11-08T14:16:15.659+0000] {logging_mixin.py:154} INFO - [2023-11-08T14:16:15.658+0000] {dagbag.py:536} INFO - Filling up the DagBag from /home/airflow/.local/lib/python3.11/site-packages/airflow/example_dags/example_setup_teardown.py
[2023-11-08T14:16:15.692+0000] {processor.py:839} INFO - DAG(s) dict_keys(['example_setup_teardown']) retrieved from /home/airflow/.local/lib/python3.11/site-packages/airflow/example_dags/example_setup_teardown.py
[2023-11-08T14:16:16.141+0000] {logging_mixin.py:154} INFO - [2023-11-08T14:16:16.140+0000] {manager.py:499} INFO - Created Permission View: %s
[2023-11-08T14:16:16.173+0000] {logging_mixin.py:154} INFO - [2023-11-08T14:16:16.172+0000] {manager.py:499} INFO - Created Permission View: %s
[2023-11-08T14:16:16.195+0000] {logging_mixin.py:154} INFO - [2023-11-08T14:16:16.195+0000] {manager.py:499} INFO - Created Permission View: %s
[2023-11-08T14:16:16.196+0000] {logging_mixin.py:154} INFO - [2023-11-08T14:16:16.196+0000] {dag.py:2941} INFO - Sync 1 DAGs
[2023-11-08T14:16:16.237+0000] {logging_mixin.py:154} INFO - [2023-11-08T14:16:16.236+0000] {dag.py:2963} INFO - Creating ORM DAG for example_setup_teardown
[2023-11-08T14:16:16.267+0000] {logging_mixin.py:154} INFO - [2023-11-08T14:16:16.266+0000] {dag.py:3722} INFO - Setting next_dagrun for example_setup_teardown to 2023-11-07T14:16:16.266161+00:00, run_after=2023-11-08T14:16:16.266161+00:00
[2023-11-08T14:16:16.336+0000] {processor.py:179} INFO - Processing /home/airflow/.local/lib/python3.11/site-packages/airflow/example_dags/example_setup_teardown.py took 0.695 seconds
[2023-11-08T14:16:46.840+0000] {processor.py:157} INFO - Started process (PID=142) to work on /home/airflow/.local/lib/python3.11/site-packages/airflow/example_dags/example_setup_teardown.py
[2023-11-08T14:16:46.841+0000] {processor.py:829} INFO - Processing file /home/airflow/.local/lib/python3.11/site-packages/airflow/example_dags/example_setup_teardown.py for tasks to queue
[2023-11-08T14:16:46.845+0000] {logging_mixin.py:154} INFO - [2023-11-08T14:16:46.845+0000] {dagbag.py:536} INFO - Filling up the DagBag from /home/airflow/.local/lib/python3.11/site-packages/airflow/example_dags/example_setup_teardown.py
[2023-11-08T14:16:46.858+0000] {processor.py:839} INFO - DAG(s) dict_keys(['example_setup_teardown']) retrieved from /home/airflow/.local/lib/python3.11/site-packages/airflow/example_dags/example_setup_teardown.py
[2023-11-08T14:16:46.893+0000] {logging_mixin.py:154} INFO - [2023-11-08T14:16:46.892+0000] {dag.py:2941} INFO - Sync 1 DAGs
[2023-11-08T14:16:46.939+0000] {logging_mixin.py:154} INFO - [2023-11-08T14:16:46.939+0000] {dag.py:3722} INFO - Setting next_dagrun for example_setup_teardown to 2023-11-07T14:16:46.939052+00:00, run_after=2023-11-08T14:16:46.939052+00:00
[2023-11-08T14:16:46.972+0000] {processor.py:179} INFO - Processing /home/airflow/.local/lib/python3.11/site-packages/airflow/example_dags/example_setup_teardown.py took 0.138 seconds
[2023-11-08T14:17:17.535+0000] {processor.py:157} INFO - Started process (PID=218) to work on /home/airflow/.local/lib/python3.11/site-packages/airflow/example_dags/example_setup_teardown.py
[2023-11-08T14:17:17.536+0000] {processor.py:829} INFO - Processing file /home/airflow/.local/lib/python3.11/site-packages/airflow/example_dags/example_setup_teardown.py for tasks to queue
[2023-11-08T14:17:17.540+0000] {logging_mixin.py:154} INFO - [2023-11-08T14:17:17.540+0000] {dagbag.py:536} INFO - Filling up the DagBag from /home/airflow/.local/lib/python3.11/site-packages/airflow/example_dags/example_setup_teardown.py
[2023-11-08T14:17:17.552+0000] {processor.py:839} INFO - DAG(s) dict_keys(['example_setup_teardown']) retrieved from /home/airflow/.local/lib/python3.11/site-packages/airflow/example_dags/example_setup_teardown.py
[2023-11-08T14:17:17.587+0000] {logging_mixin.py:154} INFO - [2023-11-08T14:17:17.586+0000] {dag.py:2941} INFO - Sync 1 DAGs
[2023-11-08T14:17:17.625+0000] {logging_mixin.py:154} INFO - [2023-11-08T14:17:17.625+0000] {dag.py:3722} INFO - Setting next_dagrun for example_setup_teardown to 2023-11-07T14:17:17.624866+00:00, run_after=2023-11-08T14:17:17.624866+00:00
[2023-11-08T14:17:17.661+0000] {processor.py:179} INFO - Processing /home/airflow/.local/lib/python3.11/site-packages/airflow/example_dags/example_setup_teardown.py took 0.130 seconds
[2023-11-08T14:17:48.319+0000] {processor.py:157} INFO - Started process (PID=294) to work on /home/airflow/.local/lib/python3.11/site-packages/airflow/example_dags/example_setup_teardown.py
[2023-11-08T14:17:48.322+0000] {processor.py:829} INFO - Processing file /home/airflow/.local/lib/python3.11/site-packages/airflow/example_dags/example_setup_teardown.py for tasks to queue
[2023-11-08T14:17:48.325+0000] {logging_mixin.py:154} INFO - [2023-11-08T14:17:48.324+0000] {dagbag.py:536} INFO - Filling up the DagBag from /home/airflow/.local/lib/python3.11/site-packages/airflow/example_dags/example_setup_teardown.py
[2023-11-08T14:17:48.338+0000] {processor.py:839} INFO - DAG(s) dict_keys(['example_setup_teardown']) retrieved from /home/airflow/.local/lib/python3.11/site-packages/airflow/example_dags/example_setup_teardown.py
[2023-11-08T14:17:48.377+0000] {logging_mixin.py:154} INFO - [2023-11-08T14:17:48.376+0000] {dag.py:2941} INFO - Sync 1 DAGs
[2023-11-08T14:17:48.431+0000] {logging_mixin.py:154} INFO - [2023-11-08T14:17:48.431+0000] {dag.py:3722} INFO - Setting next_dagrun for example_setup_teardown to 2023-11-07T14:17:48.430673+00:00, run_after=2023-11-08T14:17:48.430673+00:00
[2023-11-08T14:17:48.470+0000] {processor.py:179} INFO - Processing /home/airflow/.local/lib/python3.11/site-packages/airflow/example_dags/example_setup_teardown.py took 0.157 seconds
[2023-11-08T14:18:19.155+0000] {processor.py:157} INFO - Started process (PID=370) to work on /home/airflow/.local/lib/python3.11/site-packages/airflow/example_dags/example_setup_teardown.py
[2023-11-08T14:18:19.157+0000] {processor.py:829} INFO - Processing file /home/airflow/.local/lib/python3.11/site-packages/airflow/example_dags/example_setup_teardown.py for tasks to queue
[2023-11-08T14:18:19.161+0000] {logging_mixin.py:154} INFO - [2023-11-08T14:18:19.161+0000] {dagbag.py:536} INFO - Filling up the DagBag from /home/airflow/.local/lib/python3.11/site-packages/airflow/example_dags/example_setup_teardown.py
[2023-11-08T14:18:19.174+0000] {processor.py:839} INFO - DAG(s) dict_keys(['example_setup_teardown']) retrieved from /home/airflow/.local/lib/python3.11/site-packages/airflow/example_dags/example_setup_teardown.py
[2023-11-08T14:18:19.238+0000] {logging_mixin.py:154} INFO - [2023-11-08T14:18:19.238+0000] {dag.py:2941} INFO - Sync 1 DAGs
[2023-11-08T14:18:19.635+0000] {logging_mixin.py:154} INFO - [2023-11-08T14:18:19.634+0000] {dag.py:3722} INFO - Setting next_dagrun for example_setup_teardown to 2023-11-07T14:18:19.633908+00:00, run_after=2023-11-08T14:18:19.633908+00:00
[2023-11-08T14:18:19.694+0000] {processor.py:179} INFO - Processing /home/airflow/.local/lib/python3.11/site-packages/airflow/example_dags/example_setup_teardown.py took 0.553 seconds
[2023-11-08T14:18:50.159+0000] {processor.py:157} INFO - Started process (PID=446) to work on /home/airflow/.local/lib/python3.11/site-packages/airflow/example_dags/example_setup_teardown.py
[2023-11-08T14:18:50.160+0000] {processor.py:829} INFO - Processing file /home/airflow/.local/lib/python3.11/site-packages/airflow/example_dags/example_setup_teardown.py for tasks to queue
[2023-11-08T14:18:50.162+0000] {logging_mixin.py:154} INFO - [2023-11-08T14:18:50.162+0000] {dagbag.py:536} INFO - Filling up the DagBag from /home/airflow/.local/lib/python3.11/site-packages/airflow/example_dags/example_setup_teardown.py
[2023-11-08T14:18:50.172+0000] {processor.py:839} INFO - DAG(s) dict_keys(['example_setup_teardown']) retrieved from /home/airflow/.local/lib/python3.11/site-packages/airflow/example_dags/example_setup_teardown.py
[2023-11-08T14:18:50.209+0000] {logging_mixin.py:154} INFO - [2023-11-08T14:18:50.209+0000] {dag.py:2941} INFO - Sync 1 DAGs
[2023-11-08T14:18:50.252+0000] {logging_mixin.py:154} INFO - [2023-11-08T14:18:50.252+0000] {dag.py:3722} INFO - Setting next_dagrun for example_setup_teardown to 2023-11-07T14:18:50.251995+00:00, run_after=2023-11-08T14:18:50.251995+00:00
[2023-11-08T14:18:50.284+0000] {processor.py:179} INFO - Processing /home/airflow/.local/lib/python3.11/site-packages/airflow/example_dags/example_setup_teardown.py took 0.130 seconds
[2023-11-08T14:19:24.669+0000] {processor.py:157} INFO - Started process (PID=522) to work on /home/airflow/.local/lib/python3.11/site-packages/airflow/example_dags/example_setup_teardown.py
[2023-11-08T14:19:24.703+0000] {processor.py:829} INFO - Processing file /home/airflow/.local/lib/python3.11/site-packages/airflow/example_dags/example_setup_teardown.py for tasks to queue
[2023-11-08T14:19:24.733+0000] {logging_mixin.py:154} INFO - [2023-11-08T14:19:24.732+0000] {dagbag.py:536} INFO - Filling up the DagBag from /home/airflow/.local/lib/python3.11/site-packages/airflow/example_dags/example_setup_teardown.py
[2023-11-08T14:19:24.778+0000] {processor.py:839} INFO - DAG(s) dict_keys(['example_setup_teardown']) retrieved from /home/airflow/.local/lib/python3.11/site-packages/airflow/example_dags/example_setup_teardown.py
[2023-11-08T14:19:25.733+0000] {logging_mixin.py:154} INFO - [2023-11-08T14:19:25.722+0000] {dag.py:2941} INFO - Sync 1 DAGs
[2023-11-08T14:19:26.543+0000] {logging_mixin.py:154} INFO - [2023-11-08T14:19:26.539+0000] {dag.py:3722} INFO - Setting next_dagrun for example_setup_teardown to 2023-11-07T14:19:26.491783+00:00, run_after=2023-11-08T14:19:26.491783+00:00
[2023-11-08T14:19:27.020+0000] {processor.py:179} INFO - Processing /home/airflow/.local/lib/python3.11/site-packages/airflow/example_dags/example_setup_teardown.py took 2.359 seconds
[2023-11-08T14:19:57.946+0000] {processor.py:157} INFO - Started process (PID=596) to work on /home/airflow/.local/lib/python3.11/site-packages/airflow/example_dags/example_setup_teardown.py
[2023-11-08T14:19:57.948+0000] {processor.py:829} INFO - Processing file /home/airflow/.local/lib/python3.11/site-packages/airflow/example_dags/example_setup_teardown.py for tasks to queue
[2023-11-08T14:19:57.957+0000] {logging_mixin.py:154} INFO - [2023-11-08T14:19:57.955+0000] {dagbag.py:536} INFO - Filling up the DagBag from /home/airflow/.local/lib/python3.11/site-packages/airflow/example_dags/example_setup_teardown.py
[2023-11-08T14:19:57.974+0000] {processor.py:839} INFO - DAG(s) dict_keys(['example_setup_teardown']) retrieved from /home/airflow/.local/lib/python3.11/site-packages/airflow/example_dags/example_setup_teardown.py
[2023-11-08T14:19:58.026+0000] {logging_mixin.py:154} INFO - [2023-11-08T14:19:58.026+0000] {dag.py:2941} INFO - Sync 1 DAGs
[2023-11-08T14:19:58.094+0000] {logging_mixin.py:154} INFO - [2023-11-08T14:19:58.093+0000] {dag.py:3722} INFO - Setting next_dagrun for example_setup_teardown to 2023-11-07T14:19:58.092546+00:00, run_after=2023-11-08T14:19:58.092546+00:00
[2023-11-08T14:19:58.149+0000] {processor.py:179} INFO - Processing /home/airflow/.local/lib/python3.11/site-packages/airflow/example_dags/example_setup_teardown.py took 0.209 seconds
[2023-11-08T14:20:28.503+0000] {processor.py:157} INFO - Started process (PID=673) to work on /home/airflow/.local/lib/python3.11/site-packages/airflow/example_dags/example_setup_teardown.py
[2023-11-08T14:20:28.505+0000] {processor.py:829} INFO - Processing file /home/airflow/.local/lib/python3.11/site-packages/airflow/example_dags/example_setup_teardown.py for tasks to queue
[2023-11-08T14:20:28.508+0000] {logging_mixin.py:154} INFO - [2023-11-08T14:20:28.507+0000] {dagbag.py:536} INFO - Filling up the DagBag from /home/airflow/.local/lib/python3.11/site-packages/airflow/example_dags/example_setup_teardown.py
[2023-11-08T14:20:28.521+0000] {processor.py:839} INFO - DAG(s) dict_keys(['example_setup_teardown']) retrieved from /home/airflow/.local/lib/python3.11/site-packages/airflow/example_dags/example_setup_teardown.py
[2023-11-08T14:20:28.561+0000] {logging_mixin.py:154} INFO - [2023-11-08T14:20:28.561+0000] {dag.py:2941} INFO - Sync 1 DAGs
[2023-11-08T14:20:28.610+0000] {logging_mixin.py:154} INFO - [2023-11-08T14:20:28.609+0000] {dag.py:3722} INFO - Setting next_dagrun for example_setup_teardown to 2023-11-07T14:20:28.609085+00:00, run_after=2023-11-08T14:20:28.609085+00:00
[2023-11-08T14:20:28.649+0000] {processor.py:179} INFO - Processing /home/airflow/.local/lib/python3.11/site-packages/airflow/example_dags/example_setup_teardown.py took 0.152 seconds
[2023-11-08T14:20:59.148+0000] {processor.py:157} INFO - Started process (PID=749) to work on /home/airflow/.local/lib/python3.11/site-packages/airflow/example_dags/example_setup_teardown.py
[2023-11-08T14:20:59.150+0000] {processor.py:829} INFO - Processing file /home/airflow/.local/lib/python3.11/site-packages/airflow/example_dags/example_setup_teardown.py for tasks to queue
[2023-11-08T14:20:59.160+0000] {logging_mixin.py:154} INFO - [2023-11-08T14:20:59.158+0000] {dagbag.py:536} INFO - Filling up the DagBag from /home/airflow/.local/lib/python3.11/site-packages/airflow/example_dags/example_setup_teardown.py
[2023-11-08T14:20:59.178+0000] {processor.py:839} INFO - DAG(s) dict_keys(['example_setup_teardown']) retrieved from /home/airflow/.local/lib/python3.11/site-packages/airflow/example_dags/example_setup_teardown.py
[2023-11-08T14:20:59.232+0000] {logging_mixin.py:154} INFO - [2023-11-08T14:20:59.231+0000] {dag.py:2941} INFO - Sync 1 DAGs
[2023-11-08T14:20:59.317+0000] {logging_mixin.py:154} INFO - [2023-11-08T14:20:59.316+0000] {dag.py:3722} INFO - Setting next_dagrun for example_setup_teardown to 2023-11-07T14:20:59.316277+00:00, run_after=2023-11-08T14:20:59.316277+00:00
[2023-11-08T14:20:59.370+0000] {processor.py:179} INFO - Processing /home/airflow/.local/lib/python3.11/site-packages/airflow/example_dags/example_setup_teardown.py took 0.229 seconds
[2023-11-08T14:21:29.696+0000] {processor.py:157} INFO - Started process (PID=832) to work on /home/airflow/.local/lib/python3.11/site-packages/airflow/example_dags/example_setup_teardown.py
[2023-11-08T14:21:29.698+0000] {processor.py:829} INFO - Processing file /home/airflow/.local/lib/python3.11/site-packages/airflow/example_dags/example_setup_teardown.py for tasks to queue
[2023-11-08T14:21:29.703+0000] {logging_mixin.py:154} INFO - [2023-11-08T14:21:29.702+0000] {dagbag.py:536} INFO - Filling up the DagBag from /home/airflow/.local/lib/python3.11/site-packages/airflow/example_dags/example_setup_teardown.py
[2023-11-08T14:21:29.720+0000] {processor.py:839} INFO - DAG(s) dict_keys(['example_setup_teardown']) retrieved from /home/airflow/.local/lib/python3.11/site-packages/airflow/example_dags/example_setup_teardown.py
[2023-11-08T14:21:29.773+0000] {logging_mixin.py:154} INFO - [2023-11-08T14:21:29.773+0000] {dag.py:2941} INFO - Sync 1 DAGs
[2023-11-08T14:21:29.843+0000] {logging_mixin.py:154} INFO - [2023-11-08T14:21:29.843+0000] {dag.py:3722} INFO - Setting next_dagrun for example_setup_teardown to 2023-11-07T14:21:29.842244+00:00, run_after=2023-11-08T14:21:29.842244+00:00
[2023-11-08T14:21:29.911+0000] {processor.py:179} INFO - Processing /home/airflow/.local/lib/python3.11/site-packages/airflow/example_dags/example_setup_teardown.py took 0.221 seconds
[2023-11-08T14:21:59.992+0000] {processor.py:157} INFO - Started process (PID=908) to work on /home/airflow/.local/lib/python3.11/site-packages/airflow/example_dags/example_setup_teardown.py
[2023-11-08T14:21:59.993+0000] {processor.py:829} INFO - Processing file /home/airflow/.local/lib/python3.11/site-packages/airflow/example_dags/example_setup_teardown.py for tasks to queue
[2023-11-08T14:21:59.996+0000] {logging_mixin.py:154} INFO - [2023-11-08T14:21:59.996+0000] {dagbag.py:536} INFO - Filling up the DagBag from /home/airflow/.local/lib/python3.11/site-packages/airflow/example_dags/example_setup_teardown.py
[2023-11-08T14:22:00.008+0000] {processor.py:839} INFO - DAG(s) dict_keys(['example_setup_teardown']) retrieved from /home/airflow/.local/lib/python3.11/site-packages/airflow/example_dags/example_setup_teardown.py
[2023-11-08T14:22:00.048+0000] {logging_mixin.py:154} INFO - [2023-11-08T14:22:00.047+0000] {dag.py:2941} INFO - Sync 1 DAGs
[2023-11-08T14:22:00.083+0000] {logging_mixin.py:154} INFO - [2023-11-08T14:22:00.083+0000] {dag.py:3722} INFO - Setting next_dagrun for example_setup_teardown to 2023-11-07T14:22:00.082826+00:00, run_after=2023-11-08T14:22:00.082826+00:00
[2023-11-08T14:22:00.121+0000] {processor.py:179} INFO - Processing /home/airflow/.local/lib/python3.11/site-packages/airflow/example_dags/example_setup_teardown.py took 0.133 seconds
[2023-11-08T14:22:30.299+0000] {processor.py:157} INFO - Started process (PID=984) to work on /home/airflow/.local/lib/python3.11/site-packages/airflow/example_dags/example_setup_teardown.py
[2023-11-08T14:22:30.300+0000] {processor.py:829} INFO - Processing file /home/airflow/.local/lib/python3.11/site-packages/airflow/example_dags/example_setup_teardown.py for tasks to queue
[2023-11-08T14:22:30.304+0000] {logging_mixin.py:154} INFO - [2023-11-08T14:22:30.303+0000] {dagbag.py:536} INFO - Filling up the DagBag from /home/airflow/.local/lib/python3.11/site-packages/airflow/example_dags/example_setup_teardown.py
[2023-11-08T14:22:30.315+0000] {processor.py:839} INFO - DAG(s) dict_keys(['example_setup_teardown']) retrieved from /home/airflow/.local/lib/python3.11/site-packages/airflow/example_dags/example_setup_teardown.py
[2023-11-08T14:22:30.354+0000] {logging_mixin.py:154} INFO - [2023-11-08T14:22:30.354+0000] {dag.py:2941} INFO - Sync 1 DAGs
[2023-11-08T14:22:30.397+0000] {logging_mixin.py:154} INFO - [2023-11-08T14:22:30.397+0000] {dag.py:3722} INFO - Setting next_dagrun for example_setup_teardown to 2023-11-07T14:22:30.397027+00:00, run_after=2023-11-08T14:22:30.397027+00:00
[2023-11-08T14:22:30.434+0000] {processor.py:179} INFO - Processing /home/airflow/.local/lib/python3.11/site-packages/airflow/example_dags/example_setup_teardown.py took 0.141 seconds
[2023-11-08T14:23:00.599+0000] {processor.py:157} INFO - Started process (PID=1060) to work on /home/airflow/.local/lib/python3.11/site-packages/airflow/example_dags/example_setup_teardown.py
[2023-11-08T14:23:00.601+0000] {processor.py:829} INFO - Processing file /home/airflow/.local/lib/python3.11/site-packages/airflow/example_dags/example_setup_teardown.py for tasks to queue
[2023-11-08T14:23:00.605+0000] {logging_mixin.py:154} INFO - [2023-11-08T14:23:00.604+0000] {dagbag.py:536} INFO - Filling up the DagBag from /home/airflow/.local/lib/python3.11/site-packages/airflow/example_dags/example_setup_teardown.py
[2023-11-08T14:23:00.627+0000] {processor.py:839} INFO - DAG(s) dict_keys(['example_setup_teardown']) retrieved from /home/airflow/.local/lib/python3.11/site-packages/airflow/example_dags/example_setup_teardown.py
[2023-11-08T14:23:00.673+0000] {logging_mixin.py:154} INFO - [2023-11-08T14:23:00.672+0000] {dag.py:2941} INFO - Sync 1 DAGs
[2023-11-08T14:23:00.725+0000] {logging_mixin.py:154} INFO - [2023-11-08T14:23:00.724+0000] {dag.py:3722} INFO - Setting next_dagrun for example_setup_teardown to 2023-11-07T14:23:00.724164+00:00, run_after=2023-11-08T14:23:00.724164+00:00
[2023-11-08T14:23:00.771+0000] {processor.py:179} INFO - Processing /home/airflow/.local/lib/python3.11/site-packages/airflow/example_dags/example_setup_teardown.py took 0.179 seconds
[2023-11-08T14:23:30.951+0000] {processor.py:157} INFO - Started process (PID=1136) to work on /home/airflow/.local/lib/python3.11/site-packages/airflow/example_dags/example_setup_teardown.py
[2023-11-08T14:23:30.954+0000] {processor.py:829} INFO - Processing file /home/airflow/.local/lib/python3.11/site-packages/airflow/example_dags/example_setup_teardown.py for tasks to queue
[2023-11-08T14:23:30.964+0000] {logging_mixin.py:154} INFO - [2023-11-08T14:23:30.963+0000] {dagbag.py:536} INFO - Filling up the DagBag from /home/airflow/.local/lib/python3.11/site-packages/airflow/example_dags/example_setup_teardown.py
[2023-11-08T14:23:31.020+0000] {processor.py:839} INFO - DAG(s) dict_keys(['example_setup_teardown']) retrieved from /home/airflow/.local/lib/python3.11/site-packages/airflow/example_dags/example_setup_teardown.py
[2023-11-08T14:23:31.189+0000] {logging_mixin.py:154} INFO - [2023-11-08T14:23:31.188+0000] {dag.py:2941} INFO - Sync 1 DAGs
[2023-11-08T14:23:31.422+0000] {logging_mixin.py:154} INFO - [2023-11-08T14:23:31.422+0000] {dag.py:3722} INFO - Setting next_dagrun for example_setup_teardown to 2023-11-07T14:23:31.410178+00:00, run_after=2023-11-08T14:23:31.410178+00:00
[2023-11-08T14:23:31.560+0000] {processor.py:179} INFO - Processing /home/airflow/.local/lib/python3.11/site-packages/airflow/example_dags/example_setup_teardown.py took 0.624 seconds
[2023-11-08T14:24:02.900+0000] {processor.py:157} INFO - Started process (PID=1212) to work on /home/airflow/.local/lib/python3.11/site-packages/airflow/example_dags/example_setup_teardown.py
[2023-11-08T14:24:02.903+0000] {processor.py:829} INFO - Processing file /home/airflow/.local/lib/python3.11/site-packages/airflow/example_dags/example_setup_teardown.py for tasks to queue
[2023-11-08T14:24:02.908+0000] {logging_mixin.py:154} INFO - [2023-11-08T14:24:02.908+0000] {dagbag.py:536} INFO - Filling up the DagBag from /home/airflow/.local/lib/python3.11/site-packages/airflow/example_dags/example_setup_teardown.py
[2023-11-08T14:24:02.930+0000] {processor.py:839} INFO - DAG(s) dict_keys(['example_setup_teardown']) retrieved from /home/airflow/.local/lib/python3.11/site-packages/airflow/example_dags/example_setup_teardown.py
[2023-11-08T14:24:02.993+0000] {logging_mixin.py:154} INFO - [2023-11-08T14:24:02.992+0000] {dag.py:2941} INFO - Sync 1 DAGs
[2023-11-08T14:24:03.080+0000] {logging_mixin.py:154} INFO - [2023-11-08T14:24:03.080+0000] {dag.py:3722} INFO - Setting next_dagrun for example_setup_teardown to 2023-11-07T14:24:03.078656+00:00, run_after=2023-11-08T14:24:03.078656+00:00
[2023-11-08T14:24:03.150+0000] {processor.py:179} INFO - Processing /home/airflow/.local/lib/python3.11/site-packages/airflow/example_dags/example_setup_teardown.py took 0.256 seconds
[2023-11-08T14:24:40.214+0000] {processor.py:157} INFO - Started process (PID=1282) to work on /home/airflow/.local/lib/python3.11/site-packages/airflow/example_dags/example_setup_teardown.py
[2023-11-08T14:24:40.216+0000] {processor.py:829} INFO - Processing file /home/airflow/.local/lib/python3.11/site-packages/airflow/example_dags/example_setup_teardown.py for tasks to queue
[2023-11-08T14:24:40.221+0000] {logging_mixin.py:154} INFO - [2023-11-08T14:24:40.220+0000] {dagbag.py:536} INFO - Filling up the DagBag from /home/airflow/.local/lib/python3.11/site-packages/airflow/example_dags/example_setup_teardown.py
[2023-11-08T14:24:40.239+0000] {processor.py:839} INFO - DAG(s) dict_keys(['example_setup_teardown']) retrieved from /home/airflow/.local/lib/python3.11/site-packages/airflow/example_dags/example_setup_teardown.py
[2023-11-08T14:24:40.306+0000] {logging_mixin.py:154} INFO - [2023-11-08T14:24:40.304+0000] {dag.py:2941} INFO - Sync 1 DAGs
[2023-11-08T14:24:40.415+0000] {logging_mixin.py:154} INFO - [2023-11-08T14:24:40.414+0000] {dag.py:3722} INFO - Setting next_dagrun for example_setup_teardown to 2023-11-07T14:24:40.412867+00:00, run_after=2023-11-08T14:24:40.412867+00:00
[2023-11-08T14:24:40.523+0000] {processor.py:179} INFO - Processing /home/airflow/.local/lib/python3.11/site-packages/airflow/example_dags/example_setup_teardown.py took 0.317 seconds
[2023-11-08T14:25:10.865+0000] {processor.py:157} INFO - Started process (PID=1357) to work on /home/airflow/.local/lib/python3.11/site-packages/airflow/example_dags/example_setup_teardown.py
[2023-11-08T14:25:10.866+0000] {processor.py:829} INFO - Processing file /home/airflow/.local/lib/python3.11/site-packages/airflow/example_dags/example_setup_teardown.py for tasks to queue
[2023-11-08T14:25:10.869+0000] {logging_mixin.py:154} INFO - [2023-11-08T14:25:10.869+0000] {dagbag.py:536} INFO - Filling up the DagBag from /home/airflow/.local/lib/python3.11/site-packages/airflow/example_dags/example_setup_teardown.py
[2023-11-08T14:25:10.881+0000] {processor.py:839} INFO - DAG(s) dict_keys(['example_setup_teardown']) retrieved from /home/airflow/.local/lib/python3.11/site-packages/airflow/example_dags/example_setup_teardown.py
[2023-11-08T14:25:10.919+0000] {logging_mixin.py:154} INFO - [2023-11-08T14:25:10.919+0000] {dag.py:2941} INFO - Sync 1 DAGs
[2023-11-08T14:25:10.963+0000] {logging_mixin.py:154} INFO - [2023-11-08T14:25:10.962+0000] {dag.py:3722} INFO - Setting next_dagrun for example_setup_teardown to 2023-11-07T14:25:10.962350+00:00, run_after=2023-11-08T14:25:10.962350+00:00
[2023-11-08T14:25:10.997+0000] {processor.py:179} INFO - Processing /home/airflow/.local/lib/python3.11/site-packages/airflow/example_dags/example_setup_teardown.py took 0.138 seconds
[2023-11-08T14:25:41.273+0000] {processor.py:157} INFO - Started process (PID=1433) to work on /home/airflow/.local/lib/python3.11/site-packages/airflow/example_dags/example_setup_teardown.py
[2023-11-08T14:25:41.275+0000] {processor.py:829} INFO - Processing file /home/airflow/.local/lib/python3.11/site-packages/airflow/example_dags/example_setup_teardown.py for tasks to queue
[2023-11-08T14:25:41.278+0000] {logging_mixin.py:154} INFO - [2023-11-08T14:25:41.278+0000] {dagbag.py:536} INFO - Filling up the DagBag from /home/airflow/.local/lib/python3.11/site-packages/airflow/example_dags/example_setup_teardown.py
[2023-11-08T14:25:41.291+0000] {processor.py:839} INFO - DAG(s) dict_keys(['example_setup_teardown']) retrieved from /home/airflow/.local/lib/python3.11/site-packages/airflow/example_dags/example_setup_teardown.py
[2023-11-08T14:25:41.327+0000] {logging_mixin.py:154} INFO - [2023-11-08T14:25:41.326+0000] {dag.py:2941} INFO - Sync 1 DAGs
[2023-11-08T14:25:41.367+0000] {logging_mixin.py:154} INFO - [2023-11-08T14:25:41.367+0000] {dag.py:3722} INFO - Setting next_dagrun for example_setup_teardown to 2023-11-07T14:25:41.367204+00:00, run_after=2023-11-08T14:25:41.367204+00:00
[2023-11-08T14:25:41.402+0000] {processor.py:179} INFO - Processing /home/airflow/.local/lib/python3.11/site-packages/airflow/example_dags/example_setup_teardown.py took 0.135 seconds
[2023-11-08T14:26:11.819+0000] {processor.py:157} INFO - Started process (PID=1504) to work on /home/airflow/.local/lib/python3.11/site-packages/airflow/example_dags/example_setup_teardown.py
[2023-11-08T14:26:11.822+0000] {processor.py:829} INFO - Processing file /home/airflow/.local/lib/python3.11/site-packages/airflow/example_dags/example_setup_teardown.py for tasks to queue
[2023-11-08T14:26:11.826+0000] {logging_mixin.py:154} INFO - [2023-11-08T14:26:11.826+0000] {dagbag.py:536} INFO - Filling up the DagBag from /home/airflow/.local/lib/python3.11/site-packages/airflow/example_dags/example_setup_teardown.py
[2023-11-08T14:26:11.848+0000] {processor.py:839} INFO - DAG(s) dict_keys(['example_setup_teardown']) retrieved from /home/airflow/.local/lib/python3.11/site-packages/airflow/example_dags/example_setup_teardown.py
[2023-11-08T14:26:11.920+0000] {logging_mixin.py:154} INFO - [2023-11-08T14:26:11.918+0000] {dag.py:2941} INFO - Sync 1 DAGs
[2023-11-08T14:26:11.998+0000] {logging_mixin.py:154} INFO - [2023-11-08T14:26:11.997+0000] {dag.py:3722} INFO - Setting next_dagrun for example_setup_teardown to 2023-11-07T14:26:11.996990+00:00, run_after=2023-11-08T14:26:11.996990+00:00
[2023-11-08T14:26:12.064+0000] {processor.py:179} INFO - Processing /home/airflow/.local/lib/python3.11/site-packages/airflow/example_dags/example_setup_teardown.py took 0.256 seconds
[2023-11-08T14:26:42.215+0000] {processor.py:157} INFO - Started process (PID=1580) to work on /home/airflow/.local/lib/python3.11/site-packages/airflow/example_dags/example_setup_teardown.py
[2023-11-08T14:26:42.216+0000] {processor.py:829} INFO - Processing file /home/airflow/.local/lib/python3.11/site-packages/airflow/example_dags/example_setup_teardown.py for tasks to queue
[2023-11-08T14:26:42.220+0000] {logging_mixin.py:154} INFO - [2023-11-08T14:26:42.220+0000] {dagbag.py:536} INFO - Filling up the DagBag from /home/airflow/.local/lib/python3.11/site-packages/airflow/example_dags/example_setup_teardown.py
[2023-11-08T14:26:42.234+0000] {processor.py:839} INFO - DAG(s) dict_keys(['example_setup_teardown']) retrieved from /home/airflow/.local/lib/python3.11/site-packages/airflow/example_dags/example_setup_teardown.py
[2023-11-08T14:26:42.272+0000] {logging_mixin.py:154} INFO - [2023-11-08T14:26:42.271+0000] {dag.py:2941} INFO - Sync 1 DAGs
[2023-11-08T14:26:42.312+0000] {logging_mixin.py:154} INFO - [2023-11-08T14:26:42.311+0000] {dag.py:3722} INFO - Setting next_dagrun for example_setup_teardown to 2023-11-07T14:26:42.311558+00:00, run_after=2023-11-08T14:26:42.311558+00:00
[2023-11-08T14:26:42.348+0000] {processor.py:179} INFO - Processing /home/airflow/.local/lib/python3.11/site-packages/airflow/example_dags/example_setup_teardown.py took 0.138 seconds
[2023-11-08T14:27:12.591+0000] {processor.py:157} INFO - Started process (PID=1656) to work on /home/airflow/.local/lib/python3.11/site-packages/airflow/example_dags/example_setup_teardown.py
[2023-11-08T14:27:12.593+0000] {processor.py:829} INFO - Processing file /home/airflow/.local/lib/python3.11/site-packages/airflow/example_dags/example_setup_teardown.py for tasks to queue
[2023-11-08T14:27:12.595+0000] {logging_mixin.py:154} INFO - [2023-11-08T14:27:12.595+0000] {dagbag.py:536} INFO - Filling up the DagBag from /home/airflow/.local/lib/python3.11/site-packages/airflow/example_dags/example_setup_teardown.py
[2023-11-08T14:27:12.609+0000] {processor.py:839} INFO - DAG(s) dict_keys(['example_setup_teardown']) retrieved from /home/airflow/.local/lib/python3.11/site-packages/airflow/example_dags/example_setup_teardown.py
[2023-11-08T14:27:12.657+0000] {logging_mixin.py:154} INFO - [2023-11-08T14:27:12.657+0000] {dag.py:2941} INFO - Sync 1 DAGs
[2023-11-08T14:27:12.702+0000] {logging_mixin.py:154} INFO - [2023-11-08T14:27:12.702+0000] {dag.py:3722} INFO - Setting next_dagrun for example_setup_teardown to 2023-11-07T14:27:12.701825+00:00, run_after=2023-11-08T14:27:12.701825+00:00
[2023-11-08T14:27:12.738+0000] {processor.py:179} INFO - Processing /home/airflow/.local/lib/python3.11/site-packages/airflow/example_dags/example_setup_teardown.py took 0.152 seconds
[2023-11-08T14:27:42.891+0000] {processor.py:157} INFO - Started process (PID=1732) to work on /home/airflow/.local/lib/python3.11/site-packages/airflow/example_dags/example_setup_teardown.py
[2023-11-08T14:27:42.893+0000] {processor.py:829} INFO - Processing file /home/airflow/.local/lib/python3.11/site-packages/airflow/example_dags/example_setup_teardown.py for tasks to queue
[2023-11-08T14:27:42.896+0000] {logging_mixin.py:154} INFO - [2023-11-08T14:27:42.896+0000] {dagbag.py:536} INFO - Filling up the DagBag from /home/airflow/.local/lib/python3.11/site-packages/airflow/example_dags/example_setup_teardown.py
[2023-11-08T14:27:42.908+0000] {processor.py:839} INFO - DAG(s) dict_keys(['example_setup_teardown']) retrieved from /home/airflow/.local/lib/python3.11/site-packages/airflow/example_dags/example_setup_teardown.py
[2023-11-08T14:27:42.948+0000] {logging_mixin.py:154} INFO - [2023-11-08T14:27:42.948+0000] {dag.py:2941} INFO - Sync 1 DAGs
[2023-11-08T14:27:42.999+0000] {logging_mixin.py:154} INFO - [2023-11-08T14:27:42.998+0000] {dag.py:3722} INFO - Setting next_dagrun for example_setup_teardown to 2023-11-07T14:27:42.998639+00:00, run_after=2023-11-08T14:27:42.998639+00:00
[2023-11-08T14:27:43.046+0000] {processor.py:179} INFO - Processing /home/airflow/.local/lib/python3.11/site-packages/airflow/example_dags/example_setup_teardown.py took 0.160 seconds
[2023-11-08T14:28:13.233+0000] {processor.py:157} INFO - Started process (PID=1808) to work on /home/airflow/.local/lib/python3.11/site-packages/airflow/example_dags/example_setup_teardown.py
[2023-11-08T14:28:13.235+0000] {processor.py:829} INFO - Processing file /home/airflow/.local/lib/python3.11/site-packages/airflow/example_dags/example_setup_teardown.py for tasks to queue
[2023-11-08T14:28:13.239+0000] {logging_mixin.py:154} INFO - [2023-11-08T14:28:13.238+0000] {dagbag.py:536} INFO - Filling up the DagBag from /home/airflow/.local/lib/python3.11/site-packages/airflow/example_dags/example_setup_teardown.py
[2023-11-08T14:28:13.252+0000] {processor.py:839} INFO - DAG(s) dict_keys(['example_setup_teardown']) retrieved from /home/airflow/.local/lib/python3.11/site-packages/airflow/example_dags/example_setup_teardown.py
[2023-11-08T14:28:13.303+0000] {logging_mixin.py:154} INFO - [2023-11-08T14:28:13.303+0000] {dag.py:2941} INFO - Sync 1 DAGs
[2023-11-08T14:28:13.362+0000] {logging_mixin.py:154} INFO - [2023-11-08T14:28:13.362+0000] {dag.py:3722} INFO - Setting next_dagrun for example_setup_teardown to 2023-11-07T14:28:13.361948+00:00, run_after=2023-11-08T14:28:13.361948+00:00
[2023-11-08T14:28:13.411+0000] {processor.py:179} INFO - Processing /home/airflow/.local/lib/python3.11/site-packages/airflow/example_dags/example_setup_teardown.py took 0.184 seconds
[2023-11-08T14:28:43.712+0000] {processor.py:157} INFO - Started process (PID=1879) to work on /home/airflow/.local/lib/python3.11/site-packages/airflow/example_dags/example_setup_teardown.py
[2023-11-08T14:28:43.714+0000] {processor.py:829} INFO - Processing file /home/airflow/.local/lib/python3.11/site-packages/airflow/example_dags/example_setup_teardown.py for tasks to queue
[2023-11-08T14:28:43.717+0000] {logging_mixin.py:154} INFO - [2023-11-08T14:28:43.716+0000] {dagbag.py:536} INFO - Filling up the DagBag from /home/airflow/.local/lib/python3.11/site-packages/airflow/example_dags/example_setup_teardown.py
[2023-11-08T14:28:43.726+0000] {processor.py:839} INFO - DAG(s) dict_keys(['example_setup_teardown']) retrieved from /home/airflow/.local/lib/python3.11/site-packages/airflow/example_dags/example_setup_teardown.py
[2023-11-08T14:28:43.778+0000] {logging_mixin.py:154} INFO - [2023-11-08T14:28:43.777+0000] {dag.py:2941} INFO - Sync 1 DAGs
[2023-11-08T14:28:43.823+0000] {logging_mixin.py:154} INFO - [2023-11-08T14:28:43.822+0000] {dag.py:3722} INFO - Setting next_dagrun for example_setup_teardown to 2023-11-07T14:28:43.821687+00:00, run_after=2023-11-08T14:28:43.821687+00:00
[2023-11-08T14:28:43.873+0000] {processor.py:179} INFO - Processing /home/airflow/.local/lib/python3.11/site-packages/airflow/example_dags/example_setup_teardown.py took 0.165 seconds
[2023-11-08T14:29:14.296+0000] {processor.py:157} INFO - Started process (PID=1955) to work on /home/airflow/.local/lib/python3.11/site-packages/airflow/example_dags/example_setup_teardown.py
[2023-11-08T14:29:14.296+0000] {processor.py:829} INFO - Processing file /home/airflow/.local/lib/python3.11/site-packages/airflow/example_dags/example_setup_teardown.py for tasks to queue
[2023-11-08T14:29:14.301+0000] {logging_mixin.py:154} INFO - [2023-11-08T14:29:14.299+0000] {dagbag.py:536} INFO - Filling up the DagBag from /home/airflow/.local/lib/python3.11/site-packages/airflow/example_dags/example_setup_teardown.py
[2023-11-08T14:29:14.314+0000] {processor.py:839} INFO - DAG(s) dict_keys(['example_setup_teardown']) retrieved from /home/airflow/.local/lib/python3.11/site-packages/airflow/example_dags/example_setup_teardown.py
[2023-11-08T14:29:14.355+0000] {logging_mixin.py:154} INFO - [2023-11-08T14:29:14.354+0000] {dag.py:2941} INFO - Sync 1 DAGs
[2023-11-08T14:29:14.413+0000] {logging_mixin.py:154} INFO - [2023-11-08T14:29:14.413+0000] {dag.py:3722} INFO - Setting next_dagrun for example_setup_teardown to 2023-11-07T14:29:14.412612+00:00, run_after=2023-11-08T14:29:14.412612+00:00
[2023-11-08T14:29:14.460+0000] {processor.py:179} INFO - Processing /home/airflow/.local/lib/python3.11/site-packages/airflow/example_dags/example_setup_teardown.py took 0.168 seconds
[2023-11-08T14:29:44.828+0000] {processor.py:157} INFO - Started process (PID=2031) to work on /home/airflow/.local/lib/python3.11/site-packages/airflow/example_dags/example_setup_teardown.py
[2023-11-08T14:29:44.830+0000] {processor.py:829} INFO - Processing file /home/airflow/.local/lib/python3.11/site-packages/airflow/example_dags/example_setup_teardown.py for tasks to queue
[2023-11-08T14:29:44.833+0000] {logging_mixin.py:154} INFO - [2023-11-08T14:29:44.833+0000] {dagbag.py:536} INFO - Filling up the DagBag from /home/airflow/.local/lib/python3.11/site-packages/airflow/example_dags/example_setup_teardown.py
[2023-11-08T14:29:44.845+0000] {processor.py:839} INFO - DAG(s) dict_keys(['example_setup_teardown']) retrieved from /home/airflow/.local/lib/python3.11/site-packages/airflow/example_dags/example_setup_teardown.py
[2023-11-08T14:29:44.884+0000] {logging_mixin.py:154} INFO - [2023-11-08T14:29:44.884+0000] {dag.py:2941} INFO - Sync 1 DAGs
[2023-11-08T14:29:44.930+0000] {logging_mixin.py:154} INFO - [2023-11-08T14:29:44.930+0000] {dag.py:3722} INFO - Setting next_dagrun for example_setup_teardown to 2023-11-07T14:29:44.929834+00:00, run_after=2023-11-08T14:29:44.929834+00:00
[2023-11-08T14:29:44.960+0000] {processor.py:179} INFO - Processing /home/airflow/.local/lib/python3.11/site-packages/airflow/example_dags/example_setup_teardown.py took 0.138 seconds
[2023-11-08T14:30:15.606+0000] {processor.py:157} INFO - Started process (PID=2107) to work on /home/airflow/.local/lib/python3.11/site-packages/airflow/example_dags/example_setup_teardown.py
[2023-11-08T14:30:15.608+0000] {processor.py:829} INFO - Processing file /home/airflow/.local/lib/python3.11/site-packages/airflow/example_dags/example_setup_teardown.py for tasks to queue
[2023-11-08T14:30:15.612+0000] {logging_mixin.py:154} INFO - [2023-11-08T14:30:15.611+0000] {dagbag.py:536} INFO - Filling up the DagBag from /home/airflow/.local/lib/python3.11/site-packages/airflow/example_dags/example_setup_teardown.py
[2023-11-08T14:30:15.625+0000] {processor.py:839} INFO - DAG(s) dict_keys(['example_setup_teardown']) retrieved from /home/airflow/.local/lib/python3.11/site-packages/airflow/example_dags/example_setup_teardown.py
[2023-11-08T14:30:15.671+0000] {logging_mixin.py:154} INFO - [2023-11-08T14:30:15.670+0000] {dag.py:2941} INFO - Sync 1 DAGs
[2023-11-08T14:30:15.730+0000] {logging_mixin.py:154} INFO - [2023-11-08T14:30:15.730+0000] {dag.py:3722} INFO - Setting next_dagrun for example_setup_teardown to 2023-11-07T14:30:15.729409+00:00, run_after=2023-11-08T14:30:15.729409+00:00
[2023-11-08T14:30:15.781+0000] {processor.py:179} INFO - Processing /home/airflow/.local/lib/python3.11/site-packages/airflow/example_dags/example_setup_teardown.py took 0.180 seconds
[2023-11-08T14:30:46.292+0000] {processor.py:157} INFO - Started process (PID=2184) to work on /home/airflow/.local/lib/python3.11/site-packages/airflow/example_dags/example_setup_teardown.py
[2023-11-08T14:30:46.295+0000] {processor.py:829} INFO - Processing file /home/airflow/.local/lib/python3.11/site-packages/airflow/example_dags/example_setup_teardown.py for tasks to queue
[2023-11-08T14:30:46.299+0000] {logging_mixin.py:154} INFO - [2023-11-08T14:30:46.298+0000] {dagbag.py:536} INFO - Filling up the DagBag from /home/airflow/.local/lib/python3.11/site-packages/airflow/example_dags/example_setup_teardown.py
[2023-11-08T14:30:46.315+0000] {processor.py:839} INFO - DAG(s) dict_keys(['example_setup_teardown']) retrieved from /home/airflow/.local/lib/python3.11/site-packages/airflow/example_dags/example_setup_teardown.py
[2023-11-08T14:30:46.374+0000] {logging_mixin.py:154} INFO - [2023-11-08T14:30:46.373+0000] {dag.py:2941} INFO - Sync 1 DAGs
[2023-11-08T14:30:46.424+0000] {logging_mixin.py:154} INFO - [2023-11-08T14:30:46.423+0000] {dag.py:3722} INFO - Setting next_dagrun for example_setup_teardown to 2023-11-07T14:30:46.423411+00:00, run_after=2023-11-08T14:30:46.423411+00:00
[2023-11-08T14:30:46.470+0000] {processor.py:179} INFO - Processing /home/airflow/.local/lib/python3.11/site-packages/airflow/example_dags/example_setup_teardown.py took 0.184 seconds
[2023-11-08T14:31:16.817+0000] {processor.py:157} INFO - Started process (PID=2260) to work on /home/airflow/.local/lib/python3.11/site-packages/airflow/example_dags/example_setup_teardown.py
[2023-11-08T14:31:16.818+0000] {processor.py:829} INFO - Processing file /home/airflow/.local/lib/python3.11/site-packages/airflow/example_dags/example_setup_teardown.py for tasks to queue
[2023-11-08T14:31:16.822+0000] {logging_mixin.py:154} INFO - [2023-11-08T14:31:16.821+0000] {dagbag.py:536} INFO - Filling up the DagBag from /home/airflow/.local/lib/python3.11/site-packages/airflow/example_dags/example_setup_teardown.py
[2023-11-08T14:31:16.833+0000] {processor.py:839} INFO - DAG(s) dict_keys(['example_setup_teardown']) retrieved from /home/airflow/.local/lib/python3.11/site-packages/airflow/example_dags/example_setup_teardown.py
[2023-11-08T14:31:16.874+0000] {logging_mixin.py:154} INFO - [2023-11-08T14:31:16.874+0000] {dag.py:2941} INFO - Sync 1 DAGs
[2023-11-08T14:31:16.939+0000] {logging_mixin.py:154} INFO - [2023-11-08T14:31:16.939+0000] {dag.py:3722} INFO - Setting next_dagrun for example_setup_teardown to 2023-11-07T14:31:16.929393+00:00, run_after=2023-11-08T14:31:16.929393+00:00
[2023-11-08T14:31:17.002+0000] {processor.py:179} INFO - Processing /home/airflow/.local/lib/python3.11/site-packages/airflow/example_dags/example_setup_teardown.py took 0.189 seconds
[2023-11-08T14:31:47.257+0000] {processor.py:157} INFO - Started process (PID=2336) to work on /home/airflow/.local/lib/python3.11/site-packages/airflow/example_dags/example_setup_teardown.py
[2023-11-08T14:31:47.259+0000] {processor.py:829} INFO - Processing file /home/airflow/.local/lib/python3.11/site-packages/airflow/example_dags/example_setup_teardown.py for tasks to queue
[2023-11-08T14:31:47.263+0000] {logging_mixin.py:154} INFO - [2023-11-08T14:31:47.262+0000] {dagbag.py:536} INFO - Filling up the DagBag from /home/airflow/.local/lib/python3.11/site-packages/airflow/example_dags/example_setup_teardown.py
[2023-11-08T14:31:47.274+0000] {processor.py:839} INFO - DAG(s) dict_keys(['example_setup_teardown']) retrieved from /home/airflow/.local/lib/python3.11/site-packages/airflow/example_dags/example_setup_teardown.py
[2023-11-08T14:31:47.317+0000] {logging_mixin.py:154} INFO - [2023-11-08T14:31:47.316+0000] {dag.py:2941} INFO - Sync 1 DAGs
[2023-11-08T14:31:47.357+0000] {logging_mixin.py:154} INFO - [2023-11-08T14:31:47.357+0000] {dag.py:3722} INFO - Setting next_dagrun for example_setup_teardown to 2023-11-07T14:31:47.356728+00:00, run_after=2023-11-08T14:31:47.356728+00:00
[2023-11-08T14:31:47.398+0000] {processor.py:179} INFO - Processing /home/airflow/.local/lib/python3.11/site-packages/airflow/example_dags/example_setup_teardown.py took 0.145 seconds
[2023-11-08T14:32:17.522+0000] {processor.py:157} INFO - Started process (PID=2412) to work on /home/airflow/.local/lib/python3.11/site-packages/airflow/example_dags/example_setup_teardown.py
[2023-11-08T14:32:17.523+0000] {processor.py:829} INFO - Processing file /home/airflow/.local/lib/python3.11/site-packages/airflow/example_dags/example_setup_teardown.py for tasks to queue
[2023-11-08T14:32:17.526+0000] {logging_mixin.py:154} INFO - [2023-11-08T14:32:17.526+0000] {dagbag.py:536} INFO - Filling up the DagBag from /home/airflow/.local/lib/python3.11/site-packages/airflow/example_dags/example_setup_teardown.py
[2023-11-08T14:32:17.543+0000] {processor.py:839} INFO - DAG(s) dict_keys(['example_setup_teardown']) retrieved from /home/airflow/.local/lib/python3.11/site-packages/airflow/example_dags/example_setup_teardown.py
[2023-11-08T14:32:17.587+0000] {logging_mixin.py:154} INFO - [2023-11-08T14:32:17.586+0000] {dag.py:2941} INFO - Sync 1 DAGs
[2023-11-08T14:32:17.631+0000] {logging_mixin.py:154} INFO - [2023-11-08T14:32:17.631+0000] {dag.py:3722} INFO - Setting next_dagrun for example_setup_teardown to 2023-11-07T14:32:17.630847+00:00, run_after=2023-11-08T14:32:17.630847+00:00
[2023-11-08T14:32:17.669+0000] {processor.py:179} INFO - Processing /home/airflow/.local/lib/python3.11/site-packages/airflow/example_dags/example_setup_teardown.py took 0.152 seconds
[2023-11-08T14:32:48.142+0000] {processor.py:157} INFO - Started process (PID=2487) to work on /home/airflow/.local/lib/python3.11/site-packages/airflow/example_dags/example_setup_teardown.py
[2023-11-08T14:32:48.144+0000] {processor.py:829} INFO - Processing file /home/airflow/.local/lib/python3.11/site-packages/airflow/example_dags/example_setup_teardown.py for tasks to queue
[2023-11-08T14:32:48.148+0000] {logging_mixin.py:154} INFO - [2023-11-08T14:32:48.148+0000] {dagbag.py:536} INFO - Filling up the DagBag from /home/airflow/.local/lib/python3.11/site-packages/airflow/example_dags/example_setup_teardown.py
[2023-11-08T14:32:48.158+0000] {processor.py:839} INFO - DAG(s) dict_keys(['example_setup_teardown']) retrieved from /home/airflow/.local/lib/python3.11/site-packages/airflow/example_dags/example_setup_teardown.py
[2023-11-08T14:32:48.206+0000] {logging_mixin.py:154} INFO - [2023-11-08T14:32:48.206+0000] {dag.py:2941} INFO - Sync 1 DAGs
[2023-11-08T14:32:48.254+0000] {logging_mixin.py:154} INFO - [2023-11-08T14:32:48.254+0000] {dag.py:3722} INFO - Setting next_dagrun for example_setup_teardown to 2023-11-07T14:32:48.254203+00:00, run_after=2023-11-08T14:32:48.254203+00:00
[2023-11-08T14:32:48.295+0000] {processor.py:179} INFO - Processing /home/airflow/.local/lib/python3.11/site-packages/airflow/example_dags/example_setup_teardown.py took 0.157 seconds
[2023-11-08T14:33:18.916+0000] {processor.py:157} INFO - Started process (PID=2563) to work on /home/airflow/.local/lib/python3.11/site-packages/airflow/example_dags/example_setup_teardown.py
[2023-11-08T14:33:18.918+0000] {processor.py:829} INFO - Processing file /home/airflow/.local/lib/python3.11/site-packages/airflow/example_dags/example_setup_teardown.py for tasks to queue
[2023-11-08T14:33:18.922+0000] {logging_mixin.py:154} INFO - [2023-11-08T14:33:18.922+0000] {dagbag.py:536} INFO - Filling up the DagBag from /home/airflow/.local/lib/python3.11/site-packages/airflow/example_dags/example_setup_teardown.py
[2023-11-08T14:33:18.937+0000] {processor.py:839} INFO - DAG(s) dict_keys(['example_setup_teardown']) retrieved from /home/airflow/.local/lib/python3.11/site-packages/airflow/example_dags/example_setup_teardown.py
[2023-11-08T14:33:18.977+0000] {logging_mixin.py:154} INFO - [2023-11-08T14:33:18.977+0000] {dag.py:2941} INFO - Sync 1 DAGs
[2023-11-08T14:33:19.017+0000] {logging_mixin.py:154} INFO - [2023-11-08T14:33:19.017+0000] {dag.py:3722} INFO - Setting next_dagrun for example_setup_teardown to 2023-11-07T14:33:19.016980+00:00, run_after=2023-11-08T14:33:19.016980+00:00
[2023-11-08T14:33:19.054+0000] {processor.py:179} INFO - Processing /home/airflow/.local/lib/python3.11/site-packages/airflow/example_dags/example_setup_teardown.py took 0.144 seconds
[2023-11-08T14:33:49.318+0000] {processor.py:157} INFO - Started process (PID=2639) to work on /home/airflow/.local/lib/python3.11/site-packages/airflow/example_dags/example_setup_teardown.py
[2023-11-08T14:33:49.319+0000] {processor.py:829} INFO - Processing file /home/airflow/.local/lib/python3.11/site-packages/airflow/example_dags/example_setup_teardown.py for tasks to queue
[2023-11-08T14:33:49.322+0000] {logging_mixin.py:154} INFO - [2023-11-08T14:33:49.321+0000] {dagbag.py:536} INFO - Filling up the DagBag from /home/airflow/.local/lib/python3.11/site-packages/airflow/example_dags/example_setup_teardown.py
[2023-11-08T14:33:49.333+0000] {processor.py:839} INFO - DAG(s) dict_keys(['example_setup_teardown']) retrieved from /home/airflow/.local/lib/python3.11/site-packages/airflow/example_dags/example_setup_teardown.py
[2023-11-08T14:33:49.369+0000] {logging_mixin.py:154} INFO - [2023-11-08T14:33:49.369+0000] {dag.py:2941} INFO - Sync 1 DAGs
[2023-11-08T14:33:49.412+0000] {logging_mixin.py:154} INFO - [2023-11-08T14:33:49.412+0000] {dag.py:3722} INFO - Setting next_dagrun for example_setup_teardown to 2023-11-07T14:33:49.411943+00:00, run_after=2023-11-08T14:33:49.411943+00:00
[2023-11-08T14:33:49.452+0000] {processor.py:179} INFO - Processing /home/airflow/.local/lib/python3.11/site-packages/airflow/example_dags/example_setup_teardown.py took 0.139 seconds
[2023-11-08T14:34:19.635+0000] {processor.py:157} INFO - Started process (PID=2715) to work on /home/airflow/.local/lib/python3.11/site-packages/airflow/example_dags/example_setup_teardown.py
[2023-11-08T14:34:19.636+0000] {processor.py:829} INFO - Processing file /home/airflow/.local/lib/python3.11/site-packages/airflow/example_dags/example_setup_teardown.py for tasks to queue
[2023-11-08T14:34:19.639+0000] {logging_mixin.py:154} INFO - [2023-11-08T14:34:19.639+0000] {dagbag.py:536} INFO - Filling up the DagBag from /home/airflow/.local/lib/python3.11/site-packages/airflow/example_dags/example_setup_teardown.py
[2023-11-08T14:34:19.650+0000] {processor.py:839} INFO - DAG(s) dict_keys(['example_setup_teardown']) retrieved from /home/airflow/.local/lib/python3.11/site-packages/airflow/example_dags/example_setup_teardown.py
[2023-11-08T14:34:19.684+0000] {logging_mixin.py:154} INFO - [2023-11-08T14:34:19.684+0000] {dag.py:2941} INFO - Sync 1 DAGs
[2023-11-08T14:34:19.721+0000] {logging_mixin.py:154} INFO - [2023-11-08T14:34:19.720+0000] {dag.py:3722} INFO - Setting next_dagrun for example_setup_teardown to 2023-11-07T14:34:19.720508+00:00, run_after=2023-11-08T14:34:19.720508+00:00
[2023-11-08T14:34:19.754+0000] {processor.py:179} INFO - Processing /home/airflow/.local/lib/python3.11/site-packages/airflow/example_dags/example_setup_teardown.py took 0.123 seconds
[2023-11-08T14:34:49.965+0000] {processor.py:157} INFO - Started process (PID=2791) to work on /home/airflow/.local/lib/python3.11/site-packages/airflow/example_dags/example_setup_teardown.py
[2023-11-08T14:34:49.966+0000] {processor.py:829} INFO - Processing file /home/airflow/.local/lib/python3.11/site-packages/airflow/example_dags/example_setup_teardown.py for tasks to queue
[2023-11-08T14:34:49.968+0000] {logging_mixin.py:154} INFO - [2023-11-08T14:34:49.968+0000] {dagbag.py:536} INFO - Filling up the DagBag from /home/airflow/.local/lib/python3.11/site-packages/airflow/example_dags/example_setup_teardown.py
[2023-11-08T14:34:49.980+0000] {processor.py:839} INFO - DAG(s) dict_keys(['example_setup_teardown']) retrieved from /home/airflow/.local/lib/python3.11/site-packages/airflow/example_dags/example_setup_teardown.py
[2023-11-08T14:34:50.018+0000] {logging_mixin.py:154} INFO - [2023-11-08T14:34:50.018+0000] {dag.py:2941} INFO - Sync 1 DAGs
[2023-11-08T14:34:50.056+0000] {logging_mixin.py:154} INFO - [2023-11-08T14:34:50.055+0000] {dag.py:3722} INFO - Setting next_dagrun for example_setup_teardown to 2023-11-07T14:34:50.055257+00:00, run_after=2023-11-08T14:34:50.055257+00:00
[2023-11-08T14:34:50.086+0000] {processor.py:179} INFO - Processing /home/airflow/.local/lib/python3.11/site-packages/airflow/example_dags/example_setup_teardown.py took 0.127 seconds
[2023-11-08T14:35:20.957+0000] {processor.py:157} INFO - Started process (PID=2867) to work on /home/airflow/.local/lib/python3.11/site-packages/airflow/example_dags/example_setup_teardown.py
[2023-11-08T14:35:20.959+0000] {processor.py:829} INFO - Processing file /home/airflow/.local/lib/python3.11/site-packages/airflow/example_dags/example_setup_teardown.py for tasks to queue
[2023-11-08T14:35:20.961+0000] {logging_mixin.py:154} INFO - [2023-11-08T14:35:20.961+0000] {dagbag.py:536} INFO - Filling up the DagBag from /home/airflow/.local/lib/python3.11/site-packages/airflow/example_dags/example_setup_teardown.py
[2023-11-08T14:35:20.974+0000] {processor.py:839} INFO - DAG(s) dict_keys(['example_setup_teardown']) retrieved from /home/airflow/.local/lib/python3.11/site-packages/airflow/example_dags/example_setup_teardown.py
[2023-11-08T14:35:21.014+0000] {logging_mixin.py:154} INFO - [2023-11-08T14:35:21.013+0000] {dag.py:2941} INFO - Sync 1 DAGs
[2023-11-08T14:35:21.060+0000] {logging_mixin.py:154} INFO - [2023-11-08T14:35:21.059+0000] {dag.py:3722} INFO - Setting next_dagrun for example_setup_teardown to 2023-11-07T14:35:21.059518+00:00, run_after=2023-11-08T14:35:21.059518+00:00
[2023-11-08T14:35:21.095+0000] {processor.py:179} INFO - Processing /home/airflow/.local/lib/python3.11/site-packages/airflow/example_dags/example_setup_teardown.py took 0.143 seconds
[2023-11-08T14:35:51.987+0000] {processor.py:157} INFO - Started process (PID=2943) to work on /home/airflow/.local/lib/python3.11/site-packages/airflow/example_dags/example_setup_teardown.py
[2023-11-08T14:35:51.988+0000] {processor.py:829} INFO - Processing file /home/airflow/.local/lib/python3.11/site-packages/airflow/example_dags/example_setup_teardown.py for tasks to queue
[2023-11-08T14:35:51.992+0000] {logging_mixin.py:154} INFO - [2023-11-08T14:35:51.991+0000] {dagbag.py:536} INFO - Filling up the DagBag from /home/airflow/.local/lib/python3.11/site-packages/airflow/example_dags/example_setup_teardown.py
[2023-11-08T14:35:52.005+0000] {processor.py:839} INFO - DAG(s) dict_keys(['example_setup_teardown']) retrieved from /home/airflow/.local/lib/python3.11/site-packages/airflow/example_dags/example_setup_teardown.py
[2023-11-08T14:35:52.046+0000] {logging_mixin.py:154} INFO - [2023-11-08T14:35:52.045+0000] {dag.py:2941} INFO - Sync 1 DAGs
[2023-11-08T14:35:52.092+0000] {logging_mixin.py:154} INFO - [2023-11-08T14:35:52.092+0000] {dag.py:3722} INFO - Setting next_dagrun for example_setup_teardown to 2023-11-07T14:35:52.091547+00:00, run_after=2023-11-08T14:35:52.091547+00:00
[2023-11-08T14:35:52.126+0000] {processor.py:179} INFO - Processing /home/airflow/.local/lib/python3.11/site-packages/airflow/example_dags/example_setup_teardown.py took 0.144 seconds
[2023-11-08T14:36:22.772+0000] {processor.py:157} INFO - Started process (PID=3019) to work on /home/airflow/.local/lib/python3.11/site-packages/airflow/example_dags/example_setup_teardown.py
[2023-11-08T14:36:22.780+0000] {processor.py:829} INFO - Processing file /home/airflow/.local/lib/python3.11/site-packages/airflow/example_dags/example_setup_teardown.py for tasks to queue
[2023-11-08T14:36:22.783+0000] {logging_mixin.py:154} INFO - [2023-11-08T14:36:22.782+0000] {dagbag.py:536} INFO - Filling up the DagBag from /home/airflow/.local/lib/python3.11/site-packages/airflow/example_dags/example_setup_teardown.py
[2023-11-08T14:36:22.793+0000] {processor.py:839} INFO - DAG(s) dict_keys(['example_setup_teardown']) retrieved from /home/airflow/.local/lib/python3.11/site-packages/airflow/example_dags/example_setup_teardown.py
[2023-11-08T14:36:22.830+0000] {logging_mixin.py:154} INFO - [2023-11-08T14:36:22.830+0000] {dag.py:2941} INFO - Sync 1 DAGs
[2023-11-08T14:36:22.865+0000] {logging_mixin.py:154} INFO - [2023-11-08T14:36:22.865+0000] {dag.py:3722} INFO - Setting next_dagrun for example_setup_teardown to 2023-11-07T14:36:22.864993+00:00, run_after=2023-11-08T14:36:22.864993+00:00
[2023-11-08T14:36:22.896+0000] {processor.py:179} INFO - Processing /home/airflow/.local/lib/python3.11/site-packages/airflow/example_dags/example_setup_teardown.py took 0.128 seconds
[2023-11-08T14:36:53.383+0000] {processor.py:157} INFO - Started process (PID=3095) to work on /home/airflow/.local/lib/python3.11/site-packages/airflow/example_dags/example_setup_teardown.py
[2023-11-08T14:36:53.384+0000] {processor.py:829} INFO - Processing file /home/airflow/.local/lib/python3.11/site-packages/airflow/example_dags/example_setup_teardown.py for tasks to queue
[2023-11-08T14:36:53.387+0000] {logging_mixin.py:154} INFO - [2023-11-08T14:36:53.387+0000] {dagbag.py:536} INFO - Filling up the DagBag from /home/airflow/.local/lib/python3.11/site-packages/airflow/example_dags/example_setup_teardown.py
[2023-11-08T14:36:53.398+0000] {processor.py:839} INFO - DAG(s) dict_keys(['example_setup_teardown']) retrieved from /home/airflow/.local/lib/python3.11/site-packages/airflow/example_dags/example_setup_teardown.py
[2023-11-08T14:36:53.436+0000] {logging_mixin.py:154} INFO - [2023-11-08T14:36:53.436+0000] {dag.py:2941} INFO - Sync 1 DAGs
[2023-11-08T14:36:53.498+0000] {logging_mixin.py:154} INFO - [2023-11-08T14:36:53.497+0000] {dag.py:3722} INFO - Setting next_dagrun for example_setup_teardown to 2023-11-07T14:36:53.497160+00:00, run_after=2023-11-08T14:36:53.497160+00:00
[2023-11-08T14:36:53.555+0000] {processor.py:179} INFO - Processing /home/airflow/.local/lib/python3.11/site-packages/airflow/example_dags/example_setup_teardown.py took 0.176 seconds
[2023-11-08T14:37:24.485+0000] {processor.py:157} INFO - Started process (PID=3171) to work on /home/airflow/.local/lib/python3.11/site-packages/airflow/example_dags/example_setup_teardown.py
[2023-11-08T14:37:24.486+0000] {processor.py:829} INFO - Processing file /home/airflow/.local/lib/python3.11/site-packages/airflow/example_dags/example_setup_teardown.py for tasks to queue
[2023-11-08T14:37:24.487+0000] {logging_mixin.py:154} INFO - [2023-11-08T14:37:24.487+0000] {dagbag.py:536} INFO - Filling up the DagBag from /home/airflow/.local/lib/python3.11/site-packages/airflow/example_dags/example_setup_teardown.py
[2023-11-08T14:37:24.494+0000] {processor.py:839} INFO - DAG(s) dict_keys(['example_setup_teardown']) retrieved from /home/airflow/.local/lib/python3.11/site-packages/airflow/example_dags/example_setup_teardown.py
[2023-11-08T14:37:24.510+0000] {logging_mixin.py:154} INFO - [2023-11-08T14:37:24.510+0000] {dag.py:2941} INFO - Sync 1 DAGs
[2023-11-08T14:37:24.527+0000] {logging_mixin.py:154} INFO - [2023-11-08T14:37:24.527+0000] {dag.py:3722} INFO - Setting next_dagrun for example_setup_teardown to 2023-11-07T14:37:24.527281+00:00, run_after=2023-11-08T14:37:24.527281+00:00
[2023-11-08T14:37:24.541+0000] {processor.py:179} INFO - Processing /home/airflow/.local/lib/python3.11/site-packages/airflow/example_dags/example_setup_teardown.py took 0.058 seconds
[2023-11-08T14:37:54.814+0000] {processor.py:157} INFO - Started process (PID=3247) to work on /home/airflow/.local/lib/python3.11/site-packages/airflow/example_dags/example_setup_teardown.py
[2023-11-08T14:37:54.815+0000] {processor.py:829} INFO - Processing file /home/airflow/.local/lib/python3.11/site-packages/airflow/example_dags/example_setup_teardown.py for tasks to queue
[2023-11-08T14:37:54.816+0000] {logging_mixin.py:154} INFO - [2023-11-08T14:37:54.816+0000] {dagbag.py:536} INFO - Filling up the DagBag from /home/airflow/.local/lib/python3.11/site-packages/airflow/example_dags/example_setup_teardown.py
[2023-11-08T14:37:54.821+0000] {processor.py:839} INFO - DAG(s) dict_keys(['example_setup_teardown']) retrieved from /home/airflow/.local/lib/python3.11/site-packages/airflow/example_dags/example_setup_teardown.py
[2023-11-08T14:37:54.839+0000] {logging_mixin.py:154} INFO - [2023-11-08T14:37:54.839+0000] {dag.py:2941} INFO - Sync 1 DAGs
[2023-11-08T14:37:54.859+0000] {logging_mixin.py:154} INFO - [2023-11-08T14:37:54.859+0000] {dag.py:3722} INFO - Setting next_dagrun for example_setup_teardown to 2023-11-07T14:37:54.859175+00:00, run_after=2023-11-08T14:37:54.859175+00:00
[2023-11-08T14:37:54.874+0000] {processor.py:179} INFO - Processing /home/airflow/.local/lib/python3.11/site-packages/airflow/example_dags/example_setup_teardown.py took 0.062 seconds
[2023-11-08T14:38:24.931+0000] {processor.py:157} INFO - Started process (PID=3323) to work on /home/airflow/.local/lib/python3.11/site-packages/airflow/example_dags/example_setup_teardown.py
[2023-11-08T14:38:24.932+0000] {processor.py:829} INFO - Processing file /home/airflow/.local/lib/python3.11/site-packages/airflow/example_dags/example_setup_teardown.py for tasks to queue
[2023-11-08T14:38:24.933+0000] {logging_mixin.py:154} INFO - [2023-11-08T14:38:24.933+0000] {dagbag.py:536} INFO - Filling up the DagBag from /home/airflow/.local/lib/python3.11/site-packages/airflow/example_dags/example_setup_teardown.py
[2023-11-08T14:38:24.939+0000] {processor.py:839} INFO - DAG(s) dict_keys(['example_setup_teardown']) retrieved from /home/airflow/.local/lib/python3.11/site-packages/airflow/example_dags/example_setup_teardown.py
[2023-11-08T14:38:24.955+0000] {logging_mixin.py:154} INFO - [2023-11-08T14:38:24.955+0000] {dag.py:2941} INFO - Sync 1 DAGs
[2023-11-08T14:38:24.972+0000] {logging_mixin.py:154} INFO - [2023-11-08T14:38:24.972+0000] {dag.py:3722} INFO - Setting next_dagrun for example_setup_teardown to 2023-11-07T14:38:24.972303+00:00, run_after=2023-11-08T14:38:24.972303+00:00
[2023-11-08T14:38:24.986+0000] {processor.py:179} INFO - Processing /home/airflow/.local/lib/python3.11/site-packages/airflow/example_dags/example_setup_teardown.py took 0.057 seconds
[2023-11-08T14:38:55.011+0000] {processor.py:157} INFO - Started process (PID=3399) to work on /home/airflow/.local/lib/python3.11/site-packages/airflow/example_dags/example_setup_teardown.py
[2023-11-08T14:38:55.011+0000] {processor.py:829} INFO - Processing file /home/airflow/.local/lib/python3.11/site-packages/airflow/example_dags/example_setup_teardown.py for tasks to queue
[2023-11-08T14:38:55.013+0000] {logging_mixin.py:154} INFO - [2023-11-08T14:38:55.012+0000] {dagbag.py:536} INFO - Filling up the DagBag from /home/airflow/.local/lib/python3.11/site-packages/airflow/example_dags/example_setup_teardown.py
[2023-11-08T14:38:55.018+0000] {processor.py:839} INFO - DAG(s) dict_keys(['example_setup_teardown']) retrieved from /home/airflow/.local/lib/python3.11/site-packages/airflow/example_dags/example_setup_teardown.py
[2023-11-08T14:38:55.034+0000] {logging_mixin.py:154} INFO - [2023-11-08T14:38:55.034+0000] {dag.py:2941} INFO - Sync 1 DAGs
[2023-11-08T14:38:55.049+0000] {logging_mixin.py:154} INFO - [2023-11-08T14:38:55.049+0000] {dag.py:3722} INFO - Setting next_dagrun for example_setup_teardown to 2023-11-07T14:38:55.049511+00:00, run_after=2023-11-08T14:38:55.049511+00:00
[2023-11-08T14:38:55.063+0000] {processor.py:179} INFO - Processing /home/airflow/.local/lib/python3.11/site-packages/airflow/example_dags/example_setup_teardown.py took 0.055 seconds
[2023-11-08T14:39:25.147+0000] {processor.py:157} INFO - Started process (PID=3475) to work on /home/airflow/.local/lib/python3.11/site-packages/airflow/example_dags/example_setup_teardown.py
[2023-11-08T14:39:25.148+0000] {processor.py:829} INFO - Processing file /home/airflow/.local/lib/python3.11/site-packages/airflow/example_dags/example_setup_teardown.py for tasks to queue
[2023-11-08T14:39:25.150+0000] {logging_mixin.py:154} INFO - [2023-11-08T14:39:25.150+0000] {dagbag.py:536} INFO - Filling up the DagBag from /home/airflow/.local/lib/python3.11/site-packages/airflow/example_dags/example_setup_teardown.py
[2023-11-08T14:39:25.155+0000] {processor.py:839} INFO - DAG(s) dict_keys(['example_setup_teardown']) retrieved from /home/airflow/.local/lib/python3.11/site-packages/airflow/example_dags/example_setup_teardown.py
[2023-11-08T14:39:25.170+0000] {logging_mixin.py:154} INFO - [2023-11-08T14:39:25.170+0000] {dag.py:2941} INFO - Sync 1 DAGs
[2023-11-08T14:39:25.189+0000] {logging_mixin.py:154} INFO - [2023-11-08T14:39:25.188+0000] {dag.py:3722} INFO - Setting next_dagrun for example_setup_teardown to 2023-11-07T14:39:25.188727+00:00, run_after=2023-11-08T14:39:25.188727+00:00
[2023-11-08T14:39:25.203+0000] {processor.py:179} INFO - Processing /home/airflow/.local/lib/python3.11/site-packages/airflow/example_dags/example_setup_teardown.py took 0.058 seconds
[2023-11-08T14:39:55.248+0000] {processor.py:157} INFO - Started process (PID=3549) to work on /home/airflow/.local/lib/python3.11/site-packages/airflow/example_dags/example_setup_teardown.py
[2023-11-08T14:39:55.248+0000] {processor.py:829} INFO - Processing file /home/airflow/.local/lib/python3.11/site-packages/airflow/example_dags/example_setup_teardown.py for tasks to queue
[2023-11-08T14:39:55.250+0000] {logging_mixin.py:154} INFO - [2023-11-08T14:39:55.250+0000] {dagbag.py:536} INFO - Filling up the DagBag from /home/airflow/.local/lib/python3.11/site-packages/airflow/example_dags/example_setup_teardown.py
[2023-11-08T14:39:55.254+0000] {processor.py:839} INFO - DAG(s) dict_keys(['example_setup_teardown']) retrieved from /home/airflow/.local/lib/python3.11/site-packages/airflow/example_dags/example_setup_teardown.py
[2023-11-08T14:39:55.269+0000] {logging_mixin.py:154} INFO - [2023-11-08T14:39:55.269+0000] {dag.py:2941} INFO - Sync 1 DAGs
[2023-11-08T14:39:55.285+0000] {logging_mixin.py:154} INFO - [2023-11-08T14:39:55.285+0000] {dag.py:3722} INFO - Setting next_dagrun for example_setup_teardown to 2023-11-07T14:39:55.285530+00:00, run_after=2023-11-08T14:39:55.285530+00:00
[2023-11-08T14:39:55.298+0000] {processor.py:179} INFO - Processing /home/airflow/.local/lib/python3.11/site-packages/airflow/example_dags/example_setup_teardown.py took 0.052 seconds
[2023-11-08T14:40:25.576+0000] {processor.py:157} INFO - Started process (PID=3626) to work on /home/airflow/.local/lib/python3.11/site-packages/airflow/example_dags/example_setup_teardown.py
[2023-11-08T14:40:25.605+0000] {processor.py:829} INFO - Processing file /home/airflow/.local/lib/python3.11/site-packages/airflow/example_dags/example_setup_teardown.py for tasks to queue
[2023-11-08T14:40:25.607+0000] {logging_mixin.py:154} INFO - [2023-11-08T14:40:25.607+0000] {dagbag.py:536} INFO - Filling up the DagBag from /home/airflow/.local/lib/python3.11/site-packages/airflow/example_dags/example_setup_teardown.py
[2023-11-08T14:40:25.612+0000] {processor.py:839} INFO - DAG(s) dict_keys(['example_setup_teardown']) retrieved from /home/airflow/.local/lib/python3.11/site-packages/airflow/example_dags/example_setup_teardown.py
[2023-11-08T14:40:25.626+0000] {logging_mixin.py:154} INFO - [2023-11-08T14:40:25.626+0000] {dag.py:2941} INFO - Sync 1 DAGs
[2023-11-08T14:40:25.643+0000] {logging_mixin.py:154} INFO - [2023-11-08T14:40:25.643+0000] {dag.py:3722} INFO - Setting next_dagrun for example_setup_teardown to 2023-11-07T14:40:25.643324+00:00, run_after=2023-11-08T14:40:25.643324+00:00
[2023-11-08T14:40:25.656+0000] {processor.py:179} INFO - Processing /home/airflow/.local/lib/python3.11/site-packages/airflow/example_dags/example_setup_teardown.py took 0.082 seconds
[2023-11-08T14:40:55.720+0000] {processor.py:157} INFO - Started process (PID=3703) to work on /home/airflow/.local/lib/python3.11/site-packages/airflow/example_dags/example_setup_teardown.py
[2023-11-08T14:40:55.720+0000] {processor.py:829} INFO - Processing file /home/airflow/.local/lib/python3.11/site-packages/airflow/example_dags/example_setup_teardown.py for tasks to queue
[2023-11-08T14:40:55.722+0000] {logging_mixin.py:154} INFO - [2023-11-08T14:40:55.722+0000] {dagbag.py:536} INFO - Filling up the DagBag from /home/airflow/.local/lib/python3.11/site-packages/airflow/example_dags/example_setup_teardown.py
[2023-11-08T14:40:55.727+0000] {processor.py:839} INFO - DAG(s) dict_keys(['example_setup_teardown']) retrieved from /home/airflow/.local/lib/python3.11/site-packages/airflow/example_dags/example_setup_teardown.py
[2023-11-08T14:40:55.742+0000] {logging_mixin.py:154} INFO - [2023-11-08T14:40:55.742+0000] {dag.py:2941} INFO - Sync 1 DAGs
[2023-11-08T14:40:55.760+0000] {logging_mixin.py:154} INFO - [2023-11-08T14:40:55.759+0000] {dag.py:3722} INFO - Setting next_dagrun for example_setup_teardown to 2023-11-07T14:40:55.759717+00:00, run_after=2023-11-08T14:40:55.759717+00:00
[2023-11-08T14:40:55.773+0000] {processor.py:179} INFO - Processing /home/airflow/.local/lib/python3.11/site-packages/airflow/example_dags/example_setup_teardown.py took 0.056 seconds
[2023-11-08T14:41:25.879+0000] {processor.py:157} INFO - Started process (PID=3778) to work on /home/airflow/.local/lib/python3.11/site-packages/airflow/example_dags/example_setup_teardown.py
[2023-11-08T14:41:25.897+0000] {processor.py:829} INFO - Processing file /home/airflow/.local/lib/python3.11/site-packages/airflow/example_dags/example_setup_teardown.py for tasks to queue
[2023-11-08T14:41:25.899+0000] {logging_mixin.py:154} INFO - [2023-11-08T14:41:25.898+0000] {dagbag.py:536} INFO - Filling up the DagBag from /home/airflow/.local/lib/python3.11/site-packages/airflow/example_dags/example_setup_teardown.py
[2023-11-08T14:41:25.903+0000] {processor.py:839} INFO - DAG(s) dict_keys(['example_setup_teardown']) retrieved from /home/airflow/.local/lib/python3.11/site-packages/airflow/example_dags/example_setup_teardown.py
[2023-11-08T14:41:25.919+0000] {logging_mixin.py:154} INFO - [2023-11-08T14:41:25.919+0000] {dag.py:2941} INFO - Sync 1 DAGs
[2023-11-08T14:41:25.937+0000] {logging_mixin.py:154} INFO - [2023-11-08T14:41:25.936+0000] {dag.py:3722} INFO - Setting next_dagrun for example_setup_teardown to 2023-11-07T14:41:25.936778+00:00, run_after=2023-11-08T14:41:25.936778+00:00
[2023-11-08T14:41:25.951+0000] {processor.py:179} INFO - Processing /home/airflow/.local/lib/python3.11/site-packages/airflow/example_dags/example_setup_teardown.py took 0.074 seconds
[2023-11-08T14:41:56.022+0000] {processor.py:157} INFO - Started process (PID=3854) to work on /home/airflow/.local/lib/python3.11/site-packages/airflow/example_dags/example_setup_teardown.py
[2023-11-08T14:41:56.023+0000] {processor.py:829} INFO - Processing file /home/airflow/.local/lib/python3.11/site-packages/airflow/example_dags/example_setup_teardown.py for tasks to queue
[2023-11-08T14:41:56.025+0000] {logging_mixin.py:154} INFO - [2023-11-08T14:41:56.025+0000] {dagbag.py:536} INFO - Filling up the DagBag from /home/airflow/.local/lib/python3.11/site-packages/airflow/example_dags/example_setup_teardown.py
[2023-11-08T14:41:56.030+0000] {processor.py:839} INFO - DAG(s) dict_keys(['example_setup_teardown']) retrieved from /home/airflow/.local/lib/python3.11/site-packages/airflow/example_dags/example_setup_teardown.py
[2023-11-08T14:41:56.047+0000] {logging_mixin.py:154} INFO - [2023-11-08T14:41:56.047+0000] {dag.py:2941} INFO - Sync 1 DAGs
[2023-11-08T14:41:56.064+0000] {logging_mixin.py:154} INFO - [2023-11-08T14:41:56.064+0000] {dag.py:3722} INFO - Setting next_dagrun for example_setup_teardown to 2023-11-07T14:41:56.063982+00:00, run_after=2023-11-08T14:41:56.063982+00:00
[2023-11-08T14:41:56.079+0000] {processor.py:179} INFO - Processing /home/airflow/.local/lib/python3.11/site-packages/airflow/example_dags/example_setup_teardown.py took 0.059 seconds
[2023-11-08T14:42:26.250+0000] {processor.py:157} INFO - Started process (PID=3930) to work on /home/airflow/.local/lib/python3.11/site-packages/airflow/example_dags/example_setup_teardown.py
[2023-11-08T14:42:26.277+0000] {processor.py:829} INFO - Processing file /home/airflow/.local/lib/python3.11/site-packages/airflow/example_dags/example_setup_teardown.py for tasks to queue
[2023-11-08T14:42:26.279+0000] {logging_mixin.py:154} INFO - [2023-11-08T14:42:26.279+0000] {dagbag.py:536} INFO - Filling up the DagBag from /home/airflow/.local/lib/python3.11/site-packages/airflow/example_dags/example_setup_teardown.py
[2023-11-08T14:42:26.284+0000] {processor.py:839} INFO - DAG(s) dict_keys(['example_setup_teardown']) retrieved from /home/airflow/.local/lib/python3.11/site-packages/airflow/example_dags/example_setup_teardown.py
[2023-11-08T14:42:26.298+0000] {logging_mixin.py:154} INFO - [2023-11-08T14:42:26.298+0000] {dag.py:2941} INFO - Sync 1 DAGs
[2023-11-08T14:42:26.315+0000] {logging_mixin.py:154} INFO - [2023-11-08T14:42:26.315+0000] {dag.py:3722} INFO - Setting next_dagrun for example_setup_teardown to 2023-11-07T14:42:26.315313+00:00, run_after=2023-11-08T14:42:26.315313+00:00
[2023-11-08T14:42:26.327+0000] {processor.py:179} INFO - Processing /home/airflow/.local/lib/python3.11/site-packages/airflow/example_dags/example_setup_teardown.py took 0.079 seconds
[2023-11-08T14:42:56.755+0000] {processor.py:157} INFO - Started process (PID=4006) to work on /home/airflow/.local/lib/python3.11/site-packages/airflow/example_dags/example_setup_teardown.py
[2023-11-08T14:42:56.755+0000] {processor.py:829} INFO - Processing file /home/airflow/.local/lib/python3.11/site-packages/airflow/example_dags/example_setup_teardown.py for tasks to queue
[2023-11-08T14:42:56.757+0000] {logging_mixin.py:154} INFO - [2023-11-08T14:42:56.757+0000] {dagbag.py:536} INFO - Filling up the DagBag from /home/airflow/.local/lib/python3.11/site-packages/airflow/example_dags/example_setup_teardown.py
[2023-11-08T14:42:56.762+0000] {processor.py:839} INFO - DAG(s) dict_keys(['example_setup_teardown']) retrieved from /home/airflow/.local/lib/python3.11/site-packages/airflow/example_dags/example_setup_teardown.py
[2023-11-08T14:42:56.778+0000] {logging_mixin.py:154} INFO - [2023-11-08T14:42:56.778+0000] {dag.py:2941} INFO - Sync 1 DAGs
[2023-11-08T14:42:56.795+0000] {logging_mixin.py:154} INFO - [2023-11-08T14:42:56.794+0000] {dag.py:3722} INFO - Setting next_dagrun for example_setup_teardown to 2023-11-07T14:42:56.794699+00:00, run_after=2023-11-08T14:42:56.794699+00:00
[2023-11-08T14:42:56.808+0000] {processor.py:179} INFO - Processing /home/airflow/.local/lib/python3.11/site-packages/airflow/example_dags/example_setup_teardown.py took 0.056 seconds
[2023-11-08T14:43:27.119+0000] {processor.py:157} INFO - Started process (PID=4082) to work on /home/airflow/.local/lib/python3.11/site-packages/airflow/example_dags/example_setup_teardown.py
[2023-11-08T14:43:27.164+0000] {processor.py:829} INFO - Processing file /home/airflow/.local/lib/python3.11/site-packages/airflow/example_dags/example_setup_teardown.py for tasks to queue
[2023-11-08T14:43:27.165+0000] {logging_mixin.py:154} INFO - [2023-11-08T14:43:27.165+0000] {dagbag.py:536} INFO - Filling up the DagBag from /home/airflow/.local/lib/python3.11/site-packages/airflow/example_dags/example_setup_teardown.py
[2023-11-08T14:43:27.170+0000] {processor.py:839} INFO - DAG(s) dict_keys(['example_setup_teardown']) retrieved from /home/airflow/.local/lib/python3.11/site-packages/airflow/example_dags/example_setup_teardown.py
[2023-11-08T14:43:27.185+0000] {logging_mixin.py:154} INFO - [2023-11-08T14:43:27.185+0000] {dag.py:2941} INFO - Sync 1 DAGs
[2023-11-08T14:43:27.201+0000] {logging_mixin.py:154} INFO - [2023-11-08T14:43:27.201+0000] {dag.py:3722} INFO - Setting next_dagrun for example_setup_teardown to 2023-11-07T14:43:27.201376+00:00, run_after=2023-11-08T14:43:27.201376+00:00
[2023-11-08T14:43:27.214+0000] {processor.py:179} INFO - Processing /home/airflow/.local/lib/python3.11/site-packages/airflow/example_dags/example_setup_teardown.py took 0.096 seconds
[2023-11-08T14:43:57.589+0000] {processor.py:157} INFO - Started process (PID=4158) to work on /home/airflow/.local/lib/python3.11/site-packages/airflow/example_dags/example_setup_teardown.py
[2023-11-08T14:43:57.589+0000] {processor.py:829} INFO - Processing file /home/airflow/.local/lib/python3.11/site-packages/airflow/example_dags/example_setup_teardown.py for tasks to queue
[2023-11-08T14:43:57.590+0000] {logging_mixin.py:154} INFO - [2023-11-08T14:43:57.590+0000] {dagbag.py:536} INFO - Filling up the DagBag from /home/airflow/.local/lib/python3.11/site-packages/airflow/example_dags/example_setup_teardown.py
[2023-11-08T14:43:57.596+0000] {processor.py:839} INFO - DAG(s) dict_keys(['example_setup_teardown']) retrieved from /home/airflow/.local/lib/python3.11/site-packages/airflow/example_dags/example_setup_teardown.py
[2023-11-08T14:43:57.612+0000] {logging_mixin.py:154} INFO - [2023-11-08T14:43:57.612+0000] {dag.py:2941} INFO - Sync 1 DAGs
[2023-11-08T14:43:57.628+0000] {logging_mixin.py:154} INFO - [2023-11-08T14:43:57.628+0000] {dag.py:3722} INFO - Setting next_dagrun for example_setup_teardown to 2023-11-07T14:43:57.628539+00:00, run_after=2023-11-08T14:43:57.628539+00:00
[2023-11-08T14:43:57.643+0000] {processor.py:179} INFO - Processing /home/airflow/.local/lib/python3.11/site-packages/airflow/example_dags/example_setup_teardown.py took 0.056 seconds
[2023-11-08T14:44:27.778+0000] {processor.py:157} INFO - Started process (PID=4234) to work on /home/airflow/.local/lib/python3.11/site-packages/airflow/example_dags/example_setup_teardown.py
[2023-11-08T14:44:27.779+0000] {processor.py:829} INFO - Processing file /home/airflow/.local/lib/python3.11/site-packages/airflow/example_dags/example_setup_teardown.py for tasks to queue
[2023-11-08T14:44:27.780+0000] {logging_mixin.py:154} INFO - [2023-11-08T14:44:27.780+0000] {dagbag.py:536} INFO - Filling up the DagBag from /home/airflow/.local/lib/python3.11/site-packages/airflow/example_dags/example_setup_teardown.py
[2023-11-08T14:44:27.786+0000] {processor.py:839} INFO - DAG(s) dict_keys(['example_setup_teardown']) retrieved from /home/airflow/.local/lib/python3.11/site-packages/airflow/example_dags/example_setup_teardown.py
[2023-11-08T14:44:27.802+0000] {logging_mixin.py:154} INFO - [2023-11-08T14:44:27.802+0000] {dag.py:2941} INFO - Sync 1 DAGs
[2023-11-08T14:44:27.819+0000] {logging_mixin.py:154} INFO - [2023-11-08T14:44:27.818+0000] {dag.py:3722} INFO - Setting next_dagrun for example_setup_teardown to 2023-11-07T14:44:27.818670+00:00, run_after=2023-11-08T14:44:27.818670+00:00
[2023-11-08T14:44:27.832+0000] {processor.py:179} INFO - Processing /home/airflow/.local/lib/python3.11/site-packages/airflow/example_dags/example_setup_teardown.py took 0.056 seconds
[2023-11-08T14:44:58.162+0000] {processor.py:157} INFO - Started process (PID=4310) to work on /home/airflow/.local/lib/python3.11/site-packages/airflow/example_dags/example_setup_teardown.py
[2023-11-08T14:44:58.162+0000] {processor.py:829} INFO - Processing file /home/airflow/.local/lib/python3.11/site-packages/airflow/example_dags/example_setup_teardown.py for tasks to queue
[2023-11-08T14:44:58.164+0000] {logging_mixin.py:154} INFO - [2023-11-08T14:44:58.164+0000] {dagbag.py:536} INFO - Filling up the DagBag from /home/airflow/.local/lib/python3.11/site-packages/airflow/example_dags/example_setup_teardown.py
[2023-11-08T14:44:58.169+0000] {processor.py:839} INFO - DAG(s) dict_keys(['example_setup_teardown']) retrieved from /home/airflow/.local/lib/python3.11/site-packages/airflow/example_dags/example_setup_teardown.py
[2023-11-08T14:44:58.185+0000] {logging_mixin.py:154} INFO - [2023-11-08T14:44:58.185+0000] {dag.py:2941} INFO - Sync 1 DAGs
[2023-11-08T14:44:58.202+0000] {logging_mixin.py:154} INFO - [2023-11-08T14:44:58.201+0000] {dag.py:3722} INFO - Setting next_dagrun for example_setup_teardown to 2023-11-07T14:44:58.201746+00:00, run_after=2023-11-08T14:44:58.201746+00:00
[2023-11-08T14:44:58.215+0000] {processor.py:179} INFO - Processing /home/airflow/.local/lib/python3.11/site-packages/airflow/example_dags/example_setup_teardown.py took 0.055 seconds
[2023-11-08T14:45:28.760+0000] {processor.py:157} INFO - Started process (PID=4387) to work on /home/airflow/.local/lib/python3.11/site-packages/airflow/example_dags/example_setup_teardown.py
[2023-11-08T14:45:28.761+0000] {processor.py:829} INFO - Processing file /home/airflow/.local/lib/python3.11/site-packages/airflow/example_dags/example_setup_teardown.py for tasks to queue
[2023-11-08T14:45:28.763+0000] {logging_mixin.py:154} INFO - [2023-11-08T14:45:28.762+0000] {dagbag.py:536} INFO - Filling up the DagBag from /home/airflow/.local/lib/python3.11/site-packages/airflow/example_dags/example_setup_teardown.py
[2023-11-08T14:45:28.768+0000] {processor.py:839} INFO - DAG(s) dict_keys(['example_setup_teardown']) retrieved from /home/airflow/.local/lib/python3.11/site-packages/airflow/example_dags/example_setup_teardown.py
[2023-11-08T14:45:28.786+0000] {logging_mixin.py:154} INFO - [2023-11-08T14:45:28.786+0000] {dag.py:2941} INFO - Sync 1 DAGs
[2023-11-08T14:45:28.811+0000] {logging_mixin.py:154} INFO - [2023-11-08T14:45:28.810+0000] {dag.py:3722} INFO - Setting next_dagrun for example_setup_teardown to 2023-11-07T14:45:28.810592+00:00, run_after=2023-11-08T14:45:28.810592+00:00
[2023-11-08T14:45:28.829+0000] {processor.py:179} INFO - Processing /home/airflow/.local/lib/python3.11/site-packages/airflow/example_dags/example_setup_teardown.py took 0.072 seconds
[2023-11-08T14:45:59.105+0000] {processor.py:157} INFO - Started process (PID=4463) to work on /home/airflow/.local/lib/python3.11/site-packages/airflow/example_dags/example_setup_teardown.py
[2023-11-08T14:45:59.105+0000] {processor.py:829} INFO - Processing file /home/airflow/.local/lib/python3.11/site-packages/airflow/example_dags/example_setup_teardown.py for tasks to queue
[2023-11-08T14:45:59.107+0000] {logging_mixin.py:154} INFO - [2023-11-08T14:45:59.106+0000] {dagbag.py:536} INFO - Filling up the DagBag from /home/airflow/.local/lib/python3.11/site-packages/airflow/example_dags/example_setup_teardown.py
[2023-11-08T14:45:59.112+0000] {processor.py:839} INFO - DAG(s) dict_keys(['example_setup_teardown']) retrieved from /home/airflow/.local/lib/python3.11/site-packages/airflow/example_dags/example_setup_teardown.py
[2023-11-08T14:45:59.131+0000] {logging_mixin.py:154} INFO - [2023-11-08T14:45:59.131+0000] {dag.py:2941} INFO - Sync 1 DAGs
[2023-11-08T14:45:59.368+0000] {logging_mixin.py:154} INFO - [2023-11-08T14:45:59.367+0000] {dag.py:3722} INFO - Setting next_dagrun for example_setup_teardown to 2023-11-07T14:45:59.367561+00:00, run_after=2023-11-08T14:45:59.367561+00:00
[2023-11-08T14:45:59.384+0000] {processor.py:179} INFO - Processing /home/airflow/.local/lib/python3.11/site-packages/airflow/example_dags/example_setup_teardown.py took 0.281 seconds
[2023-11-08T14:46:30.133+0000] {processor.py:157} INFO - Started process (PID=4539) to work on /home/airflow/.local/lib/python3.11/site-packages/airflow/example_dags/example_setup_teardown.py
[2023-11-08T14:46:30.134+0000] {processor.py:829} INFO - Processing file /home/airflow/.local/lib/python3.11/site-packages/airflow/example_dags/example_setup_teardown.py for tasks to queue
[2023-11-08T14:46:30.136+0000] {logging_mixin.py:154} INFO - [2023-11-08T14:46:30.136+0000] {dagbag.py:536} INFO - Filling up the DagBag from /home/airflow/.local/lib/python3.11/site-packages/airflow/example_dags/example_setup_teardown.py
[2023-11-08T14:46:30.143+0000] {processor.py:839} INFO - DAG(s) dict_keys(['example_setup_teardown']) retrieved from /home/airflow/.local/lib/python3.11/site-packages/airflow/example_dags/example_setup_teardown.py
[2023-11-08T14:46:30.160+0000] {logging_mixin.py:154} INFO - [2023-11-08T14:46:30.160+0000] {dag.py:2941} INFO - Sync 1 DAGs
[2023-11-08T14:46:30.177+0000] {logging_mixin.py:154} INFO - [2023-11-08T14:46:30.177+0000] {dag.py:3722} INFO - Setting next_dagrun for example_setup_teardown to 2023-11-07T14:46:30.177467+00:00, run_after=2023-11-08T14:46:30.177467+00:00
[2023-11-08T14:46:30.391+0000] {processor.py:179} INFO - Processing /home/airflow/.local/lib/python3.11/site-packages/airflow/example_dags/example_setup_teardown.py took 0.260 seconds
[2023-11-08T14:47:00.544+0000] {processor.py:157} INFO - Started process (PID=4615) to work on /home/airflow/.local/lib/python3.11/site-packages/airflow/example_dags/example_setup_teardown.py
[2023-11-08T14:47:00.544+0000] {processor.py:829} INFO - Processing file /home/airflow/.local/lib/python3.11/site-packages/airflow/example_dags/example_setup_teardown.py for tasks to queue
[2023-11-08T14:47:00.546+0000] {logging_mixin.py:154} INFO - [2023-11-08T14:47:00.546+0000] {dagbag.py:536} INFO - Filling up the DagBag from /home/airflow/.local/lib/python3.11/site-packages/airflow/example_dags/example_setup_teardown.py
[2023-11-08T14:47:00.552+0000] {processor.py:839} INFO - DAG(s) dict_keys(['example_setup_teardown']) retrieved from /home/airflow/.local/lib/python3.11/site-packages/airflow/example_dags/example_setup_teardown.py
[2023-11-08T14:47:00.568+0000] {logging_mixin.py:154} INFO - [2023-11-08T14:47:00.568+0000] {dag.py:2941} INFO - Sync 1 DAGs
[2023-11-08T14:47:00.586+0000] {logging_mixin.py:154} INFO - [2023-11-08T14:47:00.586+0000] {dag.py:3722} INFO - Setting next_dagrun for example_setup_teardown to 2023-11-07T14:47:00.586162+00:00, run_after=2023-11-08T14:47:00.586162+00:00
[2023-11-08T14:47:00.770+0000] {processor.py:179} INFO - Processing /home/airflow/.local/lib/python3.11/site-packages/airflow/example_dags/example_setup_teardown.py took 0.229 seconds
[2023-11-08T14:47:31.312+0000] {processor.py:157} INFO - Started process (PID=4691) to work on /home/airflow/.local/lib/python3.11/site-packages/airflow/example_dags/example_setup_teardown.py
[2023-11-08T14:47:31.312+0000] {processor.py:829} INFO - Processing file /home/airflow/.local/lib/python3.11/site-packages/airflow/example_dags/example_setup_teardown.py for tasks to queue
[2023-11-08T14:47:31.314+0000] {logging_mixin.py:154} INFO - [2023-11-08T14:47:31.314+0000] {dagbag.py:536} INFO - Filling up the DagBag from /home/airflow/.local/lib/python3.11/site-packages/airflow/example_dags/example_setup_teardown.py
[2023-11-08T14:47:31.319+0000] {processor.py:839} INFO - DAG(s) dict_keys(['example_setup_teardown']) retrieved from /home/airflow/.local/lib/python3.11/site-packages/airflow/example_dags/example_setup_teardown.py
[2023-11-08T14:47:31.336+0000] {logging_mixin.py:154} INFO - [2023-11-08T14:47:31.336+0000] {dag.py:2941} INFO - Sync 1 DAGs
[2023-11-08T14:47:31.353+0000] {logging_mixin.py:154} INFO - [2023-11-08T14:47:31.353+0000] {dag.py:3722} INFO - Setting next_dagrun for example_setup_teardown to 2023-11-07T14:47:31.353218+00:00, run_after=2023-11-08T14:47:31.353218+00:00
[2023-11-08T14:47:31.367+0000] {processor.py:179} INFO - Processing /home/airflow/.local/lib/python3.11/site-packages/airflow/example_dags/example_setup_teardown.py took 0.058 seconds
[2023-11-08T14:48:01.651+0000] {processor.py:157} INFO - Started process (PID=4767) to work on /home/airflow/.local/lib/python3.11/site-packages/airflow/example_dags/example_setup_teardown.py
[2023-11-08T14:48:01.651+0000] {processor.py:829} INFO - Processing file /home/airflow/.local/lib/python3.11/site-packages/airflow/example_dags/example_setup_teardown.py for tasks to queue
[2023-11-08T14:48:01.653+0000] {logging_mixin.py:154} INFO - [2023-11-08T14:48:01.652+0000] {dagbag.py:536} INFO - Filling up the DagBag from /home/airflow/.local/lib/python3.11/site-packages/airflow/example_dags/example_setup_teardown.py
[2023-11-08T14:48:01.658+0000] {processor.py:839} INFO - DAG(s) dict_keys(['example_setup_teardown']) retrieved from /home/airflow/.local/lib/python3.11/site-packages/airflow/example_dags/example_setup_teardown.py
[2023-11-08T14:48:01.675+0000] {logging_mixin.py:154} INFO - [2023-11-08T14:48:01.674+0000] {dag.py:2941} INFO - Sync 1 DAGs
[2023-11-08T14:48:01.691+0000] {logging_mixin.py:154} INFO - [2023-11-08T14:48:01.691+0000] {dag.py:3722} INFO - Setting next_dagrun for example_setup_teardown to 2023-11-07T14:48:01.691399+00:00, run_after=2023-11-08T14:48:01.691399+00:00
[2023-11-08T14:48:01.706+0000] {processor.py:179} INFO - Processing /home/airflow/.local/lib/python3.11/site-packages/airflow/example_dags/example_setup_teardown.py took 0.058 seconds
[2023-11-08T14:48:31.802+0000] {processor.py:157} INFO - Started process (PID=4843) to work on /home/airflow/.local/lib/python3.11/site-packages/airflow/example_dags/example_setup_teardown.py
[2023-11-08T14:48:31.803+0000] {processor.py:829} INFO - Processing file /home/airflow/.local/lib/python3.11/site-packages/airflow/example_dags/example_setup_teardown.py for tasks to queue
[2023-11-08T14:48:31.804+0000] {logging_mixin.py:154} INFO - [2023-11-08T14:48:31.804+0000] {dagbag.py:536} INFO - Filling up the DagBag from /home/airflow/.local/lib/python3.11/site-packages/airflow/example_dags/example_setup_teardown.py
[2023-11-08T14:48:31.809+0000] {processor.py:839} INFO - DAG(s) dict_keys(['example_setup_teardown']) retrieved from /home/airflow/.local/lib/python3.11/site-packages/airflow/example_dags/example_setup_teardown.py
[2023-11-08T14:48:31.826+0000] {logging_mixin.py:154} INFO - [2023-11-08T14:48:31.826+0000] {dag.py:2941} INFO - Sync 1 DAGs
[2023-11-08T14:48:32.007+0000] {logging_mixin.py:154} INFO - [2023-11-08T14:48:32.007+0000] {dag.py:3722} INFO - Setting next_dagrun for example_setup_teardown to 2023-11-07T14:48:32.007131+00:00, run_after=2023-11-08T14:48:32.007131+00:00
[2023-11-08T14:48:32.020+0000] {processor.py:179} INFO - Processing /home/airflow/.local/lib/python3.11/site-packages/airflow/example_dags/example_setup_teardown.py took 0.220 seconds
[2023-11-08T14:49:02.171+0000] {processor.py:157} INFO - Started process (PID=4919) to work on /home/airflow/.local/lib/python3.11/site-packages/airflow/example_dags/example_setup_teardown.py
[2023-11-08T14:49:02.171+0000] {processor.py:829} INFO - Processing file /home/airflow/.local/lib/python3.11/site-packages/airflow/example_dags/example_setup_teardown.py for tasks to queue
[2023-11-08T14:49:02.173+0000] {logging_mixin.py:154} INFO - [2023-11-08T14:49:02.173+0000] {dagbag.py:536} INFO - Filling up the DagBag from /home/airflow/.local/lib/python3.11/site-packages/airflow/example_dags/example_setup_teardown.py
[2023-11-08T14:49:02.178+0000] {processor.py:839} INFO - DAG(s) dict_keys(['example_setup_teardown']) retrieved from /home/airflow/.local/lib/python3.11/site-packages/airflow/example_dags/example_setup_teardown.py
[2023-11-08T14:49:02.194+0000] {logging_mixin.py:154} INFO - [2023-11-08T14:49:02.194+0000] {dag.py:2941} INFO - Sync 1 DAGs
[2023-11-08T14:49:02.211+0000] {logging_mixin.py:154} INFO - [2023-11-08T14:49:02.211+0000] {dag.py:3722} INFO - Setting next_dagrun for example_setup_teardown to 2023-11-07T14:49:02.211432+00:00, run_after=2023-11-08T14:49:02.211432+00:00
[2023-11-08T14:49:02.427+0000] {processor.py:179} INFO - Processing /home/airflow/.local/lib/python3.11/site-packages/airflow/example_dags/example_setup_teardown.py took 0.258 seconds
[2023-11-08T14:49:33.319+0000] {processor.py:157} INFO - Started process (PID=4995) to work on /home/airflow/.local/lib/python3.11/site-packages/airflow/example_dags/example_setup_teardown.py
[2023-11-08T14:49:33.331+0000] {processor.py:829} INFO - Processing file /home/airflow/.local/lib/python3.11/site-packages/airflow/example_dags/example_setup_teardown.py for tasks to queue
[2023-11-08T14:49:33.332+0000] {logging_mixin.py:154} INFO - [2023-11-08T14:49:33.332+0000] {dagbag.py:536} INFO - Filling up the DagBag from /home/airflow/.local/lib/python3.11/site-packages/airflow/example_dags/example_setup_teardown.py
[2023-11-08T14:49:33.337+0000] {processor.py:839} INFO - DAG(s) dict_keys(['example_setup_teardown']) retrieved from /home/airflow/.local/lib/python3.11/site-packages/airflow/example_dags/example_setup_teardown.py
[2023-11-08T14:49:33.353+0000] {logging_mixin.py:154} INFO - [2023-11-08T14:49:33.353+0000] {dag.py:2941} INFO - Sync 1 DAGs
[2023-11-08T14:49:33.369+0000] {logging_mixin.py:154} INFO - [2023-11-08T14:49:33.369+0000] {dag.py:3722} INFO - Setting next_dagrun for example_setup_teardown to 2023-11-07T14:49:33.368884+00:00, run_after=2023-11-08T14:49:33.368884+00:00
[2023-11-08T14:49:33.382+0000] {processor.py:179} INFO - Processing /home/airflow/.local/lib/python3.11/site-packages/airflow/example_dags/example_setup_teardown.py took 0.066 seconds
[2023-11-08T14:50:03.576+0000] {processor.py:157} INFO - Started process (PID=5071) to work on /home/airflow/.local/lib/python3.11/site-packages/airflow/example_dags/example_setup_teardown.py
[2023-11-08T14:50:03.577+0000] {processor.py:829} INFO - Processing file /home/airflow/.local/lib/python3.11/site-packages/airflow/example_dags/example_setup_teardown.py for tasks to queue
[2023-11-08T14:50:03.578+0000] {logging_mixin.py:154} INFO - [2023-11-08T14:50:03.578+0000] {dagbag.py:536} INFO - Filling up the DagBag from /home/airflow/.local/lib/python3.11/site-packages/airflow/example_dags/example_setup_teardown.py
[2023-11-08T14:50:03.583+0000] {processor.py:839} INFO - DAG(s) dict_keys(['example_setup_teardown']) retrieved from /home/airflow/.local/lib/python3.11/site-packages/airflow/example_dags/example_setup_teardown.py
[2023-11-08T14:50:03.599+0000] {logging_mixin.py:154} INFO - [2023-11-08T14:50:03.599+0000] {dag.py:2941} INFO - Sync 1 DAGs
[2023-11-08T14:50:03.616+0000] {logging_mixin.py:154} INFO - [2023-11-08T14:50:03.616+0000] {dag.py:3722} INFO - Setting next_dagrun for example_setup_teardown to 2023-11-07T14:50:03.616235+00:00, run_after=2023-11-08T14:50:03.616235+00:00
[2023-11-08T14:50:03.629+0000] {processor.py:179} INFO - Processing /home/airflow/.local/lib/python3.11/site-packages/airflow/example_dags/example_setup_teardown.py took 0.056 seconds
[2023-11-08T14:50:33.831+0000] {processor.py:157} INFO - Started process (PID=5147) to work on /home/airflow/.local/lib/python3.11/site-packages/airflow/example_dags/example_setup_teardown.py
[2023-11-08T14:50:33.844+0000] {processor.py:829} INFO - Processing file /home/airflow/.local/lib/python3.11/site-packages/airflow/example_dags/example_setup_teardown.py for tasks to queue
[2023-11-08T14:50:33.846+0000] {logging_mixin.py:154} INFO - [2023-11-08T14:50:33.846+0000] {dagbag.py:536} INFO - Filling up the DagBag from /home/airflow/.local/lib/python3.11/site-packages/airflow/example_dags/example_setup_teardown.py
[2023-11-08T14:50:33.851+0000] {processor.py:839} INFO - DAG(s) dict_keys(['example_setup_teardown']) retrieved from /home/airflow/.local/lib/python3.11/site-packages/airflow/example_dags/example_setup_teardown.py
[2023-11-08T14:50:33.867+0000] {logging_mixin.py:154} INFO - [2023-11-08T14:50:33.867+0000] {dag.py:2941} INFO - Sync 1 DAGs
[2023-11-08T14:50:33.885+0000] {logging_mixin.py:154} INFO - [2023-11-08T14:50:33.885+0000] {dag.py:3722} INFO - Setting next_dagrun for example_setup_teardown to 2023-11-07T14:50:33.884999+00:00, run_after=2023-11-08T14:50:33.884999+00:00
[2023-11-08T14:50:33.899+0000] {processor.py:179} INFO - Processing /home/airflow/.local/lib/python3.11/site-packages/airflow/example_dags/example_setup_teardown.py took 0.070 seconds
[2023-11-08T14:51:04.225+0000] {processor.py:157} INFO - Started process (PID=5223) to work on /home/airflow/.local/lib/python3.11/site-packages/airflow/example_dags/example_setup_teardown.py
[2023-11-08T14:51:04.225+0000] {processor.py:829} INFO - Processing file /home/airflow/.local/lib/python3.11/site-packages/airflow/example_dags/example_setup_teardown.py for tasks to queue
[2023-11-08T14:51:04.227+0000] {logging_mixin.py:154} INFO - [2023-11-08T14:51:04.226+0000] {dagbag.py:536} INFO - Filling up the DagBag from /home/airflow/.local/lib/python3.11/site-packages/airflow/example_dags/example_setup_teardown.py
[2023-11-08T14:51:04.232+0000] {processor.py:839} INFO - DAG(s) dict_keys(['example_setup_teardown']) retrieved from /home/airflow/.local/lib/python3.11/site-packages/airflow/example_dags/example_setup_teardown.py
[2023-11-08T14:51:04.249+0000] {logging_mixin.py:154} INFO - [2023-11-08T14:51:04.248+0000] {dag.py:2941} INFO - Sync 1 DAGs
[2023-11-08T14:51:04.267+0000] {logging_mixin.py:154} INFO - [2023-11-08T14:51:04.266+0000] {dag.py:3722} INFO - Setting next_dagrun for example_setup_teardown to 2023-11-07T14:51:04.266670+00:00, run_after=2023-11-08T14:51:04.266670+00:00
[2023-11-08T14:51:04.280+0000] {processor.py:179} INFO - Processing /home/airflow/.local/lib/python3.11/site-packages/airflow/example_dags/example_setup_teardown.py took 0.057 seconds
[2023-11-08T14:51:34.597+0000] {processor.py:157} INFO - Started process (PID=5299) to work on /home/airflow/.local/lib/python3.11/site-packages/airflow/example_dags/example_setup_teardown.py
[2023-11-08T14:51:34.599+0000] {processor.py:829} INFO - Processing file /home/airflow/.local/lib/python3.11/site-packages/airflow/example_dags/example_setup_teardown.py for tasks to queue
[2023-11-08T14:51:34.601+0000] {logging_mixin.py:154} INFO - [2023-11-08T14:51:34.601+0000] {dagbag.py:536} INFO - Filling up the DagBag from /home/airflow/.local/lib/python3.11/site-packages/airflow/example_dags/example_setup_teardown.py
[2023-11-08T14:51:34.613+0000] {processor.py:839} INFO - DAG(s) dict_keys(['example_setup_teardown']) retrieved from /home/airflow/.local/lib/python3.11/site-packages/airflow/example_dags/example_setup_teardown.py
[2023-11-08T14:51:34.638+0000] {logging_mixin.py:154} INFO - [2023-11-08T14:51:34.638+0000] {dag.py:2941} INFO - Sync 1 DAGs
[2023-11-08T14:51:34.663+0000] {logging_mixin.py:154} INFO - [2023-11-08T14:51:34.663+0000] {dag.py:3722} INFO - Setting next_dagrun for example_setup_teardown to 2023-11-07T14:51:34.663385+00:00, run_after=2023-11-08T14:51:34.663385+00:00
[2023-11-08T14:51:34.683+0000] {processor.py:179} INFO - Processing /home/airflow/.local/lib/python3.11/site-packages/airflow/example_dags/example_setup_teardown.py took 0.089 seconds
[2023-11-08T14:52:04.770+0000] {processor.py:157} INFO - Started process (PID=5375) to work on /home/airflow/.local/lib/python3.11/site-packages/airflow/example_dags/example_setup_teardown.py
[2023-11-08T14:52:04.771+0000] {processor.py:829} INFO - Processing file /home/airflow/.local/lib/python3.11/site-packages/airflow/example_dags/example_setup_teardown.py for tasks to queue
[2023-11-08T14:52:04.772+0000] {logging_mixin.py:154} INFO - [2023-11-08T14:52:04.772+0000] {dagbag.py:536} INFO - Filling up the DagBag from /home/airflow/.local/lib/python3.11/site-packages/airflow/example_dags/example_setup_teardown.py
[2023-11-08T14:52:04.778+0000] {processor.py:839} INFO - DAG(s) dict_keys(['example_setup_teardown']) retrieved from /home/airflow/.local/lib/python3.11/site-packages/airflow/example_dags/example_setup_teardown.py
[2023-11-08T14:52:04.795+0000] {logging_mixin.py:154} INFO - [2023-11-08T14:52:04.795+0000] {dag.py:2941} INFO - Sync 1 DAGs
[2023-11-08T14:52:04.811+0000] {logging_mixin.py:154} INFO - [2023-11-08T14:52:04.811+0000] {dag.py:3722} INFO - Setting next_dagrun for example_setup_teardown to 2023-11-07T14:52:04.811237+00:00, run_after=2023-11-08T14:52:04.811237+00:00
[2023-11-08T14:52:04.826+0000] {processor.py:179} INFO - Processing /home/airflow/.local/lib/python3.11/site-packages/airflow/example_dags/example_setup_teardown.py took 0.058 seconds
