[2023-11-08T14:16:19.777+0000] {processor.py:157} INFO - Started process (PID=76) to work on /home/airflow/.local/lib/python3.11/site-packages/airflow/example_dags/example_skip_dag.py
[2023-11-08T14:16:19.780+0000] {processor.py:829} INFO - Processing file /home/airflow/.local/lib/python3.11/site-packages/airflow/example_dags/example_skip_dag.py for tasks to queue
[2023-11-08T14:16:19.786+0000] {logging_mixin.py:154} INFO - [2023-11-08T14:16:19.785+0000] {dagbag.py:536} INFO - Filling up the DagBag from /home/airflow/.local/lib/python3.11/site-packages/airflow/example_dags/example_skip_dag.py
[2023-11-08T14:16:19.814+0000] {processor.py:839} INFO - DAG(s) dict_keys(['example_skip_dag']) retrieved from /home/airflow/.local/lib/python3.11/site-packages/airflow/example_dags/example_skip_dag.py
[2023-11-08T14:16:20.237+0000] {logging_mixin.py:154} INFO - [2023-11-08T14:16:20.235+0000] {manager.py:499} INFO - Created Permission View: %s
[2023-11-08T14:16:20.278+0000] {logging_mixin.py:154} INFO - [2023-11-08T14:16:20.274+0000] {manager.py:499} INFO - Created Permission View: %s
[2023-11-08T14:16:20.300+0000] {logging_mixin.py:154} INFO - [2023-11-08T14:16:20.299+0000] {manager.py:499} INFO - Created Permission View: %s
[2023-11-08T14:16:20.301+0000] {logging_mixin.py:154} INFO - [2023-11-08T14:16:20.301+0000] {dag.py:2941} INFO - Sync 1 DAGs
[2023-11-08T14:16:20.350+0000] {logging_mixin.py:154} INFO - [2023-11-08T14:16:20.349+0000] {dag.py:2963} INFO - Creating ORM DAG for example_skip_dag
[2023-11-08T14:16:20.396+0000] {logging_mixin.py:154} INFO - [2023-11-08T14:16:20.396+0000] {dag.py:3722} INFO - Setting next_dagrun for example_skip_dag to 2023-11-07T14:16:20.395176+00:00, run_after=2023-11-08T14:16:20.395176+00:00
[2023-11-08T14:16:20.465+0000] {processor.py:179} INFO - Processing /home/airflow/.local/lib/python3.11/site-packages/airflow/example_dags/example_skip_dag.py took 0.701 seconds
[2023-11-08T14:16:50.511+0000] {processor.py:157} INFO - Started process (PID=152) to work on /home/airflow/.local/lib/python3.11/site-packages/airflow/example_dags/example_skip_dag.py
[2023-11-08T14:16:50.513+0000] {processor.py:829} INFO - Processing file /home/airflow/.local/lib/python3.11/site-packages/airflow/example_dags/example_skip_dag.py for tasks to queue
[2023-11-08T14:16:50.516+0000] {logging_mixin.py:154} INFO - [2023-11-08T14:16:50.516+0000] {dagbag.py:536} INFO - Filling up the DagBag from /home/airflow/.local/lib/python3.11/site-packages/airflow/example_dags/example_skip_dag.py
[2023-11-08T14:16:50.528+0000] {processor.py:839} INFO - DAG(s) dict_keys(['example_skip_dag']) retrieved from /home/airflow/.local/lib/python3.11/site-packages/airflow/example_dags/example_skip_dag.py
[2023-11-08T14:16:50.568+0000] {logging_mixin.py:154} INFO - [2023-11-08T14:16:50.568+0000] {dag.py:2941} INFO - Sync 1 DAGs
[2023-11-08T14:16:50.611+0000] {logging_mixin.py:154} INFO - [2023-11-08T14:16:50.611+0000] {dag.py:3722} INFO - Setting next_dagrun for example_skip_dag to 2023-11-07T14:16:50.610743+00:00, run_after=2023-11-08T14:16:50.610743+00:00
[2023-11-08T14:16:50.651+0000] {processor.py:179} INFO - Processing /home/airflow/.local/lib/python3.11/site-packages/airflow/example_dags/example_skip_dag.py took 0.144 seconds
[2023-11-08T14:17:21.262+0000] {processor.py:157} INFO - Started process (PID=228) to work on /home/airflow/.local/lib/python3.11/site-packages/airflow/example_dags/example_skip_dag.py
[2023-11-08T14:17:21.263+0000] {processor.py:829} INFO - Processing file /home/airflow/.local/lib/python3.11/site-packages/airflow/example_dags/example_skip_dag.py for tasks to queue
[2023-11-08T14:17:21.266+0000] {logging_mixin.py:154} INFO - [2023-11-08T14:17:21.266+0000] {dagbag.py:536} INFO - Filling up the DagBag from /home/airflow/.local/lib/python3.11/site-packages/airflow/example_dags/example_skip_dag.py
[2023-11-08T14:17:21.276+0000] {processor.py:839} INFO - DAG(s) dict_keys(['example_skip_dag']) retrieved from /home/airflow/.local/lib/python3.11/site-packages/airflow/example_dags/example_skip_dag.py
[2023-11-08T14:17:21.312+0000] {logging_mixin.py:154} INFO - [2023-11-08T14:17:21.312+0000] {dag.py:2941} INFO - Sync 1 DAGs
[2023-11-08T14:17:21.353+0000] {logging_mixin.py:154} INFO - [2023-11-08T14:17:21.352+0000] {dag.py:3722} INFO - Setting next_dagrun for example_skip_dag to 2023-11-07T14:17:21.352356+00:00, run_after=2023-11-08T14:17:21.352356+00:00
[2023-11-08T14:17:21.390+0000] {processor.py:179} INFO - Processing /home/airflow/.local/lib/python3.11/site-packages/airflow/example_dags/example_skip_dag.py took 0.133 seconds
[2023-11-08T14:17:52.366+0000] {processor.py:157} INFO - Started process (PID=304) to work on /home/airflow/.local/lib/python3.11/site-packages/airflow/example_dags/example_skip_dag.py
[2023-11-08T14:17:52.367+0000] {processor.py:829} INFO - Processing file /home/airflow/.local/lib/python3.11/site-packages/airflow/example_dags/example_skip_dag.py for tasks to queue
[2023-11-08T14:17:52.370+0000] {logging_mixin.py:154} INFO - [2023-11-08T14:17:52.370+0000] {dagbag.py:536} INFO - Filling up the DagBag from /home/airflow/.local/lib/python3.11/site-packages/airflow/example_dags/example_skip_dag.py
[2023-11-08T14:17:52.382+0000] {processor.py:839} INFO - DAG(s) dict_keys(['example_skip_dag']) retrieved from /home/airflow/.local/lib/python3.11/site-packages/airflow/example_dags/example_skip_dag.py
[2023-11-08T14:17:52.417+0000] {logging_mixin.py:154} INFO - [2023-11-08T14:17:52.417+0000] {dag.py:2941} INFO - Sync 1 DAGs
[2023-11-08T14:17:52.457+0000] {logging_mixin.py:154} INFO - [2023-11-08T14:17:52.457+0000] {dag.py:3722} INFO - Setting next_dagrun for example_skip_dag to 2023-11-07T14:17:52.456655+00:00, run_after=2023-11-08T14:17:52.456655+00:00
[2023-11-08T14:17:52.491+0000] {processor.py:179} INFO - Processing /home/airflow/.local/lib/python3.11/site-packages/airflow/example_dags/example_skip_dag.py took 0.131 seconds
[2023-11-08T14:18:23.637+0000] {processor.py:157} INFO - Started process (PID=380) to work on /home/airflow/.local/lib/python3.11/site-packages/airflow/example_dags/example_skip_dag.py
[2023-11-08T14:18:23.701+0000] {processor.py:829} INFO - Processing file /home/airflow/.local/lib/python3.11/site-packages/airflow/example_dags/example_skip_dag.py for tasks to queue
[2023-11-08T14:18:23.712+0000] {logging_mixin.py:154} INFO - [2023-11-08T14:18:23.712+0000] {dagbag.py:536} INFO - Filling up the DagBag from /home/airflow/.local/lib/python3.11/site-packages/airflow/example_dags/example_skip_dag.py
[2023-11-08T14:18:23.742+0000] {processor.py:839} INFO - DAG(s) dict_keys(['example_skip_dag']) retrieved from /home/airflow/.local/lib/python3.11/site-packages/airflow/example_dags/example_skip_dag.py
[2023-11-08T14:18:23.814+0000] {logging_mixin.py:154} INFO - [2023-11-08T14:18:23.814+0000] {dag.py:2941} INFO - Sync 1 DAGs
[2023-11-08T14:18:23.917+0000] {logging_mixin.py:154} INFO - [2023-11-08T14:18:23.916+0000] {dag.py:3722} INFO - Setting next_dagrun for example_skip_dag to 2023-11-07T14:18:23.915706+00:00, run_after=2023-11-08T14:18:23.915706+00:00
[2023-11-08T14:18:23.981+0000] {processor.py:179} INFO - Processing /home/airflow/.local/lib/python3.11/site-packages/airflow/example_dags/example_skip_dag.py took 0.349 seconds
[2023-11-08T14:18:54.152+0000] {processor.py:157} INFO - Started process (PID=456) to work on /home/airflow/.local/lib/python3.11/site-packages/airflow/example_dags/example_skip_dag.py
[2023-11-08T14:18:54.153+0000] {processor.py:829} INFO - Processing file /home/airflow/.local/lib/python3.11/site-packages/airflow/example_dags/example_skip_dag.py for tasks to queue
[2023-11-08T14:18:54.156+0000] {logging_mixin.py:154} INFO - [2023-11-08T14:18:54.155+0000] {dagbag.py:536} INFO - Filling up the DagBag from /home/airflow/.local/lib/python3.11/site-packages/airflow/example_dags/example_skip_dag.py
[2023-11-08T14:18:54.172+0000] {processor.py:839} INFO - DAG(s) dict_keys(['example_skip_dag']) retrieved from /home/airflow/.local/lib/python3.11/site-packages/airflow/example_dags/example_skip_dag.py
[2023-11-08T14:18:54.222+0000] {logging_mixin.py:154} INFO - [2023-11-08T14:18:54.221+0000] {dag.py:2941} INFO - Sync 1 DAGs
[2023-11-08T14:18:54.279+0000] {logging_mixin.py:154} INFO - [2023-11-08T14:18:54.279+0000] {dag.py:3722} INFO - Setting next_dagrun for example_skip_dag to 2023-11-07T14:18:54.278763+00:00, run_after=2023-11-08T14:18:54.278763+00:00
[2023-11-08T14:18:54.327+0000] {processor.py:179} INFO - Processing /home/airflow/.local/lib/python3.11/site-packages/airflow/example_dags/example_skip_dag.py took 0.180 seconds
[2023-11-08T14:19:35.602+0000] {processor.py:157} INFO - Started process (PID=539) to work on /home/airflow/.local/lib/python3.11/site-packages/airflow/example_dags/example_skip_dag.py
[2023-11-08T14:19:35.607+0000] {processor.py:829} INFO - Processing file /home/airflow/.local/lib/python3.11/site-packages/airflow/example_dags/example_skip_dag.py for tasks to queue
[2023-11-08T14:19:35.630+0000] {logging_mixin.py:154} INFO - [2023-11-08T14:19:35.625+0000] {dagbag.py:536} INFO - Filling up the DagBag from /home/airflow/.local/lib/python3.11/site-packages/airflow/example_dags/example_skip_dag.py
[2023-11-08T14:19:35.671+0000] {processor.py:839} INFO - DAG(s) dict_keys(['example_skip_dag']) retrieved from /home/airflow/.local/lib/python3.11/site-packages/airflow/example_dags/example_skip_dag.py
[2023-11-08T14:19:35.873+0000] {logging_mixin.py:154} INFO - [2023-11-08T14:19:35.872+0000] {dag.py:2941} INFO - Sync 1 DAGs
[2023-11-08T14:19:36.086+0000] {logging_mixin.py:154} INFO - [2023-11-08T14:19:36.085+0000] {dag.py:3722} INFO - Setting next_dagrun for example_skip_dag to 2023-11-07T14:19:36.079653+00:00, run_after=2023-11-08T14:19:36.079653+00:00
[2023-11-08T14:19:36.205+0000] {processor.py:179} INFO - Processing /home/airflow/.local/lib/python3.11/site-packages/airflow/example_dags/example_skip_dag.py took 0.611 seconds
[2023-11-08T14:20:06.721+0000] {processor.py:157} INFO - Started process (PID=614) to work on /home/airflow/.local/lib/python3.11/site-packages/airflow/example_dags/example_skip_dag.py
[2023-11-08T14:20:06.722+0000] {processor.py:829} INFO - Processing file /home/airflow/.local/lib/python3.11/site-packages/airflow/example_dags/example_skip_dag.py for tasks to queue
[2023-11-08T14:20:06.726+0000] {logging_mixin.py:154} INFO - [2023-11-08T14:20:06.726+0000] {dagbag.py:536} INFO - Filling up the DagBag from /home/airflow/.local/lib/python3.11/site-packages/airflow/example_dags/example_skip_dag.py
[2023-11-08T14:20:06.737+0000] {processor.py:839} INFO - DAG(s) dict_keys(['example_skip_dag']) retrieved from /home/airflow/.local/lib/python3.11/site-packages/airflow/example_dags/example_skip_dag.py
[2023-11-08T14:20:06.793+0000] {logging_mixin.py:154} INFO - [2023-11-08T14:20:06.792+0000] {dag.py:2941} INFO - Sync 1 DAGs
[2023-11-08T14:20:06.839+0000] {logging_mixin.py:154} INFO - [2023-11-08T14:20:06.838+0000] {dag.py:3722} INFO - Setting next_dagrun for example_skip_dag to 2023-11-07T14:20:06.838448+00:00, run_after=2023-11-08T14:20:06.838448+00:00
[2023-11-08T14:20:06.873+0000] {processor.py:179} INFO - Processing /home/airflow/.local/lib/python3.11/site-packages/airflow/example_dags/example_skip_dag.py took 0.158 seconds
[2023-11-08T14:20:37.302+0000] {processor.py:157} INFO - Started process (PID=690) to work on /home/airflow/.local/lib/python3.11/site-packages/airflow/example_dags/example_skip_dag.py
[2023-11-08T14:20:37.304+0000] {processor.py:829} INFO - Processing file /home/airflow/.local/lib/python3.11/site-packages/airflow/example_dags/example_skip_dag.py for tasks to queue
[2023-11-08T14:20:37.312+0000] {logging_mixin.py:154} INFO - [2023-11-08T14:20:37.311+0000] {dagbag.py:536} INFO - Filling up the DagBag from /home/airflow/.local/lib/python3.11/site-packages/airflow/example_dags/example_skip_dag.py
[2023-11-08T14:20:37.331+0000] {processor.py:839} INFO - DAG(s) dict_keys(['example_skip_dag']) retrieved from /home/airflow/.local/lib/python3.11/site-packages/airflow/example_dags/example_skip_dag.py
[2023-11-08T14:20:37.373+0000] {logging_mixin.py:154} INFO - [2023-11-08T14:20:37.372+0000] {dag.py:2941} INFO - Sync 1 DAGs
[2023-11-08T14:20:37.425+0000] {logging_mixin.py:154} INFO - [2023-11-08T14:20:37.424+0000] {dag.py:3722} INFO - Setting next_dagrun for example_skip_dag to 2023-11-07T14:20:37.424156+00:00, run_after=2023-11-08T14:20:37.424156+00:00
[2023-11-08T14:20:37.458+0000] {processor.py:179} INFO - Processing /home/airflow/.local/lib/python3.11/site-packages/airflow/example_dags/example_skip_dag.py took 0.163 seconds
[2023-11-08T14:21:07.642+0000] {processor.py:157} INFO - Started process (PID=766) to work on /home/airflow/.local/lib/python3.11/site-packages/airflow/example_dags/example_skip_dag.py
[2023-11-08T14:21:07.644+0000] {processor.py:829} INFO - Processing file /home/airflow/.local/lib/python3.11/site-packages/airflow/example_dags/example_skip_dag.py for tasks to queue
[2023-11-08T14:21:07.648+0000] {logging_mixin.py:154} INFO - [2023-11-08T14:21:07.648+0000] {dagbag.py:536} INFO - Filling up the DagBag from /home/airflow/.local/lib/python3.11/site-packages/airflow/example_dags/example_skip_dag.py
[2023-11-08T14:21:07.678+0000] {processor.py:839} INFO - DAG(s) dict_keys(['example_skip_dag']) retrieved from /home/airflow/.local/lib/python3.11/site-packages/airflow/example_dags/example_skip_dag.py
[2023-11-08T14:21:07.746+0000] {logging_mixin.py:154} INFO - [2023-11-08T14:21:07.745+0000] {dag.py:2941} INFO - Sync 1 DAGs
[2023-11-08T14:21:07.816+0000] {logging_mixin.py:154} INFO - [2023-11-08T14:21:07.815+0000] {dag.py:3722} INFO - Setting next_dagrun for example_skip_dag to 2023-11-07T14:21:07.815219+00:00, run_after=2023-11-08T14:21:07.815219+00:00
[2023-11-08T14:21:07.879+0000] {processor.py:179} INFO - Processing /home/airflow/.local/lib/python3.11/site-packages/airflow/example_dags/example_skip_dag.py took 0.247 seconds
[2023-11-08T14:21:37.973+0000] {processor.py:157} INFO - Started process (PID=842) to work on /home/airflow/.local/lib/python3.11/site-packages/airflow/example_dags/example_skip_dag.py
[2023-11-08T14:21:37.974+0000] {processor.py:829} INFO - Processing file /home/airflow/.local/lib/python3.11/site-packages/airflow/example_dags/example_skip_dag.py for tasks to queue
[2023-11-08T14:21:37.979+0000] {logging_mixin.py:154} INFO - [2023-11-08T14:21:37.978+0000] {dagbag.py:536} INFO - Filling up the DagBag from /home/airflow/.local/lib/python3.11/site-packages/airflow/example_dags/example_skip_dag.py
[2023-11-08T14:21:37.992+0000] {processor.py:839} INFO - DAG(s) dict_keys(['example_skip_dag']) retrieved from /home/airflow/.local/lib/python3.11/site-packages/airflow/example_dags/example_skip_dag.py
[2023-11-08T14:21:38.041+0000] {logging_mixin.py:154} INFO - [2023-11-08T14:21:38.041+0000] {dag.py:2941} INFO - Sync 1 DAGs
[2023-11-08T14:21:38.089+0000] {logging_mixin.py:154} INFO - [2023-11-08T14:21:38.088+0000] {dag.py:3722} INFO - Setting next_dagrun for example_skip_dag to 2023-11-07T14:21:38.088324+00:00, run_after=2023-11-08T14:21:38.088324+00:00
[2023-11-08T14:21:38.133+0000] {processor.py:179} INFO - Processing /home/airflow/.local/lib/python3.11/site-packages/airflow/example_dags/example_skip_dag.py took 0.164 seconds
[2023-11-08T14:22:08.271+0000] {processor.py:157} INFO - Started process (PID=918) to work on /home/airflow/.local/lib/python3.11/site-packages/airflow/example_dags/example_skip_dag.py
[2023-11-08T14:22:08.272+0000] {processor.py:829} INFO - Processing file /home/airflow/.local/lib/python3.11/site-packages/airflow/example_dags/example_skip_dag.py for tasks to queue
[2023-11-08T14:22:08.277+0000] {logging_mixin.py:154} INFO - [2023-11-08T14:22:08.277+0000] {dagbag.py:536} INFO - Filling up the DagBag from /home/airflow/.local/lib/python3.11/site-packages/airflow/example_dags/example_skip_dag.py
[2023-11-08T14:22:08.289+0000] {processor.py:839} INFO - DAG(s) dict_keys(['example_skip_dag']) retrieved from /home/airflow/.local/lib/python3.11/site-packages/airflow/example_dags/example_skip_dag.py
[2023-11-08T14:22:08.326+0000] {logging_mixin.py:154} INFO - [2023-11-08T14:22:08.325+0000] {dag.py:2941} INFO - Sync 1 DAGs
[2023-11-08T14:22:08.366+0000] {logging_mixin.py:154} INFO - [2023-11-08T14:22:08.365+0000] {dag.py:3722} INFO - Setting next_dagrun for example_skip_dag to 2023-11-07T14:22:08.365477+00:00, run_after=2023-11-08T14:22:08.365477+00:00
[2023-11-08T14:22:08.402+0000] {processor.py:179} INFO - Processing /home/airflow/.local/lib/python3.11/site-packages/airflow/example_dags/example_skip_dag.py took 0.136 seconds
[2023-11-08T14:22:38.519+0000] {processor.py:157} INFO - Started process (PID=994) to work on /home/airflow/.local/lib/python3.11/site-packages/airflow/example_dags/example_skip_dag.py
[2023-11-08T14:22:38.521+0000] {processor.py:829} INFO - Processing file /home/airflow/.local/lib/python3.11/site-packages/airflow/example_dags/example_skip_dag.py for tasks to queue
[2023-11-08T14:22:38.524+0000] {logging_mixin.py:154} INFO - [2023-11-08T14:22:38.524+0000] {dagbag.py:536} INFO - Filling up the DagBag from /home/airflow/.local/lib/python3.11/site-packages/airflow/example_dags/example_skip_dag.py
[2023-11-08T14:22:38.536+0000] {processor.py:839} INFO - DAG(s) dict_keys(['example_skip_dag']) retrieved from /home/airflow/.local/lib/python3.11/site-packages/airflow/example_dags/example_skip_dag.py
[2023-11-08T14:22:38.578+0000] {logging_mixin.py:154} INFO - [2023-11-08T14:22:38.577+0000] {dag.py:2941} INFO - Sync 1 DAGs
[2023-11-08T14:22:38.624+0000] {logging_mixin.py:154} INFO - [2023-11-08T14:22:38.624+0000] {dag.py:3722} INFO - Setting next_dagrun for example_skip_dag to 2023-11-07T14:22:38.624142+00:00, run_after=2023-11-08T14:22:38.624142+00:00
[2023-11-08T14:22:38.661+0000] {processor.py:179} INFO - Processing /home/airflow/.local/lib/python3.11/site-packages/airflow/example_dags/example_skip_dag.py took 0.146 seconds
[2023-11-08T14:23:09.070+0000] {processor.py:157} INFO - Started process (PID=1070) to work on /home/airflow/.local/lib/python3.11/site-packages/airflow/example_dags/example_skip_dag.py
[2023-11-08T14:23:09.075+0000] {processor.py:829} INFO - Processing file /home/airflow/.local/lib/python3.11/site-packages/airflow/example_dags/example_skip_dag.py for tasks to queue
[2023-11-08T14:23:09.082+0000] {logging_mixin.py:154} INFO - [2023-11-08T14:23:09.081+0000] {dagbag.py:536} INFO - Filling up the DagBag from /home/airflow/.local/lib/python3.11/site-packages/airflow/example_dags/example_skip_dag.py
[2023-11-08T14:23:09.110+0000] {processor.py:839} INFO - DAG(s) dict_keys(['example_skip_dag']) retrieved from /home/airflow/.local/lib/python3.11/site-packages/airflow/example_dags/example_skip_dag.py
[2023-11-08T14:23:09.200+0000] {logging_mixin.py:154} INFO - [2023-11-08T14:23:09.199+0000] {dag.py:2941} INFO - Sync 1 DAGs
[2023-11-08T14:23:09.310+0000] {logging_mixin.py:154} INFO - [2023-11-08T14:23:09.309+0000] {dag.py:3722} INFO - Setting next_dagrun for example_skip_dag to 2023-11-07T14:23:09.309085+00:00, run_after=2023-11-08T14:23:09.309085+00:00
[2023-11-08T14:23:09.392+0000] {processor.py:179} INFO - Processing /home/airflow/.local/lib/python3.11/site-packages/airflow/example_dags/example_skip_dag.py took 0.331 seconds
[2023-11-08T14:23:50.957+0000] {processor.py:157} INFO - Started process (PID=1146) to work on /home/airflow/.local/lib/python3.11/site-packages/airflow/example_dags/example_skip_dag.py
[2023-11-08T14:23:50.959+0000] {processor.py:829} INFO - Processing file /home/airflow/.local/lib/python3.11/site-packages/airflow/example_dags/example_skip_dag.py for tasks to queue
[2023-11-08T14:23:50.964+0000] {logging_mixin.py:154} INFO - [2023-11-08T14:23:50.963+0000] {dagbag.py:536} INFO - Filling up the DagBag from /home/airflow/.local/lib/python3.11/site-packages/airflow/example_dags/example_skip_dag.py
[2023-11-08T14:23:51.252+0000] {processor.py:839} INFO - DAG(s) dict_keys(['example_skip_dag']) retrieved from /home/airflow/.local/lib/python3.11/site-packages/airflow/example_dags/example_skip_dag.py
[2023-11-08T14:23:51.663+0000] {logging_mixin.py:154} INFO - [2023-11-08T14:23:51.662+0000] {dag.py:2941} INFO - Sync 1 DAGs
[2023-11-08T14:23:51.867+0000] {logging_mixin.py:154} INFO - [2023-11-08T14:23:51.866+0000] {dag.py:3722} INFO - Setting next_dagrun for example_skip_dag to 2023-11-07T14:23:51.858872+00:00, run_after=2023-11-08T14:23:51.858872+00:00
[2023-11-08T14:23:52.081+0000] {processor.py:179} INFO - Processing /home/airflow/.local/lib/python3.11/site-packages/airflow/example_dags/example_skip_dag.py took 1.133 seconds
[2023-11-08T14:24:26.246+0000] {processor.py:157} INFO - Started process (PID=1222) to work on /home/airflow/.local/lib/python3.11/site-packages/airflow/example_dags/example_skip_dag.py
[2023-11-08T14:24:26.248+0000] {processor.py:829} INFO - Processing file /home/airflow/.local/lib/python3.11/site-packages/airflow/example_dags/example_skip_dag.py for tasks to queue
[2023-11-08T14:24:26.254+0000] {logging_mixin.py:154} INFO - [2023-11-08T14:24:26.252+0000] {dagbag.py:536} INFO - Filling up the DagBag from /home/airflow/.local/lib/python3.11/site-packages/airflow/example_dags/example_skip_dag.py
[2023-11-08T14:24:26.354+0000] {processor.py:839} INFO - DAG(s) dict_keys(['example_skip_dag']) retrieved from /home/airflow/.local/lib/python3.11/site-packages/airflow/example_dags/example_skip_dag.py
[2023-11-08T14:24:26.927+0000] {logging_mixin.py:154} INFO - [2023-11-08T14:24:26.924+0000] {dag.py:2941} INFO - Sync 1 DAGs
[2023-11-08T14:24:27.271+0000] {logging_mixin.py:154} INFO - [2023-11-08T14:24:27.271+0000] {dag.py:3722} INFO - Setting next_dagrun for example_skip_dag to 2023-11-07T14:24:27.264795+00:00, run_after=2023-11-08T14:24:27.264795+00:00
[2023-11-08T14:24:27.440+0000] {processor.py:179} INFO - Processing /home/airflow/.local/lib/python3.11/site-packages/airflow/example_dags/example_skip_dag.py took 1.222 seconds
[2023-11-08T14:24:58.378+0000] {processor.py:157} INFO - Started process (PID=1298) to work on /home/airflow/.local/lib/python3.11/site-packages/airflow/example_dags/example_skip_dag.py
[2023-11-08T14:24:58.380+0000] {processor.py:829} INFO - Processing file /home/airflow/.local/lib/python3.11/site-packages/airflow/example_dags/example_skip_dag.py for tasks to queue
[2023-11-08T14:24:58.384+0000] {logging_mixin.py:154} INFO - [2023-11-08T14:24:58.383+0000] {dagbag.py:536} INFO - Filling up the DagBag from /home/airflow/.local/lib/python3.11/site-packages/airflow/example_dags/example_skip_dag.py
[2023-11-08T14:24:58.399+0000] {processor.py:839} INFO - DAG(s) dict_keys(['example_skip_dag']) retrieved from /home/airflow/.local/lib/python3.11/site-packages/airflow/example_dags/example_skip_dag.py
[2023-11-08T14:24:58.444+0000] {logging_mixin.py:154} INFO - [2023-11-08T14:24:58.444+0000] {dag.py:2941} INFO - Sync 1 DAGs
[2023-11-08T14:24:58.494+0000] {logging_mixin.py:154} INFO - [2023-11-08T14:24:58.493+0000] {dag.py:3722} INFO - Setting next_dagrun for example_skip_dag to 2023-11-07T14:24:58.493118+00:00, run_after=2023-11-08T14:24:58.493118+00:00
[2023-11-08T14:24:58.533+0000] {processor.py:179} INFO - Processing /home/airflow/.local/lib/python3.11/site-packages/airflow/example_dags/example_skip_dag.py took 0.161 seconds
[2023-11-08T14:25:28.773+0000] {processor.py:157} INFO - Started process (PID=1374) to work on /home/airflow/.local/lib/python3.11/site-packages/airflow/example_dags/example_skip_dag.py
[2023-11-08T14:25:28.798+0000] {processor.py:829} INFO - Processing file /home/airflow/.local/lib/python3.11/site-packages/airflow/example_dags/example_skip_dag.py for tasks to queue
[2023-11-08T14:25:28.852+0000] {logging_mixin.py:154} INFO - [2023-11-08T14:25:28.851+0000] {dagbag.py:536} INFO - Filling up the DagBag from /home/airflow/.local/lib/python3.11/site-packages/airflow/example_dags/example_skip_dag.py
[2023-11-08T14:25:28.913+0000] {processor.py:839} INFO - DAG(s) dict_keys(['example_skip_dag']) retrieved from /home/airflow/.local/lib/python3.11/site-packages/airflow/example_dags/example_skip_dag.py
[2023-11-08T14:25:29.096+0000] {logging_mixin.py:154} INFO - [2023-11-08T14:25:29.096+0000] {dag.py:2941} INFO - Sync 1 DAGs
[2023-11-08T14:25:29.227+0000] {logging_mixin.py:154} INFO - [2023-11-08T14:25:29.227+0000] {dag.py:3722} INFO - Setting next_dagrun for example_skip_dag to 2023-11-07T14:25:29.226550+00:00, run_after=2023-11-08T14:25:29.226550+00:00
[2023-11-08T14:25:29.291+0000] {processor.py:179} INFO - Processing /home/airflow/.local/lib/python3.11/site-packages/airflow/example_dags/example_skip_dag.py took 0.564 seconds
[2023-11-08T14:25:59.833+0000] {processor.py:157} INFO - Started process (PID=1450) to work on /home/airflow/.local/lib/python3.11/site-packages/airflow/example_dags/example_skip_dag.py
[2023-11-08T14:25:59.835+0000] {processor.py:829} INFO - Processing file /home/airflow/.local/lib/python3.11/site-packages/airflow/example_dags/example_skip_dag.py for tasks to queue
[2023-11-08T14:25:59.842+0000] {logging_mixin.py:154} INFO - [2023-11-08T14:25:59.841+0000] {dagbag.py:536} INFO - Filling up the DagBag from /home/airflow/.local/lib/python3.11/site-packages/airflow/example_dags/example_skip_dag.py
[2023-11-08T14:25:59.860+0000] {processor.py:839} INFO - DAG(s) dict_keys(['example_skip_dag']) retrieved from /home/airflow/.local/lib/python3.11/site-packages/airflow/example_dags/example_skip_dag.py
[2023-11-08T14:25:59.934+0000] {logging_mixin.py:154} INFO - [2023-11-08T14:25:59.934+0000] {dag.py:2941} INFO - Sync 1 DAGs
[2023-11-08T14:26:00.008+0000] {logging_mixin.py:154} INFO - [2023-11-08T14:26:00.007+0000] {dag.py:3722} INFO - Setting next_dagrun for example_skip_dag to 2023-11-07T14:26:00.006112+00:00, run_after=2023-11-08T14:26:00.006112+00:00
[2023-11-08T14:26:00.068+0000] {processor.py:179} INFO - Processing /home/airflow/.local/lib/python3.11/site-packages/airflow/example_dags/example_skip_dag.py took 0.247 seconds
[2023-11-08T14:26:30.509+0000] {processor.py:157} INFO - Started process (PID=1526) to work on /home/airflow/.local/lib/python3.11/site-packages/airflow/example_dags/example_skip_dag.py
[2023-11-08T14:26:30.510+0000] {processor.py:829} INFO - Processing file /home/airflow/.local/lib/python3.11/site-packages/airflow/example_dags/example_skip_dag.py for tasks to queue
[2023-11-08T14:26:30.513+0000] {logging_mixin.py:154} INFO - [2023-11-08T14:26:30.513+0000] {dagbag.py:536} INFO - Filling up the DagBag from /home/airflow/.local/lib/python3.11/site-packages/airflow/example_dags/example_skip_dag.py
[2023-11-08T14:26:30.527+0000] {processor.py:839} INFO - DAG(s) dict_keys(['example_skip_dag']) retrieved from /home/airflow/.local/lib/python3.11/site-packages/airflow/example_dags/example_skip_dag.py
[2023-11-08T14:26:30.574+0000] {logging_mixin.py:154} INFO - [2023-11-08T14:26:30.574+0000] {dag.py:2941} INFO - Sync 1 DAGs
[2023-11-08T14:26:30.632+0000] {logging_mixin.py:154} INFO - [2023-11-08T14:26:30.631+0000] {dag.py:3722} INFO - Setting next_dagrun for example_skip_dag to 2023-11-07T14:26:30.631520+00:00, run_after=2023-11-08T14:26:30.631520+00:00
[2023-11-08T14:26:30.670+0000] {processor.py:179} INFO - Processing /home/airflow/.local/lib/python3.11/site-packages/airflow/example_dags/example_skip_dag.py took 0.166 seconds
[2023-11-08T14:27:00.881+0000] {processor.py:157} INFO - Started process (PID=1602) to work on /home/airflow/.local/lib/python3.11/site-packages/airflow/example_dags/example_skip_dag.py
[2023-11-08T14:27:00.882+0000] {processor.py:829} INFO - Processing file /home/airflow/.local/lib/python3.11/site-packages/airflow/example_dags/example_skip_dag.py for tasks to queue
[2023-11-08T14:27:00.886+0000] {logging_mixin.py:154} INFO - [2023-11-08T14:27:00.886+0000] {dagbag.py:536} INFO - Filling up the DagBag from /home/airflow/.local/lib/python3.11/site-packages/airflow/example_dags/example_skip_dag.py
[2023-11-08T14:27:00.900+0000] {processor.py:839} INFO - DAG(s) dict_keys(['example_skip_dag']) retrieved from /home/airflow/.local/lib/python3.11/site-packages/airflow/example_dags/example_skip_dag.py
[2023-11-08T14:27:00.945+0000] {logging_mixin.py:154} INFO - [2023-11-08T14:27:00.944+0000] {dag.py:2941} INFO - Sync 1 DAGs
[2023-11-08T14:27:00.990+0000] {logging_mixin.py:154} INFO - [2023-11-08T14:27:00.990+0000] {dag.py:3722} INFO - Setting next_dagrun for example_skip_dag to 2023-11-07T14:27:00.989694+00:00, run_after=2023-11-08T14:27:00.989694+00:00
[2023-11-08T14:27:01.029+0000] {processor.py:179} INFO - Processing /home/airflow/.local/lib/python3.11/site-packages/airflow/example_dags/example_skip_dag.py took 0.154 seconds
[2023-11-08T14:27:31.497+0000] {processor.py:157} INFO - Started process (PID=1678) to work on /home/airflow/.local/lib/python3.11/site-packages/airflow/example_dags/example_skip_dag.py
[2023-11-08T14:27:31.498+0000] {processor.py:829} INFO - Processing file /home/airflow/.local/lib/python3.11/site-packages/airflow/example_dags/example_skip_dag.py for tasks to queue
[2023-11-08T14:27:31.502+0000] {logging_mixin.py:154} INFO - [2023-11-08T14:27:31.501+0000] {dagbag.py:536} INFO - Filling up the DagBag from /home/airflow/.local/lib/python3.11/site-packages/airflow/example_dags/example_skip_dag.py
[2023-11-08T14:27:31.518+0000] {processor.py:839} INFO - DAG(s) dict_keys(['example_skip_dag']) retrieved from /home/airflow/.local/lib/python3.11/site-packages/airflow/example_dags/example_skip_dag.py
[2023-11-08T14:27:31.557+0000] {logging_mixin.py:154} INFO - [2023-11-08T14:27:31.556+0000] {dag.py:2941} INFO - Sync 1 DAGs
[2023-11-08T14:27:31.598+0000] {logging_mixin.py:154} INFO - [2023-11-08T14:27:31.598+0000] {dag.py:3722} INFO - Setting next_dagrun for example_skip_dag to 2023-11-07T14:27:31.597906+00:00, run_after=2023-11-08T14:27:31.597906+00:00
[2023-11-08T14:27:31.633+0000] {processor.py:179} INFO - Processing /home/airflow/.local/lib/python3.11/site-packages/airflow/example_dags/example_skip_dag.py took 0.141 seconds
[2023-11-08T14:28:02.576+0000] {processor.py:157} INFO - Started process (PID=1757) to work on /home/airflow/.local/lib/python3.11/site-packages/airflow/example_dags/example_skip_dag.py
[2023-11-08T14:28:02.578+0000] {processor.py:829} INFO - Processing file /home/airflow/.local/lib/python3.11/site-packages/airflow/example_dags/example_skip_dag.py for tasks to queue
[2023-11-08T14:28:02.584+0000] {logging_mixin.py:154} INFO - [2023-11-08T14:28:02.584+0000] {dagbag.py:536} INFO - Filling up the DagBag from /home/airflow/.local/lib/python3.11/site-packages/airflow/example_dags/example_skip_dag.py
[2023-11-08T14:28:02.611+0000] {processor.py:839} INFO - DAG(s) dict_keys(['example_skip_dag']) retrieved from /home/airflow/.local/lib/python3.11/site-packages/airflow/example_dags/example_skip_dag.py
[2023-11-08T14:28:02.678+0000] {logging_mixin.py:154} INFO - [2023-11-08T14:28:02.677+0000] {dag.py:2941} INFO - Sync 1 DAGs
[2023-11-08T14:28:02.754+0000] {logging_mixin.py:154} INFO - [2023-11-08T14:28:02.754+0000] {dag.py:3722} INFO - Setting next_dagrun for example_skip_dag to 2023-11-07T14:28:02.753473+00:00, run_after=2023-11-08T14:28:02.753473+00:00
[2023-11-08T14:28:02.828+0000] {processor.py:179} INFO - Processing /home/airflow/.local/lib/python3.11/site-packages/airflow/example_dags/example_skip_dag.py took 0.259 seconds
[2023-11-08T14:28:33.009+0000] {processor.py:157} INFO - Started process (PID=1836) to work on /home/airflow/.local/lib/python3.11/site-packages/airflow/example_dags/example_skip_dag.py
[2023-11-08T14:28:33.010+0000] {processor.py:829} INFO - Processing file /home/airflow/.local/lib/python3.11/site-packages/airflow/example_dags/example_skip_dag.py for tasks to queue
[2023-11-08T14:28:33.016+0000] {logging_mixin.py:154} INFO - [2023-11-08T14:28:33.015+0000] {dagbag.py:536} INFO - Filling up the DagBag from /home/airflow/.local/lib/python3.11/site-packages/airflow/example_dags/example_skip_dag.py
[2023-11-08T14:28:33.038+0000] {processor.py:839} INFO - DAG(s) dict_keys(['example_skip_dag']) retrieved from /home/airflow/.local/lib/python3.11/site-packages/airflow/example_dags/example_skip_dag.py
[2023-11-08T14:28:33.119+0000] {logging_mixin.py:154} INFO - [2023-11-08T14:28:33.118+0000] {dag.py:2941} INFO - Sync 1 DAGs
[2023-11-08T14:28:33.238+0000] {logging_mixin.py:154} INFO - [2023-11-08T14:28:33.238+0000] {dag.py:3722} INFO - Setting next_dagrun for example_skip_dag to 2023-11-07T14:28:33.237054+00:00, run_after=2023-11-08T14:28:33.237054+00:00
[2023-11-08T14:28:33.293+0000] {processor.py:179} INFO - Processing /home/airflow/.local/lib/python3.11/site-packages/airflow/example_dags/example_skip_dag.py took 0.299 seconds
[2023-11-08T14:29:04.181+0000] {processor.py:157} INFO - Started process (PID=1913) to work on /home/airflow/.local/lib/python3.11/site-packages/airflow/example_dags/example_skip_dag.py
[2023-11-08T14:29:04.183+0000] {processor.py:829} INFO - Processing file /home/airflow/.local/lib/python3.11/site-packages/airflow/example_dags/example_skip_dag.py for tasks to queue
[2023-11-08T14:29:04.186+0000] {logging_mixin.py:154} INFO - [2023-11-08T14:29:04.186+0000] {dagbag.py:536} INFO - Filling up the DagBag from /home/airflow/.local/lib/python3.11/site-packages/airflow/example_dags/example_skip_dag.py
[2023-11-08T14:29:04.201+0000] {processor.py:839} INFO - DAG(s) dict_keys(['example_skip_dag']) retrieved from /home/airflow/.local/lib/python3.11/site-packages/airflow/example_dags/example_skip_dag.py
[2023-11-08T14:29:04.238+0000] {logging_mixin.py:154} INFO - [2023-11-08T14:29:04.238+0000] {dag.py:2941} INFO - Sync 1 DAGs
[2023-11-08T14:29:04.276+0000] {logging_mixin.py:154} INFO - [2023-11-08T14:29:04.275+0000] {dag.py:3722} INFO - Setting next_dagrun for example_skip_dag to 2023-11-07T14:29:04.275448+00:00, run_after=2023-11-08T14:29:04.275448+00:00
[2023-11-08T14:29:04.309+0000] {processor.py:179} INFO - Processing /home/airflow/.local/lib/python3.11/site-packages/airflow/example_dags/example_skip_dag.py took 0.133 seconds
[2023-11-08T14:29:34.953+0000] {processor.py:157} INFO - Started process (PID=1989) to work on /home/airflow/.local/lib/python3.11/site-packages/airflow/example_dags/example_skip_dag.py
[2023-11-08T14:29:34.954+0000] {processor.py:829} INFO - Processing file /home/airflow/.local/lib/python3.11/site-packages/airflow/example_dags/example_skip_dag.py for tasks to queue
[2023-11-08T14:29:34.958+0000] {logging_mixin.py:154} INFO - [2023-11-08T14:29:34.958+0000] {dagbag.py:536} INFO - Filling up the DagBag from /home/airflow/.local/lib/python3.11/site-packages/airflow/example_dags/example_skip_dag.py
[2023-11-08T14:29:34.969+0000] {processor.py:839} INFO - DAG(s) dict_keys(['example_skip_dag']) retrieved from /home/airflow/.local/lib/python3.11/site-packages/airflow/example_dags/example_skip_dag.py
[2023-11-08T14:29:35.009+0000] {logging_mixin.py:154} INFO - [2023-11-08T14:29:35.009+0000] {dag.py:2941} INFO - Sync 1 DAGs
[2023-11-08T14:29:35.056+0000] {logging_mixin.py:154} INFO - [2023-11-08T14:29:35.056+0000] {dag.py:3722} INFO - Setting next_dagrun for example_skip_dag to 2023-11-07T14:29:35.055889+00:00, run_after=2023-11-08T14:29:35.055889+00:00
[2023-11-08T14:29:35.090+0000] {processor.py:179} INFO - Processing /home/airflow/.local/lib/python3.11/site-packages/airflow/example_dags/example_skip_dag.py took 0.142 seconds
[2023-11-08T14:30:05.372+0000] {processor.py:157} INFO - Started process (PID=2065) to work on /home/airflow/.local/lib/python3.11/site-packages/airflow/example_dags/example_skip_dag.py
[2023-11-08T14:30:05.373+0000] {processor.py:829} INFO - Processing file /home/airflow/.local/lib/python3.11/site-packages/airflow/example_dags/example_skip_dag.py for tasks to queue
[2023-11-08T14:30:05.377+0000] {logging_mixin.py:154} INFO - [2023-11-08T14:30:05.377+0000] {dagbag.py:536} INFO - Filling up the DagBag from /home/airflow/.local/lib/python3.11/site-packages/airflow/example_dags/example_skip_dag.py
[2023-11-08T14:30:05.388+0000] {processor.py:839} INFO - DAG(s) dict_keys(['example_skip_dag']) retrieved from /home/airflow/.local/lib/python3.11/site-packages/airflow/example_dags/example_skip_dag.py
[2023-11-08T14:30:05.428+0000] {logging_mixin.py:154} INFO - [2023-11-08T14:30:05.428+0000] {dag.py:2941} INFO - Sync 1 DAGs
[2023-11-08T14:30:05.468+0000] {logging_mixin.py:154} INFO - [2023-11-08T14:30:05.468+0000] {dag.py:3722} INFO - Setting next_dagrun for example_skip_dag to 2023-11-07T14:30:05.467786+00:00, run_after=2023-11-08T14:30:05.467786+00:00
[2023-11-08T14:30:05.501+0000] {processor.py:179} INFO - Processing /home/airflow/.local/lib/python3.11/site-packages/airflow/example_dags/example_skip_dag.py took 0.133 seconds
[2023-11-08T14:30:36.189+0000] {processor.py:157} INFO - Started process (PID=2142) to work on /home/airflow/.local/lib/python3.11/site-packages/airflow/example_dags/example_skip_dag.py
[2023-11-08T14:30:36.190+0000] {processor.py:829} INFO - Processing file /home/airflow/.local/lib/python3.11/site-packages/airflow/example_dags/example_skip_dag.py for tasks to queue
[2023-11-08T14:30:36.192+0000] {logging_mixin.py:154} INFO - [2023-11-08T14:30:36.192+0000] {dagbag.py:536} INFO - Filling up the DagBag from /home/airflow/.local/lib/python3.11/site-packages/airflow/example_dags/example_skip_dag.py
[2023-11-08T14:30:36.203+0000] {processor.py:839} INFO - DAG(s) dict_keys(['example_skip_dag']) retrieved from /home/airflow/.local/lib/python3.11/site-packages/airflow/example_dags/example_skip_dag.py
[2023-11-08T14:30:36.241+0000] {logging_mixin.py:154} INFO - [2023-11-08T14:30:36.241+0000] {dag.py:2941} INFO - Sync 1 DAGs
[2023-11-08T14:30:36.282+0000] {logging_mixin.py:154} INFO - [2023-11-08T14:30:36.282+0000] {dag.py:3722} INFO - Setting next_dagrun for example_skip_dag to 2023-11-07T14:30:36.281632+00:00, run_after=2023-11-08T14:30:36.281632+00:00
[2023-11-08T14:30:36.317+0000] {processor.py:179} INFO - Processing /home/airflow/.local/lib/python3.11/site-packages/airflow/example_dags/example_skip_dag.py took 0.132 seconds
[2023-11-08T14:31:06.790+0000] {processor.py:157} INFO - Started process (PID=2218) to work on /home/airflow/.local/lib/python3.11/site-packages/airflow/example_dags/example_skip_dag.py
[2023-11-08T14:31:06.798+0000] {processor.py:829} INFO - Processing file /home/airflow/.local/lib/python3.11/site-packages/airflow/example_dags/example_skip_dag.py for tasks to queue
[2023-11-08T14:31:06.800+0000] {logging_mixin.py:154} INFO - [2023-11-08T14:31:06.800+0000] {dagbag.py:536} INFO - Filling up the DagBag from /home/airflow/.local/lib/python3.11/site-packages/airflow/example_dags/example_skip_dag.py
[2023-11-08T14:31:06.810+0000] {processor.py:839} INFO - DAG(s) dict_keys(['example_skip_dag']) retrieved from /home/airflow/.local/lib/python3.11/site-packages/airflow/example_dags/example_skip_dag.py
[2023-11-08T14:31:06.845+0000] {logging_mixin.py:154} INFO - [2023-11-08T14:31:06.845+0000] {dag.py:2941} INFO - Sync 1 DAGs
[2023-11-08T14:31:06.881+0000] {logging_mixin.py:154} INFO - [2023-11-08T14:31:06.881+0000] {dag.py:3722} INFO - Setting next_dagrun for example_skip_dag to 2023-11-07T14:31:06.880983+00:00, run_after=2023-11-08T14:31:06.880983+00:00
[2023-11-08T14:31:06.914+0000] {processor.py:179} INFO - Processing /home/airflow/.local/lib/python3.11/site-packages/airflow/example_dags/example_skip_dag.py took 0.127 seconds
[2023-11-08T14:31:37.403+0000] {processor.py:157} INFO - Started process (PID=2292) to work on /home/airflow/.local/lib/python3.11/site-packages/airflow/example_dags/example_skip_dag.py
[2023-11-08T14:31:37.406+0000] {processor.py:829} INFO - Processing file /home/airflow/.local/lib/python3.11/site-packages/airflow/example_dags/example_skip_dag.py for tasks to queue
[2023-11-08T14:31:37.411+0000] {logging_mixin.py:154} INFO - [2023-11-08T14:31:37.410+0000] {dagbag.py:536} INFO - Filling up the DagBag from /home/airflow/.local/lib/python3.11/site-packages/airflow/example_dags/example_skip_dag.py
[2023-11-08T14:31:37.420+0000] {processor.py:839} INFO - DAG(s) dict_keys(['example_skip_dag']) retrieved from /home/airflow/.local/lib/python3.11/site-packages/airflow/example_dags/example_skip_dag.py
[2023-11-08T14:31:37.458+0000] {logging_mixin.py:154} INFO - [2023-11-08T14:31:37.457+0000] {dag.py:2941} INFO - Sync 1 DAGs
[2023-11-08T14:31:37.495+0000] {logging_mixin.py:154} INFO - [2023-11-08T14:31:37.495+0000] {dag.py:3722} INFO - Setting next_dagrun for example_skip_dag to 2023-11-07T14:31:37.494682+00:00, run_after=2023-11-08T14:31:37.494682+00:00
[2023-11-08T14:31:37.537+0000] {processor.py:179} INFO - Processing /home/airflow/.local/lib/python3.11/site-packages/airflow/example_dags/example_skip_dag.py took 0.139 seconds
[2023-11-08T14:32:07.690+0000] {processor.py:157} INFO - Started process (PID=2368) to work on /home/airflow/.local/lib/python3.11/site-packages/airflow/example_dags/example_skip_dag.py
[2023-11-08T14:32:07.697+0000] {processor.py:829} INFO - Processing file /home/airflow/.local/lib/python3.11/site-packages/airflow/example_dags/example_skip_dag.py for tasks to queue
[2023-11-08T14:32:07.701+0000] {logging_mixin.py:154} INFO - [2023-11-08T14:32:07.700+0000] {dagbag.py:536} INFO - Filling up the DagBag from /home/airflow/.local/lib/python3.11/site-packages/airflow/example_dags/example_skip_dag.py
[2023-11-08T14:32:07.711+0000] {processor.py:839} INFO - DAG(s) dict_keys(['example_skip_dag']) retrieved from /home/airflow/.local/lib/python3.11/site-packages/airflow/example_dags/example_skip_dag.py
[2023-11-08T14:32:07.746+0000] {logging_mixin.py:154} INFO - [2023-11-08T14:32:07.746+0000] {dag.py:2941} INFO - Sync 1 DAGs
[2023-11-08T14:32:07.783+0000] {logging_mixin.py:154} INFO - [2023-11-08T14:32:07.783+0000] {dag.py:3722} INFO - Setting next_dagrun for example_skip_dag to 2023-11-07T14:32:07.782993+00:00, run_after=2023-11-08T14:32:07.782993+00:00
[2023-11-08T14:32:07.816+0000] {processor.py:179} INFO - Processing /home/airflow/.local/lib/python3.11/site-packages/airflow/example_dags/example_skip_dag.py took 0.130 seconds
[2023-11-08T14:32:38.170+0000] {processor.py:157} INFO - Started process (PID=2444) to work on /home/airflow/.local/lib/python3.11/site-packages/airflow/example_dags/example_skip_dag.py
[2023-11-08T14:32:38.172+0000] {processor.py:829} INFO - Processing file /home/airflow/.local/lib/python3.11/site-packages/airflow/example_dags/example_skip_dag.py for tasks to queue
[2023-11-08T14:32:38.180+0000] {logging_mixin.py:154} INFO - [2023-11-08T14:32:38.179+0000] {dagbag.py:536} INFO - Filling up the DagBag from /home/airflow/.local/lib/python3.11/site-packages/airflow/example_dags/example_skip_dag.py
[2023-11-08T14:32:38.192+0000] {processor.py:839} INFO - DAG(s) dict_keys(['example_skip_dag']) retrieved from /home/airflow/.local/lib/python3.11/site-packages/airflow/example_dags/example_skip_dag.py
[2023-11-08T14:32:38.230+0000] {logging_mixin.py:154} INFO - [2023-11-08T14:32:38.230+0000] {dag.py:2941} INFO - Sync 1 DAGs
[2023-11-08T14:32:38.271+0000] {logging_mixin.py:154} INFO - [2023-11-08T14:32:38.270+0000] {dag.py:3722} INFO - Setting next_dagrun for example_skip_dag to 2023-11-07T14:32:38.269892+00:00, run_after=2023-11-08T14:32:38.269892+00:00
[2023-11-08T14:32:38.312+0000] {processor.py:179} INFO - Processing /home/airflow/.local/lib/python3.11/site-packages/airflow/example_dags/example_skip_dag.py took 0.147 seconds
[2023-11-08T14:33:08.457+0000] {processor.py:157} INFO - Started process (PID=2520) to work on /home/airflow/.local/lib/python3.11/site-packages/airflow/example_dags/example_skip_dag.py
[2023-11-08T14:33:08.458+0000] {processor.py:829} INFO - Processing file /home/airflow/.local/lib/python3.11/site-packages/airflow/example_dags/example_skip_dag.py for tasks to queue
[2023-11-08T14:33:08.462+0000] {logging_mixin.py:154} INFO - [2023-11-08T14:33:08.461+0000] {dagbag.py:536} INFO - Filling up the DagBag from /home/airflow/.local/lib/python3.11/site-packages/airflow/example_dags/example_skip_dag.py
[2023-11-08T14:33:08.473+0000] {processor.py:839} INFO - DAG(s) dict_keys(['example_skip_dag']) retrieved from /home/airflow/.local/lib/python3.11/site-packages/airflow/example_dags/example_skip_dag.py
[2023-11-08T14:33:08.514+0000] {logging_mixin.py:154} INFO - [2023-11-08T14:33:08.514+0000] {dag.py:2941} INFO - Sync 1 DAGs
[2023-11-08T14:33:08.551+0000] {logging_mixin.py:154} INFO - [2023-11-08T14:33:08.551+0000] {dag.py:3722} INFO - Setting next_dagrun for example_skip_dag to 2023-11-07T14:33:08.550659+00:00, run_after=2023-11-08T14:33:08.550659+00:00
[2023-11-08T14:33:08.584+0000] {processor.py:179} INFO - Processing /home/airflow/.local/lib/python3.11/site-packages/airflow/example_dags/example_skip_dag.py took 0.133 seconds
[2023-11-08T14:33:39.348+0000] {processor.py:157} INFO - Started process (PID=2596) to work on /home/airflow/.local/lib/python3.11/site-packages/airflow/example_dags/example_skip_dag.py
[2023-11-08T14:33:39.350+0000] {processor.py:829} INFO - Processing file /home/airflow/.local/lib/python3.11/site-packages/airflow/example_dags/example_skip_dag.py for tasks to queue
[2023-11-08T14:33:39.354+0000] {logging_mixin.py:154} INFO - [2023-11-08T14:33:39.354+0000] {dagbag.py:536} INFO - Filling up the DagBag from /home/airflow/.local/lib/python3.11/site-packages/airflow/example_dags/example_skip_dag.py
[2023-11-08T14:33:39.366+0000] {processor.py:839} INFO - DAG(s) dict_keys(['example_skip_dag']) retrieved from /home/airflow/.local/lib/python3.11/site-packages/airflow/example_dags/example_skip_dag.py
[2023-11-08T14:33:39.410+0000] {logging_mixin.py:154} INFO - [2023-11-08T14:33:39.409+0000] {dag.py:2941} INFO - Sync 1 DAGs
[2023-11-08T14:33:39.452+0000] {logging_mixin.py:154} INFO - [2023-11-08T14:33:39.452+0000] {dag.py:3722} INFO - Setting next_dagrun for example_skip_dag to 2023-11-07T14:33:39.451922+00:00, run_after=2023-11-08T14:33:39.451922+00:00
[2023-11-08T14:33:39.486+0000] {processor.py:179} INFO - Processing /home/airflow/.local/lib/python3.11/site-packages/airflow/example_dags/example_skip_dag.py took 0.142 seconds
[2023-11-08T14:34:09.858+0000] {processor.py:157} INFO - Started process (PID=2672) to work on /home/airflow/.local/lib/python3.11/site-packages/airflow/example_dags/example_skip_dag.py
[2023-11-08T14:34:09.860+0000] {processor.py:829} INFO - Processing file /home/airflow/.local/lib/python3.11/site-packages/airflow/example_dags/example_skip_dag.py for tasks to queue
[2023-11-08T14:34:09.863+0000] {logging_mixin.py:154} INFO - [2023-11-08T14:34:09.863+0000] {dagbag.py:536} INFO - Filling up the DagBag from /home/airflow/.local/lib/python3.11/site-packages/airflow/example_dags/example_skip_dag.py
[2023-11-08T14:34:09.873+0000] {processor.py:839} INFO - DAG(s) dict_keys(['example_skip_dag']) retrieved from /home/airflow/.local/lib/python3.11/site-packages/airflow/example_dags/example_skip_dag.py
[2023-11-08T14:34:09.908+0000] {logging_mixin.py:154} INFO - [2023-11-08T14:34:09.907+0000] {dag.py:2941} INFO - Sync 1 DAGs
[2023-11-08T14:34:09.951+0000] {logging_mixin.py:154} INFO - [2023-11-08T14:34:09.950+0000] {dag.py:3722} INFO - Setting next_dagrun for example_skip_dag to 2023-11-07T14:34:09.950263+00:00, run_after=2023-11-08T14:34:09.950263+00:00
[2023-11-08T14:34:09.987+0000] {processor.py:179} INFO - Processing /home/airflow/.local/lib/python3.11/site-packages/airflow/example_dags/example_skip_dag.py took 0.133 seconds
[2023-11-08T14:34:40.752+0000] {processor.py:157} INFO - Started process (PID=2748) to work on /home/airflow/.local/lib/python3.11/site-packages/airflow/example_dags/example_skip_dag.py
[2023-11-08T14:34:40.759+0000] {processor.py:829} INFO - Processing file /home/airflow/.local/lib/python3.11/site-packages/airflow/example_dags/example_skip_dag.py for tasks to queue
[2023-11-08T14:34:40.764+0000] {logging_mixin.py:154} INFO - [2023-11-08T14:34:40.764+0000] {dagbag.py:536} INFO - Filling up the DagBag from /home/airflow/.local/lib/python3.11/site-packages/airflow/example_dags/example_skip_dag.py
[2023-11-08T14:34:40.777+0000] {processor.py:839} INFO - DAG(s) dict_keys(['example_skip_dag']) retrieved from /home/airflow/.local/lib/python3.11/site-packages/airflow/example_dags/example_skip_dag.py
[2023-11-08T14:34:40.815+0000] {logging_mixin.py:154} INFO - [2023-11-08T14:34:40.814+0000] {dag.py:2941} INFO - Sync 1 DAGs
[2023-11-08T14:34:40.860+0000] {logging_mixin.py:154} INFO - [2023-11-08T14:34:40.859+0000] {dag.py:3722} INFO - Setting next_dagrun for example_skip_dag to 2023-11-07T14:34:40.859468+00:00, run_after=2023-11-08T14:34:40.859468+00:00
[2023-11-08T14:34:40.892+0000] {processor.py:179} INFO - Processing /home/airflow/.local/lib/python3.11/site-packages/airflow/example_dags/example_skip_dag.py took 0.144 seconds
[2023-11-08T14:35:11.261+0000] {processor.py:157} INFO - Started process (PID=2824) to work on /home/airflow/.local/lib/python3.11/site-packages/airflow/example_dags/example_skip_dag.py
[2023-11-08T14:35:11.262+0000] {processor.py:829} INFO - Processing file /home/airflow/.local/lib/python3.11/site-packages/airflow/example_dags/example_skip_dag.py for tasks to queue
[2023-11-08T14:35:11.265+0000] {logging_mixin.py:154} INFO - [2023-11-08T14:35:11.265+0000] {dagbag.py:536} INFO - Filling up the DagBag from /home/airflow/.local/lib/python3.11/site-packages/airflow/example_dags/example_skip_dag.py
[2023-11-08T14:35:11.275+0000] {processor.py:839} INFO - DAG(s) dict_keys(['example_skip_dag']) retrieved from /home/airflow/.local/lib/python3.11/site-packages/airflow/example_dags/example_skip_dag.py
[2023-11-08T14:35:11.321+0000] {logging_mixin.py:154} INFO - [2023-11-08T14:35:11.321+0000] {dag.py:2941} INFO - Sync 1 DAGs
[2023-11-08T14:35:11.362+0000] {logging_mixin.py:154} INFO - [2023-11-08T14:35:11.362+0000] {dag.py:3722} INFO - Setting next_dagrun for example_skip_dag to 2023-11-07T14:35:11.361634+00:00, run_after=2023-11-08T14:35:11.361634+00:00
[2023-11-08T14:35:11.390+0000] {processor.py:179} INFO - Processing /home/airflow/.local/lib/python3.11/site-packages/airflow/example_dags/example_skip_dag.py took 0.134 seconds
[2023-11-08T14:35:42.290+0000] {processor.py:157} INFO - Started process (PID=2900) to work on /home/airflow/.local/lib/python3.11/site-packages/airflow/example_dags/example_skip_dag.py
[2023-11-08T14:35:42.299+0000] {processor.py:829} INFO - Processing file /home/airflow/.local/lib/python3.11/site-packages/airflow/example_dags/example_skip_dag.py for tasks to queue
[2023-11-08T14:35:42.304+0000] {logging_mixin.py:154} INFO - [2023-11-08T14:35:42.304+0000] {dagbag.py:536} INFO - Filling up the DagBag from /home/airflow/.local/lib/python3.11/site-packages/airflow/example_dags/example_skip_dag.py
[2023-11-08T14:35:42.318+0000] {processor.py:839} INFO - DAG(s) dict_keys(['example_skip_dag']) retrieved from /home/airflow/.local/lib/python3.11/site-packages/airflow/example_dags/example_skip_dag.py
[2023-11-08T14:35:42.356+0000] {logging_mixin.py:154} INFO - [2023-11-08T14:35:42.355+0000] {dag.py:2941} INFO - Sync 1 DAGs
[2023-11-08T14:35:42.396+0000] {logging_mixin.py:154} INFO - [2023-11-08T14:35:42.396+0000] {dag.py:3722} INFO - Setting next_dagrun for example_skip_dag to 2023-11-07T14:35:42.395724+00:00, run_after=2023-11-08T14:35:42.395724+00:00
[2023-11-08T14:35:42.427+0000] {processor.py:179} INFO - Processing /home/airflow/.local/lib/python3.11/site-packages/airflow/example_dags/example_skip_dag.py took 0.142 seconds
[2023-11-08T14:36:13.131+0000] {processor.py:157} INFO - Started process (PID=2976) to work on /home/airflow/.local/lib/python3.11/site-packages/airflow/example_dags/example_skip_dag.py
[2023-11-08T14:36:13.134+0000] {processor.py:829} INFO - Processing file /home/airflow/.local/lib/python3.11/site-packages/airflow/example_dags/example_skip_dag.py for tasks to queue
[2023-11-08T14:36:13.138+0000] {logging_mixin.py:154} INFO - [2023-11-08T14:36:13.137+0000] {dagbag.py:536} INFO - Filling up the DagBag from /home/airflow/.local/lib/python3.11/site-packages/airflow/example_dags/example_skip_dag.py
[2023-11-08T14:36:13.148+0000] {processor.py:839} INFO - DAG(s) dict_keys(['example_skip_dag']) retrieved from /home/airflow/.local/lib/python3.11/site-packages/airflow/example_dags/example_skip_dag.py
[2023-11-08T14:36:13.183+0000] {logging_mixin.py:154} INFO - [2023-11-08T14:36:13.183+0000] {dag.py:2941} INFO - Sync 1 DAGs
[2023-11-08T14:36:13.225+0000] {logging_mixin.py:154} INFO - [2023-11-08T14:36:13.224+0000] {dag.py:3722} INFO - Setting next_dagrun for example_skip_dag to 2023-11-07T14:36:13.224361+00:00, run_after=2023-11-08T14:36:13.224361+00:00
[2023-11-08T14:36:13.267+0000] {processor.py:179} INFO - Processing /home/airflow/.local/lib/python3.11/site-packages/airflow/example_dags/example_skip_dag.py took 0.140 seconds
[2023-11-08T14:36:44.002+0000] {processor.py:157} INFO - Started process (PID=3052) to work on /home/airflow/.local/lib/python3.11/site-packages/airflow/example_dags/example_skip_dag.py
[2023-11-08T14:36:44.010+0000] {processor.py:829} INFO - Processing file /home/airflow/.local/lib/python3.11/site-packages/airflow/example_dags/example_skip_dag.py for tasks to queue
[2023-11-08T14:36:44.014+0000] {logging_mixin.py:154} INFO - [2023-11-08T14:36:44.014+0000] {dagbag.py:536} INFO - Filling up the DagBag from /home/airflow/.local/lib/python3.11/site-packages/airflow/example_dags/example_skip_dag.py
[2023-11-08T14:36:44.026+0000] {processor.py:839} INFO - DAG(s) dict_keys(['example_skip_dag']) retrieved from /home/airflow/.local/lib/python3.11/site-packages/airflow/example_dags/example_skip_dag.py
[2023-11-08T14:36:44.078+0000] {logging_mixin.py:154} INFO - [2023-11-08T14:36:44.077+0000] {dag.py:2941} INFO - Sync 1 DAGs
[2023-11-08T14:36:44.131+0000] {logging_mixin.py:154} INFO - [2023-11-08T14:36:44.130+0000] {dag.py:3722} INFO - Setting next_dagrun for example_skip_dag to 2023-11-07T14:36:44.130365+00:00, run_after=2023-11-08T14:36:44.130365+00:00
[2023-11-08T14:36:44.167+0000] {processor.py:179} INFO - Processing /home/airflow/.local/lib/python3.11/site-packages/airflow/example_dags/example_skip_dag.py took 0.169 seconds
[2023-11-08T14:37:14.503+0000] {processor.py:157} INFO - Started process (PID=3128) to work on /home/airflow/.local/lib/python3.11/site-packages/airflow/example_dags/example_skip_dag.py
[2023-11-08T14:37:14.504+0000] {processor.py:829} INFO - Processing file /home/airflow/.local/lib/python3.11/site-packages/airflow/example_dags/example_skip_dag.py for tasks to queue
[2023-11-08T14:37:14.505+0000] {logging_mixin.py:154} INFO - [2023-11-08T14:37:14.505+0000] {dagbag.py:536} INFO - Filling up the DagBag from /home/airflow/.local/lib/python3.11/site-packages/airflow/example_dags/example_skip_dag.py
[2023-11-08T14:37:14.510+0000] {processor.py:839} INFO - DAG(s) dict_keys(['example_skip_dag']) retrieved from /home/airflow/.local/lib/python3.11/site-packages/airflow/example_dags/example_skip_dag.py
[2023-11-08T14:37:14.528+0000] {logging_mixin.py:154} INFO - [2023-11-08T14:37:14.527+0000] {dag.py:2941} INFO - Sync 1 DAGs
[2023-11-08T14:37:14.544+0000] {logging_mixin.py:154} INFO - [2023-11-08T14:37:14.544+0000] {dag.py:3722} INFO - Setting next_dagrun for example_skip_dag to 2023-11-07T14:37:14.544392+00:00, run_after=2023-11-08T14:37:14.544392+00:00
[2023-11-08T14:37:14.558+0000] {processor.py:179} INFO - Processing /home/airflow/.local/lib/python3.11/site-packages/airflow/example_dags/example_skip_dag.py took 0.057 seconds
[2023-11-08T14:37:44.691+0000] {processor.py:157} INFO - Started process (PID=3204) to work on /home/airflow/.local/lib/python3.11/site-packages/airflow/example_dags/example_skip_dag.py
[2023-11-08T14:37:44.704+0000] {processor.py:829} INFO - Processing file /home/airflow/.local/lib/python3.11/site-packages/airflow/example_dags/example_skip_dag.py for tasks to queue
[2023-11-08T14:37:44.706+0000] {logging_mixin.py:154} INFO - [2023-11-08T14:37:44.706+0000] {dagbag.py:536} INFO - Filling up the DagBag from /home/airflow/.local/lib/python3.11/site-packages/airflow/example_dags/example_skip_dag.py
[2023-11-08T14:37:44.711+0000] {processor.py:839} INFO - DAG(s) dict_keys(['example_skip_dag']) retrieved from /home/airflow/.local/lib/python3.11/site-packages/airflow/example_dags/example_skip_dag.py
[2023-11-08T14:37:44.728+0000] {logging_mixin.py:154} INFO - [2023-11-08T14:37:44.728+0000] {dag.py:2941} INFO - Sync 1 DAGs
[2023-11-08T14:37:44.746+0000] {logging_mixin.py:154} INFO - [2023-11-08T14:37:44.746+0000] {dag.py:3722} INFO - Setting next_dagrun for example_skip_dag to 2023-11-07T14:37:44.745899+00:00, run_after=2023-11-08T14:37:44.745899+00:00
[2023-11-08T14:37:44.761+0000] {processor.py:179} INFO - Processing /home/airflow/.local/lib/python3.11/site-packages/airflow/example_dags/example_skip_dag.py took 0.073 seconds
[2023-11-08T14:38:14.972+0000] {processor.py:157} INFO - Started process (PID=3280) to work on /home/airflow/.local/lib/python3.11/site-packages/airflow/example_dags/example_skip_dag.py
[2023-11-08T14:38:14.973+0000] {processor.py:829} INFO - Processing file /home/airflow/.local/lib/python3.11/site-packages/airflow/example_dags/example_skip_dag.py for tasks to queue
[2023-11-08T14:38:14.975+0000] {logging_mixin.py:154} INFO - [2023-11-08T14:38:14.974+0000] {dagbag.py:536} INFO - Filling up the DagBag from /home/airflow/.local/lib/python3.11/site-packages/airflow/example_dags/example_skip_dag.py
[2023-11-08T14:38:14.979+0000] {processor.py:839} INFO - DAG(s) dict_keys(['example_skip_dag']) retrieved from /home/airflow/.local/lib/python3.11/site-packages/airflow/example_dags/example_skip_dag.py
[2023-11-08T14:38:14.996+0000] {logging_mixin.py:154} INFO - [2023-11-08T14:38:14.996+0000] {dag.py:2941} INFO - Sync 1 DAGs
[2023-11-08T14:38:15.013+0000] {logging_mixin.py:154} INFO - [2023-11-08T14:38:15.013+0000] {dag.py:3722} INFO - Setting next_dagrun for example_skip_dag to 2023-11-07T14:38:15.013054+00:00, run_after=2023-11-08T14:38:15.013054+00:00
[2023-11-08T14:38:15.027+0000] {processor.py:179} INFO - Processing /home/airflow/.local/lib/python3.11/site-packages/airflow/example_dags/example_skip_dag.py took 0.057 seconds
[2023-11-08T14:38:45.113+0000] {processor.py:157} INFO - Started process (PID=3356) to work on /home/airflow/.local/lib/python3.11/site-packages/airflow/example_dags/example_skip_dag.py
[2023-11-08T14:38:45.114+0000] {processor.py:829} INFO - Processing file /home/airflow/.local/lib/python3.11/site-packages/airflow/example_dags/example_skip_dag.py for tasks to queue
[2023-11-08T14:38:45.116+0000] {logging_mixin.py:154} INFO - [2023-11-08T14:38:45.116+0000] {dagbag.py:536} INFO - Filling up the DagBag from /home/airflow/.local/lib/python3.11/site-packages/airflow/example_dags/example_skip_dag.py
[2023-11-08T14:38:45.121+0000] {processor.py:839} INFO - DAG(s) dict_keys(['example_skip_dag']) retrieved from /home/airflow/.local/lib/python3.11/site-packages/airflow/example_dags/example_skip_dag.py
[2023-11-08T14:38:45.138+0000] {logging_mixin.py:154} INFO - [2023-11-08T14:38:45.137+0000] {dag.py:2941} INFO - Sync 1 DAGs
[2023-11-08T14:38:45.154+0000] {logging_mixin.py:154} INFO - [2023-11-08T14:38:45.154+0000] {dag.py:3722} INFO - Setting next_dagrun for example_skip_dag to 2023-11-07T14:38:45.154082+00:00, run_after=2023-11-08T14:38:45.154082+00:00
[2023-11-08T14:38:45.167+0000] {processor.py:179} INFO - Processing /home/airflow/.local/lib/python3.11/site-packages/airflow/example_dags/example_skip_dag.py took 0.056 seconds
[2023-11-08T14:39:15.271+0000] {processor.py:157} INFO - Started process (PID=3432) to work on /home/airflow/.local/lib/python3.11/site-packages/airflow/example_dags/example_skip_dag.py
[2023-11-08T14:39:15.271+0000] {processor.py:829} INFO - Processing file /home/airflow/.local/lib/python3.11/site-packages/airflow/example_dags/example_skip_dag.py for tasks to queue
[2023-11-08T14:39:15.273+0000] {logging_mixin.py:154} INFO - [2023-11-08T14:39:15.273+0000] {dagbag.py:536} INFO - Filling up the DagBag from /home/airflow/.local/lib/python3.11/site-packages/airflow/example_dags/example_skip_dag.py
[2023-11-08T14:39:15.279+0000] {processor.py:839} INFO - DAG(s) dict_keys(['example_skip_dag']) retrieved from /home/airflow/.local/lib/python3.11/site-packages/airflow/example_dags/example_skip_dag.py
[2023-11-08T14:39:15.295+0000] {logging_mixin.py:154} INFO - [2023-11-08T14:39:15.295+0000] {dag.py:2941} INFO - Sync 1 DAGs
[2023-11-08T14:39:15.312+0000] {logging_mixin.py:154} INFO - [2023-11-08T14:39:15.312+0000] {dag.py:3722} INFO - Setting next_dagrun for example_skip_dag to 2023-11-07T14:39:15.312484+00:00, run_after=2023-11-08T14:39:15.312484+00:00
[2023-11-08T14:39:15.326+0000] {processor.py:179} INFO - Processing /home/airflow/.local/lib/python3.11/site-packages/airflow/example_dags/example_skip_dag.py took 0.058 seconds
[2023-11-08T14:39:45.512+0000] {processor.py:157} INFO - Started process (PID=3508) to work on /home/airflow/.local/lib/python3.11/site-packages/airflow/example_dags/example_skip_dag.py
[2023-11-08T14:39:45.519+0000] {processor.py:829} INFO - Processing file /home/airflow/.local/lib/python3.11/site-packages/airflow/example_dags/example_skip_dag.py for tasks to queue
[2023-11-08T14:39:45.521+0000] {logging_mixin.py:154} INFO - [2023-11-08T14:39:45.521+0000] {dagbag.py:536} INFO - Filling up the DagBag from /home/airflow/.local/lib/python3.11/site-packages/airflow/example_dags/example_skip_dag.py
[2023-11-08T14:39:45.526+0000] {processor.py:839} INFO - DAG(s) dict_keys(['example_skip_dag']) retrieved from /home/airflow/.local/lib/python3.11/site-packages/airflow/example_dags/example_skip_dag.py
[2023-11-08T14:39:45.542+0000] {logging_mixin.py:154} INFO - [2023-11-08T14:39:45.542+0000] {dag.py:2941} INFO - Sync 1 DAGs
[2023-11-08T14:39:45.558+0000] {logging_mixin.py:154} INFO - [2023-11-08T14:39:45.558+0000] {dag.py:3722} INFO - Setting next_dagrun for example_skip_dag to 2023-11-07T14:39:45.558283+00:00, run_after=2023-11-08T14:39:45.558283+00:00
[2023-11-08T14:39:45.571+0000] {processor.py:179} INFO - Processing /home/airflow/.local/lib/python3.11/site-packages/airflow/example_dags/example_skip_dag.py took 0.061 seconds
[2023-11-08T14:40:15.706+0000] {processor.py:157} INFO - Started process (PID=3585) to work on /home/airflow/.local/lib/python3.11/site-packages/airflow/example_dags/example_skip_dag.py
[2023-11-08T14:40:15.706+0000] {processor.py:829} INFO - Processing file /home/airflow/.local/lib/python3.11/site-packages/airflow/example_dags/example_skip_dag.py for tasks to queue
[2023-11-08T14:40:15.708+0000] {logging_mixin.py:154} INFO - [2023-11-08T14:40:15.708+0000] {dagbag.py:536} INFO - Filling up the DagBag from /home/airflow/.local/lib/python3.11/site-packages/airflow/example_dags/example_skip_dag.py
[2023-11-08T14:40:15.713+0000] {processor.py:839} INFO - DAG(s) dict_keys(['example_skip_dag']) retrieved from /home/airflow/.local/lib/python3.11/site-packages/airflow/example_dags/example_skip_dag.py
[2023-11-08T14:40:15.733+0000] {logging_mixin.py:154} INFO - [2023-11-08T14:40:15.732+0000] {dag.py:2941} INFO - Sync 1 DAGs
[2023-11-08T14:40:15.756+0000] {logging_mixin.py:154} INFO - [2023-11-08T14:40:15.756+0000] {dag.py:3722} INFO - Setting next_dagrun for example_skip_dag to 2023-11-07T14:40:15.756312+00:00, run_after=2023-11-08T14:40:15.756312+00:00
[2023-11-08T14:40:15.775+0000] {processor.py:179} INFO - Processing /home/airflow/.local/lib/python3.11/site-packages/airflow/example_dags/example_skip_dag.py took 0.071 seconds
[2023-11-08T14:40:45.847+0000] {processor.py:157} INFO - Started process (PID=3661) to work on /home/airflow/.local/lib/python3.11/site-packages/airflow/example_dags/example_skip_dag.py
[2023-11-08T14:40:45.858+0000] {processor.py:829} INFO - Processing file /home/airflow/.local/lib/python3.11/site-packages/airflow/example_dags/example_skip_dag.py for tasks to queue
[2023-11-08T14:40:45.859+0000] {logging_mixin.py:154} INFO - [2023-11-08T14:40:45.859+0000] {dagbag.py:536} INFO - Filling up the DagBag from /home/airflow/.local/lib/python3.11/site-packages/airflow/example_dags/example_skip_dag.py
[2023-11-08T14:40:45.864+0000] {processor.py:839} INFO - DAG(s) dict_keys(['example_skip_dag']) retrieved from /home/airflow/.local/lib/python3.11/site-packages/airflow/example_dags/example_skip_dag.py
[2023-11-08T14:40:45.883+0000] {logging_mixin.py:154} INFO - [2023-11-08T14:40:45.882+0000] {dag.py:2941} INFO - Sync 1 DAGs
[2023-11-08T14:40:45.899+0000] {logging_mixin.py:154} INFO - [2023-11-08T14:40:45.899+0000] {dag.py:3722} INFO - Setting next_dagrun for example_skip_dag to 2023-11-07T14:40:45.899507+00:00, run_after=2023-11-08T14:40:45.899507+00:00
[2023-11-08T14:40:45.915+0000] {processor.py:179} INFO - Processing /home/airflow/.local/lib/python3.11/site-packages/airflow/example_dags/example_skip_dag.py took 0.069 seconds
[2023-11-08T14:41:16.101+0000] {processor.py:157} INFO - Started process (PID=3737) to work on /home/airflow/.local/lib/python3.11/site-packages/airflow/example_dags/example_skip_dag.py
[2023-11-08T14:41:16.101+0000] {processor.py:829} INFO - Processing file /home/airflow/.local/lib/python3.11/site-packages/airflow/example_dags/example_skip_dag.py for tasks to queue
[2023-11-08T14:41:16.103+0000] {logging_mixin.py:154} INFO - [2023-11-08T14:41:16.103+0000] {dagbag.py:536} INFO - Filling up the DagBag from /home/airflow/.local/lib/python3.11/site-packages/airflow/example_dags/example_skip_dag.py
[2023-11-08T14:41:16.110+0000] {processor.py:839} INFO - DAG(s) dict_keys(['example_skip_dag']) retrieved from /home/airflow/.local/lib/python3.11/site-packages/airflow/example_dags/example_skip_dag.py
[2023-11-08T14:41:16.131+0000] {logging_mixin.py:154} INFO - [2023-11-08T14:41:16.130+0000] {dag.py:2941} INFO - Sync 1 DAGs
[2023-11-08T14:41:16.150+0000] {logging_mixin.py:154} INFO - [2023-11-08T14:41:16.149+0000] {dag.py:3722} INFO - Setting next_dagrun for example_skip_dag to 2023-11-07T14:41:16.149654+00:00, run_after=2023-11-08T14:41:16.149654+00:00
[2023-11-08T14:41:16.165+0000] {processor.py:179} INFO - Processing /home/airflow/.local/lib/python3.11/site-packages/airflow/example_dags/example_skip_dag.py took 0.067 seconds
[2023-11-08T14:41:46.256+0000] {processor.py:157} INFO - Started process (PID=3813) to work on /home/airflow/.local/lib/python3.11/site-packages/airflow/example_dags/example_skip_dag.py
[2023-11-08T14:41:46.272+0000] {processor.py:829} INFO - Processing file /home/airflow/.local/lib/python3.11/site-packages/airflow/example_dags/example_skip_dag.py for tasks to queue
[2023-11-08T14:41:46.274+0000] {logging_mixin.py:154} INFO - [2023-11-08T14:41:46.274+0000] {dagbag.py:536} INFO - Filling up the DagBag from /home/airflow/.local/lib/python3.11/site-packages/airflow/example_dags/example_skip_dag.py
[2023-11-08T14:41:46.278+0000] {processor.py:839} INFO - DAG(s) dict_keys(['example_skip_dag']) retrieved from /home/airflow/.local/lib/python3.11/site-packages/airflow/example_dags/example_skip_dag.py
[2023-11-08T14:41:46.295+0000] {logging_mixin.py:154} INFO - [2023-11-08T14:41:46.294+0000] {dag.py:2941} INFO - Sync 1 DAGs
[2023-11-08T14:41:46.311+0000] {logging_mixin.py:154} INFO - [2023-11-08T14:41:46.311+0000] {dag.py:3722} INFO - Setting next_dagrun for example_skip_dag to 2023-11-07T14:41:46.311507+00:00, run_after=2023-11-08T14:41:46.311507+00:00
[2023-11-08T14:41:46.325+0000] {processor.py:179} INFO - Processing /home/airflow/.local/lib/python3.11/site-packages/airflow/example_dags/example_skip_dag.py took 0.070 seconds
[2023-11-08T14:42:16.506+0000] {processor.py:157} INFO - Started process (PID=3889) to work on /home/airflow/.local/lib/python3.11/site-packages/airflow/example_dags/example_skip_dag.py
[2023-11-08T14:42:16.507+0000] {processor.py:829} INFO - Processing file /home/airflow/.local/lib/python3.11/site-packages/airflow/example_dags/example_skip_dag.py for tasks to queue
[2023-11-08T14:42:16.508+0000] {logging_mixin.py:154} INFO - [2023-11-08T14:42:16.508+0000] {dagbag.py:536} INFO - Filling up the DagBag from /home/airflow/.local/lib/python3.11/site-packages/airflow/example_dags/example_skip_dag.py
[2023-11-08T14:42:16.514+0000] {processor.py:839} INFO - DAG(s) dict_keys(['example_skip_dag']) retrieved from /home/airflow/.local/lib/python3.11/site-packages/airflow/example_dags/example_skip_dag.py
[2023-11-08T14:42:16.530+0000] {logging_mixin.py:154} INFO - [2023-11-08T14:42:16.530+0000] {dag.py:2941} INFO - Sync 1 DAGs
[2023-11-08T14:42:16.546+0000] {logging_mixin.py:154} INFO - [2023-11-08T14:42:16.546+0000] {dag.py:3722} INFO - Setting next_dagrun for example_skip_dag to 2023-11-07T14:42:16.545967+00:00, run_after=2023-11-08T14:42:16.545967+00:00
[2023-11-08T14:42:16.559+0000] {processor.py:179} INFO - Processing /home/airflow/.local/lib/python3.11/site-packages/airflow/example_dags/example_skip_dag.py took 0.054 seconds
[2023-11-08T14:42:46.961+0000] {processor.py:157} INFO - Started process (PID=3965) to work on /home/airflow/.local/lib/python3.11/site-packages/airflow/example_dags/example_skip_dag.py
[2023-11-08T14:42:46.963+0000] {processor.py:829} INFO - Processing file /home/airflow/.local/lib/python3.11/site-packages/airflow/example_dags/example_skip_dag.py for tasks to queue
[2023-11-08T14:42:46.965+0000] {logging_mixin.py:154} INFO - [2023-11-08T14:42:46.965+0000] {dagbag.py:536} INFO - Filling up the DagBag from /home/airflow/.local/lib/python3.11/site-packages/airflow/example_dags/example_skip_dag.py
[2023-11-08T14:42:46.970+0000] {processor.py:839} INFO - DAG(s) dict_keys(['example_skip_dag']) retrieved from /home/airflow/.local/lib/python3.11/site-packages/airflow/example_dags/example_skip_dag.py
[2023-11-08T14:42:46.986+0000] {logging_mixin.py:154} INFO - [2023-11-08T14:42:46.986+0000] {dag.py:2941} INFO - Sync 1 DAGs
[2023-11-08T14:42:47.003+0000] {logging_mixin.py:154} INFO - [2023-11-08T14:42:47.003+0000] {dag.py:3722} INFO - Setting next_dagrun for example_skip_dag to 2023-11-07T14:42:47.002821+00:00, run_after=2023-11-08T14:42:47.002821+00:00
[2023-11-08T14:42:47.016+0000] {processor.py:179} INFO - Processing /home/airflow/.local/lib/python3.11/site-packages/airflow/example_dags/example_skip_dag.py took 0.057 seconds
[2023-11-08T14:43:17.306+0000] {processor.py:157} INFO - Started process (PID=4041) to work on /home/airflow/.local/lib/python3.11/site-packages/airflow/example_dags/example_skip_dag.py
[2023-11-08T14:43:17.307+0000] {processor.py:829} INFO - Processing file /home/airflow/.local/lib/python3.11/site-packages/airflow/example_dags/example_skip_dag.py for tasks to queue
[2023-11-08T14:43:17.309+0000] {logging_mixin.py:154} INFO - [2023-11-08T14:43:17.309+0000] {dagbag.py:536} INFO - Filling up the DagBag from /home/airflow/.local/lib/python3.11/site-packages/airflow/example_dags/example_skip_dag.py
[2023-11-08T14:43:17.315+0000] {processor.py:839} INFO - DAG(s) dict_keys(['example_skip_dag']) retrieved from /home/airflow/.local/lib/python3.11/site-packages/airflow/example_dags/example_skip_dag.py
[2023-11-08T14:43:17.333+0000] {logging_mixin.py:154} INFO - [2023-11-08T14:43:17.332+0000] {dag.py:2941} INFO - Sync 1 DAGs
[2023-11-08T14:43:17.351+0000] {logging_mixin.py:154} INFO - [2023-11-08T14:43:17.351+0000] {dag.py:3722} INFO - Setting next_dagrun for example_skip_dag to 2023-11-07T14:43:17.350823+00:00, run_after=2023-11-08T14:43:17.350823+00:00
[2023-11-08T14:43:17.366+0000] {processor.py:179} INFO - Processing /home/airflow/.local/lib/python3.11/site-packages/airflow/example_dags/example_skip_dag.py took 0.062 seconds
[2023-11-08T14:43:47.823+0000] {processor.py:157} INFO - Started process (PID=4117) to work on /home/airflow/.local/lib/python3.11/site-packages/airflow/example_dags/example_skip_dag.py
[2023-11-08T14:43:47.835+0000] {processor.py:829} INFO - Processing file /home/airflow/.local/lib/python3.11/site-packages/airflow/example_dags/example_skip_dag.py for tasks to queue
[2023-11-08T14:43:47.837+0000] {logging_mixin.py:154} INFO - [2023-11-08T14:43:47.836+0000] {dagbag.py:536} INFO - Filling up the DagBag from /home/airflow/.local/lib/python3.11/site-packages/airflow/example_dags/example_skip_dag.py
[2023-11-08T14:43:47.842+0000] {processor.py:839} INFO - DAG(s) dict_keys(['example_skip_dag']) retrieved from /home/airflow/.local/lib/python3.11/site-packages/airflow/example_dags/example_skip_dag.py
[2023-11-08T14:43:47.860+0000] {logging_mixin.py:154} INFO - [2023-11-08T14:43:47.860+0000] {dag.py:2941} INFO - Sync 1 DAGs
[2023-11-08T14:43:47.879+0000] {logging_mixin.py:154} INFO - [2023-11-08T14:43:47.878+0000] {dag.py:3722} INFO - Setting next_dagrun for example_skip_dag to 2023-11-07T14:43:47.878654+00:00, run_after=2023-11-08T14:43:47.878654+00:00
[2023-11-08T14:43:47.893+0000] {processor.py:179} INFO - Processing /home/airflow/.local/lib/python3.11/site-packages/airflow/example_dags/example_skip_dag.py took 0.073 seconds
[2023-11-08T14:44:17.981+0000] {processor.py:157} INFO - Started process (PID=4193) to work on /home/airflow/.local/lib/python3.11/site-packages/airflow/example_dags/example_skip_dag.py
[2023-11-08T14:44:17.982+0000] {processor.py:829} INFO - Processing file /home/airflow/.local/lib/python3.11/site-packages/airflow/example_dags/example_skip_dag.py for tasks to queue
[2023-11-08T14:44:17.983+0000] {logging_mixin.py:154} INFO - [2023-11-08T14:44:17.983+0000] {dagbag.py:536} INFO - Filling up the DagBag from /home/airflow/.local/lib/python3.11/site-packages/airflow/example_dags/example_skip_dag.py
[2023-11-08T14:44:17.989+0000] {processor.py:839} INFO - DAG(s) dict_keys(['example_skip_dag']) retrieved from /home/airflow/.local/lib/python3.11/site-packages/airflow/example_dags/example_skip_dag.py
[2023-11-08T14:44:18.006+0000] {logging_mixin.py:154} INFO - [2023-11-08T14:44:18.006+0000] {dag.py:2941} INFO - Sync 1 DAGs
[2023-11-08T14:44:18.023+0000] {logging_mixin.py:154} INFO - [2023-11-08T14:44:18.023+0000] {dag.py:3722} INFO - Setting next_dagrun for example_skip_dag to 2023-11-07T14:44:18.023425+00:00, run_after=2023-11-08T14:44:18.023425+00:00
[2023-11-08T14:44:18.037+0000] {processor.py:179} INFO - Processing /home/airflow/.local/lib/python3.11/site-packages/airflow/example_dags/example_skip_dag.py took 0.058 seconds
[2023-11-08T14:44:48.269+0000] {processor.py:157} INFO - Started process (PID=4269) to work on /home/airflow/.local/lib/python3.11/site-packages/airflow/example_dags/example_skip_dag.py
[2023-11-08T14:44:48.270+0000] {processor.py:829} INFO - Processing file /home/airflow/.local/lib/python3.11/site-packages/airflow/example_dags/example_skip_dag.py for tasks to queue
[2023-11-08T14:44:48.272+0000] {logging_mixin.py:154} INFO - [2023-11-08T14:44:48.271+0000] {dagbag.py:536} INFO - Filling up the DagBag from /home/airflow/.local/lib/python3.11/site-packages/airflow/example_dags/example_skip_dag.py
[2023-11-08T14:44:48.277+0000] {processor.py:839} INFO - DAG(s) dict_keys(['example_skip_dag']) retrieved from /home/airflow/.local/lib/python3.11/site-packages/airflow/example_dags/example_skip_dag.py
[2023-11-08T14:44:48.295+0000] {logging_mixin.py:154} INFO - [2023-11-08T14:44:48.294+0000] {dag.py:2941} INFO - Sync 1 DAGs
[2023-11-08T14:44:48.311+0000] {logging_mixin.py:154} INFO - [2023-11-08T14:44:48.311+0000] {dag.py:3722} INFO - Setting next_dagrun for example_skip_dag to 2023-11-07T14:44:48.311358+00:00, run_after=2023-11-08T14:44:48.311358+00:00
[2023-11-08T14:44:48.494+0000] {processor.py:179} INFO - Processing /home/airflow/.local/lib/python3.11/site-packages/airflow/example_dags/example_skip_dag.py took 0.227 seconds
[2023-11-08T14:45:18.541+0000] {processor.py:157} INFO - Started process (PID=4346) to work on /home/airflow/.local/lib/python3.11/site-packages/airflow/example_dags/example_skip_dag.py
[2023-11-08T14:45:18.541+0000] {processor.py:829} INFO - Processing file /home/airflow/.local/lib/python3.11/site-packages/airflow/example_dags/example_skip_dag.py for tasks to queue
[2023-11-08T14:45:18.543+0000] {logging_mixin.py:154} INFO - [2023-11-08T14:45:18.542+0000] {dagbag.py:536} INFO - Filling up the DagBag from /home/airflow/.local/lib/python3.11/site-packages/airflow/example_dags/example_skip_dag.py
[2023-11-08T14:45:18.548+0000] {processor.py:839} INFO - DAG(s) dict_keys(['example_skip_dag']) retrieved from /home/airflow/.local/lib/python3.11/site-packages/airflow/example_dags/example_skip_dag.py
[2023-11-08T14:45:18.565+0000] {logging_mixin.py:154} INFO - [2023-11-08T14:45:18.565+0000] {dag.py:2941} INFO - Sync 1 DAGs
[2023-11-08T14:45:18.582+0000] {logging_mixin.py:154} INFO - [2023-11-08T14:45:18.582+0000] {dag.py:3722} INFO - Setting next_dagrun for example_skip_dag to 2023-11-07T14:45:18.582390+00:00, run_after=2023-11-08T14:45:18.582390+00:00
[2023-11-08T14:45:18.597+0000] {processor.py:179} INFO - Processing /home/airflow/.local/lib/python3.11/site-packages/airflow/example_dags/example_skip_dag.py took 0.058 seconds
[2023-11-08T14:45:49.146+0000] {processor.py:157} INFO - Started process (PID=4422) to work on /home/airflow/.local/lib/python3.11/site-packages/airflow/example_dags/example_skip_dag.py
[2023-11-08T14:45:49.147+0000] {processor.py:829} INFO - Processing file /home/airflow/.local/lib/python3.11/site-packages/airflow/example_dags/example_skip_dag.py for tasks to queue
[2023-11-08T14:45:49.149+0000] {logging_mixin.py:154} INFO - [2023-11-08T14:45:49.148+0000] {dagbag.py:536} INFO - Filling up the DagBag from /home/airflow/.local/lib/python3.11/site-packages/airflow/example_dags/example_skip_dag.py
[2023-11-08T14:45:49.156+0000] {processor.py:839} INFO - DAG(s) dict_keys(['example_skip_dag']) retrieved from /home/airflow/.local/lib/python3.11/site-packages/airflow/example_dags/example_skip_dag.py
[2023-11-08T14:45:49.173+0000] {logging_mixin.py:154} INFO - [2023-11-08T14:45:49.173+0000] {dag.py:2941} INFO - Sync 1 DAGs
[2023-11-08T14:45:49.190+0000] {logging_mixin.py:154} INFO - [2023-11-08T14:45:49.190+0000] {dag.py:3722} INFO - Setting next_dagrun for example_skip_dag to 2023-11-07T14:45:49.190079+00:00, run_after=2023-11-08T14:45:49.190079+00:00
[2023-11-08T14:45:49.204+0000] {processor.py:179} INFO - Processing /home/airflow/.local/lib/python3.11/site-packages/airflow/example_dags/example_skip_dag.py took 0.060 seconds
[2023-11-08T14:46:19.595+0000] {processor.py:157} INFO - Started process (PID=4498) to work on /home/airflow/.local/lib/python3.11/site-packages/airflow/example_dags/example_skip_dag.py
[2023-11-08T14:46:19.596+0000] {processor.py:829} INFO - Processing file /home/airflow/.local/lib/python3.11/site-packages/airflow/example_dags/example_skip_dag.py for tasks to queue
[2023-11-08T14:46:19.598+0000] {logging_mixin.py:154} INFO - [2023-11-08T14:46:19.597+0000] {dagbag.py:536} INFO - Filling up the DagBag from /home/airflow/.local/lib/python3.11/site-packages/airflow/example_dags/example_skip_dag.py
[2023-11-08T14:46:19.603+0000] {processor.py:839} INFO - DAG(s) dict_keys(['example_skip_dag']) retrieved from /home/airflow/.local/lib/python3.11/site-packages/airflow/example_dags/example_skip_dag.py
[2023-11-08T14:46:19.619+0000] {logging_mixin.py:154} INFO - [2023-11-08T14:46:19.619+0000] {dag.py:2941} INFO - Sync 1 DAGs
[2023-11-08T14:46:19.637+0000] {logging_mixin.py:154} INFO - [2023-11-08T14:46:19.636+0000] {dag.py:3722} INFO - Setting next_dagrun for example_skip_dag to 2023-11-07T14:46:19.636754+00:00, run_after=2023-11-08T14:46:19.636754+00:00
[2023-11-08T14:46:19.653+0000] {processor.py:179} INFO - Processing /home/airflow/.local/lib/python3.11/site-packages/airflow/example_dags/example_skip_dag.py took 0.061 seconds
[2023-11-08T14:46:50.208+0000] {processor.py:157} INFO - Started process (PID=4574) to work on /home/airflow/.local/lib/python3.11/site-packages/airflow/example_dags/example_skip_dag.py
[2023-11-08T14:46:50.209+0000] {processor.py:829} INFO - Processing file /home/airflow/.local/lib/python3.11/site-packages/airflow/example_dags/example_skip_dag.py for tasks to queue
[2023-11-08T14:46:50.210+0000] {logging_mixin.py:154} INFO - [2023-11-08T14:46:50.210+0000] {dagbag.py:536} INFO - Filling up the DagBag from /home/airflow/.local/lib/python3.11/site-packages/airflow/example_dags/example_skip_dag.py
[2023-11-08T14:46:50.215+0000] {processor.py:839} INFO - DAG(s) dict_keys(['example_skip_dag']) retrieved from /home/airflow/.local/lib/python3.11/site-packages/airflow/example_dags/example_skip_dag.py
[2023-11-08T14:46:50.232+0000] {logging_mixin.py:154} INFO - [2023-11-08T14:46:50.232+0000] {dag.py:2941} INFO - Sync 1 DAGs
[2023-11-08T14:46:50.248+0000] {logging_mixin.py:154} INFO - [2023-11-08T14:46:50.248+0000] {dag.py:3722} INFO - Setting next_dagrun for example_skip_dag to 2023-11-07T14:46:50.248637+00:00, run_after=2023-11-08T14:46:50.248637+00:00
[2023-11-08T14:46:50.262+0000] {processor.py:179} INFO - Processing /home/airflow/.local/lib/python3.11/site-packages/airflow/example_dags/example_skip_dag.py took 0.056 seconds
[2023-11-08T14:47:20.350+0000] {processor.py:157} INFO - Started process (PID=4650) to work on /home/airflow/.local/lib/python3.11/site-packages/airflow/example_dags/example_skip_dag.py
[2023-11-08T14:47:20.395+0000] {processor.py:829} INFO - Processing file /home/airflow/.local/lib/python3.11/site-packages/airflow/example_dags/example_skip_dag.py for tasks to queue
[2023-11-08T14:47:20.397+0000] {logging_mixin.py:154} INFO - [2023-11-08T14:47:20.397+0000] {dagbag.py:536} INFO - Filling up the DagBag from /home/airflow/.local/lib/python3.11/site-packages/airflow/example_dags/example_skip_dag.py
[2023-11-08T14:47:20.401+0000] {processor.py:839} INFO - DAG(s) dict_keys(['example_skip_dag']) retrieved from /home/airflow/.local/lib/python3.11/site-packages/airflow/example_dags/example_skip_dag.py
[2023-11-08T14:47:20.418+0000] {logging_mixin.py:154} INFO - [2023-11-08T14:47:20.418+0000] {dag.py:2941} INFO - Sync 1 DAGs
[2023-11-08T14:47:20.434+0000] {logging_mixin.py:154} INFO - [2023-11-08T14:47:20.434+0000] {dag.py:3722} INFO - Setting next_dagrun for example_skip_dag to 2023-11-07T14:47:20.434330+00:00, run_after=2023-11-08T14:47:20.434330+00:00
[2023-11-08T14:47:20.447+0000] {processor.py:179} INFO - Processing /home/airflow/.local/lib/python3.11/site-packages/airflow/example_dags/example_skip_dag.py took 0.099 seconds
[2023-11-08T14:47:51.020+0000] {processor.py:157} INFO - Started process (PID=4726) to work on /home/airflow/.local/lib/python3.11/site-packages/airflow/example_dags/example_skip_dag.py
[2023-11-08T14:47:51.021+0000] {processor.py:829} INFO - Processing file /home/airflow/.local/lib/python3.11/site-packages/airflow/example_dags/example_skip_dag.py for tasks to queue
[2023-11-08T14:47:51.022+0000] {logging_mixin.py:154} INFO - [2023-11-08T14:47:51.022+0000] {dagbag.py:536} INFO - Filling up the DagBag from /home/airflow/.local/lib/python3.11/site-packages/airflow/example_dags/example_skip_dag.py
[2023-11-08T14:47:51.027+0000] {processor.py:839} INFO - DAG(s) dict_keys(['example_skip_dag']) retrieved from /home/airflow/.local/lib/python3.11/site-packages/airflow/example_dags/example_skip_dag.py
[2023-11-08T14:47:51.044+0000] {logging_mixin.py:154} INFO - [2023-11-08T14:47:51.044+0000] {dag.py:2941} INFO - Sync 1 DAGs
[2023-11-08T14:47:51.230+0000] {logging_mixin.py:154} INFO - [2023-11-08T14:47:51.230+0000] {dag.py:3722} INFO - Setting next_dagrun for example_skip_dag to 2023-11-07T14:47:51.230376+00:00, run_after=2023-11-08T14:47:51.230376+00:00
[2023-11-08T14:47:51.244+0000] {processor.py:179} INFO - Processing /home/airflow/.local/lib/python3.11/site-packages/airflow/example_dags/example_skip_dag.py took 0.226 seconds
[2023-11-08T14:48:22.144+0000] {processor.py:157} INFO - Started process (PID=4802) to work on /home/airflow/.local/lib/python3.11/site-packages/airflow/example_dags/example_skip_dag.py
[2023-11-08T14:48:22.145+0000] {processor.py:829} INFO - Processing file /home/airflow/.local/lib/python3.11/site-packages/airflow/example_dags/example_skip_dag.py for tasks to queue
[2023-11-08T14:48:22.147+0000] {logging_mixin.py:154} INFO - [2023-11-08T14:48:22.147+0000] {dagbag.py:536} INFO - Filling up the DagBag from /home/airflow/.local/lib/python3.11/site-packages/airflow/example_dags/example_skip_dag.py
[2023-11-08T14:48:22.152+0000] {processor.py:839} INFO - DAG(s) dict_keys(['example_skip_dag']) retrieved from /home/airflow/.local/lib/python3.11/site-packages/airflow/example_dags/example_skip_dag.py
[2023-11-08T14:48:22.169+0000] {logging_mixin.py:154} INFO - [2023-11-08T14:48:22.169+0000] {dag.py:2941} INFO - Sync 1 DAGs
[2023-11-08T14:48:22.185+0000] {logging_mixin.py:154} INFO - [2023-11-08T14:48:22.185+0000] {dag.py:3722} INFO - Setting next_dagrun for example_skip_dag to 2023-11-07T14:48:22.185040+00:00, run_after=2023-11-08T14:48:22.185040+00:00
[2023-11-08T14:48:22.366+0000] {processor.py:179} INFO - Processing /home/airflow/.local/lib/python3.11/site-packages/airflow/example_dags/example_skip_dag.py took 0.224 seconds
[2023-11-08T14:48:53.188+0000] {processor.py:157} INFO - Started process (PID=4878) to work on /home/airflow/.local/lib/python3.11/site-packages/airflow/example_dags/example_skip_dag.py
[2023-11-08T14:48:53.188+0000] {processor.py:829} INFO - Processing file /home/airflow/.local/lib/python3.11/site-packages/airflow/example_dags/example_skip_dag.py for tasks to queue
[2023-11-08T14:48:53.190+0000] {logging_mixin.py:154} INFO - [2023-11-08T14:48:53.190+0000] {dagbag.py:536} INFO - Filling up the DagBag from /home/airflow/.local/lib/python3.11/site-packages/airflow/example_dags/example_skip_dag.py
[2023-11-08T14:48:53.196+0000] {processor.py:839} INFO - DAG(s) dict_keys(['example_skip_dag']) retrieved from /home/airflow/.local/lib/python3.11/site-packages/airflow/example_dags/example_skip_dag.py
[2023-11-08T14:48:53.214+0000] {logging_mixin.py:154} INFO - [2023-11-08T14:48:53.213+0000] {dag.py:2941} INFO - Sync 1 DAGs
[2023-11-08T14:48:53.232+0000] {logging_mixin.py:154} INFO - [2023-11-08T14:48:53.231+0000] {dag.py:3722} INFO - Setting next_dagrun for example_skip_dag to 2023-11-07T14:48:53.231766+00:00, run_after=2023-11-08T14:48:53.231766+00:00
[2023-11-08T14:48:53.247+0000] {processor.py:179} INFO - Processing /home/airflow/.local/lib/python3.11/site-packages/airflow/example_dags/example_skip_dag.py took 0.061 seconds
[2023-11-08T14:49:23.639+0000] {processor.py:157} INFO - Started process (PID=4954) to work on /home/airflow/.local/lib/python3.11/site-packages/airflow/example_dags/example_skip_dag.py
[2023-11-08T14:49:23.640+0000] {processor.py:829} INFO - Processing file /home/airflow/.local/lib/python3.11/site-packages/airflow/example_dags/example_skip_dag.py for tasks to queue
[2023-11-08T14:49:23.641+0000] {logging_mixin.py:154} INFO - [2023-11-08T14:49:23.641+0000] {dagbag.py:536} INFO - Filling up the DagBag from /home/airflow/.local/lib/python3.11/site-packages/airflow/example_dags/example_skip_dag.py
[2023-11-08T14:49:23.647+0000] {processor.py:839} INFO - DAG(s) dict_keys(['example_skip_dag']) retrieved from /home/airflow/.local/lib/python3.11/site-packages/airflow/example_dags/example_skip_dag.py
[2023-11-08T14:49:23.852+0000] {logging_mixin.py:154} INFO - [2023-11-08T14:49:23.851+0000] {dag.py:2941} INFO - Sync 1 DAGs
[2023-11-08T14:49:23.868+0000] {logging_mixin.py:154} INFO - [2023-11-08T14:49:23.868+0000] {dag.py:3722} INFO - Setting next_dagrun for example_skip_dag to 2023-11-07T14:49:23.868419+00:00, run_after=2023-11-08T14:49:23.868419+00:00
[2023-11-08T14:49:23.884+0000] {processor.py:179} INFO - Processing /home/airflow/.local/lib/python3.11/site-packages/airflow/example_dags/example_skip_dag.py took 0.248 seconds
[2023-11-08T14:49:54.639+0000] {processor.py:157} INFO - Started process (PID=5030) to work on /home/airflow/.local/lib/python3.11/site-packages/airflow/example_dags/example_skip_dag.py
[2023-11-08T14:49:54.640+0000] {processor.py:829} INFO - Processing file /home/airflow/.local/lib/python3.11/site-packages/airflow/example_dags/example_skip_dag.py for tasks to queue
[2023-11-08T14:49:54.642+0000] {logging_mixin.py:154} INFO - [2023-11-08T14:49:54.642+0000] {dagbag.py:536} INFO - Filling up the DagBag from /home/airflow/.local/lib/python3.11/site-packages/airflow/example_dags/example_skip_dag.py
[2023-11-08T14:49:54.647+0000] {processor.py:839} INFO - DAG(s) dict_keys(['example_skip_dag']) retrieved from /home/airflow/.local/lib/python3.11/site-packages/airflow/example_dags/example_skip_dag.py
[2023-11-08T14:49:54.712+0000] {logging_mixin.py:154} INFO - [2023-11-08T14:49:54.711+0000] {dag.py:2941} INFO - Sync 1 DAGs
[2023-11-08T14:49:54.732+0000] {logging_mixin.py:154} INFO - [2023-11-08T14:49:54.731+0000] {dag.py:3722} INFO - Setting next_dagrun for example_skip_dag to 2023-11-07T14:49:54.731706+00:00, run_after=2023-11-08T14:49:54.731706+00:00
[2023-11-08T14:49:54.745+0000] {processor.py:179} INFO - Processing /home/airflow/.local/lib/python3.11/site-packages/airflow/example_dags/example_skip_dag.py took 0.109 seconds
[2023-11-08T14:50:24.860+0000] {processor.py:157} INFO - Started process (PID=5106) to work on /home/airflow/.local/lib/python3.11/site-packages/airflow/example_dags/example_skip_dag.py
[2023-11-08T14:50:24.861+0000] {processor.py:829} INFO - Processing file /home/airflow/.local/lib/python3.11/site-packages/airflow/example_dags/example_skip_dag.py for tasks to queue
[2023-11-08T14:50:24.862+0000] {logging_mixin.py:154} INFO - [2023-11-08T14:50:24.862+0000] {dagbag.py:536} INFO - Filling up the DagBag from /home/airflow/.local/lib/python3.11/site-packages/airflow/example_dags/example_skip_dag.py
[2023-11-08T14:50:24.869+0000] {processor.py:839} INFO - DAG(s) dict_keys(['example_skip_dag']) retrieved from /home/airflow/.local/lib/python3.11/site-packages/airflow/example_dags/example_skip_dag.py
[2023-11-08T14:50:24.889+0000] {logging_mixin.py:154} INFO - [2023-11-08T14:50:24.888+0000] {dag.py:2941} INFO - Sync 1 DAGs
[2023-11-08T14:50:24.905+0000] {logging_mixin.py:154} INFO - [2023-11-08T14:50:24.905+0000] {dag.py:3722} INFO - Setting next_dagrun for example_skip_dag to 2023-11-07T14:50:24.905022+00:00, run_after=2023-11-08T14:50:24.905022+00:00
[2023-11-08T14:50:24.921+0000] {processor.py:179} INFO - Processing /home/airflow/.local/lib/python3.11/site-packages/airflow/example_dags/example_skip_dag.py took 0.064 seconds
[2023-11-08T14:50:55.256+0000] {processor.py:157} INFO - Started process (PID=5182) to work on /home/airflow/.local/lib/python3.11/site-packages/airflow/example_dags/example_skip_dag.py
[2023-11-08T14:50:55.257+0000] {processor.py:829} INFO - Processing file /home/airflow/.local/lib/python3.11/site-packages/airflow/example_dags/example_skip_dag.py for tasks to queue
[2023-11-08T14:50:55.263+0000] {logging_mixin.py:154} INFO - [2023-11-08T14:50:55.263+0000] {dagbag.py:536} INFO - Filling up the DagBag from /home/airflow/.local/lib/python3.11/site-packages/airflow/example_dags/example_skip_dag.py
[2023-11-08T14:50:55.272+0000] {processor.py:839} INFO - DAG(s) dict_keys(['example_skip_dag']) retrieved from /home/airflow/.local/lib/python3.11/site-packages/airflow/example_dags/example_skip_dag.py
[2023-11-08T14:50:55.322+0000] {logging_mixin.py:154} INFO - [2023-11-08T14:50:55.321+0000] {dag.py:2941} INFO - Sync 1 DAGs
[2023-11-08T14:50:55.362+0000] {logging_mixin.py:154} INFO - [2023-11-08T14:50:55.362+0000] {dag.py:3722} INFO - Setting next_dagrun for example_skip_dag to 2023-11-07T14:50:55.361706+00:00, run_after=2023-11-08T14:50:55.361706+00:00
[2023-11-08T14:50:55.386+0000] {processor.py:179} INFO - Processing /home/airflow/.local/lib/python3.11/site-packages/airflow/example_dags/example_skip_dag.py took 0.135 seconds
[2023-11-08T14:51:26.184+0000] {processor.py:157} INFO - Started process (PID=5258) to work on /home/airflow/.local/lib/python3.11/site-packages/airflow/example_dags/example_skip_dag.py
[2023-11-08T14:51:26.205+0000] {processor.py:829} INFO - Processing file /home/airflow/.local/lib/python3.11/site-packages/airflow/example_dags/example_skip_dag.py for tasks to queue
[2023-11-08T14:51:26.207+0000] {logging_mixin.py:154} INFO - [2023-11-08T14:51:26.207+0000] {dagbag.py:536} INFO - Filling up the DagBag from /home/airflow/.local/lib/python3.11/site-packages/airflow/example_dags/example_skip_dag.py
[2023-11-08T14:51:26.211+0000] {processor.py:839} INFO - DAG(s) dict_keys(['example_skip_dag']) retrieved from /home/airflow/.local/lib/python3.11/site-packages/airflow/example_dags/example_skip_dag.py
[2023-11-08T14:51:26.234+0000] {logging_mixin.py:154} INFO - [2023-11-08T14:51:26.233+0000] {dag.py:2941} INFO - Sync 1 DAGs
[2023-11-08T14:51:26.250+0000] {logging_mixin.py:154} INFO - [2023-11-08T14:51:26.250+0000] {dag.py:3722} INFO - Setting next_dagrun for example_skip_dag to 2023-11-07T14:51:26.250417+00:00, run_after=2023-11-08T14:51:26.250417+00:00
[2023-11-08T14:51:26.263+0000] {processor.py:179} INFO - Processing /home/airflow/.local/lib/python3.11/site-packages/airflow/example_dags/example_skip_dag.py took 0.081 seconds
[2023-11-08T14:51:56.616+0000] {processor.py:157} INFO - Started process (PID=5334) to work on /home/airflow/.local/lib/python3.11/site-packages/airflow/example_dags/example_skip_dag.py
[2023-11-08T14:51:56.617+0000] {processor.py:829} INFO - Processing file /home/airflow/.local/lib/python3.11/site-packages/airflow/example_dags/example_skip_dag.py for tasks to queue
[2023-11-08T14:51:56.620+0000] {logging_mixin.py:154} INFO - [2023-11-08T14:51:56.620+0000] {dagbag.py:536} INFO - Filling up the DagBag from /home/airflow/.local/lib/python3.11/site-packages/airflow/example_dags/example_skip_dag.py
[2023-11-08T14:51:56.630+0000] {processor.py:839} INFO - DAG(s) dict_keys(['example_skip_dag']) retrieved from /home/airflow/.local/lib/python3.11/site-packages/airflow/example_dags/example_skip_dag.py
[2023-11-08T14:51:56.660+0000] {logging_mixin.py:154} INFO - [2023-11-08T14:51:56.660+0000] {dag.py:2941} INFO - Sync 1 DAGs
[2023-11-08T14:51:56.686+0000] {logging_mixin.py:154} INFO - [2023-11-08T14:51:56.686+0000] {dag.py:3722} INFO - Setting next_dagrun for example_skip_dag to 2023-11-07T14:51:56.685861+00:00, run_after=2023-11-08T14:51:56.685861+00:00
[2023-11-08T14:51:56.712+0000] {processor.py:179} INFO - Processing /home/airflow/.local/lib/python3.11/site-packages/airflow/example_dags/example_skip_dag.py took 0.100 seconds
