[2023-11-08T14:16:26.127+0000] {processor.py:157} INFO - Started process (PID=98) to work on /home/airflow/.local/lib/python3.11/site-packages/airflow/example_dags/example_sla_dag.py
[2023-11-08T14:16:26.128+0000] {processor.py:829} INFO - Processing file /home/airflow/.local/lib/python3.11/site-packages/airflow/example_dags/example_sla_dag.py for tasks to queue
[2023-11-08T14:16:26.133+0000] {logging_mixin.py:154} INFO - [2023-11-08T14:16:26.132+0000] {dagbag.py:536} INFO - Filling up the DagBag from /home/airflow/.local/lib/python3.11/site-packages/airflow/example_dags/example_sla_dag.py
[2023-11-08T14:16:26.167+0000] {processor.py:839} INFO - DAG(s) dict_keys(['example_sla_dag']) retrieved from /home/airflow/.local/lib/python3.11/site-packages/airflow/example_dags/example_sla_dag.py
[2023-11-08T14:16:26.606+0000] {logging_mixin.py:154} INFO - [2023-11-08T14:16:26.606+0000] {manager.py:499} INFO - Created Permission View: %s
[2023-11-08T14:16:26.642+0000] {logging_mixin.py:154} INFO - [2023-11-08T14:16:26.641+0000] {manager.py:499} INFO - Created Permission View: %s
[2023-11-08T14:16:26.662+0000] {logging_mixin.py:154} INFO - [2023-11-08T14:16:26.660+0000] {manager.py:499} INFO - Created Permission View: %s
[2023-11-08T14:16:26.665+0000] {logging_mixin.py:154} INFO - [2023-11-08T14:16:26.663+0000] {dag.py:2941} INFO - Sync 1 DAGs
[2023-11-08T14:16:26.709+0000] {logging_mixin.py:154} INFO - [2023-11-08T14:16:26.708+0000] {dag.py:2963} INFO - Creating ORM DAG for example_sla_dag
[2023-11-08T14:16:26.768+0000] {logging_mixin.py:154} INFO - [2023-11-08T14:16:26.767+0000] {dag.py:3722} INFO - Setting next_dagrun for example_sla_dag to 2023-11-08T14:14:00+00:00, run_after=2023-11-08T14:16:00+00:00
[2023-11-08T14:16:26.819+0000] {processor.py:179} INFO - Processing /home/airflow/.local/lib/python3.11/site-packages/airflow/example_dags/example_sla_dag.py took 0.704 seconds
[2023-11-08T14:16:56.882+0000] {processor.py:157} INFO - Started process (PID=173) to work on /home/airflow/.local/lib/python3.11/site-packages/airflow/example_dags/example_sla_dag.py
[2023-11-08T14:16:56.884+0000] {processor.py:829} INFO - Processing file /home/airflow/.local/lib/python3.11/site-packages/airflow/example_dags/example_sla_dag.py for tasks to queue
[2023-11-08T14:16:56.888+0000] {logging_mixin.py:154} INFO - [2023-11-08T14:16:56.887+0000] {dagbag.py:536} INFO - Filling up the DagBag from /home/airflow/.local/lib/python3.11/site-packages/airflow/example_dags/example_sla_dag.py
[2023-11-08T14:16:56.899+0000] {processor.py:839} INFO - DAG(s) dict_keys(['example_sla_dag']) retrieved from /home/airflow/.local/lib/python3.11/site-packages/airflow/example_dags/example_sla_dag.py
[2023-11-08T14:16:56.926+0000] {logging_mixin.py:154} INFO - [2023-11-08T14:16:56.926+0000] {dag.py:2941} INFO - Sync 1 DAGs
[2023-11-08T14:16:56.970+0000] {logging_mixin.py:154} INFO - [2023-11-08T14:16:56.970+0000] {dag.py:3722} INFO - Setting next_dagrun for example_sla_dag to 2023-11-08T14:14:00+00:00, run_after=2023-11-08T14:16:00+00:00
[2023-11-08T14:16:57.002+0000] {processor.py:179} INFO - Processing /home/airflow/.local/lib/python3.11/site-packages/airflow/example_dags/example_sla_dag.py took 0.123 seconds
[2023-11-08T14:17:27.801+0000] {processor.py:157} INFO - Started process (PID=249) to work on /home/airflow/.local/lib/python3.11/site-packages/airflow/example_dags/example_sla_dag.py
[2023-11-08T14:17:27.803+0000] {processor.py:829} INFO - Processing file /home/airflow/.local/lib/python3.11/site-packages/airflow/example_dags/example_sla_dag.py for tasks to queue
[2023-11-08T14:17:27.809+0000] {logging_mixin.py:154} INFO - [2023-11-08T14:17:27.807+0000] {dagbag.py:536} INFO - Filling up the DagBag from /home/airflow/.local/lib/python3.11/site-packages/airflow/example_dags/example_sla_dag.py
[2023-11-08T14:17:27.839+0000] {processor.py:839} INFO - DAG(s) dict_keys(['example_sla_dag']) retrieved from /home/airflow/.local/lib/python3.11/site-packages/airflow/example_dags/example_sla_dag.py
[2023-11-08T14:17:27.884+0000] {logging_mixin.py:154} INFO - [2023-11-08T14:17:27.884+0000] {dag.py:2941} INFO - Sync 1 DAGs
[2023-11-08T14:17:27.991+0000] {logging_mixin.py:154} INFO - [2023-11-08T14:17:27.991+0000] {dag.py:3722} INFO - Setting next_dagrun for example_sla_dag to 2023-11-08T14:14:00+00:00, run_after=2023-11-08T14:16:00+00:00
[2023-11-08T14:17:28.030+0000] {processor.py:179} INFO - Processing /home/airflow/.local/lib/python3.11/site-packages/airflow/example_dags/example_sla_dag.py took 0.363 seconds
[2023-11-08T14:17:58.141+0000] {processor.py:157} INFO - Started process (PID=325) to work on /home/airflow/.local/lib/python3.11/site-packages/airflow/example_dags/example_sla_dag.py
[2023-11-08T14:17:58.142+0000] {processor.py:829} INFO - Processing file /home/airflow/.local/lib/python3.11/site-packages/airflow/example_dags/example_sla_dag.py for tasks to queue
[2023-11-08T14:17:58.147+0000] {logging_mixin.py:154} INFO - [2023-11-08T14:17:58.146+0000] {dagbag.py:536} INFO - Filling up the DagBag from /home/airflow/.local/lib/python3.11/site-packages/airflow/example_dags/example_sla_dag.py
[2023-11-08T14:17:58.164+0000] {processor.py:839} INFO - DAG(s) dict_keys(['example_sla_dag']) retrieved from /home/airflow/.local/lib/python3.11/site-packages/airflow/example_dags/example_sla_dag.py
[2023-11-08T14:17:58.202+0000] {logging_mixin.py:154} INFO - [2023-11-08T14:17:58.201+0000] {dag.py:2941} INFO - Sync 1 DAGs
[2023-11-08T14:17:58.259+0000] {logging_mixin.py:154} INFO - [2023-11-08T14:17:58.259+0000] {dag.py:3722} INFO - Setting next_dagrun for example_sla_dag to 2023-11-08T14:14:00+00:00, run_after=2023-11-08T14:16:00+00:00
[2023-11-08T14:17:58.292+0000] {processor.py:179} INFO - Processing /home/airflow/.local/lib/python3.11/site-packages/airflow/example_dags/example_sla_dag.py took 0.156 seconds
[2023-11-08T14:18:29.198+0000] {processor.py:157} INFO - Started process (PID=401) to work on /home/airflow/.local/lib/python3.11/site-packages/airflow/example_dags/example_sla_dag.py
[2023-11-08T14:18:29.210+0000] {processor.py:829} INFO - Processing file /home/airflow/.local/lib/python3.11/site-packages/airflow/example_dags/example_sla_dag.py for tasks to queue
[2023-11-08T14:18:29.215+0000] {logging_mixin.py:154} INFO - [2023-11-08T14:18:29.215+0000] {dagbag.py:536} INFO - Filling up the DagBag from /home/airflow/.local/lib/python3.11/site-packages/airflow/example_dags/example_sla_dag.py
[2023-11-08T14:18:29.253+0000] {processor.py:839} INFO - DAG(s) dict_keys(['example_sla_dag']) retrieved from /home/airflow/.local/lib/python3.11/site-packages/airflow/example_dags/example_sla_dag.py
[2023-11-08T14:18:29.345+0000] {logging_mixin.py:154} INFO - [2023-11-08T14:18:29.344+0000] {dag.py:2941} INFO - Sync 1 DAGs
[2023-11-08T14:18:29.449+0000] {logging_mixin.py:154} INFO - [2023-11-08T14:18:29.449+0000] {dag.py:3722} INFO - Setting next_dagrun for example_sla_dag to 2023-11-08T14:16:00+00:00, run_after=2023-11-08T14:18:00+00:00
[2023-11-08T14:18:29.631+0000] {processor.py:179} INFO - Processing /home/airflow/.local/lib/python3.11/site-packages/airflow/example_dags/example_sla_dag.py took 0.440 seconds
[2023-11-08T14:18:59.712+0000] {processor.py:157} INFO - Started process (PID=476) to work on /home/airflow/.local/lib/python3.11/site-packages/airflow/example_dags/example_sla_dag.py
[2023-11-08T14:18:59.713+0000] {processor.py:829} INFO - Processing file /home/airflow/.local/lib/python3.11/site-packages/airflow/example_dags/example_sla_dag.py for tasks to queue
[2023-11-08T14:18:59.717+0000] {logging_mixin.py:154} INFO - [2023-11-08T14:18:59.717+0000] {dagbag.py:536} INFO - Filling up the DagBag from /home/airflow/.local/lib/python3.11/site-packages/airflow/example_dags/example_sla_dag.py
[2023-11-08T14:18:59.753+0000] {processor.py:839} INFO - DAG(s) dict_keys(['example_sla_dag']) retrieved from /home/airflow/.local/lib/python3.11/site-packages/airflow/example_dags/example_sla_dag.py
[2023-11-08T14:18:59.821+0000] {logging_mixin.py:154} INFO - [2023-11-08T14:18:59.821+0000] {dag.py:2941} INFO - Sync 1 DAGs
[2023-11-08T14:18:59.966+0000] {logging_mixin.py:154} INFO - [2023-11-08T14:18:59.965+0000] {dag.py:3722} INFO - Setting next_dagrun for example_sla_dag to 2023-11-08T14:16:00+00:00, run_after=2023-11-08T14:18:00+00:00
[2023-11-08T14:19:00.054+0000] {processor.py:179} INFO - Processing /home/airflow/.local/lib/python3.11/site-packages/airflow/example_dags/example_sla_dag.py took 0.353 seconds
[2023-11-08T14:19:39.204+0000] {processor.py:157} INFO - Started process (PID=553) to work on /home/airflow/.local/lib/python3.11/site-packages/airflow/example_dags/example_sla_dag.py
[2023-11-08T14:19:39.208+0000] {processor.py:829} INFO - Processing file /home/airflow/.local/lib/python3.11/site-packages/airflow/example_dags/example_sla_dag.py for tasks to queue
[2023-11-08T14:19:39.213+0000] {logging_mixin.py:154} INFO - [2023-11-08T14:19:39.212+0000] {dagbag.py:536} INFO - Filling up the DagBag from /home/airflow/.local/lib/python3.11/site-packages/airflow/example_dags/example_sla_dag.py
[2023-11-08T14:19:39.245+0000] {processor.py:839} INFO - DAG(s) dict_keys(['example_sla_dag']) retrieved from /home/airflow/.local/lib/python3.11/site-packages/airflow/example_dags/example_sla_dag.py
[2023-11-08T14:19:39.334+0000] {logging_mixin.py:154} INFO - [2023-11-08T14:19:39.333+0000] {dag.py:2941} INFO - Sync 1 DAGs
[2023-11-08T14:19:39.499+0000] {logging_mixin.py:154} INFO - [2023-11-08T14:19:39.498+0000] {dag.py:3722} INFO - Setting next_dagrun for example_sla_dag to 2023-11-08T14:16:00+00:00, run_after=2023-11-08T14:18:00+00:00
[2023-11-08T14:19:39.611+0000] {processor.py:179} INFO - Processing /home/airflow/.local/lib/python3.11/site-packages/airflow/example_dags/example_sla_dag.py took 0.424 seconds
[2023-11-08T14:20:10.294+0000] {processor.py:157} INFO - Started process (PID=630) to work on /home/airflow/.local/lib/python3.11/site-packages/airflow/example_dags/example_sla_dag.py
[2023-11-08T14:20:10.295+0000] {processor.py:829} INFO - Processing file /home/airflow/.local/lib/python3.11/site-packages/airflow/example_dags/example_sla_dag.py for tasks to queue
[2023-11-08T14:20:10.299+0000] {logging_mixin.py:154} INFO - [2023-11-08T14:20:10.298+0000] {dagbag.py:536} INFO - Filling up the DagBag from /home/airflow/.local/lib/python3.11/site-packages/airflow/example_dags/example_sla_dag.py
[2023-11-08T14:20:10.315+0000] {processor.py:839} INFO - DAG(s) dict_keys(['example_sla_dag']) retrieved from /home/airflow/.local/lib/python3.11/site-packages/airflow/example_dags/example_sla_dag.py
[2023-11-08T14:20:10.347+0000] {logging_mixin.py:154} INFO - [2023-11-08T14:20:10.347+0000] {dag.py:2941} INFO - Sync 1 DAGs
[2023-11-08T14:20:10.402+0000] {logging_mixin.py:154} INFO - [2023-11-08T14:20:10.401+0000] {dag.py:3722} INFO - Setting next_dagrun for example_sla_dag to 2023-11-08T14:18:00+00:00, run_after=2023-11-08T14:20:00+00:00
[2023-11-08T14:20:10.447+0000] {processor.py:179} INFO - Processing /home/airflow/.local/lib/python3.11/site-packages/airflow/example_dags/example_sla_dag.py took 0.157 seconds
[2023-11-08T14:20:40.687+0000] {processor.py:157} INFO - Started process (PID=706) to work on /home/airflow/.local/lib/python3.11/site-packages/airflow/example_dags/example_sla_dag.py
[2023-11-08T14:20:40.689+0000] {processor.py:829} INFO - Processing file /home/airflow/.local/lib/python3.11/site-packages/airflow/example_dags/example_sla_dag.py for tasks to queue
[2023-11-08T14:20:40.693+0000] {logging_mixin.py:154} INFO - [2023-11-08T14:20:40.692+0000] {dagbag.py:536} INFO - Filling up the DagBag from /home/airflow/.local/lib/python3.11/site-packages/airflow/example_dags/example_sla_dag.py
[2023-11-08T14:20:40.716+0000] {processor.py:839} INFO - DAG(s) dict_keys(['example_sla_dag']) retrieved from /home/airflow/.local/lib/python3.11/site-packages/airflow/example_dags/example_sla_dag.py
[2023-11-08T14:20:40.769+0000] {logging_mixin.py:154} INFO - [2023-11-08T14:20:40.769+0000] {dag.py:2941} INFO - Sync 1 DAGs
[2023-11-08T14:20:40.861+0000] {logging_mixin.py:154} INFO - [2023-11-08T14:20:40.860+0000] {dag.py:3722} INFO - Setting next_dagrun for example_sla_dag to 2023-11-08T14:18:00+00:00, run_after=2023-11-08T14:20:00+00:00
[2023-11-08T14:20:40.907+0000] {processor.py:179} INFO - Processing /home/airflow/.local/lib/python3.11/site-packages/airflow/example_dags/example_sla_dag.py took 0.231 seconds
[2023-11-08T14:21:12.009+0000] {processor.py:157} INFO - Started process (PID=782) to work on /home/airflow/.local/lib/python3.11/site-packages/airflow/example_dags/example_sla_dag.py
[2023-11-08T14:21:12.011+0000] {processor.py:829} INFO - Processing file /home/airflow/.local/lib/python3.11/site-packages/airflow/example_dags/example_sla_dag.py for tasks to queue
[2023-11-08T14:21:12.015+0000] {logging_mixin.py:154} INFO - [2023-11-08T14:21:12.014+0000] {dagbag.py:536} INFO - Filling up the DagBag from /home/airflow/.local/lib/python3.11/site-packages/airflow/example_dags/example_sla_dag.py
[2023-11-08T14:21:12.047+0000] {processor.py:839} INFO - DAG(s) dict_keys(['example_sla_dag']) retrieved from /home/airflow/.local/lib/python3.11/site-packages/airflow/example_dags/example_sla_dag.py
[2023-11-08T14:21:12.102+0000] {logging_mixin.py:154} INFO - [2023-11-08T14:21:12.101+0000] {dag.py:2941} INFO - Sync 1 DAGs
[2023-11-08T14:21:12.183+0000] {logging_mixin.py:154} INFO - [2023-11-08T14:21:12.182+0000] {dag.py:3722} INFO - Setting next_dagrun for example_sla_dag to 2023-11-08T14:18:00+00:00, run_after=2023-11-08T14:20:00+00:00
[2023-11-08T14:21:12.238+0000] {processor.py:179} INFO - Processing /home/airflow/.local/lib/python3.11/site-packages/airflow/example_dags/example_sla_dag.py took 0.239 seconds
[2023-11-08T14:21:42.872+0000] {processor.py:157} INFO - Started process (PID=856) to work on /home/airflow/.local/lib/python3.11/site-packages/airflow/example_dags/example_sla_dag.py
[2023-11-08T14:21:42.874+0000] {processor.py:829} INFO - Processing file /home/airflow/.local/lib/python3.11/site-packages/airflow/example_dags/example_sla_dag.py for tasks to queue
[2023-11-08T14:21:42.877+0000] {logging_mixin.py:154} INFO - [2023-11-08T14:21:42.876+0000] {dagbag.py:536} INFO - Filling up the DagBag from /home/airflow/.local/lib/python3.11/site-packages/airflow/example_dags/example_sla_dag.py
[2023-11-08T14:21:42.890+0000] {processor.py:839} INFO - DAG(s) dict_keys(['example_sla_dag']) retrieved from /home/airflow/.local/lib/python3.11/site-packages/airflow/example_dags/example_sla_dag.py
[2023-11-08T14:21:42.928+0000] {logging_mixin.py:154} INFO - [2023-11-08T14:21:42.928+0000] {dag.py:2941} INFO - Sync 1 DAGs
[2023-11-08T14:21:42.983+0000] {logging_mixin.py:154} INFO - [2023-11-08T14:21:42.983+0000] {dag.py:3722} INFO - Setting next_dagrun for example_sla_dag to 2023-11-08T14:18:00+00:00, run_after=2023-11-08T14:20:00+00:00
[2023-11-08T14:21:43.016+0000] {processor.py:179} INFO - Processing /home/airflow/.local/lib/python3.11/site-packages/airflow/example_dags/example_sla_dag.py took 0.149 seconds
[2023-11-08T14:22:13.533+0000] {processor.py:157} INFO - Started process (PID=932) to work on /home/airflow/.local/lib/python3.11/site-packages/airflow/example_dags/example_sla_dag.py
[2023-11-08T14:22:13.535+0000] {processor.py:829} INFO - Processing file /home/airflow/.local/lib/python3.11/site-packages/airflow/example_dags/example_sla_dag.py for tasks to queue
[2023-11-08T14:22:13.540+0000] {logging_mixin.py:154} INFO - [2023-11-08T14:22:13.538+0000] {dagbag.py:536} INFO - Filling up the DagBag from /home/airflow/.local/lib/python3.11/site-packages/airflow/example_dags/example_sla_dag.py
[2023-11-08T14:22:13.565+0000] {processor.py:839} INFO - DAG(s) dict_keys(['example_sla_dag']) retrieved from /home/airflow/.local/lib/python3.11/site-packages/airflow/example_dags/example_sla_dag.py
[2023-11-08T14:22:13.613+0000] {logging_mixin.py:154} INFO - [2023-11-08T14:22:13.612+0000] {dag.py:2941} INFO - Sync 1 DAGs
[2023-11-08T14:22:13.669+0000] {logging_mixin.py:154} INFO - [2023-11-08T14:22:13.669+0000] {dag.py:3722} INFO - Setting next_dagrun for example_sla_dag to 2023-11-08T14:20:00+00:00, run_after=2023-11-08T14:22:00+00:00
[2023-11-08T14:22:13.710+0000] {processor.py:179} INFO - Processing /home/airflow/.local/lib/python3.11/site-packages/airflow/example_dags/example_sla_dag.py took 0.182 seconds
[2023-11-08T14:22:43.783+0000] {processor.py:157} INFO - Started process (PID=1008) to work on /home/airflow/.local/lib/python3.11/site-packages/airflow/example_dags/example_sla_dag.py
[2023-11-08T14:22:43.785+0000] {processor.py:829} INFO - Processing file /home/airflow/.local/lib/python3.11/site-packages/airflow/example_dags/example_sla_dag.py for tasks to queue
[2023-11-08T14:22:43.788+0000] {logging_mixin.py:154} INFO - [2023-11-08T14:22:43.787+0000] {dagbag.py:536} INFO - Filling up the DagBag from /home/airflow/.local/lib/python3.11/site-packages/airflow/example_dags/example_sla_dag.py
[2023-11-08T14:22:43.802+0000] {processor.py:839} INFO - DAG(s) dict_keys(['example_sla_dag']) retrieved from /home/airflow/.local/lib/python3.11/site-packages/airflow/example_dags/example_sla_dag.py
[2023-11-08T14:22:43.840+0000] {logging_mixin.py:154} INFO - [2023-11-08T14:22:43.840+0000] {dag.py:2941} INFO - Sync 1 DAGs
[2023-11-08T14:22:43.890+0000] {logging_mixin.py:154} INFO - [2023-11-08T14:22:43.890+0000] {dag.py:3722} INFO - Setting next_dagrun for example_sla_dag to 2023-11-08T14:20:00+00:00, run_after=2023-11-08T14:22:00+00:00
[2023-11-08T14:22:43.922+0000] {processor.py:179} INFO - Processing /home/airflow/.local/lib/python3.11/site-packages/airflow/example_dags/example_sla_dag.py took 0.143 seconds
[2023-11-08T14:23:14.690+0000] {processor.py:157} INFO - Started process (PID=1084) to work on /home/airflow/.local/lib/python3.11/site-packages/airflow/example_dags/example_sla_dag.py
[2023-11-08T14:23:14.692+0000] {processor.py:829} INFO - Processing file /home/airflow/.local/lib/python3.11/site-packages/airflow/example_dags/example_sla_dag.py for tasks to queue
[2023-11-08T14:23:14.696+0000] {logging_mixin.py:154} INFO - [2023-11-08T14:23:14.695+0000] {dagbag.py:536} INFO - Filling up the DagBag from /home/airflow/.local/lib/python3.11/site-packages/airflow/example_dags/example_sla_dag.py
[2023-11-08T14:23:14.732+0000] {processor.py:839} INFO - DAG(s) dict_keys(['example_sla_dag']) retrieved from /home/airflow/.local/lib/python3.11/site-packages/airflow/example_dags/example_sla_dag.py
[2023-11-08T14:23:14.810+0000] {logging_mixin.py:154} INFO - [2023-11-08T14:23:14.810+0000] {dag.py:2941} INFO - Sync 1 DAGs
[2023-11-08T14:23:14.946+0000] {logging_mixin.py:154} INFO - [2023-11-08T14:23:14.944+0000] {dag.py:3722} INFO - Setting next_dagrun for example_sla_dag to 2023-11-08T14:20:00+00:00, run_after=2023-11-08T14:22:00+00:00
[2023-11-08T14:23:15.035+0000] {processor.py:179} INFO - Processing /home/airflow/.local/lib/python3.11/site-packages/airflow/example_dags/example_sla_dag.py took 0.359 seconds
[2023-11-08T14:23:57.726+0000] {processor.py:157} INFO - Started process (PID=1161) to work on /home/airflow/.local/lib/python3.11/site-packages/airflow/example_dags/example_sla_dag.py
[2023-11-08T14:23:57.727+0000] {processor.py:829} INFO - Processing file /home/airflow/.local/lib/python3.11/site-packages/airflow/example_dags/example_sla_dag.py for tasks to queue
[2023-11-08T14:23:57.731+0000] {logging_mixin.py:154} INFO - [2023-11-08T14:23:57.731+0000] {dagbag.py:536} INFO - Filling up the DagBag from /home/airflow/.local/lib/python3.11/site-packages/airflow/example_dags/example_sla_dag.py
[2023-11-08T14:23:57.750+0000] {processor.py:839} INFO - DAG(s) dict_keys(['example_sla_dag']) retrieved from /home/airflow/.local/lib/python3.11/site-packages/airflow/example_dags/example_sla_dag.py
[2023-11-08T14:23:57.818+0000] {logging_mixin.py:154} INFO - [2023-11-08T14:23:57.817+0000] {dag.py:2941} INFO - Sync 1 DAGs
[2023-11-08T14:23:57.916+0000] {logging_mixin.py:154} INFO - [2023-11-08T14:23:57.915+0000] {dag.py:3722} INFO - Setting next_dagrun for example_sla_dag to 2023-11-08T14:20:00+00:00, run_after=2023-11-08T14:22:00+00:00
[2023-11-08T14:23:57.988+0000] {processor.py:179} INFO - Processing /home/airflow/.local/lib/python3.11/site-packages/airflow/example_dags/example_sla_dag.py took 0.267 seconds
[2023-11-08T14:24:34.838+0000] {processor.py:157} INFO - Started process (PID=1265) to work on /home/airflow/.local/lib/python3.11/site-packages/airflow/example_dags/example_sla_dag.py
[2023-11-08T14:24:34.858+0000] {processor.py:829} INFO - Processing file /home/airflow/.local/lib/python3.11/site-packages/airflow/example_dags/example_sla_dag.py for tasks to queue
[2023-11-08T14:24:34.930+0000] {logging_mixin.py:154} INFO - [2023-11-08T14:24:34.926+0000] {dagbag.py:536} INFO - Filling up the DagBag from /home/airflow/.local/lib/python3.11/site-packages/airflow/example_dags/example_sla_dag.py
[2023-11-08T14:24:34.999+0000] {processor.py:839} INFO - DAG(s) dict_keys(['example_sla_dag']) retrieved from /home/airflow/.local/lib/python3.11/site-packages/airflow/example_dags/example_sla_dag.py
[2023-11-08T14:24:35.205+0000] {logging_mixin.py:154} INFO - [2023-11-08T14:24:35.204+0000] {dag.py:2941} INFO - Sync 1 DAGs
[2023-11-08T14:24:35.440+0000] {logging_mixin.py:154} INFO - [2023-11-08T14:24:35.439+0000] {dag.py:3722} INFO - Setting next_dagrun for example_sla_dag to 2023-11-08T14:22:00+00:00, run_after=2023-11-08T14:24:00+00:00
[2023-11-08T14:24:35.567+0000] {processor.py:179} INFO - Processing /home/airflow/.local/lib/python3.11/site-packages/airflow/example_dags/example_sla_dag.py took 0.766 seconds
[2023-11-08T14:25:05.676+0000] {processor.py:157} INFO - Started process (PID=1340) to work on /home/airflow/.local/lib/python3.11/site-packages/airflow/example_dags/example_sla_dag.py
[2023-11-08T14:25:05.678+0000] {processor.py:829} INFO - Processing file /home/airflow/.local/lib/python3.11/site-packages/airflow/example_dags/example_sla_dag.py for tasks to queue
[2023-11-08T14:25:05.683+0000] {logging_mixin.py:154} INFO - [2023-11-08T14:25:05.682+0000] {dagbag.py:536} INFO - Filling up the DagBag from /home/airflow/.local/lib/python3.11/site-packages/airflow/example_dags/example_sla_dag.py
[2023-11-08T14:25:05.701+0000] {processor.py:839} INFO - DAG(s) dict_keys(['example_sla_dag']) retrieved from /home/airflow/.local/lib/python3.11/site-packages/airflow/example_dags/example_sla_dag.py
[2023-11-08T14:25:05.753+0000] {logging_mixin.py:154} INFO - [2023-11-08T14:25:05.752+0000] {dag.py:2941} INFO - Sync 1 DAGs
[2023-11-08T14:25:05.827+0000] {logging_mixin.py:154} INFO - [2023-11-08T14:25:05.826+0000] {dag.py:3722} INFO - Setting next_dagrun for example_sla_dag to 2023-11-08T14:22:00+00:00, run_after=2023-11-08T14:24:00+00:00
[2023-11-08T14:25:05.864+0000] {processor.py:179} INFO - Processing /home/airflow/.local/lib/python3.11/site-packages/airflow/example_dags/example_sla_dag.py took 0.199 seconds
[2023-11-08T14:25:36.652+0000] {processor.py:157} INFO - Started process (PID=1416) to work on /home/airflow/.local/lib/python3.11/site-packages/airflow/example_dags/example_sla_dag.py
[2023-11-08T14:25:36.653+0000] {processor.py:829} INFO - Processing file /home/airflow/.local/lib/python3.11/site-packages/airflow/example_dags/example_sla_dag.py for tasks to queue
[2023-11-08T14:25:36.658+0000] {logging_mixin.py:154} INFO - [2023-11-08T14:25:36.658+0000] {dagbag.py:536} INFO - Filling up the DagBag from /home/airflow/.local/lib/python3.11/site-packages/airflow/example_dags/example_sla_dag.py
[2023-11-08T14:25:36.690+0000] {processor.py:839} INFO - DAG(s) dict_keys(['example_sla_dag']) retrieved from /home/airflow/.local/lib/python3.11/site-packages/airflow/example_dags/example_sla_dag.py
[2023-11-08T14:25:36.725+0000] {logging_mixin.py:154} INFO - [2023-11-08T14:25:36.725+0000] {dag.py:2941} INFO - Sync 1 DAGs
[2023-11-08T14:25:36.780+0000] {logging_mixin.py:154} INFO - [2023-11-08T14:25:36.779+0000] {dag.py:3722} INFO - Setting next_dagrun for example_sla_dag to 2023-11-08T14:22:00+00:00, run_after=2023-11-08T14:24:00+00:00
[2023-11-08T14:25:36.819+0000] {processor.py:179} INFO - Processing /home/airflow/.local/lib/python3.11/site-packages/airflow/example_dags/example_sla_dag.py took 0.174 seconds
[2023-11-08T14:26:07.772+0000] {processor.py:157} INFO - Started process (PID=1492) to work on /home/airflow/.local/lib/python3.11/site-packages/airflow/example_dags/example_sla_dag.py
[2023-11-08T14:26:07.774+0000] {processor.py:829} INFO - Processing file /home/airflow/.local/lib/python3.11/site-packages/airflow/example_dags/example_sla_dag.py for tasks to queue
[2023-11-08T14:26:07.778+0000] {logging_mixin.py:154} INFO - [2023-11-08T14:26:07.778+0000] {dagbag.py:536} INFO - Filling up the DagBag from /home/airflow/.local/lib/python3.11/site-packages/airflow/example_dags/example_sla_dag.py
[2023-11-08T14:26:07.804+0000] {processor.py:839} INFO - DAG(s) dict_keys(['example_sla_dag']) retrieved from /home/airflow/.local/lib/python3.11/site-packages/airflow/example_dags/example_sla_dag.py
[2023-11-08T14:26:07.856+0000] {logging_mixin.py:154} INFO - [2023-11-08T14:26:07.855+0000] {dag.py:2941} INFO - Sync 1 DAGs
[2023-11-08T14:26:07.928+0000] {logging_mixin.py:154} INFO - [2023-11-08T14:26:07.928+0000] {dag.py:3722} INFO - Setting next_dagrun for example_sla_dag to 2023-11-08T14:24:00+00:00, run_after=2023-11-08T14:26:00+00:00
[2023-11-08T14:26:07.983+0000] {processor.py:179} INFO - Processing /home/airflow/.local/lib/python3.11/site-packages/airflow/example_dags/example_sla_dag.py took 0.221 seconds
[2023-11-08T14:26:38.100+0000] {processor.py:157} INFO - Started process (PID=1568) to work on /home/airflow/.local/lib/python3.11/site-packages/airflow/example_dags/example_sla_dag.py
[2023-11-08T14:26:38.102+0000] {processor.py:829} INFO - Processing file /home/airflow/.local/lib/python3.11/site-packages/airflow/example_dags/example_sla_dag.py for tasks to queue
[2023-11-08T14:26:38.104+0000] {logging_mixin.py:154} INFO - [2023-11-08T14:26:38.104+0000] {dagbag.py:536} INFO - Filling up the DagBag from /home/airflow/.local/lib/python3.11/site-packages/airflow/example_dags/example_sla_dag.py
[2023-11-08T14:26:38.117+0000] {processor.py:839} INFO - DAG(s) dict_keys(['example_sla_dag']) retrieved from /home/airflow/.local/lib/python3.11/site-packages/airflow/example_dags/example_sla_dag.py
[2023-11-08T14:26:38.149+0000] {logging_mixin.py:154} INFO - [2023-11-08T14:26:38.149+0000] {dag.py:2941} INFO - Sync 1 DAGs
[2023-11-08T14:26:38.193+0000] {logging_mixin.py:154} INFO - [2023-11-08T14:26:38.193+0000] {dag.py:3722} INFO - Setting next_dagrun for example_sla_dag to 2023-11-08T14:24:00+00:00, run_after=2023-11-08T14:26:00+00:00
[2023-11-08T14:26:38.233+0000] {processor.py:179} INFO - Processing /home/airflow/.local/lib/python3.11/site-packages/airflow/example_dags/example_sla_dag.py took 0.136 seconds
[2023-11-08T14:27:09.258+0000] {processor.py:157} INFO - Started process (PID=1644) to work on /home/airflow/.local/lib/python3.11/site-packages/airflow/example_dags/example_sla_dag.py
[2023-11-08T14:27:09.259+0000] {processor.py:829} INFO - Processing file /home/airflow/.local/lib/python3.11/site-packages/airflow/example_dags/example_sla_dag.py for tasks to queue
[2023-11-08T14:27:09.263+0000] {logging_mixin.py:154} INFO - [2023-11-08T14:27:09.263+0000] {dagbag.py:536} INFO - Filling up the DagBag from /home/airflow/.local/lib/python3.11/site-packages/airflow/example_dags/example_sla_dag.py
[2023-11-08T14:27:09.280+0000] {processor.py:839} INFO - DAG(s) dict_keys(['example_sla_dag']) retrieved from /home/airflow/.local/lib/python3.11/site-packages/airflow/example_dags/example_sla_dag.py
[2023-11-08T14:27:09.317+0000] {logging_mixin.py:154} INFO - [2023-11-08T14:27:09.317+0000] {dag.py:2941} INFO - Sync 1 DAGs
[2023-11-08T14:27:09.377+0000] {logging_mixin.py:154} INFO - [2023-11-08T14:27:09.377+0000] {dag.py:3722} INFO - Setting next_dagrun for example_sla_dag to 2023-11-08T14:24:00+00:00, run_after=2023-11-08T14:26:00+00:00
[2023-11-08T14:27:09.412+0000] {processor.py:179} INFO - Processing /home/airflow/.local/lib/python3.11/site-packages/airflow/example_dags/example_sla_dag.py took 0.160 seconds
[2023-11-08T14:27:39.665+0000] {processor.py:157} INFO - Started process (PID=1720) to work on /home/airflow/.local/lib/python3.11/site-packages/airflow/example_dags/example_sla_dag.py
[2023-11-08T14:27:39.669+0000] {processor.py:829} INFO - Processing file /home/airflow/.local/lib/python3.11/site-packages/airflow/example_dags/example_sla_dag.py for tasks to queue
[2023-11-08T14:27:39.674+0000] {logging_mixin.py:154} INFO - [2023-11-08T14:27:39.674+0000] {dagbag.py:536} INFO - Filling up the DagBag from /home/airflow/.local/lib/python3.11/site-packages/airflow/example_dags/example_sla_dag.py
[2023-11-08T14:27:39.692+0000] {processor.py:839} INFO - DAG(s) dict_keys(['example_sla_dag']) retrieved from /home/airflow/.local/lib/python3.11/site-packages/airflow/example_dags/example_sla_dag.py
[2023-11-08T14:27:39.747+0000] {logging_mixin.py:154} INFO - [2023-11-08T14:27:39.747+0000] {dag.py:2941} INFO - Sync 1 DAGs
[2023-11-08T14:27:39.822+0000] {logging_mixin.py:154} INFO - [2023-11-08T14:27:39.822+0000] {dag.py:3722} INFO - Setting next_dagrun for example_sla_dag to 2023-11-08T14:24:00+00:00, run_after=2023-11-08T14:26:00+00:00
[2023-11-08T14:27:39.865+0000] {processor.py:179} INFO - Processing /home/airflow/.local/lib/python3.11/site-packages/airflow/example_dags/example_sla_dag.py took 0.208 seconds
[2023-11-08T14:28:10.267+0000] {processor.py:157} INFO - Started process (PID=1796) to work on /home/airflow/.local/lib/python3.11/site-packages/airflow/example_dags/example_sla_dag.py
[2023-11-08T14:28:10.269+0000] {processor.py:829} INFO - Processing file /home/airflow/.local/lib/python3.11/site-packages/airflow/example_dags/example_sla_dag.py for tasks to queue
[2023-11-08T14:28:10.275+0000] {logging_mixin.py:154} INFO - [2023-11-08T14:28:10.275+0000] {dagbag.py:536} INFO - Filling up the DagBag from /home/airflow/.local/lib/python3.11/site-packages/airflow/example_dags/example_sla_dag.py
[2023-11-08T14:28:10.307+0000] {processor.py:839} INFO - DAG(s) dict_keys(['example_sla_dag']) retrieved from /home/airflow/.local/lib/python3.11/site-packages/airflow/example_dags/example_sla_dag.py
[2023-11-08T14:28:10.366+0000] {logging_mixin.py:154} INFO - [2023-11-08T14:28:10.364+0000] {dag.py:2941} INFO - Sync 1 DAGs
[2023-11-08T14:28:10.471+0000] {logging_mixin.py:154} INFO - [2023-11-08T14:28:10.471+0000] {dag.py:3722} INFO - Setting next_dagrun for example_sla_dag to 2023-11-08T14:26:00+00:00, run_after=2023-11-08T14:28:00+00:00
[2023-11-08T14:28:10.535+0000] {processor.py:179} INFO - Processing /home/airflow/.local/lib/python3.11/site-packages/airflow/example_dags/example_sla_dag.py took 0.280 seconds
[2023-11-08T14:28:41.225+0000] {processor.py:157} INFO - Started process (PID=1873) to work on /home/airflow/.local/lib/python3.11/site-packages/airflow/example_dags/example_sla_dag.py
[2023-11-08T14:28:41.228+0000] {processor.py:829} INFO - Processing file /home/airflow/.local/lib/python3.11/site-packages/airflow/example_dags/example_sla_dag.py for tasks to queue
[2023-11-08T14:28:41.254+0000] {logging_mixin.py:154} INFO - [2023-11-08T14:28:41.248+0000] {dagbag.py:536} INFO - Filling up the DagBag from /home/airflow/.local/lib/python3.11/site-packages/airflow/example_dags/example_sla_dag.py
[2023-11-08T14:28:41.393+0000] {processor.py:839} INFO - DAG(s) dict_keys(['example_sla_dag']) retrieved from /home/airflow/.local/lib/python3.11/site-packages/airflow/example_dags/example_sla_dag.py
[2023-11-08T14:28:41.539+0000] {logging_mixin.py:154} INFO - [2023-11-08T14:28:41.539+0000] {dag.py:2941} INFO - Sync 1 DAGs
[2023-11-08T14:28:41.588+0000] {logging_mixin.py:154} INFO - [2023-11-08T14:28:41.587+0000] {dag.py:3722} INFO - Setting next_dagrun for example_sla_dag to 2023-11-08T14:26:00+00:00, run_after=2023-11-08T14:28:00+00:00
[2023-11-08T14:28:41.693+0000] {processor.py:179} INFO - Processing /home/airflow/.local/lib/python3.11/site-packages/airflow/example_dags/example_sla_dag.py took 0.585 seconds
[2023-11-08T14:29:12.549+0000] {processor.py:157} INFO - Started process (PID=1949) to work on /home/airflow/.local/lib/python3.11/site-packages/airflow/example_dags/example_sla_dag.py
[2023-11-08T14:29:12.550+0000] {processor.py:829} INFO - Processing file /home/airflow/.local/lib/python3.11/site-packages/airflow/example_dags/example_sla_dag.py for tasks to queue
[2023-11-08T14:29:12.557+0000] {logging_mixin.py:154} INFO - [2023-11-08T14:29:12.556+0000] {dagbag.py:536} INFO - Filling up the DagBag from /home/airflow/.local/lib/python3.11/site-packages/airflow/example_dags/example_sla_dag.py
[2023-11-08T14:29:12.572+0000] {processor.py:839} INFO - DAG(s) dict_keys(['example_sla_dag']) retrieved from /home/airflow/.local/lib/python3.11/site-packages/airflow/example_dags/example_sla_dag.py
[2023-11-08T14:29:12.619+0000] {logging_mixin.py:154} INFO - [2023-11-08T14:29:12.618+0000] {dag.py:2941} INFO - Sync 1 DAGs
[2023-11-08T14:29:12.666+0000] {logging_mixin.py:154} INFO - [2023-11-08T14:29:12.666+0000] {dag.py:3722} INFO - Setting next_dagrun for example_sla_dag to 2023-11-08T14:26:00+00:00, run_after=2023-11-08T14:28:00+00:00
[2023-11-08T14:29:12.700+0000] {processor.py:179} INFO - Processing /home/airflow/.local/lib/python3.11/site-packages/airflow/example_dags/example_sla_dag.py took 0.155 seconds
[2023-11-08T14:29:43.335+0000] {processor.py:157} INFO - Started process (PID=2025) to work on /home/airflow/.local/lib/python3.11/site-packages/airflow/example_dags/example_sla_dag.py
[2023-11-08T14:29:43.336+0000] {processor.py:829} INFO - Processing file /home/airflow/.local/lib/python3.11/site-packages/airflow/example_dags/example_sla_dag.py for tasks to queue
[2023-11-08T14:29:43.339+0000] {logging_mixin.py:154} INFO - [2023-11-08T14:29:43.339+0000] {dagbag.py:536} INFO - Filling up the DagBag from /home/airflow/.local/lib/python3.11/site-packages/airflow/example_dags/example_sla_dag.py
[2023-11-08T14:29:43.357+0000] {processor.py:839} INFO - DAG(s) dict_keys(['example_sla_dag']) retrieved from /home/airflow/.local/lib/python3.11/site-packages/airflow/example_dags/example_sla_dag.py
[2023-11-08T14:29:43.396+0000] {logging_mixin.py:154} INFO - [2023-11-08T14:29:43.395+0000] {dag.py:2941} INFO - Sync 1 DAGs
[2023-11-08T14:29:43.441+0000] {logging_mixin.py:154} INFO - [2023-11-08T14:29:43.441+0000] {dag.py:3722} INFO - Setting next_dagrun for example_sla_dag to 2023-11-08T14:26:00+00:00, run_after=2023-11-08T14:28:00+00:00
[2023-11-08T14:29:43.470+0000] {processor.py:179} INFO - Processing /home/airflow/.local/lib/python3.11/site-packages/airflow/example_dags/example_sla_dag.py took 0.140 seconds
[2023-11-08T14:30:13.713+0000] {processor.py:157} INFO - Started process (PID=2101) to work on /home/airflow/.local/lib/python3.11/site-packages/airflow/example_dags/example_sla_dag.py
[2023-11-08T14:30:13.714+0000] {processor.py:829} INFO - Processing file /home/airflow/.local/lib/python3.11/site-packages/airflow/example_dags/example_sla_dag.py for tasks to queue
[2023-11-08T14:30:13.717+0000] {logging_mixin.py:154} INFO - [2023-11-08T14:30:13.716+0000] {dagbag.py:536} INFO - Filling up the DagBag from /home/airflow/.local/lib/python3.11/site-packages/airflow/example_dags/example_sla_dag.py
[2023-11-08T14:30:13.732+0000] {processor.py:839} INFO - DAG(s) dict_keys(['example_sla_dag']) retrieved from /home/airflow/.local/lib/python3.11/site-packages/airflow/example_dags/example_sla_dag.py
[2023-11-08T14:30:13.764+0000] {logging_mixin.py:154} INFO - [2023-11-08T14:30:13.764+0000] {dag.py:2941} INFO - Sync 1 DAGs
[2023-11-08T14:30:13.815+0000] {logging_mixin.py:154} INFO - [2023-11-08T14:30:13.814+0000] {dag.py:3722} INFO - Setting next_dagrun for example_sla_dag to 2023-11-08T14:28:00+00:00, run_after=2023-11-08T14:30:00+00:00
[2023-11-08T14:30:13.847+0000] {processor.py:179} INFO - Processing /home/airflow/.local/lib/python3.11/site-packages/airflow/example_dags/example_sla_dag.py took 0.139 seconds
[2023-11-08T14:30:44.506+0000] {processor.py:157} INFO - Started process (PID=2178) to work on /home/airflow/.local/lib/python3.11/site-packages/airflow/example_dags/example_sla_dag.py
[2023-11-08T14:30:44.507+0000] {processor.py:829} INFO - Processing file /home/airflow/.local/lib/python3.11/site-packages/airflow/example_dags/example_sla_dag.py for tasks to queue
[2023-11-08T14:30:44.510+0000] {logging_mixin.py:154} INFO - [2023-11-08T14:30:44.510+0000] {dagbag.py:536} INFO - Filling up the DagBag from /home/airflow/.local/lib/python3.11/site-packages/airflow/example_dags/example_sla_dag.py
[2023-11-08T14:30:44.525+0000] {processor.py:839} INFO - DAG(s) dict_keys(['example_sla_dag']) retrieved from /home/airflow/.local/lib/python3.11/site-packages/airflow/example_dags/example_sla_dag.py
[2023-11-08T14:30:44.560+0000] {logging_mixin.py:154} INFO - [2023-11-08T14:30:44.560+0000] {dag.py:2941} INFO - Sync 1 DAGs
[2023-11-08T14:30:44.616+0000] {logging_mixin.py:154} INFO - [2023-11-08T14:30:44.616+0000] {dag.py:3722} INFO - Setting next_dagrun for example_sla_dag to 2023-11-08T14:28:00+00:00, run_after=2023-11-08T14:30:00+00:00
[2023-11-08T14:30:44.650+0000] {processor.py:179} INFO - Processing /home/airflow/.local/lib/python3.11/site-packages/airflow/example_dags/example_sla_dag.py took 0.148 seconds
[2023-11-08T14:31:15.308+0000] {processor.py:157} INFO - Started process (PID=2254) to work on /home/airflow/.local/lib/python3.11/site-packages/airflow/example_dags/example_sla_dag.py
[2023-11-08T14:31:15.309+0000] {processor.py:829} INFO - Processing file /home/airflow/.local/lib/python3.11/site-packages/airflow/example_dags/example_sla_dag.py for tasks to queue
[2023-11-08T14:31:15.312+0000] {logging_mixin.py:154} INFO - [2023-11-08T14:31:15.312+0000] {dagbag.py:536} INFO - Filling up the DagBag from /home/airflow/.local/lib/python3.11/site-packages/airflow/example_dags/example_sla_dag.py
[2023-11-08T14:31:15.340+0000] {processor.py:839} INFO - DAG(s) dict_keys(['example_sla_dag']) retrieved from /home/airflow/.local/lib/python3.11/site-packages/airflow/example_dags/example_sla_dag.py
[2023-11-08T14:31:15.373+0000] {logging_mixin.py:154} INFO - [2023-11-08T14:31:15.372+0000] {dag.py:2941} INFO - Sync 1 DAGs
[2023-11-08T14:31:15.414+0000] {logging_mixin.py:154} INFO - [2023-11-08T14:31:15.414+0000] {dag.py:3722} INFO - Setting next_dagrun for example_sla_dag to 2023-11-08T14:28:00+00:00, run_after=2023-11-08T14:30:00+00:00
[2023-11-08T14:31:15.445+0000] {processor.py:179} INFO - Processing /home/airflow/.local/lib/python3.11/site-packages/airflow/example_dags/example_sla_dag.py took 0.143 seconds
[2023-11-08T14:31:45.537+0000] {processor.py:157} INFO - Started process (PID=2330) to work on /home/airflow/.local/lib/python3.11/site-packages/airflow/example_dags/example_sla_dag.py
[2023-11-08T14:31:45.543+0000] {processor.py:829} INFO - Processing file /home/airflow/.local/lib/python3.11/site-packages/airflow/example_dags/example_sla_dag.py for tasks to queue
[2023-11-08T14:31:45.547+0000] {logging_mixin.py:154} INFO - [2023-11-08T14:31:45.547+0000] {dagbag.py:536} INFO - Filling up the DagBag from /home/airflow/.local/lib/python3.11/site-packages/airflow/example_dags/example_sla_dag.py
[2023-11-08T14:31:45.562+0000] {processor.py:839} INFO - DAG(s) dict_keys(['example_sla_dag']) retrieved from /home/airflow/.local/lib/python3.11/site-packages/airflow/example_dags/example_sla_dag.py
[2023-11-08T14:31:45.592+0000] {logging_mixin.py:154} INFO - [2023-11-08T14:31:45.592+0000] {dag.py:2941} INFO - Sync 1 DAGs
[2023-11-08T14:31:45.638+0000] {logging_mixin.py:154} INFO - [2023-11-08T14:31:45.637+0000] {dag.py:3722} INFO - Setting next_dagrun for example_sla_dag to 2023-11-08T14:28:00+00:00, run_after=2023-11-08T14:30:00+00:00
[2023-11-08T14:31:45.670+0000] {processor.py:179} INFO - Processing /home/airflow/.local/lib/python3.11/site-packages/airflow/example_dags/example_sla_dag.py took 0.138 seconds
[2023-11-08T14:32:15.978+0000] {processor.py:157} INFO - Started process (PID=2406) to work on /home/airflow/.local/lib/python3.11/site-packages/airflow/example_dags/example_sla_dag.py
[2023-11-08T14:32:15.979+0000] {processor.py:829} INFO - Processing file /home/airflow/.local/lib/python3.11/site-packages/airflow/example_dags/example_sla_dag.py for tasks to queue
[2023-11-08T14:32:15.982+0000] {logging_mixin.py:154} INFO - [2023-11-08T14:32:15.981+0000] {dagbag.py:536} INFO - Filling up the DagBag from /home/airflow/.local/lib/python3.11/site-packages/airflow/example_dags/example_sla_dag.py
[2023-11-08T14:32:15.998+0000] {processor.py:839} INFO - DAG(s) dict_keys(['example_sla_dag']) retrieved from /home/airflow/.local/lib/python3.11/site-packages/airflow/example_dags/example_sla_dag.py
[2023-11-08T14:32:16.031+0000] {logging_mixin.py:154} INFO - [2023-11-08T14:32:16.031+0000] {dag.py:2941} INFO - Sync 1 DAGs
[2023-11-08T14:32:16.090+0000] {logging_mixin.py:154} INFO - [2023-11-08T14:32:16.090+0000] {dag.py:3722} INFO - Setting next_dagrun for example_sla_dag to 2023-11-08T14:30:00+00:00, run_after=2023-11-08T14:32:00+00:00
[2023-11-08T14:32:16.129+0000] {processor.py:179} INFO - Processing /home/airflow/.local/lib/python3.11/site-packages/airflow/example_dags/example_sla_dag.py took 0.155 seconds
[2023-11-08T14:32:46.766+0000] {processor.py:157} INFO - Started process (PID=2482) to work on /home/airflow/.local/lib/python3.11/site-packages/airflow/example_dags/example_sla_dag.py
[2023-11-08T14:32:46.768+0000] {processor.py:829} INFO - Processing file /home/airflow/.local/lib/python3.11/site-packages/airflow/example_dags/example_sla_dag.py for tasks to queue
[2023-11-08T14:32:46.771+0000] {logging_mixin.py:154} INFO - [2023-11-08T14:32:46.771+0000] {dagbag.py:536} INFO - Filling up the DagBag from /home/airflow/.local/lib/python3.11/site-packages/airflow/example_dags/example_sla_dag.py
[2023-11-08T14:32:46.784+0000] {processor.py:839} INFO - DAG(s) dict_keys(['example_sla_dag']) retrieved from /home/airflow/.local/lib/python3.11/site-packages/airflow/example_dags/example_sla_dag.py
[2023-11-08T14:32:46.814+0000] {logging_mixin.py:154} INFO - [2023-11-08T14:32:46.813+0000] {dag.py:2941} INFO - Sync 1 DAGs
[2023-11-08T14:32:46.859+0000] {logging_mixin.py:154} INFO - [2023-11-08T14:32:46.858+0000] {dag.py:3722} INFO - Setting next_dagrun for example_sla_dag to 2023-11-08T14:30:00+00:00, run_after=2023-11-08T14:32:00+00:00
[2023-11-08T14:32:46.895+0000] {processor.py:179} INFO - Processing /home/airflow/.local/lib/python3.11/site-packages/airflow/example_dags/example_sla_dag.py took 0.135 seconds
[2023-11-08T14:33:17.419+0000] {processor.py:157} INFO - Started process (PID=2558) to work on /home/airflow/.local/lib/python3.11/site-packages/airflow/example_dags/example_sla_dag.py
[2023-11-08T14:33:17.420+0000] {processor.py:829} INFO - Processing file /home/airflow/.local/lib/python3.11/site-packages/airflow/example_dags/example_sla_dag.py for tasks to queue
[2023-11-08T14:33:17.423+0000] {logging_mixin.py:154} INFO - [2023-11-08T14:33:17.422+0000] {dagbag.py:536} INFO - Filling up the DagBag from /home/airflow/.local/lib/python3.11/site-packages/airflow/example_dags/example_sla_dag.py
[2023-11-08T14:33:17.439+0000] {processor.py:839} INFO - DAG(s) dict_keys(['example_sla_dag']) retrieved from /home/airflow/.local/lib/python3.11/site-packages/airflow/example_dags/example_sla_dag.py
[2023-11-08T14:33:17.476+0000] {logging_mixin.py:154} INFO - [2023-11-08T14:33:17.476+0000] {dag.py:2941} INFO - Sync 1 DAGs
[2023-11-08T14:33:17.524+0000] {logging_mixin.py:154} INFO - [2023-11-08T14:33:17.524+0000] {dag.py:3722} INFO - Setting next_dagrun for example_sla_dag to 2023-11-08T14:30:00+00:00, run_after=2023-11-08T14:32:00+00:00
[2023-11-08T14:33:17.554+0000] {processor.py:179} INFO - Processing /home/airflow/.local/lib/python3.11/site-packages/airflow/example_dags/example_sla_dag.py took 0.139 seconds
[2023-11-08T14:33:47.680+0000] {processor.py:157} INFO - Started process (PID=2634) to work on /home/airflow/.local/lib/python3.11/site-packages/airflow/example_dags/example_sla_dag.py
[2023-11-08T14:33:47.682+0000] {processor.py:829} INFO - Processing file /home/airflow/.local/lib/python3.11/site-packages/airflow/example_dags/example_sla_dag.py for tasks to queue
[2023-11-08T14:33:47.686+0000] {logging_mixin.py:154} INFO - [2023-11-08T14:33:47.686+0000] {dagbag.py:536} INFO - Filling up the DagBag from /home/airflow/.local/lib/python3.11/site-packages/airflow/example_dags/example_sla_dag.py
[2023-11-08T14:33:47.703+0000] {processor.py:839} INFO - DAG(s) dict_keys(['example_sla_dag']) retrieved from /home/airflow/.local/lib/python3.11/site-packages/airflow/example_dags/example_sla_dag.py
[2023-11-08T14:33:47.740+0000] {logging_mixin.py:154} INFO - [2023-11-08T14:33:47.740+0000] {dag.py:2941} INFO - Sync 1 DAGs
[2023-11-08T14:33:47.786+0000] {logging_mixin.py:154} INFO - [2023-11-08T14:33:47.786+0000] {dag.py:3722} INFO - Setting next_dagrun for example_sla_dag to 2023-11-08T14:30:00+00:00, run_after=2023-11-08T14:32:00+00:00
[2023-11-08T14:33:47.828+0000] {processor.py:179} INFO - Processing /home/airflow/.local/lib/python3.11/site-packages/airflow/example_dags/example_sla_dag.py took 0.153 seconds
[2023-11-08T14:34:18.112+0000] {processor.py:157} INFO - Started process (PID=2710) to work on /home/airflow/.local/lib/python3.11/site-packages/airflow/example_dags/example_sla_dag.py
[2023-11-08T14:34:18.113+0000] {processor.py:829} INFO - Processing file /home/airflow/.local/lib/python3.11/site-packages/airflow/example_dags/example_sla_dag.py for tasks to queue
[2023-11-08T14:34:18.117+0000] {logging_mixin.py:154} INFO - [2023-11-08T14:34:18.117+0000] {dagbag.py:536} INFO - Filling up the DagBag from /home/airflow/.local/lib/python3.11/site-packages/airflow/example_dags/example_sla_dag.py
[2023-11-08T14:34:18.131+0000] {processor.py:839} INFO - DAG(s) dict_keys(['example_sla_dag']) retrieved from /home/airflow/.local/lib/python3.11/site-packages/airflow/example_dags/example_sla_dag.py
[2023-11-08T14:34:18.168+0000] {logging_mixin.py:154} INFO - [2023-11-08T14:34:18.168+0000] {dag.py:2941} INFO - Sync 1 DAGs
[2023-11-08T14:34:18.224+0000] {logging_mixin.py:154} INFO - [2023-11-08T14:34:18.223+0000] {dag.py:3722} INFO - Setting next_dagrun for example_sla_dag to 2023-11-08T14:32:00+00:00, run_after=2023-11-08T14:34:00+00:00
[2023-11-08T14:34:18.259+0000] {processor.py:179} INFO - Processing /home/airflow/.local/lib/python3.11/site-packages/airflow/example_dags/example_sla_dag.py took 0.153 seconds
[2023-11-08T14:34:48.576+0000] {processor.py:157} INFO - Started process (PID=2786) to work on /home/airflow/.local/lib/python3.11/site-packages/airflow/example_dags/example_sla_dag.py
[2023-11-08T14:34:48.578+0000] {processor.py:829} INFO - Processing file /home/airflow/.local/lib/python3.11/site-packages/airflow/example_dags/example_sla_dag.py for tasks to queue
[2023-11-08T14:34:48.581+0000] {logging_mixin.py:154} INFO - [2023-11-08T14:34:48.581+0000] {dagbag.py:536} INFO - Filling up the DagBag from /home/airflow/.local/lib/python3.11/site-packages/airflow/example_dags/example_sla_dag.py
[2023-11-08T14:34:48.600+0000] {processor.py:839} INFO - DAG(s) dict_keys(['example_sla_dag']) retrieved from /home/airflow/.local/lib/python3.11/site-packages/airflow/example_dags/example_sla_dag.py
[2023-11-08T14:34:48.634+0000] {logging_mixin.py:154} INFO - [2023-11-08T14:34:48.634+0000] {dag.py:2941} INFO - Sync 1 DAGs
[2023-11-08T14:34:48.680+0000] {logging_mixin.py:154} INFO - [2023-11-08T14:34:48.679+0000] {dag.py:3722} INFO - Setting next_dagrun for example_sla_dag to 2023-11-08T14:32:00+00:00, run_after=2023-11-08T14:34:00+00:00
[2023-11-08T14:34:48.709+0000] {processor.py:179} INFO - Processing /home/airflow/.local/lib/python3.11/site-packages/airflow/example_dags/example_sla_dag.py took 0.137 seconds
[2023-11-08T14:35:19.568+0000] {processor.py:157} INFO - Started process (PID=2862) to work on /home/airflow/.local/lib/python3.11/site-packages/airflow/example_dags/example_sla_dag.py
[2023-11-08T14:35:19.576+0000] {processor.py:829} INFO - Processing file /home/airflow/.local/lib/python3.11/site-packages/airflow/example_dags/example_sla_dag.py for tasks to queue
[2023-11-08T14:35:19.580+0000] {logging_mixin.py:154} INFO - [2023-11-08T14:35:19.579+0000] {dagbag.py:536} INFO - Filling up the DagBag from /home/airflow/.local/lib/python3.11/site-packages/airflow/example_dags/example_sla_dag.py
[2023-11-08T14:35:19.594+0000] {processor.py:839} INFO - DAG(s) dict_keys(['example_sla_dag']) retrieved from /home/airflow/.local/lib/python3.11/site-packages/airflow/example_dags/example_sla_dag.py
[2023-11-08T14:35:19.628+0000] {logging_mixin.py:154} INFO - [2023-11-08T14:35:19.627+0000] {dag.py:2941} INFO - Sync 1 DAGs
[2023-11-08T14:35:19.673+0000] {logging_mixin.py:154} INFO - [2023-11-08T14:35:19.672+0000] {dag.py:3722} INFO - Setting next_dagrun for example_sla_dag to 2023-11-08T14:32:00+00:00, run_after=2023-11-08T14:34:00+00:00
[2023-11-08T14:35:19.705+0000] {processor.py:179} INFO - Processing /home/airflow/.local/lib/python3.11/site-packages/airflow/example_dags/example_sla_dag.py took 0.143 seconds
[2023-11-08T14:35:50.402+0000] {processor.py:157} INFO - Started process (PID=2938) to work on /home/airflow/.local/lib/python3.11/site-packages/airflow/example_dags/example_sla_dag.py
[2023-11-08T14:35:50.403+0000] {processor.py:829} INFO - Processing file /home/airflow/.local/lib/python3.11/site-packages/airflow/example_dags/example_sla_dag.py for tasks to queue
[2023-11-08T14:35:50.407+0000] {logging_mixin.py:154} INFO - [2023-11-08T14:35:50.406+0000] {dagbag.py:536} INFO - Filling up the DagBag from /home/airflow/.local/lib/python3.11/site-packages/airflow/example_dags/example_sla_dag.py
[2023-11-08T14:35:50.421+0000] {processor.py:839} INFO - DAG(s) dict_keys(['example_sla_dag']) retrieved from /home/airflow/.local/lib/python3.11/site-packages/airflow/example_dags/example_sla_dag.py
[2023-11-08T14:35:50.456+0000] {logging_mixin.py:154} INFO - [2023-11-08T14:35:50.455+0000] {dag.py:2941} INFO - Sync 1 DAGs
[2023-11-08T14:35:50.502+0000] {logging_mixin.py:154} INFO - [2023-11-08T14:35:50.502+0000] {dag.py:3722} INFO - Setting next_dagrun for example_sla_dag to 2023-11-08T14:32:00+00:00, run_after=2023-11-08T14:34:00+00:00
[2023-11-08T14:35:50.541+0000] {processor.py:179} INFO - Processing /home/airflow/.local/lib/python3.11/site-packages/airflow/example_dags/example_sla_dag.py took 0.144 seconds
[2023-11-08T14:36:21.386+0000] {processor.py:157} INFO - Started process (PID=3014) to work on /home/airflow/.local/lib/python3.11/site-packages/airflow/example_dags/example_sla_dag.py
[2023-11-08T14:36:21.395+0000] {processor.py:829} INFO - Processing file /home/airflow/.local/lib/python3.11/site-packages/airflow/example_dags/example_sla_dag.py for tasks to queue
[2023-11-08T14:36:21.400+0000] {logging_mixin.py:154} INFO - [2023-11-08T14:36:21.399+0000] {dagbag.py:536} INFO - Filling up the DagBag from /home/airflow/.local/lib/python3.11/site-packages/airflow/example_dags/example_sla_dag.py
[2023-11-08T14:36:21.419+0000] {processor.py:839} INFO - DAG(s) dict_keys(['example_sla_dag']) retrieved from /home/airflow/.local/lib/python3.11/site-packages/airflow/example_dags/example_sla_dag.py
[2023-11-08T14:36:21.457+0000] {logging_mixin.py:154} INFO - [2023-11-08T14:36:21.457+0000] {dag.py:2941} INFO - Sync 1 DAGs
[2023-11-08T14:36:21.503+0000] {logging_mixin.py:154} INFO - [2023-11-08T14:36:21.503+0000] {dag.py:3722} INFO - Setting next_dagrun for example_sla_dag to 2023-11-08T14:34:00+00:00, run_after=2023-11-08T14:36:00+00:00
[2023-11-08T14:36:21.533+0000] {processor.py:179} INFO - Processing /home/airflow/.local/lib/python3.11/site-packages/airflow/example_dags/example_sla_dag.py took 0.152 seconds
[2023-11-08T14:36:51.800+0000] {processor.py:157} INFO - Started process (PID=3090) to work on /home/airflow/.local/lib/python3.11/site-packages/airflow/example_dags/example_sla_dag.py
[2023-11-08T14:36:51.803+0000] {processor.py:829} INFO - Processing file /home/airflow/.local/lib/python3.11/site-packages/airflow/example_dags/example_sla_dag.py for tasks to queue
[2023-11-08T14:36:51.808+0000] {logging_mixin.py:154} INFO - [2023-11-08T14:36:51.807+0000] {dagbag.py:536} INFO - Filling up the DagBag from /home/airflow/.local/lib/python3.11/site-packages/airflow/example_dags/example_sla_dag.py
[2023-11-08T14:36:51.828+0000] {processor.py:839} INFO - DAG(s) dict_keys(['example_sla_dag']) retrieved from /home/airflow/.local/lib/python3.11/site-packages/airflow/example_dags/example_sla_dag.py
[2023-11-08T14:36:51.868+0000] {logging_mixin.py:154} INFO - [2023-11-08T14:36:51.868+0000] {dag.py:2941} INFO - Sync 1 DAGs
[2023-11-08T14:36:51.911+0000] {logging_mixin.py:154} INFO - [2023-11-08T14:36:51.911+0000] {dag.py:3722} INFO - Setting next_dagrun for example_sla_dag to 2023-11-08T14:34:00+00:00, run_after=2023-11-08T14:36:00+00:00
[2023-11-08T14:36:51.945+0000] {processor.py:179} INFO - Processing /home/airflow/.local/lib/python3.11/site-packages/airflow/example_dags/example_sla_dag.py took 0.152 seconds
[2023-11-08T14:37:22.298+0000] {processor.py:157} INFO - Started process (PID=3166) to work on /home/airflow/.local/lib/python3.11/site-packages/airflow/example_dags/example_sla_dag.py
[2023-11-08T14:37:22.299+0000] {processor.py:829} INFO - Processing file /home/airflow/.local/lib/python3.11/site-packages/airflow/example_dags/example_sla_dag.py for tasks to queue
[2023-11-08T14:37:22.301+0000] {logging_mixin.py:154} INFO - [2023-11-08T14:37:22.300+0000] {dagbag.py:536} INFO - Filling up the DagBag from /home/airflow/.local/lib/python3.11/site-packages/airflow/example_dags/example_sla_dag.py
[2023-11-08T14:37:22.308+0000] {processor.py:839} INFO - DAG(s) dict_keys(['example_sla_dag']) retrieved from /home/airflow/.local/lib/python3.11/site-packages/airflow/example_dags/example_sla_dag.py
[2023-11-08T14:37:22.324+0000] {logging_mixin.py:154} INFO - [2023-11-08T14:37:22.324+0000] {dag.py:2941} INFO - Sync 1 DAGs
[2023-11-08T14:37:22.345+0000] {logging_mixin.py:154} INFO - [2023-11-08T14:37:22.345+0000] {dag.py:3722} INFO - Setting next_dagrun for example_sla_dag to 2023-11-08T14:34:00+00:00, run_after=2023-11-08T14:36:00+00:00
[2023-11-08T14:37:22.359+0000] {processor.py:179} INFO - Processing /home/airflow/.local/lib/python3.11/site-packages/airflow/example_dags/example_sla_dag.py took 0.063 seconds
[2023-11-08T14:37:52.416+0000] {processor.py:157} INFO - Started process (PID=3242) to work on /home/airflow/.local/lib/python3.11/site-packages/airflow/example_dags/example_sla_dag.py
[2023-11-08T14:37:52.417+0000] {processor.py:829} INFO - Processing file /home/airflow/.local/lib/python3.11/site-packages/airflow/example_dags/example_sla_dag.py for tasks to queue
[2023-11-08T14:37:52.419+0000] {logging_mixin.py:154} INFO - [2023-11-08T14:37:52.418+0000] {dagbag.py:536} INFO - Filling up the DagBag from /home/airflow/.local/lib/python3.11/site-packages/airflow/example_dags/example_sla_dag.py
[2023-11-08T14:37:52.425+0000] {processor.py:839} INFO - DAG(s) dict_keys(['example_sla_dag']) retrieved from /home/airflow/.local/lib/python3.11/site-packages/airflow/example_dags/example_sla_dag.py
[2023-11-08T14:37:52.440+0000] {logging_mixin.py:154} INFO - [2023-11-08T14:37:52.440+0000] {dag.py:2941} INFO - Sync 1 DAGs
[2023-11-08T14:37:52.461+0000] {logging_mixin.py:154} INFO - [2023-11-08T14:37:52.461+0000] {dag.py:3722} INFO - Setting next_dagrun for example_sla_dag to 2023-11-08T14:34:00+00:00, run_after=2023-11-08T14:36:00+00:00
[2023-11-08T14:37:52.475+0000] {processor.py:179} INFO - Processing /home/airflow/.local/lib/python3.11/site-packages/airflow/example_dags/example_sla_dag.py took 0.061 seconds
[2023-11-08T14:38:22.614+0000] {processor.py:157} INFO - Started process (PID=3316) to work on /home/airflow/.local/lib/python3.11/site-packages/airflow/example_dags/example_sla_dag.py
[2023-11-08T14:38:22.632+0000] {processor.py:829} INFO - Processing file /home/airflow/.local/lib/python3.11/site-packages/airflow/example_dags/example_sla_dag.py for tasks to queue
[2023-11-08T14:38:22.634+0000] {logging_mixin.py:154} INFO - [2023-11-08T14:38:22.634+0000] {dagbag.py:536} INFO - Filling up the DagBag from /home/airflow/.local/lib/python3.11/site-packages/airflow/example_dags/example_sla_dag.py
[2023-11-08T14:38:22.640+0000] {processor.py:839} INFO - DAG(s) dict_keys(['example_sla_dag']) retrieved from /home/airflow/.local/lib/python3.11/site-packages/airflow/example_dags/example_sla_dag.py
[2023-11-08T14:38:22.655+0000] {logging_mixin.py:154} INFO - [2023-11-08T14:38:22.655+0000] {dag.py:2941} INFO - Sync 1 DAGs
[2023-11-08T14:38:22.673+0000] {logging_mixin.py:154} INFO - [2023-11-08T14:38:22.673+0000] {dag.py:3722} INFO - Setting next_dagrun for example_sla_dag to 2023-11-08T14:36:00+00:00, run_after=2023-11-08T14:38:00+00:00
[2023-11-08T14:38:22.687+0000] {processor.py:179} INFO - Processing /home/airflow/.local/lib/python3.11/site-packages/airflow/example_dags/example_sla_dag.py took 0.075 seconds
[2023-11-08T14:38:52.707+0000] {processor.py:157} INFO - Started process (PID=3392) to work on /home/airflow/.local/lib/python3.11/site-packages/airflow/example_dags/example_sla_dag.py
[2023-11-08T14:38:52.708+0000] {processor.py:829} INFO - Processing file /home/airflow/.local/lib/python3.11/site-packages/airflow/example_dags/example_sla_dag.py for tasks to queue
[2023-11-08T14:38:52.709+0000] {logging_mixin.py:154} INFO - [2023-11-08T14:38:52.709+0000] {dagbag.py:536} INFO - Filling up the DagBag from /home/airflow/.local/lib/python3.11/site-packages/airflow/example_dags/example_sla_dag.py
[2023-11-08T14:38:52.716+0000] {processor.py:839} INFO - DAG(s) dict_keys(['example_sla_dag']) retrieved from /home/airflow/.local/lib/python3.11/site-packages/airflow/example_dags/example_sla_dag.py
[2023-11-08T14:38:52.731+0000] {logging_mixin.py:154} INFO - [2023-11-08T14:38:52.731+0000] {dag.py:2941} INFO - Sync 1 DAGs
[2023-11-08T14:38:52.750+0000] {logging_mixin.py:154} INFO - [2023-11-08T14:38:52.750+0000] {dag.py:3722} INFO - Setting next_dagrun for example_sla_dag to 2023-11-08T14:36:00+00:00, run_after=2023-11-08T14:38:00+00:00
[2023-11-08T14:38:52.762+0000] {processor.py:179} INFO - Processing /home/airflow/.local/lib/python3.11/site-packages/airflow/example_dags/example_sla_dag.py took 0.058 seconds
[2023-11-08T14:39:22.832+0000] {processor.py:157} INFO - Started process (PID=3468) to work on /home/airflow/.local/lib/python3.11/site-packages/airflow/example_dags/example_sla_dag.py
[2023-11-08T14:39:22.840+0000] {processor.py:829} INFO - Processing file /home/airflow/.local/lib/python3.11/site-packages/airflow/example_dags/example_sla_dag.py for tasks to queue
[2023-11-08T14:39:22.841+0000] {logging_mixin.py:154} INFO - [2023-11-08T14:39:22.841+0000] {dagbag.py:536} INFO - Filling up the DagBag from /home/airflow/.local/lib/python3.11/site-packages/airflow/example_dags/example_sla_dag.py
[2023-11-08T14:39:22.847+0000] {processor.py:839} INFO - DAG(s) dict_keys(['example_sla_dag']) retrieved from /home/airflow/.local/lib/python3.11/site-packages/airflow/example_dags/example_sla_dag.py
[2023-11-08T14:39:22.862+0000] {logging_mixin.py:154} INFO - [2023-11-08T14:39:22.862+0000] {dag.py:2941} INFO - Sync 1 DAGs
[2023-11-08T14:39:22.881+0000] {logging_mixin.py:154} INFO - [2023-11-08T14:39:22.881+0000] {dag.py:3722} INFO - Setting next_dagrun for example_sla_dag to 2023-11-08T14:36:00+00:00, run_after=2023-11-08T14:38:00+00:00
[2023-11-08T14:39:22.895+0000] {processor.py:179} INFO - Processing /home/airflow/.local/lib/python3.11/site-packages/airflow/example_dags/example_sla_dag.py took 0.066 seconds
[2023-11-08T14:39:53.085+0000] {processor.py:157} INFO - Started process (PID=3544) to work on /home/airflow/.local/lib/python3.11/site-packages/airflow/example_dags/example_sla_dag.py
[2023-11-08T14:39:53.085+0000] {processor.py:829} INFO - Processing file /home/airflow/.local/lib/python3.11/site-packages/airflow/example_dags/example_sla_dag.py for tasks to queue
[2023-11-08T14:39:53.087+0000] {logging_mixin.py:154} INFO - [2023-11-08T14:39:53.086+0000] {dagbag.py:536} INFO - Filling up the DagBag from /home/airflow/.local/lib/python3.11/site-packages/airflow/example_dags/example_sla_dag.py
[2023-11-08T14:39:53.093+0000] {processor.py:839} INFO - DAG(s) dict_keys(['example_sla_dag']) retrieved from /home/airflow/.local/lib/python3.11/site-packages/airflow/example_dags/example_sla_dag.py
[2023-11-08T14:39:53.108+0000] {logging_mixin.py:154} INFO - [2023-11-08T14:39:53.108+0000] {dag.py:2941} INFO - Sync 1 DAGs
[2023-11-08T14:39:53.127+0000] {logging_mixin.py:154} INFO - [2023-11-08T14:39:53.127+0000] {dag.py:3722} INFO - Setting next_dagrun for example_sla_dag to 2023-11-08T14:36:00+00:00, run_after=2023-11-08T14:38:00+00:00
[2023-11-08T14:39:53.140+0000] {processor.py:179} INFO - Processing /home/airflow/.local/lib/python3.11/site-packages/airflow/example_dags/example_sla_dag.py took 0.057 seconds
[2023-11-08T14:40:23.366+0000] {processor.py:157} INFO - Started process (PID=3621) to work on /home/airflow/.local/lib/python3.11/site-packages/airflow/example_dags/example_sla_dag.py
[2023-11-08T14:40:23.367+0000] {processor.py:829} INFO - Processing file /home/airflow/.local/lib/python3.11/site-packages/airflow/example_dags/example_sla_dag.py for tasks to queue
[2023-11-08T14:40:23.369+0000] {logging_mixin.py:154} INFO - [2023-11-08T14:40:23.369+0000] {dagbag.py:536} INFO - Filling up the DagBag from /home/airflow/.local/lib/python3.11/site-packages/airflow/example_dags/example_sla_dag.py
[2023-11-08T14:40:23.378+0000] {processor.py:839} INFO - DAG(s) dict_keys(['example_sla_dag']) retrieved from /home/airflow/.local/lib/python3.11/site-packages/airflow/example_dags/example_sla_dag.py
[2023-11-08T14:40:23.398+0000] {logging_mixin.py:154} INFO - [2023-11-08T14:40:23.398+0000] {dag.py:2941} INFO - Sync 1 DAGs
[2023-11-08T14:40:23.421+0000] {logging_mixin.py:154} INFO - [2023-11-08T14:40:23.421+0000] {dag.py:3722} INFO - Setting next_dagrun for example_sla_dag to 2023-11-08T14:38:00+00:00, run_after=2023-11-08T14:40:00+00:00
[2023-11-08T14:40:23.439+0000] {processor.py:179} INFO - Processing /home/airflow/.local/lib/python3.11/site-packages/airflow/example_dags/example_sla_dag.py took 0.076 seconds
[2023-11-08T14:40:53.467+0000] {processor.py:157} INFO - Started process (PID=3697) to work on /home/airflow/.local/lib/python3.11/site-packages/airflow/example_dags/example_sla_dag.py
[2023-11-08T14:40:53.468+0000] {processor.py:829} INFO - Processing file /home/airflow/.local/lib/python3.11/site-packages/airflow/example_dags/example_sla_dag.py for tasks to queue
[2023-11-08T14:40:53.469+0000] {logging_mixin.py:154} INFO - [2023-11-08T14:40:53.469+0000] {dagbag.py:536} INFO - Filling up the DagBag from /home/airflow/.local/lib/python3.11/site-packages/airflow/example_dags/example_sla_dag.py
[2023-11-08T14:40:53.477+0000] {processor.py:839} INFO - DAG(s) dict_keys(['example_sla_dag']) retrieved from /home/airflow/.local/lib/python3.11/site-packages/airflow/example_dags/example_sla_dag.py
[2023-11-08T14:40:53.494+0000] {logging_mixin.py:154} INFO - [2023-11-08T14:40:53.493+0000] {dag.py:2941} INFO - Sync 1 DAGs
[2023-11-08T14:40:53.518+0000] {logging_mixin.py:154} INFO - [2023-11-08T14:40:53.517+0000] {dag.py:3722} INFO - Setting next_dagrun for example_sla_dag to 2023-11-08T14:38:00+00:00, run_after=2023-11-08T14:40:00+00:00
[2023-11-08T14:40:53.531+0000] {processor.py:179} INFO - Processing /home/airflow/.local/lib/python3.11/site-packages/airflow/example_dags/example_sla_dag.py took 0.066 seconds
[2023-11-08T14:41:23.699+0000] {processor.py:157} INFO - Started process (PID=3773) to work on /home/airflow/.local/lib/python3.11/site-packages/airflow/example_dags/example_sla_dag.py
[2023-11-08T14:41:23.700+0000] {processor.py:829} INFO - Processing file /home/airflow/.local/lib/python3.11/site-packages/airflow/example_dags/example_sla_dag.py for tasks to queue
[2023-11-08T14:41:23.702+0000] {logging_mixin.py:154} INFO - [2023-11-08T14:41:23.702+0000] {dagbag.py:536} INFO - Filling up the DagBag from /home/airflow/.local/lib/python3.11/site-packages/airflow/example_dags/example_sla_dag.py
[2023-11-08T14:41:23.708+0000] {processor.py:839} INFO - DAG(s) dict_keys(['example_sla_dag']) retrieved from /home/airflow/.local/lib/python3.11/site-packages/airflow/example_dags/example_sla_dag.py
[2023-11-08T14:41:23.725+0000] {logging_mixin.py:154} INFO - [2023-11-08T14:41:23.724+0000] {dag.py:2941} INFO - Sync 1 DAGs
[2023-11-08T14:41:23.745+0000] {logging_mixin.py:154} INFO - [2023-11-08T14:41:23.745+0000] {dag.py:3722} INFO - Setting next_dagrun for example_sla_dag to 2023-11-08T14:38:00+00:00, run_after=2023-11-08T14:40:00+00:00
[2023-11-08T14:41:23.759+0000] {processor.py:179} INFO - Processing /home/airflow/.local/lib/python3.11/site-packages/airflow/example_dags/example_sla_dag.py took 0.062 seconds
[2023-11-08T14:41:53.847+0000] {processor.py:157} INFO - Started process (PID=3849) to work on /home/airflow/.local/lib/python3.11/site-packages/airflow/example_dags/example_sla_dag.py
[2023-11-08T14:41:53.847+0000] {processor.py:829} INFO - Processing file /home/airflow/.local/lib/python3.11/site-packages/airflow/example_dags/example_sla_dag.py for tasks to queue
[2023-11-08T14:41:53.849+0000] {logging_mixin.py:154} INFO - [2023-11-08T14:41:53.848+0000] {dagbag.py:536} INFO - Filling up the DagBag from /home/airflow/.local/lib/python3.11/site-packages/airflow/example_dags/example_sla_dag.py
[2023-11-08T14:41:53.856+0000] {processor.py:839} INFO - DAG(s) dict_keys(['example_sla_dag']) retrieved from /home/airflow/.local/lib/python3.11/site-packages/airflow/example_dags/example_sla_dag.py
[2023-11-08T14:41:53.872+0000] {logging_mixin.py:154} INFO - [2023-11-08T14:41:53.872+0000] {dag.py:2941} INFO - Sync 1 DAGs
[2023-11-08T14:41:53.893+0000] {logging_mixin.py:154} INFO - [2023-11-08T14:41:53.893+0000] {dag.py:3722} INFO - Setting next_dagrun for example_sla_dag to 2023-11-08T14:38:00+00:00, run_after=2023-11-08T14:40:00+00:00
[2023-11-08T14:41:53.907+0000] {processor.py:179} INFO - Processing /home/airflow/.local/lib/python3.11/site-packages/airflow/example_dags/example_sla_dag.py took 0.062 seconds
[2023-11-08T14:42:24.062+0000] {processor.py:157} INFO - Started process (PID=3925) to work on /home/airflow/.local/lib/python3.11/site-packages/airflow/example_dags/example_sla_dag.py
[2023-11-08T14:42:24.063+0000] {processor.py:829} INFO - Processing file /home/airflow/.local/lib/python3.11/site-packages/airflow/example_dags/example_sla_dag.py for tasks to queue
[2023-11-08T14:42:24.065+0000] {logging_mixin.py:154} INFO - [2023-11-08T14:42:24.065+0000] {dagbag.py:536} INFO - Filling up the DagBag from /home/airflow/.local/lib/python3.11/site-packages/airflow/example_dags/example_sla_dag.py
[2023-11-08T14:42:24.071+0000] {processor.py:839} INFO - DAG(s) dict_keys(['example_sla_dag']) retrieved from /home/airflow/.local/lib/python3.11/site-packages/airflow/example_dags/example_sla_dag.py
[2023-11-08T14:42:24.087+0000] {logging_mixin.py:154} INFO - [2023-11-08T14:42:24.087+0000] {dag.py:2941} INFO - Sync 1 DAGs
[2023-11-08T14:42:24.105+0000] {logging_mixin.py:154} INFO - [2023-11-08T14:42:24.105+0000] {dag.py:3722} INFO - Setting next_dagrun for example_sla_dag to 2023-11-08T14:40:00+00:00, run_after=2023-11-08T14:42:00+00:00
[2023-11-08T14:42:24.119+0000] {processor.py:179} INFO - Processing /home/airflow/.local/lib/python3.11/site-packages/airflow/example_dags/example_sla_dag.py took 0.059 seconds
[2023-11-08T14:42:54.583+0000] {processor.py:157} INFO - Started process (PID=4001) to work on /home/airflow/.local/lib/python3.11/site-packages/airflow/example_dags/example_sla_dag.py
[2023-11-08T14:42:54.584+0000] {processor.py:829} INFO - Processing file /home/airflow/.local/lib/python3.11/site-packages/airflow/example_dags/example_sla_dag.py for tasks to queue
[2023-11-08T14:42:54.585+0000] {logging_mixin.py:154} INFO - [2023-11-08T14:42:54.585+0000] {dagbag.py:536} INFO - Filling up the DagBag from /home/airflow/.local/lib/python3.11/site-packages/airflow/example_dags/example_sla_dag.py
[2023-11-08T14:42:54.592+0000] {processor.py:839} INFO - DAG(s) dict_keys(['example_sla_dag']) retrieved from /home/airflow/.local/lib/python3.11/site-packages/airflow/example_dags/example_sla_dag.py
[2023-11-08T14:42:54.608+0000] {logging_mixin.py:154} INFO - [2023-11-08T14:42:54.608+0000] {dag.py:2941} INFO - Sync 1 DAGs
[2023-11-08T14:42:54.627+0000] {logging_mixin.py:154} INFO - [2023-11-08T14:42:54.627+0000] {dag.py:3722} INFO - Setting next_dagrun for example_sla_dag to 2023-11-08T14:40:00+00:00, run_after=2023-11-08T14:42:00+00:00
[2023-11-08T14:42:54.642+0000] {processor.py:179} INFO - Processing /home/airflow/.local/lib/python3.11/site-packages/airflow/example_dags/example_sla_dag.py took 0.062 seconds
[2023-11-08T14:43:24.888+0000] {processor.py:157} INFO - Started process (PID=4077) to work on /home/airflow/.local/lib/python3.11/site-packages/airflow/example_dags/example_sla_dag.py
[2023-11-08T14:43:24.888+0000] {processor.py:829} INFO - Processing file /home/airflow/.local/lib/python3.11/site-packages/airflow/example_dags/example_sla_dag.py for tasks to queue
[2023-11-08T14:43:24.890+0000] {logging_mixin.py:154} INFO - [2023-11-08T14:43:24.890+0000] {dagbag.py:536} INFO - Filling up the DagBag from /home/airflow/.local/lib/python3.11/site-packages/airflow/example_dags/example_sla_dag.py
[2023-11-08T14:43:24.896+0000] {processor.py:839} INFO - DAG(s) dict_keys(['example_sla_dag']) retrieved from /home/airflow/.local/lib/python3.11/site-packages/airflow/example_dags/example_sla_dag.py
[2023-11-08T14:43:24.911+0000] {logging_mixin.py:154} INFO - [2023-11-08T14:43:24.911+0000] {dag.py:2941} INFO - Sync 1 DAGs
[2023-11-08T14:43:24.930+0000] {logging_mixin.py:154} INFO - [2023-11-08T14:43:24.929+0000] {dag.py:3722} INFO - Setting next_dagrun for example_sla_dag to 2023-11-08T14:40:00+00:00, run_after=2023-11-08T14:42:00+00:00
[2023-11-08T14:43:24.942+0000] {processor.py:179} INFO - Processing /home/airflow/.local/lib/python3.11/site-packages/airflow/example_dags/example_sla_dag.py took 0.057 seconds
[2023-11-08T14:43:55.424+0000] {processor.py:157} INFO - Started process (PID=4153) to work on /home/airflow/.local/lib/python3.11/site-packages/airflow/example_dags/example_sla_dag.py
[2023-11-08T14:43:55.424+0000] {processor.py:829} INFO - Processing file /home/airflow/.local/lib/python3.11/site-packages/airflow/example_dags/example_sla_dag.py for tasks to queue
[2023-11-08T14:43:55.426+0000] {logging_mixin.py:154} INFO - [2023-11-08T14:43:55.425+0000] {dagbag.py:536} INFO - Filling up the DagBag from /home/airflow/.local/lib/python3.11/site-packages/airflow/example_dags/example_sla_dag.py
[2023-11-08T14:43:55.432+0000] {processor.py:839} INFO - DAG(s) dict_keys(['example_sla_dag']) retrieved from /home/airflow/.local/lib/python3.11/site-packages/airflow/example_dags/example_sla_dag.py
[2023-11-08T14:43:55.448+0000] {logging_mixin.py:154} INFO - [2023-11-08T14:43:55.448+0000] {dag.py:2941} INFO - Sync 1 DAGs
[2023-11-08T14:43:55.466+0000] {logging_mixin.py:154} INFO - [2023-11-08T14:43:55.466+0000] {dag.py:3722} INFO - Setting next_dagrun for example_sla_dag to 2023-11-08T14:40:00+00:00, run_after=2023-11-08T14:42:00+00:00
[2023-11-08T14:43:55.479+0000] {processor.py:179} INFO - Processing /home/airflow/.local/lib/python3.11/site-packages/airflow/example_dags/example_sla_dag.py took 0.058 seconds
[2023-11-08T14:44:25.601+0000] {processor.py:157} INFO - Started process (PID=4229) to work on /home/airflow/.local/lib/python3.11/site-packages/airflow/example_dags/example_sla_dag.py
[2023-11-08T14:44:25.602+0000] {processor.py:829} INFO - Processing file /home/airflow/.local/lib/python3.11/site-packages/airflow/example_dags/example_sla_dag.py for tasks to queue
[2023-11-08T14:44:25.604+0000] {logging_mixin.py:154} INFO - [2023-11-08T14:44:25.603+0000] {dagbag.py:536} INFO - Filling up the DagBag from /home/airflow/.local/lib/python3.11/site-packages/airflow/example_dags/example_sla_dag.py
[2023-11-08T14:44:25.611+0000] {processor.py:839} INFO - DAG(s) dict_keys(['example_sla_dag']) retrieved from /home/airflow/.local/lib/python3.11/site-packages/airflow/example_dags/example_sla_dag.py
[2023-11-08T14:44:25.627+0000] {logging_mixin.py:154} INFO - [2023-11-08T14:44:25.627+0000] {dag.py:2941} INFO - Sync 1 DAGs
[2023-11-08T14:44:25.646+0000] {logging_mixin.py:154} INFO - [2023-11-08T14:44:25.646+0000] {dag.py:3722} INFO - Setting next_dagrun for example_sla_dag to 2023-11-08T14:42:00+00:00, run_after=2023-11-08T14:44:00+00:00
[2023-11-08T14:44:25.659+0000] {processor.py:179} INFO - Processing /home/airflow/.local/lib/python3.11/site-packages/airflow/example_dags/example_sla_dag.py took 0.061 seconds
[2023-11-08T14:44:55.995+0000] {processor.py:157} INFO - Started process (PID=4305) to work on /home/airflow/.local/lib/python3.11/site-packages/airflow/example_dags/example_sla_dag.py
[2023-11-08T14:44:55.995+0000] {processor.py:829} INFO - Processing file /home/airflow/.local/lib/python3.11/site-packages/airflow/example_dags/example_sla_dag.py for tasks to queue
[2023-11-08T14:44:55.998+0000] {logging_mixin.py:154} INFO - [2023-11-08T14:44:55.997+0000] {dagbag.py:536} INFO - Filling up the DagBag from /home/airflow/.local/lib/python3.11/site-packages/airflow/example_dags/example_sla_dag.py
[2023-11-08T14:44:56.005+0000] {processor.py:839} INFO - DAG(s) dict_keys(['example_sla_dag']) retrieved from /home/airflow/.local/lib/python3.11/site-packages/airflow/example_dags/example_sla_dag.py
[2023-11-08T14:44:56.020+0000] {logging_mixin.py:154} INFO - [2023-11-08T14:44:56.020+0000] {dag.py:2941} INFO - Sync 1 DAGs
[2023-11-08T14:44:56.039+0000] {logging_mixin.py:154} INFO - [2023-11-08T14:44:56.039+0000] {dag.py:3722} INFO - Setting next_dagrun for example_sla_dag to 2023-11-08T14:42:00+00:00, run_after=2023-11-08T14:44:00+00:00
[2023-11-08T14:44:56.052+0000] {processor.py:179} INFO - Processing /home/airflow/.local/lib/python3.11/site-packages/airflow/example_dags/example_sla_dag.py took 0.060 seconds
[2023-11-08T14:45:26.581+0000] {processor.py:157} INFO - Started process (PID=4382) to work on /home/airflow/.local/lib/python3.11/site-packages/airflow/example_dags/example_sla_dag.py
[2023-11-08T14:45:26.597+0000] {processor.py:829} INFO - Processing file /home/airflow/.local/lib/python3.11/site-packages/airflow/example_dags/example_sla_dag.py for tasks to queue
[2023-11-08T14:45:26.599+0000] {logging_mixin.py:154} INFO - [2023-11-08T14:45:26.598+0000] {dagbag.py:536} INFO - Filling up the DagBag from /home/airflow/.local/lib/python3.11/site-packages/airflow/example_dags/example_sla_dag.py
[2023-11-08T14:45:26.605+0000] {processor.py:839} INFO - DAG(s) dict_keys(['example_sla_dag']) retrieved from /home/airflow/.local/lib/python3.11/site-packages/airflow/example_dags/example_sla_dag.py
[2023-11-08T14:45:26.620+0000] {logging_mixin.py:154} INFO - [2023-11-08T14:45:26.620+0000] {dag.py:2941} INFO - Sync 1 DAGs
[2023-11-08T14:45:26.639+0000] {logging_mixin.py:154} INFO - [2023-11-08T14:45:26.639+0000] {dag.py:3722} INFO - Setting next_dagrun for example_sla_dag to 2023-11-08T14:42:00+00:00, run_after=2023-11-08T14:44:00+00:00
[2023-11-08T14:45:26.651+0000] {processor.py:179} INFO - Processing /home/airflow/.local/lib/python3.11/site-packages/airflow/example_dags/example_sla_dag.py took 0.072 seconds
[2023-11-08T14:45:57.567+0000] {processor.py:157} INFO - Started process (PID=4458) to work on /home/airflow/.local/lib/python3.11/site-packages/airflow/example_dags/example_sla_dag.py
[2023-11-08T14:45:57.567+0000] {processor.py:829} INFO - Processing file /home/airflow/.local/lib/python3.11/site-packages/airflow/example_dags/example_sla_dag.py for tasks to queue
[2023-11-08T14:45:57.569+0000] {logging_mixin.py:154} INFO - [2023-11-08T14:45:57.568+0000] {dagbag.py:536} INFO - Filling up the DagBag from /home/airflow/.local/lib/python3.11/site-packages/airflow/example_dags/example_sla_dag.py
[2023-11-08T14:45:57.575+0000] {processor.py:839} INFO - DAG(s) dict_keys(['example_sla_dag']) retrieved from /home/airflow/.local/lib/python3.11/site-packages/airflow/example_dags/example_sla_dag.py
[2023-11-08T14:45:57.591+0000] {logging_mixin.py:154} INFO - [2023-11-08T14:45:57.591+0000] {dag.py:2941} INFO - Sync 1 DAGs
[2023-11-08T14:45:57.611+0000] {logging_mixin.py:154} INFO - [2023-11-08T14:45:57.610+0000] {dag.py:3722} INFO - Setting next_dagrun for example_sla_dag to 2023-11-08T14:42:00+00:00, run_after=2023-11-08T14:44:00+00:00
[2023-11-08T14:45:57.800+0000] {processor.py:179} INFO - Processing /home/airflow/.local/lib/python3.11/site-packages/airflow/example_dags/example_sla_dag.py took 0.236 seconds
[2023-11-08T14:46:28.392+0000] {processor.py:157} INFO - Started process (PID=4534) to work on /home/airflow/.local/lib/python3.11/site-packages/airflow/example_dags/example_sla_dag.py
[2023-11-08T14:46:28.393+0000] {processor.py:829} INFO - Processing file /home/airflow/.local/lib/python3.11/site-packages/airflow/example_dags/example_sla_dag.py for tasks to queue
[2023-11-08T14:46:28.395+0000] {logging_mixin.py:154} INFO - [2023-11-08T14:46:28.395+0000] {dagbag.py:536} INFO - Filling up the DagBag from /home/airflow/.local/lib/python3.11/site-packages/airflow/example_dags/example_sla_dag.py
[2023-11-08T14:46:28.402+0000] {processor.py:839} INFO - DAG(s) dict_keys(['example_sla_dag']) retrieved from /home/airflow/.local/lib/python3.11/site-packages/airflow/example_dags/example_sla_dag.py
[2023-11-08T14:46:28.417+0000] {logging_mixin.py:154} INFO - [2023-11-08T14:46:28.417+0000] {dag.py:2941} INFO - Sync 1 DAGs
[2023-11-08T14:46:28.436+0000] {logging_mixin.py:154} INFO - [2023-11-08T14:46:28.435+0000] {dag.py:3722} INFO - Setting next_dagrun for example_sla_dag to 2023-11-08T14:44:00+00:00, run_after=2023-11-08T14:46:00+00:00
[2023-11-08T14:46:28.622+0000] {processor.py:179} INFO - Processing /home/airflow/.local/lib/python3.11/site-packages/airflow/example_dags/example_sla_dag.py took 0.232 seconds
[2023-11-08T14:46:58.969+0000] {processor.py:157} INFO - Started process (PID=4610) to work on /home/airflow/.local/lib/python3.11/site-packages/airflow/example_dags/example_sla_dag.py
[2023-11-08T14:46:58.969+0000] {processor.py:829} INFO - Processing file /home/airflow/.local/lib/python3.11/site-packages/airflow/example_dags/example_sla_dag.py for tasks to queue
[2023-11-08T14:46:58.971+0000] {logging_mixin.py:154} INFO - [2023-11-08T14:46:58.970+0000] {dagbag.py:536} INFO - Filling up the DagBag from /home/airflow/.local/lib/python3.11/site-packages/airflow/example_dags/example_sla_dag.py
[2023-11-08T14:46:58.978+0000] {processor.py:839} INFO - DAG(s) dict_keys(['example_sla_dag']) retrieved from /home/airflow/.local/lib/python3.11/site-packages/airflow/example_dags/example_sla_dag.py
[2023-11-08T14:46:58.994+0000] {logging_mixin.py:154} INFO - [2023-11-08T14:46:58.994+0000] {dag.py:2941} INFO - Sync 1 DAGs
[2023-11-08T14:46:59.015+0000] {logging_mixin.py:154} INFO - [2023-11-08T14:46:59.015+0000] {dag.py:3722} INFO - Setting next_dagrun for example_sla_dag to 2023-11-08T14:44:00+00:00, run_after=2023-11-08T14:46:00+00:00
[2023-11-08T14:46:59.029+0000] {processor.py:179} INFO - Processing /home/airflow/.local/lib/python3.11/site-packages/airflow/example_dags/example_sla_dag.py took 0.062 seconds
[2023-11-08T14:47:29.079+0000] {processor.py:157} INFO - Started process (PID=4686) to work on /home/airflow/.local/lib/python3.11/site-packages/airflow/example_dags/example_sla_dag.py
[2023-11-08T14:47:29.081+0000] {processor.py:829} INFO - Processing file /home/airflow/.local/lib/python3.11/site-packages/airflow/example_dags/example_sla_dag.py for tasks to queue
[2023-11-08T14:47:29.082+0000] {logging_mixin.py:154} INFO - [2023-11-08T14:47:29.082+0000] {dagbag.py:536} INFO - Filling up the DagBag from /home/airflow/.local/lib/python3.11/site-packages/airflow/example_dags/example_sla_dag.py
[2023-11-08T14:47:29.090+0000] {processor.py:839} INFO - DAG(s) dict_keys(['example_sla_dag']) retrieved from /home/airflow/.local/lib/python3.11/site-packages/airflow/example_dags/example_sla_dag.py
[2023-11-08T14:47:29.105+0000] {logging_mixin.py:154} INFO - [2023-11-08T14:47:29.105+0000] {dag.py:2941} INFO - Sync 1 DAGs
[2023-11-08T14:47:29.124+0000] {logging_mixin.py:154} INFO - [2023-11-08T14:47:29.123+0000] {dag.py:3722} INFO - Setting next_dagrun for example_sla_dag to 2023-11-08T14:44:00+00:00, run_after=2023-11-08T14:46:00+00:00
[2023-11-08T14:47:29.136+0000] {processor.py:179} INFO - Processing /home/airflow/.local/lib/python3.11/site-packages/airflow/example_dags/example_sla_dag.py took 0.059 seconds
[2023-11-08T14:47:59.424+0000] {processor.py:157} INFO - Started process (PID=4762) to work on /home/airflow/.local/lib/python3.11/site-packages/airflow/example_dags/example_sla_dag.py
[2023-11-08T14:47:59.424+0000] {processor.py:829} INFO - Processing file /home/airflow/.local/lib/python3.11/site-packages/airflow/example_dags/example_sla_dag.py for tasks to queue
[2023-11-08T14:47:59.426+0000] {logging_mixin.py:154} INFO - [2023-11-08T14:47:59.426+0000] {dagbag.py:536} INFO - Filling up the DagBag from /home/airflow/.local/lib/python3.11/site-packages/airflow/example_dags/example_sla_dag.py
[2023-11-08T14:47:59.433+0000] {processor.py:839} INFO - DAG(s) dict_keys(['example_sla_dag']) retrieved from /home/airflow/.local/lib/python3.11/site-packages/airflow/example_dags/example_sla_dag.py
[2023-11-08T14:47:59.448+0000] {logging_mixin.py:154} INFO - [2023-11-08T14:47:59.448+0000] {dag.py:2941} INFO - Sync 1 DAGs
[2023-11-08T14:47:59.467+0000] {logging_mixin.py:154} INFO - [2023-11-08T14:47:59.467+0000] {dag.py:3722} INFO - Setting next_dagrun for example_sla_dag to 2023-11-08T14:44:00+00:00, run_after=2023-11-08T14:46:00+00:00
[2023-11-08T14:47:59.479+0000] {processor.py:179} INFO - Processing /home/airflow/.local/lib/python3.11/site-packages/airflow/example_dags/example_sla_dag.py took 0.057 seconds
[2023-11-08T14:48:30.112+0000] {processor.py:157} INFO - Started process (PID=4838) to work on /home/airflow/.local/lib/python3.11/site-packages/airflow/example_dags/example_sla_dag.py
[2023-11-08T14:48:30.113+0000] {processor.py:829} INFO - Processing file /home/airflow/.local/lib/python3.11/site-packages/airflow/example_dags/example_sla_dag.py for tasks to queue
[2023-11-08T14:48:30.115+0000] {logging_mixin.py:154} INFO - [2023-11-08T14:48:30.115+0000] {dagbag.py:536} INFO - Filling up the DagBag from /home/airflow/.local/lib/python3.11/site-packages/airflow/example_dags/example_sla_dag.py
[2023-11-08T14:48:30.122+0000] {processor.py:839} INFO - DAG(s) dict_keys(['example_sla_dag']) retrieved from /home/airflow/.local/lib/python3.11/site-packages/airflow/example_dags/example_sla_dag.py
[2023-11-08T14:48:30.138+0000] {logging_mixin.py:154} INFO - [2023-11-08T14:48:30.138+0000] {dag.py:2941} INFO - Sync 1 DAGs
[2023-11-08T14:48:30.324+0000] {logging_mixin.py:154} INFO - [2023-11-08T14:48:30.324+0000] {dag.py:3722} INFO - Setting next_dagrun for example_sla_dag to 2023-11-08T14:46:00+00:00, run_after=2023-11-08T14:48:00+00:00
[2023-11-08T14:48:30.337+0000] {processor.py:179} INFO - Processing /home/airflow/.local/lib/python3.11/site-packages/airflow/example_dags/example_sla_dag.py took 0.226 seconds
[2023-11-08T14:49:00.383+0000] {processor.py:157} INFO - Started process (PID=4914) to work on /home/airflow/.local/lib/python3.11/site-packages/airflow/example_dags/example_sla_dag.py
[2023-11-08T14:49:00.385+0000] {processor.py:829} INFO - Processing file /home/airflow/.local/lib/python3.11/site-packages/airflow/example_dags/example_sla_dag.py for tasks to queue
[2023-11-08T14:49:00.387+0000] {logging_mixin.py:154} INFO - [2023-11-08T14:49:00.387+0000] {dagbag.py:536} INFO - Filling up the DagBag from /home/airflow/.local/lib/python3.11/site-packages/airflow/example_dags/example_sla_dag.py
[2023-11-08T14:49:00.397+0000] {processor.py:839} INFO - DAG(s) dict_keys(['example_sla_dag']) retrieved from /home/airflow/.local/lib/python3.11/site-packages/airflow/example_dags/example_sla_dag.py
[2023-11-08T14:49:00.423+0000] {logging_mixin.py:154} INFO - [2023-11-08T14:49:00.423+0000] {dag.py:2941} INFO - Sync 1 DAGs
[2023-11-08T14:49:00.465+0000] {logging_mixin.py:154} INFO - [2023-11-08T14:49:00.465+0000] {dag.py:3722} INFO - Setting next_dagrun for example_sla_dag to 2023-11-08T14:46:00+00:00, run_after=2023-11-08T14:48:00+00:00
[2023-11-08T14:49:00.698+0000] {processor.py:179} INFO - Processing /home/airflow/.local/lib/python3.11/site-packages/airflow/example_dags/example_sla_dag.py took 0.320 seconds
[2023-11-08T14:49:31.020+0000] {processor.py:157} INFO - Started process (PID=4989) to work on /home/airflow/.local/lib/python3.11/site-packages/airflow/example_dags/example_sla_dag.py
[2023-11-08T14:49:31.021+0000] {processor.py:829} INFO - Processing file /home/airflow/.local/lib/python3.11/site-packages/airflow/example_dags/example_sla_dag.py for tasks to queue
[2023-11-08T14:49:31.022+0000] {logging_mixin.py:154} INFO - [2023-11-08T14:49:31.022+0000] {dagbag.py:536} INFO - Filling up the DagBag from /home/airflow/.local/lib/python3.11/site-packages/airflow/example_dags/example_sla_dag.py
[2023-11-08T14:49:31.030+0000] {processor.py:839} INFO - DAG(s) dict_keys(['example_sla_dag']) retrieved from /home/airflow/.local/lib/python3.11/site-packages/airflow/example_dags/example_sla_dag.py
[2023-11-08T14:49:31.046+0000] {logging_mixin.py:154} INFO - [2023-11-08T14:49:31.046+0000] {dag.py:2941} INFO - Sync 1 DAGs
[2023-11-08T14:49:31.066+0000] {logging_mixin.py:154} INFO - [2023-11-08T14:49:31.066+0000] {dag.py:3722} INFO - Setting next_dagrun for example_sla_dag to 2023-11-08T14:46:00+00:00, run_after=2023-11-08T14:48:00+00:00
[2023-11-08T14:49:31.080+0000] {processor.py:179} INFO - Processing /home/airflow/.local/lib/python3.11/site-packages/airflow/example_dags/example_sla_dag.py took 0.062 seconds
[2023-11-08T14:50:01.321+0000] {processor.py:157} INFO - Started process (PID=5065) to work on /home/airflow/.local/lib/python3.11/site-packages/airflow/example_dags/example_sla_dag.py
[2023-11-08T14:50:01.322+0000] {processor.py:829} INFO - Processing file /home/airflow/.local/lib/python3.11/site-packages/airflow/example_dags/example_sla_dag.py for tasks to queue
[2023-11-08T14:50:01.323+0000] {logging_mixin.py:154} INFO - [2023-11-08T14:50:01.323+0000] {dagbag.py:536} INFO - Filling up the DagBag from /home/airflow/.local/lib/python3.11/site-packages/airflow/example_dags/example_sla_dag.py
[2023-11-08T14:50:01.330+0000] {processor.py:839} INFO - DAG(s) dict_keys(['example_sla_dag']) retrieved from /home/airflow/.local/lib/python3.11/site-packages/airflow/example_dags/example_sla_dag.py
[2023-11-08T14:50:01.346+0000] {logging_mixin.py:154} INFO - [2023-11-08T14:50:01.346+0000] {dag.py:2941} INFO - Sync 1 DAGs
[2023-11-08T14:50:01.365+0000] {logging_mixin.py:154} INFO - [2023-11-08T14:50:01.365+0000] {dag.py:3722} INFO - Setting next_dagrun for example_sla_dag to 2023-11-08T14:48:00+00:00, run_after=2023-11-08T14:50:00+00:00
[2023-11-08T14:50:01.378+0000] {processor.py:179} INFO - Processing /home/airflow/.local/lib/python3.11/site-packages/airflow/example_dags/example_sla_dag.py took 0.060 seconds
[2023-11-08T14:50:31.617+0000] {processor.py:157} INFO - Started process (PID=5141) to work on /home/airflow/.local/lib/python3.11/site-packages/airflow/example_dags/example_sla_dag.py
[2023-11-08T14:50:31.617+0000] {processor.py:829} INFO - Processing file /home/airflow/.local/lib/python3.11/site-packages/airflow/example_dags/example_sla_dag.py for tasks to queue
[2023-11-08T14:50:31.619+0000] {logging_mixin.py:154} INFO - [2023-11-08T14:50:31.619+0000] {dagbag.py:536} INFO - Filling up the DagBag from /home/airflow/.local/lib/python3.11/site-packages/airflow/example_dags/example_sla_dag.py
[2023-11-08T14:50:31.626+0000] {processor.py:839} INFO - DAG(s) dict_keys(['example_sla_dag']) retrieved from /home/airflow/.local/lib/python3.11/site-packages/airflow/example_dags/example_sla_dag.py
[2023-11-08T14:50:31.641+0000] {logging_mixin.py:154} INFO - [2023-11-08T14:50:31.641+0000] {dag.py:2941} INFO - Sync 1 DAGs
[2023-11-08T14:50:31.661+0000] {logging_mixin.py:154} INFO - [2023-11-08T14:50:31.661+0000] {dag.py:3722} INFO - Setting next_dagrun for example_sla_dag to 2023-11-08T14:48:00+00:00, run_after=2023-11-08T14:50:00+00:00
[2023-11-08T14:50:31.674+0000] {processor.py:179} INFO - Processing /home/airflow/.local/lib/python3.11/site-packages/airflow/example_dags/example_sla_dag.py took 0.060 seconds
[2023-11-08T14:51:02.002+0000] {processor.py:157} INFO - Started process (PID=5217) to work on /home/airflow/.local/lib/python3.11/site-packages/airflow/example_dags/example_sla_dag.py
[2023-11-08T14:51:02.003+0000] {processor.py:829} INFO - Processing file /home/airflow/.local/lib/python3.11/site-packages/airflow/example_dags/example_sla_dag.py for tasks to queue
[2023-11-08T14:51:02.005+0000] {logging_mixin.py:154} INFO - [2023-11-08T14:51:02.005+0000] {dagbag.py:536} INFO - Filling up the DagBag from /home/airflow/.local/lib/python3.11/site-packages/airflow/example_dags/example_sla_dag.py
[2023-11-08T14:51:02.013+0000] {processor.py:839} INFO - DAG(s) dict_keys(['example_sla_dag']) retrieved from /home/airflow/.local/lib/python3.11/site-packages/airflow/example_dags/example_sla_dag.py
[2023-11-08T14:51:02.029+0000] {logging_mixin.py:154} INFO - [2023-11-08T14:51:02.029+0000] {dag.py:2941} INFO - Sync 1 DAGs
[2023-11-08T14:51:02.047+0000] {logging_mixin.py:154} INFO - [2023-11-08T14:51:02.047+0000] {dag.py:3722} INFO - Setting next_dagrun for example_sla_dag to 2023-11-08T14:48:00+00:00, run_after=2023-11-08T14:50:00+00:00
[2023-11-08T14:51:02.063+0000] {processor.py:179} INFO - Processing /home/airflow/.local/lib/python3.11/site-packages/airflow/example_dags/example_sla_dag.py took 0.063 seconds
[2023-11-08T14:51:32.171+0000] {processor.py:157} INFO - Started process (PID=5293) to work on /home/airflow/.local/lib/python3.11/site-packages/airflow/example_dags/example_sla_dag.py
[2023-11-08T14:51:32.172+0000] {processor.py:829} INFO - Processing file /home/airflow/.local/lib/python3.11/site-packages/airflow/example_dags/example_sla_dag.py for tasks to queue
[2023-11-08T14:51:32.174+0000] {logging_mixin.py:154} INFO - [2023-11-08T14:51:32.174+0000] {dagbag.py:536} INFO - Filling up the DagBag from /home/airflow/.local/lib/python3.11/site-packages/airflow/example_dags/example_sla_dag.py
[2023-11-08T14:51:32.184+0000] {processor.py:839} INFO - DAG(s) dict_keys(['example_sla_dag']) retrieved from /home/airflow/.local/lib/python3.11/site-packages/airflow/example_dags/example_sla_dag.py
[2023-11-08T14:51:32.221+0000] {logging_mixin.py:154} INFO - [2023-11-08T14:51:32.220+0000] {dag.py:2941} INFO - Sync 1 DAGs
[2023-11-08T14:51:32.251+0000] {logging_mixin.py:154} INFO - [2023-11-08T14:51:32.251+0000] {dag.py:3722} INFO - Setting next_dagrun for example_sla_dag to 2023-11-08T14:48:00+00:00, run_after=2023-11-08T14:50:00+00:00
[2023-11-08T14:51:32.270+0000] {processor.py:179} INFO - Processing /home/airflow/.local/lib/python3.11/site-packages/airflow/example_dags/example_sla_dag.py took 0.101 seconds
[2023-11-08T14:52:02.537+0000] {processor.py:157} INFO - Started process (PID=5369) to work on /home/airflow/.local/lib/python3.11/site-packages/airflow/example_dags/example_sla_dag.py
[2023-11-08T14:52:02.537+0000] {processor.py:829} INFO - Processing file /home/airflow/.local/lib/python3.11/site-packages/airflow/example_dags/example_sla_dag.py for tasks to queue
[2023-11-08T14:52:02.539+0000] {logging_mixin.py:154} INFO - [2023-11-08T14:52:02.539+0000] {dagbag.py:536} INFO - Filling up the DagBag from /home/airflow/.local/lib/python3.11/site-packages/airflow/example_dags/example_sla_dag.py
[2023-11-08T14:52:02.546+0000] {processor.py:839} INFO - DAG(s) dict_keys(['example_sla_dag']) retrieved from /home/airflow/.local/lib/python3.11/site-packages/airflow/example_dags/example_sla_dag.py
[2023-11-08T14:52:02.560+0000] {logging_mixin.py:154} INFO - [2023-11-08T14:52:02.560+0000] {dag.py:2941} INFO - Sync 1 DAGs
[2023-11-08T14:52:02.578+0000] {logging_mixin.py:154} INFO - [2023-11-08T14:52:02.578+0000] {dag.py:3722} INFO - Setting next_dagrun for example_sla_dag to 2023-11-08T14:50:00+00:00, run_after=2023-11-08T14:52:00+00:00
[2023-11-08T14:52:02.591+0000] {processor.py:179} INFO - Processing /home/airflow/.local/lib/python3.11/site-packages/airflow/example_dags/example_sla_dag.py took 0.057 seconds
