[2023-11-08T14:16:31.333+0000] {processor.py:157} INFO - Started process (PID=112) to work on /home/airflow/.local/lib/python3.11/site-packages/airflow/example_dags/example_params_ui_tutorial.py
[2023-11-08T14:16:31.335+0000] {processor.py:829} INFO - Processing file /home/airflow/.local/lib/python3.11/site-packages/airflow/example_dags/example_params_ui_tutorial.py for tasks to queue
[2023-11-08T14:16:31.340+0000] {logging_mixin.py:154} INFO - [2023-11-08T14:16:31.339+0000] {dagbag.py:536} INFO - Filling up the DagBag from /home/airflow/.local/lib/python3.11/site-packages/airflow/example_dags/example_params_ui_tutorial.py
[2023-11-08T14:16:31.457+0000] {processor.py:839} INFO - DAG(s) dict_keys(['example_params_ui_tutorial']) retrieved from /home/airflow/.local/lib/python3.11/site-packages/airflow/example_dags/example_params_ui_tutorial.py
[2023-11-08T14:16:31.878+0000] {logging_mixin.py:154} INFO - [2023-11-08T14:16:31.878+0000] {manager.py:499} INFO - Created Permission View: %s
[2023-11-08T14:16:31.909+0000] {logging_mixin.py:154} INFO - [2023-11-08T14:16:31.909+0000] {manager.py:499} INFO - Created Permission View: %s
[2023-11-08T14:16:31.931+0000] {logging_mixin.py:154} INFO - [2023-11-08T14:16:31.931+0000] {manager.py:499} INFO - Created Permission View: %s
[2023-11-08T14:16:31.932+0000] {logging_mixin.py:154} INFO - [2023-11-08T14:16:31.932+0000] {dag.py:2941} INFO - Sync 1 DAGs
[2023-11-08T14:16:31.973+0000] {logging_mixin.py:154} INFO - [2023-11-08T14:16:31.972+0000] {dag.py:2963} INFO - Creating ORM DAG for example_params_ui_tutorial
[2023-11-08T14:16:31.975+0000] {logging_mixin.py:154} INFO - [2023-11-08T14:16:31.975+0000] {dag.py:3722} INFO - Setting next_dagrun for example_params_ui_tutorial to None, run_after=None
[2023-11-08T14:16:32.030+0000] {processor.py:179} INFO - Processing /home/airflow/.local/lib/python3.11/site-packages/airflow/example_dags/example_params_ui_tutorial.py took 0.705 seconds
[2023-11-08T14:17:02.247+0000] {processor.py:157} INFO - Started process (PID=188) to work on /home/airflow/.local/lib/python3.11/site-packages/airflow/example_dags/example_params_ui_tutorial.py
[2023-11-08T14:17:02.248+0000] {processor.py:829} INFO - Processing file /home/airflow/.local/lib/python3.11/site-packages/airflow/example_dags/example_params_ui_tutorial.py for tasks to queue
[2023-11-08T14:17:02.251+0000] {logging_mixin.py:154} INFO - [2023-11-08T14:17:02.251+0000] {dagbag.py:536} INFO - Filling up the DagBag from /home/airflow/.local/lib/python3.11/site-packages/airflow/example_dags/example_params_ui_tutorial.py
[2023-11-08T14:17:02.303+0000] {processor.py:839} INFO - DAG(s) dict_keys(['example_params_ui_tutorial']) retrieved from /home/airflow/.local/lib/python3.11/site-packages/airflow/example_dags/example_params_ui_tutorial.py
[2023-11-08T14:17:02.385+0000] {logging_mixin.py:154} INFO - [2023-11-08T14:17:02.384+0000] {dag.py:2941} INFO - Sync 1 DAGs
[2023-11-08T14:17:02.419+0000] {logging_mixin.py:154} INFO - [2023-11-08T14:17:02.419+0000] {dag.py:3722} INFO - Setting next_dagrun for example_params_ui_tutorial to None, run_after=None
[2023-11-08T14:17:02.453+0000] {processor.py:179} INFO - Processing /home/airflow/.local/lib/python3.11/site-packages/airflow/example_dags/example_params_ui_tutorial.py took 0.210 seconds
[2023-11-08T14:17:32.494+0000] {processor.py:157} INFO - Started process (PID=264) to work on /home/airflow/.local/lib/python3.11/site-packages/airflow/example_dags/example_params_ui_tutorial.py
[2023-11-08T14:17:32.496+0000] {processor.py:829} INFO - Processing file /home/airflow/.local/lib/python3.11/site-packages/airflow/example_dags/example_params_ui_tutorial.py for tasks to queue
[2023-11-08T14:17:32.499+0000] {logging_mixin.py:154} INFO - [2023-11-08T14:17:32.498+0000] {dagbag.py:536} INFO - Filling up the DagBag from /home/airflow/.local/lib/python3.11/site-packages/airflow/example_dags/example_params_ui_tutorial.py
[2023-11-08T14:17:32.561+0000] {processor.py:839} INFO - DAG(s) dict_keys(['example_params_ui_tutorial']) retrieved from /home/airflow/.local/lib/python3.11/site-packages/airflow/example_dags/example_params_ui_tutorial.py
[2023-11-08T14:17:32.650+0000] {logging_mixin.py:154} INFO - [2023-11-08T14:17:32.650+0000] {dag.py:2941} INFO - Sync 1 DAGs
[2023-11-08T14:17:32.672+0000] {logging_mixin.py:154} INFO - [2023-11-08T14:17:32.672+0000] {dag.py:3722} INFO - Setting next_dagrun for example_params_ui_tutorial to None, run_after=None
[2023-11-08T14:17:32.706+0000] {processor.py:179} INFO - Processing /home/airflow/.local/lib/python3.11/site-packages/airflow/example_dags/example_params_ui_tutorial.py took 0.216 seconds
[2023-11-08T14:18:03.154+0000] {processor.py:157} INFO - Started process (PID=340) to work on /home/airflow/.local/lib/python3.11/site-packages/airflow/example_dags/example_params_ui_tutorial.py
[2023-11-08T14:18:03.156+0000] {processor.py:829} INFO - Processing file /home/airflow/.local/lib/python3.11/site-packages/airflow/example_dags/example_params_ui_tutorial.py for tasks to queue
[2023-11-08T14:18:03.159+0000] {logging_mixin.py:154} INFO - [2023-11-08T14:18:03.159+0000] {dagbag.py:536} INFO - Filling up the DagBag from /home/airflow/.local/lib/python3.11/site-packages/airflow/example_dags/example_params_ui_tutorial.py
[2023-11-08T14:18:03.215+0000] {processor.py:839} INFO - DAG(s) dict_keys(['example_params_ui_tutorial']) retrieved from /home/airflow/.local/lib/python3.11/site-packages/airflow/example_dags/example_params_ui_tutorial.py
[2023-11-08T14:18:03.310+0000] {logging_mixin.py:154} INFO - [2023-11-08T14:18:03.309+0000] {dag.py:2941} INFO - Sync 1 DAGs
[2023-11-08T14:18:03.338+0000] {logging_mixin.py:154} INFO - [2023-11-08T14:18:03.337+0000] {dag.py:3722} INFO - Setting next_dagrun for example_params_ui_tutorial to None, run_after=None
[2023-11-08T14:18:03.372+0000] {processor.py:179} INFO - Processing /home/airflow/.local/lib/python3.11/site-packages/airflow/example_dags/example_params_ui_tutorial.py took 0.222 seconds
[2023-11-08T14:18:34.281+0000] {processor.py:157} INFO - Started process (PID=416) to work on /home/airflow/.local/lib/python3.11/site-packages/airflow/example_dags/example_params_ui_tutorial.py
[2023-11-08T14:18:34.285+0000] {processor.py:829} INFO - Processing file /home/airflow/.local/lib/python3.11/site-packages/airflow/example_dags/example_params_ui_tutorial.py for tasks to queue
[2023-11-08T14:18:34.289+0000] {logging_mixin.py:154} INFO - [2023-11-08T14:18:34.289+0000] {dagbag.py:536} INFO - Filling up the DagBag from /home/airflow/.local/lib/python3.11/site-packages/airflow/example_dags/example_params_ui_tutorial.py
[2023-11-08T14:18:34.365+0000] {processor.py:839} INFO - DAG(s) dict_keys(['example_params_ui_tutorial']) retrieved from /home/airflow/.local/lib/python3.11/site-packages/airflow/example_dags/example_params_ui_tutorial.py
[2023-11-08T14:18:34.491+0000] {logging_mixin.py:154} INFO - [2023-11-08T14:18:34.491+0000] {dag.py:2941} INFO - Sync 1 DAGs
[2023-11-08T14:18:34.548+0000] {logging_mixin.py:154} INFO - [2023-11-08T14:18:34.547+0000] {dag.py:3722} INFO - Setting next_dagrun for example_params_ui_tutorial to None, run_after=None
[2023-11-08T14:18:34.640+0000] {processor.py:179} INFO - Processing /home/airflow/.local/lib/python3.11/site-packages/airflow/example_dags/example_params_ui_tutorial.py took 0.369 seconds
[2023-11-08T14:19:17.310+0000] {processor.py:157} INFO - Started process (PID=492) to work on /home/airflow/.local/lib/python3.11/site-packages/airflow/example_dags/example_params_ui_tutorial.py
[2023-11-08T14:19:17.326+0000] {processor.py:829} INFO - Processing file /home/airflow/.local/lib/python3.11/site-packages/airflow/example_dags/example_params_ui_tutorial.py for tasks to queue
[2023-11-08T14:19:17.344+0000] {logging_mixin.py:154} INFO - [2023-11-08T14:19:17.343+0000] {dagbag.py:536} INFO - Filling up the DagBag from /home/airflow/.local/lib/python3.11/site-packages/airflow/example_dags/example_params_ui_tutorial.py
[2023-11-08T14:19:17.622+0000] {processor.py:839} INFO - DAG(s) dict_keys(['example_params_ui_tutorial']) retrieved from /home/airflow/.local/lib/python3.11/site-packages/airflow/example_dags/example_params_ui_tutorial.py
[2023-11-08T14:19:17.788+0000] {logging_mixin.py:154} INFO - [2023-11-08T14:19:17.788+0000] {dag.py:2941} INFO - Sync 1 DAGs
[2023-11-08T14:19:17.994+0000] {logging_mixin.py:154} INFO - [2023-11-08T14:19:17.993+0000] {dag.py:3722} INFO - Setting next_dagrun for example_params_ui_tutorial to None, run_after=None
[2023-11-08T14:19:18.169+0000] {processor.py:179} INFO - Processing /home/airflow/.local/lib/python3.11/site-packages/airflow/example_dags/example_params_ui_tutorial.py took 0.940 seconds
[2023-11-08T14:19:48.381+0000] {processor.py:157} INFO - Started process (PID=568) to work on /home/airflow/.local/lib/python3.11/site-packages/airflow/example_dags/example_params_ui_tutorial.py
[2023-11-08T14:19:48.384+0000] {processor.py:829} INFO - Processing file /home/airflow/.local/lib/python3.11/site-packages/airflow/example_dags/example_params_ui_tutorial.py for tasks to queue
[2023-11-08T14:19:48.392+0000] {logging_mixin.py:154} INFO - [2023-11-08T14:19:48.391+0000] {dagbag.py:536} INFO - Filling up the DagBag from /home/airflow/.local/lib/python3.11/site-packages/airflow/example_dags/example_params_ui_tutorial.py
[2023-11-08T14:19:48.587+0000] {processor.py:839} INFO - DAG(s) dict_keys(['example_params_ui_tutorial']) retrieved from /home/airflow/.local/lib/python3.11/site-packages/airflow/example_dags/example_params_ui_tutorial.py
[2023-11-08T14:19:48.813+0000] {logging_mixin.py:154} INFO - [2023-11-08T14:19:48.813+0000] {dag.py:2941} INFO - Sync 1 DAGs
[2023-11-08T14:19:48.880+0000] {logging_mixin.py:154} INFO - [2023-11-08T14:19:48.880+0000] {dag.py:3722} INFO - Setting next_dagrun for example_params_ui_tutorial to None, run_after=None
[2023-11-08T14:19:48.950+0000] {processor.py:179} INFO - Processing /home/airflow/.local/lib/python3.11/site-packages/airflow/example_dags/example_params_ui_tutorial.py took 0.579 seconds
[2023-11-08T14:20:19.647+0000] {processor.py:157} INFO - Started process (PID=645) to work on /home/airflow/.local/lib/python3.11/site-packages/airflow/example_dags/example_params_ui_tutorial.py
[2023-11-08T14:20:19.651+0000] {processor.py:829} INFO - Processing file /home/airflow/.local/lib/python3.11/site-packages/airflow/example_dags/example_params_ui_tutorial.py for tasks to queue
[2023-11-08T14:20:19.655+0000] {logging_mixin.py:154} INFO - [2023-11-08T14:20:19.654+0000] {dagbag.py:536} INFO - Filling up the DagBag from /home/airflow/.local/lib/python3.11/site-packages/airflow/example_dags/example_params_ui_tutorial.py
[2023-11-08T14:20:19.725+0000] {processor.py:839} INFO - DAG(s) dict_keys(['example_params_ui_tutorial']) retrieved from /home/airflow/.local/lib/python3.11/site-packages/airflow/example_dags/example_params_ui_tutorial.py
[2023-11-08T14:20:19.821+0000] {logging_mixin.py:154} INFO - [2023-11-08T14:20:19.821+0000] {dag.py:2941} INFO - Sync 1 DAGs
[2023-11-08T14:20:19.845+0000] {logging_mixin.py:154} INFO - [2023-11-08T14:20:19.845+0000] {dag.py:3722} INFO - Setting next_dagrun for example_params_ui_tutorial to None, run_after=None
[2023-11-08T14:20:19.880+0000] {processor.py:179} INFO - Processing /home/airflow/.local/lib/python3.11/site-packages/airflow/example_dags/example_params_ui_tutorial.py took 0.240 seconds
[2023-11-08T14:20:50.076+0000] {processor.py:157} INFO - Started process (PID=721) to work on /home/airflow/.local/lib/python3.11/site-packages/airflow/example_dags/example_params_ui_tutorial.py
[2023-11-08T14:20:50.078+0000] {processor.py:829} INFO - Processing file /home/airflow/.local/lib/python3.11/site-packages/airflow/example_dags/example_params_ui_tutorial.py for tasks to queue
[2023-11-08T14:20:50.081+0000] {logging_mixin.py:154} INFO - [2023-11-08T14:20:50.081+0000] {dagbag.py:536} INFO - Filling up the DagBag from /home/airflow/.local/lib/python3.11/site-packages/airflow/example_dags/example_params_ui_tutorial.py
[2023-11-08T14:20:50.189+0000] {processor.py:839} INFO - DAG(s) dict_keys(['example_params_ui_tutorial']) retrieved from /home/airflow/.local/lib/python3.11/site-packages/airflow/example_dags/example_params_ui_tutorial.py
[2023-11-08T14:20:50.348+0000] {logging_mixin.py:154} INFO - [2023-11-08T14:20:50.348+0000] {dag.py:2941} INFO - Sync 1 DAGs
[2023-11-08T14:20:50.390+0000] {logging_mixin.py:154} INFO - [2023-11-08T14:20:50.389+0000] {dag.py:3722} INFO - Setting next_dagrun for example_params_ui_tutorial to None, run_after=None
[2023-11-08T14:20:50.444+0000] {processor.py:179} INFO - Processing /home/airflow/.local/lib/python3.11/site-packages/airflow/example_dags/example_params_ui_tutorial.py took 0.382 seconds
[2023-11-08T14:21:20.610+0000] {processor.py:157} INFO - Started process (PID=797) to work on /home/airflow/.local/lib/python3.11/site-packages/airflow/example_dags/example_params_ui_tutorial.py
[2023-11-08T14:21:20.613+0000] {processor.py:829} INFO - Processing file /home/airflow/.local/lib/python3.11/site-packages/airflow/example_dags/example_params_ui_tutorial.py for tasks to queue
[2023-11-08T14:21:20.619+0000] {logging_mixin.py:154} INFO - [2023-11-08T14:21:20.619+0000] {dagbag.py:536} INFO - Filling up the DagBag from /home/airflow/.local/lib/python3.11/site-packages/airflow/example_dags/example_params_ui_tutorial.py
[2023-11-08T14:21:20.749+0000] {processor.py:839} INFO - DAG(s) dict_keys(['example_params_ui_tutorial']) retrieved from /home/airflow/.local/lib/python3.11/site-packages/airflow/example_dags/example_params_ui_tutorial.py
[2023-11-08T14:21:20.884+0000] {logging_mixin.py:154} INFO - [2023-11-08T14:21:20.883+0000] {dag.py:2941} INFO - Sync 1 DAGs
[2023-11-08T14:21:20.926+0000] {logging_mixin.py:154} INFO - [2023-11-08T14:21:20.926+0000] {dag.py:3722} INFO - Setting next_dagrun for example_params_ui_tutorial to None, run_after=None
[2023-11-08T14:21:20.987+0000] {processor.py:179} INFO - Processing /home/airflow/.local/lib/python3.11/site-packages/airflow/example_dags/example_params_ui_tutorial.py took 0.386 seconds
[2023-11-08T14:21:51.108+0000] {processor.py:157} INFO - Started process (PID=873) to work on /home/airflow/.local/lib/python3.11/site-packages/airflow/example_dags/example_params_ui_tutorial.py
[2023-11-08T14:21:51.110+0000] {processor.py:829} INFO - Processing file /home/airflow/.local/lib/python3.11/site-packages/airflow/example_dags/example_params_ui_tutorial.py for tasks to queue
[2023-11-08T14:21:51.114+0000] {logging_mixin.py:154} INFO - [2023-11-08T14:21:51.113+0000] {dagbag.py:536} INFO - Filling up the DagBag from /home/airflow/.local/lib/python3.11/site-packages/airflow/example_dags/example_params_ui_tutorial.py
[2023-11-08T14:21:51.183+0000] {processor.py:839} INFO - DAG(s) dict_keys(['example_params_ui_tutorial']) retrieved from /home/airflow/.local/lib/python3.11/site-packages/airflow/example_dags/example_params_ui_tutorial.py
[2023-11-08T14:21:51.305+0000] {logging_mixin.py:154} INFO - [2023-11-08T14:21:51.304+0000] {dag.py:2941} INFO - Sync 1 DAGs
[2023-11-08T14:21:51.334+0000] {logging_mixin.py:154} INFO - [2023-11-08T14:21:51.334+0000] {dag.py:3722} INFO - Setting next_dagrun for example_params_ui_tutorial to None, run_after=None
[2023-11-08T14:21:51.380+0000] {processor.py:179} INFO - Processing /home/airflow/.local/lib/python3.11/site-packages/airflow/example_dags/example_params_ui_tutorial.py took 0.277 seconds
[2023-11-08T14:22:21.440+0000] {processor.py:157} INFO - Started process (PID=949) to work on /home/airflow/.local/lib/python3.11/site-packages/airflow/example_dags/example_params_ui_tutorial.py
[2023-11-08T14:22:21.442+0000] {processor.py:829} INFO - Processing file /home/airflow/.local/lib/python3.11/site-packages/airflow/example_dags/example_params_ui_tutorial.py for tasks to queue
[2023-11-08T14:22:21.452+0000] {logging_mixin.py:154} INFO - [2023-11-08T14:22:21.451+0000] {dagbag.py:536} INFO - Filling up the DagBag from /home/airflow/.local/lib/python3.11/site-packages/airflow/example_dags/example_params_ui_tutorial.py
[2023-11-08T14:22:21.533+0000] {processor.py:839} INFO - DAG(s) dict_keys(['example_params_ui_tutorial']) retrieved from /home/airflow/.local/lib/python3.11/site-packages/airflow/example_dags/example_params_ui_tutorial.py
[2023-11-08T14:22:21.629+0000] {logging_mixin.py:154} INFO - [2023-11-08T14:22:21.629+0000] {dag.py:2941} INFO - Sync 1 DAGs
[2023-11-08T14:22:21.654+0000] {logging_mixin.py:154} INFO - [2023-11-08T14:22:21.654+0000] {dag.py:3722} INFO - Setting next_dagrun for example_params_ui_tutorial to None, run_after=None
[2023-11-08T14:22:21.692+0000] {processor.py:179} INFO - Processing /home/airflow/.local/lib/python3.11/site-packages/airflow/example_dags/example_params_ui_tutorial.py took 0.258 seconds
[2023-11-08T14:22:51.857+0000] {processor.py:157} INFO - Started process (PID=1026) to work on /home/airflow/.local/lib/python3.11/site-packages/airflow/example_dags/example_params_ui_tutorial.py
[2023-11-08T14:22:51.859+0000] {processor.py:829} INFO - Processing file /home/airflow/.local/lib/python3.11/site-packages/airflow/example_dags/example_params_ui_tutorial.py for tasks to queue
[2023-11-08T14:22:51.862+0000] {logging_mixin.py:154} INFO - [2023-11-08T14:22:51.861+0000] {dagbag.py:536} INFO - Filling up the DagBag from /home/airflow/.local/lib/python3.11/site-packages/airflow/example_dags/example_params_ui_tutorial.py
[2023-11-08T14:22:51.922+0000] {processor.py:839} INFO - DAG(s) dict_keys(['example_params_ui_tutorial']) retrieved from /home/airflow/.local/lib/python3.11/site-packages/airflow/example_dags/example_params_ui_tutorial.py
[2023-11-08T14:22:52.016+0000] {logging_mixin.py:154} INFO - [2023-11-08T14:22:52.015+0000] {dag.py:2941} INFO - Sync 1 DAGs
[2023-11-08T14:22:52.043+0000] {logging_mixin.py:154} INFO - [2023-11-08T14:22:52.043+0000] {dag.py:3722} INFO - Setting next_dagrun for example_params_ui_tutorial to None, run_after=None
[2023-11-08T14:22:52.077+0000] {processor.py:179} INFO - Processing /home/airflow/.local/lib/python3.11/site-packages/airflow/example_dags/example_params_ui_tutorial.py took 0.224 seconds
[2023-11-08T14:23:22.628+0000] {processor.py:157} INFO - Started process (PID=1101) to work on /home/airflow/.local/lib/python3.11/site-packages/airflow/example_dags/example_params_ui_tutorial.py
[2023-11-08T14:23:22.630+0000] {processor.py:829} INFO - Processing file /home/airflow/.local/lib/python3.11/site-packages/airflow/example_dags/example_params_ui_tutorial.py for tasks to queue
[2023-11-08T14:23:22.642+0000] {logging_mixin.py:154} INFO - [2023-11-08T14:23:22.641+0000] {dagbag.py:536} INFO - Filling up the DagBag from /home/airflow/.local/lib/python3.11/site-packages/airflow/example_dags/example_params_ui_tutorial.py
[2023-11-08T14:23:22.756+0000] {processor.py:839} INFO - DAG(s) dict_keys(['example_params_ui_tutorial']) retrieved from /home/airflow/.local/lib/python3.11/site-packages/airflow/example_dags/example_params_ui_tutorial.py
[2023-11-08T14:23:22.921+0000] {logging_mixin.py:154} INFO - [2023-11-08T14:23:22.920+0000] {dag.py:2941} INFO - Sync 1 DAGs
[2023-11-08T14:23:22.942+0000] {logging_mixin.py:154} INFO - [2023-11-08T14:23:22.942+0000] {dag.py:3722} INFO - Setting next_dagrun for example_params_ui_tutorial to None, run_after=None
[2023-11-08T14:23:22.978+0000] {processor.py:179} INFO - Processing /home/airflow/.local/lib/python3.11/site-packages/airflow/example_dags/example_params_ui_tutorial.py took 0.357 seconds
[2023-11-08T14:24:01.046+0000] {processor.py:157} INFO - Started process (PID=1205) to work on /home/airflow/.local/lib/python3.11/site-packages/airflow/example_dags/example_params_ui_tutorial.py
[2023-11-08T14:24:01.049+0000] {processor.py:829} INFO - Processing file /home/airflow/.local/lib/python3.11/site-packages/airflow/example_dags/example_params_ui_tutorial.py for tasks to queue
[2023-11-08T14:24:01.053+0000] {logging_mixin.py:154} INFO - [2023-11-08T14:24:01.052+0000] {dagbag.py:536} INFO - Filling up the DagBag from /home/airflow/.local/lib/python3.11/site-packages/airflow/example_dags/example_params_ui_tutorial.py
[2023-11-08T14:24:01.158+0000] {processor.py:839} INFO - DAG(s) dict_keys(['example_params_ui_tutorial']) retrieved from /home/airflow/.local/lib/python3.11/site-packages/airflow/example_dags/example_params_ui_tutorial.py
[2023-11-08T14:24:01.394+0000] {logging_mixin.py:154} INFO - [2023-11-08T14:24:01.393+0000] {dag.py:2941} INFO - Sync 1 DAGs
[2023-11-08T14:24:01.438+0000] {logging_mixin.py:154} INFO - [2023-11-08T14:24:01.437+0000] {dag.py:3722} INFO - Setting next_dagrun for example_params_ui_tutorial to None, run_after=None
[2023-11-08T14:24:01.504+0000] {processor.py:179} INFO - Processing /home/airflow/.local/lib/python3.11/site-packages/airflow/example_dags/example_params_ui_tutorial.py took 0.468 seconds
[2023-11-08T14:24:39.630+0000] {processor.py:157} INFO - Started process (PID=1279) to work on /home/airflow/.local/lib/python3.11/site-packages/airflow/example_dags/example_params_ui_tutorial.py
[2023-11-08T14:24:39.634+0000] {processor.py:829} INFO - Processing file /home/airflow/.local/lib/python3.11/site-packages/airflow/example_dags/example_params_ui_tutorial.py for tasks to queue
[2023-11-08T14:24:39.644+0000] {logging_mixin.py:154} INFO - [2023-11-08T14:24:39.643+0000] {dagbag.py:536} INFO - Filling up the DagBag from /home/airflow/.local/lib/python3.11/site-packages/airflow/example_dags/example_params_ui_tutorial.py
[2023-11-08T14:24:39.788+0000] {processor.py:839} INFO - DAG(s) dict_keys(['example_params_ui_tutorial']) retrieved from /home/airflow/.local/lib/python3.11/site-packages/airflow/example_dags/example_params_ui_tutorial.py
[2023-11-08T14:24:39.991+0000] {logging_mixin.py:154} INFO - [2023-11-08T14:24:39.990+0000] {dag.py:2941} INFO - Sync 1 DAGs
[2023-11-08T14:24:40.056+0000] {logging_mixin.py:154} INFO - [2023-11-08T14:24:40.055+0000] {dag.py:3722} INFO - Setting next_dagrun for example_params_ui_tutorial to None, run_after=None
[2023-11-08T14:24:40.142+0000] {processor.py:179} INFO - Processing /home/airflow/.local/lib/python3.11/site-packages/airflow/example_dags/example_params_ui_tutorial.py took 0.519 seconds
[2023-11-08T14:25:10.606+0000] {processor.py:157} INFO - Started process (PID=1355) to work on /home/airflow/.local/lib/python3.11/site-packages/airflow/example_dags/example_params_ui_tutorial.py
[2023-11-08T14:25:10.608+0000] {processor.py:829} INFO - Processing file /home/airflow/.local/lib/python3.11/site-packages/airflow/example_dags/example_params_ui_tutorial.py for tasks to queue
[2023-11-08T14:25:10.611+0000] {logging_mixin.py:154} INFO - [2023-11-08T14:25:10.610+0000] {dagbag.py:536} INFO - Filling up the DagBag from /home/airflow/.local/lib/python3.11/site-packages/airflow/example_dags/example_params_ui_tutorial.py
[2023-11-08T14:25:10.665+0000] {processor.py:839} INFO - DAG(s) dict_keys(['example_params_ui_tutorial']) retrieved from /home/airflow/.local/lib/python3.11/site-packages/airflow/example_dags/example_params_ui_tutorial.py
[2023-11-08T14:25:10.758+0000] {logging_mixin.py:154} INFO - [2023-11-08T14:25:10.757+0000] {dag.py:2941} INFO - Sync 1 DAGs
[2023-11-08T14:25:10.784+0000] {logging_mixin.py:154} INFO - [2023-11-08T14:25:10.783+0000] {dag.py:3722} INFO - Setting next_dagrun for example_params_ui_tutorial to None, run_after=None
[2023-11-08T14:25:10.824+0000] {processor.py:179} INFO - Processing /home/airflow/.local/lib/python3.11/site-packages/airflow/example_dags/example_params_ui_tutorial.py took 0.223 seconds
[2023-11-08T14:25:41.018+0000] {processor.py:157} INFO - Started process (PID=1431) to work on /home/airflow/.local/lib/python3.11/site-packages/airflow/example_dags/example_params_ui_tutorial.py
[2023-11-08T14:25:41.019+0000] {processor.py:829} INFO - Processing file /home/airflow/.local/lib/python3.11/site-packages/airflow/example_dags/example_params_ui_tutorial.py for tasks to queue
[2023-11-08T14:25:41.024+0000] {logging_mixin.py:154} INFO - [2023-11-08T14:25:41.023+0000] {dagbag.py:536} INFO - Filling up the DagBag from /home/airflow/.local/lib/python3.11/site-packages/airflow/example_dags/example_params_ui_tutorial.py
[2023-11-08T14:25:41.090+0000] {processor.py:839} INFO - DAG(s) dict_keys(['example_params_ui_tutorial']) retrieved from /home/airflow/.local/lib/python3.11/site-packages/airflow/example_dags/example_params_ui_tutorial.py
[2023-11-08T14:25:41.176+0000] {logging_mixin.py:154} INFO - [2023-11-08T14:25:41.176+0000] {dag.py:2941} INFO - Sync 1 DAGs
[2023-11-08T14:25:41.202+0000] {logging_mixin.py:154} INFO - [2023-11-08T14:25:41.202+0000] {dag.py:3722} INFO - Setting next_dagrun for example_params_ui_tutorial to None, run_after=None
[2023-11-08T14:25:41.236+0000] {processor.py:179} INFO - Processing /home/airflow/.local/lib/python3.11/site-packages/airflow/example_dags/example_params_ui_tutorial.py took 0.223 seconds
[2023-11-08T14:26:12.642+0000] {processor.py:157} INFO - Started process (PID=1509) to work on /home/airflow/.local/lib/python3.11/site-packages/airflow/example_dags/example_params_ui_tutorial.py
[2023-11-08T14:26:12.644+0000] {processor.py:829} INFO - Processing file /home/airflow/.local/lib/python3.11/site-packages/airflow/example_dags/example_params_ui_tutorial.py for tasks to queue
[2023-11-08T14:26:12.649+0000] {logging_mixin.py:154} INFO - [2023-11-08T14:26:12.648+0000] {dagbag.py:536} INFO - Filling up the DagBag from /home/airflow/.local/lib/python3.11/site-packages/airflow/example_dags/example_params_ui_tutorial.py
[2023-11-08T14:26:12.763+0000] {processor.py:839} INFO - DAG(s) dict_keys(['example_params_ui_tutorial']) retrieved from /home/airflow/.local/lib/python3.11/site-packages/airflow/example_dags/example_params_ui_tutorial.py
[2023-11-08T14:26:12.967+0000] {logging_mixin.py:154} INFO - [2023-11-08T14:26:12.966+0000] {dag.py:2941} INFO - Sync 1 DAGs
[2023-11-08T14:26:13.028+0000] {logging_mixin.py:154} INFO - [2023-11-08T14:26:13.027+0000] {dag.py:3722} INFO - Setting next_dagrun for example_params_ui_tutorial to None, run_after=None
[2023-11-08T14:26:13.099+0000] {processor.py:179} INFO - Processing /home/airflow/.local/lib/python3.11/site-packages/airflow/example_dags/example_params_ui_tutorial.py took 0.466 seconds
[2023-11-08T14:26:43.563+0000] {processor.py:157} INFO - Started process (PID=1585) to work on /home/airflow/.local/lib/python3.11/site-packages/airflow/example_dags/example_params_ui_tutorial.py
[2023-11-08T14:26:43.564+0000] {processor.py:829} INFO - Processing file /home/airflow/.local/lib/python3.11/site-packages/airflow/example_dags/example_params_ui_tutorial.py for tasks to queue
[2023-11-08T14:26:43.568+0000] {logging_mixin.py:154} INFO - [2023-11-08T14:26:43.568+0000] {dagbag.py:536} INFO - Filling up the DagBag from /home/airflow/.local/lib/python3.11/site-packages/airflow/example_dags/example_params_ui_tutorial.py
[2023-11-08T14:26:43.631+0000] {processor.py:839} INFO - DAG(s) dict_keys(['example_params_ui_tutorial']) retrieved from /home/airflow/.local/lib/python3.11/site-packages/airflow/example_dags/example_params_ui_tutorial.py
[2023-11-08T14:26:43.724+0000] {logging_mixin.py:154} INFO - [2023-11-08T14:26:43.724+0000] {dag.py:2941} INFO - Sync 1 DAGs
[2023-11-08T14:26:43.747+0000] {logging_mixin.py:154} INFO - [2023-11-08T14:26:43.747+0000] {dag.py:3722} INFO - Setting next_dagrun for example_params_ui_tutorial to None, run_after=None
[2023-11-08T14:26:43.785+0000] {processor.py:179} INFO - Processing /home/airflow/.local/lib/python3.11/site-packages/airflow/example_dags/example_params_ui_tutorial.py took 0.226 seconds
[2023-11-08T14:27:14.216+0000] {processor.py:157} INFO - Started process (PID=1663) to work on /home/airflow/.local/lib/python3.11/site-packages/airflow/example_dags/example_params_ui_tutorial.py
[2023-11-08T14:27:14.218+0000] {processor.py:829} INFO - Processing file /home/airflow/.local/lib/python3.11/site-packages/airflow/example_dags/example_params_ui_tutorial.py for tasks to queue
[2023-11-08T14:27:14.220+0000] {logging_mixin.py:154} INFO - [2023-11-08T14:27:14.220+0000] {dagbag.py:536} INFO - Filling up the DagBag from /home/airflow/.local/lib/python3.11/site-packages/airflow/example_dags/example_params_ui_tutorial.py
[2023-11-08T14:27:14.281+0000] {processor.py:839} INFO - DAG(s) dict_keys(['example_params_ui_tutorial']) retrieved from /home/airflow/.local/lib/python3.11/site-packages/airflow/example_dags/example_params_ui_tutorial.py
[2023-11-08T14:27:14.379+0000] {logging_mixin.py:154} INFO - [2023-11-08T14:27:14.379+0000] {dag.py:2941} INFO - Sync 1 DAGs
[2023-11-08T14:27:14.404+0000] {logging_mixin.py:154} INFO - [2023-11-08T14:27:14.403+0000] {dag.py:3722} INFO - Setting next_dagrun for example_params_ui_tutorial to None, run_after=None
[2023-11-08T14:27:14.438+0000] {processor.py:179} INFO - Processing /home/airflow/.local/lib/python3.11/site-packages/airflow/example_dags/example_params_ui_tutorial.py took 0.228 seconds
[2023-11-08T14:27:44.726+0000] {processor.py:157} INFO - Started process (PID=1739) to work on /home/airflow/.local/lib/python3.11/site-packages/airflow/example_dags/example_params_ui_tutorial.py
[2023-11-08T14:27:44.733+0000] {processor.py:829} INFO - Processing file /home/airflow/.local/lib/python3.11/site-packages/airflow/example_dags/example_params_ui_tutorial.py for tasks to queue
[2023-11-08T14:27:44.737+0000] {logging_mixin.py:154} INFO - [2023-11-08T14:27:44.736+0000] {dagbag.py:536} INFO - Filling up the DagBag from /home/airflow/.local/lib/python3.11/site-packages/airflow/example_dags/example_params_ui_tutorial.py
[2023-11-08T14:27:44.811+0000] {processor.py:839} INFO - DAG(s) dict_keys(['example_params_ui_tutorial']) retrieved from /home/airflow/.local/lib/python3.11/site-packages/airflow/example_dags/example_params_ui_tutorial.py
[2023-11-08T14:27:44.925+0000] {logging_mixin.py:154} INFO - [2023-11-08T14:27:44.925+0000] {dag.py:2941} INFO - Sync 1 DAGs
[2023-11-08T14:27:44.966+0000] {logging_mixin.py:154} INFO - [2023-11-08T14:27:44.966+0000] {dag.py:3722} INFO - Setting next_dagrun for example_params_ui_tutorial to None, run_after=None
[2023-11-08T14:27:45.003+0000] {processor.py:179} INFO - Processing /home/airflow/.local/lib/python3.11/site-packages/airflow/example_dags/example_params_ui_tutorial.py took 0.284 seconds
[2023-11-08T14:28:16.135+0000] {processor.py:157} INFO - Started process (PID=1814) to work on /home/airflow/.local/lib/python3.11/site-packages/airflow/example_dags/example_params_ui_tutorial.py
[2023-11-08T14:28:16.137+0000] {processor.py:829} INFO - Processing file /home/airflow/.local/lib/python3.11/site-packages/airflow/example_dags/example_params_ui_tutorial.py for tasks to queue
[2023-11-08T14:28:16.140+0000] {logging_mixin.py:154} INFO - [2023-11-08T14:28:16.140+0000] {dagbag.py:536} INFO - Filling up the DagBag from /home/airflow/.local/lib/python3.11/site-packages/airflow/example_dags/example_params_ui_tutorial.py
[2023-11-08T14:28:16.230+0000] {processor.py:839} INFO - DAG(s) dict_keys(['example_params_ui_tutorial']) retrieved from /home/airflow/.local/lib/python3.11/site-packages/airflow/example_dags/example_params_ui_tutorial.py
[2023-11-08T14:28:16.339+0000] {logging_mixin.py:154} INFO - [2023-11-08T14:28:16.338+0000] {dag.py:2941} INFO - Sync 1 DAGs
[2023-11-08T14:28:16.370+0000] {logging_mixin.py:154} INFO - [2023-11-08T14:28:16.369+0000] {dag.py:3722} INFO - Setting next_dagrun for example_params_ui_tutorial to None, run_after=None
[2023-11-08T14:28:16.409+0000] {processor.py:179} INFO - Processing /home/airflow/.local/lib/python3.11/site-packages/airflow/example_dags/example_params_ui_tutorial.py took 0.279 seconds
[2023-11-08T14:28:46.905+0000] {processor.py:157} INFO - Started process (PID=1890) to work on /home/airflow/.local/lib/python3.11/site-packages/airflow/example_dags/example_params_ui_tutorial.py
[2023-11-08T14:28:46.906+0000] {processor.py:829} INFO - Processing file /home/airflow/.local/lib/python3.11/site-packages/airflow/example_dags/example_params_ui_tutorial.py for tasks to queue
[2023-11-08T14:28:46.909+0000] {logging_mixin.py:154} INFO - [2023-11-08T14:28:46.909+0000] {dagbag.py:536} INFO - Filling up the DagBag from /home/airflow/.local/lib/python3.11/site-packages/airflow/example_dags/example_params_ui_tutorial.py
[2023-11-08T14:28:46.967+0000] {processor.py:839} INFO - DAG(s) dict_keys(['example_params_ui_tutorial']) retrieved from /home/airflow/.local/lib/python3.11/site-packages/airflow/example_dags/example_params_ui_tutorial.py
[2023-11-08T14:28:47.059+0000] {logging_mixin.py:154} INFO - [2023-11-08T14:28:47.058+0000] {dag.py:2941} INFO - Sync 1 DAGs
[2023-11-08T14:28:47.092+0000] {logging_mixin.py:154} INFO - [2023-11-08T14:28:47.091+0000] {dag.py:3722} INFO - Setting next_dagrun for example_params_ui_tutorial to None, run_after=None
[2023-11-08T14:28:47.134+0000] {processor.py:179} INFO - Processing /home/airflow/.local/lib/python3.11/site-packages/airflow/example_dags/example_params_ui_tutorial.py took 0.233 seconds
[2023-11-08T14:29:17.770+0000] {processor.py:157} INFO - Started process (PID=1966) to work on /home/airflow/.local/lib/python3.11/site-packages/airflow/example_dags/example_params_ui_tutorial.py
[2023-11-08T14:29:17.771+0000] {processor.py:829} INFO - Processing file /home/airflow/.local/lib/python3.11/site-packages/airflow/example_dags/example_params_ui_tutorial.py for tasks to queue
[2023-11-08T14:29:17.774+0000] {logging_mixin.py:154} INFO - [2023-11-08T14:29:17.774+0000] {dagbag.py:536} INFO - Filling up the DagBag from /home/airflow/.local/lib/python3.11/site-packages/airflow/example_dags/example_params_ui_tutorial.py
[2023-11-08T14:29:17.839+0000] {processor.py:839} INFO - DAG(s) dict_keys(['example_params_ui_tutorial']) retrieved from /home/airflow/.local/lib/python3.11/site-packages/airflow/example_dags/example_params_ui_tutorial.py
[2023-11-08T14:29:17.925+0000] {logging_mixin.py:154} INFO - [2023-11-08T14:29:17.924+0000] {dag.py:2941} INFO - Sync 1 DAGs
[2023-11-08T14:29:17.947+0000] {logging_mixin.py:154} INFO - [2023-11-08T14:29:17.946+0000] {dag.py:3722} INFO - Setting next_dagrun for example_params_ui_tutorial to None, run_after=None
[2023-11-08T14:29:17.984+0000] {processor.py:179} INFO - Processing /home/airflow/.local/lib/python3.11/site-packages/airflow/example_dags/example_params_ui_tutorial.py took 0.218 seconds
[2023-11-08T14:29:48.065+0000] {processor.py:157} INFO - Started process (PID=2042) to work on /home/airflow/.local/lib/python3.11/site-packages/airflow/example_dags/example_params_ui_tutorial.py
[2023-11-08T14:29:48.066+0000] {processor.py:829} INFO - Processing file /home/airflow/.local/lib/python3.11/site-packages/airflow/example_dags/example_params_ui_tutorial.py for tasks to queue
[2023-11-08T14:29:48.069+0000] {logging_mixin.py:154} INFO - [2023-11-08T14:29:48.069+0000] {dagbag.py:536} INFO - Filling up the DagBag from /home/airflow/.local/lib/python3.11/site-packages/airflow/example_dags/example_params_ui_tutorial.py
[2023-11-08T14:29:48.122+0000] {processor.py:839} INFO - DAG(s) dict_keys(['example_params_ui_tutorial']) retrieved from /home/airflow/.local/lib/python3.11/site-packages/airflow/example_dags/example_params_ui_tutorial.py
[2023-11-08T14:29:48.204+0000] {logging_mixin.py:154} INFO - [2023-11-08T14:29:48.203+0000] {dag.py:2941} INFO - Sync 1 DAGs
[2023-11-08T14:29:48.225+0000] {logging_mixin.py:154} INFO - [2023-11-08T14:29:48.225+0000] {dag.py:3722} INFO - Setting next_dagrun for example_params_ui_tutorial to None, run_after=None
[2023-11-08T14:29:48.261+0000] {processor.py:179} INFO - Processing /home/airflow/.local/lib/python3.11/site-packages/airflow/example_dags/example_params_ui_tutorial.py took 0.201 seconds
[2023-11-08T14:30:19.156+0000] {processor.py:157} INFO - Started process (PID=2119) to work on /home/airflow/.local/lib/python3.11/site-packages/airflow/example_dags/example_params_ui_tutorial.py
[2023-11-08T14:30:19.157+0000] {processor.py:829} INFO - Processing file /home/airflow/.local/lib/python3.11/site-packages/airflow/example_dags/example_params_ui_tutorial.py for tasks to queue
[2023-11-08T14:30:19.160+0000] {logging_mixin.py:154} INFO - [2023-11-08T14:30:19.160+0000] {dagbag.py:536} INFO - Filling up the DagBag from /home/airflow/.local/lib/python3.11/site-packages/airflow/example_dags/example_params_ui_tutorial.py
[2023-11-08T14:30:19.223+0000] {processor.py:839} INFO - DAG(s) dict_keys(['example_params_ui_tutorial']) retrieved from /home/airflow/.local/lib/python3.11/site-packages/airflow/example_dags/example_params_ui_tutorial.py
[2023-11-08T14:30:19.324+0000] {logging_mixin.py:154} INFO - [2023-11-08T14:30:19.324+0000] {dag.py:2941} INFO - Sync 1 DAGs
[2023-11-08T14:30:19.352+0000] {logging_mixin.py:154} INFO - [2023-11-08T14:30:19.351+0000] {dag.py:3722} INFO - Setting next_dagrun for example_params_ui_tutorial to None, run_after=None
[2023-11-08T14:30:19.390+0000] {processor.py:179} INFO - Processing /home/airflow/.local/lib/python3.11/site-packages/airflow/example_dags/example_params_ui_tutorial.py took 0.241 seconds
[2023-11-08T14:30:49.770+0000] {processor.py:157} INFO - Started process (PID=2196) to work on /home/airflow/.local/lib/python3.11/site-packages/airflow/example_dags/example_params_ui_tutorial.py
[2023-11-08T14:30:49.772+0000] {processor.py:829} INFO - Processing file /home/airflow/.local/lib/python3.11/site-packages/airflow/example_dags/example_params_ui_tutorial.py for tasks to queue
[2023-11-08T14:30:49.776+0000] {logging_mixin.py:154} INFO - [2023-11-08T14:30:49.776+0000] {dagbag.py:536} INFO - Filling up the DagBag from /home/airflow/.local/lib/python3.11/site-packages/airflow/example_dags/example_params_ui_tutorial.py
[2023-11-08T14:30:49.834+0000] {processor.py:839} INFO - DAG(s) dict_keys(['example_params_ui_tutorial']) retrieved from /home/airflow/.local/lib/python3.11/site-packages/airflow/example_dags/example_params_ui_tutorial.py
[2023-11-08T14:30:49.914+0000] {logging_mixin.py:154} INFO - [2023-11-08T14:30:49.914+0000] {dag.py:2941} INFO - Sync 1 DAGs
[2023-11-08T14:30:49.936+0000] {logging_mixin.py:154} INFO - [2023-11-08T14:30:49.935+0000] {dag.py:3722} INFO - Setting next_dagrun for example_params_ui_tutorial to None, run_after=None
[2023-11-08T14:30:49.970+0000] {processor.py:179} INFO - Processing /home/airflow/.local/lib/python3.11/site-packages/airflow/example_dags/example_params_ui_tutorial.py took 0.204 seconds
[2023-11-08T14:31:20.160+0000] {processor.py:157} INFO - Started process (PID=2272) to work on /home/airflow/.local/lib/python3.11/site-packages/airflow/example_dags/example_params_ui_tutorial.py
[2023-11-08T14:31:20.161+0000] {processor.py:829} INFO - Processing file /home/airflow/.local/lib/python3.11/site-packages/airflow/example_dags/example_params_ui_tutorial.py for tasks to queue
[2023-11-08T14:31:20.167+0000] {logging_mixin.py:154} INFO - [2023-11-08T14:31:20.167+0000] {dagbag.py:536} INFO - Filling up the DagBag from /home/airflow/.local/lib/python3.11/site-packages/airflow/example_dags/example_params_ui_tutorial.py
[2023-11-08T14:31:20.233+0000] {processor.py:839} INFO - DAG(s) dict_keys(['example_params_ui_tutorial']) retrieved from /home/airflow/.local/lib/python3.11/site-packages/airflow/example_dags/example_params_ui_tutorial.py
[2023-11-08T14:31:20.321+0000] {logging_mixin.py:154} INFO - [2023-11-08T14:31:20.320+0000] {dag.py:2941} INFO - Sync 1 DAGs
[2023-11-08T14:31:20.347+0000] {logging_mixin.py:154} INFO - [2023-11-08T14:31:20.346+0000] {dag.py:3722} INFO - Setting next_dagrun for example_params_ui_tutorial to None, run_after=None
[2023-11-08T14:31:20.385+0000] {processor.py:179} INFO - Processing /home/airflow/.local/lib/python3.11/site-packages/airflow/example_dags/example_params_ui_tutorial.py took 0.230 seconds
[2023-11-08T14:31:50.504+0000] {processor.py:157} INFO - Started process (PID=2348) to work on /home/airflow/.local/lib/python3.11/site-packages/airflow/example_dags/example_params_ui_tutorial.py
[2023-11-08T14:31:50.506+0000] {processor.py:829} INFO - Processing file /home/airflow/.local/lib/python3.11/site-packages/airflow/example_dags/example_params_ui_tutorial.py for tasks to queue
[2023-11-08T14:31:50.510+0000] {logging_mixin.py:154} INFO - [2023-11-08T14:31:50.509+0000] {dagbag.py:536} INFO - Filling up the DagBag from /home/airflow/.local/lib/python3.11/site-packages/airflow/example_dags/example_params_ui_tutorial.py
[2023-11-08T14:31:50.569+0000] {processor.py:839} INFO - DAG(s) dict_keys(['example_params_ui_tutorial']) retrieved from /home/airflow/.local/lib/python3.11/site-packages/airflow/example_dags/example_params_ui_tutorial.py
[2023-11-08T14:31:50.655+0000] {logging_mixin.py:154} INFO - [2023-11-08T14:31:50.654+0000] {dag.py:2941} INFO - Sync 1 DAGs
[2023-11-08T14:31:50.678+0000] {logging_mixin.py:154} INFO - [2023-11-08T14:31:50.678+0000] {dag.py:3722} INFO - Setting next_dagrun for example_params_ui_tutorial to None, run_after=None
[2023-11-08T14:31:50.722+0000] {processor.py:179} INFO - Processing /home/airflow/.local/lib/python3.11/site-packages/airflow/example_dags/example_params_ui_tutorial.py took 0.222 seconds
[2023-11-08T14:32:20.797+0000] {processor.py:157} INFO - Started process (PID=2424) to work on /home/airflow/.local/lib/python3.11/site-packages/airflow/example_dags/example_params_ui_tutorial.py
[2023-11-08T14:32:20.799+0000] {processor.py:829} INFO - Processing file /home/airflow/.local/lib/python3.11/site-packages/airflow/example_dags/example_params_ui_tutorial.py for tasks to queue
[2023-11-08T14:32:20.803+0000] {logging_mixin.py:154} INFO - [2023-11-08T14:32:20.802+0000] {dagbag.py:536} INFO - Filling up the DagBag from /home/airflow/.local/lib/python3.11/site-packages/airflow/example_dags/example_params_ui_tutorial.py
[2023-11-08T14:32:20.860+0000] {processor.py:839} INFO - DAG(s) dict_keys(['example_params_ui_tutorial']) retrieved from /home/airflow/.local/lib/python3.11/site-packages/airflow/example_dags/example_params_ui_tutorial.py
[2023-11-08T14:32:20.941+0000] {logging_mixin.py:154} INFO - [2023-11-08T14:32:20.941+0000] {dag.py:2941} INFO - Sync 1 DAGs
[2023-11-08T14:32:20.963+0000] {logging_mixin.py:154} INFO - [2023-11-08T14:32:20.963+0000] {dag.py:3722} INFO - Setting next_dagrun for example_params_ui_tutorial to None, run_after=None
[2023-11-08T14:32:20.998+0000] {processor.py:179} INFO - Processing /home/airflow/.local/lib/python3.11/site-packages/airflow/example_dags/example_params_ui_tutorial.py took 0.207 seconds
[2023-11-08T14:32:51.947+0000] {processor.py:157} INFO - Started process (PID=2500) to work on /home/airflow/.local/lib/python3.11/site-packages/airflow/example_dags/example_params_ui_tutorial.py
[2023-11-08T14:32:51.949+0000] {processor.py:829} INFO - Processing file /home/airflow/.local/lib/python3.11/site-packages/airflow/example_dags/example_params_ui_tutorial.py for tasks to queue
[2023-11-08T14:32:51.952+0000] {logging_mixin.py:154} INFO - [2023-11-08T14:32:51.951+0000] {dagbag.py:536} INFO - Filling up the DagBag from /home/airflow/.local/lib/python3.11/site-packages/airflow/example_dags/example_params_ui_tutorial.py
[2023-11-08T14:32:52.023+0000] {processor.py:839} INFO - DAG(s) dict_keys(['example_params_ui_tutorial']) retrieved from /home/airflow/.local/lib/python3.11/site-packages/airflow/example_dags/example_params_ui_tutorial.py
[2023-11-08T14:32:52.124+0000] {logging_mixin.py:154} INFO - [2023-11-08T14:32:52.123+0000] {dag.py:2941} INFO - Sync 1 DAGs
[2023-11-08T14:32:52.146+0000] {logging_mixin.py:154} INFO - [2023-11-08T14:32:52.145+0000] {dag.py:3722} INFO - Setting next_dagrun for example_params_ui_tutorial to None, run_after=None
[2023-11-08T14:32:52.182+0000] {processor.py:179} INFO - Processing /home/airflow/.local/lib/python3.11/site-packages/airflow/example_dags/example_params_ui_tutorial.py took 0.238 seconds
[2023-11-08T14:33:22.371+0000] {processor.py:157} INFO - Started process (PID=2576) to work on /home/airflow/.local/lib/python3.11/site-packages/airflow/example_dags/example_params_ui_tutorial.py
[2023-11-08T14:33:22.372+0000] {processor.py:829} INFO - Processing file /home/airflow/.local/lib/python3.11/site-packages/airflow/example_dags/example_params_ui_tutorial.py for tasks to queue
[2023-11-08T14:33:22.375+0000] {logging_mixin.py:154} INFO - [2023-11-08T14:33:22.374+0000] {dagbag.py:536} INFO - Filling up the DagBag from /home/airflow/.local/lib/python3.11/site-packages/airflow/example_dags/example_params_ui_tutorial.py
[2023-11-08T14:33:22.433+0000] {processor.py:839} INFO - DAG(s) dict_keys(['example_params_ui_tutorial']) retrieved from /home/airflow/.local/lib/python3.11/site-packages/airflow/example_dags/example_params_ui_tutorial.py
[2023-11-08T14:33:22.523+0000] {logging_mixin.py:154} INFO - [2023-11-08T14:33:22.523+0000] {dag.py:2941} INFO - Sync 1 DAGs
[2023-11-08T14:33:22.545+0000] {logging_mixin.py:154} INFO - [2023-11-08T14:33:22.545+0000] {dag.py:3722} INFO - Setting next_dagrun for example_params_ui_tutorial to None, run_after=None
[2023-11-08T14:33:22.579+0000] {processor.py:179} INFO - Processing /home/airflow/.local/lib/python3.11/site-packages/airflow/example_dags/example_params_ui_tutorial.py took 0.211 seconds
[2023-11-08T14:33:52.832+0000] {processor.py:157} INFO - Started process (PID=2652) to work on /home/airflow/.local/lib/python3.11/site-packages/airflow/example_dags/example_params_ui_tutorial.py
[2023-11-08T14:33:52.834+0000] {processor.py:829} INFO - Processing file /home/airflow/.local/lib/python3.11/site-packages/airflow/example_dags/example_params_ui_tutorial.py for tasks to queue
[2023-11-08T14:33:52.838+0000] {logging_mixin.py:154} INFO - [2023-11-08T14:33:52.837+0000] {dagbag.py:536} INFO - Filling up the DagBag from /home/airflow/.local/lib/python3.11/site-packages/airflow/example_dags/example_params_ui_tutorial.py
[2023-11-08T14:33:52.899+0000] {processor.py:839} INFO - DAG(s) dict_keys(['example_params_ui_tutorial']) retrieved from /home/airflow/.local/lib/python3.11/site-packages/airflow/example_dags/example_params_ui_tutorial.py
[2023-11-08T14:33:52.988+0000] {logging_mixin.py:154} INFO - [2023-11-08T14:33:52.987+0000] {dag.py:2941} INFO - Sync 1 DAGs
[2023-11-08T14:33:53.015+0000] {logging_mixin.py:154} INFO - [2023-11-08T14:33:53.015+0000] {dag.py:3722} INFO - Setting next_dagrun for example_params_ui_tutorial to None, run_after=None
[2023-11-08T14:33:53.051+0000] {processor.py:179} INFO - Processing /home/airflow/.local/lib/python3.11/site-packages/airflow/example_dags/example_params_ui_tutorial.py took 0.225 seconds
[2023-11-08T14:34:23.845+0000] {processor.py:157} INFO - Started process (PID=2728) to work on /home/airflow/.local/lib/python3.11/site-packages/airflow/example_dags/example_params_ui_tutorial.py
[2023-11-08T14:34:23.846+0000] {processor.py:829} INFO - Processing file /home/airflow/.local/lib/python3.11/site-packages/airflow/example_dags/example_params_ui_tutorial.py for tasks to queue
[2023-11-08T14:34:23.849+0000] {logging_mixin.py:154} INFO - [2023-11-08T14:34:23.849+0000] {dagbag.py:536} INFO - Filling up the DagBag from /home/airflow/.local/lib/python3.11/site-packages/airflow/example_dags/example_params_ui_tutorial.py
[2023-11-08T14:34:23.900+0000] {processor.py:839} INFO - DAG(s) dict_keys(['example_params_ui_tutorial']) retrieved from /home/airflow/.local/lib/python3.11/site-packages/airflow/example_dags/example_params_ui_tutorial.py
[2023-11-08T14:34:23.983+0000] {logging_mixin.py:154} INFO - [2023-11-08T14:34:23.982+0000] {dag.py:2941} INFO - Sync 1 DAGs
[2023-11-08T14:34:24.003+0000] {logging_mixin.py:154} INFO - [2023-11-08T14:34:24.003+0000] {dag.py:3722} INFO - Setting next_dagrun for example_params_ui_tutorial to None, run_after=None
[2023-11-08T14:34:24.037+0000] {processor.py:179} INFO - Processing /home/airflow/.local/lib/python3.11/site-packages/airflow/example_dags/example_params_ui_tutorial.py took 0.196 seconds
[2023-11-08T14:34:54.304+0000] {processor.py:157} INFO - Started process (PID=2804) to work on /home/airflow/.local/lib/python3.11/site-packages/airflow/example_dags/example_params_ui_tutorial.py
[2023-11-08T14:34:54.306+0000] {processor.py:829} INFO - Processing file /home/airflow/.local/lib/python3.11/site-packages/airflow/example_dags/example_params_ui_tutorial.py for tasks to queue
[2023-11-08T14:34:54.310+0000] {logging_mixin.py:154} INFO - [2023-11-08T14:34:54.309+0000] {dagbag.py:536} INFO - Filling up the DagBag from /home/airflow/.local/lib/python3.11/site-packages/airflow/example_dags/example_params_ui_tutorial.py
[2023-11-08T14:34:54.366+0000] {processor.py:839} INFO - DAG(s) dict_keys(['example_params_ui_tutorial']) retrieved from /home/airflow/.local/lib/python3.11/site-packages/airflow/example_dags/example_params_ui_tutorial.py
[2023-11-08T14:34:54.469+0000] {logging_mixin.py:154} INFO - [2023-11-08T14:34:54.468+0000] {dag.py:2941} INFO - Sync 1 DAGs
[2023-11-08T14:34:54.490+0000] {logging_mixin.py:154} INFO - [2023-11-08T14:34:54.490+0000] {dag.py:3722} INFO - Setting next_dagrun for example_params_ui_tutorial to None, run_after=None
[2023-11-08T14:34:54.522+0000] {processor.py:179} INFO - Processing /home/airflow/.local/lib/python3.11/site-packages/airflow/example_dags/example_params_ui_tutorial.py took 0.223 seconds
[2023-11-08T14:35:25.323+0000] {processor.py:157} INFO - Started process (PID=2880) to work on /home/airflow/.local/lib/python3.11/site-packages/airflow/example_dags/example_params_ui_tutorial.py
[2023-11-08T14:35:25.324+0000] {processor.py:829} INFO - Processing file /home/airflow/.local/lib/python3.11/site-packages/airflow/example_dags/example_params_ui_tutorial.py for tasks to queue
[2023-11-08T14:35:25.328+0000] {logging_mixin.py:154} INFO - [2023-11-08T14:35:25.327+0000] {dagbag.py:536} INFO - Filling up the DagBag from /home/airflow/.local/lib/python3.11/site-packages/airflow/example_dags/example_params_ui_tutorial.py
[2023-11-08T14:35:25.382+0000] {processor.py:839} INFO - DAG(s) dict_keys(['example_params_ui_tutorial']) retrieved from /home/airflow/.local/lib/python3.11/site-packages/airflow/example_dags/example_params_ui_tutorial.py
[2023-11-08T14:35:25.482+0000] {logging_mixin.py:154} INFO - [2023-11-08T14:35:25.482+0000] {dag.py:2941} INFO - Sync 1 DAGs
[2023-11-08T14:35:25.504+0000] {logging_mixin.py:154} INFO - [2023-11-08T14:35:25.503+0000] {dag.py:3722} INFO - Setting next_dagrun for example_params_ui_tutorial to None, run_after=None
[2023-11-08T14:35:25.535+0000] {processor.py:179} INFO - Processing /home/airflow/.local/lib/python3.11/site-packages/airflow/example_dags/example_params_ui_tutorial.py took 0.217 seconds
[2023-11-08T14:35:56.121+0000] {processor.py:157} INFO - Started process (PID=2956) to work on /home/airflow/.local/lib/python3.11/site-packages/airflow/example_dags/example_params_ui_tutorial.py
[2023-11-08T14:35:56.123+0000] {processor.py:829} INFO - Processing file /home/airflow/.local/lib/python3.11/site-packages/airflow/example_dags/example_params_ui_tutorial.py for tasks to queue
[2023-11-08T14:35:56.127+0000] {logging_mixin.py:154} INFO - [2023-11-08T14:35:56.126+0000] {dagbag.py:536} INFO - Filling up the DagBag from /home/airflow/.local/lib/python3.11/site-packages/airflow/example_dags/example_params_ui_tutorial.py
[2023-11-08T14:35:56.194+0000] {processor.py:839} INFO - DAG(s) dict_keys(['example_params_ui_tutorial']) retrieved from /home/airflow/.local/lib/python3.11/site-packages/airflow/example_dags/example_params_ui_tutorial.py
[2023-11-08T14:35:56.285+0000] {logging_mixin.py:154} INFO - [2023-11-08T14:35:56.284+0000] {dag.py:2941} INFO - Sync 1 DAGs
[2023-11-08T14:35:56.307+0000] {logging_mixin.py:154} INFO - [2023-11-08T14:35:56.307+0000] {dag.py:3722} INFO - Setting next_dagrun for example_params_ui_tutorial to None, run_after=None
[2023-11-08T14:35:56.345+0000] {processor.py:179} INFO - Processing /home/airflow/.local/lib/python3.11/site-packages/airflow/example_dags/example_params_ui_tutorial.py took 0.229 seconds
[2023-11-08T14:36:27.004+0000] {processor.py:157} INFO - Started process (PID=3032) to work on /home/airflow/.local/lib/python3.11/site-packages/airflow/example_dags/example_params_ui_tutorial.py
[2023-11-08T14:36:27.006+0000] {processor.py:829} INFO - Processing file /home/airflow/.local/lib/python3.11/site-packages/airflow/example_dags/example_params_ui_tutorial.py for tasks to queue
[2023-11-08T14:36:27.010+0000] {logging_mixin.py:154} INFO - [2023-11-08T14:36:27.009+0000] {dagbag.py:536} INFO - Filling up the DagBag from /home/airflow/.local/lib/python3.11/site-packages/airflow/example_dags/example_params_ui_tutorial.py
[2023-11-08T14:36:27.070+0000] {processor.py:839} INFO - DAG(s) dict_keys(['example_params_ui_tutorial']) retrieved from /home/airflow/.local/lib/python3.11/site-packages/airflow/example_dags/example_params_ui_tutorial.py
[2023-11-08T14:36:27.158+0000] {logging_mixin.py:154} INFO - [2023-11-08T14:36:27.158+0000] {dag.py:2941} INFO - Sync 1 DAGs
[2023-11-08T14:36:27.180+0000] {logging_mixin.py:154} INFO - [2023-11-08T14:36:27.180+0000] {dag.py:3722} INFO - Setting next_dagrun for example_params_ui_tutorial to None, run_after=None
[2023-11-08T14:36:27.218+0000] {processor.py:179} INFO - Processing /home/airflow/.local/lib/python3.11/site-packages/airflow/example_dags/example_params_ui_tutorial.py took 0.218 seconds
[2023-11-08T14:36:57.625+0000] {processor.py:157} INFO - Started process (PID=3108) to work on /home/airflow/.local/lib/python3.11/site-packages/airflow/example_dags/example_params_ui_tutorial.py
[2023-11-08T14:36:57.626+0000] {processor.py:829} INFO - Processing file /home/airflow/.local/lib/python3.11/site-packages/airflow/example_dags/example_params_ui_tutorial.py for tasks to queue
[2023-11-08T14:36:57.629+0000] {logging_mixin.py:154} INFO - [2023-11-08T14:36:57.629+0000] {dagbag.py:536} INFO - Filling up the DagBag from /home/airflow/.local/lib/python3.11/site-packages/airflow/example_dags/example_params_ui_tutorial.py
[2023-11-08T14:36:57.682+0000] {processor.py:839} INFO - DAG(s) dict_keys(['example_params_ui_tutorial']) retrieved from /home/airflow/.local/lib/python3.11/site-packages/airflow/example_dags/example_params_ui_tutorial.py
[2023-11-08T14:36:57.765+0000] {logging_mixin.py:154} INFO - [2023-11-08T14:36:57.764+0000] {dag.py:2941} INFO - Sync 1 DAGs
[2023-11-08T14:36:57.784+0000] {logging_mixin.py:154} INFO - [2023-11-08T14:36:57.784+0000] {dag.py:3722} INFO - Setting next_dagrun for example_params_ui_tutorial to None, run_after=None
[2023-11-08T14:36:57.820+0000] {processor.py:179} INFO - Processing /home/airflow/.local/lib/python3.11/site-packages/airflow/example_dags/example_params_ui_tutorial.py took 0.199 seconds
[2023-11-08T14:37:28.210+0000] {processor.py:157} INFO - Started process (PID=3184) to work on /home/airflow/.local/lib/python3.11/site-packages/airflow/example_dags/example_params_ui_tutorial.py
[2023-11-08T14:37:28.211+0000] {processor.py:829} INFO - Processing file /home/airflow/.local/lib/python3.11/site-packages/airflow/example_dags/example_params_ui_tutorial.py for tasks to queue
[2023-11-08T14:37:28.212+0000] {logging_mixin.py:154} INFO - [2023-11-08T14:37:28.212+0000] {dagbag.py:536} INFO - Filling up the DagBag from /home/airflow/.local/lib/python3.11/site-packages/airflow/example_dags/example_params_ui_tutorial.py
[2023-11-08T14:37:28.236+0000] {processor.py:839} INFO - DAG(s) dict_keys(['example_params_ui_tutorial']) retrieved from /home/airflow/.local/lib/python3.11/site-packages/airflow/example_dags/example_params_ui_tutorial.py
[2023-11-08T14:37:28.271+0000] {logging_mixin.py:154} INFO - [2023-11-08T14:37:28.271+0000] {dag.py:2941} INFO - Sync 1 DAGs
[2023-11-08T14:37:28.281+0000] {logging_mixin.py:154} INFO - [2023-11-08T14:37:28.281+0000] {dag.py:3722} INFO - Setting next_dagrun for example_params_ui_tutorial to None, run_after=None
[2023-11-08T14:37:28.295+0000] {processor.py:179} INFO - Processing /home/airflow/.local/lib/python3.11/site-packages/airflow/example_dags/example_params_ui_tutorial.py took 0.087 seconds
[2023-11-08T14:37:58.532+0000] {processor.py:157} INFO - Started process (PID=3260) to work on /home/airflow/.local/lib/python3.11/site-packages/airflow/example_dags/example_params_ui_tutorial.py
[2023-11-08T14:37:58.533+0000] {processor.py:829} INFO - Processing file /home/airflow/.local/lib/python3.11/site-packages/airflow/example_dags/example_params_ui_tutorial.py for tasks to queue
[2023-11-08T14:37:58.535+0000] {logging_mixin.py:154} INFO - [2023-11-08T14:37:58.535+0000] {dagbag.py:536} INFO - Filling up the DagBag from /home/airflow/.local/lib/python3.11/site-packages/airflow/example_dags/example_params_ui_tutorial.py
[2023-11-08T14:37:58.560+0000] {processor.py:839} INFO - DAG(s) dict_keys(['example_params_ui_tutorial']) retrieved from /home/airflow/.local/lib/python3.11/site-packages/airflow/example_dags/example_params_ui_tutorial.py
[2023-11-08T14:37:58.593+0000] {logging_mixin.py:154} INFO - [2023-11-08T14:37:58.593+0000] {dag.py:2941} INFO - Sync 1 DAGs
[2023-11-08T14:37:58.603+0000] {logging_mixin.py:154} INFO - [2023-11-08T14:37:58.603+0000] {dag.py:3722} INFO - Setting next_dagrun for example_params_ui_tutorial to None, run_after=None
[2023-11-08T14:37:58.618+0000] {processor.py:179} INFO - Processing /home/airflow/.local/lib/python3.11/site-packages/airflow/example_dags/example_params_ui_tutorial.py took 0.088 seconds
[2023-11-08T14:38:28.684+0000] {processor.py:157} INFO - Started process (PID=3336) to work on /home/airflow/.local/lib/python3.11/site-packages/airflow/example_dags/example_params_ui_tutorial.py
[2023-11-08T14:38:28.684+0000] {processor.py:829} INFO - Processing file /home/airflow/.local/lib/python3.11/site-packages/airflow/example_dags/example_params_ui_tutorial.py for tasks to queue
[2023-11-08T14:38:28.686+0000] {logging_mixin.py:154} INFO - [2023-11-08T14:38:28.686+0000] {dagbag.py:536} INFO - Filling up the DagBag from /home/airflow/.local/lib/python3.11/site-packages/airflow/example_dags/example_params_ui_tutorial.py
[2023-11-08T14:38:28.710+0000] {processor.py:839} INFO - DAG(s) dict_keys(['example_params_ui_tutorial']) retrieved from /home/airflow/.local/lib/python3.11/site-packages/airflow/example_dags/example_params_ui_tutorial.py
[2023-11-08T14:38:28.744+0000] {logging_mixin.py:154} INFO - [2023-11-08T14:38:28.744+0000] {dag.py:2941} INFO - Sync 1 DAGs
[2023-11-08T14:38:28.754+0000] {logging_mixin.py:154} INFO - [2023-11-08T14:38:28.754+0000] {dag.py:3722} INFO - Setting next_dagrun for example_params_ui_tutorial to None, run_after=None
[2023-11-08T14:38:28.768+0000] {processor.py:179} INFO - Processing /home/airflow/.local/lib/python3.11/site-packages/airflow/example_dags/example_params_ui_tutorial.py took 0.086 seconds
[2023-11-08T14:38:58.835+0000] {processor.py:157} INFO - Started process (PID=3413) to work on /home/airflow/.local/lib/python3.11/site-packages/airflow/example_dags/example_params_ui_tutorial.py
[2023-11-08T14:38:58.836+0000] {processor.py:829} INFO - Processing file /home/airflow/.local/lib/python3.11/site-packages/airflow/example_dags/example_params_ui_tutorial.py for tasks to queue
[2023-11-08T14:38:58.837+0000] {logging_mixin.py:154} INFO - [2023-11-08T14:38:58.837+0000] {dagbag.py:536} INFO - Filling up the DagBag from /home/airflow/.local/lib/python3.11/site-packages/airflow/example_dags/example_params_ui_tutorial.py
[2023-11-08T14:38:58.864+0000] {processor.py:839} INFO - DAG(s) dict_keys(['example_params_ui_tutorial']) retrieved from /home/airflow/.local/lib/python3.11/site-packages/airflow/example_dags/example_params_ui_tutorial.py
[2023-11-08T14:38:58.940+0000] {logging_mixin.py:154} INFO - [2023-11-08T14:38:58.940+0000] {dag.py:2941} INFO - Sync 1 DAGs
[2023-11-08T14:38:58.951+0000] {logging_mixin.py:154} INFO - [2023-11-08T14:38:58.951+0000] {dag.py:3722} INFO - Setting next_dagrun for example_params_ui_tutorial to None, run_after=None
[2023-11-08T14:38:58.965+0000] {processor.py:179} INFO - Processing /home/airflow/.local/lib/python3.11/site-packages/airflow/example_dags/example_params_ui_tutorial.py took 0.132 seconds
[2023-11-08T14:39:29.004+0000] {processor.py:157} INFO - Started process (PID=3492) to work on /home/airflow/.local/lib/python3.11/site-packages/airflow/example_dags/example_params_ui_tutorial.py
[2023-11-08T14:39:29.005+0000] {processor.py:829} INFO - Processing file /home/airflow/.local/lib/python3.11/site-packages/airflow/example_dags/example_params_ui_tutorial.py for tasks to queue
[2023-11-08T14:39:29.007+0000] {logging_mixin.py:154} INFO - [2023-11-08T14:39:29.007+0000] {dagbag.py:536} INFO - Filling up the DagBag from /home/airflow/.local/lib/python3.11/site-packages/airflow/example_dags/example_params_ui_tutorial.py
[2023-11-08T14:39:29.031+0000] {processor.py:839} INFO - DAG(s) dict_keys(['example_params_ui_tutorial']) retrieved from /home/airflow/.local/lib/python3.11/site-packages/airflow/example_dags/example_params_ui_tutorial.py
[2023-11-08T14:39:29.156+0000] {logging_mixin.py:154} INFO - [2023-11-08T14:39:29.156+0000] {dag.py:2941} INFO - Sync 1 DAGs
[2023-11-08T14:39:29.166+0000] {logging_mixin.py:154} INFO - [2023-11-08T14:39:29.166+0000] {dag.py:3722} INFO - Setting next_dagrun for example_params_ui_tutorial to None, run_after=None
[2023-11-08T14:39:29.180+0000] {processor.py:179} INFO - Processing /home/airflow/.local/lib/python3.11/site-packages/airflow/example_dags/example_params_ui_tutorial.py took 0.178 seconds
[2023-11-08T14:39:59.225+0000] {processor.py:157} INFO - Started process (PID=3568) to work on /home/airflow/.local/lib/python3.11/site-packages/airflow/example_dags/example_params_ui_tutorial.py
[2023-11-08T14:39:59.226+0000] {processor.py:829} INFO - Processing file /home/airflow/.local/lib/python3.11/site-packages/airflow/example_dags/example_params_ui_tutorial.py for tasks to queue
[2023-11-08T14:39:59.227+0000] {logging_mixin.py:154} INFO - [2023-11-08T14:39:59.227+0000] {dagbag.py:536} INFO - Filling up the DagBag from /home/airflow/.local/lib/python3.11/site-packages/airflow/example_dags/example_params_ui_tutorial.py
[2023-11-08T14:39:59.250+0000] {processor.py:839} INFO - DAG(s) dict_keys(['example_params_ui_tutorial']) retrieved from /home/airflow/.local/lib/python3.11/site-packages/airflow/example_dags/example_params_ui_tutorial.py
[2023-11-08T14:39:59.287+0000] {logging_mixin.py:154} INFO - [2023-11-08T14:39:59.286+0000] {dag.py:2941} INFO - Sync 1 DAGs
[2023-11-08T14:39:59.297+0000] {logging_mixin.py:154} INFO - [2023-11-08T14:39:59.297+0000] {dag.py:3722} INFO - Setting next_dagrun for example_params_ui_tutorial to None, run_after=None
[2023-11-08T14:39:59.310+0000] {processor.py:179} INFO - Processing /home/airflow/.local/lib/python3.11/site-packages/airflow/example_dags/example_params_ui_tutorial.py took 0.088 seconds
[2023-11-08T14:40:29.507+0000] {processor.py:157} INFO - Started process (PID=3645) to work on /home/airflow/.local/lib/python3.11/site-packages/airflow/example_dags/example_params_ui_tutorial.py
[2023-11-08T14:40:29.508+0000] {processor.py:829} INFO - Processing file /home/airflow/.local/lib/python3.11/site-packages/airflow/example_dags/example_params_ui_tutorial.py for tasks to queue
[2023-11-08T14:40:29.509+0000] {logging_mixin.py:154} INFO - [2023-11-08T14:40:29.509+0000] {dagbag.py:536} INFO - Filling up the DagBag from /home/airflow/.local/lib/python3.11/site-packages/airflow/example_dags/example_params_ui_tutorial.py
[2023-11-08T14:40:29.533+0000] {processor.py:839} INFO - DAG(s) dict_keys(['example_params_ui_tutorial']) retrieved from /home/airflow/.local/lib/python3.11/site-packages/airflow/example_dags/example_params_ui_tutorial.py
[2023-11-08T14:40:29.567+0000] {logging_mixin.py:154} INFO - [2023-11-08T14:40:29.567+0000] {dag.py:2941} INFO - Sync 1 DAGs
[2023-11-08T14:40:29.576+0000] {logging_mixin.py:154} INFO - [2023-11-08T14:40:29.576+0000] {dag.py:3722} INFO - Setting next_dagrun for example_params_ui_tutorial to None, run_after=None
[2023-11-08T14:40:29.590+0000] {processor.py:179} INFO - Processing /home/airflow/.local/lib/python3.11/site-packages/airflow/example_dags/example_params_ui_tutorial.py took 0.085 seconds
[2023-11-08T14:40:59.732+0000] {processor.py:157} INFO - Started process (PID=3721) to work on /home/airflow/.local/lib/python3.11/site-packages/airflow/example_dags/example_params_ui_tutorial.py
[2023-11-08T14:40:59.734+0000] {processor.py:829} INFO - Processing file /home/airflow/.local/lib/python3.11/site-packages/airflow/example_dags/example_params_ui_tutorial.py for tasks to queue
[2023-11-08T14:40:59.736+0000] {logging_mixin.py:154} INFO - [2023-11-08T14:40:59.736+0000] {dagbag.py:536} INFO - Filling up the DagBag from /home/airflow/.local/lib/python3.11/site-packages/airflow/example_dags/example_params_ui_tutorial.py
[2023-11-08T14:40:59.760+0000] {processor.py:839} INFO - DAG(s) dict_keys(['example_params_ui_tutorial']) retrieved from /home/airflow/.local/lib/python3.11/site-packages/airflow/example_dags/example_params_ui_tutorial.py
[2023-11-08T14:40:59.794+0000] {logging_mixin.py:154} INFO - [2023-11-08T14:40:59.794+0000] {dag.py:2941} INFO - Sync 1 DAGs
[2023-11-08T14:40:59.804+0000] {logging_mixin.py:154} INFO - [2023-11-08T14:40:59.804+0000] {dag.py:3722} INFO - Setting next_dagrun for example_params_ui_tutorial to None, run_after=None
[2023-11-08T14:40:59.819+0000] {processor.py:179} INFO - Processing /home/airflow/.local/lib/python3.11/site-packages/airflow/example_dags/example_params_ui_tutorial.py took 0.089 seconds
[2023-11-08T14:41:29.924+0000] {processor.py:157} INFO - Started process (PID=3797) to work on /home/airflow/.local/lib/python3.11/site-packages/airflow/example_dags/example_params_ui_tutorial.py
[2023-11-08T14:41:29.925+0000] {processor.py:829} INFO - Processing file /home/airflow/.local/lib/python3.11/site-packages/airflow/example_dags/example_params_ui_tutorial.py for tasks to queue
[2023-11-08T14:41:29.927+0000] {logging_mixin.py:154} INFO - [2023-11-08T14:41:29.927+0000] {dagbag.py:536} INFO - Filling up the DagBag from /home/airflow/.local/lib/python3.11/site-packages/airflow/example_dags/example_params_ui_tutorial.py
[2023-11-08T14:41:29.952+0000] {processor.py:839} INFO - DAG(s) dict_keys(['example_params_ui_tutorial']) retrieved from /home/airflow/.local/lib/python3.11/site-packages/airflow/example_dags/example_params_ui_tutorial.py
[2023-11-08T14:41:29.986+0000] {logging_mixin.py:154} INFO - [2023-11-08T14:41:29.986+0000] {dag.py:2941} INFO - Sync 1 DAGs
[2023-11-08T14:41:29.996+0000] {logging_mixin.py:154} INFO - [2023-11-08T14:41:29.996+0000] {dag.py:3722} INFO - Setting next_dagrun for example_params_ui_tutorial to None, run_after=None
[2023-11-08T14:41:30.014+0000] {processor.py:179} INFO - Processing /home/airflow/.local/lib/python3.11/site-packages/airflow/example_dags/example_params_ui_tutorial.py took 0.092 seconds
[2023-11-08T14:42:00.617+0000] {processor.py:157} INFO - Started process (PID=3867) to work on /home/airflow/.local/lib/python3.11/site-packages/airflow/example_dags/example_params_ui_tutorial.py
[2023-11-08T14:42:00.618+0000] {processor.py:829} INFO - Processing file /home/airflow/.local/lib/python3.11/site-packages/airflow/example_dags/example_params_ui_tutorial.py for tasks to queue
[2023-11-08T14:42:00.619+0000] {logging_mixin.py:154} INFO - [2023-11-08T14:42:00.619+0000] {dagbag.py:536} INFO - Filling up the DagBag from /home/airflow/.local/lib/python3.11/site-packages/airflow/example_dags/example_params_ui_tutorial.py
[2023-11-08T14:42:00.645+0000] {processor.py:839} INFO - DAG(s) dict_keys(['example_params_ui_tutorial']) retrieved from /home/airflow/.local/lib/python3.11/site-packages/airflow/example_dags/example_params_ui_tutorial.py
[2023-11-08T14:42:00.680+0000] {logging_mixin.py:154} INFO - [2023-11-08T14:42:00.680+0000] {dag.py:2941} INFO - Sync 1 DAGs
[2023-11-08T14:42:00.691+0000] {logging_mixin.py:154} INFO - [2023-11-08T14:42:00.691+0000] {dag.py:3722} INFO - Setting next_dagrun for example_params_ui_tutorial to None, run_after=None
[2023-11-08T14:42:00.705+0000] {processor.py:179} INFO - Processing /home/airflow/.local/lib/python3.11/site-packages/airflow/example_dags/example_params_ui_tutorial.py took 0.090 seconds
[2023-11-08T14:42:30.805+0000] {processor.py:157} INFO - Started process (PID=3942) to work on /home/airflow/.local/lib/python3.11/site-packages/airflow/example_dags/example_params_ui_tutorial.py
[2023-11-08T14:42:30.806+0000] {processor.py:829} INFO - Processing file /home/airflow/.local/lib/python3.11/site-packages/airflow/example_dags/example_params_ui_tutorial.py for tasks to queue
[2023-11-08T14:42:30.808+0000] {logging_mixin.py:154} INFO - [2023-11-08T14:42:30.807+0000] {dagbag.py:536} INFO - Filling up the DagBag from /home/airflow/.local/lib/python3.11/site-packages/airflow/example_dags/example_params_ui_tutorial.py
[2023-11-08T14:42:30.834+0000] {processor.py:839} INFO - DAG(s) dict_keys(['example_params_ui_tutorial']) retrieved from /home/airflow/.local/lib/python3.11/site-packages/airflow/example_dags/example_params_ui_tutorial.py
[2023-11-08T14:42:30.870+0000] {logging_mixin.py:154} INFO - [2023-11-08T14:42:30.870+0000] {dag.py:2941} INFO - Sync 1 DAGs
[2023-11-08T14:42:30.881+0000] {logging_mixin.py:154} INFO - [2023-11-08T14:42:30.881+0000] {dag.py:3722} INFO - Setting next_dagrun for example_params_ui_tutorial to None, run_after=None
[2023-11-08T14:42:30.897+0000] {processor.py:179} INFO - Processing /home/airflow/.local/lib/python3.11/site-packages/airflow/example_dags/example_params_ui_tutorial.py took 0.094 seconds
[2023-11-08T14:43:01.274+0000] {processor.py:157} INFO - Started process (PID=4018) to work on /home/airflow/.local/lib/python3.11/site-packages/airflow/example_dags/example_params_ui_tutorial.py
[2023-11-08T14:43:01.275+0000] {processor.py:829} INFO - Processing file /home/airflow/.local/lib/python3.11/site-packages/airflow/example_dags/example_params_ui_tutorial.py for tasks to queue
[2023-11-08T14:43:01.277+0000] {logging_mixin.py:154} INFO - [2023-11-08T14:43:01.277+0000] {dagbag.py:536} INFO - Filling up the DagBag from /home/airflow/.local/lib/python3.11/site-packages/airflow/example_dags/example_params_ui_tutorial.py
[2023-11-08T14:43:01.301+0000] {processor.py:839} INFO - DAG(s) dict_keys(['example_params_ui_tutorial']) retrieved from /home/airflow/.local/lib/python3.11/site-packages/airflow/example_dags/example_params_ui_tutorial.py
[2023-11-08T14:43:01.336+0000] {logging_mixin.py:154} INFO - [2023-11-08T14:43:01.336+0000] {dag.py:2941} INFO - Sync 1 DAGs
[2023-11-08T14:43:01.346+0000] {logging_mixin.py:154} INFO - [2023-11-08T14:43:01.346+0000] {dag.py:3722} INFO - Setting next_dagrun for example_params_ui_tutorial to None, run_after=None
[2023-11-08T14:43:01.360+0000] {processor.py:179} INFO - Processing /home/airflow/.local/lib/python3.11/site-packages/airflow/example_dags/example_params_ui_tutorial.py took 0.088 seconds
[2023-11-08T14:43:31.626+0000] {processor.py:157} INFO - Started process (PID=4094) to work on /home/airflow/.local/lib/python3.11/site-packages/airflow/example_dags/example_params_ui_tutorial.py
[2023-11-08T14:43:31.627+0000] {processor.py:829} INFO - Processing file /home/airflow/.local/lib/python3.11/site-packages/airflow/example_dags/example_params_ui_tutorial.py for tasks to queue
[2023-11-08T14:43:31.628+0000] {logging_mixin.py:154} INFO - [2023-11-08T14:43:31.628+0000] {dagbag.py:536} INFO - Filling up the DagBag from /home/airflow/.local/lib/python3.11/site-packages/airflow/example_dags/example_params_ui_tutorial.py
[2023-11-08T14:43:31.653+0000] {processor.py:839} INFO - DAG(s) dict_keys(['example_params_ui_tutorial']) retrieved from /home/airflow/.local/lib/python3.11/site-packages/airflow/example_dags/example_params_ui_tutorial.py
[2023-11-08T14:43:31.688+0000] {logging_mixin.py:154} INFO - [2023-11-08T14:43:31.688+0000] {dag.py:2941} INFO - Sync 1 DAGs
[2023-11-08T14:43:31.699+0000] {logging_mixin.py:154} INFO - [2023-11-08T14:43:31.699+0000] {dag.py:3722} INFO - Setting next_dagrun for example_params_ui_tutorial to None, run_after=None
[2023-11-08T14:43:31.714+0000] {processor.py:179} INFO - Processing /home/airflow/.local/lib/python3.11/site-packages/airflow/example_dags/example_params_ui_tutorial.py took 0.090 seconds
[2023-11-08T14:44:02.067+0000] {processor.py:157} INFO - Started process (PID=4170) to work on /home/airflow/.local/lib/python3.11/site-packages/airflow/example_dags/example_params_ui_tutorial.py
[2023-11-08T14:44:02.068+0000] {processor.py:829} INFO - Processing file /home/airflow/.local/lib/python3.11/site-packages/airflow/example_dags/example_params_ui_tutorial.py for tasks to queue
[2023-11-08T14:44:02.069+0000] {logging_mixin.py:154} INFO - [2023-11-08T14:44:02.069+0000] {dagbag.py:536} INFO - Filling up the DagBag from /home/airflow/.local/lib/python3.11/site-packages/airflow/example_dags/example_params_ui_tutorial.py
[2023-11-08T14:44:02.094+0000] {processor.py:839} INFO - DAG(s) dict_keys(['example_params_ui_tutorial']) retrieved from /home/airflow/.local/lib/python3.11/site-packages/airflow/example_dags/example_params_ui_tutorial.py
[2023-11-08T14:44:02.128+0000] {logging_mixin.py:154} INFO - [2023-11-08T14:44:02.128+0000] {dag.py:2941} INFO - Sync 1 DAGs
[2023-11-08T14:44:02.138+0000] {logging_mixin.py:154} INFO - [2023-11-08T14:44:02.138+0000] {dag.py:3722} INFO - Setting next_dagrun for example_params_ui_tutorial to None, run_after=None
[2023-11-08T14:44:02.152+0000] {processor.py:179} INFO - Processing /home/airflow/.local/lib/python3.11/site-packages/airflow/example_dags/example_params_ui_tutorial.py took 0.087 seconds
[2023-11-08T14:44:32.262+0000] {processor.py:157} INFO - Started process (PID=4246) to work on /home/airflow/.local/lib/python3.11/site-packages/airflow/example_dags/example_params_ui_tutorial.py
[2023-11-08T14:44:32.262+0000] {processor.py:829} INFO - Processing file /home/airflow/.local/lib/python3.11/site-packages/airflow/example_dags/example_params_ui_tutorial.py for tasks to queue
[2023-11-08T14:44:32.264+0000] {logging_mixin.py:154} INFO - [2023-11-08T14:44:32.264+0000] {dagbag.py:536} INFO - Filling up the DagBag from /home/airflow/.local/lib/python3.11/site-packages/airflow/example_dags/example_params_ui_tutorial.py
[2023-11-08T14:44:32.293+0000] {processor.py:839} INFO - DAG(s) dict_keys(['example_params_ui_tutorial']) retrieved from /home/airflow/.local/lib/python3.11/site-packages/airflow/example_dags/example_params_ui_tutorial.py
[2023-11-08T14:44:32.332+0000] {logging_mixin.py:154} INFO - [2023-11-08T14:44:32.332+0000] {dag.py:2941} INFO - Sync 1 DAGs
[2023-11-08T14:44:32.342+0000] {logging_mixin.py:154} INFO - [2023-11-08T14:44:32.342+0000] {dag.py:3722} INFO - Setting next_dagrun for example_params_ui_tutorial to None, run_after=None
[2023-11-08T14:44:32.357+0000] {processor.py:179} INFO - Processing /home/airflow/.local/lib/python3.11/site-packages/airflow/example_dags/example_params_ui_tutorial.py took 0.098 seconds
[2023-11-08T14:45:02.688+0000] {processor.py:157} INFO - Started process (PID=4322) to work on /home/airflow/.local/lib/python3.11/site-packages/airflow/example_dags/example_params_ui_tutorial.py
[2023-11-08T14:45:02.689+0000] {processor.py:829} INFO - Processing file /home/airflow/.local/lib/python3.11/site-packages/airflow/example_dags/example_params_ui_tutorial.py for tasks to queue
[2023-11-08T14:45:02.691+0000] {logging_mixin.py:154} INFO - [2023-11-08T14:45:02.690+0000] {dagbag.py:536} INFO - Filling up the DagBag from /home/airflow/.local/lib/python3.11/site-packages/airflow/example_dags/example_params_ui_tutorial.py
[2023-11-08T14:45:02.717+0000] {processor.py:839} INFO - DAG(s) dict_keys(['example_params_ui_tutorial']) retrieved from /home/airflow/.local/lib/python3.11/site-packages/airflow/example_dags/example_params_ui_tutorial.py
[2023-11-08T14:45:02.752+0000] {logging_mixin.py:154} INFO - [2023-11-08T14:45:02.752+0000] {dag.py:2941} INFO - Sync 1 DAGs
[2023-11-08T14:45:02.762+0000] {logging_mixin.py:154} INFO - [2023-11-08T14:45:02.762+0000] {dag.py:3722} INFO - Setting next_dagrun for example_params_ui_tutorial to None, run_after=None
[2023-11-08T14:45:02.778+0000] {processor.py:179} INFO - Processing /home/airflow/.local/lib/python3.11/site-packages/airflow/example_dags/example_params_ui_tutorial.py took 0.092 seconds
[2023-11-08T14:45:33.342+0000] {processor.py:157} INFO - Started process (PID=4399) to work on /home/airflow/.local/lib/python3.11/site-packages/airflow/example_dags/example_params_ui_tutorial.py
[2023-11-08T14:45:33.343+0000] {processor.py:829} INFO - Processing file /home/airflow/.local/lib/python3.11/site-packages/airflow/example_dags/example_params_ui_tutorial.py for tasks to queue
[2023-11-08T14:45:33.344+0000] {logging_mixin.py:154} INFO - [2023-11-08T14:45:33.344+0000] {dagbag.py:536} INFO - Filling up the DagBag from /home/airflow/.local/lib/python3.11/site-packages/airflow/example_dags/example_params_ui_tutorial.py
[2023-11-08T14:45:33.369+0000] {processor.py:839} INFO - DAG(s) dict_keys(['example_params_ui_tutorial']) retrieved from /home/airflow/.local/lib/python3.11/site-packages/airflow/example_dags/example_params_ui_tutorial.py
[2023-11-08T14:45:33.404+0000] {logging_mixin.py:154} INFO - [2023-11-08T14:45:33.404+0000] {dag.py:2941} INFO - Sync 1 DAGs
[2023-11-08T14:45:33.416+0000] {logging_mixin.py:154} INFO - [2023-11-08T14:45:33.416+0000] {dag.py:3722} INFO - Setting next_dagrun for example_params_ui_tutorial to None, run_after=None
[2023-11-08T14:45:33.431+0000] {processor.py:179} INFO - Processing /home/airflow/.local/lib/python3.11/site-packages/airflow/example_dags/example_params_ui_tutorial.py took 0.091 seconds
[2023-11-08T14:46:03.769+0000] {processor.py:157} INFO - Started process (PID=4475) to work on /home/airflow/.local/lib/python3.11/site-packages/airflow/example_dags/example_params_ui_tutorial.py
[2023-11-08T14:46:03.770+0000] {processor.py:829} INFO - Processing file /home/airflow/.local/lib/python3.11/site-packages/airflow/example_dags/example_params_ui_tutorial.py for tasks to queue
[2023-11-08T14:46:03.771+0000] {logging_mixin.py:154} INFO - [2023-11-08T14:46:03.771+0000] {dagbag.py:536} INFO - Filling up the DagBag from /home/airflow/.local/lib/python3.11/site-packages/airflow/example_dags/example_params_ui_tutorial.py
[2023-11-08T14:46:03.795+0000] {processor.py:839} INFO - DAG(s) dict_keys(['example_params_ui_tutorial']) retrieved from /home/airflow/.local/lib/python3.11/site-packages/airflow/example_dags/example_params_ui_tutorial.py
[2023-11-08T14:46:03.830+0000] {logging_mixin.py:154} INFO - [2023-11-08T14:46:03.830+0000] {dag.py:2941} INFO - Sync 1 DAGs
[2023-11-08T14:46:03.840+0000] {logging_mixin.py:154} INFO - [2023-11-08T14:46:03.839+0000] {dag.py:3722} INFO - Setting next_dagrun for example_params_ui_tutorial to None, run_after=None
[2023-11-08T14:46:03.855+0000] {processor.py:179} INFO - Processing /home/airflow/.local/lib/python3.11/site-packages/airflow/example_dags/example_params_ui_tutorial.py took 0.089 seconds
[2023-11-08T14:46:34.399+0000] {processor.py:157} INFO - Started process (PID=4551) to work on /home/airflow/.local/lib/python3.11/site-packages/airflow/example_dags/example_params_ui_tutorial.py
[2023-11-08T14:46:34.399+0000] {processor.py:829} INFO - Processing file /home/airflow/.local/lib/python3.11/site-packages/airflow/example_dags/example_params_ui_tutorial.py for tasks to queue
[2023-11-08T14:46:34.401+0000] {logging_mixin.py:154} INFO - [2023-11-08T14:46:34.401+0000] {dagbag.py:536} INFO - Filling up the DagBag from /home/airflow/.local/lib/python3.11/site-packages/airflow/example_dags/example_params_ui_tutorial.py
[2023-11-08T14:46:34.427+0000] {processor.py:839} INFO - DAG(s) dict_keys(['example_params_ui_tutorial']) retrieved from /home/airflow/.local/lib/python3.11/site-packages/airflow/example_dags/example_params_ui_tutorial.py
[2023-11-08T14:46:34.463+0000] {logging_mixin.py:154} INFO - [2023-11-08T14:46:34.462+0000] {dag.py:2941} INFO - Sync 1 DAGs
[2023-11-08T14:46:34.473+0000] {logging_mixin.py:154} INFO - [2023-11-08T14:46:34.472+0000] {dag.py:3722} INFO - Setting next_dagrun for example_params_ui_tutorial to None, run_after=None
[2023-11-08T14:46:34.487+0000] {processor.py:179} INFO - Processing /home/airflow/.local/lib/python3.11/site-packages/airflow/example_dags/example_params_ui_tutorial.py took 0.090 seconds
[2023-11-08T14:47:05.097+0000] {processor.py:157} INFO - Started process (PID=4627) to work on /home/airflow/.local/lib/python3.11/site-packages/airflow/example_dags/example_params_ui_tutorial.py
[2023-11-08T14:47:05.098+0000] {processor.py:829} INFO - Processing file /home/airflow/.local/lib/python3.11/site-packages/airflow/example_dags/example_params_ui_tutorial.py for tasks to queue
[2023-11-08T14:47:05.100+0000] {logging_mixin.py:154} INFO - [2023-11-08T14:47:05.099+0000] {dagbag.py:536} INFO - Filling up the DagBag from /home/airflow/.local/lib/python3.11/site-packages/airflow/example_dags/example_params_ui_tutorial.py
[2023-11-08T14:47:05.124+0000] {processor.py:839} INFO - DAG(s) dict_keys(['example_params_ui_tutorial']) retrieved from /home/airflow/.local/lib/python3.11/site-packages/airflow/example_dags/example_params_ui_tutorial.py
[2023-11-08T14:47:05.160+0000] {logging_mixin.py:154} INFO - [2023-11-08T14:47:05.160+0000] {dag.py:2941} INFO - Sync 1 DAGs
[2023-11-08T14:47:05.328+0000] {logging_mixin.py:154} INFO - [2023-11-08T14:47:05.328+0000] {dag.py:3722} INFO - Setting next_dagrun for example_params_ui_tutorial to None, run_after=None
[2023-11-08T14:47:05.343+0000] {processor.py:179} INFO - Processing /home/airflow/.local/lib/python3.11/site-packages/airflow/example_dags/example_params_ui_tutorial.py took 0.248 seconds
[2023-11-08T14:47:36.203+0000] {processor.py:157} INFO - Started process (PID=4703) to work on /home/airflow/.local/lib/python3.11/site-packages/airflow/example_dags/example_params_ui_tutorial.py
[2023-11-08T14:47:36.204+0000] {processor.py:829} INFO - Processing file /home/airflow/.local/lib/python3.11/site-packages/airflow/example_dags/example_params_ui_tutorial.py for tasks to queue
[2023-11-08T14:47:36.206+0000] {logging_mixin.py:154} INFO - [2023-11-08T14:47:36.206+0000] {dagbag.py:536} INFO - Filling up the DagBag from /home/airflow/.local/lib/python3.11/site-packages/airflow/example_dags/example_params_ui_tutorial.py
[2023-11-08T14:47:36.242+0000] {processor.py:839} INFO - DAG(s) dict_keys(['example_params_ui_tutorial']) retrieved from /home/airflow/.local/lib/python3.11/site-packages/airflow/example_dags/example_params_ui_tutorial.py
[2023-11-08T14:47:36.308+0000] {logging_mixin.py:154} INFO - [2023-11-08T14:47:36.308+0000] {dag.py:2941} INFO - Sync 1 DAGs
[2023-11-08T14:47:36.333+0000] {logging_mixin.py:154} INFO - [2023-11-08T14:47:36.333+0000] {dag.py:3722} INFO - Setting next_dagrun for example_params_ui_tutorial to None, run_after=None
[2023-11-08T14:47:36.672+0000] {processor.py:179} INFO - Processing /home/airflow/.local/lib/python3.11/site-packages/airflow/example_dags/example_params_ui_tutorial.py took 0.472 seconds
[2023-11-08T14:48:07.172+0000] {processor.py:157} INFO - Started process (PID=4779) to work on /home/airflow/.local/lib/python3.11/site-packages/airflow/example_dags/example_params_ui_tutorial.py
[2023-11-08T14:48:07.174+0000] {processor.py:829} INFO - Processing file /home/airflow/.local/lib/python3.11/site-packages/airflow/example_dags/example_params_ui_tutorial.py for tasks to queue
[2023-11-08T14:48:07.175+0000] {logging_mixin.py:154} INFO - [2023-11-08T14:48:07.175+0000] {dagbag.py:536} INFO - Filling up the DagBag from /home/airflow/.local/lib/python3.11/site-packages/airflow/example_dags/example_params_ui_tutorial.py
[2023-11-08T14:48:07.200+0000] {processor.py:839} INFO - DAG(s) dict_keys(['example_params_ui_tutorial']) retrieved from /home/airflow/.local/lib/python3.11/site-packages/airflow/example_dags/example_params_ui_tutorial.py
[2023-11-08T14:48:07.234+0000] {logging_mixin.py:154} INFO - [2023-11-08T14:48:07.234+0000] {dag.py:2941} INFO - Sync 1 DAGs
[2023-11-08T14:48:07.244+0000] {logging_mixin.py:154} INFO - [2023-11-08T14:48:07.244+0000] {dag.py:3722} INFO - Setting next_dagrun for example_params_ui_tutorial to None, run_after=None
[2023-11-08T14:48:07.259+0000] {processor.py:179} INFO - Processing /home/airflow/.local/lib/python3.11/site-packages/airflow/example_dags/example_params_ui_tutorial.py took 0.088 seconds
[2023-11-08T14:48:38.216+0000] {processor.py:157} INFO - Started process (PID=4863) to work on /home/airflow/.local/lib/python3.11/site-packages/airflow/example_dags/example_params_ui_tutorial.py
[2023-11-08T14:48:38.217+0000] {processor.py:829} INFO - Processing file /home/airflow/.local/lib/python3.11/site-packages/airflow/example_dags/example_params_ui_tutorial.py for tasks to queue
[2023-11-08T14:48:38.218+0000] {logging_mixin.py:154} INFO - [2023-11-08T14:48:38.218+0000] {dagbag.py:536} INFO - Filling up the DagBag from /home/airflow/.local/lib/python3.11/site-packages/airflow/example_dags/example_params_ui_tutorial.py
[2023-11-08T14:48:38.243+0000] {processor.py:839} INFO - DAG(s) dict_keys(['example_params_ui_tutorial']) retrieved from /home/airflow/.local/lib/python3.11/site-packages/airflow/example_dags/example_params_ui_tutorial.py
[2023-11-08T14:48:38.278+0000] {logging_mixin.py:154} INFO - [2023-11-08T14:48:38.278+0000] {dag.py:2941} INFO - Sync 1 DAGs
[2023-11-08T14:48:38.288+0000] {logging_mixin.py:154} INFO - [2023-11-08T14:48:38.288+0000] {dag.py:3722} INFO - Setting next_dagrun for example_params_ui_tutorial to None, run_after=None
[2023-11-08T14:48:38.302+0000] {processor.py:179} INFO - Processing /home/airflow/.local/lib/python3.11/site-packages/airflow/example_dags/example_params_ui_tutorial.py took 0.088 seconds
[2023-11-08T14:49:09.508+0000] {processor.py:157} INFO - Started process (PID=4939) to work on /home/airflow/.local/lib/python3.11/site-packages/airflow/example_dags/example_params_ui_tutorial.py
[2023-11-08T14:49:09.511+0000] {processor.py:829} INFO - Processing file /home/airflow/.local/lib/python3.11/site-packages/airflow/example_dags/example_params_ui_tutorial.py for tasks to queue
[2023-11-08T14:49:09.514+0000] {logging_mixin.py:154} INFO - [2023-11-08T14:49:09.514+0000] {dagbag.py:536} INFO - Filling up the DagBag from /home/airflow/.local/lib/python3.11/site-packages/airflow/example_dags/example_params_ui_tutorial.py
[2023-11-08T14:49:09.563+0000] {processor.py:839} INFO - DAG(s) dict_keys(['example_params_ui_tutorial']) retrieved from /home/airflow/.local/lib/python3.11/site-packages/airflow/example_dags/example_params_ui_tutorial.py
[2023-11-08T14:49:09.957+0000] {logging_mixin.py:154} INFO - [2023-11-08T14:49:09.957+0000] {dag.py:2941} INFO - Sync 1 DAGs
[2023-11-08T14:49:09.975+0000] {logging_mixin.py:154} INFO - [2023-11-08T14:49:09.974+0000] {dag.py:3722} INFO - Setting next_dagrun for example_params_ui_tutorial to None, run_after=None
[2023-11-08T14:49:10.001+0000] {processor.py:179} INFO - Processing /home/airflow/.local/lib/python3.11/site-packages/airflow/example_dags/example_params_ui_tutorial.py took 0.499 seconds
[2023-11-08T14:49:40.959+0000] {processor.py:157} INFO - Started process (PID=5015) to work on /home/airflow/.local/lib/python3.11/site-packages/airflow/example_dags/example_params_ui_tutorial.py
[2023-11-08T14:49:40.960+0000] {processor.py:829} INFO - Processing file /home/airflow/.local/lib/python3.11/site-packages/airflow/example_dags/example_params_ui_tutorial.py for tasks to queue
[2023-11-08T14:49:40.961+0000] {logging_mixin.py:154} INFO - [2023-11-08T14:49:40.961+0000] {dagbag.py:536} INFO - Filling up the DagBag from /home/airflow/.local/lib/python3.11/site-packages/airflow/example_dags/example_params_ui_tutorial.py
[2023-11-08T14:49:40.990+0000] {processor.py:839} INFO - DAG(s) dict_keys(['example_params_ui_tutorial']) retrieved from /home/airflow/.local/lib/python3.11/site-packages/airflow/example_dags/example_params_ui_tutorial.py
[2023-11-08T14:49:41.026+0000] {logging_mixin.py:154} INFO - [2023-11-08T14:49:41.026+0000] {dag.py:2941} INFO - Sync 1 DAGs
[2023-11-08T14:49:41.036+0000] {logging_mixin.py:154} INFO - [2023-11-08T14:49:41.036+0000] {dag.py:3722} INFO - Setting next_dagrun for example_params_ui_tutorial to None, run_after=None
[2023-11-08T14:49:41.053+0000] {processor.py:179} INFO - Processing /home/airflow/.local/lib/python3.11/site-packages/airflow/example_dags/example_params_ui_tutorial.py took 0.097 seconds
[2023-11-08T14:50:11.168+0000] {processor.py:157} INFO - Started process (PID=5091) to work on /home/airflow/.local/lib/python3.11/site-packages/airflow/example_dags/example_params_ui_tutorial.py
[2023-11-08T14:50:11.168+0000] {processor.py:829} INFO - Processing file /home/airflow/.local/lib/python3.11/site-packages/airflow/example_dags/example_params_ui_tutorial.py for tasks to queue
[2023-11-08T14:50:11.170+0000] {logging_mixin.py:154} INFO - [2023-11-08T14:50:11.170+0000] {dagbag.py:536} INFO - Filling up the DagBag from /home/airflow/.local/lib/python3.11/site-packages/airflow/example_dags/example_params_ui_tutorial.py
[2023-11-08T14:50:11.195+0000] {processor.py:839} INFO - DAG(s) dict_keys(['example_params_ui_tutorial']) retrieved from /home/airflow/.local/lib/python3.11/site-packages/airflow/example_dags/example_params_ui_tutorial.py
[2023-11-08T14:50:11.228+0000] {logging_mixin.py:154} INFO - [2023-11-08T14:50:11.228+0000] {dag.py:2941} INFO - Sync 1 DAGs
[2023-11-08T14:50:11.237+0000] {logging_mixin.py:154} INFO - [2023-11-08T14:50:11.237+0000] {dag.py:3722} INFO - Setting next_dagrun for example_params_ui_tutorial to None, run_after=None
[2023-11-08T14:50:11.252+0000] {processor.py:179} INFO - Processing /home/airflow/.local/lib/python3.11/site-packages/airflow/example_dags/example_params_ui_tutorial.py took 0.087 seconds
[2023-11-08T14:50:41.467+0000] {processor.py:157} INFO - Started process (PID=5167) to work on /home/airflow/.local/lib/python3.11/site-packages/airflow/example_dags/example_params_ui_tutorial.py
[2023-11-08T14:50:41.468+0000] {processor.py:829} INFO - Processing file /home/airflow/.local/lib/python3.11/site-packages/airflow/example_dags/example_params_ui_tutorial.py for tasks to queue
[2023-11-08T14:50:41.470+0000] {logging_mixin.py:154} INFO - [2023-11-08T14:50:41.470+0000] {dagbag.py:536} INFO - Filling up the DagBag from /home/airflow/.local/lib/python3.11/site-packages/airflow/example_dags/example_params_ui_tutorial.py
[2023-11-08T14:50:41.494+0000] {processor.py:839} INFO - DAG(s) dict_keys(['example_params_ui_tutorial']) retrieved from /home/airflow/.local/lib/python3.11/site-packages/airflow/example_dags/example_params_ui_tutorial.py
[2023-11-08T14:50:41.528+0000] {logging_mixin.py:154} INFO - [2023-11-08T14:50:41.528+0000] {dag.py:2941} INFO - Sync 1 DAGs
[2023-11-08T14:50:41.538+0000] {logging_mixin.py:154} INFO - [2023-11-08T14:50:41.538+0000] {dag.py:3722} INFO - Setting next_dagrun for example_params_ui_tutorial to None, run_after=None
[2023-11-08T14:50:41.551+0000] {processor.py:179} INFO - Processing /home/airflow/.local/lib/python3.11/site-packages/airflow/example_dags/example_params_ui_tutorial.py took 0.086 seconds
[2023-11-08T14:51:11.749+0000] {processor.py:157} INFO - Started process (PID=5243) to work on /home/airflow/.local/lib/python3.11/site-packages/airflow/example_dags/example_params_ui_tutorial.py
[2023-11-08T14:51:11.750+0000] {processor.py:829} INFO - Processing file /home/airflow/.local/lib/python3.11/site-packages/airflow/example_dags/example_params_ui_tutorial.py for tasks to queue
[2023-11-08T14:51:11.752+0000] {logging_mixin.py:154} INFO - [2023-11-08T14:51:11.752+0000] {dagbag.py:536} INFO - Filling up the DagBag from /home/airflow/.local/lib/python3.11/site-packages/airflow/example_dags/example_params_ui_tutorial.py
[2023-11-08T14:51:11.777+0000] {processor.py:839} INFO - DAG(s) dict_keys(['example_params_ui_tutorial']) retrieved from /home/airflow/.local/lib/python3.11/site-packages/airflow/example_dags/example_params_ui_tutorial.py
[2023-11-08T14:51:11.810+0000] {logging_mixin.py:154} INFO - [2023-11-08T14:51:11.810+0000] {dag.py:2941} INFO - Sync 1 DAGs
[2023-11-08T14:51:11.819+0000] {logging_mixin.py:154} INFO - [2023-11-08T14:51:11.819+0000] {dag.py:3722} INFO - Setting next_dagrun for example_params_ui_tutorial to None, run_after=None
[2023-11-08T14:51:11.835+0000] {processor.py:179} INFO - Processing /home/airflow/.local/lib/python3.11/site-packages/airflow/example_dags/example_params_ui_tutorial.py took 0.087 seconds
[2023-11-08T14:51:42.572+0000] {processor.py:157} INFO - Started process (PID=5319) to work on /home/airflow/.local/lib/python3.11/site-packages/airflow/example_dags/example_params_ui_tutorial.py
[2023-11-08T14:51:42.575+0000] {processor.py:829} INFO - Processing file /home/airflow/.local/lib/python3.11/site-packages/airflow/example_dags/example_params_ui_tutorial.py for tasks to queue
[2023-11-08T14:51:42.587+0000] {logging_mixin.py:154} INFO - [2023-11-08T14:51:42.586+0000] {dagbag.py:536} INFO - Filling up the DagBag from /home/airflow/.local/lib/python3.11/site-packages/airflow/example_dags/example_params_ui_tutorial.py
[2023-11-08T14:51:42.645+0000] {processor.py:839} INFO - DAG(s) dict_keys(['example_params_ui_tutorial']) retrieved from /home/airflow/.local/lib/python3.11/site-packages/airflow/example_dags/example_params_ui_tutorial.py
[2023-11-08T14:51:42.695+0000] {logging_mixin.py:154} INFO - [2023-11-08T14:51:42.695+0000] {dag.py:2941} INFO - Sync 1 DAGs
[2023-11-08T14:51:42.713+0000] {logging_mixin.py:154} INFO - [2023-11-08T14:51:42.713+0000] {dag.py:3722} INFO - Setting next_dagrun for example_params_ui_tutorial to None, run_after=None
[2023-11-08T14:51:42.735+0000] {processor.py:179} INFO - Processing /home/airflow/.local/lib/python3.11/site-packages/airflow/example_dags/example_params_ui_tutorial.py took 0.166 seconds
[2023-11-08T14:52:13.445+0000] {processor.py:157} INFO - Started process (PID=5395) to work on /home/airflow/.local/lib/python3.11/site-packages/airflow/example_dags/example_params_ui_tutorial.py
[2023-11-08T14:52:13.446+0000] {processor.py:829} INFO - Processing file /home/airflow/.local/lib/python3.11/site-packages/airflow/example_dags/example_params_ui_tutorial.py for tasks to queue
[2023-11-08T14:52:13.447+0000] {logging_mixin.py:154} INFO - [2023-11-08T14:52:13.447+0000] {dagbag.py:536} INFO - Filling up the DagBag from /home/airflow/.local/lib/python3.11/site-packages/airflow/example_dags/example_params_ui_tutorial.py
[2023-11-08T14:52:13.476+0000] {processor.py:839} INFO - DAG(s) dict_keys(['example_params_ui_tutorial']) retrieved from /home/airflow/.local/lib/python3.11/site-packages/airflow/example_dags/example_params_ui_tutorial.py
[2023-11-08T14:52:13.516+0000] {logging_mixin.py:154} INFO - [2023-11-08T14:52:13.516+0000] {dag.py:2941} INFO - Sync 1 DAGs
[2023-11-08T14:52:13.528+0000] {logging_mixin.py:154} INFO - [2023-11-08T14:52:13.528+0000] {dag.py:3722} INFO - Setting next_dagrun for example_params_ui_tutorial to None, run_after=None
[2023-11-08T14:52:13.546+0000] {processor.py:179} INFO - Processing /home/airflow/.local/lib/python3.11/site-packages/airflow/example_dags/example_params_ui_tutorial.py took 0.104 seconds
