[2023-11-08T14:16:30.665+0000] {processor.py:157} INFO - Started process (PID=110) to work on /home/airflow/.local/lib/python3.11/site-packages/airflow/example_dags/example_xcom.py
[2023-11-08T14:16:30.667+0000] {processor.py:829} INFO - Processing file /home/airflow/.local/lib/python3.11/site-packages/airflow/example_dags/example_xcom.py for tasks to queue
[2023-11-08T14:16:30.671+0000] {logging_mixin.py:154} INFO - [2023-11-08T14:16:30.670+0000] {dagbag.py:536} INFO - Filling up the DagBag from /home/airflow/.local/lib/python3.11/site-packages/airflow/example_dags/example_xcom.py
[2023-11-08T14:16:30.706+0000] {processor.py:839} INFO - DAG(s) dict_keys(['example_xcom']) retrieved from /home/airflow/.local/lib/python3.11/site-packages/airflow/example_dags/example_xcom.py
[2023-11-08T14:16:31.097+0000] {logging_mixin.py:154} INFO - [2023-11-08T14:16:31.097+0000] {manager.py:499} INFO - Created Permission View: %s
[2023-11-08T14:16:31.136+0000] {logging_mixin.py:154} INFO - [2023-11-08T14:16:31.136+0000] {manager.py:499} INFO - Created Permission View: %s
[2023-11-08T14:16:31.159+0000] {logging_mixin.py:154} INFO - [2023-11-08T14:16:31.158+0000] {manager.py:499} INFO - Created Permission View: %s
[2023-11-08T14:16:31.160+0000] {logging_mixin.py:154} INFO - [2023-11-08T14:16:31.159+0000] {dag.py:2941} INFO - Sync 1 DAGs
[2023-11-08T14:16:31.198+0000] {logging_mixin.py:154} INFO - [2023-11-08T14:16:31.197+0000] {dag.py:2963} INFO - Creating ORM DAG for example_xcom
[2023-11-08T14:16:31.225+0000] {logging_mixin.py:154} INFO - [2023-11-08T14:16:31.225+0000] {dag.py:3722} INFO - Setting next_dagrun for example_xcom to 2021-01-01T00:00:00+00:00, run_after=2021-01-01T00:00:00+00:00
[2023-11-08T14:16:31.274+0000] {processor.py:179} INFO - Processing /home/airflow/.local/lib/python3.11/site-packages/airflow/example_dags/example_xcom.py took 0.623 seconds
[2023-11-08T14:17:01.953+0000] {processor.py:157} INFO - Started process (PID=186) to work on /home/airflow/.local/lib/python3.11/site-packages/airflow/example_dags/example_xcom.py
[2023-11-08T14:17:01.955+0000] {processor.py:829} INFO - Processing file /home/airflow/.local/lib/python3.11/site-packages/airflow/example_dags/example_xcom.py for tasks to queue
[2023-11-08T14:17:01.958+0000] {logging_mixin.py:154} INFO - [2023-11-08T14:17:01.958+0000] {dagbag.py:536} INFO - Filling up the DagBag from /home/airflow/.local/lib/python3.11/site-packages/airflow/example_dags/example_xcom.py
[2023-11-08T14:17:01.971+0000] {processor.py:839} INFO - DAG(s) dict_keys(['example_xcom']) retrieved from /home/airflow/.local/lib/python3.11/site-packages/airflow/example_dags/example_xcom.py
[2023-11-08T14:17:02.005+0000] {logging_mixin.py:154} INFO - [2023-11-08T14:17:02.004+0000] {dag.py:2941} INFO - Sync 1 DAGs
[2023-11-08T14:17:02.052+0000] {logging_mixin.py:154} INFO - [2023-11-08T14:17:02.051+0000] {dag.py:3722} INFO - Setting next_dagrun for example_xcom to 2021-01-01T00:00:00+00:00, run_after=2021-01-01T00:00:00+00:00
[2023-11-08T14:17:02.084+0000] {processor.py:179} INFO - Processing /home/airflow/.local/lib/python3.11/site-packages/airflow/example_dags/example_xcom.py took 0.136 seconds
[2023-11-08T14:17:32.277+0000] {processor.py:157} INFO - Started process (PID=262) to work on /home/airflow/.local/lib/python3.11/site-packages/airflow/example_dags/example_xcom.py
[2023-11-08T14:17:32.280+0000] {processor.py:829} INFO - Processing file /home/airflow/.local/lib/python3.11/site-packages/airflow/example_dags/example_xcom.py for tasks to queue
[2023-11-08T14:17:32.293+0000] {logging_mixin.py:154} INFO - [2023-11-08T14:17:32.293+0000] {dagbag.py:536} INFO - Filling up the DagBag from /home/airflow/.local/lib/python3.11/site-packages/airflow/example_dags/example_xcom.py
[2023-11-08T14:17:32.307+0000] {processor.py:839} INFO - DAG(s) dict_keys(['example_xcom']) retrieved from /home/airflow/.local/lib/python3.11/site-packages/airflow/example_dags/example_xcom.py
[2023-11-08T14:17:32.358+0000] {logging_mixin.py:154} INFO - [2023-11-08T14:17:32.358+0000] {dag.py:2941} INFO - Sync 1 DAGs
[2023-11-08T14:17:32.416+0000] {logging_mixin.py:154} INFO - [2023-11-08T14:17:32.416+0000] {dag.py:3722} INFO - Setting next_dagrun for example_xcom to 2021-01-01T00:00:00+00:00, run_after=2021-01-01T00:00:00+00:00
[2023-11-08T14:17:32.451+0000] {processor.py:179} INFO - Processing /home/airflow/.local/lib/python3.11/site-packages/airflow/example_dags/example_xcom.py took 0.179 seconds
[2023-11-08T14:18:02.966+0000] {processor.py:157} INFO - Started process (PID=338) to work on /home/airflow/.local/lib/python3.11/site-packages/airflow/example_dags/example_xcom.py
[2023-11-08T14:18:02.968+0000] {processor.py:829} INFO - Processing file /home/airflow/.local/lib/python3.11/site-packages/airflow/example_dags/example_xcom.py for tasks to queue
[2023-11-08T14:18:02.972+0000] {logging_mixin.py:154} INFO - [2023-11-08T14:18:02.971+0000] {dagbag.py:536} INFO - Filling up the DagBag from /home/airflow/.local/lib/python3.11/site-packages/airflow/example_dags/example_xcom.py
[2023-11-08T14:18:02.989+0000] {processor.py:839} INFO - DAG(s) dict_keys(['example_xcom']) retrieved from /home/airflow/.local/lib/python3.11/site-packages/airflow/example_dags/example_xcom.py
[2023-11-08T14:18:03.042+0000] {logging_mixin.py:154} INFO - [2023-11-08T14:18:03.041+0000] {dag.py:2941} INFO - Sync 1 DAGs
[2023-11-08T14:18:03.086+0000] {logging_mixin.py:154} INFO - [2023-11-08T14:18:03.086+0000] {dag.py:3722} INFO - Setting next_dagrun for example_xcom to 2021-01-01T00:00:00+00:00, run_after=2021-01-01T00:00:00+00:00
[2023-11-08T14:18:03.115+0000] {processor.py:179} INFO - Processing /home/airflow/.local/lib/python3.11/site-packages/airflow/example_dags/example_xcom.py took 0.162 seconds
[2023-11-08T14:18:33.960+0000] {processor.py:157} INFO - Started process (PID=414) to work on /home/airflow/.local/lib/python3.11/site-packages/airflow/example_dags/example_xcom.py
[2023-11-08T14:18:33.974+0000] {processor.py:829} INFO - Processing file /home/airflow/.local/lib/python3.11/site-packages/airflow/example_dags/example_xcom.py for tasks to queue
[2023-11-08T14:18:33.979+0000] {logging_mixin.py:154} INFO - [2023-11-08T14:18:33.978+0000] {dagbag.py:536} INFO - Filling up the DagBag from /home/airflow/.local/lib/python3.11/site-packages/airflow/example_dags/example_xcom.py
[2023-11-08T14:18:34.006+0000] {processor.py:839} INFO - DAG(s) dict_keys(['example_xcom']) retrieved from /home/airflow/.local/lib/python3.11/site-packages/airflow/example_dags/example_xcom.py
[2023-11-08T14:18:34.074+0000] {logging_mixin.py:154} INFO - [2023-11-08T14:18:34.073+0000] {dag.py:2941} INFO - Sync 1 DAGs
[2023-11-08T14:18:34.167+0000] {logging_mixin.py:154} INFO - [2023-11-08T14:18:34.166+0000] {dag.py:3722} INFO - Setting next_dagrun for example_xcom to 2021-01-01T00:00:00+00:00, run_after=2021-01-01T00:00:00+00:00
[2023-11-08T14:18:34.220+0000] {processor.py:179} INFO - Processing /home/airflow/.local/lib/python3.11/site-packages/airflow/example_dags/example_xcom.py took 0.275 seconds
[2023-11-08T14:19:16.396+0000] {processor.py:157} INFO - Started process (PID=490) to work on /home/airflow/.local/lib/python3.11/site-packages/airflow/example_dags/example_xcom.py
[2023-11-08T14:19:16.398+0000] {processor.py:829} INFO - Processing file /home/airflow/.local/lib/python3.11/site-packages/airflow/example_dags/example_xcom.py for tasks to queue
[2023-11-08T14:19:16.428+0000] {logging_mixin.py:154} INFO - [2023-11-08T14:19:16.422+0000] {dagbag.py:536} INFO - Filling up the DagBag from /home/airflow/.local/lib/python3.11/site-packages/airflow/example_dags/example_xcom.py
[2023-11-08T14:19:16.579+0000] {processor.py:839} INFO - DAG(s) dict_keys(['example_xcom']) retrieved from /home/airflow/.local/lib/python3.11/site-packages/airflow/example_dags/example_xcom.py
[2023-11-08T14:19:16.787+0000] {logging_mixin.py:154} INFO - [2023-11-08T14:19:16.786+0000] {dag.py:2941} INFO - Sync 1 DAGs
[2023-11-08T14:19:16.937+0000] {logging_mixin.py:154} INFO - [2023-11-08T14:19:16.936+0000] {dag.py:3722} INFO - Setting next_dagrun for example_xcom to 2021-01-01T00:00:00+00:00, run_after=2021-01-01T00:00:00+00:00
[2023-11-08T14:19:17.144+0000] {processor.py:179} INFO - Processing /home/airflow/.local/lib/python3.11/site-packages/airflow/example_dags/example_xcom.py took 0.843 seconds
[2023-11-08T14:19:47.514+0000] {processor.py:157} INFO - Started process (PID=566) to work on /home/airflow/.local/lib/python3.11/site-packages/airflow/example_dags/example_xcom.py
[2023-11-08T14:19:47.516+0000] {processor.py:829} INFO - Processing file /home/airflow/.local/lib/python3.11/site-packages/airflow/example_dags/example_xcom.py for tasks to queue
[2023-11-08T14:19:47.520+0000] {logging_mixin.py:154} INFO - [2023-11-08T14:19:47.519+0000] {dagbag.py:536} INFO - Filling up the DagBag from /home/airflow/.local/lib/python3.11/site-packages/airflow/example_dags/example_xcom.py
[2023-11-08T14:19:47.584+0000] {processor.py:839} INFO - DAG(s) dict_keys(['example_xcom']) retrieved from /home/airflow/.local/lib/python3.11/site-packages/airflow/example_dags/example_xcom.py
[2023-11-08T14:19:47.685+0000] {logging_mixin.py:154} INFO - [2023-11-08T14:19:47.684+0000] {dag.py:2941} INFO - Sync 1 DAGs
[2023-11-08T14:19:47.813+0000] {logging_mixin.py:154} INFO - [2023-11-08T14:19:47.813+0000] {dag.py:3722} INFO - Setting next_dagrun for example_xcom to 2021-01-01T00:00:00+00:00, run_after=2021-01-01T00:00:00+00:00
[2023-11-08T14:19:47.897+0000] {processor.py:179} INFO - Processing /home/airflow/.local/lib/python3.11/site-packages/airflow/example_dags/example_xcom.py took 0.394 seconds
[2023-11-08T14:20:18.414+0000] {processor.py:157} INFO - Started process (PID=643) to work on /home/airflow/.local/lib/python3.11/site-packages/airflow/example_dags/example_xcom.py
[2023-11-08T14:20:18.416+0000] {processor.py:829} INFO - Processing file /home/airflow/.local/lib/python3.11/site-packages/airflow/example_dags/example_xcom.py for tasks to queue
[2023-11-08T14:20:18.420+0000] {logging_mixin.py:154} INFO - [2023-11-08T14:20:18.420+0000] {dagbag.py:536} INFO - Filling up the DagBag from /home/airflow/.local/lib/python3.11/site-packages/airflow/example_dags/example_xcom.py
[2023-11-08T14:20:18.435+0000] {processor.py:839} INFO - DAG(s) dict_keys(['example_xcom']) retrieved from /home/airflow/.local/lib/python3.11/site-packages/airflow/example_dags/example_xcom.py
[2023-11-08T14:20:18.481+0000] {logging_mixin.py:154} INFO - [2023-11-08T14:20:18.481+0000] {dag.py:2941} INFO - Sync 1 DAGs
[2023-11-08T14:20:18.533+0000] {logging_mixin.py:154} INFO - [2023-11-08T14:20:18.532+0000] {dag.py:3722} INFO - Setting next_dagrun for example_xcom to 2021-01-01T00:00:00+00:00, run_after=2021-01-01T00:00:00+00:00
[2023-11-08T14:20:18.577+0000] {processor.py:179} INFO - Processing /home/airflow/.local/lib/python3.11/site-packages/airflow/example_dags/example_xcom.py took 0.170 seconds
[2023-11-08T14:20:48.771+0000] {processor.py:157} INFO - Started process (PID=719) to work on /home/airflow/.local/lib/python3.11/site-packages/airflow/example_dags/example_xcom.py
[2023-11-08T14:20:48.773+0000] {processor.py:829} INFO - Processing file /home/airflow/.local/lib/python3.11/site-packages/airflow/example_dags/example_xcom.py for tasks to queue
[2023-11-08T14:20:48.780+0000] {logging_mixin.py:154} INFO - [2023-11-08T14:20:48.780+0000] {dagbag.py:536} INFO - Filling up the DagBag from /home/airflow/.local/lib/python3.11/site-packages/airflow/example_dags/example_xcom.py
[2023-11-08T14:20:48.800+0000] {processor.py:839} INFO - DAG(s) dict_keys(['example_xcom']) retrieved from /home/airflow/.local/lib/python3.11/site-packages/airflow/example_dags/example_xcom.py
[2023-11-08T14:20:48.861+0000] {logging_mixin.py:154} INFO - [2023-11-08T14:20:48.861+0000] {dag.py:2941} INFO - Sync 1 DAGs
[2023-11-08T14:20:48.930+0000] {logging_mixin.py:154} INFO - [2023-11-08T14:20:48.929+0000] {dag.py:3722} INFO - Setting next_dagrun for example_xcom to 2021-01-01T00:00:00+00:00, run_after=2021-01-01T00:00:00+00:00
[2023-11-08T14:20:48.991+0000] {processor.py:179} INFO - Processing /home/airflow/.local/lib/python3.11/site-packages/airflow/example_dags/example_xcom.py took 0.229 seconds
[2023-11-08T14:21:19.299+0000] {processor.py:157} INFO - Started process (PID=795) to work on /home/airflow/.local/lib/python3.11/site-packages/airflow/example_dags/example_xcom.py
[2023-11-08T14:21:19.302+0000] {processor.py:829} INFO - Processing file /home/airflow/.local/lib/python3.11/site-packages/airflow/example_dags/example_xcom.py for tasks to queue
[2023-11-08T14:21:19.310+0000] {logging_mixin.py:154} INFO - [2023-11-08T14:21:19.309+0000] {dagbag.py:536} INFO - Filling up the DagBag from /home/airflow/.local/lib/python3.11/site-packages/airflow/example_dags/example_xcom.py
[2023-11-08T14:21:19.329+0000] {processor.py:839} INFO - DAG(s) dict_keys(['example_xcom']) retrieved from /home/airflow/.local/lib/python3.11/site-packages/airflow/example_dags/example_xcom.py
[2023-11-08T14:21:19.374+0000] {logging_mixin.py:154} INFO - [2023-11-08T14:21:19.373+0000] {dag.py:2941} INFO - Sync 1 DAGs
[2023-11-08T14:21:19.460+0000] {logging_mixin.py:154} INFO - [2023-11-08T14:21:19.460+0000] {dag.py:3722} INFO - Setting next_dagrun for example_xcom to 2021-01-01T00:00:00+00:00, run_after=2021-01-01T00:00:00+00:00
[2023-11-08T14:21:19.525+0000] {processor.py:179} INFO - Processing /home/airflow/.local/lib/python3.11/site-packages/airflow/example_dags/example_xcom.py took 0.232 seconds
[2023-11-08T14:21:49.891+0000] {processor.py:157} INFO - Started process (PID=871) to work on /home/airflow/.local/lib/python3.11/site-packages/airflow/example_dags/example_xcom.py
[2023-11-08T14:21:49.893+0000] {processor.py:829} INFO - Processing file /home/airflow/.local/lib/python3.11/site-packages/airflow/example_dags/example_xcom.py for tasks to queue
[2023-11-08T14:21:49.899+0000] {logging_mixin.py:154} INFO - [2023-11-08T14:21:49.898+0000] {dagbag.py:536} INFO - Filling up the DagBag from /home/airflow/.local/lib/python3.11/site-packages/airflow/example_dags/example_xcom.py
[2023-11-08T14:21:49.919+0000] {processor.py:839} INFO - DAG(s) dict_keys(['example_xcom']) retrieved from /home/airflow/.local/lib/python3.11/site-packages/airflow/example_dags/example_xcom.py
[2023-11-08T14:21:49.967+0000] {logging_mixin.py:154} INFO - [2023-11-08T14:21:49.966+0000] {dag.py:2941} INFO - Sync 1 DAGs
[2023-11-08T14:21:50.004+0000] {logging_mixin.py:154} INFO - [2023-11-08T14:21:50.004+0000] {dag.py:3722} INFO - Setting next_dagrun for example_xcom to 2021-01-01T00:00:00+00:00, run_after=2021-01-01T00:00:00+00:00
[2023-11-08T14:21:50.051+0000] {processor.py:179} INFO - Processing /home/airflow/.local/lib/python3.11/site-packages/airflow/example_dags/example_xcom.py took 0.173 seconds
[2023-11-08T14:22:20.244+0000] {processor.py:157} INFO - Started process (PID=947) to work on /home/airflow/.local/lib/python3.11/site-packages/airflow/example_dags/example_xcom.py
[2023-11-08T14:22:20.246+0000] {processor.py:829} INFO - Processing file /home/airflow/.local/lib/python3.11/site-packages/airflow/example_dags/example_xcom.py for tasks to queue
[2023-11-08T14:22:20.249+0000] {logging_mixin.py:154} INFO - [2023-11-08T14:22:20.249+0000] {dagbag.py:536} INFO - Filling up the DagBag from /home/airflow/.local/lib/python3.11/site-packages/airflow/example_dags/example_xcom.py
[2023-11-08T14:22:20.262+0000] {processor.py:839} INFO - DAG(s) dict_keys(['example_xcom']) retrieved from /home/airflow/.local/lib/python3.11/site-packages/airflow/example_dags/example_xcom.py
[2023-11-08T14:22:20.301+0000] {logging_mixin.py:154} INFO - [2023-11-08T14:22:20.301+0000] {dag.py:2941} INFO - Sync 1 DAGs
[2023-11-08T14:22:20.348+0000] {logging_mixin.py:154} INFO - [2023-11-08T14:22:20.347+0000] {dag.py:3722} INFO - Setting next_dagrun for example_xcom to 2021-01-01T00:00:00+00:00, run_after=2021-01-01T00:00:00+00:00
[2023-11-08T14:22:20.383+0000] {processor.py:179} INFO - Processing /home/airflow/.local/lib/python3.11/site-packages/airflow/example_dags/example_xcom.py took 0.145 seconds
[2023-11-08T14:22:50.535+0000] {processor.py:157} INFO - Started process (PID=1023) to work on /home/airflow/.local/lib/python3.11/site-packages/airflow/example_dags/example_xcom.py
[2023-11-08T14:22:50.537+0000] {processor.py:829} INFO - Processing file /home/airflow/.local/lib/python3.11/site-packages/airflow/example_dags/example_xcom.py for tasks to queue
[2023-11-08T14:22:50.542+0000] {logging_mixin.py:154} INFO - [2023-11-08T14:22:50.542+0000] {dagbag.py:536} INFO - Filling up the DagBag from /home/airflow/.local/lib/python3.11/site-packages/airflow/example_dags/example_xcom.py
[2023-11-08T14:22:50.559+0000] {processor.py:839} INFO - DAG(s) dict_keys(['example_xcom']) retrieved from /home/airflow/.local/lib/python3.11/site-packages/airflow/example_dags/example_xcom.py
[2023-11-08T14:22:50.594+0000] {logging_mixin.py:154} INFO - [2023-11-08T14:22:50.594+0000] {dag.py:2941} INFO - Sync 1 DAGs
[2023-11-08T14:22:50.633+0000] {logging_mixin.py:154} INFO - [2023-11-08T14:22:50.633+0000] {dag.py:3722} INFO - Setting next_dagrun for example_xcom to 2021-01-01T00:00:00+00:00, run_after=2021-01-01T00:00:00+00:00
[2023-11-08T14:22:50.668+0000] {processor.py:179} INFO - Processing /home/airflow/.local/lib/python3.11/site-packages/airflow/example_dags/example_xcom.py took 0.137 seconds
[2023-11-08T14:23:21.113+0000] {processor.py:157} INFO - Started process (PID=1099) to work on /home/airflow/.local/lib/python3.11/site-packages/airflow/example_dags/example_xcom.py
[2023-11-08T14:23:21.118+0000] {processor.py:829} INFO - Processing file /home/airflow/.local/lib/python3.11/site-packages/airflow/example_dags/example_xcom.py for tasks to queue
[2023-11-08T14:23:21.125+0000] {logging_mixin.py:154} INFO - [2023-11-08T14:23:21.124+0000] {dagbag.py:536} INFO - Filling up the DagBag from /home/airflow/.local/lib/python3.11/site-packages/airflow/example_dags/example_xcom.py
[2023-11-08T14:23:21.152+0000] {processor.py:839} INFO - DAG(s) dict_keys(['example_xcom']) retrieved from /home/airflow/.local/lib/python3.11/site-packages/airflow/example_dags/example_xcom.py
[2023-11-08T14:23:21.225+0000] {logging_mixin.py:154} INFO - [2023-11-08T14:23:21.224+0000] {dag.py:2941} INFO - Sync 1 DAGs
[2023-11-08T14:23:21.314+0000] {logging_mixin.py:154} INFO - [2023-11-08T14:23:21.314+0000] {dag.py:3722} INFO - Setting next_dagrun for example_xcom to 2021-01-01T00:00:00+00:00, run_after=2021-01-01T00:00:00+00:00
[2023-11-08T14:23:21.378+0000] {processor.py:179} INFO - Processing /home/airflow/.local/lib/python3.11/site-packages/airflow/example_dags/example_xcom.py took 0.283 seconds
[2023-11-08T14:23:59.827+0000] {processor.py:157} INFO - Started process (PID=1173) to work on /home/airflow/.local/lib/python3.11/site-packages/airflow/example_dags/example_xcom.py
[2023-11-08T14:23:59.829+0000] {processor.py:829} INFO - Processing file /home/airflow/.local/lib/python3.11/site-packages/airflow/example_dags/example_xcom.py for tasks to queue
[2023-11-08T14:23:59.834+0000] {logging_mixin.py:154} INFO - [2023-11-08T14:23:59.833+0000] {dagbag.py:536} INFO - Filling up the DagBag from /home/airflow/.local/lib/python3.11/site-packages/airflow/example_dags/example_xcom.py
[2023-11-08T14:23:59.862+0000] {processor.py:839} INFO - DAG(s) dict_keys(['example_xcom']) retrieved from /home/airflow/.local/lib/python3.11/site-packages/airflow/example_dags/example_xcom.py
[2023-11-08T14:23:59.932+0000] {logging_mixin.py:154} INFO - [2023-11-08T14:23:59.932+0000] {dag.py:2941} INFO - Sync 1 DAGs
[2023-11-08T14:23:59.996+0000] {logging_mixin.py:154} INFO - [2023-11-08T14:23:59.996+0000] {dag.py:3722} INFO - Setting next_dagrun for example_xcom to 2021-01-01T00:00:00+00:00, run_after=2021-01-01T00:00:00+00:00
[2023-11-08T14:24:00.048+0000] {processor.py:179} INFO - Processing /home/airflow/.local/lib/python3.11/site-packages/airflow/example_dags/example_xcom.py took 0.235 seconds
[2023-11-08T14:24:39.122+0000] {processor.py:157} INFO - Started process (PID=1277) to work on /home/airflow/.local/lib/python3.11/site-packages/airflow/example_dags/example_xcom.py
[2023-11-08T14:24:39.124+0000] {processor.py:829} INFO - Processing file /home/airflow/.local/lib/python3.11/site-packages/airflow/example_dags/example_xcom.py for tasks to queue
[2023-11-08T14:24:39.132+0000] {logging_mixin.py:154} INFO - [2023-11-08T14:24:39.130+0000] {dagbag.py:536} INFO - Filling up the DagBag from /home/airflow/.local/lib/python3.11/site-packages/airflow/example_dags/example_xcom.py
[2023-11-08T14:24:39.210+0000] {processor.py:839} INFO - DAG(s) dict_keys(['example_xcom']) retrieved from /home/airflow/.local/lib/python3.11/site-packages/airflow/example_dags/example_xcom.py
[2023-11-08T14:24:39.369+0000] {logging_mixin.py:154} INFO - [2023-11-08T14:24:39.368+0000] {dag.py:2941} INFO - Sync 1 DAGs
[2023-11-08T14:24:39.492+0000] {logging_mixin.py:154} INFO - [2023-11-08T14:24:39.492+0000] {dag.py:3722} INFO - Setting next_dagrun for example_xcom to 2021-01-01T00:00:00+00:00, run_after=2021-01-01T00:00:00+00:00
[2023-11-08T14:24:39.563+0000] {processor.py:179} INFO - Processing /home/airflow/.local/lib/python3.11/site-packages/airflow/example_dags/example_xcom.py took 0.457 seconds
[2023-11-08T14:25:10.297+0000] {processor.py:157} INFO - Started process (PID=1353) to work on /home/airflow/.local/lib/python3.11/site-packages/airflow/example_dags/example_xcom.py
[2023-11-08T14:25:10.311+0000] {processor.py:829} INFO - Processing file /home/airflow/.local/lib/python3.11/site-packages/airflow/example_dags/example_xcom.py for tasks to queue
[2023-11-08T14:25:10.341+0000] {logging_mixin.py:154} INFO - [2023-11-08T14:25:10.339+0000] {dagbag.py:536} INFO - Filling up the DagBag from /home/airflow/.local/lib/python3.11/site-packages/airflow/example_dags/example_xcom.py
[2023-11-08T14:25:10.401+0000] {processor.py:839} INFO - DAG(s) dict_keys(['example_xcom']) retrieved from /home/airflow/.local/lib/python3.11/site-packages/airflow/example_dags/example_xcom.py
[2023-11-08T14:25:10.472+0000] {logging_mixin.py:154} INFO - [2023-11-08T14:25:10.472+0000] {dag.py:2941} INFO - Sync 1 DAGs
[2023-11-08T14:25:10.526+0000] {logging_mixin.py:154} INFO - [2023-11-08T14:25:10.525+0000] {dag.py:3722} INFO - Setting next_dagrun for example_xcom to 2021-01-01T00:00:00+00:00, run_after=2021-01-01T00:00:00+00:00
[2023-11-08T14:25:10.568+0000] {processor.py:179} INFO - Processing /home/airflow/.local/lib/python3.11/site-packages/airflow/example_dags/example_xcom.py took 0.298 seconds
[2023-11-08T14:25:40.815+0000] {processor.py:157} INFO - Started process (PID=1429) to work on /home/airflow/.local/lib/python3.11/site-packages/airflow/example_dags/example_xcom.py
[2023-11-08T14:25:40.816+0000] {processor.py:829} INFO - Processing file /home/airflow/.local/lib/python3.11/site-packages/airflow/example_dags/example_xcom.py for tasks to queue
[2023-11-08T14:25:40.821+0000] {logging_mixin.py:154} INFO - [2023-11-08T14:25:40.820+0000] {dagbag.py:536} INFO - Filling up the DagBag from /home/airflow/.local/lib/python3.11/site-packages/airflow/example_dags/example_xcom.py
[2023-11-08T14:25:40.841+0000] {processor.py:839} INFO - DAG(s) dict_keys(['example_xcom']) retrieved from /home/airflow/.local/lib/python3.11/site-packages/airflow/example_dags/example_xcom.py
[2023-11-08T14:25:40.893+0000] {logging_mixin.py:154} INFO - [2023-11-08T14:25:40.892+0000] {dag.py:2941} INFO - Sync 1 DAGs
[2023-11-08T14:25:40.938+0000] {logging_mixin.py:154} INFO - [2023-11-08T14:25:40.937+0000] {dag.py:3722} INFO - Setting next_dagrun for example_xcom to 2021-01-01T00:00:00+00:00, run_after=2021-01-01T00:00:00+00:00
[2023-11-08T14:25:40.976+0000] {processor.py:179} INFO - Processing /home/airflow/.local/lib/python3.11/site-packages/airflow/example_dags/example_xcom.py took 0.171 seconds
[2023-11-08T14:26:12.358+0000] {processor.py:157} INFO - Started process (PID=1507) to work on /home/airflow/.local/lib/python3.11/site-packages/airflow/example_dags/example_xcom.py
[2023-11-08T14:26:12.360+0000] {processor.py:829} INFO - Processing file /home/airflow/.local/lib/python3.11/site-packages/airflow/example_dags/example_xcom.py for tasks to queue
[2023-11-08T14:26:12.367+0000] {logging_mixin.py:154} INFO - [2023-11-08T14:26:12.367+0000] {dagbag.py:536} INFO - Filling up the DagBag from /home/airflow/.local/lib/python3.11/site-packages/airflow/example_dags/example_xcom.py
[2023-11-08T14:26:12.391+0000] {processor.py:839} INFO - DAG(s) dict_keys(['example_xcom']) retrieved from /home/airflow/.local/lib/python3.11/site-packages/airflow/example_dags/example_xcom.py
[2023-11-08T14:26:12.452+0000] {logging_mixin.py:154} INFO - [2023-11-08T14:26:12.452+0000] {dag.py:2941} INFO - Sync 1 DAGs
[2023-11-08T14:26:12.529+0000] {logging_mixin.py:154} INFO - [2023-11-08T14:26:12.528+0000] {dag.py:3722} INFO - Setting next_dagrun for example_xcom to 2021-01-01T00:00:00+00:00, run_after=2021-01-01T00:00:00+00:00
[2023-11-08T14:26:12.580+0000] {processor.py:179} INFO - Processing /home/airflow/.local/lib/python3.11/site-packages/airflow/example_dags/example_xcom.py took 0.228 seconds
[2023-11-08T14:26:43.401+0000] {processor.py:157} INFO - Started process (PID=1583) to work on /home/airflow/.local/lib/python3.11/site-packages/airflow/example_dags/example_xcom.py
[2023-11-08T14:26:43.402+0000] {processor.py:829} INFO - Processing file /home/airflow/.local/lib/python3.11/site-packages/airflow/example_dags/example_xcom.py for tasks to queue
[2023-11-08T14:26:43.407+0000] {logging_mixin.py:154} INFO - [2023-11-08T14:26:43.407+0000] {dagbag.py:536} INFO - Filling up the DagBag from /home/airflow/.local/lib/python3.11/site-packages/airflow/example_dags/example_xcom.py
[2023-11-08T14:26:43.420+0000] {processor.py:839} INFO - DAG(s) dict_keys(['example_xcom']) retrieved from /home/airflow/.local/lib/python3.11/site-packages/airflow/example_dags/example_xcom.py
[2023-11-08T14:26:43.457+0000] {logging_mixin.py:154} INFO - [2023-11-08T14:26:43.457+0000] {dag.py:2941} INFO - Sync 1 DAGs
[2023-11-08T14:26:43.495+0000] {logging_mixin.py:154} INFO - [2023-11-08T14:26:43.494+0000] {dag.py:3722} INFO - Setting next_dagrun for example_xcom to 2021-01-01T00:00:00+00:00, run_after=2021-01-01T00:00:00+00:00
[2023-11-08T14:26:43.529+0000] {processor.py:179} INFO - Processing /home/airflow/.local/lib/python3.11/site-packages/airflow/example_dags/example_xcom.py took 0.132 seconds
[2023-11-08T14:27:13.792+0000] {processor.py:157} INFO - Started process (PID=1659) to work on /home/airflow/.local/lib/python3.11/site-packages/airflow/example_dags/example_xcom.py
[2023-11-08T14:27:13.794+0000] {processor.py:829} INFO - Processing file /home/airflow/.local/lib/python3.11/site-packages/airflow/example_dags/example_xcom.py for tasks to queue
[2023-11-08T14:27:13.799+0000] {logging_mixin.py:154} INFO - [2023-11-08T14:27:13.798+0000] {dagbag.py:536} INFO - Filling up the DagBag from /home/airflow/.local/lib/python3.11/site-packages/airflow/example_dags/example_xcom.py
[2023-11-08T14:27:13.826+0000] {processor.py:839} INFO - DAG(s) dict_keys(['example_xcom']) retrieved from /home/airflow/.local/lib/python3.11/site-packages/airflow/example_dags/example_xcom.py
[2023-11-08T14:27:13.890+0000] {logging_mixin.py:154} INFO - [2023-11-08T14:27:13.890+0000] {dag.py:2941} INFO - Sync 1 DAGs
[2023-11-08T14:27:13.948+0000] {logging_mixin.py:154} INFO - [2023-11-08T14:27:13.948+0000] {dag.py:3722} INFO - Setting next_dagrun for example_xcom to 2021-01-01T00:00:00+00:00, run_after=2021-01-01T00:00:00+00:00
[2023-11-08T14:27:13.989+0000] {processor.py:179} INFO - Processing /home/airflow/.local/lib/python3.11/site-packages/airflow/example_dags/example_xcom.py took 0.203 seconds
[2023-11-08T14:27:44.141+0000] {processor.py:157} INFO - Started process (PID=1735) to work on /home/airflow/.local/lib/python3.11/site-packages/airflow/example_dags/example_xcom.py
[2023-11-08T14:27:44.142+0000] {processor.py:829} INFO - Processing file /home/airflow/.local/lib/python3.11/site-packages/airflow/example_dags/example_xcom.py for tasks to queue
[2023-11-08T14:27:44.156+0000] {logging_mixin.py:154} INFO - [2023-11-08T14:27:44.156+0000] {dagbag.py:536} INFO - Filling up the DagBag from /home/airflow/.local/lib/python3.11/site-packages/airflow/example_dags/example_xcom.py
[2023-11-08T14:27:44.178+0000] {processor.py:839} INFO - DAG(s) dict_keys(['example_xcom']) retrieved from /home/airflow/.local/lib/python3.11/site-packages/airflow/example_dags/example_xcom.py
[2023-11-08T14:27:44.245+0000] {logging_mixin.py:154} INFO - [2023-11-08T14:27:44.245+0000] {dag.py:2941} INFO - Sync 1 DAGs
[2023-11-08T14:27:44.339+0000] {logging_mixin.py:154} INFO - [2023-11-08T14:27:44.339+0000] {dag.py:3722} INFO - Setting next_dagrun for example_xcom to 2021-01-01T00:00:00+00:00, run_after=2021-01-01T00:00:00+00:00
[2023-11-08T14:27:44.416+0000] {processor.py:179} INFO - Processing /home/airflow/.local/lib/python3.11/site-packages/airflow/example_dags/example_xcom.py took 0.290 seconds
[2023-11-08T14:28:14.503+0000] {processor.py:157} INFO - Started process (PID=1811) to work on /home/airflow/.local/lib/python3.11/site-packages/airflow/example_dags/example_xcom.py
[2023-11-08T14:28:14.506+0000] {processor.py:829} INFO - Processing file /home/airflow/.local/lib/python3.11/site-packages/airflow/example_dags/example_xcom.py for tasks to queue
[2023-11-08T14:28:14.511+0000] {logging_mixin.py:154} INFO - [2023-11-08T14:28:14.510+0000] {dagbag.py:536} INFO - Filling up the DagBag from /home/airflow/.local/lib/python3.11/site-packages/airflow/example_dags/example_xcom.py
[2023-11-08T14:28:14.527+0000] {processor.py:839} INFO - DAG(s) dict_keys(['example_xcom']) retrieved from /home/airflow/.local/lib/python3.11/site-packages/airflow/example_dags/example_xcom.py
[2023-11-08T14:28:14.611+0000] {logging_mixin.py:154} INFO - [2023-11-08T14:28:14.611+0000] {dag.py:2941} INFO - Sync 1 DAGs
[2023-11-08T14:28:15.048+0000] {logging_mixin.py:154} INFO - [2023-11-08T14:28:15.043+0000] {dag.py:3722} INFO - Setting next_dagrun for example_xcom to 2021-01-01T00:00:00+00:00, run_after=2021-01-01T00:00:00+00:00
[2023-11-08T14:28:15.767+0000] {processor.py:179} INFO - Processing /home/airflow/.local/lib/python3.11/site-packages/airflow/example_dags/example_xcom.py took 1.268 seconds
[2023-11-08T14:28:46.747+0000] {processor.py:157} INFO - Started process (PID=1889) to work on /home/airflow/.local/lib/python3.11/site-packages/airflow/example_dags/example_xcom.py
[2023-11-08T14:28:46.748+0000] {processor.py:829} INFO - Processing file /home/airflow/.local/lib/python3.11/site-packages/airflow/example_dags/example_xcom.py for tasks to queue
[2023-11-08T14:28:46.751+0000] {logging_mixin.py:154} INFO - [2023-11-08T14:28:46.750+0000] {dagbag.py:536} INFO - Filling up the DagBag from /home/airflow/.local/lib/python3.11/site-packages/airflow/example_dags/example_xcom.py
[2023-11-08T14:28:46.762+0000] {processor.py:839} INFO - DAG(s) dict_keys(['example_xcom']) retrieved from /home/airflow/.local/lib/python3.11/site-packages/airflow/example_dags/example_xcom.py
[2023-11-08T14:28:46.795+0000] {logging_mixin.py:154} INFO - [2023-11-08T14:28:46.795+0000] {dag.py:2941} INFO - Sync 1 DAGs
[2023-11-08T14:28:46.838+0000] {logging_mixin.py:154} INFO - [2023-11-08T14:28:46.837+0000] {dag.py:3722} INFO - Setting next_dagrun for example_xcom to 2021-01-01T00:00:00+00:00, run_after=2021-01-01T00:00:00+00:00
[2023-11-08T14:28:46.870+0000] {processor.py:179} INFO - Processing /home/airflow/.local/lib/python3.11/site-packages/airflow/example_dags/example_xcom.py took 0.128 seconds
[2023-11-08T14:29:17.443+0000] {processor.py:157} INFO - Started process (PID=1965) to work on /home/airflow/.local/lib/python3.11/site-packages/airflow/example_dags/example_xcom.py
[2023-11-08T14:29:17.447+0000] {processor.py:829} INFO - Processing file /home/airflow/.local/lib/python3.11/site-packages/airflow/example_dags/example_xcom.py for tasks to queue
[2023-11-08T14:29:17.466+0000] {logging_mixin.py:154} INFO - [2023-11-08T14:29:17.463+0000] {dagbag.py:536} INFO - Filling up the DagBag from /home/airflow/.local/lib/python3.11/site-packages/airflow/example_dags/example_xcom.py
[2023-11-08T14:29:17.492+0000] {processor.py:839} INFO - DAG(s) dict_keys(['example_xcom']) retrieved from /home/airflow/.local/lib/python3.11/site-packages/airflow/example_dags/example_xcom.py
[2023-11-08T14:29:17.598+0000] {logging_mixin.py:154} INFO - [2023-11-08T14:29:17.597+0000] {dag.py:2941} INFO - Sync 1 DAGs
[2023-11-08T14:29:17.679+0000] {logging_mixin.py:154} INFO - [2023-11-08T14:29:17.679+0000] {dag.py:3722} INFO - Setting next_dagrun for example_xcom to 2021-01-01T00:00:00+00:00, run_after=2021-01-01T00:00:00+00:00
[2023-11-08T14:29:17.732+0000] {processor.py:179} INFO - Processing /home/airflow/.local/lib/python3.11/site-packages/airflow/example_dags/example_xcom.py took 0.306 seconds
[2023-11-08T14:29:47.863+0000] {processor.py:157} INFO - Started process (PID=2041) to work on /home/airflow/.local/lib/python3.11/site-packages/airflow/example_dags/example_xcom.py
[2023-11-08T14:29:47.866+0000] {processor.py:829} INFO - Processing file /home/airflow/.local/lib/python3.11/site-packages/airflow/example_dags/example_xcom.py for tasks to queue
[2023-11-08T14:29:47.869+0000] {logging_mixin.py:154} INFO - [2023-11-08T14:29:47.868+0000] {dagbag.py:536} INFO - Filling up the DagBag from /home/airflow/.local/lib/python3.11/site-packages/airflow/example_dags/example_xcom.py
[2023-11-08T14:29:47.883+0000] {processor.py:839} INFO - DAG(s) dict_keys(['example_xcom']) retrieved from /home/airflow/.local/lib/python3.11/site-packages/airflow/example_dags/example_xcom.py
[2023-11-08T14:29:47.948+0000] {logging_mixin.py:154} INFO - [2023-11-08T14:29:47.948+0000] {dag.py:2941} INFO - Sync 1 DAGs
[2023-11-08T14:29:47.986+0000] {logging_mixin.py:154} INFO - [2023-11-08T14:29:47.986+0000] {dag.py:3722} INFO - Setting next_dagrun for example_xcom to 2021-01-01T00:00:00+00:00, run_after=2021-01-01T00:00:00+00:00
[2023-11-08T14:29:48.024+0000] {processor.py:179} INFO - Processing /home/airflow/.local/lib/python3.11/site-packages/airflow/example_dags/example_xcom.py took 0.169 seconds
[2023-11-08T14:30:18.974+0000] {processor.py:157} INFO - Started process (PID=2118) to work on /home/airflow/.local/lib/python3.11/site-packages/airflow/example_dags/example_xcom.py
[2023-11-08T14:30:18.975+0000] {processor.py:829} INFO - Processing file /home/airflow/.local/lib/python3.11/site-packages/airflow/example_dags/example_xcom.py for tasks to queue
[2023-11-08T14:30:18.978+0000] {logging_mixin.py:154} INFO - [2023-11-08T14:30:18.978+0000] {dagbag.py:536} INFO - Filling up the DagBag from /home/airflow/.local/lib/python3.11/site-packages/airflow/example_dags/example_xcom.py
[2023-11-08T14:30:18.990+0000] {processor.py:839} INFO - DAG(s) dict_keys(['example_xcom']) retrieved from /home/airflow/.local/lib/python3.11/site-packages/airflow/example_dags/example_xcom.py
[2023-11-08T14:30:19.034+0000] {logging_mixin.py:154} INFO - [2023-11-08T14:30:19.033+0000] {dag.py:2941} INFO - Sync 1 DAGs
[2023-11-08T14:30:19.079+0000] {logging_mixin.py:154} INFO - [2023-11-08T14:30:19.079+0000] {dag.py:3722} INFO - Setting next_dagrun for example_xcom to 2021-01-01T00:00:00+00:00, run_after=2021-01-01T00:00:00+00:00
[2023-11-08T14:30:19.116+0000] {processor.py:179} INFO - Processing /home/airflow/.local/lib/python3.11/site-packages/airflow/example_dags/example_xcom.py took 0.146 seconds
[2023-11-08T14:30:49.753+0000] {processor.py:157} INFO - Started process (PID=2195) to work on /home/airflow/.local/lib/python3.11/site-packages/airflow/example_dags/example_xcom.py
[2023-11-08T14:30:49.755+0000] {processor.py:829} INFO - Processing file /home/airflow/.local/lib/python3.11/site-packages/airflow/example_dags/example_xcom.py for tasks to queue
[2023-11-08T14:30:49.759+0000] {logging_mixin.py:154} INFO - [2023-11-08T14:30:49.758+0000] {dagbag.py:536} INFO - Filling up the DagBag from /home/airflow/.local/lib/python3.11/site-packages/airflow/example_dags/example_xcom.py
[2023-11-08T14:30:49.771+0000] {processor.py:839} INFO - DAG(s) dict_keys(['example_xcom']) retrieved from /home/airflow/.local/lib/python3.11/site-packages/airflow/example_dags/example_xcom.py
[2023-11-08T14:30:49.811+0000] {logging_mixin.py:154} INFO - [2023-11-08T14:30:49.811+0000] {dag.py:2941} INFO - Sync 1 DAGs
[2023-11-08T14:30:49.850+0000] {logging_mixin.py:154} INFO - [2023-11-08T14:30:49.849+0000] {dag.py:3722} INFO - Setting next_dagrun for example_xcom to 2021-01-01T00:00:00+00:00, run_after=2021-01-01T00:00:00+00:00
[2023-11-08T14:30:49.882+0000] {processor.py:179} INFO - Processing /home/airflow/.local/lib/python3.11/site-packages/airflow/example_dags/example_xcom.py took 0.135 seconds
[2023-11-08T14:31:19.986+0000] {processor.py:157} INFO - Started process (PID=2271) to work on /home/airflow/.local/lib/python3.11/site-packages/airflow/example_dags/example_xcom.py
[2023-11-08T14:31:19.987+0000] {processor.py:829} INFO - Processing file /home/airflow/.local/lib/python3.11/site-packages/airflow/example_dags/example_xcom.py for tasks to queue
[2023-11-08T14:31:19.990+0000] {logging_mixin.py:154} INFO - [2023-11-08T14:31:19.990+0000] {dagbag.py:536} INFO - Filling up the DagBag from /home/airflow/.local/lib/python3.11/site-packages/airflow/example_dags/example_xcom.py
[2023-11-08T14:31:20.001+0000] {processor.py:839} INFO - DAG(s) dict_keys(['example_xcom']) retrieved from /home/airflow/.local/lib/python3.11/site-packages/airflow/example_dags/example_xcom.py
[2023-11-08T14:31:20.038+0000] {logging_mixin.py:154} INFO - [2023-11-08T14:31:20.038+0000] {dag.py:2941} INFO - Sync 1 DAGs
[2023-11-08T14:31:20.076+0000] {logging_mixin.py:154} INFO - [2023-11-08T14:31:20.076+0000] {dag.py:3722} INFO - Setting next_dagrun for example_xcom to 2021-01-01T00:00:00+00:00, run_after=2021-01-01T00:00:00+00:00
[2023-11-08T14:31:20.117+0000] {processor.py:179} INFO - Processing /home/airflow/.local/lib/python3.11/site-packages/airflow/example_dags/example_xcom.py took 0.136 seconds
[2023-11-08T14:31:50.339+0000] {processor.py:157} INFO - Started process (PID=2347) to work on /home/airflow/.local/lib/python3.11/site-packages/airflow/example_dags/example_xcom.py
[2023-11-08T14:31:50.341+0000] {processor.py:829} INFO - Processing file /home/airflow/.local/lib/python3.11/site-packages/airflow/example_dags/example_xcom.py for tasks to queue
[2023-11-08T14:31:50.345+0000] {logging_mixin.py:154} INFO - [2023-11-08T14:31:50.344+0000] {dagbag.py:536} INFO - Filling up the DagBag from /home/airflow/.local/lib/python3.11/site-packages/airflow/example_dags/example_xcom.py
[2023-11-08T14:31:50.357+0000] {processor.py:839} INFO - DAG(s) dict_keys(['example_xcom']) retrieved from /home/airflow/.local/lib/python3.11/site-packages/airflow/example_dags/example_xcom.py
[2023-11-08T14:31:50.394+0000] {logging_mixin.py:154} INFO - [2023-11-08T14:31:50.393+0000] {dag.py:2941} INFO - Sync 1 DAGs
[2023-11-08T14:31:50.431+0000] {logging_mixin.py:154} INFO - [2023-11-08T14:31:50.431+0000] {dag.py:3722} INFO - Setting next_dagrun for example_xcom to 2021-01-01T00:00:00+00:00, run_after=2021-01-01T00:00:00+00:00
[2023-11-08T14:31:50.465+0000] {processor.py:179} INFO - Processing /home/airflow/.local/lib/python3.11/site-packages/airflow/example_dags/example_xcom.py took 0.131 seconds
[2023-11-08T14:32:20.767+0000] {processor.py:157} INFO - Started process (PID=2423) to work on /home/airflow/.local/lib/python3.11/site-packages/airflow/example_dags/example_xcom.py
[2023-11-08T14:32:20.768+0000] {processor.py:829} INFO - Processing file /home/airflow/.local/lib/python3.11/site-packages/airflow/example_dags/example_xcom.py for tasks to queue
[2023-11-08T14:32:20.772+0000] {logging_mixin.py:154} INFO - [2023-11-08T14:32:20.772+0000] {dagbag.py:536} INFO - Filling up the DagBag from /home/airflow/.local/lib/python3.11/site-packages/airflow/example_dags/example_xcom.py
[2023-11-08T14:32:20.788+0000] {processor.py:839} INFO - DAG(s) dict_keys(['example_xcom']) retrieved from /home/airflow/.local/lib/python3.11/site-packages/airflow/example_dags/example_xcom.py
[2023-11-08T14:32:20.829+0000] {logging_mixin.py:154} INFO - [2023-11-08T14:32:20.828+0000] {dag.py:2941} INFO - Sync 1 DAGs
[2023-11-08T14:32:20.871+0000] {logging_mixin.py:154} INFO - [2023-11-08T14:32:20.870+0000] {dag.py:3722} INFO - Setting next_dagrun for example_xcom to 2021-01-01T00:00:00+00:00, run_after=2021-01-01T00:00:00+00:00
[2023-11-08T14:32:20.912+0000] {processor.py:179} INFO - Processing /home/airflow/.local/lib/python3.11/site-packages/airflow/example_dags/example_xcom.py took 0.151 seconds
[2023-11-08T14:32:51.776+0000] {processor.py:157} INFO - Started process (PID=2499) to work on /home/airflow/.local/lib/python3.11/site-packages/airflow/example_dags/example_xcom.py
[2023-11-08T14:32:51.778+0000] {processor.py:829} INFO - Processing file /home/airflow/.local/lib/python3.11/site-packages/airflow/example_dags/example_xcom.py for tasks to queue
[2023-11-08T14:32:51.782+0000] {logging_mixin.py:154} INFO - [2023-11-08T14:32:51.781+0000] {dagbag.py:536} INFO - Filling up the DagBag from /home/airflow/.local/lib/python3.11/site-packages/airflow/example_dags/example_xcom.py
[2023-11-08T14:32:51.797+0000] {processor.py:839} INFO - DAG(s) dict_keys(['example_xcom']) retrieved from /home/airflow/.local/lib/python3.11/site-packages/airflow/example_dags/example_xcom.py
[2023-11-08T14:32:51.836+0000] {logging_mixin.py:154} INFO - [2023-11-08T14:32:51.836+0000] {dag.py:2941} INFO - Sync 1 DAGs
[2023-11-08T14:32:51.876+0000] {logging_mixin.py:154} INFO - [2023-11-08T14:32:51.876+0000] {dag.py:3722} INFO - Setting next_dagrun for example_xcom to 2021-01-01T00:00:00+00:00, run_after=2021-01-01T00:00:00+00:00
[2023-11-08T14:32:51.913+0000] {processor.py:179} INFO - Processing /home/airflow/.local/lib/python3.11/site-packages/airflow/example_dags/example_xcom.py took 0.142 seconds
[2023-11-08T14:33:22.230+0000] {processor.py:157} INFO - Started process (PID=2575) to work on /home/airflow/.local/lib/python3.11/site-packages/airflow/example_dags/example_xcom.py
[2023-11-08T14:33:22.231+0000] {processor.py:829} INFO - Processing file /home/airflow/.local/lib/python3.11/site-packages/airflow/example_dags/example_xcom.py for tasks to queue
[2023-11-08T14:33:22.234+0000] {logging_mixin.py:154} INFO - [2023-11-08T14:33:22.233+0000] {dagbag.py:536} INFO - Filling up the DagBag from /home/airflow/.local/lib/python3.11/site-packages/airflow/example_dags/example_xcom.py
[2023-11-08T14:33:22.246+0000] {processor.py:839} INFO - DAG(s) dict_keys(['example_xcom']) retrieved from /home/airflow/.local/lib/python3.11/site-packages/airflow/example_dags/example_xcom.py
[2023-11-08T14:33:22.275+0000] {logging_mixin.py:154} INFO - [2023-11-08T14:33:22.275+0000] {dag.py:2941} INFO - Sync 1 DAGs
[2023-11-08T14:33:22.311+0000] {logging_mixin.py:154} INFO - [2023-11-08T14:33:22.311+0000] {dag.py:3722} INFO - Setting next_dagrun for example_xcom to 2021-01-01T00:00:00+00:00, run_after=2021-01-01T00:00:00+00:00
[2023-11-08T14:33:22.339+0000] {processor.py:179} INFO - Processing /home/airflow/.local/lib/python3.11/site-packages/airflow/example_dags/example_xcom.py took 0.114 seconds
[2023-11-08T14:33:52.641+0000] {processor.py:157} INFO - Started process (PID=2651) to work on /home/airflow/.local/lib/python3.11/site-packages/airflow/example_dags/example_xcom.py
[2023-11-08T14:33:52.643+0000] {processor.py:829} INFO - Processing file /home/airflow/.local/lib/python3.11/site-packages/airflow/example_dags/example_xcom.py for tasks to queue
[2023-11-08T14:33:52.648+0000] {logging_mixin.py:154} INFO - [2023-11-08T14:33:52.648+0000] {dagbag.py:536} INFO - Filling up the DagBag from /home/airflow/.local/lib/python3.11/site-packages/airflow/example_dags/example_xcom.py
[2023-11-08T14:33:52.661+0000] {processor.py:839} INFO - DAG(s) dict_keys(['example_xcom']) retrieved from /home/airflow/.local/lib/python3.11/site-packages/airflow/example_dags/example_xcom.py
[2023-11-08T14:33:52.702+0000] {logging_mixin.py:154} INFO - [2023-11-08T14:33:52.701+0000] {dag.py:2941} INFO - Sync 1 DAGs
[2023-11-08T14:33:52.742+0000] {logging_mixin.py:154} INFO - [2023-11-08T14:33:52.742+0000] {dag.py:3722} INFO - Setting next_dagrun for example_xcom to 2021-01-01T00:00:00+00:00, run_after=2021-01-01T00:00:00+00:00
[2023-11-08T14:33:52.787+0000] {processor.py:179} INFO - Processing /home/airflow/.local/lib/python3.11/site-packages/airflow/example_dags/example_xcom.py took 0.151 seconds
[2023-11-08T14:34:23.706+0000] {processor.py:157} INFO - Started process (PID=2727) to work on /home/airflow/.local/lib/python3.11/site-packages/airflow/example_dags/example_xcom.py
[2023-11-08T14:34:23.708+0000] {processor.py:829} INFO - Processing file /home/airflow/.local/lib/python3.11/site-packages/airflow/example_dags/example_xcom.py for tasks to queue
[2023-11-08T14:34:23.710+0000] {logging_mixin.py:154} INFO - [2023-11-08T14:34:23.710+0000] {dagbag.py:536} INFO - Filling up the DagBag from /home/airflow/.local/lib/python3.11/site-packages/airflow/example_dags/example_xcom.py
[2023-11-08T14:34:23.720+0000] {processor.py:839} INFO - DAG(s) dict_keys(['example_xcom']) retrieved from /home/airflow/.local/lib/python3.11/site-packages/airflow/example_dags/example_xcom.py
[2023-11-08T14:34:23.752+0000] {logging_mixin.py:154} INFO - [2023-11-08T14:34:23.752+0000] {dag.py:2941} INFO - Sync 1 DAGs
[2023-11-08T14:34:23.787+0000] {logging_mixin.py:154} INFO - [2023-11-08T14:34:23.787+0000] {dag.py:3722} INFO - Setting next_dagrun for example_xcom to 2021-01-01T00:00:00+00:00, run_after=2021-01-01T00:00:00+00:00
[2023-11-08T14:34:23.815+0000] {processor.py:179} INFO - Processing /home/airflow/.local/lib/python3.11/site-packages/airflow/example_dags/example_xcom.py took 0.113 seconds
[2023-11-08T14:34:54.128+0000] {processor.py:157} INFO - Started process (PID=2803) to work on /home/airflow/.local/lib/python3.11/site-packages/airflow/example_dags/example_xcom.py
[2023-11-08T14:34:54.129+0000] {processor.py:829} INFO - Processing file /home/airflow/.local/lib/python3.11/site-packages/airflow/example_dags/example_xcom.py for tasks to queue
[2023-11-08T14:34:54.132+0000] {logging_mixin.py:154} INFO - [2023-11-08T14:34:54.132+0000] {dagbag.py:536} INFO - Filling up the DagBag from /home/airflow/.local/lib/python3.11/site-packages/airflow/example_dags/example_xcom.py
[2023-11-08T14:34:54.145+0000] {processor.py:839} INFO - DAG(s) dict_keys(['example_xcom']) retrieved from /home/airflow/.local/lib/python3.11/site-packages/airflow/example_dags/example_xcom.py
[2023-11-08T14:34:54.187+0000] {logging_mixin.py:154} INFO - [2023-11-08T14:34:54.186+0000] {dag.py:2941} INFO - Sync 1 DAGs
[2023-11-08T14:34:54.225+0000] {logging_mixin.py:154} INFO - [2023-11-08T14:34:54.224+0000] {dag.py:3722} INFO - Setting next_dagrun for example_xcom to 2021-01-01T00:00:00+00:00, run_after=2021-01-01T00:00:00+00:00
[2023-11-08T14:34:54.259+0000] {processor.py:179} INFO - Processing /home/airflow/.local/lib/python3.11/site-packages/airflow/example_dags/example_xcom.py took 0.136 seconds
[2023-11-08T14:35:25.153+0000] {processor.py:157} INFO - Started process (PID=2879) to work on /home/airflow/.local/lib/python3.11/site-packages/airflow/example_dags/example_xcom.py
[2023-11-08T14:35:25.155+0000] {processor.py:829} INFO - Processing file /home/airflow/.local/lib/python3.11/site-packages/airflow/example_dags/example_xcom.py for tasks to queue
[2023-11-08T14:35:25.158+0000] {logging_mixin.py:154} INFO - [2023-11-08T14:35:25.158+0000] {dagbag.py:536} INFO - Filling up the DagBag from /home/airflow/.local/lib/python3.11/site-packages/airflow/example_dags/example_xcom.py
[2023-11-08T14:35:25.171+0000] {processor.py:839} INFO - DAG(s) dict_keys(['example_xcom']) retrieved from /home/airflow/.local/lib/python3.11/site-packages/airflow/example_dags/example_xcom.py
[2023-11-08T14:35:25.210+0000] {logging_mixin.py:154} INFO - [2023-11-08T14:35:25.210+0000] {dag.py:2941} INFO - Sync 1 DAGs
[2023-11-08T14:35:25.250+0000] {logging_mixin.py:154} INFO - [2023-11-08T14:35:25.250+0000] {dag.py:3722} INFO - Setting next_dagrun for example_xcom to 2021-01-01T00:00:00+00:00, run_after=2021-01-01T00:00:00+00:00
[2023-11-08T14:35:25.281+0000] {processor.py:179} INFO - Processing /home/airflow/.local/lib/python3.11/site-packages/airflow/example_dags/example_xcom.py took 0.132 seconds
[2023-11-08T14:35:56.081+0000] {processor.py:157} INFO - Started process (PID=2955) to work on /home/airflow/.local/lib/python3.11/site-packages/airflow/example_dags/example_xcom.py
[2023-11-08T14:35:56.082+0000] {processor.py:829} INFO - Processing file /home/airflow/.local/lib/python3.11/site-packages/airflow/example_dags/example_xcom.py for tasks to queue
[2023-11-08T14:35:56.086+0000] {logging_mixin.py:154} INFO - [2023-11-08T14:35:56.086+0000] {dagbag.py:536} INFO - Filling up the DagBag from /home/airflow/.local/lib/python3.11/site-packages/airflow/example_dags/example_xcom.py
[2023-11-08T14:35:56.102+0000] {processor.py:839} INFO - DAG(s) dict_keys(['example_xcom']) retrieved from /home/airflow/.local/lib/python3.11/site-packages/airflow/example_dags/example_xcom.py
[2023-11-08T14:35:56.145+0000] {logging_mixin.py:154} INFO - [2023-11-08T14:35:56.145+0000] {dag.py:2941} INFO - Sync 1 DAGs
[2023-11-08T14:35:56.196+0000] {logging_mixin.py:154} INFO - [2023-11-08T14:35:56.196+0000] {dag.py:3722} INFO - Setting next_dagrun for example_xcom to 2021-01-01T00:00:00+00:00, run_after=2021-01-01T00:00:00+00:00
[2023-11-08T14:35:56.231+0000] {processor.py:179} INFO - Processing /home/airflow/.local/lib/python3.11/site-packages/airflow/example_dags/example_xcom.py took 0.156 seconds
[2023-11-08T14:36:26.851+0000] {processor.py:157} INFO - Started process (PID=3031) to work on /home/airflow/.local/lib/python3.11/site-packages/airflow/example_dags/example_xcom.py
[2023-11-08T14:36:26.853+0000] {processor.py:829} INFO - Processing file /home/airflow/.local/lib/python3.11/site-packages/airflow/example_dags/example_xcom.py for tasks to queue
[2023-11-08T14:36:26.856+0000] {logging_mixin.py:154} INFO - [2023-11-08T14:36:26.855+0000] {dagbag.py:536} INFO - Filling up the DagBag from /home/airflow/.local/lib/python3.11/site-packages/airflow/example_dags/example_xcom.py
[2023-11-08T14:36:26.866+0000] {processor.py:839} INFO - DAG(s) dict_keys(['example_xcom']) retrieved from /home/airflow/.local/lib/python3.11/site-packages/airflow/example_dags/example_xcom.py
[2023-11-08T14:36:26.899+0000] {logging_mixin.py:154} INFO - [2023-11-08T14:36:26.898+0000] {dag.py:2941} INFO - Sync 1 DAGs
[2023-11-08T14:36:26.934+0000] {logging_mixin.py:154} INFO - [2023-11-08T14:36:26.933+0000] {dag.py:3722} INFO - Setting next_dagrun for example_xcom to 2021-01-01T00:00:00+00:00, run_after=2021-01-01T00:00:00+00:00
[2023-11-08T14:36:26.965+0000] {processor.py:179} INFO - Processing /home/airflow/.local/lib/python3.11/site-packages/airflow/example_dags/example_xcom.py took 0.118 seconds
[2023-11-08T14:36:57.467+0000] {processor.py:157} INFO - Started process (PID=3107) to work on /home/airflow/.local/lib/python3.11/site-packages/airflow/example_dags/example_xcom.py
[2023-11-08T14:36:57.468+0000] {processor.py:829} INFO - Processing file /home/airflow/.local/lib/python3.11/site-packages/airflow/example_dags/example_xcom.py for tasks to queue
[2023-11-08T14:36:57.472+0000] {logging_mixin.py:154} INFO - [2023-11-08T14:36:57.472+0000] {dagbag.py:536} INFO - Filling up the DagBag from /home/airflow/.local/lib/python3.11/site-packages/airflow/example_dags/example_xcom.py
[2023-11-08T14:36:57.487+0000] {processor.py:839} INFO - DAG(s) dict_keys(['example_xcom']) retrieved from /home/airflow/.local/lib/python3.11/site-packages/airflow/example_dags/example_xcom.py
[2023-11-08T14:36:57.523+0000] {logging_mixin.py:154} INFO - [2023-11-08T14:36:57.523+0000] {dag.py:2941} INFO - Sync 1 DAGs
[2023-11-08T14:36:57.561+0000] {logging_mixin.py:154} INFO - [2023-11-08T14:36:57.561+0000] {dag.py:3722} INFO - Setting next_dagrun for example_xcom to 2021-01-01T00:00:00+00:00, run_after=2021-01-01T00:00:00+00:00
[2023-11-08T14:36:57.593+0000] {processor.py:179} INFO - Processing /home/airflow/.local/lib/python3.11/site-packages/airflow/example_dags/example_xcom.py took 0.132 seconds
[2023-11-08T14:37:28.191+0000] {processor.py:157} INFO - Started process (PID=3183) to work on /home/airflow/.local/lib/python3.11/site-packages/airflow/example_dags/example_xcom.py
[2023-11-08T14:37:28.192+0000] {processor.py:829} INFO - Processing file /home/airflow/.local/lib/python3.11/site-packages/airflow/example_dags/example_xcom.py for tasks to queue
[2023-11-08T14:37:28.194+0000] {logging_mixin.py:154} INFO - [2023-11-08T14:37:28.193+0000] {dagbag.py:536} INFO - Filling up the DagBag from /home/airflow/.local/lib/python3.11/site-packages/airflow/example_dags/example_xcom.py
[2023-11-08T14:37:28.199+0000] {processor.py:839} INFO - DAG(s) dict_keys(['example_xcom']) retrieved from /home/airflow/.local/lib/python3.11/site-packages/airflow/example_dags/example_xcom.py
[2023-11-08T14:37:28.216+0000] {logging_mixin.py:154} INFO - [2023-11-08T14:37:28.215+0000] {dag.py:2941} INFO - Sync 1 DAGs
[2023-11-08T14:37:28.232+0000] {logging_mixin.py:154} INFO - [2023-11-08T14:37:28.232+0000] {dag.py:3722} INFO - Setting next_dagrun for example_xcom to 2021-01-01T00:00:00+00:00, run_after=2021-01-01T00:00:00+00:00
[2023-11-08T14:37:28.246+0000] {processor.py:179} INFO - Processing /home/airflow/.local/lib/python3.11/site-packages/airflow/example_dags/example_xcom.py took 0.057 seconds
[2023-11-08T14:37:58.466+0000] {processor.py:157} INFO - Started process (PID=3259) to work on /home/airflow/.local/lib/python3.11/site-packages/airflow/example_dags/example_xcom.py
[2023-11-08T14:37:58.466+0000] {processor.py:829} INFO - Processing file /home/airflow/.local/lib/python3.11/site-packages/airflow/example_dags/example_xcom.py for tasks to queue
[2023-11-08T14:37:58.467+0000] {logging_mixin.py:154} INFO - [2023-11-08T14:37:58.467+0000] {dagbag.py:536} INFO - Filling up the DagBag from /home/airflow/.local/lib/python3.11/site-packages/airflow/example_dags/example_xcom.py
[2023-11-08T14:37:58.473+0000] {processor.py:839} INFO - DAG(s) dict_keys(['example_xcom']) retrieved from /home/airflow/.local/lib/python3.11/site-packages/airflow/example_dags/example_xcom.py
[2023-11-08T14:37:58.488+0000] {logging_mixin.py:154} INFO - [2023-11-08T14:37:58.488+0000] {dag.py:2941} INFO - Sync 1 DAGs
[2023-11-08T14:37:58.503+0000] {logging_mixin.py:154} INFO - [2023-11-08T14:37:58.503+0000] {dag.py:3722} INFO - Setting next_dagrun for example_xcom to 2021-01-01T00:00:00+00:00, run_after=2021-01-01T00:00:00+00:00
[2023-11-08T14:37:58.515+0000] {processor.py:179} INFO - Processing /home/airflow/.local/lib/python3.11/site-packages/airflow/example_dags/example_xcom.py took 0.052 seconds
[2023-11-08T14:38:28.545+0000] {processor.py:157} INFO - Started process (PID=3335) to work on /home/airflow/.local/lib/python3.11/site-packages/airflow/example_dags/example_xcom.py
[2023-11-08T14:38:28.546+0000] {processor.py:829} INFO - Processing file /home/airflow/.local/lib/python3.11/site-packages/airflow/example_dags/example_xcom.py for tasks to queue
[2023-11-08T14:38:28.548+0000] {logging_mixin.py:154} INFO - [2023-11-08T14:38:28.547+0000] {dagbag.py:536} INFO - Filling up the DagBag from /home/airflow/.local/lib/python3.11/site-packages/airflow/example_dags/example_xcom.py
[2023-11-08T14:38:28.553+0000] {processor.py:839} INFO - DAG(s) dict_keys(['example_xcom']) retrieved from /home/airflow/.local/lib/python3.11/site-packages/airflow/example_dags/example_xcom.py
[2023-11-08T14:38:28.568+0000] {logging_mixin.py:154} INFO - [2023-11-08T14:38:28.568+0000] {dag.py:2941} INFO - Sync 1 DAGs
[2023-11-08T14:38:28.586+0000] {logging_mixin.py:154} INFO - [2023-11-08T14:38:28.586+0000] {dag.py:3722} INFO - Setting next_dagrun for example_xcom to 2021-01-01T00:00:00+00:00, run_after=2021-01-01T00:00:00+00:00
[2023-11-08T14:38:28.599+0000] {processor.py:179} INFO - Processing /home/airflow/.local/lib/python3.11/site-packages/airflow/example_dags/example_xcom.py took 0.056 seconds
[2023-11-08T14:38:58.698+0000] {processor.py:157} INFO - Started process (PID=3411) to work on /home/airflow/.local/lib/python3.11/site-packages/airflow/example_dags/example_xcom.py
[2023-11-08T14:38:58.699+0000] {processor.py:829} INFO - Processing file /home/airflow/.local/lib/python3.11/site-packages/airflow/example_dags/example_xcom.py for tasks to queue
[2023-11-08T14:38:58.700+0000] {logging_mixin.py:154} INFO - [2023-11-08T14:38:58.700+0000] {dagbag.py:536} INFO - Filling up the DagBag from /home/airflow/.local/lib/python3.11/site-packages/airflow/example_dags/example_xcom.py
[2023-11-08T14:38:58.705+0000] {processor.py:839} INFO - DAG(s) dict_keys(['example_xcom']) retrieved from /home/airflow/.local/lib/python3.11/site-packages/airflow/example_dags/example_xcom.py
[2023-11-08T14:38:58.720+0000] {logging_mixin.py:154} INFO - [2023-11-08T14:38:58.720+0000] {dag.py:2941} INFO - Sync 1 DAGs
[2023-11-08T14:38:58.737+0000] {logging_mixin.py:154} INFO - [2023-11-08T14:38:58.737+0000] {dag.py:3722} INFO - Setting next_dagrun for example_xcom to 2021-01-01T00:00:00+00:00, run_after=2021-01-01T00:00:00+00:00
[2023-11-08T14:38:58.750+0000] {processor.py:179} INFO - Processing /home/airflow/.local/lib/python3.11/site-packages/airflow/example_dags/example_xcom.py took 0.054 seconds
[2023-11-08T14:39:28.790+0000] {processor.py:157} INFO - Started process (PID=3487) to work on /home/airflow/.local/lib/python3.11/site-packages/airflow/example_dags/example_xcom.py
[2023-11-08T14:39:28.791+0000] {processor.py:829} INFO - Processing file /home/airflow/.local/lib/python3.11/site-packages/airflow/example_dags/example_xcom.py for tasks to queue
[2023-11-08T14:39:28.792+0000] {logging_mixin.py:154} INFO - [2023-11-08T14:39:28.792+0000] {dagbag.py:536} INFO - Filling up the DagBag from /home/airflow/.local/lib/python3.11/site-packages/airflow/example_dags/example_xcom.py
[2023-11-08T14:39:28.798+0000] {processor.py:839} INFO - DAG(s) dict_keys(['example_xcom']) retrieved from /home/airflow/.local/lib/python3.11/site-packages/airflow/example_dags/example_xcom.py
[2023-11-08T14:39:28.813+0000] {logging_mixin.py:154} INFO - [2023-11-08T14:39:28.813+0000] {dag.py:2941} INFO - Sync 1 DAGs
[2023-11-08T14:39:28.829+0000] {logging_mixin.py:154} INFO - [2023-11-08T14:39:28.828+0000] {dag.py:3722} INFO - Setting next_dagrun for example_xcom to 2021-01-01T00:00:00+00:00, run_after=2021-01-01T00:00:00+00:00
[2023-11-08T14:39:28.840+0000] {processor.py:179} INFO - Processing /home/airflow/.local/lib/python3.11/site-packages/airflow/example_dags/example_xcom.py took 0.052 seconds
[2023-11-08T14:39:59.022+0000] {processor.py:157} INFO - Started process (PID=3563) to work on /home/airflow/.local/lib/python3.11/site-packages/airflow/example_dags/example_xcom.py
[2023-11-08T14:39:59.022+0000] {processor.py:829} INFO - Processing file /home/airflow/.local/lib/python3.11/site-packages/airflow/example_dags/example_xcom.py for tasks to queue
[2023-11-08T14:39:59.024+0000] {logging_mixin.py:154} INFO - [2023-11-08T14:39:59.023+0000] {dagbag.py:536} INFO - Filling up the DagBag from /home/airflow/.local/lib/python3.11/site-packages/airflow/example_dags/example_xcom.py
[2023-11-08T14:39:59.029+0000] {processor.py:839} INFO - DAG(s) dict_keys(['example_xcom']) retrieved from /home/airflow/.local/lib/python3.11/site-packages/airflow/example_dags/example_xcom.py
[2023-11-08T14:39:59.045+0000] {logging_mixin.py:154} INFO - [2023-11-08T14:39:59.045+0000] {dag.py:2941} INFO - Sync 1 DAGs
[2023-11-08T14:39:59.062+0000] {logging_mixin.py:154} INFO - [2023-11-08T14:39:59.061+0000] {dag.py:3722} INFO - Setting next_dagrun for example_xcom to 2021-01-01T00:00:00+00:00, run_after=2021-01-01T00:00:00+00:00
[2023-11-08T14:39:59.074+0000] {processor.py:179} INFO - Processing /home/airflow/.local/lib/python3.11/site-packages/airflow/example_dags/example_xcom.py took 0.055 seconds
[2023-11-08T14:40:29.387+0000] {processor.py:157} INFO - Started process (PID=3640) to work on /home/airflow/.local/lib/python3.11/site-packages/airflow/example_dags/example_xcom.py
[2023-11-08T14:40:29.388+0000] {processor.py:829} INFO - Processing file /home/airflow/.local/lib/python3.11/site-packages/airflow/example_dags/example_xcom.py for tasks to queue
[2023-11-08T14:40:29.390+0000] {logging_mixin.py:154} INFO - [2023-11-08T14:40:29.390+0000] {dagbag.py:536} INFO - Filling up the DagBag from /home/airflow/.local/lib/python3.11/site-packages/airflow/example_dags/example_xcom.py
[2023-11-08T14:40:29.395+0000] {processor.py:839} INFO - DAG(s) dict_keys(['example_xcom']) retrieved from /home/airflow/.local/lib/python3.11/site-packages/airflow/example_dags/example_xcom.py
[2023-11-08T14:40:29.412+0000] {logging_mixin.py:154} INFO - [2023-11-08T14:40:29.412+0000] {dag.py:2941} INFO - Sync 1 DAGs
[2023-11-08T14:40:29.429+0000] {logging_mixin.py:154} INFO - [2023-11-08T14:40:29.429+0000] {dag.py:3722} INFO - Setting next_dagrun for example_xcom to 2021-01-01T00:00:00+00:00, run_after=2021-01-01T00:00:00+00:00
[2023-11-08T14:40:29.443+0000] {processor.py:179} INFO - Processing /home/airflow/.local/lib/python3.11/site-packages/airflow/example_dags/example_xcom.py took 0.058 seconds
[2023-11-08T14:40:59.615+0000] {processor.py:157} INFO - Started process (PID=3716) to work on /home/airflow/.local/lib/python3.11/site-packages/airflow/example_dags/example_xcom.py
[2023-11-08T14:40:59.615+0000] {processor.py:829} INFO - Processing file /home/airflow/.local/lib/python3.11/site-packages/airflow/example_dags/example_xcom.py for tasks to queue
[2023-11-08T14:40:59.617+0000] {logging_mixin.py:154} INFO - [2023-11-08T14:40:59.617+0000] {dagbag.py:536} INFO - Filling up the DagBag from /home/airflow/.local/lib/python3.11/site-packages/airflow/example_dags/example_xcom.py
[2023-11-08T14:40:59.624+0000] {processor.py:839} INFO - DAG(s) dict_keys(['example_xcom']) retrieved from /home/airflow/.local/lib/python3.11/site-packages/airflow/example_dags/example_xcom.py
[2023-11-08T14:40:59.640+0000] {logging_mixin.py:154} INFO - [2023-11-08T14:40:59.640+0000] {dag.py:2941} INFO - Sync 1 DAGs
[2023-11-08T14:40:59.657+0000] {logging_mixin.py:154} INFO - [2023-11-08T14:40:59.656+0000] {dag.py:3722} INFO - Setting next_dagrun for example_xcom to 2021-01-01T00:00:00+00:00, run_after=2021-01-01T00:00:00+00:00
[2023-11-08T14:40:59.669+0000] {processor.py:179} INFO - Processing /home/airflow/.local/lib/python3.11/site-packages/airflow/example_dags/example_xcom.py took 0.057 seconds
[2023-11-08T14:41:29.757+0000] {processor.py:157} INFO - Started process (PID=3792) to work on /home/airflow/.local/lib/python3.11/site-packages/airflow/example_dags/example_xcom.py
[2023-11-08T14:41:29.758+0000] {processor.py:829} INFO - Processing file /home/airflow/.local/lib/python3.11/site-packages/airflow/example_dags/example_xcom.py for tasks to queue
[2023-11-08T14:41:29.760+0000] {logging_mixin.py:154} INFO - [2023-11-08T14:41:29.760+0000] {dagbag.py:536} INFO - Filling up the DagBag from /home/airflow/.local/lib/python3.11/site-packages/airflow/example_dags/example_xcom.py
[2023-11-08T14:41:29.765+0000] {processor.py:839} INFO - DAG(s) dict_keys(['example_xcom']) retrieved from /home/airflow/.local/lib/python3.11/site-packages/airflow/example_dags/example_xcom.py
[2023-11-08T14:41:29.781+0000] {logging_mixin.py:154} INFO - [2023-11-08T14:41:29.781+0000] {dag.py:2941} INFO - Sync 1 DAGs
[2023-11-08T14:41:29.797+0000] {logging_mixin.py:154} INFO - [2023-11-08T14:41:29.797+0000] {dag.py:3722} INFO - Setting next_dagrun for example_xcom to 2021-01-01T00:00:00+00:00, run_after=2021-01-01T00:00:00+00:00
[2023-11-08T14:41:29.811+0000] {processor.py:179} INFO - Processing /home/airflow/.local/lib/python3.11/site-packages/airflow/example_dags/example_xcom.py took 0.055 seconds
[2023-11-08T14:42:00.545+0000] {processor.py:157} INFO - Started process (PID=3866) to work on /home/airflow/.local/lib/python3.11/site-packages/airflow/example_dags/example_xcom.py
[2023-11-08T14:42:00.546+0000] {processor.py:829} INFO - Processing file /home/airflow/.local/lib/python3.11/site-packages/airflow/example_dags/example_xcom.py for tasks to queue
[2023-11-08T14:42:00.547+0000] {logging_mixin.py:154} INFO - [2023-11-08T14:42:00.547+0000] {dagbag.py:536} INFO - Filling up the DagBag from /home/airflow/.local/lib/python3.11/site-packages/airflow/example_dags/example_xcom.py
[2023-11-08T14:42:00.552+0000] {processor.py:839} INFO - DAG(s) dict_keys(['example_xcom']) retrieved from /home/airflow/.local/lib/python3.11/site-packages/airflow/example_dags/example_xcom.py
[2023-11-08T14:42:00.567+0000] {logging_mixin.py:154} INFO - [2023-11-08T14:42:00.567+0000] {dag.py:2941} INFO - Sync 1 DAGs
[2023-11-08T14:42:00.584+0000] {logging_mixin.py:154} INFO - [2023-11-08T14:42:00.583+0000] {dag.py:3722} INFO - Setting next_dagrun for example_xcom to 2021-01-01T00:00:00+00:00, run_after=2021-01-01T00:00:00+00:00
[2023-11-08T14:42:00.596+0000] {processor.py:179} INFO - Processing /home/airflow/.local/lib/python3.11/site-packages/airflow/example_dags/example_xcom.py took 0.053 seconds
[2023-11-08T14:42:30.784+0000] {processor.py:157} INFO - Started process (PID=3941) to work on /home/airflow/.local/lib/python3.11/site-packages/airflow/example_dags/example_xcom.py
[2023-11-08T14:42:30.785+0000] {processor.py:829} INFO - Processing file /home/airflow/.local/lib/python3.11/site-packages/airflow/example_dags/example_xcom.py for tasks to queue
[2023-11-08T14:42:30.786+0000] {logging_mixin.py:154} INFO - [2023-11-08T14:42:30.786+0000] {dagbag.py:536} INFO - Filling up the DagBag from /home/airflow/.local/lib/python3.11/site-packages/airflow/example_dags/example_xcom.py
[2023-11-08T14:42:30.791+0000] {processor.py:839} INFO - DAG(s) dict_keys(['example_xcom']) retrieved from /home/airflow/.local/lib/python3.11/site-packages/airflow/example_dags/example_xcom.py
[2023-11-08T14:42:30.810+0000] {logging_mixin.py:154} INFO - [2023-11-08T14:42:30.810+0000] {dag.py:2941} INFO - Sync 1 DAGs
[2023-11-08T14:42:30.829+0000] {logging_mixin.py:154} INFO - [2023-11-08T14:42:30.829+0000] {dag.py:3722} INFO - Setting next_dagrun for example_xcom to 2021-01-01T00:00:00+00:00, run_after=2021-01-01T00:00:00+00:00
[2023-11-08T14:42:30.844+0000] {processor.py:179} INFO - Processing /home/airflow/.local/lib/python3.11/site-packages/airflow/example_dags/example_xcom.py took 0.062 seconds
[2023-11-08T14:43:01.208+0000] {processor.py:157} INFO - Started process (PID=4017) to work on /home/airflow/.local/lib/python3.11/site-packages/airflow/example_dags/example_xcom.py
[2023-11-08T14:43:01.209+0000] {processor.py:829} INFO - Processing file /home/airflow/.local/lib/python3.11/site-packages/airflow/example_dags/example_xcom.py for tasks to queue
[2023-11-08T14:43:01.210+0000] {logging_mixin.py:154} INFO - [2023-11-08T14:43:01.210+0000] {dagbag.py:536} INFO - Filling up the DagBag from /home/airflow/.local/lib/python3.11/site-packages/airflow/example_dags/example_xcom.py
[2023-11-08T14:43:01.215+0000] {processor.py:839} INFO - DAG(s) dict_keys(['example_xcom']) retrieved from /home/airflow/.local/lib/python3.11/site-packages/airflow/example_dags/example_xcom.py
[2023-11-08T14:43:01.230+0000] {logging_mixin.py:154} INFO - [2023-11-08T14:43:01.230+0000] {dag.py:2941} INFO - Sync 1 DAGs
[2023-11-08T14:43:01.246+0000] {logging_mixin.py:154} INFO - [2023-11-08T14:43:01.246+0000] {dag.py:3722} INFO - Setting next_dagrun for example_xcom to 2021-01-01T00:00:00+00:00, run_after=2021-01-01T00:00:00+00:00
[2023-11-08T14:43:01.258+0000] {processor.py:179} INFO - Processing /home/airflow/.local/lib/python3.11/site-packages/airflow/example_dags/example_xcom.py took 0.052 seconds
[2023-11-08T14:43:31.617+0000] {processor.py:157} INFO - Started process (PID=4093) to work on /home/airflow/.local/lib/python3.11/site-packages/airflow/example_dags/example_xcom.py
[2023-11-08T14:43:31.618+0000] {processor.py:829} INFO - Processing file /home/airflow/.local/lib/python3.11/site-packages/airflow/example_dags/example_xcom.py for tasks to queue
[2023-11-08T14:43:31.620+0000] {logging_mixin.py:154} INFO - [2023-11-08T14:43:31.619+0000] {dagbag.py:536} INFO - Filling up the DagBag from /home/airflow/.local/lib/python3.11/site-packages/airflow/example_dags/example_xcom.py
[2023-11-08T14:43:31.626+0000] {processor.py:839} INFO - DAG(s) dict_keys(['example_xcom']) retrieved from /home/airflow/.local/lib/python3.11/site-packages/airflow/example_dags/example_xcom.py
[2023-11-08T14:43:31.643+0000] {logging_mixin.py:154} INFO - [2023-11-08T14:43:31.643+0000] {dag.py:2941} INFO - Sync 1 DAGs
[2023-11-08T14:43:31.660+0000] {logging_mixin.py:154} INFO - [2023-11-08T14:43:31.660+0000] {dag.py:3722} INFO - Setting next_dagrun for example_xcom to 2021-01-01T00:00:00+00:00, run_after=2021-01-01T00:00:00+00:00
[2023-11-08T14:43:31.674+0000] {processor.py:179} INFO - Processing /home/airflow/.local/lib/python3.11/site-packages/airflow/example_dags/example_xcom.py took 0.059 seconds
[2023-11-08T14:44:01.998+0000] {processor.py:157} INFO - Started process (PID=4169) to work on /home/airflow/.local/lib/python3.11/site-packages/airflow/example_dags/example_xcom.py
[2023-11-08T14:44:01.999+0000] {processor.py:829} INFO - Processing file /home/airflow/.local/lib/python3.11/site-packages/airflow/example_dags/example_xcom.py for tasks to queue
[2023-11-08T14:44:02.000+0000] {logging_mixin.py:154} INFO - [2023-11-08T14:44:02.000+0000] {dagbag.py:536} INFO - Filling up the DagBag from /home/airflow/.local/lib/python3.11/site-packages/airflow/example_dags/example_xcom.py
[2023-11-08T14:44:02.007+0000] {processor.py:839} INFO - DAG(s) dict_keys(['example_xcom']) retrieved from /home/airflow/.local/lib/python3.11/site-packages/airflow/example_dags/example_xcom.py
[2023-11-08T14:44:02.022+0000] {logging_mixin.py:154} INFO - [2023-11-08T14:44:02.022+0000] {dag.py:2941} INFO - Sync 1 DAGs
[2023-11-08T14:44:02.038+0000] {logging_mixin.py:154} INFO - [2023-11-08T14:44:02.038+0000] {dag.py:3722} INFO - Setting next_dagrun for example_xcom to 2021-01-01T00:00:00+00:00, run_after=2021-01-01T00:00:00+00:00
[2023-11-08T14:44:02.050+0000] {processor.py:179} INFO - Processing /home/airflow/.local/lib/python3.11/site-packages/airflow/example_dags/example_xcom.py took 0.054 seconds
[2023-11-08T14:44:32.189+0000] {processor.py:157} INFO - Started process (PID=4245) to work on /home/airflow/.local/lib/python3.11/site-packages/airflow/example_dags/example_xcom.py
[2023-11-08T14:44:32.190+0000] {processor.py:829} INFO - Processing file /home/airflow/.local/lib/python3.11/site-packages/airflow/example_dags/example_xcom.py for tasks to queue
[2023-11-08T14:44:32.191+0000] {logging_mixin.py:154} INFO - [2023-11-08T14:44:32.191+0000] {dagbag.py:536} INFO - Filling up the DagBag from /home/airflow/.local/lib/python3.11/site-packages/airflow/example_dags/example_xcom.py
[2023-11-08T14:44:32.196+0000] {processor.py:839} INFO - DAG(s) dict_keys(['example_xcom']) retrieved from /home/airflow/.local/lib/python3.11/site-packages/airflow/example_dags/example_xcom.py
[2023-11-08T14:44:32.212+0000] {logging_mixin.py:154} INFO - [2023-11-08T14:44:32.212+0000] {dag.py:2941} INFO - Sync 1 DAGs
[2023-11-08T14:44:32.228+0000] {logging_mixin.py:154} INFO - [2023-11-08T14:44:32.228+0000] {dag.py:3722} INFO - Setting next_dagrun for example_xcom to 2021-01-01T00:00:00+00:00, run_after=2021-01-01T00:00:00+00:00
[2023-11-08T14:44:32.242+0000] {processor.py:179} INFO - Processing /home/airflow/.local/lib/python3.11/site-packages/airflow/example_dags/example_xcom.py took 0.055 seconds
[2023-11-08T14:45:02.616+0000] {processor.py:157} INFO - Started process (PID=4321) to work on /home/airflow/.local/lib/python3.11/site-packages/airflow/example_dags/example_xcom.py
[2023-11-08T14:45:02.616+0000] {processor.py:829} INFO - Processing file /home/airflow/.local/lib/python3.11/site-packages/airflow/example_dags/example_xcom.py for tasks to queue
[2023-11-08T14:45:02.618+0000] {logging_mixin.py:154} INFO - [2023-11-08T14:45:02.617+0000] {dagbag.py:536} INFO - Filling up the DagBag from /home/airflow/.local/lib/python3.11/site-packages/airflow/example_dags/example_xcom.py
[2023-11-08T14:45:02.623+0000] {processor.py:839} INFO - DAG(s) dict_keys(['example_xcom']) retrieved from /home/airflow/.local/lib/python3.11/site-packages/airflow/example_dags/example_xcom.py
[2023-11-08T14:45:02.640+0000] {logging_mixin.py:154} INFO - [2023-11-08T14:45:02.639+0000] {dag.py:2941} INFO - Sync 1 DAGs
[2023-11-08T14:45:02.656+0000] {logging_mixin.py:154} INFO - [2023-11-08T14:45:02.656+0000] {dag.py:3722} INFO - Setting next_dagrun for example_xcom to 2021-01-01T00:00:00+00:00, run_after=2021-01-01T00:00:00+00:00
[2023-11-08T14:45:02.669+0000] {processor.py:179} INFO - Processing /home/airflow/.local/lib/python3.11/site-packages/airflow/example_dags/example_xcom.py took 0.055 seconds
[2023-11-08T14:45:33.272+0000] {processor.py:157} INFO - Started process (PID=4398) to work on /home/airflow/.local/lib/python3.11/site-packages/airflow/example_dags/example_xcom.py
[2023-11-08T14:45:33.272+0000] {processor.py:829} INFO - Processing file /home/airflow/.local/lib/python3.11/site-packages/airflow/example_dags/example_xcom.py for tasks to queue
[2023-11-08T14:45:33.274+0000] {logging_mixin.py:154} INFO - [2023-11-08T14:45:33.274+0000] {dagbag.py:536} INFO - Filling up the DagBag from /home/airflow/.local/lib/python3.11/site-packages/airflow/example_dags/example_xcom.py
[2023-11-08T14:45:33.279+0000] {processor.py:839} INFO - DAG(s) dict_keys(['example_xcom']) retrieved from /home/airflow/.local/lib/python3.11/site-packages/airflow/example_dags/example_xcom.py
[2023-11-08T14:45:33.295+0000] {logging_mixin.py:154} INFO - [2023-11-08T14:45:33.295+0000] {dag.py:2941} INFO - Sync 1 DAGs
[2023-11-08T14:45:33.311+0000] {logging_mixin.py:154} INFO - [2023-11-08T14:45:33.311+0000] {dag.py:3722} INFO - Setting next_dagrun for example_xcom to 2021-01-01T00:00:00+00:00, run_after=2021-01-01T00:00:00+00:00
[2023-11-08T14:45:33.325+0000] {processor.py:179} INFO - Processing /home/airflow/.local/lib/python3.11/site-packages/airflow/example_dags/example_xcom.py took 0.055 seconds
[2023-11-08T14:46:03.756+0000] {processor.py:157} INFO - Started process (PID=4474) to work on /home/airflow/.local/lib/python3.11/site-packages/airflow/example_dags/example_xcom.py
[2023-11-08T14:46:03.757+0000] {processor.py:829} INFO - Processing file /home/airflow/.local/lib/python3.11/site-packages/airflow/example_dags/example_xcom.py for tasks to queue
[2023-11-08T14:46:03.758+0000] {logging_mixin.py:154} INFO - [2023-11-08T14:46:03.758+0000] {dagbag.py:536} INFO - Filling up the DagBag from /home/airflow/.local/lib/python3.11/site-packages/airflow/example_dags/example_xcom.py
[2023-11-08T14:46:03.763+0000] {processor.py:839} INFO - DAG(s) dict_keys(['example_xcom']) retrieved from /home/airflow/.local/lib/python3.11/site-packages/airflow/example_dags/example_xcom.py
[2023-11-08T14:46:03.781+0000] {logging_mixin.py:154} INFO - [2023-11-08T14:46:03.781+0000] {dag.py:2941} INFO - Sync 1 DAGs
[2023-11-08T14:46:03.798+0000] {logging_mixin.py:154} INFO - [2023-11-08T14:46:03.798+0000] {dag.py:3722} INFO - Setting next_dagrun for example_xcom to 2021-01-01T00:00:00+00:00, run_after=2021-01-01T00:00:00+00:00
[2023-11-08T14:46:03.813+0000] {processor.py:179} INFO - Processing /home/airflow/.local/lib/python3.11/site-packages/airflow/example_dags/example_xcom.py took 0.059 seconds
[2023-11-08T14:46:34.177+0000] {processor.py:157} INFO - Started process (PID=4550) to work on /home/airflow/.local/lib/python3.11/site-packages/airflow/example_dags/example_xcom.py
[2023-11-08T14:46:34.178+0000] {processor.py:829} INFO - Processing file /home/airflow/.local/lib/python3.11/site-packages/airflow/example_dags/example_xcom.py for tasks to queue
[2023-11-08T14:46:34.179+0000] {logging_mixin.py:154} INFO - [2023-11-08T14:46:34.179+0000] {dagbag.py:536} INFO - Filling up the DagBag from /home/airflow/.local/lib/python3.11/site-packages/airflow/example_dags/example_xcom.py
[2023-11-08T14:46:34.184+0000] {processor.py:839} INFO - DAG(s) dict_keys(['example_xcom']) retrieved from /home/airflow/.local/lib/python3.11/site-packages/airflow/example_dags/example_xcom.py
[2023-11-08T14:46:34.199+0000] {logging_mixin.py:154} INFO - [2023-11-08T14:46:34.199+0000] {dag.py:2941} INFO - Sync 1 DAGs
[2023-11-08T14:46:34.366+0000] {logging_mixin.py:154} INFO - [2023-11-08T14:46:34.366+0000] {dag.py:3722} INFO - Setting next_dagrun for example_xcom to 2021-01-01T00:00:00+00:00, run_after=2021-01-01T00:00:00+00:00
[2023-11-08T14:46:34.378+0000] {processor.py:179} INFO - Processing /home/airflow/.local/lib/python3.11/site-packages/airflow/example_dags/example_xcom.py took 0.203 seconds
[2023-11-08T14:47:04.882+0000] {processor.py:157} INFO - Started process (PID=4626) to work on /home/airflow/.local/lib/python3.11/site-packages/airflow/example_dags/example_xcom.py
[2023-11-08T14:47:04.883+0000] {processor.py:829} INFO - Processing file /home/airflow/.local/lib/python3.11/site-packages/airflow/example_dags/example_xcom.py for tasks to queue
[2023-11-08T14:47:04.884+0000] {logging_mixin.py:154} INFO - [2023-11-08T14:47:04.884+0000] {dagbag.py:536} INFO - Filling up the DagBag from /home/airflow/.local/lib/python3.11/site-packages/airflow/example_dags/example_xcom.py
[2023-11-08T14:47:04.890+0000] {processor.py:839} INFO - DAG(s) dict_keys(['example_xcom']) retrieved from /home/airflow/.local/lib/python3.11/site-packages/airflow/example_dags/example_xcom.py
[2023-11-08T14:47:04.906+0000] {logging_mixin.py:154} INFO - [2023-11-08T14:47:04.906+0000] {dag.py:2941} INFO - Sync 1 DAGs
[2023-11-08T14:47:05.065+0000] {logging_mixin.py:154} INFO - [2023-11-08T14:47:05.065+0000] {dag.py:3722} INFO - Setting next_dagrun for example_xcom to 2021-01-01T00:00:00+00:00, run_after=2021-01-01T00:00:00+00:00
[2023-11-08T14:47:05.077+0000] {processor.py:179} INFO - Processing /home/airflow/.local/lib/python3.11/site-packages/airflow/example_dags/example_xcom.py took 0.197 seconds
[2023-11-08T14:47:35.911+0000] {processor.py:157} INFO - Started process (PID=4702) to work on /home/airflow/.local/lib/python3.11/site-packages/airflow/example_dags/example_xcom.py
[2023-11-08T14:47:35.914+0000] {processor.py:829} INFO - Processing file /home/airflow/.local/lib/python3.11/site-packages/airflow/example_dags/example_xcom.py for tasks to queue
[2023-11-08T14:47:35.918+0000] {logging_mixin.py:154} INFO - [2023-11-08T14:47:35.917+0000] {dagbag.py:536} INFO - Filling up the DagBag from /home/airflow/.local/lib/python3.11/site-packages/airflow/example_dags/example_xcom.py
[2023-11-08T14:47:35.929+0000] {processor.py:839} INFO - DAG(s) dict_keys(['example_xcom']) retrieved from /home/airflow/.local/lib/python3.11/site-packages/airflow/example_dags/example_xcom.py
[2023-11-08T14:47:35.952+0000] {logging_mixin.py:154} INFO - [2023-11-08T14:47:35.952+0000] {dag.py:2941} INFO - Sync 1 DAGs
[2023-11-08T14:47:35.979+0000] {logging_mixin.py:154} INFO - [2023-11-08T14:47:35.979+0000] {dag.py:3722} INFO - Setting next_dagrun for example_xcom to 2021-01-01T00:00:00+00:00, run_after=2021-01-01T00:00:00+00:00
[2023-11-08T14:47:36.257+0000] {processor.py:179} INFO - Processing /home/airflow/.local/lib/python3.11/site-packages/airflow/example_dags/example_xcom.py took 0.350 seconds
[2023-11-08T14:48:07.080+0000] {processor.py:157} INFO - Started process (PID=4778) to work on /home/airflow/.local/lib/python3.11/site-packages/airflow/example_dags/example_xcom.py
[2023-11-08T14:48:07.081+0000] {processor.py:829} INFO - Processing file /home/airflow/.local/lib/python3.11/site-packages/airflow/example_dags/example_xcom.py for tasks to queue
[2023-11-08T14:48:07.082+0000] {logging_mixin.py:154} INFO - [2023-11-08T14:48:07.082+0000] {dagbag.py:536} INFO - Filling up the DagBag from /home/airflow/.local/lib/python3.11/site-packages/airflow/example_dags/example_xcom.py
[2023-11-08T14:48:07.088+0000] {processor.py:839} INFO - DAG(s) dict_keys(['example_xcom']) retrieved from /home/airflow/.local/lib/python3.11/site-packages/airflow/example_dags/example_xcom.py
[2023-11-08T14:48:07.106+0000] {logging_mixin.py:154} INFO - [2023-11-08T14:48:07.106+0000] {dag.py:2941} INFO - Sync 1 DAGs
[2023-11-08T14:48:07.123+0000] {logging_mixin.py:154} INFO - [2023-11-08T14:48:07.123+0000] {dag.py:3722} INFO - Setting next_dagrun for example_xcom to 2021-01-01T00:00:00+00:00, run_after=2021-01-01T00:00:00+00:00
[2023-11-08T14:48:07.154+0000] {processor.py:179} INFO - Processing /home/airflow/.local/lib/python3.11/site-packages/airflow/example_dags/example_xcom.py took 0.076 seconds
[2023-11-08T14:48:38.097+0000] {processor.py:157} INFO - Started process (PID=4862) to work on /home/airflow/.local/lib/python3.11/site-packages/airflow/example_dags/example_xcom.py
[2023-11-08T14:48:38.098+0000] {processor.py:829} INFO - Processing file /home/airflow/.local/lib/python3.11/site-packages/airflow/example_dags/example_xcom.py for tasks to queue
[2023-11-08T14:48:38.100+0000] {logging_mixin.py:154} INFO - [2023-11-08T14:48:38.100+0000] {dagbag.py:536} INFO - Filling up the DagBag from /home/airflow/.local/lib/python3.11/site-packages/airflow/example_dags/example_xcom.py
[2023-11-08T14:48:38.105+0000] {processor.py:839} INFO - DAG(s) dict_keys(['example_xcom']) retrieved from /home/airflow/.local/lib/python3.11/site-packages/airflow/example_dags/example_xcom.py
[2023-11-08T14:48:38.126+0000] {logging_mixin.py:154} INFO - [2023-11-08T14:48:38.126+0000] {dag.py:2941} INFO - Sync 1 DAGs
[2023-11-08T14:48:38.145+0000] {logging_mixin.py:154} INFO - [2023-11-08T14:48:38.145+0000] {dag.py:3722} INFO - Setting next_dagrun for example_xcom to 2021-01-01T00:00:00+00:00, run_after=2021-01-01T00:00:00+00:00
[2023-11-08T14:48:38.159+0000] {processor.py:179} INFO - Processing /home/airflow/.local/lib/python3.11/site-packages/airflow/example_dags/example_xcom.py took 0.065 seconds
[2023-11-08T14:49:09.229+0000] {processor.py:157} INFO - Started process (PID=4938) to work on /home/airflow/.local/lib/python3.11/site-packages/airflow/example_dags/example_xcom.py
[2023-11-08T14:49:09.230+0000] {processor.py:829} INFO - Processing file /home/airflow/.local/lib/python3.11/site-packages/airflow/example_dags/example_xcom.py for tasks to queue
[2023-11-08T14:49:09.232+0000] {logging_mixin.py:154} INFO - [2023-11-08T14:49:09.232+0000] {dagbag.py:536} INFO - Filling up the DagBag from /home/airflow/.local/lib/python3.11/site-packages/airflow/example_dags/example_xcom.py
[2023-11-08T14:49:09.241+0000] {processor.py:839} INFO - DAG(s) dict_keys(['example_xcom']) retrieved from /home/airflow/.local/lib/python3.11/site-packages/airflow/example_dags/example_xcom.py
[2023-11-08T14:49:09.270+0000] {logging_mixin.py:154} INFO - [2023-11-08T14:49:09.270+0000] {dag.py:2941} INFO - Sync 1 DAGs
[2023-11-08T14:49:09.727+0000] {logging_mixin.py:154} INFO - [2023-11-08T14:49:09.726+0000] {dag.py:3722} INFO - Setting next_dagrun for example_xcom to 2021-01-01T00:00:00+00:00, run_after=2021-01-01T00:00:00+00:00
[2023-11-08T14:49:09.757+0000] {processor.py:179} INFO - Processing /home/airflow/.local/lib/python3.11/site-packages/airflow/example_dags/example_xcom.py took 0.533 seconds
[2023-11-08T14:49:39.857+0000] {processor.py:157} INFO - Started process (PID=5014) to work on /home/airflow/.local/lib/python3.11/site-packages/airflow/example_dags/example_xcom.py
[2023-11-08T14:49:39.858+0000] {processor.py:829} INFO - Processing file /home/airflow/.local/lib/python3.11/site-packages/airflow/example_dags/example_xcom.py for tasks to queue
[2023-11-08T14:49:39.860+0000] {logging_mixin.py:154} INFO - [2023-11-08T14:49:39.860+0000] {dagbag.py:536} INFO - Filling up the DagBag from /home/airflow/.local/lib/python3.11/site-packages/airflow/example_dags/example_xcom.py
[2023-11-08T14:49:39.867+0000] {processor.py:839} INFO - DAG(s) dict_keys(['example_xcom']) retrieved from /home/airflow/.local/lib/python3.11/site-packages/airflow/example_dags/example_xcom.py
[2023-11-08T14:49:39.883+0000] {logging_mixin.py:154} INFO - [2023-11-08T14:49:39.883+0000] {dag.py:2941} INFO - Sync 1 DAGs
[2023-11-08T14:49:39.900+0000] {logging_mixin.py:154} INFO - [2023-11-08T14:49:39.900+0000] {dag.py:3722} INFO - Setting next_dagrun for example_xcom to 2021-01-01T00:00:00+00:00, run_after=2021-01-01T00:00:00+00:00
[2023-11-08T14:49:39.913+0000] {processor.py:179} INFO - Processing /home/airflow/.local/lib/python3.11/site-packages/airflow/example_dags/example_xcom.py took 0.058 seconds
[2023-11-08T14:50:10.093+0000] {processor.py:157} INFO - Started process (PID=5090) to work on /home/airflow/.local/lib/python3.11/site-packages/airflow/example_dags/example_xcom.py
[2023-11-08T14:50:10.094+0000] {processor.py:829} INFO - Processing file /home/airflow/.local/lib/python3.11/site-packages/airflow/example_dags/example_xcom.py for tasks to queue
[2023-11-08T14:50:10.095+0000] {logging_mixin.py:154} INFO - [2023-11-08T14:50:10.095+0000] {dagbag.py:536} INFO - Filling up the DagBag from /home/airflow/.local/lib/python3.11/site-packages/airflow/example_dags/example_xcom.py
[2023-11-08T14:50:10.101+0000] {processor.py:839} INFO - DAG(s) dict_keys(['example_xcom']) retrieved from /home/airflow/.local/lib/python3.11/site-packages/airflow/example_dags/example_xcom.py
[2023-11-08T14:50:10.117+0000] {logging_mixin.py:154} INFO - [2023-11-08T14:50:10.116+0000] {dag.py:2941} INFO - Sync 1 DAGs
[2023-11-08T14:50:10.132+0000] {logging_mixin.py:154} INFO - [2023-11-08T14:50:10.132+0000] {dag.py:3722} INFO - Setting next_dagrun for example_xcom to 2021-01-01T00:00:00+00:00, run_after=2021-01-01T00:00:00+00:00
[2023-11-08T14:50:10.145+0000] {processor.py:179} INFO - Processing /home/airflow/.local/lib/python3.11/site-packages/airflow/example_dags/example_xcom.py took 0.054 seconds
[2023-11-08T14:50:40.392+0000] {processor.py:157} INFO - Started process (PID=5166) to work on /home/airflow/.local/lib/python3.11/site-packages/airflow/example_dags/example_xcom.py
[2023-11-08T14:50:40.393+0000] {processor.py:829} INFO - Processing file /home/airflow/.local/lib/python3.11/site-packages/airflow/example_dags/example_xcom.py for tasks to queue
[2023-11-08T14:50:40.395+0000] {logging_mixin.py:154} INFO - [2023-11-08T14:50:40.394+0000] {dagbag.py:536} INFO - Filling up the DagBag from /home/airflow/.local/lib/python3.11/site-packages/airflow/example_dags/example_xcom.py
[2023-11-08T14:50:40.400+0000] {processor.py:839} INFO - DAG(s) dict_keys(['example_xcom']) retrieved from /home/airflow/.local/lib/python3.11/site-packages/airflow/example_dags/example_xcom.py
[2023-11-08T14:50:40.415+0000] {logging_mixin.py:154} INFO - [2023-11-08T14:50:40.415+0000] {dag.py:2941} INFO - Sync 1 DAGs
[2023-11-08T14:50:40.431+0000] {logging_mixin.py:154} INFO - [2023-11-08T14:50:40.431+0000] {dag.py:3722} INFO - Setting next_dagrun for example_xcom to 2021-01-01T00:00:00+00:00, run_after=2021-01-01T00:00:00+00:00
[2023-11-08T14:50:40.444+0000] {processor.py:179} INFO - Processing /home/airflow/.local/lib/python3.11/site-packages/airflow/example_dags/example_xcom.py took 0.054 seconds
[2023-11-08T14:51:10.675+0000] {processor.py:157} INFO - Started process (PID=5242) to work on /home/airflow/.local/lib/python3.11/site-packages/airflow/example_dags/example_xcom.py
[2023-11-08T14:51:10.676+0000] {processor.py:829} INFO - Processing file /home/airflow/.local/lib/python3.11/site-packages/airflow/example_dags/example_xcom.py for tasks to queue
[2023-11-08T14:51:10.677+0000] {logging_mixin.py:154} INFO - [2023-11-08T14:51:10.677+0000] {dagbag.py:536} INFO - Filling up the DagBag from /home/airflow/.local/lib/python3.11/site-packages/airflow/example_dags/example_xcom.py
[2023-11-08T14:51:10.682+0000] {processor.py:839} INFO - DAG(s) dict_keys(['example_xcom']) retrieved from /home/airflow/.local/lib/python3.11/site-packages/airflow/example_dags/example_xcom.py
[2023-11-08T14:51:10.698+0000] {logging_mixin.py:154} INFO - [2023-11-08T14:51:10.697+0000] {dag.py:2941} INFO - Sync 1 DAGs
[2023-11-08T14:51:10.714+0000] {logging_mixin.py:154} INFO - [2023-11-08T14:51:10.714+0000] {dag.py:3722} INFO - Setting next_dagrun for example_xcom to 2021-01-01T00:00:00+00:00, run_after=2021-01-01T00:00:00+00:00
[2023-11-08T14:51:10.726+0000] {processor.py:179} INFO - Processing /home/airflow/.local/lib/python3.11/site-packages/airflow/example_dags/example_xcom.py took 0.054 seconds
[2023-11-08T14:51:41.410+0000] {processor.py:157} INFO - Started process (PID=5318) to work on /home/airflow/.local/lib/python3.11/site-packages/airflow/example_dags/example_xcom.py
[2023-11-08T14:51:41.411+0000] {processor.py:829} INFO - Processing file /home/airflow/.local/lib/python3.11/site-packages/airflow/example_dags/example_xcom.py for tasks to queue
[2023-11-08T14:51:41.414+0000] {logging_mixin.py:154} INFO - [2023-11-08T14:51:41.413+0000] {dagbag.py:536} INFO - Filling up the DagBag from /home/airflow/.local/lib/python3.11/site-packages/airflow/example_dags/example_xcom.py
[2023-11-08T14:51:41.420+0000] {processor.py:839} INFO - DAG(s) dict_keys(['example_xcom']) retrieved from /home/airflow/.local/lib/python3.11/site-packages/airflow/example_dags/example_xcom.py
[2023-11-08T14:51:41.465+0000] {logging_mixin.py:154} INFO - [2023-11-08T14:51:41.465+0000] {dag.py:2941} INFO - Sync 1 DAGs
[2023-11-08T14:51:41.512+0000] {logging_mixin.py:154} INFO - [2023-11-08T14:51:41.512+0000] {dag.py:3722} INFO - Setting next_dagrun for example_xcom to 2021-01-01T00:00:00+00:00, run_after=2021-01-01T00:00:00+00:00
[2023-11-08T14:51:41.537+0000] {processor.py:179} INFO - Processing /home/airflow/.local/lib/python3.11/site-packages/airflow/example_dags/example_xcom.py took 0.130 seconds
[2023-11-08T14:52:12.340+0000] {processor.py:157} INFO - Started process (PID=5394) to work on /home/airflow/.local/lib/python3.11/site-packages/airflow/example_dags/example_xcom.py
[2023-11-08T14:52:12.341+0000] {processor.py:829} INFO - Processing file /home/airflow/.local/lib/python3.11/site-packages/airflow/example_dags/example_xcom.py for tasks to queue
[2023-11-08T14:52:12.343+0000] {logging_mixin.py:154} INFO - [2023-11-08T14:52:12.343+0000] {dagbag.py:536} INFO - Filling up the DagBag from /home/airflow/.local/lib/python3.11/site-packages/airflow/example_dags/example_xcom.py
[2023-11-08T14:52:12.350+0000] {processor.py:839} INFO - DAG(s) dict_keys(['example_xcom']) retrieved from /home/airflow/.local/lib/python3.11/site-packages/airflow/example_dags/example_xcom.py
[2023-11-08T14:52:12.373+0000] {logging_mixin.py:154} INFO - [2023-11-08T14:52:12.373+0000] {dag.py:2941} INFO - Sync 1 DAGs
[2023-11-08T14:52:12.397+0000] {logging_mixin.py:154} INFO - [2023-11-08T14:52:12.397+0000] {dag.py:3722} INFO - Setting next_dagrun for example_xcom to 2021-01-01T00:00:00+00:00, run_after=2021-01-01T00:00:00+00:00
[2023-11-08T14:52:12.416+0000] {processor.py:179} INFO - Processing /home/airflow/.local/lib/python3.11/site-packages/airflow/example_dags/example_xcom.py took 0.078 seconds
