[2023-11-08T14:16:19.481+0000] {processor.py:157} INFO - Started process (PID=75) to work on /home/airflow/.local/lib/python3.11/site-packages/airflow/example_dags/tutorial.py
[2023-11-08T14:16:19.484+0000] {processor.py:829} INFO - Processing file /home/airflow/.local/lib/python3.11/site-packages/airflow/example_dags/tutorial.py for tasks to queue
[2023-11-08T14:16:19.492+0000] {logging_mixin.py:154} INFO - [2023-11-08T14:16:19.491+0000] {dagbag.py:536} INFO - Filling up the DagBag from /home/airflow/.local/lib/python3.11/site-packages/airflow/example_dags/tutorial.py
[2023-11-08T14:16:19.528+0000] {processor.py:839} INFO - DAG(s) dict_keys(['tutorial']) retrieved from /home/airflow/.local/lib/python3.11/site-packages/airflow/example_dags/tutorial.py
[2023-11-08T14:16:20.012+0000] {logging_mixin.py:154} INFO - [2023-11-08T14:16:20.012+0000] {manager.py:499} INFO - Created Permission View: %s
[2023-11-08T14:16:20.044+0000] {logging_mixin.py:154} INFO - [2023-11-08T14:16:20.043+0000] {manager.py:499} INFO - Created Permission View: %s
[2023-11-08T14:16:20.068+0000] {logging_mixin.py:154} INFO - [2023-11-08T14:16:20.068+0000] {manager.py:499} INFO - Created Permission View: %s
[2023-11-08T14:16:20.070+0000] {logging_mixin.py:154} INFO - [2023-11-08T14:16:20.069+0000] {dag.py:2941} INFO - Sync 1 DAGs
[2023-11-08T14:16:20.128+0000] {logging_mixin.py:154} INFO - [2023-11-08T14:16:20.127+0000] {dag.py:2963} INFO - Creating ORM DAG for tutorial
[2023-11-08T14:16:20.173+0000] {logging_mixin.py:154} INFO - [2023-11-08T14:16:20.172+0000] {dag.py:3722} INFO - Setting next_dagrun for tutorial to 2023-11-07T14:16:20.171930+00:00, run_after=2023-11-08T14:16:20.171930+00:00
[2023-11-08T14:16:20.246+0000] {processor.py:179} INFO - Processing /home/airflow/.local/lib/python3.11/site-packages/airflow/example_dags/tutorial.py took 0.775 seconds
[2023-11-08T14:16:50.470+0000] {processor.py:157} INFO - Started process (PID=151) to work on /home/airflow/.local/lib/python3.11/site-packages/airflow/example_dags/tutorial.py
[2023-11-08T14:16:50.473+0000] {processor.py:829} INFO - Processing file /home/airflow/.local/lib/python3.11/site-packages/airflow/example_dags/tutorial.py for tasks to queue
[2023-11-08T14:16:50.476+0000] {logging_mixin.py:154} INFO - [2023-11-08T14:16:50.476+0000] {dagbag.py:536} INFO - Filling up the DagBag from /home/airflow/.local/lib/python3.11/site-packages/airflow/example_dags/tutorial.py
[2023-11-08T14:16:50.487+0000] {processor.py:839} INFO - DAG(s) dict_keys(['tutorial']) retrieved from /home/airflow/.local/lib/python3.11/site-packages/airflow/example_dags/tutorial.py
[2023-11-08T14:16:50.520+0000] {logging_mixin.py:154} INFO - [2023-11-08T14:16:50.520+0000] {dag.py:2941} INFO - Sync 1 DAGs
[2023-11-08T14:16:50.561+0000] {logging_mixin.py:154} INFO - [2023-11-08T14:16:50.561+0000] {dag.py:3722} INFO - Setting next_dagrun for tutorial to 2023-11-07T14:16:50.560519+00:00, run_after=2023-11-08T14:16:50.560519+00:00
[2023-11-08T14:16:50.602+0000] {processor.py:179} INFO - Processing /home/airflow/.local/lib/python3.11/site-packages/airflow/example_dags/tutorial.py took 0.136 seconds
[2023-11-08T14:17:21.230+0000] {processor.py:157} INFO - Started process (PID=227) to work on /home/airflow/.local/lib/python3.11/site-packages/airflow/example_dags/tutorial.py
[2023-11-08T14:17:21.231+0000] {processor.py:829} INFO - Processing file /home/airflow/.local/lib/python3.11/site-packages/airflow/example_dags/tutorial.py for tasks to queue
[2023-11-08T14:17:21.234+0000] {logging_mixin.py:154} INFO - [2023-11-08T14:17:21.233+0000] {dagbag.py:536} INFO - Filling up the DagBag from /home/airflow/.local/lib/python3.11/site-packages/airflow/example_dags/tutorial.py
[2023-11-08T14:17:21.243+0000] {processor.py:839} INFO - DAG(s) dict_keys(['tutorial']) retrieved from /home/airflow/.local/lib/python3.11/site-packages/airflow/example_dags/tutorial.py
[2023-11-08T14:17:21.275+0000] {logging_mixin.py:154} INFO - [2023-11-08T14:17:21.274+0000] {dag.py:2941} INFO - Sync 1 DAGs
[2023-11-08T14:17:21.315+0000] {logging_mixin.py:154} INFO - [2023-11-08T14:17:21.314+0000] {dag.py:3722} INFO - Setting next_dagrun for tutorial to 2023-11-07T14:17:21.314276+00:00, run_after=2023-11-08T14:17:21.314276+00:00
[2023-11-08T14:17:21.348+0000] {processor.py:179} INFO - Processing /home/airflow/.local/lib/python3.11/site-packages/airflow/example_dags/tutorial.py took 0.122 seconds
[2023-11-08T14:17:52.327+0000] {processor.py:157} INFO - Started process (PID=303) to work on /home/airflow/.local/lib/python3.11/site-packages/airflow/example_dags/tutorial.py
[2023-11-08T14:17:52.329+0000] {processor.py:829} INFO - Processing file /home/airflow/.local/lib/python3.11/site-packages/airflow/example_dags/tutorial.py for tasks to queue
[2023-11-08T14:17:52.333+0000] {logging_mixin.py:154} INFO - [2023-11-08T14:17:52.332+0000] {dagbag.py:536} INFO - Filling up the DagBag from /home/airflow/.local/lib/python3.11/site-packages/airflow/example_dags/tutorial.py
[2023-11-08T14:17:52.343+0000] {processor.py:839} INFO - DAG(s) dict_keys(['tutorial']) retrieved from /home/airflow/.local/lib/python3.11/site-packages/airflow/example_dags/tutorial.py
[2023-11-08T14:17:52.377+0000] {logging_mixin.py:154} INFO - [2023-11-08T14:17:52.377+0000] {dag.py:2941} INFO - Sync 1 DAGs
[2023-11-08T14:17:52.418+0000] {logging_mixin.py:154} INFO - [2023-11-08T14:17:52.418+0000] {dag.py:3722} INFO - Setting next_dagrun for tutorial to 2023-11-07T14:17:52.418016+00:00, run_after=2023-11-08T14:17:52.418016+00:00
[2023-11-08T14:17:52.451+0000] {processor.py:179} INFO - Processing /home/airflow/.local/lib/python3.11/site-packages/airflow/example_dags/tutorial.py took 0.129 seconds
[2023-11-08T14:18:23.591+0000] {processor.py:157} INFO - Started process (PID=379) to work on /home/airflow/.local/lib/python3.11/site-packages/airflow/example_dags/tutorial.py
[2023-11-08T14:18:23.592+0000] {processor.py:829} INFO - Processing file /home/airflow/.local/lib/python3.11/site-packages/airflow/example_dags/tutorial.py for tasks to queue
[2023-11-08T14:18:23.597+0000] {logging_mixin.py:154} INFO - [2023-11-08T14:18:23.596+0000] {dagbag.py:536} INFO - Filling up the DagBag from /home/airflow/.local/lib/python3.11/site-packages/airflow/example_dags/tutorial.py
[2023-11-08T14:18:23.608+0000] {processor.py:839} INFO - DAG(s) dict_keys(['tutorial']) retrieved from /home/airflow/.local/lib/python3.11/site-packages/airflow/example_dags/tutorial.py
[2023-11-08T14:18:23.646+0000] {logging_mixin.py:154} INFO - [2023-11-08T14:18:23.646+0000] {dag.py:2941} INFO - Sync 1 DAGs
[2023-11-08T14:18:23.688+0000] {logging_mixin.py:154} INFO - [2023-11-08T14:18:23.688+0000] {dag.py:3722} INFO - Setting next_dagrun for tutorial to 2023-11-07T14:18:23.688129+00:00, run_after=2023-11-08T14:18:23.688129+00:00
[2023-11-08T14:18:23.757+0000] {processor.py:179} INFO - Processing /home/airflow/.local/lib/python3.11/site-packages/airflow/example_dags/tutorial.py took 0.172 seconds
[2023-11-08T14:18:53.997+0000] {processor.py:157} INFO - Started process (PID=455) to work on /home/airflow/.local/lib/python3.11/site-packages/airflow/example_dags/tutorial.py
[2023-11-08T14:18:53.998+0000] {processor.py:829} INFO - Processing file /home/airflow/.local/lib/python3.11/site-packages/airflow/example_dags/tutorial.py for tasks to queue
[2023-11-08T14:18:54.001+0000] {logging_mixin.py:154} INFO - [2023-11-08T14:18:54.001+0000] {dagbag.py:536} INFO - Filling up the DagBag from /home/airflow/.local/lib/python3.11/site-packages/airflow/example_dags/tutorial.py
[2023-11-08T14:18:54.009+0000] {processor.py:839} INFO - DAG(s) dict_keys(['tutorial']) retrieved from /home/airflow/.local/lib/python3.11/site-packages/airflow/example_dags/tutorial.py
[2023-11-08T14:18:54.043+0000] {logging_mixin.py:154} INFO - [2023-11-08T14:18:54.042+0000] {dag.py:2941} INFO - Sync 1 DAGs
[2023-11-08T14:18:54.081+0000] {logging_mixin.py:154} INFO - [2023-11-08T14:18:54.080+0000] {dag.py:3722} INFO - Setting next_dagrun for tutorial to 2023-11-07T14:18:54.080400+00:00, run_after=2023-11-08T14:18:54.080400+00:00
[2023-11-08T14:18:54.114+0000] {processor.py:179} INFO - Processing /home/airflow/.local/lib/python3.11/site-packages/airflow/example_dags/tutorial.py took 0.122 seconds
[2023-11-08T14:19:35.110+0000] {processor.py:157} INFO - Started process (PID=538) to work on /home/airflow/.local/lib/python3.11/site-packages/airflow/example_dags/tutorial.py
[2023-11-08T14:19:35.113+0000] {processor.py:829} INFO - Processing file /home/airflow/.local/lib/python3.11/site-packages/airflow/example_dags/tutorial.py for tasks to queue
[2023-11-08T14:19:35.120+0000] {logging_mixin.py:154} INFO - [2023-11-08T14:19:35.118+0000] {dagbag.py:536} INFO - Filling up the DagBag from /home/airflow/.local/lib/python3.11/site-packages/airflow/example_dags/tutorial.py
[2023-11-08T14:19:35.155+0000] {processor.py:839} INFO - DAG(s) dict_keys(['tutorial']) retrieved from /home/airflow/.local/lib/python3.11/site-packages/airflow/example_dags/tutorial.py
[2023-11-08T14:19:35.252+0000] {logging_mixin.py:154} INFO - [2023-11-08T14:19:35.251+0000] {dag.py:2941} INFO - Sync 1 DAGs
[2023-11-08T14:19:35.403+0000] {logging_mixin.py:154} INFO - [2023-11-08T14:19:35.402+0000] {dag.py:3722} INFO - Setting next_dagrun for tutorial to 2023-11-07T14:19:35.399116+00:00, run_after=2023-11-08T14:19:35.399116+00:00
[2023-11-08T14:19:35.514+0000] {processor.py:179} INFO - Processing /home/airflow/.local/lib/python3.11/site-packages/airflow/example_dags/tutorial.py took 0.418 seconds
[2023-11-08T14:20:05.702+0000] {processor.py:157} INFO - Started process (PID=613) to work on /home/airflow/.local/lib/python3.11/site-packages/airflow/example_dags/tutorial.py
[2023-11-08T14:20:05.704+0000] {processor.py:829} INFO - Processing file /home/airflow/.local/lib/python3.11/site-packages/airflow/example_dags/tutorial.py for tasks to queue
[2023-11-08T14:20:05.707+0000] {logging_mixin.py:154} INFO - [2023-11-08T14:20:05.706+0000] {dagbag.py:536} INFO - Filling up the DagBag from /home/airflow/.local/lib/python3.11/site-packages/airflow/example_dags/tutorial.py
[2023-11-08T14:20:05.717+0000] {processor.py:839} INFO - DAG(s) dict_keys(['tutorial']) retrieved from /home/airflow/.local/lib/python3.11/site-packages/airflow/example_dags/tutorial.py
[2023-11-08T14:20:05.777+0000] {logging_mixin.py:154} INFO - [2023-11-08T14:20:05.777+0000] {dag.py:2941} INFO - Sync 1 DAGs
[2023-11-08T14:20:05.845+0000] {logging_mixin.py:154} INFO - [2023-11-08T14:20:05.844+0000] {dag.py:3722} INFO - Setting next_dagrun for tutorial to 2023-11-07T14:20:05.843956+00:00, run_after=2023-11-08T14:20:05.843956+00:00
[2023-11-08T14:20:05.895+0000] {processor.py:179} INFO - Processing /home/airflow/.local/lib/python3.11/site-packages/airflow/example_dags/tutorial.py took 0.197 seconds
[2023-11-08T14:20:36.149+0000] {processor.py:157} INFO - Started process (PID=689) to work on /home/airflow/.local/lib/python3.11/site-packages/airflow/example_dags/tutorial.py
[2023-11-08T14:20:36.150+0000] {processor.py:829} INFO - Processing file /home/airflow/.local/lib/python3.11/site-packages/airflow/example_dags/tutorial.py for tasks to queue
[2023-11-08T14:20:36.153+0000] {logging_mixin.py:154} INFO - [2023-11-08T14:20:36.153+0000] {dagbag.py:536} INFO - Filling up the DagBag from /home/airflow/.local/lib/python3.11/site-packages/airflow/example_dags/tutorial.py
[2023-11-08T14:20:36.163+0000] {processor.py:839} INFO - DAG(s) dict_keys(['tutorial']) retrieved from /home/airflow/.local/lib/python3.11/site-packages/airflow/example_dags/tutorial.py
[2023-11-08T14:20:36.199+0000] {logging_mixin.py:154} INFO - [2023-11-08T14:20:36.199+0000] {dag.py:2941} INFO - Sync 1 DAGs
[2023-11-08T14:20:36.249+0000] {logging_mixin.py:154} INFO - [2023-11-08T14:20:36.248+0000] {dag.py:3722} INFO - Setting next_dagrun for tutorial to 2023-11-07T14:20:36.248176+00:00, run_after=2023-11-08T14:20:36.248176+00:00
[2023-11-08T14:20:36.296+0000] {processor.py:179} INFO - Processing /home/airflow/.local/lib/python3.11/site-packages/airflow/example_dags/tutorial.py took 0.154 seconds
[2023-11-08T14:21:06.399+0000] {processor.py:157} INFO - Started process (PID=765) to work on /home/airflow/.local/lib/python3.11/site-packages/airflow/example_dags/tutorial.py
[2023-11-08T14:21:06.401+0000] {processor.py:829} INFO - Processing file /home/airflow/.local/lib/python3.11/site-packages/airflow/example_dags/tutorial.py for tasks to queue
[2023-11-08T14:21:06.406+0000] {logging_mixin.py:154} INFO - [2023-11-08T14:21:06.405+0000] {dagbag.py:536} INFO - Filling up the DagBag from /home/airflow/.local/lib/python3.11/site-packages/airflow/example_dags/tutorial.py
[2023-11-08T14:21:06.427+0000] {processor.py:839} INFO - DAG(s) dict_keys(['tutorial']) retrieved from /home/airflow/.local/lib/python3.11/site-packages/airflow/example_dags/tutorial.py
[2023-11-08T14:21:06.486+0000] {logging_mixin.py:154} INFO - [2023-11-08T14:21:06.486+0000] {dag.py:2941} INFO - Sync 1 DAGs
[2023-11-08T14:21:06.557+0000] {logging_mixin.py:154} INFO - [2023-11-08T14:21:06.555+0000] {dag.py:3722} INFO - Setting next_dagrun for tutorial to 2023-11-07T14:21:06.555200+00:00, run_after=2023-11-08T14:21:06.555200+00:00
[2023-11-08T14:21:06.616+0000] {processor.py:179} INFO - Processing /home/airflow/.local/lib/python3.11/site-packages/airflow/example_dags/tutorial.py took 0.229 seconds
[2023-11-08T14:21:36.791+0000] {processor.py:157} INFO - Started process (PID=841) to work on /home/airflow/.local/lib/python3.11/site-packages/airflow/example_dags/tutorial.py
[2023-11-08T14:21:36.794+0000] {processor.py:829} INFO - Processing file /home/airflow/.local/lib/python3.11/site-packages/airflow/example_dags/tutorial.py for tasks to queue
[2023-11-08T14:21:36.798+0000] {logging_mixin.py:154} INFO - [2023-11-08T14:21:36.797+0000] {dagbag.py:536} INFO - Filling up the DagBag from /home/airflow/.local/lib/python3.11/site-packages/airflow/example_dags/tutorial.py
[2023-11-08T14:21:36.809+0000] {processor.py:839} INFO - DAG(s) dict_keys(['tutorial']) retrieved from /home/airflow/.local/lib/python3.11/site-packages/airflow/example_dags/tutorial.py
[2023-11-08T14:21:36.852+0000] {logging_mixin.py:154} INFO - [2023-11-08T14:21:36.851+0000] {dag.py:2941} INFO - Sync 1 DAGs
[2023-11-08T14:21:36.901+0000] {logging_mixin.py:154} INFO - [2023-11-08T14:21:36.900+0000] {dag.py:3722} INFO - Setting next_dagrun for tutorial to 2023-11-07T14:21:36.900069+00:00, run_after=2023-11-08T14:21:36.900069+00:00
[2023-11-08T14:21:36.945+0000] {processor.py:179} INFO - Processing /home/airflow/.local/lib/python3.11/site-packages/airflow/example_dags/tutorial.py took 0.159 seconds
[2023-11-08T14:22:07.136+0000] {processor.py:157} INFO - Started process (PID=917) to work on /home/airflow/.local/lib/python3.11/site-packages/airflow/example_dags/tutorial.py
[2023-11-08T14:22:07.137+0000] {processor.py:829} INFO - Processing file /home/airflow/.local/lib/python3.11/site-packages/airflow/example_dags/tutorial.py for tasks to queue
[2023-11-08T14:22:07.140+0000] {logging_mixin.py:154} INFO - [2023-11-08T14:22:07.140+0000] {dagbag.py:536} INFO - Filling up the DagBag from /home/airflow/.local/lib/python3.11/site-packages/airflow/example_dags/tutorial.py
[2023-11-08T14:22:07.151+0000] {processor.py:839} INFO - DAG(s) dict_keys(['tutorial']) retrieved from /home/airflow/.local/lib/python3.11/site-packages/airflow/example_dags/tutorial.py
[2023-11-08T14:22:07.185+0000] {logging_mixin.py:154} INFO - [2023-11-08T14:22:07.184+0000] {dag.py:2941} INFO - Sync 1 DAGs
[2023-11-08T14:22:07.231+0000] {logging_mixin.py:154} INFO - [2023-11-08T14:22:07.230+0000] {dag.py:3722} INFO - Setting next_dagrun for tutorial to 2023-11-07T14:22:07.230503+00:00, run_after=2023-11-08T14:22:07.230503+00:00
[2023-11-08T14:22:07.265+0000] {processor.py:179} INFO - Processing /home/airflow/.local/lib/python3.11/site-packages/airflow/example_dags/tutorial.py took 0.134 seconds
[2023-11-08T14:22:37.356+0000] {processor.py:157} INFO - Started process (PID=993) to work on /home/airflow/.local/lib/python3.11/site-packages/airflow/example_dags/tutorial.py
[2023-11-08T14:22:37.358+0000] {processor.py:829} INFO - Processing file /home/airflow/.local/lib/python3.11/site-packages/airflow/example_dags/tutorial.py for tasks to queue
[2023-11-08T14:22:37.361+0000] {logging_mixin.py:154} INFO - [2023-11-08T14:22:37.360+0000] {dagbag.py:536} INFO - Filling up the DagBag from /home/airflow/.local/lib/python3.11/site-packages/airflow/example_dags/tutorial.py
[2023-11-08T14:22:37.373+0000] {processor.py:839} INFO - DAG(s) dict_keys(['tutorial']) retrieved from /home/airflow/.local/lib/python3.11/site-packages/airflow/example_dags/tutorial.py
[2023-11-08T14:22:37.417+0000] {logging_mixin.py:154} INFO - [2023-11-08T14:22:37.416+0000] {dag.py:2941} INFO - Sync 1 DAGs
[2023-11-08T14:22:37.473+0000] {logging_mixin.py:154} INFO - [2023-11-08T14:22:37.473+0000] {dag.py:3722} INFO - Setting next_dagrun for tutorial to 2023-11-07T14:22:37.472580+00:00, run_after=2023-11-08T14:22:37.472580+00:00
[2023-11-08T14:22:37.509+0000] {processor.py:179} INFO - Processing /home/airflow/.local/lib/python3.11/site-packages/airflow/example_dags/tutorial.py took 0.159 seconds
[2023-11-08T14:23:07.976+0000] {processor.py:157} INFO - Started process (PID=1069) to work on /home/airflow/.local/lib/python3.11/site-packages/airflow/example_dags/tutorial.py
[2023-11-08T14:23:07.978+0000] {processor.py:829} INFO - Processing file /home/airflow/.local/lib/python3.11/site-packages/airflow/example_dags/tutorial.py for tasks to queue
[2023-11-08T14:23:07.989+0000] {logging_mixin.py:154} INFO - [2023-11-08T14:23:07.986+0000] {dagbag.py:536} INFO - Filling up the DagBag from /home/airflow/.local/lib/python3.11/site-packages/airflow/example_dags/tutorial.py
[2023-11-08T14:23:08.011+0000] {processor.py:839} INFO - DAG(s) dict_keys(['tutorial']) retrieved from /home/airflow/.local/lib/python3.11/site-packages/airflow/example_dags/tutorial.py
[2023-11-08T14:23:08.072+0000] {logging_mixin.py:154} INFO - [2023-11-08T14:23:08.071+0000] {dag.py:2941} INFO - Sync 1 DAGs
[2023-11-08T14:23:08.154+0000] {logging_mixin.py:154} INFO - [2023-11-08T14:23:08.153+0000] {dag.py:3722} INFO - Setting next_dagrun for tutorial to 2023-11-07T14:23:08.153009+00:00, run_after=2023-11-08T14:23:08.153009+00:00
[2023-11-08T14:23:08.229+0000] {processor.py:179} INFO - Processing /home/airflow/.local/lib/python3.11/site-packages/airflow/example_dags/tutorial.py took 0.265 seconds
[2023-11-08T14:23:50.561+0000] {processor.py:157} INFO - Started process (PID=1145) to work on /home/airflow/.local/lib/python3.11/site-packages/airflow/example_dags/tutorial.py
[2023-11-08T14:23:50.573+0000] {processor.py:829} INFO - Processing file /home/airflow/.local/lib/python3.11/site-packages/airflow/example_dags/tutorial.py for tasks to queue
[2023-11-08T14:23:50.578+0000] {logging_mixin.py:154} INFO - [2023-11-08T14:23:50.578+0000] {dagbag.py:536} INFO - Filling up the DagBag from /home/airflow/.local/lib/python3.11/site-packages/airflow/example_dags/tutorial.py
[2023-11-08T14:23:50.678+0000] {processor.py:839} INFO - DAG(s) dict_keys(['tutorial']) retrieved from /home/airflow/.local/lib/python3.11/site-packages/airflow/example_dags/tutorial.py
[2023-11-08T14:23:51.040+0000] {logging_mixin.py:154} INFO - [2023-11-08T14:23:51.039+0000] {dag.py:2941} INFO - Sync 1 DAGs
[2023-11-08T14:23:51.460+0000] {logging_mixin.py:154} INFO - [2023-11-08T14:23:51.459+0000] {dag.py:3722} INFO - Setting next_dagrun for tutorial to 2023-11-07T14:23:51.452835+00:00, run_after=2023-11-08T14:23:51.452835+00:00
[2023-11-08T14:23:51.612+0000] {processor.py:179} INFO - Processing /home/airflow/.local/lib/python3.11/site-packages/airflow/example_dags/tutorial.py took 1.065 seconds
[2023-11-08T14:24:25.933+0000] {processor.py:157} INFO - Started process (PID=1221) to work on /home/airflow/.local/lib/python3.11/site-packages/airflow/example_dags/tutorial.py
[2023-11-08T14:24:25.944+0000] {processor.py:829} INFO - Processing file /home/airflow/.local/lib/python3.11/site-packages/airflow/example_dags/tutorial.py for tasks to queue
[2023-11-08T14:24:25.949+0000] {logging_mixin.py:154} INFO - [2023-11-08T14:24:25.949+0000] {dagbag.py:536} INFO - Filling up the DagBag from /home/airflow/.local/lib/python3.11/site-packages/airflow/example_dags/tutorial.py
[2023-11-08T14:24:25.975+0000] {processor.py:839} INFO - DAG(s) dict_keys(['tutorial']) retrieved from /home/airflow/.local/lib/python3.11/site-packages/airflow/example_dags/tutorial.py
[2023-11-08T14:24:26.170+0000] {logging_mixin.py:154} INFO - [2023-11-08T14:24:26.169+0000] {dag.py:2941} INFO - Sync 1 DAGs
[2023-11-08T14:24:26.355+0000] {logging_mixin.py:154} INFO - [2023-11-08T14:24:26.352+0000] {dag.py:3722} INFO - Setting next_dagrun for tutorial to 2023-11-07T14:24:26.336316+00:00, run_after=2023-11-08T14:24:26.336316+00:00
[2023-11-08T14:24:26.631+0000] {processor.py:179} INFO - Processing /home/airflow/.local/lib/python3.11/site-packages/airflow/example_dags/tutorial.py took 0.710 seconds
[2023-11-08T14:24:57.236+0000] {processor.py:157} INFO - Started process (PID=1297) to work on /home/airflow/.local/lib/python3.11/site-packages/airflow/example_dags/tutorial.py
[2023-11-08T14:24:57.239+0000] {processor.py:829} INFO - Processing file /home/airflow/.local/lib/python3.11/site-packages/airflow/example_dags/tutorial.py for tasks to queue
[2023-11-08T14:24:57.243+0000] {logging_mixin.py:154} INFO - [2023-11-08T14:24:57.243+0000] {dagbag.py:536} INFO - Filling up the DagBag from /home/airflow/.local/lib/python3.11/site-packages/airflow/example_dags/tutorial.py
[2023-11-08T14:24:57.253+0000] {processor.py:839} INFO - DAG(s) dict_keys(['tutorial']) retrieved from /home/airflow/.local/lib/python3.11/site-packages/airflow/example_dags/tutorial.py
[2023-11-08T14:24:57.294+0000] {logging_mixin.py:154} INFO - [2023-11-08T14:24:57.293+0000] {dag.py:2941} INFO - Sync 1 DAGs
[2023-11-08T14:24:57.352+0000] {logging_mixin.py:154} INFO - [2023-11-08T14:24:57.351+0000] {dag.py:3722} INFO - Setting next_dagrun for tutorial to 2023-11-07T14:24:57.351138+00:00, run_after=2023-11-08T14:24:57.351138+00:00
[2023-11-08T14:24:57.400+0000] {processor.py:179} INFO - Processing /home/airflow/.local/lib/python3.11/site-packages/airflow/example_dags/tutorial.py took 0.171 seconds
[2023-11-08T14:25:27.450+0000] {processor.py:157} INFO - Started process (PID=1373) to work on /home/airflow/.local/lib/python3.11/site-packages/airflow/example_dags/tutorial.py
[2023-11-08T14:25:27.452+0000] {processor.py:829} INFO - Processing file /home/airflow/.local/lib/python3.11/site-packages/airflow/example_dags/tutorial.py for tasks to queue
[2023-11-08T14:25:27.455+0000] {logging_mixin.py:154} INFO - [2023-11-08T14:25:27.454+0000] {dagbag.py:536} INFO - Filling up the DagBag from /home/airflow/.local/lib/python3.11/site-packages/airflow/example_dags/tutorial.py
[2023-11-08T14:25:27.464+0000] {processor.py:839} INFO - DAG(s) dict_keys(['tutorial']) retrieved from /home/airflow/.local/lib/python3.11/site-packages/airflow/example_dags/tutorial.py
[2023-11-08T14:25:27.513+0000] {logging_mixin.py:154} INFO - [2023-11-08T14:25:27.512+0000] {dag.py:2941} INFO - Sync 1 DAGs
[2023-11-08T14:25:27.559+0000] {logging_mixin.py:154} INFO - [2023-11-08T14:25:27.558+0000] {dag.py:3722} INFO - Setting next_dagrun for tutorial to 2023-11-07T14:25:27.558379+00:00, run_after=2023-11-08T14:25:27.558379+00:00
[2023-11-08T14:25:27.599+0000] {processor.py:179} INFO - Processing /home/airflow/.local/lib/python3.11/site-packages/airflow/example_dags/tutorial.py took 0.154 seconds
[2023-11-08T14:25:57.793+0000] {processor.py:157} INFO - Started process (PID=1449) to work on /home/airflow/.local/lib/python3.11/site-packages/airflow/example_dags/tutorial.py
[2023-11-08T14:25:57.795+0000] {processor.py:829} INFO - Processing file /home/airflow/.local/lib/python3.11/site-packages/airflow/example_dags/tutorial.py for tasks to queue
[2023-11-08T14:25:57.800+0000] {logging_mixin.py:154} INFO - [2023-11-08T14:25:57.799+0000] {dagbag.py:536} INFO - Filling up the DagBag from /home/airflow/.local/lib/python3.11/site-packages/airflow/example_dags/tutorial.py
[2023-11-08T14:25:57.816+0000] {processor.py:839} INFO - DAG(s) dict_keys(['tutorial']) retrieved from /home/airflow/.local/lib/python3.11/site-packages/airflow/example_dags/tutorial.py
[2023-11-08T14:25:57.860+0000] {logging_mixin.py:154} INFO - [2023-11-08T14:25:57.860+0000] {dag.py:2941} INFO - Sync 1 DAGs
[2023-11-08T14:25:57.917+0000] {logging_mixin.py:154} INFO - [2023-11-08T14:25:57.916+0000] {dag.py:3722} INFO - Setting next_dagrun for tutorial to 2023-11-07T14:25:57.916192+00:00, run_after=2023-11-08T14:25:57.916192+00:00
[2023-11-08T14:25:57.971+0000] {processor.py:179} INFO - Processing /home/airflow/.local/lib/python3.11/site-packages/airflow/example_dags/tutorial.py took 0.183 seconds
[2023-11-08T14:26:28.476+0000] {processor.py:157} INFO - Started process (PID=1525) to work on /home/airflow/.local/lib/python3.11/site-packages/airflow/example_dags/tutorial.py
[2023-11-08T14:26:28.477+0000] {processor.py:829} INFO - Processing file /home/airflow/.local/lib/python3.11/site-packages/airflow/example_dags/tutorial.py for tasks to queue
[2023-11-08T14:26:28.480+0000] {logging_mixin.py:154} INFO - [2023-11-08T14:26:28.479+0000] {dagbag.py:536} INFO - Filling up the DagBag from /home/airflow/.local/lib/python3.11/site-packages/airflow/example_dags/tutorial.py
[2023-11-08T14:26:28.489+0000] {processor.py:839} INFO - DAG(s) dict_keys(['tutorial']) retrieved from /home/airflow/.local/lib/python3.11/site-packages/airflow/example_dags/tutorial.py
[2023-11-08T14:26:28.522+0000] {logging_mixin.py:154} INFO - [2023-11-08T14:26:28.522+0000] {dag.py:2941} INFO - Sync 1 DAGs
[2023-11-08T14:26:28.565+0000] {logging_mixin.py:154} INFO - [2023-11-08T14:26:28.565+0000] {dag.py:3722} INFO - Setting next_dagrun for tutorial to 2023-11-07T14:26:28.565003+00:00, run_after=2023-11-08T14:26:28.565003+00:00
[2023-11-08T14:26:28.599+0000] {processor.py:179} INFO - Processing /home/airflow/.local/lib/python3.11/site-packages/airflow/example_dags/tutorial.py took 0.127 seconds
[2023-11-08T14:26:58.856+0000] {processor.py:157} INFO - Started process (PID=1601) to work on /home/airflow/.local/lib/python3.11/site-packages/airflow/example_dags/tutorial.py
[2023-11-08T14:26:58.858+0000] {processor.py:829} INFO - Processing file /home/airflow/.local/lib/python3.11/site-packages/airflow/example_dags/tutorial.py for tasks to queue
[2023-11-08T14:26:58.862+0000] {logging_mixin.py:154} INFO - [2023-11-08T14:26:58.861+0000] {dagbag.py:536} INFO - Filling up the DagBag from /home/airflow/.local/lib/python3.11/site-packages/airflow/example_dags/tutorial.py
[2023-11-08T14:26:58.871+0000] {processor.py:839} INFO - DAG(s) dict_keys(['tutorial']) retrieved from /home/airflow/.local/lib/python3.11/site-packages/airflow/example_dags/tutorial.py
[2023-11-08T14:26:58.908+0000] {logging_mixin.py:154} INFO - [2023-11-08T14:26:58.908+0000] {dag.py:2941} INFO - Sync 1 DAGs
[2023-11-08T14:26:58.950+0000] {logging_mixin.py:154} INFO - [2023-11-08T14:26:58.949+0000] {dag.py:3722} INFO - Setting next_dagrun for tutorial to 2023-11-07T14:26:58.949193+00:00, run_after=2023-11-08T14:26:58.949193+00:00
[2023-11-08T14:26:58.985+0000] {processor.py:179} INFO - Processing /home/airflow/.local/lib/python3.11/site-packages/airflow/example_dags/tutorial.py took 0.133 seconds
[2023-11-08T14:27:29.356+0000] {processor.py:157} INFO - Started process (PID=1677) to work on /home/airflow/.local/lib/python3.11/site-packages/airflow/example_dags/tutorial.py
[2023-11-08T14:27:29.358+0000] {processor.py:829} INFO - Processing file /home/airflow/.local/lib/python3.11/site-packages/airflow/example_dags/tutorial.py for tasks to queue
[2023-11-08T14:27:29.362+0000] {logging_mixin.py:154} INFO - [2023-11-08T14:27:29.361+0000] {dagbag.py:536} INFO - Filling up the DagBag from /home/airflow/.local/lib/python3.11/site-packages/airflow/example_dags/tutorial.py
[2023-11-08T14:27:29.369+0000] {processor.py:839} INFO - DAG(s) dict_keys(['tutorial']) retrieved from /home/airflow/.local/lib/python3.11/site-packages/airflow/example_dags/tutorial.py
[2023-11-08T14:27:29.403+0000] {logging_mixin.py:154} INFO - [2023-11-08T14:27:29.402+0000] {dag.py:2941} INFO - Sync 1 DAGs
[2023-11-08T14:27:29.449+0000] {logging_mixin.py:154} INFO - [2023-11-08T14:27:29.449+0000] {dag.py:3722} INFO - Setting next_dagrun for tutorial to 2023-11-07T14:27:29.448946+00:00, run_after=2023-11-08T14:27:29.448946+00:00
[2023-11-08T14:27:29.486+0000] {processor.py:179} INFO - Processing /home/airflow/.local/lib/python3.11/site-packages/airflow/example_dags/tutorial.py took 0.134 seconds
[2023-11-08T14:28:00.312+0000] {processor.py:157} INFO - Started process (PID=1753) to work on /home/airflow/.local/lib/python3.11/site-packages/airflow/example_dags/tutorial.py
[2023-11-08T14:28:00.315+0000] {processor.py:829} INFO - Processing file /home/airflow/.local/lib/python3.11/site-packages/airflow/example_dags/tutorial.py for tasks to queue
[2023-11-08T14:28:00.325+0000] {logging_mixin.py:154} INFO - [2023-11-08T14:28:00.324+0000] {dagbag.py:536} INFO - Filling up the DagBag from /home/airflow/.local/lib/python3.11/site-packages/airflow/example_dags/tutorial.py
[2023-11-08T14:28:00.345+0000] {processor.py:839} INFO - DAG(s) dict_keys(['tutorial']) retrieved from /home/airflow/.local/lib/python3.11/site-packages/airflow/example_dags/tutorial.py
[2023-11-08T14:28:00.399+0000] {logging_mixin.py:154} INFO - [2023-11-08T14:28:00.399+0000] {dag.py:2941} INFO - Sync 1 DAGs
[2023-11-08T14:28:00.473+0000] {logging_mixin.py:154} INFO - [2023-11-08T14:28:00.472+0000] {dag.py:3722} INFO - Setting next_dagrun for tutorial to 2023-11-07T14:28:00.472354+00:00, run_after=2023-11-08T14:28:00.472354+00:00
[2023-11-08T14:28:00.527+0000] {processor.py:179} INFO - Processing /home/airflow/.local/lib/python3.11/site-packages/airflow/example_dags/tutorial.py took 0.222 seconds
[2023-11-08T14:28:31.696+0000] {processor.py:157} INFO - Started process (PID=1829) to work on /home/airflow/.local/lib/python3.11/site-packages/airflow/example_dags/tutorial.py
[2023-11-08T14:28:31.697+0000] {processor.py:829} INFO - Processing file /home/airflow/.local/lib/python3.11/site-packages/airflow/example_dags/tutorial.py for tasks to queue
[2023-11-08T14:28:31.701+0000] {logging_mixin.py:154} INFO - [2023-11-08T14:28:31.701+0000] {dagbag.py:536} INFO - Filling up the DagBag from /home/airflow/.local/lib/python3.11/site-packages/airflow/example_dags/tutorial.py
[2023-11-08T14:28:31.717+0000] {processor.py:839} INFO - DAG(s) dict_keys(['tutorial']) retrieved from /home/airflow/.local/lib/python3.11/site-packages/airflow/example_dags/tutorial.py
[2023-11-08T14:28:31.786+0000] {logging_mixin.py:154} INFO - [2023-11-08T14:28:31.785+0000] {dag.py:2941} INFO - Sync 1 DAGs
[2023-11-08T14:28:31.864+0000] {logging_mixin.py:154} INFO - [2023-11-08T14:28:31.864+0000] {dag.py:3722} INFO - Setting next_dagrun for tutorial to 2023-11-07T14:28:31.863681+00:00, run_after=2023-11-08T14:28:31.863681+00:00
[2023-11-08T14:28:31.927+0000] {processor.py:179} INFO - Processing /home/airflow/.local/lib/python3.11/site-packages/airflow/example_dags/tutorial.py took 0.236 seconds
[2023-11-08T14:29:02.041+0000] {processor.py:157} INFO - Started process (PID=1905) to work on /home/airflow/.local/lib/python3.11/site-packages/airflow/example_dags/tutorial.py
[2023-11-08T14:29:02.043+0000] {processor.py:829} INFO - Processing file /home/airflow/.local/lib/python3.11/site-packages/airflow/example_dags/tutorial.py for tasks to queue
[2023-11-08T14:29:02.047+0000] {logging_mixin.py:154} INFO - [2023-11-08T14:29:02.047+0000] {dagbag.py:536} INFO - Filling up the DagBag from /home/airflow/.local/lib/python3.11/site-packages/airflow/example_dags/tutorial.py
[2023-11-08T14:29:02.057+0000] {processor.py:839} INFO - DAG(s) dict_keys(['tutorial']) retrieved from /home/airflow/.local/lib/python3.11/site-packages/airflow/example_dags/tutorial.py
[2023-11-08T14:29:02.096+0000] {logging_mixin.py:154} INFO - [2023-11-08T14:29:02.095+0000] {dag.py:2941} INFO - Sync 1 DAGs
[2023-11-08T14:29:02.141+0000] {logging_mixin.py:154} INFO - [2023-11-08T14:29:02.141+0000] {dag.py:3722} INFO - Setting next_dagrun for tutorial to 2023-11-07T14:29:02.140699+00:00, run_after=2023-11-08T14:29:02.140699+00:00
[2023-11-08T14:29:02.177+0000] {processor.py:179} INFO - Processing /home/airflow/.local/lib/python3.11/site-packages/airflow/example_dags/tutorial.py took 0.140 seconds
[2023-11-08T14:29:32.837+0000] {processor.py:157} INFO - Started process (PID=1981) to work on /home/airflow/.local/lib/python3.11/site-packages/airflow/example_dags/tutorial.py
[2023-11-08T14:29:32.839+0000] {processor.py:829} INFO - Processing file /home/airflow/.local/lib/python3.11/site-packages/airflow/example_dags/tutorial.py for tasks to queue
[2023-11-08T14:29:32.841+0000] {logging_mixin.py:154} INFO - [2023-11-08T14:29:32.841+0000] {dagbag.py:536} INFO - Filling up the DagBag from /home/airflow/.local/lib/python3.11/site-packages/airflow/example_dags/tutorial.py
[2023-11-08T14:29:32.849+0000] {processor.py:839} INFO - DAG(s) dict_keys(['tutorial']) retrieved from /home/airflow/.local/lib/python3.11/site-packages/airflow/example_dags/tutorial.py
[2023-11-08T14:29:32.882+0000] {logging_mixin.py:154} INFO - [2023-11-08T14:29:32.882+0000] {dag.py:2941} INFO - Sync 1 DAGs
[2023-11-08T14:29:32.928+0000] {logging_mixin.py:154} INFO - [2023-11-08T14:29:32.927+0000] {dag.py:3722} INFO - Setting next_dagrun for tutorial to 2023-11-07T14:29:32.927422+00:00, run_after=2023-11-08T14:29:32.927422+00:00
[2023-11-08T14:29:32.960+0000] {processor.py:179} INFO - Processing /home/airflow/.local/lib/python3.11/site-packages/airflow/example_dags/tutorial.py took 0.128 seconds
[2023-11-08T14:30:03.350+0000] {processor.py:157} INFO - Started process (PID=2057) to work on /home/airflow/.local/lib/python3.11/site-packages/airflow/example_dags/tutorial.py
[2023-11-08T14:30:03.352+0000] {processor.py:829} INFO - Processing file /home/airflow/.local/lib/python3.11/site-packages/airflow/example_dags/tutorial.py for tasks to queue
[2023-11-08T14:30:03.357+0000] {logging_mixin.py:154} INFO - [2023-11-08T14:30:03.356+0000] {dagbag.py:536} INFO - Filling up the DagBag from /home/airflow/.local/lib/python3.11/site-packages/airflow/example_dags/tutorial.py
[2023-11-08T14:30:03.369+0000] {processor.py:839} INFO - DAG(s) dict_keys(['tutorial']) retrieved from /home/airflow/.local/lib/python3.11/site-packages/airflow/example_dags/tutorial.py
[2023-11-08T14:30:03.405+0000] {logging_mixin.py:154} INFO - [2023-11-08T14:30:03.405+0000] {dag.py:2941} INFO - Sync 1 DAGs
[2023-11-08T14:30:03.452+0000] {logging_mixin.py:154} INFO - [2023-11-08T14:30:03.452+0000] {dag.py:3722} INFO - Setting next_dagrun for tutorial to 2023-11-07T14:30:03.451841+00:00, run_after=2023-11-08T14:30:03.451841+00:00
[2023-11-08T14:30:03.492+0000] {processor.py:179} INFO - Processing /home/airflow/.local/lib/python3.11/site-packages/airflow/example_dags/tutorial.py took 0.146 seconds
[2023-11-08T14:30:34.036+0000] {processor.py:157} INFO - Started process (PID=2131) to work on /home/airflow/.local/lib/python3.11/site-packages/airflow/example_dags/tutorial.py
[2023-11-08T14:30:34.037+0000] {processor.py:829} INFO - Processing file /home/airflow/.local/lib/python3.11/site-packages/airflow/example_dags/tutorial.py for tasks to queue
[2023-11-08T14:30:34.041+0000] {logging_mixin.py:154} INFO - [2023-11-08T14:30:34.041+0000] {dagbag.py:536} INFO - Filling up the DagBag from /home/airflow/.local/lib/python3.11/site-packages/airflow/example_dags/tutorial.py
[2023-11-08T14:30:34.058+0000] {processor.py:839} INFO - DAG(s) dict_keys(['tutorial']) retrieved from /home/airflow/.local/lib/python3.11/site-packages/airflow/example_dags/tutorial.py
[2023-11-08T14:30:34.096+0000] {logging_mixin.py:154} INFO - [2023-11-08T14:30:34.095+0000] {dag.py:2941} INFO - Sync 1 DAGs
[2023-11-08T14:30:34.137+0000] {logging_mixin.py:154} INFO - [2023-11-08T14:30:34.137+0000] {dag.py:3722} INFO - Setting next_dagrun for tutorial to 2023-11-07T14:30:34.136326+00:00, run_after=2023-11-08T14:30:34.136326+00:00
[2023-11-08T14:30:34.181+0000] {processor.py:179} INFO - Processing /home/airflow/.local/lib/python3.11/site-packages/airflow/example_dags/tutorial.py took 0.150 seconds
[2023-11-08T14:31:04.799+0000] {processor.py:157} INFO - Started process (PID=2215) to work on /home/airflow/.local/lib/python3.11/site-packages/airflow/example_dags/tutorial.py
[2023-11-08T14:31:04.800+0000] {processor.py:829} INFO - Processing file /home/airflow/.local/lib/python3.11/site-packages/airflow/example_dags/tutorial.py for tasks to queue
[2023-11-08T14:31:04.803+0000] {logging_mixin.py:154} INFO - [2023-11-08T14:31:04.802+0000] {dagbag.py:536} INFO - Filling up the DagBag from /home/airflow/.local/lib/python3.11/site-packages/airflow/example_dags/tutorial.py
[2023-11-08T14:31:04.812+0000] {processor.py:839} INFO - DAG(s) dict_keys(['tutorial']) retrieved from /home/airflow/.local/lib/python3.11/site-packages/airflow/example_dags/tutorial.py
[2023-11-08T14:31:04.844+0000] {logging_mixin.py:154} INFO - [2023-11-08T14:31:04.843+0000] {dag.py:2941} INFO - Sync 1 DAGs
[2023-11-08T14:31:04.886+0000] {logging_mixin.py:154} INFO - [2023-11-08T14:31:04.885+0000] {dag.py:3722} INFO - Setting next_dagrun for tutorial to 2023-11-07T14:31:04.885268+00:00, run_after=2023-11-08T14:31:04.885268+00:00
[2023-11-08T14:31:04.919+0000] {processor.py:179} INFO - Processing /home/airflow/.local/lib/python3.11/site-packages/airflow/example_dags/tutorial.py took 0.124 seconds
[2023-11-08T14:31:35.247+0000] {processor.py:157} INFO - Started process (PID=2291) to work on /home/airflow/.local/lib/python3.11/site-packages/airflow/example_dags/tutorial.py
[2023-11-08T14:31:35.248+0000] {processor.py:829} INFO - Processing file /home/airflow/.local/lib/python3.11/site-packages/airflow/example_dags/tutorial.py for tasks to queue
[2023-11-08T14:31:35.250+0000] {logging_mixin.py:154} INFO - [2023-11-08T14:31:35.250+0000] {dagbag.py:536} INFO - Filling up the DagBag from /home/airflow/.local/lib/python3.11/site-packages/airflow/example_dags/tutorial.py
[2023-11-08T14:31:35.262+0000] {processor.py:839} INFO - DAG(s) dict_keys(['tutorial']) retrieved from /home/airflow/.local/lib/python3.11/site-packages/airflow/example_dags/tutorial.py
[2023-11-08T14:31:35.298+0000] {logging_mixin.py:154} INFO - [2023-11-08T14:31:35.298+0000] {dag.py:2941} INFO - Sync 1 DAGs
[2023-11-08T14:31:35.346+0000] {logging_mixin.py:154} INFO - [2023-11-08T14:31:35.345+0000] {dag.py:3722} INFO - Setting next_dagrun for tutorial to 2023-11-07T14:31:35.345583+00:00, run_after=2023-11-08T14:31:35.345583+00:00
[2023-11-08T14:31:35.377+0000] {processor.py:179} INFO - Processing /home/airflow/.local/lib/python3.11/site-packages/airflow/example_dags/tutorial.py took 0.134 seconds
[2023-11-08T14:32:05.551+0000] {processor.py:157} INFO - Started process (PID=2367) to work on /home/airflow/.local/lib/python3.11/site-packages/airflow/example_dags/tutorial.py
[2023-11-08T14:32:05.553+0000] {processor.py:829} INFO - Processing file /home/airflow/.local/lib/python3.11/site-packages/airflow/example_dags/tutorial.py for tasks to queue
[2023-11-08T14:32:05.556+0000] {logging_mixin.py:154} INFO - [2023-11-08T14:32:05.556+0000] {dagbag.py:536} INFO - Filling up the DagBag from /home/airflow/.local/lib/python3.11/site-packages/airflow/example_dags/tutorial.py
[2023-11-08T14:32:05.566+0000] {processor.py:839} INFO - DAG(s) dict_keys(['tutorial']) retrieved from /home/airflow/.local/lib/python3.11/site-packages/airflow/example_dags/tutorial.py
[2023-11-08T14:32:05.598+0000] {logging_mixin.py:154} INFO - [2023-11-08T14:32:05.597+0000] {dag.py:2941} INFO - Sync 1 DAGs
[2023-11-08T14:32:05.636+0000] {logging_mixin.py:154} INFO - [2023-11-08T14:32:05.636+0000] {dag.py:3722} INFO - Setting next_dagrun for tutorial to 2023-11-07T14:32:05.636224+00:00, run_after=2023-11-08T14:32:05.636224+00:00
[2023-11-08T14:32:05.670+0000] {processor.py:179} INFO - Processing /home/airflow/.local/lib/python3.11/site-packages/airflow/example_dags/tutorial.py took 0.122 seconds
[2023-11-08T14:32:35.971+0000] {processor.py:157} INFO - Started process (PID=2443) to work on /home/airflow/.local/lib/python3.11/site-packages/airflow/example_dags/tutorial.py
[2023-11-08T14:32:35.973+0000] {processor.py:829} INFO - Processing file /home/airflow/.local/lib/python3.11/site-packages/airflow/example_dags/tutorial.py for tasks to queue
[2023-11-08T14:32:35.977+0000] {logging_mixin.py:154} INFO - [2023-11-08T14:32:35.977+0000] {dagbag.py:536} INFO - Filling up the DagBag from /home/airflow/.local/lib/python3.11/site-packages/airflow/example_dags/tutorial.py
[2023-11-08T14:32:35.992+0000] {processor.py:839} INFO - DAG(s) dict_keys(['tutorial']) retrieved from /home/airflow/.local/lib/python3.11/site-packages/airflow/example_dags/tutorial.py
[2023-11-08T14:32:36.062+0000] {logging_mixin.py:154} INFO - [2023-11-08T14:32:36.061+0000] {dag.py:2941} INFO - Sync 1 DAGs
[2023-11-08T14:32:36.123+0000] {logging_mixin.py:154} INFO - [2023-11-08T14:32:36.122+0000] {dag.py:3722} INFO - Setting next_dagrun for tutorial to 2023-11-07T14:32:36.121827+00:00, run_after=2023-11-08T14:32:36.121827+00:00
[2023-11-08T14:32:36.173+0000] {processor.py:179} INFO - Processing /home/airflow/.local/lib/python3.11/site-packages/airflow/example_dags/tutorial.py took 0.209 seconds
[2023-11-08T14:33:06.316+0000] {processor.py:157} INFO - Started process (PID=2519) to work on /home/airflow/.local/lib/python3.11/site-packages/airflow/example_dags/tutorial.py
[2023-11-08T14:33:06.318+0000] {processor.py:829} INFO - Processing file /home/airflow/.local/lib/python3.11/site-packages/airflow/example_dags/tutorial.py for tasks to queue
[2023-11-08T14:33:06.321+0000] {logging_mixin.py:154} INFO - [2023-11-08T14:33:06.320+0000] {dagbag.py:536} INFO - Filling up the DagBag from /home/airflow/.local/lib/python3.11/site-packages/airflow/example_dags/tutorial.py
[2023-11-08T14:33:06.330+0000] {processor.py:839} INFO - DAG(s) dict_keys(['tutorial']) retrieved from /home/airflow/.local/lib/python3.11/site-packages/airflow/example_dags/tutorial.py
[2023-11-08T14:33:06.367+0000] {logging_mixin.py:154} INFO - [2023-11-08T14:33:06.367+0000] {dag.py:2941} INFO - Sync 1 DAGs
[2023-11-08T14:33:06.405+0000] {logging_mixin.py:154} INFO - [2023-11-08T14:33:06.405+0000] {dag.py:3722} INFO - Setting next_dagrun for tutorial to 2023-11-07T14:33:06.405003+00:00, run_after=2023-11-08T14:33:06.405003+00:00
[2023-11-08T14:33:06.445+0000] {processor.py:179} INFO - Processing /home/airflow/.local/lib/python3.11/site-packages/airflow/example_dags/tutorial.py took 0.133 seconds
[2023-11-08T14:33:37.315+0000] {processor.py:157} INFO - Started process (PID=2595) to work on /home/airflow/.local/lib/python3.11/site-packages/airflow/example_dags/tutorial.py
[2023-11-08T14:33:37.316+0000] {processor.py:829} INFO - Processing file /home/airflow/.local/lib/python3.11/site-packages/airflow/example_dags/tutorial.py for tasks to queue
[2023-11-08T14:33:37.319+0000] {logging_mixin.py:154} INFO - [2023-11-08T14:33:37.318+0000] {dagbag.py:536} INFO - Filling up the DagBag from /home/airflow/.local/lib/python3.11/site-packages/airflow/example_dags/tutorial.py
[2023-11-08T14:33:37.327+0000] {processor.py:839} INFO - DAG(s) dict_keys(['tutorial']) retrieved from /home/airflow/.local/lib/python3.11/site-packages/airflow/example_dags/tutorial.py
[2023-11-08T14:33:37.359+0000] {logging_mixin.py:154} INFO - [2023-11-08T14:33:37.359+0000] {dag.py:2941} INFO - Sync 1 DAGs
[2023-11-08T14:33:37.406+0000] {logging_mixin.py:154} INFO - [2023-11-08T14:33:37.405+0000] {dag.py:3722} INFO - Setting next_dagrun for tutorial to 2023-11-07T14:33:37.405262+00:00, run_after=2023-11-08T14:33:37.405262+00:00
[2023-11-08T14:33:37.442+0000] {processor.py:179} INFO - Processing /home/airflow/.local/lib/python3.11/site-packages/airflow/example_dags/tutorial.py took 0.133 seconds
[2023-11-08T14:34:07.823+0000] {processor.py:157} INFO - Started process (PID=2671) to work on /home/airflow/.local/lib/python3.11/site-packages/airflow/example_dags/tutorial.py
[2023-11-08T14:34:07.824+0000] {processor.py:829} INFO - Processing file /home/airflow/.local/lib/python3.11/site-packages/airflow/example_dags/tutorial.py for tasks to queue
[2023-11-08T14:34:07.827+0000] {logging_mixin.py:154} INFO - [2023-11-08T14:34:07.827+0000] {dagbag.py:536} INFO - Filling up the DagBag from /home/airflow/.local/lib/python3.11/site-packages/airflow/example_dags/tutorial.py
[2023-11-08T14:34:07.836+0000] {processor.py:839} INFO - DAG(s) dict_keys(['tutorial']) retrieved from /home/airflow/.local/lib/python3.11/site-packages/airflow/example_dags/tutorial.py
[2023-11-08T14:34:07.868+0000] {logging_mixin.py:154} INFO - [2023-11-08T14:34:07.868+0000] {dag.py:2941} INFO - Sync 1 DAGs
[2023-11-08T14:34:07.905+0000] {logging_mixin.py:154} INFO - [2023-11-08T14:34:07.905+0000] {dag.py:3722} INFO - Setting next_dagrun for tutorial to 2023-11-07T14:34:07.904936+00:00, run_after=2023-11-08T14:34:07.904936+00:00
[2023-11-08T14:34:07.937+0000] {processor.py:179} INFO - Processing /home/airflow/.local/lib/python3.11/site-packages/airflow/example_dags/tutorial.py took 0.119 seconds
[2023-11-08T14:34:38.712+0000] {processor.py:157} INFO - Started process (PID=2747) to work on /home/airflow/.local/lib/python3.11/site-packages/airflow/example_dags/tutorial.py
[2023-11-08T14:34:38.713+0000] {processor.py:829} INFO - Processing file /home/airflow/.local/lib/python3.11/site-packages/airflow/example_dags/tutorial.py for tasks to queue
[2023-11-08T14:34:38.716+0000] {logging_mixin.py:154} INFO - [2023-11-08T14:34:38.716+0000] {dagbag.py:536} INFO - Filling up the DagBag from /home/airflow/.local/lib/python3.11/site-packages/airflow/example_dags/tutorial.py
[2023-11-08T14:34:38.725+0000] {processor.py:839} INFO - DAG(s) dict_keys(['tutorial']) retrieved from /home/airflow/.local/lib/python3.11/site-packages/airflow/example_dags/tutorial.py
[2023-11-08T14:34:38.758+0000] {logging_mixin.py:154} INFO - [2023-11-08T14:34:38.758+0000] {dag.py:2941} INFO - Sync 1 DAGs
[2023-11-08T14:34:38.795+0000] {logging_mixin.py:154} INFO - [2023-11-08T14:34:38.794+0000] {dag.py:3722} INFO - Setting next_dagrun for tutorial to 2023-11-07T14:34:38.794409+00:00, run_after=2023-11-08T14:34:38.794409+00:00
[2023-11-08T14:34:38.826+0000] {processor.py:179} INFO - Processing /home/airflow/.local/lib/python3.11/site-packages/airflow/example_dags/tutorial.py took 0.118 seconds
[2023-11-08T14:35:09.237+0000] {processor.py:157} INFO - Started process (PID=2823) to work on /home/airflow/.local/lib/python3.11/site-packages/airflow/example_dags/tutorial.py
[2023-11-08T14:35:09.239+0000] {processor.py:829} INFO - Processing file /home/airflow/.local/lib/python3.11/site-packages/airflow/example_dags/tutorial.py for tasks to queue
[2023-11-08T14:35:09.242+0000] {logging_mixin.py:154} INFO - [2023-11-08T14:35:09.242+0000] {dagbag.py:536} INFO - Filling up the DagBag from /home/airflow/.local/lib/python3.11/site-packages/airflow/example_dags/tutorial.py
[2023-11-08T14:35:09.251+0000] {processor.py:839} INFO - DAG(s) dict_keys(['tutorial']) retrieved from /home/airflow/.local/lib/python3.11/site-packages/airflow/example_dags/tutorial.py
[2023-11-08T14:35:09.291+0000] {logging_mixin.py:154} INFO - [2023-11-08T14:35:09.290+0000] {dag.py:2941} INFO - Sync 1 DAGs
[2023-11-08T14:35:09.329+0000] {logging_mixin.py:154} INFO - [2023-11-08T14:35:09.329+0000] {dag.py:3722} INFO - Setting next_dagrun for tutorial to 2023-11-07T14:35:09.329064+00:00, run_after=2023-11-08T14:35:09.329064+00:00
[2023-11-08T14:35:09.365+0000] {processor.py:179} INFO - Processing /home/airflow/.local/lib/python3.11/site-packages/airflow/example_dags/tutorial.py took 0.133 seconds
[2023-11-08T14:35:40.238+0000] {processor.py:157} INFO - Started process (PID=2899) to work on /home/airflow/.local/lib/python3.11/site-packages/airflow/example_dags/tutorial.py
[2023-11-08T14:35:40.240+0000] {processor.py:829} INFO - Processing file /home/airflow/.local/lib/python3.11/site-packages/airflow/example_dags/tutorial.py for tasks to queue
[2023-11-08T14:35:40.243+0000] {logging_mixin.py:154} INFO - [2023-11-08T14:35:40.243+0000] {dagbag.py:536} INFO - Filling up the DagBag from /home/airflow/.local/lib/python3.11/site-packages/airflow/example_dags/tutorial.py
[2023-11-08T14:35:40.253+0000] {processor.py:839} INFO - DAG(s) dict_keys(['tutorial']) retrieved from /home/airflow/.local/lib/python3.11/site-packages/airflow/example_dags/tutorial.py
[2023-11-08T14:35:40.282+0000] {logging_mixin.py:154} INFO - [2023-11-08T14:35:40.282+0000] {dag.py:2941} INFO - Sync 1 DAGs
[2023-11-08T14:35:40.319+0000] {logging_mixin.py:154} INFO - [2023-11-08T14:35:40.318+0000] {dag.py:3722} INFO - Setting next_dagrun for tutorial to 2023-11-07T14:35:40.318534+00:00, run_after=2023-11-08T14:35:40.318534+00:00
[2023-11-08T14:35:40.348+0000] {processor.py:179} INFO - Processing /home/airflow/.local/lib/python3.11/site-packages/airflow/example_dags/tutorial.py took 0.114 seconds
[2023-11-08T14:36:11.096+0000] {processor.py:157} INFO - Started process (PID=2975) to work on /home/airflow/.local/lib/python3.11/site-packages/airflow/example_dags/tutorial.py
[2023-11-08T14:36:11.097+0000] {processor.py:829} INFO - Processing file /home/airflow/.local/lib/python3.11/site-packages/airflow/example_dags/tutorial.py for tasks to queue
[2023-11-08T14:36:11.100+0000] {logging_mixin.py:154} INFO - [2023-11-08T14:36:11.100+0000] {dagbag.py:536} INFO - Filling up the DagBag from /home/airflow/.local/lib/python3.11/site-packages/airflow/example_dags/tutorial.py
[2023-11-08T14:36:11.109+0000] {processor.py:839} INFO - DAG(s) dict_keys(['tutorial']) retrieved from /home/airflow/.local/lib/python3.11/site-packages/airflow/example_dags/tutorial.py
[2023-11-08T14:36:11.141+0000] {logging_mixin.py:154} INFO - [2023-11-08T14:36:11.141+0000] {dag.py:2941} INFO - Sync 1 DAGs
[2023-11-08T14:36:11.177+0000] {logging_mixin.py:154} INFO - [2023-11-08T14:36:11.177+0000] {dag.py:3722} INFO - Setting next_dagrun for tutorial to 2023-11-07T14:36:11.176645+00:00, run_after=2023-11-08T14:36:11.176645+00:00
[2023-11-08T14:36:11.208+0000] {processor.py:179} INFO - Processing /home/airflow/.local/lib/python3.11/site-packages/airflow/example_dags/tutorial.py took 0.116 seconds
[2023-11-08T14:36:41.963+0000] {processor.py:157} INFO - Started process (PID=3051) to work on /home/airflow/.local/lib/python3.11/site-packages/airflow/example_dags/tutorial.py
[2023-11-08T14:36:41.966+0000] {processor.py:829} INFO - Processing file /home/airflow/.local/lib/python3.11/site-packages/airflow/example_dags/tutorial.py for tasks to queue
[2023-11-08T14:36:41.969+0000] {logging_mixin.py:154} INFO - [2023-11-08T14:36:41.968+0000] {dagbag.py:536} INFO - Filling up the DagBag from /home/airflow/.local/lib/python3.11/site-packages/airflow/example_dags/tutorial.py
[2023-11-08T14:36:41.979+0000] {processor.py:839} INFO - DAG(s) dict_keys(['tutorial']) retrieved from /home/airflow/.local/lib/python3.11/site-packages/airflow/example_dags/tutorial.py
[2023-11-08T14:36:42.017+0000] {logging_mixin.py:154} INFO - [2023-11-08T14:36:42.017+0000] {dag.py:2941} INFO - Sync 1 DAGs
[2023-11-08T14:36:42.061+0000] {logging_mixin.py:154} INFO - [2023-11-08T14:36:42.061+0000] {dag.py:3722} INFO - Setting next_dagrun for tutorial to 2023-11-07T14:36:42.060764+00:00, run_after=2023-11-08T14:36:42.060764+00:00
[2023-11-08T14:36:42.098+0000] {processor.py:179} INFO - Processing /home/airflow/.local/lib/python3.11/site-packages/airflow/example_dags/tutorial.py took 0.141 seconds
[2023-11-08T14:37:12.485+0000] {processor.py:157} INFO - Started process (PID=3127) to work on /home/airflow/.local/lib/python3.11/site-packages/airflow/example_dags/tutorial.py
[2023-11-08T14:37:12.485+0000] {processor.py:829} INFO - Processing file /home/airflow/.local/lib/python3.11/site-packages/airflow/example_dags/tutorial.py for tasks to queue
[2023-11-08T14:37:12.487+0000] {logging_mixin.py:154} INFO - [2023-11-08T14:37:12.487+0000] {dagbag.py:536} INFO - Filling up the DagBag from /home/airflow/.local/lib/python3.11/site-packages/airflow/example_dags/tutorial.py
[2023-11-08T14:37:12.492+0000] {processor.py:839} INFO - DAG(s) dict_keys(['tutorial']) retrieved from /home/airflow/.local/lib/python3.11/site-packages/airflow/example_dags/tutorial.py
[2023-11-08T14:37:12.516+0000] {logging_mixin.py:154} INFO - [2023-11-08T14:37:12.516+0000] {dag.py:2941} INFO - Sync 1 DAGs
[2023-11-08T14:37:12.535+0000] {logging_mixin.py:154} INFO - [2023-11-08T14:37:12.535+0000] {dag.py:3722} INFO - Setting next_dagrun for tutorial to 2023-11-07T14:37:12.535266+00:00, run_after=2023-11-08T14:37:12.535266+00:00
[2023-11-08T14:37:12.551+0000] {processor.py:179} INFO - Processing /home/airflow/.local/lib/python3.11/site-packages/airflow/example_dags/tutorial.py took 0.070 seconds
[2023-11-08T14:37:42.669+0000] {processor.py:157} INFO - Started process (PID=3203) to work on /home/airflow/.local/lib/python3.11/site-packages/airflow/example_dags/tutorial.py
[2023-11-08T14:37:42.670+0000] {processor.py:829} INFO - Processing file /home/airflow/.local/lib/python3.11/site-packages/airflow/example_dags/tutorial.py for tasks to queue
[2023-11-08T14:37:42.671+0000] {logging_mixin.py:154} INFO - [2023-11-08T14:37:42.671+0000] {dagbag.py:536} INFO - Filling up the DagBag from /home/airflow/.local/lib/python3.11/site-packages/airflow/example_dags/tutorial.py
[2023-11-08T14:37:42.676+0000] {processor.py:839} INFO - DAG(s) dict_keys(['tutorial']) retrieved from /home/airflow/.local/lib/python3.11/site-packages/airflow/example_dags/tutorial.py
[2023-11-08T14:37:42.690+0000] {logging_mixin.py:154} INFO - [2023-11-08T14:37:42.690+0000] {dag.py:2941} INFO - Sync 1 DAGs
[2023-11-08T14:37:42.707+0000] {logging_mixin.py:154} INFO - [2023-11-08T14:37:42.707+0000] {dag.py:3722} INFO - Setting next_dagrun for tutorial to 2023-11-07T14:37:42.707140+00:00, run_after=2023-11-08T14:37:42.707140+00:00
[2023-11-08T14:37:42.721+0000] {processor.py:179} INFO - Processing /home/airflow/.local/lib/python3.11/site-packages/airflow/example_dags/tutorial.py took 0.055 seconds
[2023-11-08T14:38:12.953+0000] {processor.py:157} INFO - Started process (PID=3279) to work on /home/airflow/.local/lib/python3.11/site-packages/airflow/example_dags/tutorial.py
[2023-11-08T14:38:12.954+0000] {processor.py:829} INFO - Processing file /home/airflow/.local/lib/python3.11/site-packages/airflow/example_dags/tutorial.py for tasks to queue
[2023-11-08T14:38:12.955+0000] {logging_mixin.py:154} INFO - [2023-11-08T14:38:12.955+0000] {dagbag.py:536} INFO - Filling up the DagBag from /home/airflow/.local/lib/python3.11/site-packages/airflow/example_dags/tutorial.py
[2023-11-08T14:38:12.959+0000] {processor.py:839} INFO - DAG(s) dict_keys(['tutorial']) retrieved from /home/airflow/.local/lib/python3.11/site-packages/airflow/example_dags/tutorial.py
[2023-11-08T14:38:12.973+0000] {logging_mixin.py:154} INFO - [2023-11-08T14:38:12.973+0000] {dag.py:2941} INFO - Sync 1 DAGs
[2023-11-08T14:38:12.988+0000] {logging_mixin.py:154} INFO - [2023-11-08T14:38:12.988+0000] {dag.py:3722} INFO - Setting next_dagrun for tutorial to 2023-11-07T14:38:12.988556+00:00, run_after=2023-11-08T14:38:12.988556+00:00
[2023-11-08T14:38:13.001+0000] {processor.py:179} INFO - Processing /home/airflow/.local/lib/python3.11/site-packages/airflow/example_dags/tutorial.py took 0.050 seconds
[2023-11-08T14:38:43.094+0000] {processor.py:157} INFO - Started process (PID=3355) to work on /home/airflow/.local/lib/python3.11/site-packages/airflow/example_dags/tutorial.py
[2023-11-08T14:38:43.095+0000] {processor.py:829} INFO - Processing file /home/airflow/.local/lib/python3.11/site-packages/airflow/example_dags/tutorial.py for tasks to queue
[2023-11-08T14:38:43.097+0000] {logging_mixin.py:154} INFO - [2023-11-08T14:38:43.096+0000] {dagbag.py:536} INFO - Filling up the DagBag from /home/airflow/.local/lib/python3.11/site-packages/airflow/example_dags/tutorial.py
[2023-11-08T14:38:43.100+0000] {processor.py:839} INFO - DAG(s) dict_keys(['tutorial']) retrieved from /home/airflow/.local/lib/python3.11/site-packages/airflow/example_dags/tutorial.py
[2023-11-08T14:38:43.115+0000] {logging_mixin.py:154} INFO - [2023-11-08T14:38:43.115+0000] {dag.py:2941} INFO - Sync 1 DAGs
[2023-11-08T14:38:43.130+0000] {logging_mixin.py:154} INFO - [2023-11-08T14:38:43.130+0000] {dag.py:3722} INFO - Setting next_dagrun for tutorial to 2023-11-07T14:38:43.130538+00:00, run_after=2023-11-08T14:38:43.130538+00:00
[2023-11-08T14:38:43.142+0000] {processor.py:179} INFO - Processing /home/airflow/.local/lib/python3.11/site-packages/airflow/example_dags/tutorial.py took 0.051 seconds
[2023-11-08T14:39:13.249+0000] {processor.py:157} INFO - Started process (PID=3431) to work on /home/airflow/.local/lib/python3.11/site-packages/airflow/example_dags/tutorial.py
[2023-11-08T14:39:13.249+0000] {processor.py:829} INFO - Processing file /home/airflow/.local/lib/python3.11/site-packages/airflow/example_dags/tutorial.py for tasks to queue
[2023-11-08T14:39:13.251+0000] {logging_mixin.py:154} INFO - [2023-11-08T14:39:13.251+0000] {dagbag.py:536} INFO - Filling up the DagBag from /home/airflow/.local/lib/python3.11/site-packages/airflow/example_dags/tutorial.py
[2023-11-08T14:39:13.255+0000] {processor.py:839} INFO - DAG(s) dict_keys(['tutorial']) retrieved from /home/airflow/.local/lib/python3.11/site-packages/airflow/example_dags/tutorial.py
[2023-11-08T14:39:13.269+0000] {logging_mixin.py:154} INFO - [2023-11-08T14:39:13.269+0000] {dag.py:2941} INFO - Sync 1 DAGs
[2023-11-08T14:39:13.284+0000] {logging_mixin.py:154} INFO - [2023-11-08T14:39:13.284+0000] {dag.py:3722} INFO - Setting next_dagrun for tutorial to 2023-11-07T14:39:13.284460+00:00, run_after=2023-11-08T14:39:13.284460+00:00
[2023-11-08T14:39:13.298+0000] {processor.py:179} INFO - Processing /home/airflow/.local/lib/python3.11/site-packages/airflow/example_dags/tutorial.py took 0.051 seconds
[2023-11-08T14:39:43.495+0000] {processor.py:157} INFO - Started process (PID=3507) to work on /home/airflow/.local/lib/python3.11/site-packages/airflow/example_dags/tutorial.py
[2023-11-08T14:39:43.495+0000] {processor.py:829} INFO - Processing file /home/airflow/.local/lib/python3.11/site-packages/airflow/example_dags/tutorial.py for tasks to queue
[2023-11-08T14:39:43.497+0000] {logging_mixin.py:154} INFO - [2023-11-08T14:39:43.497+0000] {dagbag.py:536} INFO - Filling up the DagBag from /home/airflow/.local/lib/python3.11/site-packages/airflow/example_dags/tutorial.py
[2023-11-08T14:39:43.501+0000] {processor.py:839} INFO - DAG(s) dict_keys(['tutorial']) retrieved from /home/airflow/.local/lib/python3.11/site-packages/airflow/example_dags/tutorial.py
[2023-11-08T14:39:43.516+0000] {logging_mixin.py:154} INFO - [2023-11-08T14:39:43.515+0000] {dag.py:2941} INFO - Sync 1 DAGs
[2023-11-08T14:39:43.532+0000] {logging_mixin.py:154} INFO - [2023-11-08T14:39:43.531+0000] {dag.py:3722} INFO - Setting next_dagrun for tutorial to 2023-11-07T14:39:43.531735+00:00, run_after=2023-11-08T14:39:43.531735+00:00
[2023-11-08T14:39:43.545+0000] {processor.py:179} INFO - Processing /home/airflow/.local/lib/python3.11/site-packages/airflow/example_dags/tutorial.py took 0.053 seconds
[2023-11-08T14:40:13.688+0000] {processor.py:157} INFO - Started process (PID=3584) to work on /home/airflow/.local/lib/python3.11/site-packages/airflow/example_dags/tutorial.py
[2023-11-08T14:40:13.689+0000] {processor.py:829} INFO - Processing file /home/airflow/.local/lib/python3.11/site-packages/airflow/example_dags/tutorial.py for tasks to queue
[2023-11-08T14:40:13.690+0000] {logging_mixin.py:154} INFO - [2023-11-08T14:40:13.690+0000] {dagbag.py:536} INFO - Filling up the DagBag from /home/airflow/.local/lib/python3.11/site-packages/airflow/example_dags/tutorial.py
[2023-11-08T14:40:13.694+0000] {processor.py:839} INFO - DAG(s) dict_keys(['tutorial']) retrieved from /home/airflow/.local/lib/python3.11/site-packages/airflow/example_dags/tutorial.py
[2023-11-08T14:40:13.709+0000] {logging_mixin.py:154} INFO - [2023-11-08T14:40:13.709+0000] {dag.py:2941} INFO - Sync 1 DAGs
[2023-11-08T14:40:13.725+0000] {logging_mixin.py:154} INFO - [2023-11-08T14:40:13.725+0000] {dag.py:3722} INFO - Setting next_dagrun for tutorial to 2023-11-07T14:40:13.725074+00:00, run_after=2023-11-08T14:40:13.725074+00:00
[2023-11-08T14:40:13.737+0000] {processor.py:179} INFO - Processing /home/airflow/.local/lib/python3.11/site-packages/airflow/example_dags/tutorial.py took 0.051 seconds
[2023-11-08T14:40:43.825+0000] {processor.py:157} INFO - Started process (PID=3660) to work on /home/airflow/.local/lib/python3.11/site-packages/airflow/example_dags/tutorial.py
[2023-11-08T14:40:43.826+0000] {processor.py:829} INFO - Processing file /home/airflow/.local/lib/python3.11/site-packages/airflow/example_dags/tutorial.py for tasks to queue
[2023-11-08T14:40:43.828+0000] {logging_mixin.py:154} INFO - [2023-11-08T14:40:43.828+0000] {dagbag.py:536} INFO - Filling up the DagBag from /home/airflow/.local/lib/python3.11/site-packages/airflow/example_dags/tutorial.py
[2023-11-08T14:40:43.833+0000] {processor.py:839} INFO - DAG(s) dict_keys(['tutorial']) retrieved from /home/airflow/.local/lib/python3.11/site-packages/airflow/example_dags/tutorial.py
[2023-11-08T14:40:43.848+0000] {logging_mixin.py:154} INFO - [2023-11-08T14:40:43.848+0000] {dag.py:2941} INFO - Sync 1 DAGs
[2023-11-08T14:40:43.864+0000] {logging_mixin.py:154} INFO - [2023-11-08T14:40:43.864+0000] {dag.py:3722} INFO - Setting next_dagrun for tutorial to 2023-11-07T14:40:43.864400+00:00, run_after=2023-11-08T14:40:43.864400+00:00
[2023-11-08T14:40:43.879+0000] {processor.py:179} INFO - Processing /home/airflow/.local/lib/python3.11/site-packages/airflow/example_dags/tutorial.py took 0.055 seconds
[2023-11-08T14:41:14.060+0000] {processor.py:157} INFO - Started process (PID=3736) to work on /home/airflow/.local/lib/python3.11/site-packages/airflow/example_dags/tutorial.py
[2023-11-08T14:41:14.060+0000] {processor.py:829} INFO - Processing file /home/airflow/.local/lib/python3.11/site-packages/airflow/example_dags/tutorial.py for tasks to queue
[2023-11-08T14:41:14.061+0000] {logging_mixin.py:154} INFO - [2023-11-08T14:41:14.061+0000] {dagbag.py:536} INFO - Filling up the DagBag from /home/airflow/.local/lib/python3.11/site-packages/airflow/example_dags/tutorial.py
[2023-11-08T14:41:14.065+0000] {processor.py:839} INFO - DAG(s) dict_keys(['tutorial']) retrieved from /home/airflow/.local/lib/python3.11/site-packages/airflow/example_dags/tutorial.py
[2023-11-08T14:41:14.080+0000] {logging_mixin.py:154} INFO - [2023-11-08T14:41:14.080+0000] {dag.py:2941} INFO - Sync 1 DAGs
[2023-11-08T14:41:14.096+0000] {logging_mixin.py:154} INFO - [2023-11-08T14:41:14.096+0000] {dag.py:3722} INFO - Setting next_dagrun for tutorial to 2023-11-07T14:41:14.096551+00:00, run_after=2023-11-08T14:41:14.096551+00:00
[2023-11-08T14:41:14.110+0000] {processor.py:179} INFO - Processing /home/airflow/.local/lib/python3.11/site-packages/airflow/example_dags/tutorial.py took 0.053 seconds
[2023-11-08T14:41:44.238+0000] {processor.py:157} INFO - Started process (PID=3812) to work on /home/airflow/.local/lib/python3.11/site-packages/airflow/example_dags/tutorial.py
[2023-11-08T14:41:44.239+0000] {processor.py:829} INFO - Processing file /home/airflow/.local/lib/python3.11/site-packages/airflow/example_dags/tutorial.py for tasks to queue
[2023-11-08T14:41:44.241+0000] {logging_mixin.py:154} INFO - [2023-11-08T14:41:44.240+0000] {dagbag.py:536} INFO - Filling up the DagBag from /home/airflow/.local/lib/python3.11/site-packages/airflow/example_dags/tutorial.py
[2023-11-08T14:41:44.245+0000] {processor.py:839} INFO - DAG(s) dict_keys(['tutorial']) retrieved from /home/airflow/.local/lib/python3.11/site-packages/airflow/example_dags/tutorial.py
[2023-11-08T14:41:44.259+0000] {logging_mixin.py:154} INFO - [2023-11-08T14:41:44.259+0000] {dag.py:2941} INFO - Sync 1 DAGs
[2023-11-08T14:41:44.275+0000] {logging_mixin.py:154} INFO - [2023-11-08T14:41:44.275+0000] {dag.py:3722} INFO - Setting next_dagrun for tutorial to 2023-11-07T14:41:44.275292+00:00, run_after=2023-11-08T14:41:44.275292+00:00
[2023-11-08T14:41:44.288+0000] {processor.py:179} INFO - Processing /home/airflow/.local/lib/python3.11/site-packages/airflow/example_dags/tutorial.py took 0.052 seconds
[2023-11-08T14:42:14.489+0000] {processor.py:157} INFO - Started process (PID=3888) to work on /home/airflow/.local/lib/python3.11/site-packages/airflow/example_dags/tutorial.py
[2023-11-08T14:42:14.489+0000] {processor.py:829} INFO - Processing file /home/airflow/.local/lib/python3.11/site-packages/airflow/example_dags/tutorial.py for tasks to queue
[2023-11-08T14:42:14.490+0000] {logging_mixin.py:154} INFO - [2023-11-08T14:42:14.490+0000] {dagbag.py:536} INFO - Filling up the DagBag from /home/airflow/.local/lib/python3.11/site-packages/airflow/example_dags/tutorial.py
[2023-11-08T14:42:14.495+0000] {processor.py:839} INFO - DAG(s) dict_keys(['tutorial']) retrieved from /home/airflow/.local/lib/python3.11/site-packages/airflow/example_dags/tutorial.py
[2023-11-08T14:42:14.510+0000] {logging_mixin.py:154} INFO - [2023-11-08T14:42:14.510+0000] {dag.py:2941} INFO - Sync 1 DAGs
[2023-11-08T14:42:14.527+0000] {logging_mixin.py:154} INFO - [2023-11-08T14:42:14.527+0000] {dag.py:3722} INFO - Setting next_dagrun for tutorial to 2023-11-07T14:42:14.526814+00:00, run_after=2023-11-08T14:42:14.526814+00:00
[2023-11-08T14:42:14.540+0000] {processor.py:179} INFO - Processing /home/airflow/.local/lib/python3.11/site-packages/airflow/example_dags/tutorial.py took 0.053 seconds
[2023-11-08T14:42:44.943+0000] {processor.py:157} INFO - Started process (PID=3964) to work on /home/airflow/.local/lib/python3.11/site-packages/airflow/example_dags/tutorial.py
[2023-11-08T14:42:44.944+0000] {processor.py:829} INFO - Processing file /home/airflow/.local/lib/python3.11/site-packages/airflow/example_dags/tutorial.py for tasks to queue
[2023-11-08T14:42:44.945+0000] {logging_mixin.py:154} INFO - [2023-11-08T14:42:44.945+0000] {dagbag.py:536} INFO - Filling up the DagBag from /home/airflow/.local/lib/python3.11/site-packages/airflow/example_dags/tutorial.py
[2023-11-08T14:42:44.949+0000] {processor.py:839} INFO - DAG(s) dict_keys(['tutorial']) retrieved from /home/airflow/.local/lib/python3.11/site-packages/airflow/example_dags/tutorial.py
[2023-11-08T14:42:44.963+0000] {logging_mixin.py:154} INFO - [2023-11-08T14:42:44.963+0000] {dag.py:2941} INFO - Sync 1 DAGs
[2023-11-08T14:42:44.980+0000] {logging_mixin.py:154} INFO - [2023-11-08T14:42:44.980+0000] {dag.py:3722} INFO - Setting next_dagrun for tutorial to 2023-11-07T14:42:44.979954+00:00, run_after=2023-11-08T14:42:44.979954+00:00
[2023-11-08T14:42:44.992+0000] {processor.py:179} INFO - Processing /home/airflow/.local/lib/python3.11/site-packages/airflow/example_dags/tutorial.py took 0.051 seconds
[2023-11-08T14:43:15.285+0000] {processor.py:157} INFO - Started process (PID=4040) to work on /home/airflow/.local/lib/python3.11/site-packages/airflow/example_dags/tutorial.py
[2023-11-08T14:43:15.286+0000] {processor.py:829} INFO - Processing file /home/airflow/.local/lib/python3.11/site-packages/airflow/example_dags/tutorial.py for tasks to queue
[2023-11-08T14:43:15.287+0000] {logging_mixin.py:154} INFO - [2023-11-08T14:43:15.287+0000] {dagbag.py:536} INFO - Filling up the DagBag from /home/airflow/.local/lib/python3.11/site-packages/airflow/example_dags/tutorial.py
[2023-11-08T14:43:15.291+0000] {processor.py:839} INFO - DAG(s) dict_keys(['tutorial']) retrieved from /home/airflow/.local/lib/python3.11/site-packages/airflow/example_dags/tutorial.py
[2023-11-08T14:43:15.306+0000] {logging_mixin.py:154} INFO - [2023-11-08T14:43:15.306+0000] {dag.py:2941} INFO - Sync 1 DAGs
[2023-11-08T14:43:15.325+0000] {logging_mixin.py:154} INFO - [2023-11-08T14:43:15.325+0000] {dag.py:3722} INFO - Setting next_dagrun for tutorial to 2023-11-07T14:43:15.325447+00:00, run_after=2023-11-08T14:43:15.325447+00:00
[2023-11-08T14:43:15.341+0000] {processor.py:179} INFO - Processing /home/airflow/.local/lib/python3.11/site-packages/airflow/example_dags/tutorial.py took 0.058 seconds
[2023-11-08T14:43:45.795+0000] {processor.py:157} INFO - Started process (PID=4116) to work on /home/airflow/.local/lib/python3.11/site-packages/airflow/example_dags/tutorial.py
[2023-11-08T14:43:45.796+0000] {processor.py:829} INFO - Processing file /home/airflow/.local/lib/python3.11/site-packages/airflow/example_dags/tutorial.py for tasks to queue
[2023-11-08T14:43:45.797+0000] {logging_mixin.py:154} INFO - [2023-11-08T14:43:45.797+0000] {dagbag.py:536} INFO - Filling up the DagBag from /home/airflow/.local/lib/python3.11/site-packages/airflow/example_dags/tutorial.py
[2023-11-08T14:43:45.802+0000] {processor.py:839} INFO - DAG(s) dict_keys(['tutorial']) retrieved from /home/airflow/.local/lib/python3.11/site-packages/airflow/example_dags/tutorial.py
[2023-11-08T14:43:45.817+0000] {logging_mixin.py:154} INFO - [2023-11-08T14:43:45.816+0000] {dag.py:2941} INFO - Sync 1 DAGs
[2023-11-08T14:43:45.832+0000] {logging_mixin.py:154} INFO - [2023-11-08T14:43:45.832+0000] {dag.py:3722} INFO - Setting next_dagrun for tutorial to 2023-11-07T14:43:45.832330+00:00, run_after=2023-11-08T14:43:45.832330+00:00
[2023-11-08T14:43:45.845+0000] {processor.py:179} INFO - Processing /home/airflow/.local/lib/python3.11/site-packages/airflow/example_dags/tutorial.py took 0.052 seconds
[2023-11-08T14:44:15.961+0000] {processor.py:157} INFO - Started process (PID=4192) to work on /home/airflow/.local/lib/python3.11/site-packages/airflow/example_dags/tutorial.py
[2023-11-08T14:44:15.962+0000] {processor.py:829} INFO - Processing file /home/airflow/.local/lib/python3.11/site-packages/airflow/example_dags/tutorial.py for tasks to queue
[2023-11-08T14:44:15.963+0000] {logging_mixin.py:154} INFO - [2023-11-08T14:44:15.963+0000] {dagbag.py:536} INFO - Filling up the DagBag from /home/airflow/.local/lib/python3.11/site-packages/airflow/example_dags/tutorial.py
[2023-11-08T14:44:15.967+0000] {processor.py:839} INFO - DAG(s) dict_keys(['tutorial']) retrieved from /home/airflow/.local/lib/python3.11/site-packages/airflow/example_dags/tutorial.py
[2023-11-08T14:44:15.982+0000] {logging_mixin.py:154} INFO - [2023-11-08T14:44:15.982+0000] {dag.py:2941} INFO - Sync 1 DAGs
[2023-11-08T14:44:15.998+0000] {logging_mixin.py:154} INFO - [2023-11-08T14:44:15.998+0000] {dag.py:3722} INFO - Setting next_dagrun for tutorial to 2023-11-07T14:44:15.998483+00:00, run_after=2023-11-08T14:44:15.998483+00:00
[2023-11-08T14:44:16.013+0000] {processor.py:179} INFO - Processing /home/airflow/.local/lib/python3.11/site-packages/airflow/example_dags/tutorial.py took 0.054 seconds
[2023-11-08T14:44:46.076+0000] {processor.py:157} INFO - Started process (PID=4268) to work on /home/airflow/.local/lib/python3.11/site-packages/airflow/example_dags/tutorial.py
[2023-11-08T14:44:46.077+0000] {processor.py:829} INFO - Processing file /home/airflow/.local/lib/python3.11/site-packages/airflow/example_dags/tutorial.py for tasks to queue
[2023-11-08T14:44:46.079+0000] {logging_mixin.py:154} INFO - [2023-11-08T14:44:46.078+0000] {dagbag.py:536} INFO - Filling up the DagBag from /home/airflow/.local/lib/python3.11/site-packages/airflow/example_dags/tutorial.py
[2023-11-08T14:44:46.083+0000] {processor.py:839} INFO - DAG(s) dict_keys(['tutorial']) retrieved from /home/airflow/.local/lib/python3.11/site-packages/airflow/example_dags/tutorial.py
[2023-11-08T14:44:46.101+0000] {logging_mixin.py:154} INFO - [2023-11-08T14:44:46.101+0000] {dag.py:2941} INFO - Sync 1 DAGs
[2023-11-08T14:44:46.119+0000] {logging_mixin.py:154} INFO - [2023-11-08T14:44:46.119+0000] {dag.py:3722} INFO - Setting next_dagrun for tutorial to 2023-11-07T14:44:46.119231+00:00, run_after=2023-11-08T14:44:46.119231+00:00
[2023-11-08T14:44:46.298+0000] {processor.py:179} INFO - Processing /home/airflow/.local/lib/python3.11/site-packages/airflow/example_dags/tutorial.py took 0.225 seconds
[2023-11-08T14:45:16.467+0000] {processor.py:157} INFO - Started process (PID=4345) to work on /home/airflow/.local/lib/python3.11/site-packages/airflow/example_dags/tutorial.py
[2023-11-08T14:45:16.467+0000] {processor.py:829} INFO - Processing file /home/airflow/.local/lib/python3.11/site-packages/airflow/example_dags/tutorial.py for tasks to queue
[2023-11-08T14:45:16.469+0000] {logging_mixin.py:154} INFO - [2023-11-08T14:45:16.469+0000] {dagbag.py:536} INFO - Filling up the DagBag from /home/airflow/.local/lib/python3.11/site-packages/airflow/example_dags/tutorial.py
[2023-11-08T14:45:16.473+0000] {processor.py:839} INFO - DAG(s) dict_keys(['tutorial']) retrieved from /home/airflow/.local/lib/python3.11/site-packages/airflow/example_dags/tutorial.py
[2023-11-08T14:45:16.488+0000] {logging_mixin.py:154} INFO - [2023-11-08T14:45:16.488+0000] {dag.py:2941} INFO - Sync 1 DAGs
[2023-11-08T14:45:16.505+0000] {logging_mixin.py:154} INFO - [2023-11-08T14:45:16.504+0000] {dag.py:3722} INFO - Setting next_dagrun for tutorial to 2023-11-07T14:45:16.504797+00:00, run_after=2023-11-08T14:45:16.504797+00:00
[2023-11-08T14:45:16.518+0000] {processor.py:179} INFO - Processing /home/airflow/.local/lib/python3.11/site-packages/airflow/example_dags/tutorial.py took 0.054 seconds
[2023-11-08T14:45:47.128+0000] {processor.py:157} INFO - Started process (PID=4421) to work on /home/airflow/.local/lib/python3.11/site-packages/airflow/example_dags/tutorial.py
[2023-11-08T14:45:47.129+0000] {processor.py:829} INFO - Processing file /home/airflow/.local/lib/python3.11/site-packages/airflow/example_dags/tutorial.py for tasks to queue
[2023-11-08T14:45:47.131+0000] {logging_mixin.py:154} INFO - [2023-11-08T14:45:47.131+0000] {dagbag.py:536} INFO - Filling up the DagBag from /home/airflow/.local/lib/python3.11/site-packages/airflow/example_dags/tutorial.py
[2023-11-08T14:45:47.137+0000] {processor.py:839} INFO - DAG(s) dict_keys(['tutorial']) retrieved from /home/airflow/.local/lib/python3.11/site-packages/airflow/example_dags/tutorial.py
[2023-11-08T14:45:47.153+0000] {logging_mixin.py:154} INFO - [2023-11-08T14:45:47.152+0000] {dag.py:2941} INFO - Sync 1 DAGs
[2023-11-08T14:45:47.168+0000] {logging_mixin.py:154} INFO - [2023-11-08T14:45:47.168+0000] {dag.py:3722} INFO - Setting next_dagrun for tutorial to 2023-11-07T14:45:47.168573+00:00, run_after=2023-11-08T14:45:47.168573+00:00
[2023-11-08T14:45:47.181+0000] {processor.py:179} INFO - Processing /home/airflow/.local/lib/python3.11/site-packages/airflow/example_dags/tutorial.py took 0.055 seconds
[2023-11-08T14:46:17.577+0000] {processor.py:157} INFO - Started process (PID=4497) to work on /home/airflow/.local/lib/python3.11/site-packages/airflow/example_dags/tutorial.py
[2023-11-08T14:46:17.578+0000] {processor.py:829} INFO - Processing file /home/airflow/.local/lib/python3.11/site-packages/airflow/example_dags/tutorial.py for tasks to queue
[2023-11-08T14:46:17.579+0000] {logging_mixin.py:154} INFO - [2023-11-08T14:46:17.579+0000] {dagbag.py:536} INFO - Filling up the DagBag from /home/airflow/.local/lib/python3.11/site-packages/airflow/example_dags/tutorial.py
[2023-11-08T14:46:17.583+0000] {processor.py:839} INFO - DAG(s) dict_keys(['tutorial']) retrieved from /home/airflow/.local/lib/python3.11/site-packages/airflow/example_dags/tutorial.py
[2023-11-08T14:46:17.597+0000] {logging_mixin.py:154} INFO - [2023-11-08T14:46:17.597+0000] {dag.py:2941} INFO - Sync 1 DAGs
[2023-11-08T14:46:17.613+0000] {logging_mixin.py:154} INFO - [2023-11-08T14:46:17.612+0000] {dag.py:3722} INFO - Setting next_dagrun for tutorial to 2023-11-07T14:46:17.612625+00:00, run_after=2023-11-08T14:46:17.612625+00:00
[2023-11-08T14:46:17.626+0000] {processor.py:179} INFO - Processing /home/airflow/.local/lib/python3.11/site-packages/airflow/example_dags/tutorial.py took 0.051 seconds
[2023-11-08T14:46:48.188+0000] {processor.py:157} INFO - Started process (PID=4573) to work on /home/airflow/.local/lib/python3.11/site-packages/airflow/example_dags/tutorial.py
[2023-11-08T14:46:48.189+0000] {processor.py:829} INFO - Processing file /home/airflow/.local/lib/python3.11/site-packages/airflow/example_dags/tutorial.py for tasks to queue
[2023-11-08T14:46:48.191+0000] {logging_mixin.py:154} INFO - [2023-11-08T14:46:48.191+0000] {dagbag.py:536} INFO - Filling up the DagBag from /home/airflow/.local/lib/python3.11/site-packages/airflow/example_dags/tutorial.py
[2023-11-08T14:46:48.195+0000] {processor.py:839} INFO - DAG(s) dict_keys(['tutorial']) retrieved from /home/airflow/.local/lib/python3.11/site-packages/airflow/example_dags/tutorial.py
[2023-11-08T14:46:48.208+0000] {logging_mixin.py:154} INFO - [2023-11-08T14:46:48.208+0000] {dag.py:2941} INFO - Sync 1 DAGs
[2023-11-08T14:46:48.224+0000] {logging_mixin.py:154} INFO - [2023-11-08T14:46:48.224+0000] {dag.py:3722} INFO - Setting next_dagrun for tutorial to 2023-11-07T14:46:48.224232+00:00, run_after=2023-11-08T14:46:48.224232+00:00
[2023-11-08T14:46:48.237+0000] {processor.py:179} INFO - Processing /home/airflow/.local/lib/python3.11/site-packages/airflow/example_dags/tutorial.py took 0.051 seconds
[2023-11-08T14:47:18.332+0000] {processor.py:157} INFO - Started process (PID=4649) to work on /home/airflow/.local/lib/python3.11/site-packages/airflow/example_dags/tutorial.py
[2023-11-08T14:47:18.332+0000] {processor.py:829} INFO - Processing file /home/airflow/.local/lib/python3.11/site-packages/airflow/example_dags/tutorial.py for tasks to queue
[2023-11-08T14:47:18.333+0000] {logging_mixin.py:154} INFO - [2023-11-08T14:47:18.333+0000] {dagbag.py:536} INFO - Filling up the DagBag from /home/airflow/.local/lib/python3.11/site-packages/airflow/example_dags/tutorial.py
[2023-11-08T14:47:18.337+0000] {processor.py:839} INFO - DAG(s) dict_keys(['tutorial']) retrieved from /home/airflow/.local/lib/python3.11/site-packages/airflow/example_dags/tutorial.py
[2023-11-08T14:47:18.351+0000] {logging_mixin.py:154} INFO - [2023-11-08T14:47:18.351+0000] {dag.py:2941} INFO - Sync 1 DAGs
[2023-11-08T14:47:18.367+0000] {logging_mixin.py:154} INFO - [2023-11-08T14:47:18.367+0000] {dag.py:3722} INFO - Setting next_dagrun for tutorial to 2023-11-07T14:47:18.367396+00:00, run_after=2023-11-08T14:47:18.367396+00:00
[2023-11-08T14:47:18.380+0000] {processor.py:179} INFO - Processing /home/airflow/.local/lib/python3.11/site-packages/airflow/example_dags/tutorial.py took 0.051 seconds
[2023-11-08T14:47:49.007+0000] {processor.py:157} INFO - Started process (PID=4725) to work on /home/airflow/.local/lib/python3.11/site-packages/airflow/example_dags/tutorial.py
[2023-11-08T14:47:49.008+0000] {processor.py:829} INFO - Processing file /home/airflow/.local/lib/python3.11/site-packages/airflow/example_dags/tutorial.py for tasks to queue
[2023-11-08T14:47:49.010+0000] {logging_mixin.py:154} INFO - [2023-11-08T14:47:49.010+0000] {dagbag.py:536} INFO - Filling up the DagBag from /home/airflow/.local/lib/python3.11/site-packages/airflow/example_dags/tutorial.py
[2023-11-08T14:47:49.015+0000] {processor.py:839} INFO - DAG(s) dict_keys(['tutorial']) retrieved from /home/airflow/.local/lib/python3.11/site-packages/airflow/example_dags/tutorial.py
[2023-11-08T14:47:49.031+0000] {logging_mixin.py:154} INFO - [2023-11-08T14:47:49.031+0000] {dag.py:2941} INFO - Sync 1 DAGs
[2023-11-08T14:47:49.269+0000] {logging_mixin.py:154} INFO - [2023-11-08T14:47:49.269+0000] {dag.py:3722} INFO - Setting next_dagrun for tutorial to 2023-11-07T14:47:49.269186+00:00, run_after=2023-11-08T14:47:49.269186+00:00
[2023-11-08T14:47:49.288+0000] {processor.py:179} INFO - Processing /home/airflow/.local/lib/python3.11/site-packages/airflow/example_dags/tutorial.py took 0.285 seconds
[2023-11-08T14:48:19.943+0000] {processor.py:157} INFO - Started process (PID=4801) to work on /home/airflow/.local/lib/python3.11/site-packages/airflow/example_dags/tutorial.py
[2023-11-08T14:48:19.944+0000] {processor.py:829} INFO - Processing file /home/airflow/.local/lib/python3.11/site-packages/airflow/example_dags/tutorial.py for tasks to queue
[2023-11-08T14:48:19.946+0000] {logging_mixin.py:154} INFO - [2023-11-08T14:48:19.945+0000] {dagbag.py:536} INFO - Filling up the DagBag from /home/airflow/.local/lib/python3.11/site-packages/airflow/example_dags/tutorial.py
[2023-11-08T14:48:19.951+0000] {processor.py:839} INFO - DAG(s) dict_keys(['tutorial']) retrieved from /home/airflow/.local/lib/python3.11/site-packages/airflow/example_dags/tutorial.py
[2023-11-08T14:48:19.970+0000] {logging_mixin.py:154} INFO - [2023-11-08T14:48:19.970+0000] {dag.py:2941} INFO - Sync 1 DAGs
[2023-11-08T14:48:19.990+0000] {logging_mixin.py:154} INFO - [2023-11-08T14:48:19.990+0000] {dag.py:3722} INFO - Setting next_dagrun for tutorial to 2023-11-07T14:48:19.989683+00:00, run_after=2023-11-08T14:48:19.989683+00:00
[2023-11-08T14:48:20.171+0000] {processor.py:179} INFO - Processing /home/airflow/.local/lib/python3.11/site-packages/airflow/example_dags/tutorial.py took 0.231 seconds
[2023-11-08T14:48:51.088+0000] {processor.py:157} INFO - Started process (PID=4877) to work on /home/airflow/.local/lib/python3.11/site-packages/airflow/example_dags/tutorial.py
[2023-11-08T14:48:51.109+0000] {processor.py:829} INFO - Processing file /home/airflow/.local/lib/python3.11/site-packages/airflow/example_dags/tutorial.py for tasks to queue
[2023-11-08T14:48:51.111+0000] {logging_mixin.py:154} INFO - [2023-11-08T14:48:51.110+0000] {dagbag.py:536} INFO - Filling up the DagBag from /home/airflow/.local/lib/python3.11/site-packages/airflow/example_dags/tutorial.py
[2023-11-08T14:48:51.115+0000] {processor.py:839} INFO - DAG(s) dict_keys(['tutorial']) retrieved from /home/airflow/.local/lib/python3.11/site-packages/airflow/example_dags/tutorial.py
[2023-11-08T14:48:51.131+0000] {logging_mixin.py:154} INFO - [2023-11-08T14:48:51.131+0000] {dag.py:2941} INFO - Sync 1 DAGs
[2023-11-08T14:48:51.147+0000] {logging_mixin.py:154} INFO - [2023-11-08T14:48:51.147+0000] {dag.py:3722} INFO - Setting next_dagrun for tutorial to 2023-11-07T14:48:51.147559+00:00, run_after=2023-11-08T14:48:51.147559+00:00
[2023-11-08T14:48:51.162+0000] {processor.py:179} INFO - Processing /home/airflow/.local/lib/python3.11/site-packages/airflow/example_dags/tutorial.py took 0.076 seconds
[2023-11-08T14:49:21.440+0000] {processor.py:157} INFO - Started process (PID=4953) to work on /home/airflow/.local/lib/python3.11/site-packages/airflow/example_dags/tutorial.py
[2023-11-08T14:49:21.440+0000] {processor.py:829} INFO - Processing file /home/airflow/.local/lib/python3.11/site-packages/airflow/example_dags/tutorial.py for tasks to queue
[2023-11-08T14:49:21.442+0000] {logging_mixin.py:154} INFO - [2023-11-08T14:49:21.441+0000] {dagbag.py:536} INFO - Filling up the DagBag from /home/airflow/.local/lib/python3.11/site-packages/airflow/example_dags/tutorial.py
[2023-11-08T14:49:21.446+0000] {processor.py:839} INFO - DAG(s) dict_keys(['tutorial']) retrieved from /home/airflow/.local/lib/python3.11/site-packages/airflow/example_dags/tutorial.py
[2023-11-08T14:49:21.625+0000] {logging_mixin.py:154} INFO - [2023-11-08T14:49:21.624+0000] {dag.py:2941} INFO - Sync 1 DAGs
[2023-11-08T14:49:21.640+0000] {logging_mixin.py:154} INFO - [2023-11-08T14:49:21.640+0000] {dag.py:3722} INFO - Setting next_dagrun for tutorial to 2023-11-07T14:49:21.640494+00:00, run_after=2023-11-08T14:49:21.640494+00:00
[2023-11-08T14:49:21.653+0000] {processor.py:179} INFO - Processing /home/airflow/.local/lib/python3.11/site-packages/airflow/example_dags/tutorial.py took 0.216 seconds
[2023-11-08T14:49:52.617+0000] {processor.py:157} INFO - Started process (PID=5029) to work on /home/airflow/.local/lib/python3.11/site-packages/airflow/example_dags/tutorial.py
[2023-11-08T14:49:52.619+0000] {processor.py:829} INFO - Processing file /home/airflow/.local/lib/python3.11/site-packages/airflow/example_dags/tutorial.py for tasks to queue
[2023-11-08T14:49:52.622+0000] {logging_mixin.py:154} INFO - [2023-11-08T14:49:52.621+0000] {dagbag.py:536} INFO - Filling up the DagBag from /home/airflow/.local/lib/python3.11/site-packages/airflow/example_dags/tutorial.py
[2023-11-08T14:49:52.633+0000] {processor.py:839} INFO - DAG(s) dict_keys(['tutorial']) retrieved from /home/airflow/.local/lib/python3.11/site-packages/airflow/example_dags/tutorial.py
[2023-11-08T14:49:52.674+0000] {logging_mixin.py:154} INFO - [2023-11-08T14:49:52.673+0000] {dag.py:2941} INFO - Sync 1 DAGs
[2023-11-08T14:49:52.718+0000] {logging_mixin.py:154} INFO - [2023-11-08T14:49:52.718+0000] {dag.py:3722} INFO - Setting next_dagrun for tutorial to 2023-11-07T14:49:52.717860+00:00, run_after=2023-11-08T14:49:52.717860+00:00
[2023-11-08T14:49:52.752+0000] {processor.py:179} INFO - Processing /home/airflow/.local/lib/python3.11/site-packages/airflow/example_dags/tutorial.py took 0.140 seconds
[2023-11-08T14:50:22.834+0000] {processor.py:157} INFO - Started process (PID=5105) to work on /home/airflow/.local/lib/python3.11/site-packages/airflow/example_dags/tutorial.py
[2023-11-08T14:50:22.835+0000] {processor.py:829} INFO - Processing file /home/airflow/.local/lib/python3.11/site-packages/airflow/example_dags/tutorial.py for tasks to queue
[2023-11-08T14:50:22.836+0000] {logging_mixin.py:154} INFO - [2023-11-08T14:50:22.836+0000] {dagbag.py:536} INFO - Filling up the DagBag from /home/airflow/.local/lib/python3.11/site-packages/airflow/example_dags/tutorial.py
[2023-11-08T14:50:22.841+0000] {processor.py:839} INFO - DAG(s) dict_keys(['tutorial']) retrieved from /home/airflow/.local/lib/python3.11/site-packages/airflow/example_dags/tutorial.py
[2023-11-08T14:50:22.854+0000] {logging_mixin.py:154} INFO - [2023-11-08T14:50:22.854+0000] {dag.py:2941} INFO - Sync 1 DAGs
[2023-11-08T14:50:22.870+0000] {logging_mixin.py:154} INFO - [2023-11-08T14:50:22.870+0000] {dag.py:3722} INFO - Setting next_dagrun for tutorial to 2023-11-07T14:50:22.869947+00:00, run_after=2023-11-08T14:50:22.869947+00:00
[2023-11-08T14:50:22.884+0000] {processor.py:179} INFO - Processing /home/airflow/.local/lib/python3.11/site-packages/airflow/example_dags/tutorial.py took 0.053 seconds
[2023-11-08T14:50:53.077+0000] {processor.py:157} INFO - Started process (PID=5181) to work on /home/airflow/.local/lib/python3.11/site-packages/airflow/example_dags/tutorial.py
[2023-11-08T14:50:53.124+0000] {processor.py:829} INFO - Processing file /home/airflow/.local/lib/python3.11/site-packages/airflow/example_dags/tutorial.py for tasks to queue
[2023-11-08T14:50:53.125+0000] {logging_mixin.py:154} INFO - [2023-11-08T14:50:53.125+0000] {dagbag.py:536} INFO - Filling up the DagBag from /home/airflow/.local/lib/python3.11/site-packages/airflow/example_dags/tutorial.py
[2023-11-08T14:50:53.130+0000] {processor.py:839} INFO - DAG(s) dict_keys(['tutorial']) retrieved from /home/airflow/.local/lib/python3.11/site-packages/airflow/example_dags/tutorial.py
[2023-11-08T14:50:53.146+0000] {logging_mixin.py:154} INFO - [2023-11-08T14:50:53.146+0000] {dag.py:2941} INFO - Sync 1 DAGs
[2023-11-08T14:50:53.162+0000] {logging_mixin.py:154} INFO - [2023-11-08T14:50:53.162+0000] {dag.py:3722} INFO - Setting next_dagrun for tutorial to 2023-11-07T14:50:53.162282+00:00, run_after=2023-11-08T14:50:53.162282+00:00
[2023-11-08T14:50:53.175+0000] {processor.py:179} INFO - Processing /home/airflow/.local/lib/python3.11/site-packages/airflow/example_dags/tutorial.py took 0.100 seconds
[2023-11-08T14:51:24.131+0000] {processor.py:157} INFO - Started process (PID=5257) to work on /home/airflow/.local/lib/python3.11/site-packages/airflow/example_dags/tutorial.py
[2023-11-08T14:51:24.132+0000] {processor.py:829} INFO - Processing file /home/airflow/.local/lib/python3.11/site-packages/airflow/example_dags/tutorial.py for tasks to queue
[2023-11-08T14:51:24.135+0000] {logging_mixin.py:154} INFO - [2023-11-08T14:51:24.135+0000] {dagbag.py:536} INFO - Filling up the DagBag from /home/airflow/.local/lib/python3.11/site-packages/airflow/example_dags/tutorial.py
[2023-11-08T14:51:24.142+0000] {processor.py:839} INFO - DAG(s) dict_keys(['tutorial']) retrieved from /home/airflow/.local/lib/python3.11/site-packages/airflow/example_dags/tutorial.py
[2023-11-08T14:51:24.157+0000] {logging_mixin.py:154} INFO - [2023-11-08T14:51:24.157+0000] {dag.py:2941} INFO - Sync 1 DAGs
[2023-11-08T14:51:24.173+0000] {logging_mixin.py:154} INFO - [2023-11-08T14:51:24.173+0000] {dag.py:3722} INFO - Setting next_dagrun for tutorial to 2023-11-07T14:51:24.173342+00:00, run_after=2023-11-08T14:51:24.173342+00:00
[2023-11-08T14:51:24.186+0000] {processor.py:179} INFO - Processing /home/airflow/.local/lib/python3.11/site-packages/airflow/example_dags/tutorial.py took 0.056 seconds
[2023-11-08T14:51:54.539+0000] {processor.py:157} INFO - Started process (PID=5333) to work on /home/airflow/.local/lib/python3.11/site-packages/airflow/example_dags/tutorial.py
[2023-11-08T14:51:54.540+0000] {processor.py:829} INFO - Processing file /home/airflow/.local/lib/python3.11/site-packages/airflow/example_dags/tutorial.py for tasks to queue
[2023-11-08T14:51:54.542+0000] {logging_mixin.py:154} INFO - [2023-11-08T14:51:54.542+0000] {dagbag.py:536} INFO - Filling up the DagBag from /home/airflow/.local/lib/python3.11/site-packages/airflow/example_dags/tutorial.py
[2023-11-08T14:51:54.551+0000] {processor.py:839} INFO - DAG(s) dict_keys(['tutorial']) retrieved from /home/airflow/.local/lib/python3.11/site-packages/airflow/example_dags/tutorial.py
[2023-11-08T14:51:54.572+0000] {logging_mixin.py:154} INFO - [2023-11-08T14:51:54.571+0000] {dag.py:2941} INFO - Sync 1 DAGs
[2023-11-08T14:51:54.593+0000] {logging_mixin.py:154} INFO - [2023-11-08T14:51:54.593+0000] {dag.py:3722} INFO - Setting next_dagrun for tutorial to 2023-11-07T14:51:54.592911+00:00, run_after=2023-11-08T14:51:54.592911+00:00
[2023-11-08T14:51:54.611+0000] {processor.py:179} INFO - Processing /home/airflow/.local/lib/python3.11/site-packages/airflow/example_dags/tutorial.py took 0.074 seconds
