[2023-11-08T14:16:24.357+0000] {processor.py:157} INFO - Started process (PID=94) to work on /home/airflow/.local/lib/python3.11/site-packages/airflow/example_dags/tutorial_dag.py
[2023-11-08T14:16:24.358+0000] {processor.py:829} INFO - Processing file /home/airflow/.local/lib/python3.11/site-packages/airflow/example_dags/tutorial_dag.py for tasks to queue
[2023-11-08T14:16:24.362+0000] {logging_mixin.py:154} INFO - [2023-11-08T14:16:24.362+0000] {dagbag.py:536} INFO - Filling up the DagBag from /home/airflow/.local/lib/python3.11/site-packages/airflow/example_dags/tutorial_dag.py
[2023-11-08T14:16:24.381+0000] {processor.py:839} INFO - DAG(s) dict_keys(['tutorial_dag']) retrieved from /home/airflow/.local/lib/python3.11/site-packages/airflow/example_dags/tutorial_dag.py
[2023-11-08T14:16:24.818+0000] {logging_mixin.py:154} INFO - [2023-11-08T14:16:24.816+0000] {manager.py:499} INFO - Created Permission View: %s
[2023-11-08T14:16:24.847+0000] {logging_mixin.py:154} INFO - [2023-11-08T14:16:24.847+0000] {manager.py:499} INFO - Created Permission View: %s
[2023-11-08T14:16:24.870+0000] {logging_mixin.py:154} INFO - [2023-11-08T14:16:24.869+0000] {manager.py:499} INFO - Created Permission View: %s
[2023-11-08T14:16:24.871+0000] {logging_mixin.py:154} INFO - [2023-11-08T14:16:24.870+0000] {dag.py:2941} INFO - Sync 1 DAGs
[2023-11-08T14:16:24.912+0000] {logging_mixin.py:154} INFO - [2023-11-08T14:16:24.912+0000] {dag.py:2963} INFO - Creating ORM DAG for tutorial_dag
[2023-11-08T14:16:24.914+0000] {logging_mixin.py:154} INFO - [2023-11-08T14:16:24.914+0000] {dag.py:3722} INFO - Setting next_dagrun for tutorial_dag to None, run_after=None
[2023-11-08T14:16:24.966+0000] {processor.py:179} INFO - Processing /home/airflow/.local/lib/python3.11/site-packages/airflow/example_dags/tutorial_dag.py took 0.624 seconds
[2023-11-08T14:16:55.607+0000] {processor.py:157} INFO - Started process (PID=170) to work on /home/airflow/.local/lib/python3.11/site-packages/airflow/example_dags/tutorial_dag.py
[2023-11-08T14:16:55.608+0000] {processor.py:829} INFO - Processing file /home/airflow/.local/lib/python3.11/site-packages/airflow/example_dags/tutorial_dag.py for tasks to queue
[2023-11-08T14:16:55.611+0000] {logging_mixin.py:154} INFO - [2023-11-08T14:16:55.611+0000] {dagbag.py:536} INFO - Filling up the DagBag from /home/airflow/.local/lib/python3.11/site-packages/airflow/example_dags/tutorial_dag.py
[2023-11-08T14:16:55.618+0000] {processor.py:839} INFO - DAG(s) dict_keys(['tutorial_dag']) retrieved from /home/airflow/.local/lib/python3.11/site-packages/airflow/example_dags/tutorial_dag.py
[2023-11-08T14:16:55.649+0000] {logging_mixin.py:154} INFO - [2023-11-08T14:16:55.649+0000] {dag.py:2941} INFO - Sync 1 DAGs
[2023-11-08T14:16:55.668+0000] {logging_mixin.py:154} INFO - [2023-11-08T14:16:55.668+0000] {dag.py:3722} INFO - Setting next_dagrun for tutorial_dag to None, run_after=None
[2023-11-08T14:16:55.698+0000] {processor.py:179} INFO - Processing /home/airflow/.local/lib/python3.11/site-packages/airflow/example_dags/tutorial_dag.py took 0.096 seconds
[2023-11-08T14:17:26.433+0000] {processor.py:157} INFO - Started process (PID=246) to work on /home/airflow/.local/lib/python3.11/site-packages/airflow/example_dags/tutorial_dag.py
[2023-11-08T14:17:26.435+0000] {processor.py:829} INFO - Processing file /home/airflow/.local/lib/python3.11/site-packages/airflow/example_dags/tutorial_dag.py for tasks to queue
[2023-11-08T14:17:26.438+0000] {logging_mixin.py:154} INFO - [2023-11-08T14:17:26.438+0000] {dagbag.py:536} INFO - Filling up the DagBag from /home/airflow/.local/lib/python3.11/site-packages/airflow/example_dags/tutorial_dag.py
[2023-11-08T14:17:26.453+0000] {processor.py:839} INFO - DAG(s) dict_keys(['tutorial_dag']) retrieved from /home/airflow/.local/lib/python3.11/site-packages/airflow/example_dags/tutorial_dag.py
[2023-11-08T14:17:26.491+0000] {logging_mixin.py:154} INFO - [2023-11-08T14:17:26.491+0000] {dag.py:2941} INFO - Sync 1 DAGs
[2023-11-08T14:17:26.522+0000] {logging_mixin.py:154} INFO - [2023-11-08T14:17:26.522+0000] {dag.py:3722} INFO - Setting next_dagrun for tutorial_dag to None, run_after=None
[2023-11-08T14:17:26.567+0000] {processor.py:179} INFO - Processing /home/airflow/.local/lib/python3.11/site-packages/airflow/example_dags/tutorial_dag.py took 0.139 seconds
[2023-11-08T14:17:56.614+0000] {processor.py:157} INFO - Started process (PID=321) to work on /home/airflow/.local/lib/python3.11/site-packages/airflow/example_dags/tutorial_dag.py
[2023-11-08T14:17:56.616+0000] {processor.py:829} INFO - Processing file /home/airflow/.local/lib/python3.11/site-packages/airflow/example_dags/tutorial_dag.py for tasks to queue
[2023-11-08T14:17:56.620+0000] {logging_mixin.py:154} INFO - [2023-11-08T14:17:56.619+0000] {dagbag.py:536} INFO - Filling up the DagBag from /home/airflow/.local/lib/python3.11/site-packages/airflow/example_dags/tutorial_dag.py
[2023-11-08T14:17:56.629+0000] {processor.py:839} INFO - DAG(s) dict_keys(['tutorial_dag']) retrieved from /home/airflow/.local/lib/python3.11/site-packages/airflow/example_dags/tutorial_dag.py
[2023-11-08T14:17:56.666+0000] {logging_mixin.py:154} INFO - [2023-11-08T14:17:56.665+0000] {dag.py:2941} INFO - Sync 1 DAGs
[2023-11-08T14:17:56.691+0000] {logging_mixin.py:154} INFO - [2023-11-08T14:17:56.690+0000] {dag.py:3722} INFO - Setting next_dagrun for tutorial_dag to None, run_after=None
[2023-11-08T14:17:56.726+0000] {processor.py:179} INFO - Processing /home/airflow/.local/lib/python3.11/site-packages/airflow/example_dags/tutorial_dag.py took 0.116 seconds
[2023-11-08T14:18:27.626+0000] {processor.py:157} INFO - Started process (PID=397) to work on /home/airflow/.local/lib/python3.11/site-packages/airflow/example_dags/tutorial_dag.py
[2023-11-08T14:18:27.629+0000] {processor.py:829} INFO - Processing file /home/airflow/.local/lib/python3.11/site-packages/airflow/example_dags/tutorial_dag.py for tasks to queue
[2023-11-08T14:18:27.636+0000] {logging_mixin.py:154} INFO - [2023-11-08T14:18:27.635+0000] {dagbag.py:536} INFO - Filling up the DagBag from /home/airflow/.local/lib/python3.11/site-packages/airflow/example_dags/tutorial_dag.py
[2023-11-08T14:18:27.656+0000] {processor.py:839} INFO - DAG(s) dict_keys(['tutorial_dag']) retrieved from /home/airflow/.local/lib/python3.11/site-packages/airflow/example_dags/tutorial_dag.py
[2023-11-08T14:18:27.745+0000] {logging_mixin.py:154} INFO - [2023-11-08T14:18:27.744+0000] {dag.py:2941} INFO - Sync 1 DAGs
[2023-11-08T14:18:27.800+0000] {logging_mixin.py:154} INFO - [2023-11-08T14:18:27.799+0000] {dag.py:3722} INFO - Setting next_dagrun for tutorial_dag to None, run_after=None
[2023-11-08T14:18:27.858+0000] {processor.py:179} INFO - Processing /home/airflow/.local/lib/python3.11/site-packages/airflow/example_dags/tutorial_dag.py took 0.244 seconds
[2023-11-08T14:18:58.666+0000] {processor.py:157} INFO - Started process (PID=472) to work on /home/airflow/.local/lib/python3.11/site-packages/airflow/example_dags/tutorial_dag.py
[2023-11-08T14:18:58.668+0000] {processor.py:829} INFO - Processing file /home/airflow/.local/lib/python3.11/site-packages/airflow/example_dags/tutorial_dag.py for tasks to queue
[2023-11-08T14:18:58.672+0000] {logging_mixin.py:154} INFO - [2023-11-08T14:18:58.672+0000] {dagbag.py:536} INFO - Filling up the DagBag from /home/airflow/.local/lib/python3.11/site-packages/airflow/example_dags/tutorial_dag.py
[2023-11-08T14:18:58.689+0000] {processor.py:839} INFO - DAG(s) dict_keys(['tutorial_dag']) retrieved from /home/airflow/.local/lib/python3.11/site-packages/airflow/example_dags/tutorial_dag.py
[2023-11-08T14:18:58.729+0000] {logging_mixin.py:154} INFO - [2023-11-08T14:18:58.728+0000] {dag.py:2941} INFO - Sync 1 DAGs
[2023-11-08T14:18:58.754+0000] {logging_mixin.py:154} INFO - [2023-11-08T14:18:58.754+0000] {dag.py:3722} INFO - Setting next_dagrun for tutorial_dag to None, run_after=None
[2023-11-08T14:18:58.837+0000] {processor.py:179} INFO - Processing /home/airflow/.local/lib/python3.11/site-packages/airflow/example_dags/tutorial_dag.py took 0.181 seconds
[2023-11-08T14:19:38.415+0000] {processor.py:157} INFO - Started process (PID=550) to work on /home/airflow/.local/lib/python3.11/site-packages/airflow/example_dags/tutorial_dag.py
[2023-11-08T14:19:38.420+0000] {processor.py:829} INFO - Processing file /home/airflow/.local/lib/python3.11/site-packages/airflow/example_dags/tutorial_dag.py for tasks to queue
[2023-11-08T14:19:38.425+0000] {logging_mixin.py:154} INFO - [2023-11-08T14:19:38.424+0000] {dagbag.py:536} INFO - Filling up the DagBag from /home/airflow/.local/lib/python3.11/site-packages/airflow/example_dags/tutorial_dag.py
[2023-11-08T14:19:38.444+0000] {processor.py:839} INFO - DAG(s) dict_keys(['tutorial_dag']) retrieved from /home/airflow/.local/lib/python3.11/site-packages/airflow/example_dags/tutorial_dag.py
[2023-11-08T14:19:38.559+0000] {logging_mixin.py:154} INFO - [2023-11-08T14:19:38.559+0000] {dag.py:2941} INFO - Sync 1 DAGs
[2023-11-08T14:19:38.661+0000] {logging_mixin.py:154} INFO - [2023-11-08T14:19:38.661+0000] {dag.py:3722} INFO - Setting next_dagrun for tutorial_dag to None, run_after=None
[2023-11-08T14:19:38.737+0000] {processor.py:179} INFO - Processing /home/airflow/.local/lib/python3.11/site-packages/airflow/example_dags/tutorial_dag.py took 0.337 seconds
[2023-11-08T14:20:08.928+0000] {processor.py:157} INFO - Started process (PID=627) to work on /home/airflow/.local/lib/python3.11/site-packages/airflow/example_dags/tutorial_dag.py
[2023-11-08T14:20:08.930+0000] {processor.py:829} INFO - Processing file /home/airflow/.local/lib/python3.11/site-packages/airflow/example_dags/tutorial_dag.py for tasks to queue
[2023-11-08T14:20:08.933+0000] {logging_mixin.py:154} INFO - [2023-11-08T14:20:08.932+0000] {dagbag.py:536} INFO - Filling up the DagBag from /home/airflow/.local/lib/python3.11/site-packages/airflow/example_dags/tutorial_dag.py
[2023-11-08T14:20:08.940+0000] {processor.py:839} INFO - DAG(s) dict_keys(['tutorial_dag']) retrieved from /home/airflow/.local/lib/python3.11/site-packages/airflow/example_dags/tutorial_dag.py
[2023-11-08T14:20:08.977+0000] {logging_mixin.py:154} INFO - [2023-11-08T14:20:08.977+0000] {dag.py:2941} INFO - Sync 1 DAGs
[2023-11-08T14:20:09.012+0000] {logging_mixin.py:154} INFO - [2023-11-08T14:20:09.012+0000] {dag.py:3722} INFO - Setting next_dagrun for tutorial_dag to None, run_after=None
[2023-11-08T14:20:09.045+0000] {processor.py:179} INFO - Processing /home/airflow/.local/lib/python3.11/site-packages/airflow/example_dags/tutorial_dag.py took 0.121 seconds
[2023-11-08T14:20:40.150+0000] {processor.py:157} INFO - Started process (PID=703) to work on /home/airflow/.local/lib/python3.11/site-packages/airflow/example_dags/tutorial_dag.py
[2023-11-08T14:20:40.151+0000] {processor.py:829} INFO - Processing file /home/airflow/.local/lib/python3.11/site-packages/airflow/example_dags/tutorial_dag.py for tasks to queue
[2023-11-08T14:20:40.156+0000] {logging_mixin.py:154} INFO - [2023-11-08T14:20:40.155+0000] {dagbag.py:536} INFO - Filling up the DagBag from /home/airflow/.local/lib/python3.11/site-packages/airflow/example_dags/tutorial_dag.py
[2023-11-08T14:20:40.171+0000] {processor.py:839} INFO - DAG(s) dict_keys(['tutorial_dag']) retrieved from /home/airflow/.local/lib/python3.11/site-packages/airflow/example_dags/tutorial_dag.py
[2023-11-08T14:20:40.226+0000] {logging_mixin.py:154} INFO - [2023-11-08T14:20:40.225+0000] {dag.py:2941} INFO - Sync 1 DAGs
[2023-11-08T14:20:40.276+0000] {logging_mixin.py:154} INFO - [2023-11-08T14:20:40.275+0000] {dag.py:3722} INFO - Setting next_dagrun for tutorial_dag to None, run_after=None
[2023-11-08T14:20:40.336+0000] {processor.py:179} INFO - Processing /home/airflow/.local/lib/python3.11/site-packages/airflow/example_dags/tutorial_dag.py took 0.194 seconds
[2023-11-08T14:21:11.279+0000] {processor.py:157} INFO - Started process (PID=779) to work on /home/airflow/.local/lib/python3.11/site-packages/airflow/example_dags/tutorial_dag.py
[2023-11-08T14:21:11.285+0000] {processor.py:829} INFO - Processing file /home/airflow/.local/lib/python3.11/site-packages/airflow/example_dags/tutorial_dag.py for tasks to queue
[2023-11-08T14:21:11.289+0000] {logging_mixin.py:154} INFO - [2023-11-08T14:21:11.288+0000] {dagbag.py:536} INFO - Filling up the DagBag from /home/airflow/.local/lib/python3.11/site-packages/airflow/example_dags/tutorial_dag.py
[2023-11-08T14:21:11.307+0000] {processor.py:839} INFO - DAG(s) dict_keys(['tutorial_dag']) retrieved from /home/airflow/.local/lib/python3.11/site-packages/airflow/example_dags/tutorial_dag.py
[2023-11-08T14:21:11.382+0000] {logging_mixin.py:154} INFO - [2023-11-08T14:21:11.379+0000] {dag.py:2941} INFO - Sync 1 DAGs
[2023-11-08T14:21:11.443+0000] {logging_mixin.py:154} INFO - [2023-11-08T14:21:11.442+0000] {dag.py:3722} INFO - Setting next_dagrun for tutorial_dag to None, run_after=None
[2023-11-08T14:21:11.503+0000] {processor.py:179} INFO - Processing /home/airflow/.local/lib/python3.11/site-packages/airflow/example_dags/tutorial_dag.py took 0.233 seconds
[2023-11-08T14:21:41.667+0000] {processor.py:157} INFO - Started process (PID=853) to work on /home/airflow/.local/lib/python3.11/site-packages/airflow/example_dags/tutorial_dag.py
[2023-11-08T14:21:41.670+0000] {processor.py:829} INFO - Processing file /home/airflow/.local/lib/python3.11/site-packages/airflow/example_dags/tutorial_dag.py for tasks to queue
[2023-11-08T14:21:41.675+0000] {logging_mixin.py:154} INFO - [2023-11-08T14:21:41.675+0000] {dagbag.py:536} INFO - Filling up the DagBag from /home/airflow/.local/lib/python3.11/site-packages/airflow/example_dags/tutorial_dag.py
[2023-11-08T14:21:41.687+0000] {processor.py:839} INFO - DAG(s) dict_keys(['tutorial_dag']) retrieved from /home/airflow/.local/lib/python3.11/site-packages/airflow/example_dags/tutorial_dag.py
[2023-11-08T14:21:41.733+0000] {logging_mixin.py:154} INFO - [2023-11-08T14:21:41.732+0000] {dag.py:2941} INFO - Sync 1 DAGs
[2023-11-08T14:21:41.759+0000] {logging_mixin.py:154} INFO - [2023-11-08T14:21:41.759+0000] {dag.py:3722} INFO - Setting next_dagrun for tutorial_dag to None, run_after=None
[2023-11-08T14:21:41.802+0000] {processor.py:179} INFO - Processing /home/airflow/.local/lib/python3.11/site-packages/airflow/example_dags/tutorial_dag.py took 0.141 seconds
[2023-11-08T14:22:12.303+0000] {processor.py:157} INFO - Started process (PID=929) to work on /home/airflow/.local/lib/python3.11/site-packages/airflow/example_dags/tutorial_dag.py
[2023-11-08T14:22:12.305+0000] {processor.py:829} INFO - Processing file /home/airflow/.local/lib/python3.11/site-packages/airflow/example_dags/tutorial_dag.py for tasks to queue
[2023-11-08T14:22:12.309+0000] {logging_mixin.py:154} INFO - [2023-11-08T14:22:12.309+0000] {dagbag.py:536} INFO - Filling up the DagBag from /home/airflow/.local/lib/python3.11/site-packages/airflow/example_dags/tutorial_dag.py
[2023-11-08T14:22:12.319+0000] {processor.py:839} INFO - DAG(s) dict_keys(['tutorial_dag']) retrieved from /home/airflow/.local/lib/python3.11/site-packages/airflow/example_dags/tutorial_dag.py
[2023-11-08T14:22:12.354+0000] {logging_mixin.py:154} INFO - [2023-11-08T14:22:12.353+0000] {dag.py:2941} INFO - Sync 1 DAGs
[2023-11-08T14:22:12.377+0000] {logging_mixin.py:154} INFO - [2023-11-08T14:22:12.377+0000] {dag.py:3722} INFO - Setting next_dagrun for tutorial_dag to None, run_after=None
[2023-11-08T14:22:12.410+0000] {processor.py:179} INFO - Processing /home/airflow/.local/lib/python3.11/site-packages/airflow/example_dags/tutorial_dag.py took 0.112 seconds
[2023-11-08T14:22:42.577+0000] {processor.py:157} INFO - Started process (PID=1005) to work on /home/airflow/.local/lib/python3.11/site-packages/airflow/example_dags/tutorial_dag.py
[2023-11-08T14:22:42.578+0000] {processor.py:829} INFO - Processing file /home/airflow/.local/lib/python3.11/site-packages/airflow/example_dags/tutorial_dag.py for tasks to queue
[2023-11-08T14:22:42.582+0000] {logging_mixin.py:154} INFO - [2023-11-08T14:22:42.581+0000] {dagbag.py:536} INFO - Filling up the DagBag from /home/airflow/.local/lib/python3.11/site-packages/airflow/example_dags/tutorial_dag.py
[2023-11-08T14:22:42.591+0000] {processor.py:839} INFO - DAG(s) dict_keys(['tutorial_dag']) retrieved from /home/airflow/.local/lib/python3.11/site-packages/airflow/example_dags/tutorial_dag.py
[2023-11-08T14:22:42.623+0000] {logging_mixin.py:154} INFO - [2023-11-08T14:22:42.623+0000] {dag.py:2941} INFO - Sync 1 DAGs
[2023-11-08T14:22:42.645+0000] {logging_mixin.py:154} INFO - [2023-11-08T14:22:42.644+0000] {dag.py:3722} INFO - Setting next_dagrun for tutorial_dag to None, run_after=None
[2023-11-08T14:22:42.677+0000] {processor.py:179} INFO - Processing /home/airflow/.local/lib/python3.11/site-packages/airflow/example_dags/tutorial_dag.py took 0.104 seconds
[2023-11-08T14:23:13.369+0000] {processor.py:157} INFO - Started process (PID=1081) to work on /home/airflow/.local/lib/python3.11/site-packages/airflow/example_dags/tutorial_dag.py
[2023-11-08T14:23:13.371+0000] {processor.py:829} INFO - Processing file /home/airflow/.local/lib/python3.11/site-packages/airflow/example_dags/tutorial_dag.py for tasks to queue
[2023-11-08T14:23:13.376+0000] {logging_mixin.py:154} INFO - [2023-11-08T14:23:13.375+0000] {dagbag.py:536} INFO - Filling up the DagBag from /home/airflow/.local/lib/python3.11/site-packages/airflow/example_dags/tutorial_dag.py
[2023-11-08T14:23:13.407+0000] {processor.py:839} INFO - DAG(s) dict_keys(['tutorial_dag']) retrieved from /home/airflow/.local/lib/python3.11/site-packages/airflow/example_dags/tutorial_dag.py
[2023-11-08T14:23:13.480+0000] {logging_mixin.py:154} INFO - [2023-11-08T14:23:13.480+0000] {dag.py:2941} INFO - Sync 1 DAGs
[2023-11-08T14:23:13.545+0000] {logging_mixin.py:154} INFO - [2023-11-08T14:23:13.544+0000] {dag.py:3722} INFO - Setting next_dagrun for tutorial_dag to None, run_after=None
[2023-11-08T14:23:13.645+0000] {processor.py:179} INFO - Processing /home/airflow/.local/lib/python3.11/site-packages/airflow/example_dags/tutorial_dag.py took 0.291 seconds
[2023-11-08T14:23:57.025+0000] {processor.py:157} INFO - Started process (PID=1157) to work on /home/airflow/.local/lib/python3.11/site-packages/airflow/example_dags/tutorial_dag.py
[2023-11-08T14:23:57.028+0000] {processor.py:829} INFO - Processing file /home/airflow/.local/lib/python3.11/site-packages/airflow/example_dags/tutorial_dag.py for tasks to queue
[2023-11-08T14:23:57.044+0000] {logging_mixin.py:154} INFO - [2023-11-08T14:23:57.033+0000] {dagbag.py:536} INFO - Filling up the DagBag from /home/airflow/.local/lib/python3.11/site-packages/airflow/example_dags/tutorial_dag.py
[2023-11-08T14:23:57.067+0000] {processor.py:839} INFO - DAG(s) dict_keys(['tutorial_dag']) retrieved from /home/airflow/.local/lib/python3.11/site-packages/airflow/example_dags/tutorial_dag.py
[2023-11-08T14:23:57.148+0000] {logging_mixin.py:154} INFO - [2023-11-08T14:23:57.146+0000] {dag.py:2941} INFO - Sync 1 DAGs
[2023-11-08T14:23:57.201+0000] {logging_mixin.py:154} INFO - [2023-11-08T14:23:57.200+0000] {dag.py:3722} INFO - Setting next_dagrun for tutorial_dag to None, run_after=None
[2023-11-08T14:23:57.271+0000] {processor.py:179} INFO - Processing /home/airflow/.local/lib/python3.11/site-packages/airflow/example_dags/tutorial_dag.py took 0.259 seconds
[2023-11-08T14:24:33.274+0000] {processor.py:157} INFO - Started process (PID=1261) to work on /home/airflow/.local/lib/python3.11/site-packages/airflow/example_dags/tutorial_dag.py
[2023-11-08T14:24:33.276+0000] {processor.py:829} INFO - Processing file /home/airflow/.local/lib/python3.11/site-packages/airflow/example_dags/tutorial_dag.py for tasks to queue
[2023-11-08T14:24:33.284+0000] {logging_mixin.py:154} INFO - [2023-11-08T14:24:33.283+0000] {dagbag.py:536} INFO - Filling up the DagBag from /home/airflow/.local/lib/python3.11/site-packages/airflow/example_dags/tutorial_dag.py
[2023-11-08T14:24:33.301+0000] {processor.py:839} INFO - DAG(s) dict_keys(['tutorial_dag']) retrieved from /home/airflow/.local/lib/python3.11/site-packages/airflow/example_dags/tutorial_dag.py
[2023-11-08T14:24:33.450+0000] {logging_mixin.py:154} INFO - [2023-11-08T14:24:33.449+0000] {dag.py:2941} INFO - Sync 1 DAGs
[2023-11-08T14:24:33.556+0000] {logging_mixin.py:154} INFO - [2023-11-08T14:24:33.555+0000] {dag.py:3722} INFO - Setting next_dagrun for tutorial_dag to None, run_after=None
[2023-11-08T14:24:33.667+0000] {processor.py:179} INFO - Processing /home/airflow/.local/lib/python3.11/site-packages/airflow/example_dags/tutorial_dag.py took 0.400 seconds
[2023-11-08T14:25:04.473+0000] {processor.py:157} INFO - Started process (PID=1337) to work on /home/airflow/.local/lib/python3.11/site-packages/airflow/example_dags/tutorial_dag.py
[2023-11-08T14:25:04.475+0000] {processor.py:829} INFO - Processing file /home/airflow/.local/lib/python3.11/site-packages/airflow/example_dags/tutorial_dag.py for tasks to queue
[2023-11-08T14:25:04.479+0000] {logging_mixin.py:154} INFO - [2023-11-08T14:25:04.478+0000] {dagbag.py:536} INFO - Filling up the DagBag from /home/airflow/.local/lib/python3.11/site-packages/airflow/example_dags/tutorial_dag.py
[2023-11-08T14:25:04.492+0000] {processor.py:839} INFO - DAG(s) dict_keys(['tutorial_dag']) retrieved from /home/airflow/.local/lib/python3.11/site-packages/airflow/example_dags/tutorial_dag.py
[2023-11-08T14:25:04.529+0000] {logging_mixin.py:154} INFO - [2023-11-08T14:25:04.529+0000] {dag.py:2941} INFO - Sync 1 DAGs
[2023-11-08T14:25:04.556+0000] {logging_mixin.py:154} INFO - [2023-11-08T14:25:04.556+0000] {dag.py:3722} INFO - Setting next_dagrun for tutorial_dag to None, run_after=None
[2023-11-08T14:25:04.592+0000] {processor.py:179} INFO - Processing /home/airflow/.local/lib/python3.11/site-packages/airflow/example_dags/tutorial_dag.py took 0.126 seconds
[2023-11-08T14:25:35.262+0000] {processor.py:157} INFO - Started process (PID=1413) to work on /home/airflow/.local/lib/python3.11/site-packages/airflow/example_dags/tutorial_dag.py
[2023-11-08T14:25:35.263+0000] {processor.py:829} INFO - Processing file /home/airflow/.local/lib/python3.11/site-packages/airflow/example_dags/tutorial_dag.py for tasks to queue
[2023-11-08T14:25:35.266+0000] {logging_mixin.py:154} INFO - [2023-11-08T14:25:35.266+0000] {dagbag.py:536} INFO - Filling up the DagBag from /home/airflow/.local/lib/python3.11/site-packages/airflow/example_dags/tutorial_dag.py
[2023-11-08T14:25:35.276+0000] {processor.py:839} INFO - DAG(s) dict_keys(['tutorial_dag']) retrieved from /home/airflow/.local/lib/python3.11/site-packages/airflow/example_dags/tutorial_dag.py
[2023-11-08T14:25:35.380+0000] {logging_mixin.py:154} INFO - [2023-11-08T14:25:35.380+0000] {dag.py:2941} INFO - Sync 1 DAGs
[2023-11-08T14:25:35.403+0000] {logging_mixin.py:154} INFO - [2023-11-08T14:25:35.402+0000] {dag.py:3722} INFO - Setting next_dagrun for tutorial_dag to None, run_after=None
[2023-11-08T14:25:35.444+0000] {processor.py:179} INFO - Processing /home/airflow/.local/lib/python3.11/site-packages/airflow/example_dags/tutorial_dag.py took 0.188 seconds
[2023-11-08T14:26:06.295+0000] {processor.py:157} INFO - Started process (PID=1489) to work on /home/airflow/.local/lib/python3.11/site-packages/airflow/example_dags/tutorial_dag.py
[2023-11-08T14:26:06.297+0000] {processor.py:829} INFO - Processing file /home/airflow/.local/lib/python3.11/site-packages/airflow/example_dags/tutorial_dag.py for tasks to queue
[2023-11-08T14:26:06.302+0000] {logging_mixin.py:154} INFO - [2023-11-08T14:26:06.302+0000] {dagbag.py:536} INFO - Filling up the DagBag from /home/airflow/.local/lib/python3.11/site-packages/airflow/example_dags/tutorial_dag.py
[2023-11-08T14:26:06.317+0000] {processor.py:839} INFO - DAG(s) dict_keys(['tutorial_dag']) retrieved from /home/airflow/.local/lib/python3.11/site-packages/airflow/example_dags/tutorial_dag.py
[2023-11-08T14:26:06.377+0000] {logging_mixin.py:154} INFO - [2023-11-08T14:26:06.376+0000] {dag.py:2941} INFO - Sync 1 DAGs
[2023-11-08T14:26:06.414+0000] {logging_mixin.py:154} INFO - [2023-11-08T14:26:06.414+0000] {dag.py:3722} INFO - Setting next_dagrun for tutorial_dag to None, run_after=None
[2023-11-08T14:26:06.470+0000] {processor.py:179} INFO - Processing /home/airflow/.local/lib/python3.11/site-packages/airflow/example_dags/tutorial_dag.py took 0.187 seconds
[2023-11-08T14:26:36.546+0000] {processor.py:157} INFO - Started process (PID=1564) to work on /home/airflow/.local/lib/python3.11/site-packages/airflow/example_dags/tutorial_dag.py
[2023-11-08T14:26:36.554+0000] {processor.py:829} INFO - Processing file /home/airflow/.local/lib/python3.11/site-packages/airflow/example_dags/tutorial_dag.py for tasks to queue
[2023-11-08T14:26:36.557+0000] {logging_mixin.py:154} INFO - [2023-11-08T14:26:36.556+0000] {dagbag.py:536} INFO - Filling up the DagBag from /home/airflow/.local/lib/python3.11/site-packages/airflow/example_dags/tutorial_dag.py
[2023-11-08T14:26:36.566+0000] {processor.py:839} INFO - DAG(s) dict_keys(['tutorial_dag']) retrieved from /home/airflow/.local/lib/python3.11/site-packages/airflow/example_dags/tutorial_dag.py
[2023-11-08T14:26:36.597+0000] {logging_mixin.py:154} INFO - [2023-11-08T14:26:36.597+0000] {dag.py:2941} INFO - Sync 1 DAGs
[2023-11-08T14:26:36.620+0000] {logging_mixin.py:154} INFO - [2023-11-08T14:26:36.619+0000] {dag.py:3722} INFO - Setting next_dagrun for tutorial_dag to None, run_after=None
[2023-11-08T14:26:36.662+0000] {processor.py:179} INFO - Processing /home/airflow/.local/lib/python3.11/site-packages/airflow/example_dags/tutorial_dag.py took 0.120 seconds
[2023-11-08T14:27:06.919+0000] {processor.py:157} INFO - Started process (PID=1641) to work on /home/airflow/.local/lib/python3.11/site-packages/airflow/example_dags/tutorial_dag.py
[2023-11-08T14:27:06.920+0000] {processor.py:829} INFO - Processing file /home/airflow/.local/lib/python3.11/site-packages/airflow/example_dags/tutorial_dag.py for tasks to queue
[2023-11-08T14:27:06.923+0000] {logging_mixin.py:154} INFO - [2023-11-08T14:27:06.922+0000] {dagbag.py:536} INFO - Filling up the DagBag from /home/airflow/.local/lib/python3.11/site-packages/airflow/example_dags/tutorial_dag.py
[2023-11-08T14:27:06.932+0000] {processor.py:839} INFO - DAG(s) dict_keys(['tutorial_dag']) retrieved from /home/airflow/.local/lib/python3.11/site-packages/airflow/example_dags/tutorial_dag.py
[2023-11-08T14:27:06.975+0000] {logging_mixin.py:154} INFO - [2023-11-08T14:27:06.975+0000] {dag.py:2941} INFO - Sync 1 DAGs
[2023-11-08T14:27:07.004+0000] {logging_mixin.py:154} INFO - [2023-11-08T14:27:07.003+0000] {dag.py:3722} INFO - Setting next_dagrun for tutorial_dag to None, run_after=None
[2023-11-08T14:27:07.040+0000] {processor.py:179} INFO - Processing /home/airflow/.local/lib/python3.11/site-packages/airflow/example_dags/tutorial_dag.py took 0.126 seconds
[2023-11-08T14:27:37.475+0000] {processor.py:157} INFO - Started process (PID=1717) to work on /home/airflow/.local/lib/python3.11/site-packages/airflow/example_dags/tutorial_dag.py
[2023-11-08T14:27:37.477+0000] {processor.py:829} INFO - Processing file /home/airflow/.local/lib/python3.11/site-packages/airflow/example_dags/tutorial_dag.py for tasks to queue
[2023-11-08T14:27:37.480+0000] {logging_mixin.py:154} INFO - [2023-11-08T14:27:37.479+0000] {dagbag.py:536} INFO - Filling up the DagBag from /home/airflow/.local/lib/python3.11/site-packages/airflow/example_dags/tutorial_dag.py
[2023-11-08T14:27:37.488+0000] {processor.py:839} INFO - DAG(s) dict_keys(['tutorial_dag']) retrieved from /home/airflow/.local/lib/python3.11/site-packages/airflow/example_dags/tutorial_dag.py
[2023-11-08T14:27:37.522+0000] {logging_mixin.py:154} INFO - [2023-11-08T14:27:37.522+0000] {dag.py:2941} INFO - Sync 1 DAGs
[2023-11-08T14:27:37.546+0000] {logging_mixin.py:154} INFO - [2023-11-08T14:27:37.546+0000] {dag.py:3722} INFO - Setting next_dagrun for tutorial_dag to None, run_after=None
[2023-11-08T14:27:37.578+0000] {processor.py:179} INFO - Processing /home/airflow/.local/lib/python3.11/site-packages/airflow/example_dags/tutorial_dag.py took 0.108 seconds
[2023-11-08T14:28:07.764+0000] {processor.py:157} INFO - Started process (PID=1793) to work on /home/airflow/.local/lib/python3.11/site-packages/airflow/example_dags/tutorial_dag.py
[2023-11-08T14:28:07.766+0000] {processor.py:829} INFO - Processing file /home/airflow/.local/lib/python3.11/site-packages/airflow/example_dags/tutorial_dag.py for tasks to queue
[2023-11-08T14:28:07.770+0000] {logging_mixin.py:154} INFO - [2023-11-08T14:28:07.769+0000] {dagbag.py:536} INFO - Filling up the DagBag from /home/airflow/.local/lib/python3.11/site-packages/airflow/example_dags/tutorial_dag.py
[2023-11-08T14:28:07.783+0000] {processor.py:839} INFO - DAG(s) dict_keys(['tutorial_dag']) retrieved from /home/airflow/.local/lib/python3.11/site-packages/airflow/example_dags/tutorial_dag.py
[2023-11-08T14:28:07.832+0000] {logging_mixin.py:154} INFO - [2023-11-08T14:28:07.832+0000] {dag.py:2941} INFO - Sync 1 DAGs
[2023-11-08T14:28:07.875+0000] {logging_mixin.py:154} INFO - [2023-11-08T14:28:07.874+0000] {dag.py:3722} INFO - Setting next_dagrun for tutorial_dag to None, run_after=None
[2023-11-08T14:28:07.929+0000] {processor.py:179} INFO - Processing /home/airflow/.local/lib/python3.11/site-packages/airflow/example_dags/tutorial_dag.py took 0.175 seconds
[2023-11-08T14:28:38.830+0000] {processor.py:157} INFO - Started process (PID=1869) to work on /home/airflow/.local/lib/python3.11/site-packages/airflow/example_dags/tutorial_dag.py
[2023-11-08T14:28:38.833+0000] {processor.py:829} INFO - Processing file /home/airflow/.local/lib/python3.11/site-packages/airflow/example_dags/tutorial_dag.py for tasks to queue
[2023-11-08T14:28:38.839+0000] {logging_mixin.py:154} INFO - [2023-11-08T14:28:38.838+0000] {dagbag.py:536} INFO - Filling up the DagBag from /home/airflow/.local/lib/python3.11/site-packages/airflow/example_dags/tutorial_dag.py
[2023-11-08T14:28:38.883+0000] {processor.py:839} INFO - DAG(s) dict_keys(['tutorial_dag']) retrieved from /home/airflow/.local/lib/python3.11/site-packages/airflow/example_dags/tutorial_dag.py
[2023-11-08T14:28:39.143+0000] {logging_mixin.py:154} INFO - [2023-11-08T14:28:39.142+0000] {dag.py:2941} INFO - Sync 1 DAGs
[2023-11-08T14:28:39.294+0000] {logging_mixin.py:154} INFO - [2023-11-08T14:28:39.293+0000] {dag.py:3722} INFO - Setting next_dagrun for tutorial_dag to None, run_after=None
[2023-11-08T14:28:39.445+0000] {processor.py:179} INFO - Processing /home/airflow/.local/lib/python3.11/site-packages/airflow/example_dags/tutorial_dag.py took 0.619 seconds
[2023-11-08T14:29:10.239+0000] {processor.py:157} INFO - Started process (PID=1945) to work on /home/airflow/.local/lib/python3.11/site-packages/airflow/example_dags/tutorial_dag.py
[2023-11-08T14:29:10.240+0000] {processor.py:829} INFO - Processing file /home/airflow/.local/lib/python3.11/site-packages/airflow/example_dags/tutorial_dag.py for tasks to queue
[2023-11-08T14:29:10.244+0000] {logging_mixin.py:154} INFO - [2023-11-08T14:29:10.243+0000] {dagbag.py:536} INFO - Filling up the DagBag from /home/airflow/.local/lib/python3.11/site-packages/airflow/example_dags/tutorial_dag.py
[2023-11-08T14:29:10.251+0000] {processor.py:839} INFO - DAG(s) dict_keys(['tutorial_dag']) retrieved from /home/airflow/.local/lib/python3.11/site-packages/airflow/example_dags/tutorial_dag.py
[2023-11-08T14:29:10.286+0000] {logging_mixin.py:154} INFO - [2023-11-08T14:29:10.285+0000] {dag.py:2941} INFO - Sync 1 DAGs
[2023-11-08T14:29:10.306+0000] {logging_mixin.py:154} INFO - [2023-11-08T14:29:10.305+0000] {dag.py:3722} INFO - Setting next_dagrun for tutorial_dag to None, run_after=None
[2023-11-08T14:29:10.338+0000] {processor.py:179} INFO - Processing /home/airflow/.local/lib/python3.11/site-packages/airflow/example_dags/tutorial_dag.py took 0.104 seconds
[2023-11-08T14:29:40.949+0000] {processor.py:157} INFO - Started process (PID=2021) to work on /home/airflow/.local/lib/python3.11/site-packages/airflow/example_dags/tutorial_dag.py
[2023-11-08T14:29:40.950+0000] {processor.py:829} INFO - Processing file /home/airflow/.local/lib/python3.11/site-packages/airflow/example_dags/tutorial_dag.py for tasks to queue
[2023-11-08T14:29:40.954+0000] {logging_mixin.py:154} INFO - [2023-11-08T14:29:40.953+0000] {dagbag.py:536} INFO - Filling up the DagBag from /home/airflow/.local/lib/python3.11/site-packages/airflow/example_dags/tutorial_dag.py
[2023-11-08T14:29:40.965+0000] {processor.py:839} INFO - DAG(s) dict_keys(['tutorial_dag']) retrieved from /home/airflow/.local/lib/python3.11/site-packages/airflow/example_dags/tutorial_dag.py
[2023-11-08T14:29:41.028+0000] {logging_mixin.py:154} INFO - [2023-11-08T14:29:41.027+0000] {dag.py:2941} INFO - Sync 1 DAGs
[2023-11-08T14:29:41.070+0000] {logging_mixin.py:154} INFO - [2023-11-08T14:29:41.069+0000] {dag.py:3722} INFO - Setting next_dagrun for tutorial_dag to None, run_after=None
[2023-11-08T14:29:41.108+0000] {processor.py:179} INFO - Processing /home/airflow/.local/lib/python3.11/site-packages/airflow/example_dags/tutorial_dag.py took 0.163 seconds
[2023-11-08T14:30:11.368+0000] {processor.py:157} INFO - Started process (PID=2097) to work on /home/airflow/.local/lib/python3.11/site-packages/airflow/example_dags/tutorial_dag.py
[2023-11-08T14:30:11.370+0000] {processor.py:829} INFO - Processing file /home/airflow/.local/lib/python3.11/site-packages/airflow/example_dags/tutorial_dag.py for tasks to queue
[2023-11-08T14:30:11.373+0000] {logging_mixin.py:154} INFO - [2023-11-08T14:30:11.373+0000] {dagbag.py:536} INFO - Filling up the DagBag from /home/airflow/.local/lib/python3.11/site-packages/airflow/example_dags/tutorial_dag.py
[2023-11-08T14:30:11.382+0000] {processor.py:839} INFO - DAG(s) dict_keys(['tutorial_dag']) retrieved from /home/airflow/.local/lib/python3.11/site-packages/airflow/example_dags/tutorial_dag.py
[2023-11-08T14:30:11.425+0000] {logging_mixin.py:154} INFO - [2023-11-08T14:30:11.424+0000] {dag.py:2941} INFO - Sync 1 DAGs
[2023-11-08T14:30:11.449+0000] {logging_mixin.py:154} INFO - [2023-11-08T14:30:11.449+0000] {dag.py:3722} INFO - Setting next_dagrun for tutorial_dag to None, run_after=None
[2023-11-08T14:30:11.488+0000] {processor.py:179} INFO - Processing /home/airflow/.local/lib/python3.11/site-packages/airflow/example_dags/tutorial_dag.py took 0.125 seconds
[2023-11-08T14:30:42.133+0000] {processor.py:157} INFO - Started process (PID=2174) to work on /home/airflow/.local/lib/python3.11/site-packages/airflow/example_dags/tutorial_dag.py
[2023-11-08T14:30:42.136+0000] {processor.py:829} INFO - Processing file /home/airflow/.local/lib/python3.11/site-packages/airflow/example_dags/tutorial_dag.py for tasks to queue
[2023-11-08T14:30:42.139+0000] {logging_mixin.py:154} INFO - [2023-11-08T14:30:42.138+0000] {dagbag.py:536} INFO - Filling up the DagBag from /home/airflow/.local/lib/python3.11/site-packages/airflow/example_dags/tutorial_dag.py
[2023-11-08T14:30:42.147+0000] {processor.py:839} INFO - DAG(s) dict_keys(['tutorial_dag']) retrieved from /home/airflow/.local/lib/python3.11/site-packages/airflow/example_dags/tutorial_dag.py
[2023-11-08T14:30:42.180+0000] {logging_mixin.py:154} INFO - [2023-11-08T14:30:42.180+0000] {dag.py:2941} INFO - Sync 1 DAGs
[2023-11-08T14:30:42.201+0000] {logging_mixin.py:154} INFO - [2023-11-08T14:30:42.201+0000] {dag.py:3722} INFO - Setting next_dagrun for tutorial_dag to None, run_after=None
[2023-11-08T14:30:42.248+0000] {processor.py:179} INFO - Processing /home/airflow/.local/lib/python3.11/site-packages/airflow/example_dags/tutorial_dag.py took 0.118 seconds
[2023-11-08T14:31:12.900+0000] {processor.py:157} INFO - Started process (PID=2250) to work on /home/airflow/.local/lib/python3.11/site-packages/airflow/example_dags/tutorial_dag.py
[2023-11-08T14:31:12.902+0000] {processor.py:829} INFO - Processing file /home/airflow/.local/lib/python3.11/site-packages/airflow/example_dags/tutorial_dag.py for tasks to queue
[2023-11-08T14:31:12.906+0000] {logging_mixin.py:154} INFO - [2023-11-08T14:31:12.905+0000] {dagbag.py:536} INFO - Filling up the DagBag from /home/airflow/.local/lib/python3.11/site-packages/airflow/example_dags/tutorial_dag.py
[2023-11-08T14:31:12.916+0000] {processor.py:839} INFO - DAG(s) dict_keys(['tutorial_dag']) retrieved from /home/airflow/.local/lib/python3.11/site-packages/airflow/example_dags/tutorial_dag.py
[2023-11-08T14:31:12.952+0000] {logging_mixin.py:154} INFO - [2023-11-08T14:31:12.952+0000] {dag.py:2941} INFO - Sync 1 DAGs
[2023-11-08T14:31:12.980+0000] {logging_mixin.py:154} INFO - [2023-11-08T14:31:12.980+0000] {dag.py:3722} INFO - Setting next_dagrun for tutorial_dag to None, run_after=None
[2023-11-08T14:31:13.019+0000] {processor.py:179} INFO - Processing /home/airflow/.local/lib/python3.11/site-packages/airflow/example_dags/tutorial_dag.py took 0.124 seconds
[2023-11-08T14:31:43.326+0000] {processor.py:157} INFO - Started process (PID=2326) to work on /home/airflow/.local/lib/python3.11/site-packages/airflow/example_dags/tutorial_dag.py
[2023-11-08T14:31:43.327+0000] {processor.py:829} INFO - Processing file /home/airflow/.local/lib/python3.11/site-packages/airflow/example_dags/tutorial_dag.py for tasks to queue
[2023-11-08T14:31:43.331+0000] {logging_mixin.py:154} INFO - [2023-11-08T14:31:43.330+0000] {dagbag.py:536} INFO - Filling up the DagBag from /home/airflow/.local/lib/python3.11/site-packages/airflow/example_dags/tutorial_dag.py
[2023-11-08T14:31:43.343+0000] {processor.py:839} INFO - DAG(s) dict_keys(['tutorial_dag']) retrieved from /home/airflow/.local/lib/python3.11/site-packages/airflow/example_dags/tutorial_dag.py
[2023-11-08T14:31:43.380+0000] {logging_mixin.py:154} INFO - [2023-11-08T14:31:43.380+0000] {dag.py:2941} INFO - Sync 1 DAGs
[2023-11-08T14:31:43.401+0000] {logging_mixin.py:154} INFO - [2023-11-08T14:31:43.400+0000] {dag.py:3722} INFO - Setting next_dagrun for tutorial_dag to None, run_after=None
[2023-11-08T14:31:43.432+0000] {processor.py:179} INFO - Processing /home/airflow/.local/lib/python3.11/site-packages/airflow/example_dags/tutorial_dag.py took 0.112 seconds
[2023-11-08T14:32:13.647+0000] {processor.py:157} INFO - Started process (PID=2402) to work on /home/airflow/.local/lib/python3.11/site-packages/airflow/example_dags/tutorial_dag.py
[2023-11-08T14:32:13.649+0000] {processor.py:829} INFO - Processing file /home/airflow/.local/lib/python3.11/site-packages/airflow/example_dags/tutorial_dag.py for tasks to queue
[2023-11-08T14:32:13.652+0000] {logging_mixin.py:154} INFO - [2023-11-08T14:32:13.652+0000] {dagbag.py:536} INFO - Filling up the DagBag from /home/airflow/.local/lib/python3.11/site-packages/airflow/example_dags/tutorial_dag.py
[2023-11-08T14:32:13.660+0000] {processor.py:839} INFO - DAG(s) dict_keys(['tutorial_dag']) retrieved from /home/airflow/.local/lib/python3.11/site-packages/airflow/example_dags/tutorial_dag.py
[2023-11-08T14:32:13.692+0000] {logging_mixin.py:154} INFO - [2023-11-08T14:32:13.691+0000] {dag.py:2941} INFO - Sync 1 DAGs
[2023-11-08T14:32:13.713+0000] {logging_mixin.py:154} INFO - [2023-11-08T14:32:13.713+0000] {dag.py:3722} INFO - Setting next_dagrun for tutorial_dag to None, run_after=None
[2023-11-08T14:32:13.745+0000] {processor.py:179} INFO - Processing /home/airflow/.local/lib/python3.11/site-packages/airflow/example_dags/tutorial_dag.py took 0.103 seconds
[2023-11-08T14:32:44.574+0000] {processor.py:157} INFO - Started process (PID=2478) to work on /home/airflow/.local/lib/python3.11/site-packages/airflow/example_dags/tutorial_dag.py
[2023-11-08T14:32:44.575+0000] {processor.py:829} INFO - Processing file /home/airflow/.local/lib/python3.11/site-packages/airflow/example_dags/tutorial_dag.py for tasks to queue
[2023-11-08T14:32:44.578+0000] {logging_mixin.py:154} INFO - [2023-11-08T14:32:44.577+0000] {dagbag.py:536} INFO - Filling up the DagBag from /home/airflow/.local/lib/python3.11/site-packages/airflow/example_dags/tutorial_dag.py
[2023-11-08T14:32:44.589+0000] {processor.py:839} INFO - DAG(s) dict_keys(['tutorial_dag']) retrieved from /home/airflow/.local/lib/python3.11/site-packages/airflow/example_dags/tutorial_dag.py
[2023-11-08T14:32:44.626+0000] {logging_mixin.py:154} INFO - [2023-11-08T14:32:44.626+0000] {dag.py:2941} INFO - Sync 1 DAGs
[2023-11-08T14:32:44.645+0000] {logging_mixin.py:154} INFO - [2023-11-08T14:32:44.645+0000] {dag.py:3722} INFO - Setting next_dagrun for tutorial_dag to None, run_after=None
[2023-11-08T14:32:44.672+0000] {processor.py:179} INFO - Processing /home/airflow/.local/lib/python3.11/site-packages/airflow/example_dags/tutorial_dag.py took 0.103 seconds
[2023-11-08T14:33:15.131+0000] {processor.py:157} INFO - Started process (PID=2554) to work on /home/airflow/.local/lib/python3.11/site-packages/airflow/example_dags/tutorial_dag.py
[2023-11-08T14:33:15.133+0000] {processor.py:829} INFO - Processing file /home/airflow/.local/lib/python3.11/site-packages/airflow/example_dags/tutorial_dag.py for tasks to queue
[2023-11-08T14:33:15.136+0000] {logging_mixin.py:154} INFO - [2023-11-08T14:33:15.136+0000] {dagbag.py:536} INFO - Filling up the DagBag from /home/airflow/.local/lib/python3.11/site-packages/airflow/example_dags/tutorial_dag.py
[2023-11-08T14:33:15.144+0000] {processor.py:839} INFO - DAG(s) dict_keys(['tutorial_dag']) retrieved from /home/airflow/.local/lib/python3.11/site-packages/airflow/example_dags/tutorial_dag.py
[2023-11-08T14:33:15.172+0000] {logging_mixin.py:154} INFO - [2023-11-08T14:33:15.171+0000] {dag.py:2941} INFO - Sync 1 DAGs
[2023-11-08T14:33:15.190+0000] {logging_mixin.py:154} INFO - [2023-11-08T14:33:15.190+0000] {dag.py:3722} INFO - Setting next_dagrun for tutorial_dag to None, run_after=None
[2023-11-08T14:33:15.224+0000] {processor.py:179} INFO - Processing /home/airflow/.local/lib/python3.11/site-packages/airflow/example_dags/tutorial_dag.py took 0.098 seconds
[2023-11-08T14:33:45.371+0000] {processor.py:157} INFO - Started process (PID=2630) to work on /home/airflow/.local/lib/python3.11/site-packages/airflow/example_dags/tutorial_dag.py
[2023-11-08T14:33:45.372+0000] {processor.py:829} INFO - Processing file /home/airflow/.local/lib/python3.11/site-packages/airflow/example_dags/tutorial_dag.py for tasks to queue
[2023-11-08T14:33:45.375+0000] {logging_mixin.py:154} INFO - [2023-11-08T14:33:45.374+0000] {dagbag.py:536} INFO - Filling up the DagBag from /home/airflow/.local/lib/python3.11/site-packages/airflow/example_dags/tutorial_dag.py
[2023-11-08T14:33:45.382+0000] {processor.py:839} INFO - DAG(s) dict_keys(['tutorial_dag']) retrieved from /home/airflow/.local/lib/python3.11/site-packages/airflow/example_dags/tutorial_dag.py
[2023-11-08T14:33:45.418+0000] {logging_mixin.py:154} INFO - [2023-11-08T14:33:45.416+0000] {dag.py:2941} INFO - Sync 1 DAGs
[2023-11-08T14:33:45.445+0000] {logging_mixin.py:154} INFO - [2023-11-08T14:33:45.445+0000] {dag.py:3722} INFO - Setting next_dagrun for tutorial_dag to None, run_after=None
[2023-11-08T14:33:45.481+0000] {processor.py:179} INFO - Processing /home/airflow/.local/lib/python3.11/site-packages/airflow/example_dags/tutorial_dag.py took 0.114 seconds
[2023-11-08T14:34:15.694+0000] {processor.py:157} INFO - Started process (PID=2706) to work on /home/airflow/.local/lib/python3.11/site-packages/airflow/example_dags/tutorial_dag.py
[2023-11-08T14:34:15.695+0000] {processor.py:829} INFO - Processing file /home/airflow/.local/lib/python3.11/site-packages/airflow/example_dags/tutorial_dag.py for tasks to queue
[2023-11-08T14:34:15.698+0000] {logging_mixin.py:154} INFO - [2023-11-08T14:34:15.697+0000] {dagbag.py:536} INFO - Filling up the DagBag from /home/airflow/.local/lib/python3.11/site-packages/airflow/example_dags/tutorial_dag.py
[2023-11-08T14:34:15.705+0000] {processor.py:839} INFO - DAG(s) dict_keys(['tutorial_dag']) retrieved from /home/airflow/.local/lib/python3.11/site-packages/airflow/example_dags/tutorial_dag.py
[2023-11-08T14:34:15.738+0000] {logging_mixin.py:154} INFO - [2023-11-08T14:34:15.738+0000] {dag.py:2941} INFO - Sync 1 DAGs
[2023-11-08T14:34:15.761+0000] {logging_mixin.py:154} INFO - [2023-11-08T14:34:15.760+0000] {dag.py:3722} INFO - Setting next_dagrun for tutorial_dag to None, run_after=None
[2023-11-08T14:34:15.798+0000] {processor.py:179} INFO - Processing /home/airflow/.local/lib/python3.11/site-packages/airflow/example_dags/tutorial_dag.py took 0.109 seconds
[2023-11-08T14:34:46.261+0000] {processor.py:157} INFO - Started process (PID=2782) to work on /home/airflow/.local/lib/python3.11/site-packages/airflow/example_dags/tutorial_dag.py
[2023-11-08T14:34:46.262+0000] {processor.py:829} INFO - Processing file /home/airflow/.local/lib/python3.11/site-packages/airflow/example_dags/tutorial_dag.py for tasks to queue
[2023-11-08T14:34:46.265+0000] {logging_mixin.py:154} INFO - [2023-11-08T14:34:46.265+0000] {dagbag.py:536} INFO - Filling up the DagBag from /home/airflow/.local/lib/python3.11/site-packages/airflow/example_dags/tutorial_dag.py
[2023-11-08T14:34:46.275+0000] {processor.py:839} INFO - DAG(s) dict_keys(['tutorial_dag']) retrieved from /home/airflow/.local/lib/python3.11/site-packages/airflow/example_dags/tutorial_dag.py
[2023-11-08T14:34:46.314+0000] {logging_mixin.py:154} INFO - [2023-11-08T14:34:46.313+0000] {dag.py:2941} INFO - Sync 1 DAGs
[2023-11-08T14:34:46.339+0000] {logging_mixin.py:154} INFO - [2023-11-08T14:34:46.338+0000] {dag.py:3722} INFO - Setting next_dagrun for tutorial_dag to None, run_after=None
[2023-11-08T14:34:46.378+0000] {processor.py:179} INFO - Processing /home/airflow/.local/lib/python3.11/site-packages/airflow/example_dags/tutorial_dag.py took 0.125 seconds
[2023-11-08T14:35:17.232+0000] {processor.py:157} INFO - Started process (PID=2858) to work on /home/airflow/.local/lib/python3.11/site-packages/airflow/example_dags/tutorial_dag.py
[2023-11-08T14:35:17.233+0000] {processor.py:829} INFO - Processing file /home/airflow/.local/lib/python3.11/site-packages/airflow/example_dags/tutorial_dag.py for tasks to queue
[2023-11-08T14:35:17.237+0000] {logging_mixin.py:154} INFO - [2023-11-08T14:35:17.236+0000] {dagbag.py:536} INFO - Filling up the DagBag from /home/airflow/.local/lib/python3.11/site-packages/airflow/example_dags/tutorial_dag.py
[2023-11-08T14:35:17.246+0000] {processor.py:839} INFO - DAG(s) dict_keys(['tutorial_dag']) retrieved from /home/airflow/.local/lib/python3.11/site-packages/airflow/example_dags/tutorial_dag.py
[2023-11-08T14:35:17.281+0000] {logging_mixin.py:154} INFO - [2023-11-08T14:35:17.281+0000] {dag.py:2941} INFO - Sync 1 DAGs
[2023-11-08T14:35:17.305+0000] {logging_mixin.py:154} INFO - [2023-11-08T14:35:17.305+0000] {dag.py:3722} INFO - Setting next_dagrun for tutorial_dag to None, run_after=None
[2023-11-08T14:35:17.339+0000] {processor.py:179} INFO - Processing /home/airflow/.local/lib/python3.11/site-packages/airflow/example_dags/tutorial_dag.py took 0.115 seconds
[2023-11-08T14:35:48.095+0000] {processor.py:157} INFO - Started process (PID=2934) to work on /home/airflow/.local/lib/python3.11/site-packages/airflow/example_dags/tutorial_dag.py
[2023-11-08T14:35:48.096+0000] {processor.py:829} INFO - Processing file /home/airflow/.local/lib/python3.11/site-packages/airflow/example_dags/tutorial_dag.py for tasks to queue
[2023-11-08T14:35:48.099+0000] {logging_mixin.py:154} INFO - [2023-11-08T14:35:48.099+0000] {dagbag.py:536} INFO - Filling up the DagBag from /home/airflow/.local/lib/python3.11/site-packages/airflow/example_dags/tutorial_dag.py
[2023-11-08T14:35:48.108+0000] {processor.py:839} INFO - DAG(s) dict_keys(['tutorial_dag']) retrieved from /home/airflow/.local/lib/python3.11/site-packages/airflow/example_dags/tutorial_dag.py
[2023-11-08T14:35:48.141+0000] {logging_mixin.py:154} INFO - [2023-11-08T14:35:48.141+0000] {dag.py:2941} INFO - Sync 1 DAGs
[2023-11-08T14:35:48.162+0000] {logging_mixin.py:154} INFO - [2023-11-08T14:35:48.162+0000] {dag.py:3722} INFO - Setting next_dagrun for tutorial_dag to None, run_after=None
[2023-11-08T14:35:48.195+0000] {processor.py:179} INFO - Processing /home/airflow/.local/lib/python3.11/site-packages/airflow/example_dags/tutorial_dag.py took 0.106 seconds
[2023-11-08T14:36:18.997+0000] {processor.py:157} INFO - Started process (PID=3010) to work on /home/airflow/.local/lib/python3.11/site-packages/airflow/example_dags/tutorial_dag.py
[2023-11-08T14:36:18.998+0000] {processor.py:829} INFO - Processing file /home/airflow/.local/lib/python3.11/site-packages/airflow/example_dags/tutorial_dag.py for tasks to queue
[2023-11-08T14:36:19.001+0000] {logging_mixin.py:154} INFO - [2023-11-08T14:36:19.001+0000] {dagbag.py:536} INFO - Filling up the DagBag from /home/airflow/.local/lib/python3.11/site-packages/airflow/example_dags/tutorial_dag.py
[2023-11-08T14:36:19.010+0000] {processor.py:839} INFO - DAG(s) dict_keys(['tutorial_dag']) retrieved from /home/airflow/.local/lib/python3.11/site-packages/airflow/example_dags/tutorial_dag.py
[2023-11-08T14:36:19.046+0000] {logging_mixin.py:154} INFO - [2023-11-08T14:36:19.045+0000] {dag.py:2941} INFO - Sync 1 DAGs
[2023-11-08T14:36:19.068+0000] {logging_mixin.py:154} INFO - [2023-11-08T14:36:19.068+0000] {dag.py:3722} INFO - Setting next_dagrun for tutorial_dag to None, run_after=None
[2023-11-08T14:36:19.098+0000] {processor.py:179} INFO - Processing /home/airflow/.local/lib/python3.11/site-packages/airflow/example_dags/tutorial_dag.py took 0.106 seconds
[2023-11-08T14:36:49.557+0000] {processor.py:157} INFO - Started process (PID=3084) to work on /home/airflow/.local/lib/python3.11/site-packages/airflow/example_dags/tutorial_dag.py
[2023-11-08T14:36:49.559+0000] {processor.py:829} INFO - Processing file /home/airflow/.local/lib/python3.11/site-packages/airflow/example_dags/tutorial_dag.py for tasks to queue
[2023-11-08T14:36:49.565+0000] {logging_mixin.py:154} INFO - [2023-11-08T14:36:49.565+0000] {dagbag.py:536} INFO - Filling up the DagBag from /home/airflow/.local/lib/python3.11/site-packages/airflow/example_dags/tutorial_dag.py
[2023-11-08T14:36:49.577+0000] {processor.py:839} INFO - DAG(s) dict_keys(['tutorial_dag']) retrieved from /home/airflow/.local/lib/python3.11/site-packages/airflow/example_dags/tutorial_dag.py
[2023-11-08T14:36:49.615+0000] {logging_mixin.py:154} INFO - [2023-11-08T14:36:49.615+0000] {dag.py:2941} INFO - Sync 1 DAGs
[2023-11-08T14:36:49.637+0000] {logging_mixin.py:154} INFO - [2023-11-08T14:36:49.637+0000] {dag.py:3722} INFO - Setting next_dagrun for tutorial_dag to None, run_after=None
[2023-11-08T14:36:49.674+0000] {processor.py:179} INFO - Processing /home/airflow/.local/lib/python3.11/site-packages/airflow/example_dags/tutorial_dag.py took 0.122 seconds
[2023-11-08T14:37:20.140+0000] {processor.py:157} INFO - Started process (PID=3160) to work on /home/airflow/.local/lib/python3.11/site-packages/airflow/example_dags/tutorial_dag.py
[2023-11-08T14:37:20.141+0000] {processor.py:829} INFO - Processing file /home/airflow/.local/lib/python3.11/site-packages/airflow/example_dags/tutorial_dag.py for tasks to queue
[2023-11-08T14:37:20.142+0000] {logging_mixin.py:154} INFO - [2023-11-08T14:37:20.142+0000] {dagbag.py:536} INFO - Filling up the DagBag from /home/airflow/.local/lib/python3.11/site-packages/airflow/example_dags/tutorial_dag.py
[2023-11-08T14:37:20.148+0000] {processor.py:839} INFO - DAG(s) dict_keys(['tutorial_dag']) retrieved from /home/airflow/.local/lib/python3.11/site-packages/airflow/example_dags/tutorial_dag.py
[2023-11-08T14:37:20.163+0000] {logging_mixin.py:154} INFO - [2023-11-08T14:37:20.163+0000] {dag.py:2941} INFO - Sync 1 DAGs
[2023-11-08T14:37:20.173+0000] {logging_mixin.py:154} INFO - [2023-11-08T14:37:20.173+0000] {dag.py:3722} INFO - Setting next_dagrun for tutorial_dag to None, run_after=None
[2023-11-08T14:37:20.188+0000] {processor.py:179} INFO - Processing /home/airflow/.local/lib/python3.11/site-packages/airflow/example_dags/tutorial_dag.py took 0.050 seconds
[2023-11-08T14:37:51.218+0000] {processor.py:157} INFO - Started process (PID=3236) to work on /home/airflow/.local/lib/python3.11/site-packages/airflow/example_dags/tutorial_dag.py
[2023-11-08T14:37:51.219+0000] {processor.py:829} INFO - Processing file /home/airflow/.local/lib/python3.11/site-packages/airflow/example_dags/tutorial_dag.py for tasks to queue
[2023-11-08T14:37:51.220+0000] {logging_mixin.py:154} INFO - [2023-11-08T14:37:51.220+0000] {dagbag.py:536} INFO - Filling up the DagBag from /home/airflow/.local/lib/python3.11/site-packages/airflow/example_dags/tutorial_dag.py
[2023-11-08T14:37:51.224+0000] {processor.py:839} INFO - DAG(s) dict_keys(['tutorial_dag']) retrieved from /home/airflow/.local/lib/python3.11/site-packages/airflow/example_dags/tutorial_dag.py
[2023-11-08T14:37:51.242+0000] {logging_mixin.py:154} INFO - [2023-11-08T14:37:51.242+0000] {dag.py:2941} INFO - Sync 1 DAGs
[2023-11-08T14:37:51.251+0000] {logging_mixin.py:154} INFO - [2023-11-08T14:37:51.251+0000] {dag.py:3722} INFO - Setting next_dagrun for tutorial_dag to None, run_after=None
[2023-11-08T14:37:51.264+0000] {processor.py:179} INFO - Processing /home/airflow/.local/lib/python3.11/site-packages/airflow/example_dags/tutorial_dag.py took 0.049 seconds
[2023-11-08T14:38:21.400+0000] {processor.py:157} INFO - Started process (PID=3312) to work on /home/airflow/.local/lib/python3.11/site-packages/airflow/example_dags/tutorial_dag.py
[2023-11-08T14:38:21.400+0000] {processor.py:829} INFO - Processing file /home/airflow/.local/lib/python3.11/site-packages/airflow/example_dags/tutorial_dag.py for tasks to queue
[2023-11-08T14:38:21.402+0000] {logging_mixin.py:154} INFO - [2023-11-08T14:38:21.401+0000] {dagbag.py:536} INFO - Filling up the DagBag from /home/airflow/.local/lib/python3.11/site-packages/airflow/example_dags/tutorial_dag.py
[2023-11-08T14:38:21.406+0000] {processor.py:839} INFO - DAG(s) dict_keys(['tutorial_dag']) retrieved from /home/airflow/.local/lib/python3.11/site-packages/airflow/example_dags/tutorial_dag.py
[2023-11-08T14:38:21.420+0000] {logging_mixin.py:154} INFO - [2023-11-08T14:38:21.420+0000] {dag.py:2941} INFO - Sync 1 DAGs
[2023-11-08T14:38:21.429+0000] {logging_mixin.py:154} INFO - [2023-11-08T14:38:21.429+0000] {dag.py:3722} INFO - Setting next_dagrun for tutorial_dag to None, run_after=None
[2023-11-08T14:38:21.445+0000] {processor.py:179} INFO - Processing /home/airflow/.local/lib/python3.11/site-packages/airflow/example_dags/tutorial_dag.py took 0.048 seconds
[2023-11-08T14:38:51.571+0000] {processor.py:157} INFO - Started process (PID=3388) to work on /home/airflow/.local/lib/python3.11/site-packages/airflow/example_dags/tutorial_dag.py
[2023-11-08T14:38:51.572+0000] {processor.py:829} INFO - Processing file /home/airflow/.local/lib/python3.11/site-packages/airflow/example_dags/tutorial_dag.py for tasks to queue
[2023-11-08T14:38:51.574+0000] {logging_mixin.py:154} INFO - [2023-11-08T14:38:51.573+0000] {dagbag.py:536} INFO - Filling up the DagBag from /home/airflow/.local/lib/python3.11/site-packages/airflow/example_dags/tutorial_dag.py
[2023-11-08T14:38:51.578+0000] {processor.py:839} INFO - DAG(s) dict_keys(['tutorial_dag']) retrieved from /home/airflow/.local/lib/python3.11/site-packages/airflow/example_dags/tutorial_dag.py
[2023-11-08T14:38:51.592+0000] {logging_mixin.py:154} INFO - [2023-11-08T14:38:51.592+0000] {dag.py:2941} INFO - Sync 1 DAGs
[2023-11-08T14:38:51.601+0000] {logging_mixin.py:154} INFO - [2023-11-08T14:38:51.601+0000] {dag.py:3722} INFO - Setting next_dagrun for tutorial_dag to None, run_after=None
[2023-11-08T14:38:51.614+0000] {processor.py:179} INFO - Processing /home/airflow/.local/lib/python3.11/site-packages/airflow/example_dags/tutorial_dag.py took 0.045 seconds
[2023-11-08T14:39:21.695+0000] {processor.py:157} INFO - Started process (PID=3464) to work on /home/airflow/.local/lib/python3.11/site-packages/airflow/example_dags/tutorial_dag.py
[2023-11-08T14:39:21.696+0000] {processor.py:829} INFO - Processing file /home/airflow/.local/lib/python3.11/site-packages/airflow/example_dags/tutorial_dag.py for tasks to queue
[2023-11-08T14:39:21.697+0000] {logging_mixin.py:154} INFO - [2023-11-08T14:39:21.697+0000] {dagbag.py:536} INFO - Filling up the DagBag from /home/airflow/.local/lib/python3.11/site-packages/airflow/example_dags/tutorial_dag.py
[2023-11-08T14:39:21.701+0000] {processor.py:839} INFO - DAG(s) dict_keys(['tutorial_dag']) retrieved from /home/airflow/.local/lib/python3.11/site-packages/airflow/example_dags/tutorial_dag.py
[2023-11-08T14:39:21.715+0000] {logging_mixin.py:154} INFO - [2023-11-08T14:39:21.715+0000] {dag.py:2941} INFO - Sync 1 DAGs
[2023-11-08T14:39:21.724+0000] {logging_mixin.py:154} INFO - [2023-11-08T14:39:21.724+0000] {dag.py:3722} INFO - Setting next_dagrun for tutorial_dag to None, run_after=None
[2023-11-08T14:39:21.736+0000] {processor.py:179} INFO - Processing /home/airflow/.local/lib/python3.11/site-packages/airflow/example_dags/tutorial_dag.py took 0.043 seconds
[2023-11-08T14:39:51.946+0000] {processor.py:157} INFO - Started process (PID=3540) to work on /home/airflow/.local/lib/python3.11/site-packages/airflow/example_dags/tutorial_dag.py
[2023-11-08T14:39:51.947+0000] {processor.py:829} INFO - Processing file /home/airflow/.local/lib/python3.11/site-packages/airflow/example_dags/tutorial_dag.py for tasks to queue
[2023-11-08T14:39:51.949+0000] {logging_mixin.py:154} INFO - [2023-11-08T14:39:51.948+0000] {dagbag.py:536} INFO - Filling up the DagBag from /home/airflow/.local/lib/python3.11/site-packages/airflow/example_dags/tutorial_dag.py
[2023-11-08T14:39:51.953+0000] {processor.py:839} INFO - DAG(s) dict_keys(['tutorial_dag']) retrieved from /home/airflow/.local/lib/python3.11/site-packages/airflow/example_dags/tutorial_dag.py
[2023-11-08T14:39:51.967+0000] {logging_mixin.py:154} INFO - [2023-11-08T14:39:51.967+0000] {dag.py:2941} INFO - Sync 1 DAGs
[2023-11-08T14:39:51.976+0000] {logging_mixin.py:154} INFO - [2023-11-08T14:39:51.976+0000] {dag.py:3722} INFO - Setting next_dagrun for tutorial_dag to None, run_after=None
[2023-11-08T14:39:51.990+0000] {processor.py:179} INFO - Processing /home/airflow/.local/lib/python3.11/site-packages/airflow/example_dags/tutorial_dag.py took 0.046 seconds
[2023-11-08T14:40:22.228+0000] {processor.py:157} INFO - Started process (PID=3617) to work on /home/airflow/.local/lib/python3.11/site-packages/airflow/example_dags/tutorial_dag.py
[2023-11-08T14:40:22.229+0000] {processor.py:829} INFO - Processing file /home/airflow/.local/lib/python3.11/site-packages/airflow/example_dags/tutorial_dag.py for tasks to queue
[2023-11-08T14:40:22.230+0000] {logging_mixin.py:154} INFO - [2023-11-08T14:40:22.230+0000] {dagbag.py:536} INFO - Filling up the DagBag from /home/airflow/.local/lib/python3.11/site-packages/airflow/example_dags/tutorial_dag.py
[2023-11-08T14:40:22.234+0000] {processor.py:839} INFO - DAG(s) dict_keys(['tutorial_dag']) retrieved from /home/airflow/.local/lib/python3.11/site-packages/airflow/example_dags/tutorial_dag.py
[2023-11-08T14:40:22.248+0000] {logging_mixin.py:154} INFO - [2023-11-08T14:40:22.248+0000] {dag.py:2941} INFO - Sync 1 DAGs
[2023-11-08T14:40:22.257+0000] {logging_mixin.py:154} INFO - [2023-11-08T14:40:22.257+0000] {dag.py:3722} INFO - Setting next_dagrun for tutorial_dag to None, run_after=None
[2023-11-08T14:40:22.270+0000] {processor.py:179} INFO - Processing /home/airflow/.local/lib/python3.11/site-packages/airflow/example_dags/tutorial_dag.py took 0.044 seconds
[2023-11-08T14:40:52.325+0000] {processor.py:157} INFO - Started process (PID=3693) to work on /home/airflow/.local/lib/python3.11/site-packages/airflow/example_dags/tutorial_dag.py
[2023-11-08T14:40:52.326+0000] {processor.py:829} INFO - Processing file /home/airflow/.local/lib/python3.11/site-packages/airflow/example_dags/tutorial_dag.py for tasks to queue
[2023-11-08T14:40:52.327+0000] {logging_mixin.py:154} INFO - [2023-11-08T14:40:52.327+0000] {dagbag.py:536} INFO - Filling up the DagBag from /home/airflow/.local/lib/python3.11/site-packages/airflow/example_dags/tutorial_dag.py
[2023-11-08T14:40:52.331+0000] {processor.py:839} INFO - DAG(s) dict_keys(['tutorial_dag']) retrieved from /home/airflow/.local/lib/python3.11/site-packages/airflow/example_dags/tutorial_dag.py
[2023-11-08T14:40:52.345+0000] {logging_mixin.py:154} INFO - [2023-11-08T14:40:52.345+0000] {dag.py:2941} INFO - Sync 1 DAGs
[2023-11-08T14:40:52.354+0000] {logging_mixin.py:154} INFO - [2023-11-08T14:40:52.354+0000] {dag.py:3722} INFO - Setting next_dagrun for tutorial_dag to None, run_after=None
[2023-11-08T14:40:52.367+0000] {processor.py:179} INFO - Processing /home/airflow/.local/lib/python3.11/site-packages/airflow/example_dags/tutorial_dag.py took 0.044 seconds
[2023-11-08T14:41:22.563+0000] {processor.py:157} INFO - Started process (PID=3769) to work on /home/airflow/.local/lib/python3.11/site-packages/airflow/example_dags/tutorial_dag.py
[2023-11-08T14:41:22.563+0000] {processor.py:829} INFO - Processing file /home/airflow/.local/lib/python3.11/site-packages/airflow/example_dags/tutorial_dag.py for tasks to queue
[2023-11-08T14:41:22.565+0000] {logging_mixin.py:154} INFO - [2023-11-08T14:41:22.565+0000] {dagbag.py:536} INFO - Filling up the DagBag from /home/airflow/.local/lib/python3.11/site-packages/airflow/example_dags/tutorial_dag.py
[2023-11-08T14:41:22.569+0000] {processor.py:839} INFO - DAG(s) dict_keys(['tutorial_dag']) retrieved from /home/airflow/.local/lib/python3.11/site-packages/airflow/example_dags/tutorial_dag.py
[2023-11-08T14:41:22.583+0000] {logging_mixin.py:154} INFO - [2023-11-08T14:41:22.583+0000] {dag.py:2941} INFO - Sync 1 DAGs
[2023-11-08T14:41:22.592+0000] {logging_mixin.py:154} INFO - [2023-11-08T14:41:22.592+0000] {dag.py:3722} INFO - Setting next_dagrun for tutorial_dag to None, run_after=None
[2023-11-08T14:41:22.605+0000] {processor.py:179} INFO - Processing /home/airflow/.local/lib/python3.11/site-packages/airflow/example_dags/tutorial_dag.py took 0.045 seconds
[2023-11-08T14:41:52.698+0000] {processor.py:157} INFO - Started process (PID=3845) to work on /home/airflow/.local/lib/python3.11/site-packages/airflow/example_dags/tutorial_dag.py
[2023-11-08T14:41:52.699+0000] {processor.py:829} INFO - Processing file /home/airflow/.local/lib/python3.11/site-packages/airflow/example_dags/tutorial_dag.py for tasks to queue
[2023-11-08T14:41:52.700+0000] {logging_mixin.py:154} INFO - [2023-11-08T14:41:52.700+0000] {dagbag.py:536} INFO - Filling up the DagBag from /home/airflow/.local/lib/python3.11/site-packages/airflow/example_dags/tutorial_dag.py
[2023-11-08T14:41:52.704+0000] {processor.py:839} INFO - DAG(s) dict_keys(['tutorial_dag']) retrieved from /home/airflow/.local/lib/python3.11/site-packages/airflow/example_dags/tutorial_dag.py
[2023-11-08T14:41:52.719+0000] {logging_mixin.py:154} INFO - [2023-11-08T14:41:52.719+0000] {dag.py:2941} INFO - Sync 1 DAGs
[2023-11-08T14:41:52.729+0000] {logging_mixin.py:154} INFO - [2023-11-08T14:41:52.729+0000] {dag.py:3722} INFO - Setting next_dagrun for tutorial_dag to None, run_after=None
[2023-11-08T14:41:52.743+0000] {processor.py:179} INFO - Processing /home/airflow/.local/lib/python3.11/site-packages/airflow/example_dags/tutorial_dag.py took 0.047 seconds
[2023-11-08T14:42:22.926+0000] {processor.py:157} INFO - Started process (PID=3921) to work on /home/airflow/.local/lib/python3.11/site-packages/airflow/example_dags/tutorial_dag.py
[2023-11-08T14:42:22.927+0000] {processor.py:829} INFO - Processing file /home/airflow/.local/lib/python3.11/site-packages/airflow/example_dags/tutorial_dag.py for tasks to queue
[2023-11-08T14:42:22.928+0000] {logging_mixin.py:154} INFO - [2023-11-08T14:42:22.928+0000] {dagbag.py:536} INFO - Filling up the DagBag from /home/airflow/.local/lib/python3.11/site-packages/airflow/example_dags/tutorial_dag.py
[2023-11-08T14:42:22.932+0000] {processor.py:839} INFO - DAG(s) dict_keys(['tutorial_dag']) retrieved from /home/airflow/.local/lib/python3.11/site-packages/airflow/example_dags/tutorial_dag.py
[2023-11-08T14:42:22.947+0000] {logging_mixin.py:154} INFO - [2023-11-08T14:42:22.947+0000] {dag.py:2941} INFO - Sync 1 DAGs
[2023-11-08T14:42:22.956+0000] {logging_mixin.py:154} INFO - [2023-11-08T14:42:22.956+0000] {dag.py:3722} INFO - Setting next_dagrun for tutorial_dag to None, run_after=None
[2023-11-08T14:42:22.969+0000] {processor.py:179} INFO - Processing /home/airflow/.local/lib/python3.11/site-packages/airflow/example_dags/tutorial_dag.py took 0.045 seconds
[2023-11-08T14:42:53.427+0000] {processor.py:157} INFO - Started process (PID=3997) to work on /home/airflow/.local/lib/python3.11/site-packages/airflow/example_dags/tutorial_dag.py
[2023-11-08T14:42:53.428+0000] {processor.py:829} INFO - Processing file /home/airflow/.local/lib/python3.11/site-packages/airflow/example_dags/tutorial_dag.py for tasks to queue
[2023-11-08T14:42:53.429+0000] {logging_mixin.py:154} INFO - [2023-11-08T14:42:53.429+0000] {dagbag.py:536} INFO - Filling up the DagBag from /home/airflow/.local/lib/python3.11/site-packages/airflow/example_dags/tutorial_dag.py
[2023-11-08T14:42:53.433+0000] {processor.py:839} INFO - DAG(s) dict_keys(['tutorial_dag']) retrieved from /home/airflow/.local/lib/python3.11/site-packages/airflow/example_dags/tutorial_dag.py
[2023-11-08T14:42:53.448+0000] {logging_mixin.py:154} INFO - [2023-11-08T14:42:53.448+0000] {dag.py:2941} INFO - Sync 1 DAGs
[2023-11-08T14:42:53.458+0000] {logging_mixin.py:154} INFO - [2023-11-08T14:42:53.458+0000] {dag.py:3722} INFO - Setting next_dagrun for tutorial_dag to None, run_after=None
[2023-11-08T14:42:53.471+0000] {processor.py:179} INFO - Processing /home/airflow/.local/lib/python3.11/site-packages/airflow/example_dags/tutorial_dag.py took 0.046 seconds
[2023-11-08T14:43:23.748+0000] {processor.py:157} INFO - Started process (PID=4073) to work on /home/airflow/.local/lib/python3.11/site-packages/airflow/example_dags/tutorial_dag.py
[2023-11-08T14:43:23.748+0000] {processor.py:829} INFO - Processing file /home/airflow/.local/lib/python3.11/site-packages/airflow/example_dags/tutorial_dag.py for tasks to queue
[2023-11-08T14:43:23.750+0000] {logging_mixin.py:154} INFO - [2023-11-08T14:43:23.750+0000] {dagbag.py:536} INFO - Filling up the DagBag from /home/airflow/.local/lib/python3.11/site-packages/airflow/example_dags/tutorial_dag.py
[2023-11-08T14:43:23.754+0000] {processor.py:839} INFO - DAG(s) dict_keys(['tutorial_dag']) retrieved from /home/airflow/.local/lib/python3.11/site-packages/airflow/example_dags/tutorial_dag.py
[2023-11-08T14:43:23.769+0000] {logging_mixin.py:154} INFO - [2023-11-08T14:43:23.769+0000] {dag.py:2941} INFO - Sync 1 DAGs
[2023-11-08T14:43:23.778+0000] {logging_mixin.py:154} INFO - [2023-11-08T14:43:23.778+0000] {dag.py:3722} INFO - Setting next_dagrun for tutorial_dag to None, run_after=None
[2023-11-08T14:43:23.792+0000] {processor.py:179} INFO - Processing /home/airflow/.local/lib/python3.11/site-packages/airflow/example_dags/tutorial_dag.py took 0.046 seconds
[2023-11-08T14:43:54.274+0000] {processor.py:157} INFO - Started process (PID=4149) to work on /home/airflow/.local/lib/python3.11/site-packages/airflow/example_dags/tutorial_dag.py
[2023-11-08T14:43:54.280+0000] {processor.py:829} INFO - Processing file /home/airflow/.local/lib/python3.11/site-packages/airflow/example_dags/tutorial_dag.py for tasks to queue
[2023-11-08T14:43:54.282+0000] {logging_mixin.py:154} INFO - [2023-11-08T14:43:54.282+0000] {dagbag.py:536} INFO - Filling up the DagBag from /home/airflow/.local/lib/python3.11/site-packages/airflow/example_dags/tutorial_dag.py
[2023-11-08T14:43:54.286+0000] {processor.py:839} INFO - DAG(s) dict_keys(['tutorial_dag']) retrieved from /home/airflow/.local/lib/python3.11/site-packages/airflow/example_dags/tutorial_dag.py
[2023-11-08T14:43:54.302+0000] {logging_mixin.py:154} INFO - [2023-11-08T14:43:54.302+0000] {dag.py:2941} INFO - Sync 1 DAGs
[2023-11-08T14:43:54.312+0000] {logging_mixin.py:154} INFO - [2023-11-08T14:43:54.311+0000] {dag.py:3722} INFO - Setting next_dagrun for tutorial_dag to None, run_after=None
[2023-11-08T14:43:54.324+0000] {processor.py:179} INFO - Processing /home/airflow/.local/lib/python3.11/site-packages/airflow/example_dags/tutorial_dag.py took 0.052 seconds
[2023-11-08T14:44:24.430+0000] {processor.py:157} INFO - Started process (PID=4225) to work on /home/airflow/.local/lib/python3.11/site-packages/airflow/example_dags/tutorial_dag.py
[2023-11-08T14:44:24.431+0000] {processor.py:829} INFO - Processing file /home/airflow/.local/lib/python3.11/site-packages/airflow/example_dags/tutorial_dag.py for tasks to queue
[2023-11-08T14:44:24.432+0000] {logging_mixin.py:154} INFO - [2023-11-08T14:44:24.432+0000] {dagbag.py:536} INFO - Filling up the DagBag from /home/airflow/.local/lib/python3.11/site-packages/airflow/example_dags/tutorial_dag.py
[2023-11-08T14:44:24.437+0000] {processor.py:839} INFO - DAG(s) dict_keys(['tutorial_dag']) retrieved from /home/airflow/.local/lib/python3.11/site-packages/airflow/example_dags/tutorial_dag.py
[2023-11-08T14:44:24.452+0000] {logging_mixin.py:154} INFO - [2023-11-08T14:44:24.452+0000] {dag.py:2941} INFO - Sync 1 DAGs
[2023-11-08T14:44:24.461+0000] {logging_mixin.py:154} INFO - [2023-11-08T14:44:24.461+0000] {dag.py:3722} INFO - Setting next_dagrun for tutorial_dag to None, run_after=None
[2023-11-08T14:44:24.503+0000] {processor.py:179} INFO - Processing /home/airflow/.local/lib/python3.11/site-packages/airflow/example_dags/tutorial_dag.py took 0.074 seconds
[2023-11-08T14:44:54.858+0000] {processor.py:157} INFO - Started process (PID=4301) to work on /home/airflow/.local/lib/python3.11/site-packages/airflow/example_dags/tutorial_dag.py
[2023-11-08T14:44:54.859+0000] {processor.py:829} INFO - Processing file /home/airflow/.local/lib/python3.11/site-packages/airflow/example_dags/tutorial_dag.py for tasks to queue
[2023-11-08T14:44:54.861+0000] {logging_mixin.py:154} INFO - [2023-11-08T14:44:54.860+0000] {dagbag.py:536} INFO - Filling up the DagBag from /home/airflow/.local/lib/python3.11/site-packages/airflow/example_dags/tutorial_dag.py
[2023-11-08T14:44:54.865+0000] {processor.py:839} INFO - DAG(s) dict_keys(['tutorial_dag']) retrieved from /home/airflow/.local/lib/python3.11/site-packages/airflow/example_dags/tutorial_dag.py
[2023-11-08T14:44:54.879+0000] {logging_mixin.py:154} INFO - [2023-11-08T14:44:54.879+0000] {dag.py:2941} INFO - Sync 1 DAGs
[2023-11-08T14:44:54.888+0000] {logging_mixin.py:154} INFO - [2023-11-08T14:44:54.888+0000] {dag.py:3722} INFO - Setting next_dagrun for tutorial_dag to None, run_after=None
[2023-11-08T14:44:54.901+0000] {processor.py:179} INFO - Processing /home/airflow/.local/lib/python3.11/site-packages/airflow/example_dags/tutorial_dag.py took 0.046 seconds
[2023-11-08T14:45:25.323+0000] {processor.py:157} INFO - Started process (PID=4378) to work on /home/airflow/.local/lib/python3.11/site-packages/airflow/example_dags/tutorial_dag.py
[2023-11-08T14:45:25.323+0000] {processor.py:829} INFO - Processing file /home/airflow/.local/lib/python3.11/site-packages/airflow/example_dags/tutorial_dag.py for tasks to queue
[2023-11-08T14:45:25.325+0000] {logging_mixin.py:154} INFO - [2023-11-08T14:45:25.324+0000] {dagbag.py:536} INFO - Filling up the DagBag from /home/airflow/.local/lib/python3.11/site-packages/airflow/example_dags/tutorial_dag.py
[2023-11-08T14:45:25.329+0000] {processor.py:839} INFO - DAG(s) dict_keys(['tutorial_dag']) retrieved from /home/airflow/.local/lib/python3.11/site-packages/airflow/example_dags/tutorial_dag.py
[2023-11-08T14:45:25.346+0000] {logging_mixin.py:154} INFO - [2023-11-08T14:45:25.346+0000] {dag.py:2941} INFO - Sync 1 DAGs
[2023-11-08T14:45:25.356+0000] {logging_mixin.py:154} INFO - [2023-11-08T14:45:25.356+0000] {dag.py:3722} INFO - Setting next_dagrun for tutorial_dag to None, run_after=None
[2023-11-08T14:45:25.372+0000] {processor.py:179} INFO - Processing /home/airflow/.local/lib/python3.11/site-packages/airflow/example_dags/tutorial_dag.py took 0.052 seconds
[2023-11-08T14:45:56.042+0000] {processor.py:157} INFO - Started process (PID=4454) to work on /home/airflow/.local/lib/python3.11/site-packages/airflow/example_dags/tutorial_dag.py
[2023-11-08T14:45:56.049+0000] {processor.py:829} INFO - Processing file /home/airflow/.local/lib/python3.11/site-packages/airflow/example_dags/tutorial_dag.py for tasks to queue
[2023-11-08T14:45:56.051+0000] {logging_mixin.py:154} INFO - [2023-11-08T14:45:56.051+0000] {dagbag.py:536} INFO - Filling up the DagBag from /home/airflow/.local/lib/python3.11/site-packages/airflow/example_dags/tutorial_dag.py
[2023-11-08T14:45:56.055+0000] {processor.py:839} INFO - DAG(s) dict_keys(['tutorial_dag']) retrieved from /home/airflow/.local/lib/python3.11/site-packages/airflow/example_dags/tutorial_dag.py
[2023-11-08T14:45:56.075+0000] {logging_mixin.py:154} INFO - [2023-11-08T14:45:56.075+0000] {dag.py:2941} INFO - Sync 1 DAGs
[2023-11-08T14:45:56.086+0000] {logging_mixin.py:154} INFO - [2023-11-08T14:45:56.086+0000] {dag.py:3722} INFO - Setting next_dagrun for tutorial_dag to None, run_after=None
[2023-11-08T14:45:56.101+0000] {processor.py:179} INFO - Processing /home/airflow/.local/lib/python3.11/site-packages/airflow/example_dags/tutorial_dag.py took 0.060 seconds
[2023-11-08T14:46:26.186+0000] {processor.py:157} INFO - Started process (PID=4529) to work on /home/airflow/.local/lib/python3.11/site-packages/airflow/example_dags/tutorial_dag.py
[2023-11-08T14:46:26.186+0000] {processor.py:829} INFO - Processing file /home/airflow/.local/lib/python3.11/site-packages/airflow/example_dags/tutorial_dag.py for tasks to queue
[2023-11-08T14:46:26.188+0000] {logging_mixin.py:154} INFO - [2023-11-08T14:46:26.188+0000] {dagbag.py:536} INFO - Filling up the DagBag from /home/airflow/.local/lib/python3.11/site-packages/airflow/example_dags/tutorial_dag.py
[2023-11-08T14:46:26.192+0000] {processor.py:839} INFO - DAG(s) dict_keys(['tutorial_dag']) retrieved from /home/airflow/.local/lib/python3.11/site-packages/airflow/example_dags/tutorial_dag.py
[2023-11-08T14:46:26.206+0000] {logging_mixin.py:154} INFO - [2023-11-08T14:46:26.206+0000] {dag.py:2941} INFO - Sync 1 DAGs
[2023-11-08T14:46:26.215+0000] {logging_mixin.py:154} INFO - [2023-11-08T14:46:26.215+0000] {dag.py:3722} INFO - Setting next_dagrun for tutorial_dag to None, run_after=None
[2023-11-08T14:46:26.228+0000] {processor.py:179} INFO - Processing /home/airflow/.local/lib/python3.11/site-packages/airflow/example_dags/tutorial_dag.py took 0.044 seconds
[2023-11-08T14:46:56.766+0000] {processor.py:157} INFO - Started process (PID=4605) to work on /home/airflow/.local/lib/python3.11/site-packages/airflow/example_dags/tutorial_dag.py
[2023-11-08T14:46:56.767+0000] {processor.py:829} INFO - Processing file /home/airflow/.local/lib/python3.11/site-packages/airflow/example_dags/tutorial_dag.py for tasks to queue
[2023-11-08T14:46:56.769+0000] {logging_mixin.py:154} INFO - [2023-11-08T14:46:56.769+0000] {dagbag.py:536} INFO - Filling up the DagBag from /home/airflow/.local/lib/python3.11/site-packages/airflow/example_dags/tutorial_dag.py
[2023-11-08T14:46:56.773+0000] {processor.py:839} INFO - DAG(s) dict_keys(['tutorial_dag']) retrieved from /home/airflow/.local/lib/python3.11/site-packages/airflow/example_dags/tutorial_dag.py
[2023-11-08T14:46:56.788+0000] {logging_mixin.py:154} INFO - [2023-11-08T14:46:56.788+0000] {dag.py:2941} INFO - Sync 1 DAGs
[2023-11-08T14:46:56.797+0000] {logging_mixin.py:154} INFO - [2023-11-08T14:46:56.797+0000] {dag.py:3722} INFO - Setting next_dagrun for tutorial_dag to None, run_after=None
[2023-11-08T14:46:56.810+0000] {processor.py:179} INFO - Processing /home/airflow/.local/lib/python3.11/site-packages/airflow/example_dags/tutorial_dag.py took 0.046 seconds
[2023-11-08T14:47:26.862+0000] {processor.py:157} INFO - Started process (PID=4681) to work on /home/airflow/.local/lib/python3.11/site-packages/airflow/example_dags/tutorial_dag.py
[2023-11-08T14:47:26.862+0000] {processor.py:829} INFO - Processing file /home/airflow/.local/lib/python3.11/site-packages/airflow/example_dags/tutorial_dag.py for tasks to queue
[2023-11-08T14:47:26.864+0000] {logging_mixin.py:154} INFO - [2023-11-08T14:47:26.864+0000] {dagbag.py:536} INFO - Filling up the DagBag from /home/airflow/.local/lib/python3.11/site-packages/airflow/example_dags/tutorial_dag.py
[2023-11-08T14:47:26.867+0000] {processor.py:839} INFO - DAG(s) dict_keys(['tutorial_dag']) retrieved from /home/airflow/.local/lib/python3.11/site-packages/airflow/example_dags/tutorial_dag.py
[2023-11-08T14:47:26.882+0000] {logging_mixin.py:154} INFO - [2023-11-08T14:47:26.882+0000] {dag.py:2941} INFO - Sync 1 DAGs
[2023-11-08T14:47:26.891+0000] {logging_mixin.py:154} INFO - [2023-11-08T14:47:26.891+0000] {dag.py:3722} INFO - Setting next_dagrun for tutorial_dag to None, run_after=None
[2023-11-08T14:47:26.903+0000] {processor.py:179} INFO - Processing /home/airflow/.local/lib/python3.11/site-packages/airflow/example_dags/tutorial_dag.py took 0.044 seconds
[2023-11-08T14:47:57.270+0000] {processor.py:157} INFO - Started process (PID=4757) to work on /home/airflow/.local/lib/python3.11/site-packages/airflow/example_dags/tutorial_dag.py
[2023-11-08T14:47:57.271+0000] {processor.py:829} INFO - Processing file /home/airflow/.local/lib/python3.11/site-packages/airflow/example_dags/tutorial_dag.py for tasks to queue
[2023-11-08T14:47:57.273+0000] {logging_mixin.py:154} INFO - [2023-11-08T14:47:57.272+0000] {dagbag.py:536} INFO - Filling up the DagBag from /home/airflow/.local/lib/python3.11/site-packages/airflow/example_dags/tutorial_dag.py
[2023-11-08T14:47:57.276+0000] {processor.py:839} INFO - DAG(s) dict_keys(['tutorial_dag']) retrieved from /home/airflow/.local/lib/python3.11/site-packages/airflow/example_dags/tutorial_dag.py
[2023-11-08T14:47:57.291+0000] {logging_mixin.py:154} INFO - [2023-11-08T14:47:57.291+0000] {dag.py:2941} INFO - Sync 1 DAGs
[2023-11-08T14:47:57.301+0000] {logging_mixin.py:154} INFO - [2023-11-08T14:47:57.300+0000] {dag.py:3722} INFO - Setting next_dagrun for tutorial_dag to None, run_after=None
[2023-11-08T14:47:57.313+0000] {processor.py:179} INFO - Processing /home/airflow/.local/lib/python3.11/site-packages/airflow/example_dags/tutorial_dag.py took 0.045 seconds
[2023-11-08T14:48:27.645+0000] {processor.py:157} INFO - Started process (PID=4833) to work on /home/airflow/.local/lib/python3.11/site-packages/airflow/example_dags/tutorial_dag.py
[2023-11-08T14:48:27.646+0000] {processor.py:829} INFO - Processing file /home/airflow/.local/lib/python3.11/site-packages/airflow/example_dags/tutorial_dag.py for tasks to queue
[2023-11-08T14:48:27.647+0000] {logging_mixin.py:154} INFO - [2023-11-08T14:48:27.647+0000] {dagbag.py:536} INFO - Filling up the DagBag from /home/airflow/.local/lib/python3.11/site-packages/airflow/example_dags/tutorial_dag.py
[2023-11-08T14:48:27.651+0000] {processor.py:839} INFO - DAG(s) dict_keys(['tutorial_dag']) retrieved from /home/airflow/.local/lib/python3.11/site-packages/airflow/example_dags/tutorial_dag.py
[2023-11-08T14:48:27.666+0000] {logging_mixin.py:154} INFO - [2023-11-08T14:48:27.665+0000] {dag.py:2941} INFO - Sync 1 DAGs
[2023-11-08T14:48:27.819+0000] {logging_mixin.py:154} INFO - [2023-11-08T14:48:27.819+0000] {dag.py:3722} INFO - Setting next_dagrun for tutorial_dag to None, run_after=None
[2023-11-08T14:48:27.832+0000] {processor.py:179} INFO - Processing /home/airflow/.local/lib/python3.11/site-packages/airflow/example_dags/tutorial_dag.py took 0.189 seconds
[2023-11-08T14:48:57.978+0000] {processor.py:157} INFO - Started process (PID=4909) to work on /home/airflow/.local/lib/python3.11/site-packages/airflow/example_dags/tutorial_dag.py
[2023-11-08T14:48:57.978+0000] {processor.py:829} INFO - Processing file /home/airflow/.local/lib/python3.11/site-packages/airflow/example_dags/tutorial_dag.py for tasks to queue
[2023-11-08T14:48:57.980+0000] {logging_mixin.py:154} INFO - [2023-11-08T14:48:57.980+0000] {dagbag.py:536} INFO - Filling up the DagBag from /home/airflow/.local/lib/python3.11/site-packages/airflow/example_dags/tutorial_dag.py
[2023-11-08T14:48:57.984+0000] {processor.py:839} INFO - DAG(s) dict_keys(['tutorial_dag']) retrieved from /home/airflow/.local/lib/python3.11/site-packages/airflow/example_dags/tutorial_dag.py
[2023-11-08T14:48:57.998+0000] {logging_mixin.py:154} INFO - [2023-11-08T14:48:57.998+0000] {dag.py:2941} INFO - Sync 1 DAGs
[2023-11-08T14:48:58.008+0000] {logging_mixin.py:154} INFO - [2023-11-08T14:48:58.007+0000] {dag.py:3722} INFO - Setting next_dagrun for tutorial_dag to None, run_after=None
[2023-11-08T14:48:58.020+0000] {processor.py:179} INFO - Processing /home/airflow/.local/lib/python3.11/site-packages/airflow/example_dags/tutorial_dag.py took 0.044 seconds
[2023-11-08T14:49:28.866+0000] {processor.py:157} INFO - Started process (PID=4966) to work on /home/airflow/.local/lib/python3.11/site-packages/airflow/example_dags/tutorial_dag.py
[2023-11-08T14:49:28.866+0000] {processor.py:829} INFO - Processing file /home/airflow/.local/lib/python3.11/site-packages/airflow/example_dags/tutorial_dag.py for tasks to queue
[2023-11-08T14:49:28.868+0000] {logging_mixin.py:154} INFO - [2023-11-08T14:49:28.867+0000] {dagbag.py:536} INFO - Filling up the DagBag from /home/airflow/.local/lib/python3.11/site-packages/airflow/example_dags/tutorial_dag.py
[2023-11-08T14:49:28.872+0000] {processor.py:839} INFO - DAG(s) dict_keys(['tutorial_dag']) retrieved from /home/airflow/.local/lib/python3.11/site-packages/airflow/example_dags/tutorial_dag.py
[2023-11-08T14:49:28.887+0000] {logging_mixin.py:154} INFO - [2023-11-08T14:49:28.887+0000] {dag.py:2941} INFO - Sync 1 DAGs
[2023-11-08T14:49:28.897+0000] {logging_mixin.py:154} INFO - [2023-11-08T14:49:28.897+0000] {dag.py:3722} INFO - Setting next_dagrun for tutorial_dag to None, run_after=None
[2023-11-08T14:49:28.911+0000] {processor.py:179} INFO - Processing /home/airflow/.local/lib/python3.11/site-packages/airflow/example_dags/tutorial_dag.py took 0.047 seconds
[2023-11-08T14:49:59.150+0000] {processor.py:157} INFO - Started process (PID=5042) to work on /home/airflow/.local/lib/python3.11/site-packages/airflow/example_dags/tutorial_dag.py
[2023-11-08T14:49:59.151+0000] {processor.py:829} INFO - Processing file /home/airflow/.local/lib/python3.11/site-packages/airflow/example_dags/tutorial_dag.py for tasks to queue
[2023-11-08T14:49:59.153+0000] {logging_mixin.py:154} INFO - [2023-11-08T14:49:59.152+0000] {dagbag.py:536} INFO - Filling up the DagBag from /home/airflow/.local/lib/python3.11/site-packages/airflow/example_dags/tutorial_dag.py
[2023-11-08T14:49:59.156+0000] {processor.py:839} INFO - DAG(s) dict_keys(['tutorial_dag']) retrieved from /home/airflow/.local/lib/python3.11/site-packages/airflow/example_dags/tutorial_dag.py
[2023-11-08T14:49:59.172+0000] {logging_mixin.py:154} INFO - [2023-11-08T14:49:59.172+0000] {dag.py:2941} INFO - Sync 1 DAGs
[2023-11-08T14:49:59.181+0000] {logging_mixin.py:154} INFO - [2023-11-08T14:49:59.181+0000] {dag.py:3722} INFO - Setting next_dagrun for tutorial_dag to None, run_after=None
[2023-11-08T14:49:59.195+0000] {processor.py:179} INFO - Processing /home/airflow/.local/lib/python3.11/site-packages/airflow/example_dags/tutorial_dag.py took 0.047 seconds
[2023-11-08T14:50:29.469+0000] {processor.py:157} INFO - Started process (PID=5118) to work on /home/airflow/.local/lib/python3.11/site-packages/airflow/example_dags/tutorial_dag.py
[2023-11-08T14:50:29.470+0000] {processor.py:829} INFO - Processing file /home/airflow/.local/lib/python3.11/site-packages/airflow/example_dags/tutorial_dag.py for tasks to queue
[2023-11-08T14:50:29.472+0000] {logging_mixin.py:154} INFO - [2023-11-08T14:50:29.471+0000] {dagbag.py:536} INFO - Filling up the DagBag from /home/airflow/.local/lib/python3.11/site-packages/airflow/example_dags/tutorial_dag.py
[2023-11-08T14:50:29.475+0000] {processor.py:839} INFO - DAG(s) dict_keys(['tutorial_dag']) retrieved from /home/airflow/.local/lib/python3.11/site-packages/airflow/example_dags/tutorial_dag.py
[2023-11-08T14:50:29.491+0000] {logging_mixin.py:154} INFO - [2023-11-08T14:50:29.490+0000] {dag.py:2941} INFO - Sync 1 DAGs
[2023-11-08T14:50:29.502+0000] {logging_mixin.py:154} INFO - [2023-11-08T14:50:29.502+0000] {dag.py:3722} INFO - Setting next_dagrun for tutorial_dag to None, run_after=None
[2023-11-08T14:50:29.515+0000] {processor.py:179} INFO - Processing /home/airflow/.local/lib/python3.11/site-packages/airflow/example_dags/tutorial_dag.py took 0.048 seconds
[2023-11-08T14:50:59.842+0000] {processor.py:157} INFO - Started process (PID=5194) to work on /home/airflow/.local/lib/python3.11/site-packages/airflow/example_dags/tutorial_dag.py
[2023-11-08T14:50:59.843+0000] {processor.py:829} INFO - Processing file /home/airflow/.local/lib/python3.11/site-packages/airflow/example_dags/tutorial_dag.py for tasks to queue
[2023-11-08T14:50:59.845+0000] {logging_mixin.py:154} INFO - [2023-11-08T14:50:59.845+0000] {dagbag.py:536} INFO - Filling up the DagBag from /home/airflow/.local/lib/python3.11/site-packages/airflow/example_dags/tutorial_dag.py
[2023-11-08T14:50:59.850+0000] {processor.py:839} INFO - DAG(s) dict_keys(['tutorial_dag']) retrieved from /home/airflow/.local/lib/python3.11/site-packages/airflow/example_dags/tutorial_dag.py
[2023-11-08T14:50:59.867+0000] {logging_mixin.py:154} INFO - [2023-11-08T14:50:59.866+0000] {dag.py:2941} INFO - Sync 1 DAGs
[2023-11-08T14:50:59.877+0000] {logging_mixin.py:154} INFO - [2023-11-08T14:50:59.877+0000] {dag.py:3722} INFO - Setting next_dagrun for tutorial_dag to None, run_after=None
[2023-11-08T14:50:59.892+0000] {processor.py:179} INFO - Processing /home/airflow/.local/lib/python3.11/site-packages/airflow/example_dags/tutorial_dag.py took 0.052 seconds
[2023-11-08T14:51:30.758+0000] {processor.py:157} INFO - Started process (PID=5270) to work on /home/airflow/.local/lib/python3.11/site-packages/airflow/example_dags/tutorial_dag.py
[2023-11-08T14:51:30.759+0000] {processor.py:829} INFO - Processing file /home/airflow/.local/lib/python3.11/site-packages/airflow/example_dags/tutorial_dag.py for tasks to queue
[2023-11-08T14:51:30.761+0000] {logging_mixin.py:154} INFO - [2023-11-08T14:51:30.761+0000] {dagbag.py:536} INFO - Filling up the DagBag from /home/airflow/.local/lib/python3.11/site-packages/airflow/example_dags/tutorial_dag.py
[2023-11-08T14:51:30.766+0000] {processor.py:839} INFO - DAG(s) dict_keys(['tutorial_dag']) retrieved from /home/airflow/.local/lib/python3.11/site-packages/airflow/example_dags/tutorial_dag.py
[2023-11-08T14:51:30.786+0000] {logging_mixin.py:154} INFO - [2023-11-08T14:51:30.786+0000] {dag.py:2941} INFO - Sync 1 DAGs
[2023-11-08T14:51:30.799+0000] {logging_mixin.py:154} INFO - [2023-11-08T14:51:30.798+0000] {dag.py:3722} INFO - Setting next_dagrun for tutorial_dag to None, run_after=None
[2023-11-08T14:51:30.819+0000] {processor.py:179} INFO - Processing /home/airflow/.local/lib/python3.11/site-packages/airflow/example_dags/tutorial_dag.py took 0.063 seconds
[2023-11-08T14:52:01.377+0000] {processor.py:157} INFO - Started process (PID=5346) to work on /home/airflow/.local/lib/python3.11/site-packages/airflow/example_dags/tutorial_dag.py
[2023-11-08T14:52:01.378+0000] {processor.py:829} INFO - Processing file /home/airflow/.local/lib/python3.11/site-packages/airflow/example_dags/tutorial_dag.py for tasks to queue
[2023-11-08T14:52:01.380+0000] {logging_mixin.py:154} INFO - [2023-11-08T14:52:01.379+0000] {dagbag.py:536} INFO - Filling up the DagBag from /home/airflow/.local/lib/python3.11/site-packages/airflow/example_dags/tutorial_dag.py
[2023-11-08T14:52:01.384+0000] {processor.py:839} INFO - DAG(s) dict_keys(['tutorial_dag']) retrieved from /home/airflow/.local/lib/python3.11/site-packages/airflow/example_dags/tutorial_dag.py
[2023-11-08T14:52:01.401+0000] {logging_mixin.py:154} INFO - [2023-11-08T14:52:01.401+0000] {dag.py:2941} INFO - Sync 1 DAGs
[2023-11-08T14:52:01.411+0000] {logging_mixin.py:154} INFO - [2023-11-08T14:52:01.411+0000] {dag.py:3722} INFO - Setting next_dagrun for tutorial_dag to None, run_after=None
[2023-11-08T14:52:01.428+0000] {processor.py:179} INFO - Processing /home/airflow/.local/lib/python3.11/site-packages/airflow/example_dags/tutorial_dag.py took 0.053 seconds
