[2023-11-08T14:16:18.995+0000] {processor.py:157} INFO - Started process (PID=74) to work on /home/airflow/.local/lib/python3.11/site-packages/airflow/example_dags/tutorial_taskflow_api.py
[2023-11-08T14:16:18.997+0000] {processor.py:829} INFO - Processing file /home/airflow/.local/lib/python3.11/site-packages/airflow/example_dags/tutorial_taskflow_api.py for tasks to queue
[2023-11-08T14:16:19.009+0000] {logging_mixin.py:154} INFO - [2023-11-08T14:16:19.007+0000] {dagbag.py:536} INFO - Filling up the DagBag from /home/airflow/.local/lib/python3.11/site-packages/airflow/example_dags/tutorial_taskflow_api.py
[2023-11-08T14:16:19.046+0000] {processor.py:839} INFO - DAG(s) dict_keys(['tutorial_taskflow_api']) retrieved from /home/airflow/.local/lib/python3.11/site-packages/airflow/example_dags/tutorial_taskflow_api.py
[2023-11-08T14:16:19.514+0000] {logging_mixin.py:154} INFO - [2023-11-08T14:16:19.513+0000] {manager.py:499} INFO - Created Permission View: %s
[2023-11-08T14:16:19.556+0000] {logging_mixin.py:154} INFO - [2023-11-08T14:16:19.556+0000] {manager.py:499} INFO - Created Permission View: %s
[2023-11-08T14:16:19.581+0000] {logging_mixin.py:154} INFO - [2023-11-08T14:16:19.581+0000] {manager.py:499} INFO - Created Permission View: %s
[2023-11-08T14:16:19.582+0000] {logging_mixin.py:154} INFO - [2023-11-08T14:16:19.582+0000] {dag.py:2941} INFO - Sync 1 DAGs
[2023-11-08T14:16:19.629+0000] {logging_mixin.py:154} INFO - [2023-11-08T14:16:19.629+0000] {dag.py:2963} INFO - Creating ORM DAG for tutorial_taskflow_api
[2023-11-08T14:16:19.631+0000] {logging_mixin.py:154} INFO - [2023-11-08T14:16:19.631+0000] {dag.py:3722} INFO - Setting next_dagrun for tutorial_taskflow_api to None, run_after=None
[2023-11-08T14:16:19.697+0000] {processor.py:179} INFO - Processing /home/airflow/.local/lib/python3.11/site-packages/airflow/example_dags/tutorial_taskflow_api.py took 0.717 seconds
[2023-11-08T14:16:50.287+0000] {processor.py:157} INFO - Started process (PID=150) to work on /home/airflow/.local/lib/python3.11/site-packages/airflow/example_dags/tutorial_taskflow_api.py
[2023-11-08T14:16:50.290+0000] {processor.py:829} INFO - Processing file /home/airflow/.local/lib/python3.11/site-packages/airflow/example_dags/tutorial_taskflow_api.py for tasks to queue
[2023-11-08T14:16:50.295+0000] {logging_mixin.py:154} INFO - [2023-11-08T14:16:50.294+0000] {dagbag.py:536} INFO - Filling up the DagBag from /home/airflow/.local/lib/python3.11/site-packages/airflow/example_dags/tutorial_taskflow_api.py
[2023-11-08T14:16:50.309+0000] {processor.py:839} INFO - DAG(s) dict_keys(['tutorial_taskflow_api']) retrieved from /home/airflow/.local/lib/python3.11/site-packages/airflow/example_dags/tutorial_taskflow_api.py
[2023-11-08T14:16:50.349+0000] {logging_mixin.py:154} INFO - [2023-11-08T14:16:50.349+0000] {dag.py:2941} INFO - Sync 1 DAGs
[2023-11-08T14:16:50.378+0000] {logging_mixin.py:154} INFO - [2023-11-08T14:16:50.378+0000] {dag.py:3722} INFO - Setting next_dagrun for tutorial_taskflow_api to None, run_after=None
[2023-11-08T14:16:50.425+0000] {processor.py:179} INFO - Processing /home/airflow/.local/lib/python3.11/site-packages/airflow/example_dags/tutorial_taskflow_api.py took 0.146 seconds
[2023-11-08T14:17:21.089+0000] {processor.py:157} INFO - Started process (PID=226) to work on /home/airflow/.local/lib/python3.11/site-packages/airflow/example_dags/tutorial_taskflow_api.py
[2023-11-08T14:17:21.091+0000] {processor.py:829} INFO - Processing file /home/airflow/.local/lib/python3.11/site-packages/airflow/example_dags/tutorial_taskflow_api.py for tasks to queue
[2023-11-08T14:17:21.094+0000] {logging_mixin.py:154} INFO - [2023-11-08T14:17:21.094+0000] {dagbag.py:536} INFO - Filling up the DagBag from /home/airflow/.local/lib/python3.11/site-packages/airflow/example_dags/tutorial_taskflow_api.py
[2023-11-08T14:17:21.103+0000] {processor.py:839} INFO - DAG(s) dict_keys(['tutorial_taskflow_api']) retrieved from /home/airflow/.local/lib/python3.11/site-packages/airflow/example_dags/tutorial_taskflow_api.py
[2023-11-08T14:17:21.138+0000] {logging_mixin.py:154} INFO - [2023-11-08T14:17:21.138+0000] {dag.py:2941} INFO - Sync 1 DAGs
[2023-11-08T14:17:21.164+0000] {logging_mixin.py:154} INFO - [2023-11-08T14:17:21.163+0000] {dag.py:3722} INFO - Setting next_dagrun for tutorial_taskflow_api to None, run_after=None
[2023-11-08T14:17:21.196+0000] {processor.py:179} INFO - Processing /home/airflow/.local/lib/python3.11/site-packages/airflow/example_dags/tutorial_taskflow_api.py took 0.112 seconds
[2023-11-08T14:17:52.131+0000] {processor.py:157} INFO - Started process (PID=302) to work on /home/airflow/.local/lib/python3.11/site-packages/airflow/example_dags/tutorial_taskflow_api.py
[2023-11-08T14:17:52.134+0000] {processor.py:829} INFO - Processing file /home/airflow/.local/lib/python3.11/site-packages/airflow/example_dags/tutorial_taskflow_api.py for tasks to queue
[2023-11-08T14:17:52.138+0000] {logging_mixin.py:154} INFO - [2023-11-08T14:17:52.138+0000] {dagbag.py:536} INFO - Filling up the DagBag from /home/airflow/.local/lib/python3.11/site-packages/airflow/example_dags/tutorial_taskflow_api.py
[2023-11-08T14:17:52.153+0000] {processor.py:839} INFO - DAG(s) dict_keys(['tutorial_taskflow_api']) retrieved from /home/airflow/.local/lib/python3.11/site-packages/airflow/example_dags/tutorial_taskflow_api.py
[2023-11-08T14:17:52.211+0000] {logging_mixin.py:154} INFO - [2023-11-08T14:17:52.211+0000] {dag.py:2941} INFO - Sync 1 DAGs
[2023-11-08T14:17:52.244+0000] {logging_mixin.py:154} INFO - [2023-11-08T14:17:52.244+0000] {dag.py:3722} INFO - Setting next_dagrun for tutorial_taskflow_api to None, run_after=None
[2023-11-08T14:17:52.283+0000] {processor.py:179} INFO - Processing /home/airflow/.local/lib/python3.11/site-packages/airflow/example_dags/tutorial_taskflow_api.py took 0.162 seconds
[2023-11-08T14:18:23.344+0000] {processor.py:157} INFO - Started process (PID=378) to work on /home/airflow/.local/lib/python3.11/site-packages/airflow/example_dags/tutorial_taskflow_api.py
[2023-11-08T14:18:23.346+0000] {processor.py:829} INFO - Processing file /home/airflow/.local/lib/python3.11/site-packages/airflow/example_dags/tutorial_taskflow_api.py for tasks to queue
[2023-11-08T14:18:23.357+0000] {logging_mixin.py:154} INFO - [2023-11-08T14:18:23.355+0000] {dagbag.py:536} INFO - Filling up the DagBag from /home/airflow/.local/lib/python3.11/site-packages/airflow/example_dags/tutorial_taskflow_api.py
[2023-11-08T14:18:23.380+0000] {processor.py:839} INFO - DAG(s) dict_keys(['tutorial_taskflow_api']) retrieved from /home/airflow/.local/lib/python3.11/site-packages/airflow/example_dags/tutorial_taskflow_api.py
[2023-11-08T14:18:23.457+0000] {logging_mixin.py:154} INFO - [2023-11-08T14:18:23.456+0000] {dag.py:2941} INFO - Sync 1 DAGs
[2023-11-08T14:18:23.517+0000] {logging_mixin.py:154} INFO - [2023-11-08T14:18:23.516+0000] {dag.py:3722} INFO - Setting next_dagrun for tutorial_taskflow_api to None, run_after=None
[2023-11-08T14:18:23.556+0000] {processor.py:179} INFO - Processing /home/airflow/.local/lib/python3.11/site-packages/airflow/example_dags/tutorial_taskflow_api.py took 0.217 seconds
[2023-11-08T14:18:53.758+0000] {processor.py:157} INFO - Started process (PID=454) to work on /home/airflow/.local/lib/python3.11/site-packages/airflow/example_dags/tutorial_taskflow_api.py
[2023-11-08T14:18:53.761+0000] {processor.py:829} INFO - Processing file /home/airflow/.local/lib/python3.11/site-packages/airflow/example_dags/tutorial_taskflow_api.py for tasks to queue
[2023-11-08T14:18:53.765+0000] {logging_mixin.py:154} INFO - [2023-11-08T14:18:53.764+0000] {dagbag.py:536} INFO - Filling up the DagBag from /home/airflow/.local/lib/python3.11/site-packages/airflow/example_dags/tutorial_taskflow_api.py
[2023-11-08T14:18:53.781+0000] {processor.py:839} INFO - DAG(s) dict_keys(['tutorial_taskflow_api']) retrieved from /home/airflow/.local/lib/python3.11/site-packages/airflow/example_dags/tutorial_taskflow_api.py
[2023-11-08T14:18:53.838+0000] {logging_mixin.py:154} INFO - [2023-11-08T14:18:53.838+0000] {dag.py:2941} INFO - Sync 1 DAGs
[2023-11-08T14:18:53.903+0000] {logging_mixin.py:154} INFO - [2023-11-08T14:18:53.902+0000] {dag.py:3722} INFO - Setting next_dagrun for tutorial_taskflow_api to None, run_after=None
[2023-11-08T14:18:53.960+0000] {processor.py:179} INFO - Processing /home/airflow/.local/lib/python3.11/site-packages/airflow/example_dags/tutorial_taskflow_api.py took 0.208 seconds
[2023-11-08T14:19:34.084+0000] {processor.py:157} INFO - Started process (PID=537) to work on /home/airflow/.local/lib/python3.11/site-packages/airflow/example_dags/tutorial_taskflow_api.py
[2023-11-08T14:19:34.086+0000] {processor.py:829} INFO - Processing file /home/airflow/.local/lib/python3.11/site-packages/airflow/example_dags/tutorial_taskflow_api.py for tasks to queue
[2023-11-08T14:19:34.113+0000] {logging_mixin.py:154} INFO - [2023-11-08T14:19:34.107+0000] {dagbag.py:536} INFO - Filling up the DagBag from /home/airflow/.local/lib/python3.11/site-packages/airflow/example_dags/tutorial_taskflow_api.py
[2023-11-08T14:19:34.213+0000] {processor.py:839} INFO - DAG(s) dict_keys(['tutorial_taskflow_api']) retrieved from /home/airflow/.local/lib/python3.11/site-packages/airflow/example_dags/tutorial_taskflow_api.py
[2023-11-08T14:19:34.410+0000] {logging_mixin.py:154} INFO - [2023-11-08T14:19:34.409+0000] {dag.py:2941} INFO - Sync 1 DAGs
[2023-11-08T14:19:34.493+0000] {logging_mixin.py:154} INFO - [2023-11-08T14:19:34.492+0000] {dag.py:3722} INFO - Setting next_dagrun for tutorial_taskflow_api to None, run_after=None
[2023-11-08T14:19:34.613+0000] {processor.py:179} INFO - Processing /home/airflow/.local/lib/python3.11/site-packages/airflow/example_dags/tutorial_taskflow_api.py took 0.546 seconds
[2023-11-08T14:20:05.540+0000] {processor.py:157} INFO - Started process (PID=612) to work on /home/airflow/.local/lib/python3.11/site-packages/airflow/example_dags/tutorial_taskflow_api.py
[2023-11-08T14:20:05.541+0000] {processor.py:829} INFO - Processing file /home/airflow/.local/lib/python3.11/site-packages/airflow/example_dags/tutorial_taskflow_api.py for tasks to queue
[2023-11-08T14:20:05.545+0000] {logging_mixin.py:154} INFO - [2023-11-08T14:20:05.544+0000] {dagbag.py:536} INFO - Filling up the DagBag from /home/airflow/.local/lib/python3.11/site-packages/airflow/example_dags/tutorial_taskflow_api.py
[2023-11-08T14:20:05.555+0000] {processor.py:839} INFO - DAG(s) dict_keys(['tutorial_taskflow_api']) retrieved from /home/airflow/.local/lib/python3.11/site-packages/airflow/example_dags/tutorial_taskflow_api.py
[2023-11-08T14:20:05.593+0000] {logging_mixin.py:154} INFO - [2023-11-08T14:20:05.593+0000] {dag.py:2941} INFO - Sync 1 DAGs
[2023-11-08T14:20:05.622+0000] {logging_mixin.py:154} INFO - [2023-11-08T14:20:05.622+0000] {dag.py:3722} INFO - Setting next_dagrun for tutorial_taskflow_api to None, run_after=None
[2023-11-08T14:20:05.667+0000] {processor.py:179} INFO - Processing /home/airflow/.local/lib/python3.11/site-packages/airflow/example_dags/tutorial_taskflow_api.py took 0.132 seconds
[2023-11-08T14:20:36.137+0000] {processor.py:157} INFO - Started process (PID=688) to work on /home/airflow/.local/lib/python3.11/site-packages/airflow/example_dags/tutorial_taskflow_api.py
[2023-11-08T14:20:36.138+0000] {processor.py:829} INFO - Processing file /home/airflow/.local/lib/python3.11/site-packages/airflow/example_dags/tutorial_taskflow_api.py for tasks to queue
[2023-11-08T14:20:36.143+0000] {logging_mixin.py:154} INFO - [2023-11-08T14:20:36.143+0000] {dagbag.py:536} INFO - Filling up the DagBag from /home/airflow/.local/lib/python3.11/site-packages/airflow/example_dags/tutorial_taskflow_api.py
[2023-11-08T14:20:36.155+0000] {processor.py:839} INFO - DAG(s) dict_keys(['tutorial_taskflow_api']) retrieved from /home/airflow/.local/lib/python3.11/site-packages/airflow/example_dags/tutorial_taskflow_api.py
[2023-11-08T14:20:36.192+0000] {logging_mixin.py:154} INFO - [2023-11-08T14:20:36.191+0000] {dag.py:2941} INFO - Sync 1 DAGs
[2023-11-08T14:20:36.218+0000] {logging_mixin.py:154} INFO - [2023-11-08T14:20:36.217+0000] {dag.py:3722} INFO - Setting next_dagrun for tutorial_taskflow_api to None, run_after=None
[2023-11-08T14:20:36.255+0000] {processor.py:179} INFO - Processing /home/airflow/.local/lib/python3.11/site-packages/airflow/example_dags/tutorial_taskflow_api.py took 0.125 seconds
[2023-11-08T14:21:06.381+0000] {processor.py:157} INFO - Started process (PID=764) to work on /home/airflow/.local/lib/python3.11/site-packages/airflow/example_dags/tutorial_taskflow_api.py
[2023-11-08T14:21:06.383+0000] {processor.py:829} INFO - Processing file /home/airflow/.local/lib/python3.11/site-packages/airflow/example_dags/tutorial_taskflow_api.py for tasks to queue
[2023-11-08T14:21:06.387+0000] {logging_mixin.py:154} INFO - [2023-11-08T14:21:06.386+0000] {dagbag.py:536} INFO - Filling up the DagBag from /home/airflow/.local/lib/python3.11/site-packages/airflow/example_dags/tutorial_taskflow_api.py
[2023-11-08T14:21:06.406+0000] {processor.py:839} INFO - DAG(s) dict_keys(['tutorial_taskflow_api']) retrieved from /home/airflow/.local/lib/python3.11/site-packages/airflow/example_dags/tutorial_taskflow_api.py
[2023-11-08T14:21:06.469+0000] {logging_mixin.py:154} INFO - [2023-11-08T14:21:06.469+0000] {dag.py:2941} INFO - Sync 1 DAGs
[2023-11-08T14:21:06.513+0000] {logging_mixin.py:154} INFO - [2023-11-08T14:21:06.513+0000] {dag.py:3722} INFO - Setting next_dagrun for tutorial_taskflow_api to None, run_after=None
[2023-11-08T14:21:06.570+0000] {processor.py:179} INFO - Processing /home/airflow/.local/lib/python3.11/site-packages/airflow/example_dags/tutorial_taskflow_api.py took 0.200 seconds
[2023-11-08T14:21:36.777+0000] {processor.py:157} INFO - Started process (PID=840) to work on /home/airflow/.local/lib/python3.11/site-packages/airflow/example_dags/tutorial_taskflow_api.py
[2023-11-08T14:21:36.779+0000] {processor.py:829} INFO - Processing file /home/airflow/.local/lib/python3.11/site-packages/airflow/example_dags/tutorial_taskflow_api.py for tasks to queue
[2023-11-08T14:21:36.784+0000] {logging_mixin.py:154} INFO - [2023-11-08T14:21:36.783+0000] {dagbag.py:536} INFO - Filling up the DagBag from /home/airflow/.local/lib/python3.11/site-packages/airflow/example_dags/tutorial_taskflow_api.py
[2023-11-08T14:21:36.799+0000] {processor.py:839} INFO - DAG(s) dict_keys(['tutorial_taskflow_api']) retrieved from /home/airflow/.local/lib/python3.11/site-packages/airflow/example_dags/tutorial_taskflow_api.py
[2023-11-08T14:21:36.844+0000] {logging_mixin.py:154} INFO - [2023-11-08T14:21:36.843+0000] {dag.py:2941} INFO - Sync 1 DAGs
[2023-11-08T14:21:36.877+0000] {logging_mixin.py:154} INFO - [2023-11-08T14:21:36.876+0000] {dag.py:3722} INFO - Setting next_dagrun for tutorial_taskflow_api to None, run_after=None
[2023-11-08T14:21:36.924+0000] {processor.py:179} INFO - Processing /home/airflow/.local/lib/python3.11/site-packages/airflow/example_dags/tutorial_taskflow_api.py took 0.152 seconds
[2023-11-08T14:22:07.124+0000] {processor.py:157} INFO - Started process (PID=916) to work on /home/airflow/.local/lib/python3.11/site-packages/airflow/example_dags/tutorial_taskflow_api.py
[2023-11-08T14:22:07.125+0000] {processor.py:829} INFO - Processing file /home/airflow/.local/lib/python3.11/site-packages/airflow/example_dags/tutorial_taskflow_api.py for tasks to queue
[2023-11-08T14:22:07.128+0000] {logging_mixin.py:154} INFO - [2023-11-08T14:22:07.127+0000] {dagbag.py:536} INFO - Filling up the DagBag from /home/airflow/.local/lib/python3.11/site-packages/airflow/example_dags/tutorial_taskflow_api.py
[2023-11-08T14:22:07.138+0000] {processor.py:839} INFO - DAG(s) dict_keys(['tutorial_taskflow_api']) retrieved from /home/airflow/.local/lib/python3.11/site-packages/airflow/example_dags/tutorial_taskflow_api.py
[2023-11-08T14:22:07.170+0000] {logging_mixin.py:154} INFO - [2023-11-08T14:22:07.170+0000] {dag.py:2941} INFO - Sync 1 DAGs
[2023-11-08T14:22:07.194+0000] {logging_mixin.py:154} INFO - [2023-11-08T14:22:07.194+0000] {dag.py:3722} INFO - Setting next_dagrun for tutorial_taskflow_api to None, run_after=None
[2023-11-08T14:22:07.227+0000] {processor.py:179} INFO - Processing /home/airflow/.local/lib/python3.11/site-packages/airflow/example_dags/tutorial_taskflow_api.py took 0.107 seconds
[2023-11-08T14:22:37.343+0000] {processor.py:157} INFO - Started process (PID=992) to work on /home/airflow/.local/lib/python3.11/site-packages/airflow/example_dags/tutorial_taskflow_api.py
[2023-11-08T14:22:37.345+0000] {processor.py:829} INFO - Processing file /home/airflow/.local/lib/python3.11/site-packages/airflow/example_dags/tutorial_taskflow_api.py for tasks to queue
[2023-11-08T14:22:37.349+0000] {logging_mixin.py:154} INFO - [2023-11-08T14:22:37.348+0000] {dagbag.py:536} INFO - Filling up the DagBag from /home/airflow/.local/lib/python3.11/site-packages/airflow/example_dags/tutorial_taskflow_api.py
[2023-11-08T14:22:37.361+0000] {processor.py:839} INFO - DAG(s) dict_keys(['tutorial_taskflow_api']) retrieved from /home/airflow/.local/lib/python3.11/site-packages/airflow/example_dags/tutorial_taskflow_api.py
[2023-11-08T14:22:37.401+0000] {logging_mixin.py:154} INFO - [2023-11-08T14:22:37.400+0000] {dag.py:2941} INFO - Sync 1 DAGs
[2023-11-08T14:22:37.433+0000] {logging_mixin.py:154} INFO - [2023-11-08T14:22:37.433+0000] {dag.py:3722} INFO - Setting next_dagrun for tutorial_taskflow_api to None, run_after=None
[2023-11-08T14:22:37.476+0000] {processor.py:179} INFO - Processing /home/airflow/.local/lib/python3.11/site-packages/airflow/example_dags/tutorial_taskflow_api.py took 0.138 seconds
[2023-11-08T14:23:07.689+0000] {processor.py:157} INFO - Started process (PID=1068) to work on /home/airflow/.local/lib/python3.11/site-packages/airflow/example_dags/tutorial_taskflow_api.py
[2023-11-08T14:23:07.692+0000] {processor.py:829} INFO - Processing file /home/airflow/.local/lib/python3.11/site-packages/airflow/example_dags/tutorial_taskflow_api.py for tasks to queue
[2023-11-08T14:23:07.699+0000] {logging_mixin.py:154} INFO - [2023-11-08T14:23:07.698+0000] {dagbag.py:536} INFO - Filling up the DagBag from /home/airflow/.local/lib/python3.11/site-packages/airflow/example_dags/tutorial_taskflow_api.py
[2023-11-08T14:23:07.719+0000] {processor.py:839} INFO - DAG(s) dict_keys(['tutorial_taskflow_api']) retrieved from /home/airflow/.local/lib/python3.11/site-packages/airflow/example_dags/tutorial_taskflow_api.py
[2023-11-08T14:23:07.782+0000] {logging_mixin.py:154} INFO - [2023-11-08T14:23:07.782+0000] {dag.py:2941} INFO - Sync 1 DAGs
[2023-11-08T14:23:07.825+0000] {logging_mixin.py:154} INFO - [2023-11-08T14:23:07.825+0000] {dag.py:3722} INFO - Setting next_dagrun for tutorial_taskflow_api to None, run_after=None
[2023-11-08T14:23:07.899+0000] {processor.py:179} INFO - Processing /home/airflow/.local/lib/python3.11/site-packages/airflow/example_dags/tutorial_taskflow_api.py took 0.221 seconds
[2023-11-08T14:23:50.087+0000] {processor.py:157} INFO - Started process (PID=1144) to work on /home/airflow/.local/lib/python3.11/site-packages/airflow/example_dags/tutorial_taskflow_api.py
[2023-11-08T14:23:50.101+0000] {processor.py:829} INFO - Processing file /home/airflow/.local/lib/python3.11/site-packages/airflow/example_dags/tutorial_taskflow_api.py for tasks to queue
[2023-11-08T14:23:50.195+0000] {logging_mixin.py:154} INFO - [2023-11-08T14:23:50.195+0000] {dagbag.py:536} INFO - Filling up the DagBag from /home/airflow/.local/lib/python3.11/site-packages/airflow/example_dags/tutorial_taskflow_api.py
[2023-11-08T14:23:50.367+0000] {processor.py:839} INFO - DAG(s) dict_keys(['tutorial_taskflow_api']) retrieved from /home/airflow/.local/lib/python3.11/site-packages/airflow/example_dags/tutorial_taskflow_api.py
[2023-11-08T14:23:50.547+0000] {logging_mixin.py:154} INFO - [2023-11-08T14:23:50.546+0000] {dag.py:2941} INFO - Sync 1 DAGs
[2023-11-08T14:23:50.663+0000] {logging_mixin.py:154} INFO - [2023-11-08T14:23:50.662+0000] {dag.py:3722} INFO - Setting next_dagrun for tutorial_taskflow_api to None, run_after=None
[2023-11-08T14:23:50.859+0000] {processor.py:179} INFO - Processing /home/airflow/.local/lib/python3.11/site-packages/airflow/example_dags/tutorial_taskflow_api.py took 0.781 seconds
[2023-11-08T14:24:25.389+0000] {processor.py:157} INFO - Started process (PID=1220) to work on /home/airflow/.local/lib/python3.11/site-packages/airflow/example_dags/tutorial_taskflow_api.py
[2023-11-08T14:24:25.392+0000] {processor.py:829} INFO - Processing file /home/airflow/.local/lib/python3.11/site-packages/airflow/example_dags/tutorial_taskflow_api.py for tasks to queue
[2023-11-08T14:24:25.397+0000] {logging_mixin.py:154} INFO - [2023-11-08T14:24:25.397+0000] {dagbag.py:536} INFO - Filling up the DagBag from /home/airflow/.local/lib/python3.11/site-packages/airflow/example_dags/tutorial_taskflow_api.py
[2023-11-08T14:24:25.463+0000] {processor.py:839} INFO - DAG(s) dict_keys(['tutorial_taskflow_api']) retrieved from /home/airflow/.local/lib/python3.11/site-packages/airflow/example_dags/tutorial_taskflow_api.py
[2023-11-08T14:24:25.905+0000] {logging_mixin.py:154} INFO - [2023-11-08T14:24:25.904+0000] {dag.py:2941} INFO - Sync 1 DAGs
[2023-11-08T14:24:25.982+0000] {logging_mixin.py:154} INFO - [2023-11-08T14:24:25.981+0000] {dag.py:3722} INFO - Setting next_dagrun for tutorial_taskflow_api to None, run_after=None
[2023-11-08T14:24:26.133+0000] {processor.py:179} INFO - Processing /home/airflow/.local/lib/python3.11/site-packages/airflow/example_dags/tutorial_taskflow_api.py took 0.756 seconds
[2023-11-08T14:24:56.219+0000] {processor.py:157} INFO - Started process (PID=1296) to work on /home/airflow/.local/lib/python3.11/site-packages/airflow/example_dags/tutorial_taskflow_api.py
[2023-11-08T14:24:56.220+0000] {processor.py:829} INFO - Processing file /home/airflow/.local/lib/python3.11/site-packages/airflow/example_dags/tutorial_taskflow_api.py for tasks to queue
[2023-11-08T14:24:56.225+0000] {logging_mixin.py:154} INFO - [2023-11-08T14:24:56.224+0000] {dagbag.py:536} INFO - Filling up the DagBag from /home/airflow/.local/lib/python3.11/site-packages/airflow/example_dags/tutorial_taskflow_api.py
[2023-11-08T14:24:56.234+0000] {processor.py:839} INFO - DAG(s) dict_keys(['tutorial_taskflow_api']) retrieved from /home/airflow/.local/lib/python3.11/site-packages/airflow/example_dags/tutorial_taskflow_api.py
[2023-11-08T14:24:56.267+0000] {logging_mixin.py:154} INFO - [2023-11-08T14:24:56.267+0000] {dag.py:2941} INFO - Sync 1 DAGs
[2023-11-08T14:24:56.289+0000] {logging_mixin.py:154} INFO - [2023-11-08T14:24:56.288+0000] {dag.py:3722} INFO - Setting next_dagrun for tutorial_taskflow_api to None, run_after=None
[2023-11-08T14:24:56.326+0000] {processor.py:179} INFO - Processing /home/airflow/.local/lib/python3.11/site-packages/airflow/example_dags/tutorial_taskflow_api.py took 0.116 seconds
[2023-11-08T14:25:27.228+0000] {processor.py:157} INFO - Started process (PID=1372) to work on /home/airflow/.local/lib/python3.11/site-packages/airflow/example_dags/tutorial_taskflow_api.py
[2023-11-08T14:25:27.230+0000] {processor.py:829} INFO - Processing file /home/airflow/.local/lib/python3.11/site-packages/airflow/example_dags/tutorial_taskflow_api.py for tasks to queue
[2023-11-08T14:25:27.232+0000] {logging_mixin.py:154} INFO - [2023-11-08T14:25:27.232+0000] {dagbag.py:536} INFO - Filling up the DagBag from /home/airflow/.local/lib/python3.11/site-packages/airflow/example_dags/tutorial_taskflow_api.py
[2023-11-08T14:25:27.260+0000] {processor.py:839} INFO - DAG(s) dict_keys(['tutorial_taskflow_api']) retrieved from /home/airflow/.local/lib/python3.11/site-packages/airflow/example_dags/tutorial_taskflow_api.py
[2023-11-08T14:25:27.344+0000] {logging_mixin.py:154} INFO - [2023-11-08T14:25:27.344+0000] {dag.py:2941} INFO - Sync 1 DAGs
[2023-11-08T14:25:27.372+0000] {logging_mixin.py:154} INFO - [2023-11-08T14:25:27.371+0000] {dag.py:3722} INFO - Setting next_dagrun for tutorial_taskflow_api to None, run_after=None
[2023-11-08T14:25:27.410+0000] {processor.py:179} INFO - Processing /home/airflow/.local/lib/python3.11/site-packages/airflow/example_dags/tutorial_taskflow_api.py took 0.186 seconds
[2023-11-08T14:25:57.578+0000] {processor.py:157} INFO - Started process (PID=1448) to work on /home/airflow/.local/lib/python3.11/site-packages/airflow/example_dags/tutorial_taskflow_api.py
[2023-11-08T14:25:57.580+0000] {processor.py:829} INFO - Processing file /home/airflow/.local/lib/python3.11/site-packages/airflow/example_dags/tutorial_taskflow_api.py for tasks to queue
[2023-11-08T14:25:57.586+0000] {logging_mixin.py:154} INFO - [2023-11-08T14:25:57.585+0000] {dagbag.py:536} INFO - Filling up the DagBag from /home/airflow/.local/lib/python3.11/site-packages/airflow/example_dags/tutorial_taskflow_api.py
[2023-11-08T14:25:57.604+0000] {processor.py:839} INFO - DAG(s) dict_keys(['tutorial_taskflow_api']) retrieved from /home/airflow/.local/lib/python3.11/site-packages/airflow/example_dags/tutorial_taskflow_api.py
[2023-11-08T14:25:57.657+0000] {logging_mixin.py:154} INFO - [2023-11-08T14:25:57.657+0000] {dag.py:2941} INFO - Sync 1 DAGs
[2023-11-08T14:25:57.696+0000] {logging_mixin.py:154} INFO - [2023-11-08T14:25:57.695+0000] {dag.py:3722} INFO - Setting next_dagrun for tutorial_taskflow_api to None, run_after=None
[2023-11-08T14:25:57.749+0000] {processor.py:179} INFO - Processing /home/airflow/.local/lib/python3.11/site-packages/airflow/example_dags/tutorial_taskflow_api.py took 0.179 seconds
[2023-11-08T14:26:28.341+0000] {processor.py:157} INFO - Started process (PID=1524) to work on /home/airflow/.local/lib/python3.11/site-packages/airflow/example_dags/tutorial_taskflow_api.py
[2023-11-08T14:26:28.342+0000] {processor.py:829} INFO - Processing file /home/airflow/.local/lib/python3.11/site-packages/airflow/example_dags/tutorial_taskflow_api.py for tasks to queue
[2023-11-08T14:26:28.345+0000] {logging_mixin.py:154} INFO - [2023-11-08T14:26:28.345+0000] {dagbag.py:536} INFO - Filling up the DagBag from /home/airflow/.local/lib/python3.11/site-packages/airflow/example_dags/tutorial_taskflow_api.py
[2023-11-08T14:26:28.354+0000] {processor.py:839} INFO - DAG(s) dict_keys(['tutorial_taskflow_api']) retrieved from /home/airflow/.local/lib/python3.11/site-packages/airflow/example_dags/tutorial_taskflow_api.py
[2023-11-08T14:26:28.385+0000] {logging_mixin.py:154} INFO - [2023-11-08T14:26:28.385+0000] {dag.py:2941} INFO - Sync 1 DAGs
[2023-11-08T14:26:28.409+0000] {logging_mixin.py:154} INFO - [2023-11-08T14:26:28.408+0000] {dag.py:3722} INFO - Setting next_dagrun for tutorial_taskflow_api to None, run_after=None
[2023-11-08T14:26:28.442+0000] {processor.py:179} INFO - Processing /home/airflow/.local/lib/python3.11/site-packages/airflow/example_dags/tutorial_taskflow_api.py took 0.105 seconds
[2023-11-08T14:26:58.712+0000] {processor.py:157} INFO - Started process (PID=1600) to work on /home/airflow/.local/lib/python3.11/site-packages/airflow/example_dags/tutorial_taskflow_api.py
[2023-11-08T14:26:58.714+0000] {processor.py:829} INFO - Processing file /home/airflow/.local/lib/python3.11/site-packages/airflow/example_dags/tutorial_taskflow_api.py for tasks to queue
[2023-11-08T14:26:58.717+0000] {logging_mixin.py:154} INFO - [2023-11-08T14:26:58.716+0000] {dagbag.py:536} INFO - Filling up the DagBag from /home/airflow/.local/lib/python3.11/site-packages/airflow/example_dags/tutorial_taskflow_api.py
[2023-11-08T14:26:58.726+0000] {processor.py:839} INFO - DAG(s) dict_keys(['tutorial_taskflow_api']) retrieved from /home/airflow/.local/lib/python3.11/site-packages/airflow/example_dags/tutorial_taskflow_api.py
[2023-11-08T14:26:58.762+0000] {logging_mixin.py:154} INFO - [2023-11-08T14:26:58.761+0000] {dag.py:2941} INFO - Sync 1 DAGs
[2023-11-08T14:26:58.784+0000] {logging_mixin.py:154} INFO - [2023-11-08T14:26:58.784+0000] {dag.py:3722} INFO - Setting next_dagrun for tutorial_taskflow_api to None, run_after=None
[2023-11-08T14:26:58.820+0000] {processor.py:179} INFO - Processing /home/airflow/.local/lib/python3.11/site-packages/airflow/example_dags/tutorial_taskflow_api.py took 0.114 seconds
[2023-11-08T14:27:29.324+0000] {processor.py:157} INFO - Started process (PID=1676) to work on /home/airflow/.local/lib/python3.11/site-packages/airflow/example_dags/tutorial_taskflow_api.py
[2023-11-08T14:27:29.327+0000] {processor.py:829} INFO - Processing file /home/airflow/.local/lib/python3.11/site-packages/airflow/example_dags/tutorial_taskflow_api.py for tasks to queue
[2023-11-08T14:27:29.337+0000] {logging_mixin.py:154} INFO - [2023-11-08T14:27:29.337+0000] {dagbag.py:536} INFO - Filling up the DagBag from /home/airflow/.local/lib/python3.11/site-packages/airflow/example_dags/tutorial_taskflow_api.py
[2023-11-08T14:27:29.350+0000] {processor.py:839} INFO - DAG(s) dict_keys(['tutorial_taskflow_api']) retrieved from /home/airflow/.local/lib/python3.11/site-packages/airflow/example_dags/tutorial_taskflow_api.py
[2023-11-08T14:27:29.380+0000] {logging_mixin.py:154} INFO - [2023-11-08T14:27:29.380+0000] {dag.py:2941} INFO - Sync 1 DAGs
[2023-11-08T14:27:29.404+0000] {logging_mixin.py:154} INFO - [2023-11-08T14:27:29.404+0000] {dag.py:3722} INFO - Setting next_dagrun for tutorial_taskflow_api to None, run_after=None
[2023-11-08T14:27:29.446+0000] {processor.py:179} INFO - Processing /home/airflow/.local/lib/python3.11/site-packages/airflow/example_dags/tutorial_taskflow_api.py took 0.133 seconds
[2023-11-08T14:28:00.238+0000] {processor.py:157} INFO - Started process (PID=1752) to work on /home/airflow/.local/lib/python3.11/site-packages/airflow/example_dags/tutorial_taskflow_api.py
[2023-11-08T14:28:00.241+0000] {processor.py:829} INFO - Processing file /home/airflow/.local/lib/python3.11/site-packages/airflow/example_dags/tutorial_taskflow_api.py for tasks to queue
[2023-11-08T14:28:00.249+0000] {logging_mixin.py:154} INFO - [2023-11-08T14:28:00.248+0000] {dagbag.py:536} INFO - Filling up the DagBag from /home/airflow/.local/lib/python3.11/site-packages/airflow/example_dags/tutorial_taskflow_api.py
[2023-11-08T14:28:00.265+0000] {processor.py:839} INFO - DAG(s) dict_keys(['tutorial_taskflow_api']) retrieved from /home/airflow/.local/lib/python3.11/site-packages/airflow/example_dags/tutorial_taskflow_api.py
[2023-11-08T14:28:00.335+0000] {logging_mixin.py:154} INFO - [2023-11-08T14:28:00.334+0000] {dag.py:2941} INFO - Sync 1 DAGs
[2023-11-08T14:28:00.379+0000] {logging_mixin.py:154} INFO - [2023-11-08T14:28:00.378+0000] {dag.py:3722} INFO - Setting next_dagrun for tutorial_taskflow_api to None, run_after=None
[2023-11-08T14:28:00.437+0000] {processor.py:179} INFO - Processing /home/airflow/.local/lib/python3.11/site-packages/airflow/example_dags/tutorial_taskflow_api.py took 0.206 seconds
[2023-11-08T14:28:31.519+0000] {processor.py:157} INFO - Started process (PID=1828) to work on /home/airflow/.local/lib/python3.11/site-packages/airflow/example_dags/tutorial_taskflow_api.py
[2023-11-08T14:28:31.521+0000] {processor.py:829} INFO - Processing file /home/airflow/.local/lib/python3.11/site-packages/airflow/example_dags/tutorial_taskflow_api.py for tasks to queue
[2023-11-08T14:28:31.526+0000] {logging_mixin.py:154} INFO - [2023-11-08T14:28:31.526+0000] {dagbag.py:536} INFO - Filling up the DagBag from /home/airflow/.local/lib/python3.11/site-packages/airflow/example_dags/tutorial_taskflow_api.py
[2023-11-08T14:28:31.539+0000] {processor.py:839} INFO - DAG(s) dict_keys(['tutorial_taskflow_api']) retrieved from /home/airflow/.local/lib/python3.11/site-packages/airflow/example_dags/tutorial_taskflow_api.py
[2023-11-08T14:28:31.592+0000] {logging_mixin.py:154} INFO - [2023-11-08T14:28:31.592+0000] {dag.py:2941} INFO - Sync 1 DAGs
[2023-11-08T14:28:31.617+0000] {logging_mixin.py:154} INFO - [2023-11-08T14:28:31.616+0000] {dag.py:3722} INFO - Setting next_dagrun for tutorial_taskflow_api to None, run_after=None
[2023-11-08T14:28:31.654+0000] {processor.py:179} INFO - Processing /home/airflow/.local/lib/python3.11/site-packages/airflow/example_dags/tutorial_taskflow_api.py took 0.148 seconds
[2023-11-08T14:29:01.949+0000] {processor.py:157} INFO - Started process (PID=1904) to work on /home/airflow/.local/lib/python3.11/site-packages/airflow/example_dags/tutorial_taskflow_api.py
[2023-11-08T14:29:01.951+0000] {processor.py:829} INFO - Processing file /home/airflow/.local/lib/python3.11/site-packages/airflow/example_dags/tutorial_taskflow_api.py for tasks to queue
[2023-11-08T14:29:01.955+0000] {logging_mixin.py:154} INFO - [2023-11-08T14:29:01.955+0000] {dagbag.py:536} INFO - Filling up the DagBag from /home/airflow/.local/lib/python3.11/site-packages/airflow/example_dags/tutorial_taskflow_api.py
[2023-11-08T14:29:01.966+0000] {processor.py:839} INFO - DAG(s) dict_keys(['tutorial_taskflow_api']) retrieved from /home/airflow/.local/lib/python3.11/site-packages/airflow/example_dags/tutorial_taskflow_api.py
[2023-11-08T14:29:02.066+0000] {logging_mixin.py:154} INFO - [2023-11-08T14:29:02.066+0000] {dag.py:2941} INFO - Sync 1 DAGs
[2023-11-08T14:29:02.089+0000] {logging_mixin.py:154} INFO - [2023-11-08T14:29:02.089+0000] {dag.py:3722} INFO - Setting next_dagrun for tutorial_taskflow_api to None, run_after=None
[2023-11-08T14:29:02.128+0000] {processor.py:179} INFO - Processing /home/airflow/.local/lib/python3.11/site-packages/airflow/example_dags/tutorial_taskflow_api.py took 0.184 seconds
[2023-11-08T14:29:32.799+0000] {processor.py:157} INFO - Started process (PID=1980) to work on /home/airflow/.local/lib/python3.11/site-packages/airflow/example_dags/tutorial_taskflow_api.py
[2023-11-08T14:29:32.800+0000] {processor.py:829} INFO - Processing file /home/airflow/.local/lib/python3.11/site-packages/airflow/example_dags/tutorial_taskflow_api.py for tasks to queue
[2023-11-08T14:29:32.804+0000] {logging_mixin.py:154} INFO - [2023-11-08T14:29:32.803+0000] {dagbag.py:536} INFO - Filling up the DagBag from /home/airflow/.local/lib/python3.11/site-packages/airflow/example_dags/tutorial_taskflow_api.py
[2023-11-08T14:29:32.813+0000] {processor.py:839} INFO - DAG(s) dict_keys(['tutorial_taskflow_api']) retrieved from /home/airflow/.local/lib/python3.11/site-packages/airflow/example_dags/tutorial_taskflow_api.py
[2023-11-08T14:29:32.846+0000] {logging_mixin.py:154} INFO - [2023-11-08T14:29:32.846+0000] {dag.py:2941} INFO - Sync 1 DAGs
[2023-11-08T14:29:32.868+0000] {logging_mixin.py:154} INFO - [2023-11-08T14:29:32.868+0000] {dag.py:3722} INFO - Setting next_dagrun for tutorial_taskflow_api to None, run_after=None
[2023-11-08T14:29:32.903+0000] {processor.py:179} INFO - Processing /home/airflow/.local/lib/python3.11/site-packages/airflow/example_dags/tutorial_taskflow_api.py took 0.108 seconds
[2023-11-08T14:30:03.185+0000] {processor.py:157} INFO - Started process (PID=2056) to work on /home/airflow/.local/lib/python3.11/site-packages/airflow/example_dags/tutorial_taskflow_api.py
[2023-11-08T14:30:03.186+0000] {processor.py:829} INFO - Processing file /home/airflow/.local/lib/python3.11/site-packages/airflow/example_dags/tutorial_taskflow_api.py for tasks to queue
[2023-11-08T14:30:03.189+0000] {logging_mixin.py:154} INFO - [2023-11-08T14:30:03.188+0000] {dagbag.py:536} INFO - Filling up the DagBag from /home/airflow/.local/lib/python3.11/site-packages/airflow/example_dags/tutorial_taskflow_api.py
[2023-11-08T14:30:03.200+0000] {processor.py:839} INFO - DAG(s) dict_keys(['tutorial_taskflow_api']) retrieved from /home/airflow/.local/lib/python3.11/site-packages/airflow/example_dags/tutorial_taskflow_api.py
[2023-11-08T14:30:03.248+0000] {logging_mixin.py:154} INFO - [2023-11-08T14:30:03.247+0000] {dag.py:2941} INFO - Sync 1 DAGs
[2023-11-08T14:30:03.275+0000] {logging_mixin.py:154} INFO - [2023-11-08T14:30:03.275+0000] {dag.py:3722} INFO - Setting next_dagrun for tutorial_taskflow_api to None, run_after=None
[2023-11-08T14:30:03.315+0000] {processor.py:179} INFO - Processing /home/airflow/.local/lib/python3.11/site-packages/airflow/example_dags/tutorial_taskflow_api.py took 0.134 seconds
[2023-11-08T14:30:34.000+0000] {processor.py:157} INFO - Started process (PID=2130) to work on /home/airflow/.local/lib/python3.11/site-packages/airflow/example_dags/tutorial_taskflow_api.py
[2023-11-08T14:30:34.001+0000] {processor.py:829} INFO - Processing file /home/airflow/.local/lib/python3.11/site-packages/airflow/example_dags/tutorial_taskflow_api.py for tasks to queue
[2023-11-08T14:30:34.006+0000] {logging_mixin.py:154} INFO - [2023-11-08T14:30:34.005+0000] {dagbag.py:536} INFO - Filling up the DagBag from /home/airflow/.local/lib/python3.11/site-packages/airflow/example_dags/tutorial_taskflow_api.py
[2023-11-08T14:30:34.019+0000] {processor.py:839} INFO - DAG(s) dict_keys(['tutorial_taskflow_api']) retrieved from /home/airflow/.local/lib/python3.11/site-packages/airflow/example_dags/tutorial_taskflow_api.py
[2023-11-08T14:30:34.064+0000] {logging_mixin.py:154} INFO - [2023-11-08T14:30:34.064+0000] {dag.py:2941} INFO - Sync 1 DAGs
[2023-11-08T14:30:34.089+0000] {logging_mixin.py:154} INFO - [2023-11-08T14:30:34.088+0000] {dag.py:3722} INFO - Setting next_dagrun for tutorial_taskflow_api to None, run_after=None
[2023-11-08T14:30:34.121+0000] {processor.py:179} INFO - Processing /home/airflow/.local/lib/python3.11/site-packages/airflow/example_dags/tutorial_taskflow_api.py took 0.126 seconds
[2023-11-08T14:31:04.764+0000] {processor.py:157} INFO - Started process (PID=2214) to work on /home/airflow/.local/lib/python3.11/site-packages/airflow/example_dags/tutorial_taskflow_api.py
[2023-11-08T14:31:04.765+0000] {processor.py:829} INFO - Processing file /home/airflow/.local/lib/python3.11/site-packages/airflow/example_dags/tutorial_taskflow_api.py for tasks to queue
[2023-11-08T14:31:04.768+0000] {logging_mixin.py:154} INFO - [2023-11-08T14:31:04.768+0000] {dagbag.py:536} INFO - Filling up the DagBag from /home/airflow/.local/lib/python3.11/site-packages/airflow/example_dags/tutorial_taskflow_api.py
[2023-11-08T14:31:04.779+0000] {processor.py:839} INFO - DAG(s) dict_keys(['tutorial_taskflow_api']) retrieved from /home/airflow/.local/lib/python3.11/site-packages/airflow/example_dags/tutorial_taskflow_api.py
[2023-11-08T14:31:04.815+0000] {logging_mixin.py:154} INFO - [2023-11-08T14:31:04.815+0000] {dag.py:2941} INFO - Sync 1 DAGs
[2023-11-08T14:31:04.838+0000] {logging_mixin.py:154} INFO - [2023-11-08T14:31:04.838+0000] {dag.py:3722} INFO - Setting next_dagrun for tutorial_taskflow_api to None, run_after=None
[2023-11-08T14:31:04.872+0000] {processor.py:179} INFO - Processing /home/airflow/.local/lib/python3.11/site-packages/airflow/example_dags/tutorial_taskflow_api.py took 0.113 seconds
[2023-11-08T14:31:35.235+0000] {processor.py:157} INFO - Started process (PID=2290) to work on /home/airflow/.local/lib/python3.11/site-packages/airflow/example_dags/tutorial_taskflow_api.py
[2023-11-08T14:31:35.236+0000] {processor.py:829} INFO - Processing file /home/airflow/.local/lib/python3.11/site-packages/airflow/example_dags/tutorial_taskflow_api.py for tasks to queue
[2023-11-08T14:31:35.240+0000] {logging_mixin.py:154} INFO - [2023-11-08T14:31:35.240+0000] {dagbag.py:536} INFO - Filling up the DagBag from /home/airflow/.local/lib/python3.11/site-packages/airflow/example_dags/tutorial_taskflow_api.py
[2023-11-08T14:31:35.250+0000] {processor.py:839} INFO - DAG(s) dict_keys(['tutorial_taskflow_api']) retrieved from /home/airflow/.local/lib/python3.11/site-packages/airflow/example_dags/tutorial_taskflow_api.py
[2023-11-08T14:31:35.288+0000] {logging_mixin.py:154} INFO - [2023-11-08T14:31:35.287+0000] {dag.py:2941} INFO - Sync 1 DAGs
[2023-11-08T14:31:35.323+0000] {logging_mixin.py:154} INFO - [2023-11-08T14:31:35.322+0000] {dag.py:3722} INFO - Setting next_dagrun for tutorial_taskflow_api to None, run_after=None
[2023-11-08T14:31:35.354+0000] {processor.py:179} INFO - Processing /home/airflow/.local/lib/python3.11/site-packages/airflow/example_dags/tutorial_taskflow_api.py took 0.123 seconds
[2023-11-08T14:32:05.539+0000] {processor.py:157} INFO - Started process (PID=2366) to work on /home/airflow/.local/lib/python3.11/site-packages/airflow/example_dags/tutorial_taskflow_api.py
[2023-11-08T14:32:05.541+0000] {processor.py:829} INFO - Processing file /home/airflow/.local/lib/python3.11/site-packages/airflow/example_dags/tutorial_taskflow_api.py for tasks to queue
[2023-11-08T14:32:05.545+0000] {logging_mixin.py:154} INFO - [2023-11-08T14:32:05.545+0000] {dagbag.py:536} INFO - Filling up the DagBag from /home/airflow/.local/lib/python3.11/site-packages/airflow/example_dags/tutorial_taskflow_api.py
[2023-11-08T14:32:05.555+0000] {processor.py:839} INFO - DAG(s) dict_keys(['tutorial_taskflow_api']) retrieved from /home/airflow/.local/lib/python3.11/site-packages/airflow/example_dags/tutorial_taskflow_api.py
[2023-11-08T14:32:05.589+0000] {logging_mixin.py:154} INFO - [2023-11-08T14:32:05.588+0000] {dag.py:2941} INFO - Sync 1 DAGs
[2023-11-08T14:32:05.612+0000] {logging_mixin.py:154} INFO - [2023-11-08T14:32:05.612+0000] {dag.py:3722} INFO - Setting next_dagrun for tutorial_taskflow_api to None, run_after=None
[2023-11-08T14:32:05.644+0000] {processor.py:179} INFO - Processing /home/airflow/.local/lib/python3.11/site-packages/airflow/example_dags/tutorial_taskflow_api.py took 0.108 seconds
[2023-11-08T14:32:35.924+0000] {processor.py:157} INFO - Started process (PID=2442) to work on /home/airflow/.local/lib/python3.11/site-packages/airflow/example_dags/tutorial_taskflow_api.py
[2023-11-08T14:32:35.925+0000] {processor.py:829} INFO - Processing file /home/airflow/.local/lib/python3.11/site-packages/airflow/example_dags/tutorial_taskflow_api.py for tasks to queue
[2023-11-08T14:32:35.930+0000] {logging_mixin.py:154} INFO - [2023-11-08T14:32:35.929+0000] {dagbag.py:536} INFO - Filling up the DagBag from /home/airflow/.local/lib/python3.11/site-packages/airflow/example_dags/tutorial_taskflow_api.py
[2023-11-08T14:32:35.950+0000] {processor.py:839} INFO - DAG(s) dict_keys(['tutorial_taskflow_api']) retrieved from /home/airflow/.local/lib/python3.11/site-packages/airflow/example_dags/tutorial_taskflow_api.py
[2023-11-08T14:32:36.003+0000] {logging_mixin.py:154} INFO - [2023-11-08T14:32:36.002+0000] {dag.py:2941} INFO - Sync 1 DAGs
[2023-11-08T14:32:36.041+0000] {logging_mixin.py:154} INFO - [2023-11-08T14:32:36.041+0000] {dag.py:3722} INFO - Setting next_dagrun for tutorial_taskflow_api to None, run_after=None
[2023-11-08T14:32:36.102+0000] {processor.py:179} INFO - Processing /home/airflow/.local/lib/python3.11/site-packages/airflow/example_dags/tutorial_taskflow_api.py took 0.183 seconds
[2023-11-08T14:33:06.303+0000] {processor.py:157} INFO - Started process (PID=2518) to work on /home/airflow/.local/lib/python3.11/site-packages/airflow/example_dags/tutorial_taskflow_api.py
[2023-11-08T14:33:06.305+0000] {processor.py:829} INFO - Processing file /home/airflow/.local/lib/python3.11/site-packages/airflow/example_dags/tutorial_taskflow_api.py for tasks to queue
[2023-11-08T14:33:06.308+0000] {logging_mixin.py:154} INFO - [2023-11-08T14:33:06.307+0000] {dagbag.py:536} INFO - Filling up the DagBag from /home/airflow/.local/lib/python3.11/site-packages/airflow/example_dags/tutorial_taskflow_api.py
[2023-11-08T14:33:06.318+0000] {processor.py:839} INFO - DAG(s) dict_keys(['tutorial_taskflow_api']) retrieved from /home/airflow/.local/lib/python3.11/site-packages/airflow/example_dags/tutorial_taskflow_api.py
[2023-11-08T14:33:06.352+0000] {logging_mixin.py:154} INFO - [2023-11-08T14:33:06.352+0000] {dag.py:2941} INFO - Sync 1 DAGs
[2023-11-08T14:33:06.373+0000] {logging_mixin.py:154} INFO - [2023-11-08T14:33:06.373+0000] {dag.py:3722} INFO - Setting next_dagrun for tutorial_taskflow_api to None, run_after=None
[2023-11-08T14:33:06.405+0000] {processor.py:179} INFO - Processing /home/airflow/.local/lib/python3.11/site-packages/airflow/example_dags/tutorial_taskflow_api.py took 0.106 seconds
[2023-11-08T14:33:37.170+0000] {processor.py:157} INFO - Started process (PID=2594) to work on /home/airflow/.local/lib/python3.11/site-packages/airflow/example_dags/tutorial_taskflow_api.py
[2023-11-08T14:33:37.171+0000] {processor.py:829} INFO - Processing file /home/airflow/.local/lib/python3.11/site-packages/airflow/example_dags/tutorial_taskflow_api.py for tasks to queue
[2023-11-08T14:33:37.175+0000] {logging_mixin.py:154} INFO - [2023-11-08T14:33:37.174+0000] {dagbag.py:536} INFO - Filling up the DagBag from /home/airflow/.local/lib/python3.11/site-packages/airflow/example_dags/tutorial_taskflow_api.py
[2023-11-08T14:33:37.187+0000] {processor.py:839} INFO - DAG(s) dict_keys(['tutorial_taskflow_api']) retrieved from /home/airflow/.local/lib/python3.11/site-packages/airflow/example_dags/tutorial_taskflow_api.py
[2023-11-08T14:33:37.218+0000] {logging_mixin.py:154} INFO - [2023-11-08T14:33:37.218+0000] {dag.py:2941} INFO - Sync 1 DAGs
[2023-11-08T14:33:37.240+0000] {logging_mixin.py:154} INFO - [2023-11-08T14:33:37.239+0000] {dag.py:3722} INFO - Setting next_dagrun for tutorial_taskflow_api to None, run_after=None
[2023-11-08T14:33:37.271+0000] {processor.py:179} INFO - Processing /home/airflow/.local/lib/python3.11/site-packages/airflow/example_dags/tutorial_taskflow_api.py took 0.108 seconds
[2023-11-08T14:34:07.688+0000] {processor.py:157} INFO - Started process (PID=2670) to work on /home/airflow/.local/lib/python3.11/site-packages/airflow/example_dags/tutorial_taskflow_api.py
[2023-11-08T14:34:07.690+0000] {processor.py:829} INFO - Processing file /home/airflow/.local/lib/python3.11/site-packages/airflow/example_dags/tutorial_taskflow_api.py for tasks to queue
[2023-11-08T14:34:07.692+0000] {logging_mixin.py:154} INFO - [2023-11-08T14:34:07.692+0000] {dagbag.py:536} INFO - Filling up the DagBag from /home/airflow/.local/lib/python3.11/site-packages/airflow/example_dags/tutorial_taskflow_api.py
[2023-11-08T14:34:07.702+0000] {processor.py:839} INFO - DAG(s) dict_keys(['tutorial_taskflow_api']) retrieved from /home/airflow/.local/lib/python3.11/site-packages/airflow/example_dags/tutorial_taskflow_api.py
[2023-11-08T14:34:07.733+0000] {logging_mixin.py:154} INFO - [2023-11-08T14:34:07.733+0000] {dag.py:2941} INFO - Sync 1 DAGs
[2023-11-08T14:34:07.756+0000] {logging_mixin.py:154} INFO - [2023-11-08T14:34:07.756+0000] {dag.py:3722} INFO - Setting next_dagrun for tutorial_taskflow_api to None, run_after=None
[2023-11-08T14:34:07.788+0000] {processor.py:179} INFO - Processing /home/airflow/.local/lib/python3.11/site-packages/airflow/example_dags/tutorial_taskflow_api.py took 0.104 seconds
[2023-11-08T14:34:38.580+0000] {processor.py:157} INFO - Started process (PID=2746) to work on /home/airflow/.local/lib/python3.11/site-packages/airflow/example_dags/tutorial_taskflow_api.py
[2023-11-08T14:34:38.581+0000] {processor.py:829} INFO - Processing file /home/airflow/.local/lib/python3.11/site-packages/airflow/example_dags/tutorial_taskflow_api.py for tasks to queue
[2023-11-08T14:34:38.584+0000] {logging_mixin.py:154} INFO - [2023-11-08T14:34:38.584+0000] {dagbag.py:536} INFO - Filling up the DagBag from /home/airflow/.local/lib/python3.11/site-packages/airflow/example_dags/tutorial_taskflow_api.py
[2023-11-08T14:34:38.595+0000] {processor.py:839} INFO - DAG(s) dict_keys(['tutorial_taskflow_api']) retrieved from /home/airflow/.local/lib/python3.11/site-packages/airflow/example_dags/tutorial_taskflow_api.py
[2023-11-08T14:34:38.626+0000] {logging_mixin.py:154} INFO - [2023-11-08T14:34:38.626+0000] {dag.py:2941} INFO - Sync 1 DAGs
[2023-11-08T14:34:38.647+0000] {logging_mixin.py:154} INFO - [2023-11-08T14:34:38.646+0000] {dag.py:3722} INFO - Setting next_dagrun for tutorial_taskflow_api to None, run_after=None
[2023-11-08T14:34:38.679+0000] {processor.py:179} INFO - Processing /home/airflow/.local/lib/python3.11/site-packages/airflow/example_dags/tutorial_taskflow_api.py took 0.104 seconds
[2023-11-08T14:35:09.081+0000] {processor.py:157} INFO - Started process (PID=2822) to work on /home/airflow/.local/lib/python3.11/site-packages/airflow/example_dags/tutorial_taskflow_api.py
[2023-11-08T14:35:09.083+0000] {processor.py:829} INFO - Processing file /home/airflow/.local/lib/python3.11/site-packages/airflow/example_dags/tutorial_taskflow_api.py for tasks to queue
[2023-11-08T14:35:09.086+0000] {logging_mixin.py:154} INFO - [2023-11-08T14:35:09.086+0000] {dagbag.py:536} INFO - Filling up the DagBag from /home/airflow/.local/lib/python3.11/site-packages/airflow/example_dags/tutorial_taskflow_api.py
[2023-11-08T14:35:09.097+0000] {processor.py:839} INFO - DAG(s) dict_keys(['tutorial_taskflow_api']) retrieved from /home/airflow/.local/lib/python3.11/site-packages/airflow/example_dags/tutorial_taskflow_api.py
[2023-11-08T14:35:09.133+0000] {logging_mixin.py:154} INFO - [2023-11-08T14:35:09.132+0000] {dag.py:2941} INFO - Sync 1 DAGs
[2023-11-08T14:35:09.158+0000] {logging_mixin.py:154} INFO - [2023-11-08T14:35:09.157+0000] {dag.py:3722} INFO - Setting next_dagrun for tutorial_taskflow_api to None, run_after=None
[2023-11-08T14:35:09.186+0000] {processor.py:179} INFO - Processing /home/airflow/.local/lib/python3.11/site-packages/airflow/example_dags/tutorial_taskflow_api.py took 0.111 seconds
[2023-11-08T14:35:40.111+0000] {processor.py:157} INFO - Started process (PID=2898) to work on /home/airflow/.local/lib/python3.11/site-packages/airflow/example_dags/tutorial_taskflow_api.py
[2023-11-08T14:35:40.112+0000] {processor.py:829} INFO - Processing file /home/airflow/.local/lib/python3.11/site-packages/airflow/example_dags/tutorial_taskflow_api.py for tasks to queue
[2023-11-08T14:35:40.115+0000] {logging_mixin.py:154} INFO - [2023-11-08T14:35:40.115+0000] {dagbag.py:536} INFO - Filling up the DagBag from /home/airflow/.local/lib/python3.11/site-packages/airflow/example_dags/tutorial_taskflow_api.py
[2023-11-08T14:35:40.123+0000] {processor.py:839} INFO - DAG(s) dict_keys(['tutorial_taskflow_api']) retrieved from /home/airflow/.local/lib/python3.11/site-packages/airflow/example_dags/tutorial_taskflow_api.py
[2023-11-08T14:35:40.156+0000] {logging_mixin.py:154} INFO - [2023-11-08T14:35:40.155+0000] {dag.py:2941} INFO - Sync 1 DAGs
[2023-11-08T14:35:40.178+0000] {logging_mixin.py:154} INFO - [2023-11-08T14:35:40.178+0000] {dag.py:3722} INFO - Setting next_dagrun for tutorial_taskflow_api to None, run_after=None
[2023-11-08T14:35:40.208+0000] {processor.py:179} INFO - Processing /home/airflow/.local/lib/python3.11/site-packages/airflow/example_dags/tutorial_taskflow_api.py took 0.102 seconds
[2023-11-08T14:36:10.963+0000] {processor.py:157} INFO - Started process (PID=2974) to work on /home/airflow/.local/lib/python3.11/site-packages/airflow/example_dags/tutorial_taskflow_api.py
[2023-11-08T14:36:10.964+0000] {processor.py:829} INFO - Processing file /home/airflow/.local/lib/python3.11/site-packages/airflow/example_dags/tutorial_taskflow_api.py for tasks to queue
[2023-11-08T14:36:10.968+0000] {logging_mixin.py:154} INFO - [2023-11-08T14:36:10.967+0000] {dagbag.py:536} INFO - Filling up the DagBag from /home/airflow/.local/lib/python3.11/site-packages/airflow/example_dags/tutorial_taskflow_api.py
[2023-11-08T14:36:10.977+0000] {processor.py:839} INFO - DAG(s) dict_keys(['tutorial_taskflow_api']) retrieved from /home/airflow/.local/lib/python3.11/site-packages/airflow/example_dags/tutorial_taskflow_api.py
[2023-11-08T14:36:11.009+0000] {logging_mixin.py:154} INFO - [2023-11-08T14:36:11.009+0000] {dag.py:2941} INFO - Sync 1 DAGs
[2023-11-08T14:36:11.031+0000] {logging_mixin.py:154} INFO - [2023-11-08T14:36:11.031+0000] {dag.py:3722} INFO - Setting next_dagrun for tutorial_taskflow_api to None, run_after=None
[2023-11-08T14:36:11.062+0000] {processor.py:179} INFO - Processing /home/airflow/.local/lib/python3.11/site-packages/airflow/example_dags/tutorial_taskflow_api.py took 0.103 seconds
[2023-11-08T14:36:41.803+0000] {processor.py:157} INFO - Started process (PID=3050) to work on /home/airflow/.local/lib/python3.11/site-packages/airflow/example_dags/tutorial_taskflow_api.py
[2023-11-08T14:36:41.807+0000] {processor.py:829} INFO - Processing file /home/airflow/.local/lib/python3.11/site-packages/airflow/example_dags/tutorial_taskflow_api.py for tasks to queue
[2023-11-08T14:36:41.813+0000] {logging_mixin.py:154} INFO - [2023-11-08T14:36:41.813+0000] {dagbag.py:536} INFO - Filling up the DagBag from /home/airflow/.local/lib/python3.11/site-packages/airflow/example_dags/tutorial_taskflow_api.py
[2023-11-08T14:36:41.824+0000] {processor.py:839} INFO - DAG(s) dict_keys(['tutorial_taskflow_api']) retrieved from /home/airflow/.local/lib/python3.11/site-packages/airflow/example_dags/tutorial_taskflow_api.py
[2023-11-08T14:36:41.859+0000] {logging_mixin.py:154} INFO - [2023-11-08T14:36:41.858+0000] {dag.py:2941} INFO - Sync 1 DAGs
[2023-11-08T14:36:41.885+0000] {logging_mixin.py:154} INFO - [2023-11-08T14:36:41.885+0000] {dag.py:3722} INFO - Setting next_dagrun for tutorial_taskflow_api to None, run_after=None
[2023-11-08T14:36:41.920+0000] {processor.py:179} INFO - Processing /home/airflow/.local/lib/python3.11/site-packages/airflow/example_dags/tutorial_taskflow_api.py took 0.123 seconds
[2023-11-08T14:37:12.367+0000] {processor.py:157} INFO - Started process (PID=3126) to work on /home/airflow/.local/lib/python3.11/site-packages/airflow/example_dags/tutorial_taskflow_api.py
[2023-11-08T14:37:12.368+0000] {processor.py:829} INFO - Processing file /home/airflow/.local/lib/python3.11/site-packages/airflow/example_dags/tutorial_taskflow_api.py for tasks to queue
[2023-11-08T14:37:12.371+0000] {logging_mixin.py:154} INFO - [2023-11-08T14:37:12.370+0000] {dagbag.py:536} INFO - Filling up the DagBag from /home/airflow/.local/lib/python3.11/site-packages/airflow/example_dags/tutorial_taskflow_api.py
[2023-11-08T14:37:12.379+0000] {processor.py:839} INFO - DAG(s) dict_keys(['tutorial_taskflow_api']) retrieved from /home/airflow/.local/lib/python3.11/site-packages/airflow/example_dags/tutorial_taskflow_api.py
[2023-11-08T14:37:12.401+0000] {logging_mixin.py:154} INFO - [2023-11-08T14:37:12.401+0000] {dag.py:2941} INFO - Sync 1 DAGs
[2023-11-08T14:37:12.416+0000] {logging_mixin.py:154} INFO - [2023-11-08T14:37:12.416+0000] {dag.py:3722} INFO - Setting next_dagrun for tutorial_taskflow_api to None, run_after=None
[2023-11-08T14:37:12.454+0000] {processor.py:179} INFO - Processing /home/airflow/.local/lib/python3.11/site-packages/airflow/example_dags/tutorial_taskflow_api.py took 0.091 seconds
[2023-11-08T14:37:42.598+0000] {processor.py:157} INFO - Started process (PID=3202) to work on /home/airflow/.local/lib/python3.11/site-packages/airflow/example_dags/tutorial_taskflow_api.py
[2023-11-08T14:37:42.604+0000] {processor.py:829} INFO - Processing file /home/airflow/.local/lib/python3.11/site-packages/airflow/example_dags/tutorial_taskflow_api.py for tasks to queue
[2023-11-08T14:37:42.606+0000] {logging_mixin.py:154} INFO - [2023-11-08T14:37:42.605+0000] {dagbag.py:536} INFO - Filling up the DagBag from /home/airflow/.local/lib/python3.11/site-packages/airflow/example_dags/tutorial_taskflow_api.py
[2023-11-08T14:37:42.611+0000] {processor.py:839} INFO - DAG(s) dict_keys(['tutorial_taskflow_api']) retrieved from /home/airflow/.local/lib/python3.11/site-packages/airflow/example_dags/tutorial_taskflow_api.py
[2023-11-08T14:37:42.628+0000] {logging_mixin.py:154} INFO - [2023-11-08T14:37:42.628+0000] {dag.py:2941} INFO - Sync 1 DAGs
[2023-11-08T14:37:42.638+0000] {logging_mixin.py:154} INFO - [2023-11-08T14:37:42.638+0000] {dag.py:3722} INFO - Setting next_dagrun for tutorial_taskflow_api to None, run_after=None
[2023-11-08T14:37:42.651+0000] {processor.py:179} INFO - Processing /home/airflow/.local/lib/python3.11/site-packages/airflow/example_dags/tutorial_taskflow_api.py took 0.055 seconds
[2023-11-08T14:38:12.895+0000] {processor.py:157} INFO - Started process (PID=3278) to work on /home/airflow/.local/lib/python3.11/site-packages/airflow/example_dags/tutorial_taskflow_api.py
[2023-11-08T14:38:12.895+0000] {processor.py:829} INFO - Processing file /home/airflow/.local/lib/python3.11/site-packages/airflow/example_dags/tutorial_taskflow_api.py for tasks to queue
[2023-11-08T14:38:12.897+0000] {logging_mixin.py:154} INFO - [2023-11-08T14:38:12.897+0000] {dagbag.py:536} INFO - Filling up the DagBag from /home/airflow/.local/lib/python3.11/site-packages/airflow/example_dags/tutorial_taskflow_api.py
[2023-11-08T14:38:12.901+0000] {processor.py:839} INFO - DAG(s) dict_keys(['tutorial_taskflow_api']) retrieved from /home/airflow/.local/lib/python3.11/site-packages/airflow/example_dags/tutorial_taskflow_api.py
[2023-11-08T14:38:12.915+0000] {logging_mixin.py:154} INFO - [2023-11-08T14:38:12.914+0000] {dag.py:2941} INFO - Sync 1 DAGs
[2023-11-08T14:38:12.925+0000] {logging_mixin.py:154} INFO - [2023-11-08T14:38:12.924+0000] {dag.py:3722} INFO - Setting next_dagrun for tutorial_taskflow_api to None, run_after=None
[2023-11-08T14:38:12.937+0000] {processor.py:179} INFO - Processing /home/airflow/.local/lib/python3.11/site-packages/airflow/example_dags/tutorial_taskflow_api.py took 0.045 seconds
[2023-11-08T14:38:43.034+0000] {processor.py:157} INFO - Started process (PID=3354) to work on /home/airflow/.local/lib/python3.11/site-packages/airflow/example_dags/tutorial_taskflow_api.py
[2023-11-08T14:38:43.035+0000] {processor.py:829} INFO - Processing file /home/airflow/.local/lib/python3.11/site-packages/airflow/example_dags/tutorial_taskflow_api.py for tasks to queue
[2023-11-08T14:38:43.037+0000] {logging_mixin.py:154} INFO - [2023-11-08T14:38:43.036+0000] {dagbag.py:536} INFO - Filling up the DagBag from /home/airflow/.local/lib/python3.11/site-packages/airflow/example_dags/tutorial_taskflow_api.py
[2023-11-08T14:38:43.041+0000] {processor.py:839} INFO - DAG(s) dict_keys(['tutorial_taskflow_api']) retrieved from /home/airflow/.local/lib/python3.11/site-packages/airflow/example_dags/tutorial_taskflow_api.py
[2023-11-08T14:38:43.055+0000] {logging_mixin.py:154} INFO - [2023-11-08T14:38:43.055+0000] {dag.py:2941} INFO - Sync 1 DAGs
[2023-11-08T14:38:43.065+0000] {logging_mixin.py:154} INFO - [2023-11-08T14:38:43.065+0000] {dag.py:3722} INFO - Setting next_dagrun for tutorial_taskflow_api to None, run_after=None
[2023-11-08T14:38:43.078+0000] {processor.py:179} INFO - Processing /home/airflow/.local/lib/python3.11/site-packages/airflow/example_dags/tutorial_taskflow_api.py took 0.046 seconds
[2023-11-08T14:39:13.190+0000] {processor.py:157} INFO - Started process (PID=3430) to work on /home/airflow/.local/lib/python3.11/site-packages/airflow/example_dags/tutorial_taskflow_api.py
[2023-11-08T14:39:13.190+0000] {processor.py:829} INFO - Processing file /home/airflow/.local/lib/python3.11/site-packages/airflow/example_dags/tutorial_taskflow_api.py for tasks to queue
[2023-11-08T14:39:13.192+0000] {logging_mixin.py:154} INFO - [2023-11-08T14:39:13.192+0000] {dagbag.py:536} INFO - Filling up the DagBag from /home/airflow/.local/lib/python3.11/site-packages/airflow/example_dags/tutorial_taskflow_api.py
[2023-11-08T14:39:13.196+0000] {processor.py:839} INFO - DAG(s) dict_keys(['tutorial_taskflow_api']) retrieved from /home/airflow/.local/lib/python3.11/site-packages/airflow/example_dags/tutorial_taskflow_api.py
[2023-11-08T14:39:13.210+0000] {logging_mixin.py:154} INFO - [2023-11-08T14:39:13.210+0000] {dag.py:2941} INFO - Sync 1 DAGs
[2023-11-08T14:39:13.220+0000] {logging_mixin.py:154} INFO - [2023-11-08T14:39:13.220+0000] {dag.py:3722} INFO - Setting next_dagrun for tutorial_taskflow_api to None, run_after=None
[2023-11-08T14:39:13.233+0000] {processor.py:179} INFO - Processing /home/airflow/.local/lib/python3.11/site-packages/airflow/example_dags/tutorial_taskflow_api.py took 0.045 seconds
[2023-11-08T14:39:43.431+0000] {processor.py:157} INFO - Started process (PID=3506) to work on /home/airflow/.local/lib/python3.11/site-packages/airflow/example_dags/tutorial_taskflow_api.py
[2023-11-08T14:39:43.432+0000] {processor.py:829} INFO - Processing file /home/airflow/.local/lib/python3.11/site-packages/airflow/example_dags/tutorial_taskflow_api.py for tasks to queue
[2023-11-08T14:39:43.434+0000] {logging_mixin.py:154} INFO - [2023-11-08T14:39:43.434+0000] {dagbag.py:536} INFO - Filling up the DagBag from /home/airflow/.local/lib/python3.11/site-packages/airflow/example_dags/tutorial_taskflow_api.py
[2023-11-08T14:39:43.439+0000] {processor.py:839} INFO - DAG(s) dict_keys(['tutorial_taskflow_api']) retrieved from /home/airflow/.local/lib/python3.11/site-packages/airflow/example_dags/tutorial_taskflow_api.py
[2023-11-08T14:39:43.456+0000] {logging_mixin.py:154} INFO - [2023-11-08T14:39:43.456+0000] {dag.py:2941} INFO - Sync 1 DAGs
[2023-11-08T14:39:43.465+0000] {logging_mixin.py:154} INFO - [2023-11-08T14:39:43.465+0000] {dag.py:3722} INFO - Setting next_dagrun for tutorial_taskflow_api to None, run_after=None
[2023-11-08T14:39:43.478+0000] {processor.py:179} INFO - Processing /home/airflow/.local/lib/python3.11/site-packages/airflow/example_dags/tutorial_taskflow_api.py took 0.049 seconds
[2023-11-08T14:40:13.630+0000] {processor.py:157} INFO - Started process (PID=3583) to work on /home/airflow/.local/lib/python3.11/site-packages/airflow/example_dags/tutorial_taskflow_api.py
[2023-11-08T14:40:13.630+0000] {processor.py:829} INFO - Processing file /home/airflow/.local/lib/python3.11/site-packages/airflow/example_dags/tutorial_taskflow_api.py for tasks to queue
[2023-11-08T14:40:13.632+0000] {logging_mixin.py:154} INFO - [2023-11-08T14:40:13.632+0000] {dagbag.py:536} INFO - Filling up the DagBag from /home/airflow/.local/lib/python3.11/site-packages/airflow/example_dags/tutorial_taskflow_api.py
[2023-11-08T14:40:13.636+0000] {processor.py:839} INFO - DAG(s) dict_keys(['tutorial_taskflow_api']) retrieved from /home/airflow/.local/lib/python3.11/site-packages/airflow/example_dags/tutorial_taskflow_api.py
[2023-11-08T14:40:13.649+0000] {logging_mixin.py:154} INFO - [2023-11-08T14:40:13.649+0000] {dag.py:2941} INFO - Sync 1 DAGs
[2023-11-08T14:40:13.659+0000] {logging_mixin.py:154} INFO - [2023-11-08T14:40:13.659+0000] {dag.py:3722} INFO - Setting next_dagrun for tutorial_taskflow_api to None, run_after=None
[2023-11-08T14:40:13.672+0000] {processor.py:179} INFO - Processing /home/airflow/.local/lib/python3.11/site-packages/airflow/example_dags/tutorial_taskflow_api.py took 0.045 seconds
[2023-11-08T14:40:43.754+0000] {processor.py:157} INFO - Started process (PID=3659) to work on /home/airflow/.local/lib/python3.11/site-packages/airflow/example_dags/tutorial_taskflow_api.py
[2023-11-08T14:40:43.758+0000] {processor.py:829} INFO - Processing file /home/airflow/.local/lib/python3.11/site-packages/airflow/example_dags/tutorial_taskflow_api.py for tasks to queue
[2023-11-08T14:40:43.760+0000] {logging_mixin.py:154} INFO - [2023-11-08T14:40:43.760+0000] {dagbag.py:536} INFO - Filling up the DagBag from /home/airflow/.local/lib/python3.11/site-packages/airflow/example_dags/tutorial_taskflow_api.py
[2023-11-08T14:40:43.765+0000] {processor.py:839} INFO - DAG(s) dict_keys(['tutorial_taskflow_api']) retrieved from /home/airflow/.local/lib/python3.11/site-packages/airflow/example_dags/tutorial_taskflow_api.py
[2023-11-08T14:40:43.783+0000] {logging_mixin.py:154} INFO - [2023-11-08T14:40:43.782+0000] {dag.py:2941} INFO - Sync 1 DAGs
[2023-11-08T14:40:43.793+0000] {logging_mixin.py:154} INFO - [2023-11-08T14:40:43.793+0000] {dag.py:3722} INFO - Setting next_dagrun for tutorial_taskflow_api to None, run_after=None
[2023-11-08T14:40:43.808+0000] {processor.py:179} INFO - Processing /home/airflow/.local/lib/python3.11/site-packages/airflow/example_dags/tutorial_taskflow_api.py took 0.056 seconds
[2023-11-08T14:41:13.998+0000] {processor.py:157} INFO - Started process (PID=3735) to work on /home/airflow/.local/lib/python3.11/site-packages/airflow/example_dags/tutorial_taskflow_api.py
[2023-11-08T14:41:13.998+0000] {processor.py:829} INFO - Processing file /home/airflow/.local/lib/python3.11/site-packages/airflow/example_dags/tutorial_taskflow_api.py for tasks to queue
[2023-11-08T14:41:13.999+0000] {logging_mixin.py:154} INFO - [2023-11-08T14:41:13.999+0000] {dagbag.py:536} INFO - Filling up the DagBag from /home/airflow/.local/lib/python3.11/site-packages/airflow/example_dags/tutorial_taskflow_api.py
[2023-11-08T14:41:14.004+0000] {processor.py:839} INFO - DAG(s) dict_keys(['tutorial_taskflow_api']) retrieved from /home/airflow/.local/lib/python3.11/site-packages/airflow/example_dags/tutorial_taskflow_api.py
[2023-11-08T14:41:14.020+0000] {logging_mixin.py:154} INFO - [2023-11-08T14:41:14.020+0000] {dag.py:2941} INFO - Sync 1 DAGs
[2023-11-08T14:41:14.029+0000] {logging_mixin.py:154} INFO - [2023-11-08T14:41:14.029+0000] {dag.py:3722} INFO - Setting next_dagrun for tutorial_taskflow_api to None, run_after=None
[2023-11-08T14:41:14.043+0000] {processor.py:179} INFO - Processing /home/airflow/.local/lib/python3.11/site-packages/airflow/example_dags/tutorial_taskflow_api.py took 0.047 seconds
[2023-11-08T14:41:44.177+0000] {processor.py:157} INFO - Started process (PID=3811) to work on /home/airflow/.local/lib/python3.11/site-packages/airflow/example_dags/tutorial_taskflow_api.py
[2023-11-08T14:41:44.178+0000] {processor.py:829} INFO - Processing file /home/airflow/.local/lib/python3.11/site-packages/airflow/example_dags/tutorial_taskflow_api.py for tasks to queue
[2023-11-08T14:41:44.179+0000] {logging_mixin.py:154} INFO - [2023-11-08T14:41:44.179+0000] {dagbag.py:536} INFO - Filling up the DagBag from /home/airflow/.local/lib/python3.11/site-packages/airflow/example_dags/tutorial_taskflow_api.py
[2023-11-08T14:41:44.184+0000] {processor.py:839} INFO - DAG(s) dict_keys(['tutorial_taskflow_api']) retrieved from /home/airflow/.local/lib/python3.11/site-packages/airflow/example_dags/tutorial_taskflow_api.py
[2023-11-08T14:41:44.198+0000] {logging_mixin.py:154} INFO - [2023-11-08T14:41:44.198+0000] {dag.py:2941} INFO - Sync 1 DAGs
[2023-11-08T14:41:44.208+0000] {logging_mixin.py:154} INFO - [2023-11-08T14:41:44.207+0000] {dag.py:3722} INFO - Setting next_dagrun for tutorial_taskflow_api to None, run_after=None
[2023-11-08T14:41:44.221+0000] {processor.py:179} INFO - Processing /home/airflow/.local/lib/python3.11/site-packages/airflow/example_dags/tutorial_taskflow_api.py took 0.046 seconds
[2023-11-08T14:42:14.427+0000] {processor.py:157} INFO - Started process (PID=3887) to work on /home/airflow/.local/lib/python3.11/site-packages/airflow/example_dags/tutorial_taskflow_api.py
[2023-11-08T14:42:14.427+0000] {processor.py:829} INFO - Processing file /home/airflow/.local/lib/python3.11/site-packages/airflow/example_dags/tutorial_taskflow_api.py for tasks to queue
[2023-11-08T14:42:14.428+0000] {logging_mixin.py:154} INFO - [2023-11-08T14:42:14.428+0000] {dagbag.py:536} INFO - Filling up the DagBag from /home/airflow/.local/lib/python3.11/site-packages/airflow/example_dags/tutorial_taskflow_api.py
[2023-11-08T14:42:14.433+0000] {processor.py:839} INFO - DAG(s) dict_keys(['tutorial_taskflow_api']) retrieved from /home/airflow/.local/lib/python3.11/site-packages/airflow/example_dags/tutorial_taskflow_api.py
[2023-11-08T14:42:14.447+0000] {logging_mixin.py:154} INFO - [2023-11-08T14:42:14.447+0000] {dag.py:2941} INFO - Sync 1 DAGs
[2023-11-08T14:42:14.457+0000] {logging_mixin.py:154} INFO - [2023-11-08T14:42:14.457+0000] {dag.py:3722} INFO - Setting next_dagrun for tutorial_taskflow_api to None, run_after=None
[2023-11-08T14:42:14.471+0000] {processor.py:179} INFO - Processing /home/airflow/.local/lib/python3.11/site-packages/airflow/example_dags/tutorial_taskflow_api.py took 0.046 seconds
[2023-11-08T14:42:44.883+0000] {processor.py:157} INFO - Started process (PID=3963) to work on /home/airflow/.local/lib/python3.11/site-packages/airflow/example_dags/tutorial_taskflow_api.py
[2023-11-08T14:42:44.884+0000] {processor.py:829} INFO - Processing file /home/airflow/.local/lib/python3.11/site-packages/airflow/example_dags/tutorial_taskflow_api.py for tasks to queue
[2023-11-08T14:42:44.885+0000] {logging_mixin.py:154} INFO - [2023-11-08T14:42:44.885+0000] {dagbag.py:536} INFO - Filling up the DagBag from /home/airflow/.local/lib/python3.11/site-packages/airflow/example_dags/tutorial_taskflow_api.py
[2023-11-08T14:42:44.890+0000] {processor.py:839} INFO - DAG(s) dict_keys(['tutorial_taskflow_api']) retrieved from /home/airflow/.local/lib/python3.11/site-packages/airflow/example_dags/tutorial_taskflow_api.py
[2023-11-08T14:42:44.903+0000] {logging_mixin.py:154} INFO - [2023-11-08T14:42:44.903+0000] {dag.py:2941} INFO - Sync 1 DAGs
[2023-11-08T14:42:44.912+0000] {logging_mixin.py:154} INFO - [2023-11-08T14:42:44.912+0000] {dag.py:3722} INFO - Setting next_dagrun for tutorial_taskflow_api to None, run_after=None
[2023-11-08T14:42:44.925+0000] {processor.py:179} INFO - Processing /home/airflow/.local/lib/python3.11/site-packages/airflow/example_dags/tutorial_taskflow_api.py took 0.045 seconds
[2023-11-08T14:43:15.221+0000] {processor.py:157} INFO - Started process (PID=4039) to work on /home/airflow/.local/lib/python3.11/site-packages/airflow/example_dags/tutorial_taskflow_api.py
[2023-11-08T14:43:15.222+0000] {processor.py:829} INFO - Processing file /home/airflow/.local/lib/python3.11/site-packages/airflow/example_dags/tutorial_taskflow_api.py for tasks to queue
[2023-11-08T14:43:15.223+0000] {logging_mixin.py:154} INFO - [2023-11-08T14:43:15.223+0000] {dagbag.py:536} INFO - Filling up the DagBag from /home/airflow/.local/lib/python3.11/site-packages/airflow/example_dags/tutorial_taskflow_api.py
[2023-11-08T14:43:15.228+0000] {processor.py:839} INFO - DAG(s) dict_keys(['tutorial_taskflow_api']) retrieved from /home/airflow/.local/lib/python3.11/site-packages/airflow/example_dags/tutorial_taskflow_api.py
[2023-11-08T14:43:15.243+0000] {logging_mixin.py:154} INFO - [2023-11-08T14:43:15.242+0000] {dag.py:2941} INFO - Sync 1 DAGs
[2023-11-08T14:43:15.252+0000] {logging_mixin.py:154} INFO - [2023-11-08T14:43:15.252+0000] {dag.py:3722} INFO - Setting next_dagrun for tutorial_taskflow_api to None, run_after=None
[2023-11-08T14:43:15.268+0000] {processor.py:179} INFO - Processing /home/airflow/.local/lib/python3.11/site-packages/airflow/example_dags/tutorial_taskflow_api.py took 0.049 seconds
[2023-11-08T14:43:45.735+0000] {processor.py:157} INFO - Started process (PID=4115) to work on /home/airflow/.local/lib/python3.11/site-packages/airflow/example_dags/tutorial_taskflow_api.py
[2023-11-08T14:43:45.736+0000] {processor.py:829} INFO - Processing file /home/airflow/.local/lib/python3.11/site-packages/airflow/example_dags/tutorial_taskflow_api.py for tasks to queue
[2023-11-08T14:43:45.738+0000] {logging_mixin.py:154} INFO - [2023-11-08T14:43:45.737+0000] {dagbag.py:536} INFO - Filling up the DagBag from /home/airflow/.local/lib/python3.11/site-packages/airflow/example_dags/tutorial_taskflow_api.py
[2023-11-08T14:43:45.742+0000] {processor.py:839} INFO - DAG(s) dict_keys(['tutorial_taskflow_api']) retrieved from /home/airflow/.local/lib/python3.11/site-packages/airflow/example_dags/tutorial_taskflow_api.py
[2023-11-08T14:43:45.757+0000] {logging_mixin.py:154} INFO - [2023-11-08T14:43:45.756+0000] {dag.py:2941} INFO - Sync 1 DAGs
[2023-11-08T14:43:45.766+0000] {logging_mixin.py:154} INFO - [2023-11-08T14:43:45.766+0000] {dag.py:3722} INFO - Setting next_dagrun for tutorial_taskflow_api to None, run_after=None
[2023-11-08T14:43:45.779+0000] {processor.py:179} INFO - Processing /home/airflow/.local/lib/python3.11/site-packages/airflow/example_dags/tutorial_taskflow_api.py took 0.046 seconds
[2023-11-08T14:44:15.900+0000] {processor.py:157} INFO - Started process (PID=4191) to work on /home/airflow/.local/lib/python3.11/site-packages/airflow/example_dags/tutorial_taskflow_api.py
[2023-11-08T14:44:15.900+0000] {processor.py:829} INFO - Processing file /home/airflow/.local/lib/python3.11/site-packages/airflow/example_dags/tutorial_taskflow_api.py for tasks to queue
[2023-11-08T14:44:15.902+0000] {logging_mixin.py:154} INFO - [2023-11-08T14:44:15.902+0000] {dagbag.py:536} INFO - Filling up the DagBag from /home/airflow/.local/lib/python3.11/site-packages/airflow/example_dags/tutorial_taskflow_api.py
[2023-11-08T14:44:15.907+0000] {processor.py:839} INFO - DAG(s) dict_keys(['tutorial_taskflow_api']) retrieved from /home/airflow/.local/lib/python3.11/site-packages/airflow/example_dags/tutorial_taskflow_api.py
[2023-11-08T14:44:15.921+0000] {logging_mixin.py:154} INFO - [2023-11-08T14:44:15.920+0000] {dag.py:2941} INFO - Sync 1 DAGs
[2023-11-08T14:44:15.930+0000] {logging_mixin.py:154} INFO - [2023-11-08T14:44:15.930+0000] {dag.py:3722} INFO - Setting next_dagrun for tutorial_taskflow_api to None, run_after=None
[2023-11-08T14:44:15.944+0000] {processor.py:179} INFO - Processing /home/airflow/.local/lib/python3.11/site-packages/airflow/example_dags/tutorial_taskflow_api.py took 0.046 seconds
[2023-11-08T14:44:46.011+0000] {processor.py:157} INFO - Started process (PID=4267) to work on /home/airflow/.local/lib/python3.11/site-packages/airflow/example_dags/tutorial_taskflow_api.py
[2023-11-08T14:44:46.013+0000] {processor.py:829} INFO - Processing file /home/airflow/.local/lib/python3.11/site-packages/airflow/example_dags/tutorial_taskflow_api.py for tasks to queue
[2023-11-08T14:44:46.015+0000] {logging_mixin.py:154} INFO - [2023-11-08T14:44:46.015+0000] {dagbag.py:536} INFO - Filling up the DagBag from /home/airflow/.local/lib/python3.11/site-packages/airflow/example_dags/tutorial_taskflow_api.py
[2023-11-08T14:44:46.019+0000] {processor.py:839} INFO - DAG(s) dict_keys(['tutorial_taskflow_api']) retrieved from /home/airflow/.local/lib/python3.11/site-packages/airflow/example_dags/tutorial_taskflow_api.py
[2023-11-08T14:44:46.034+0000] {logging_mixin.py:154} INFO - [2023-11-08T14:44:46.034+0000] {dag.py:2941} INFO - Sync 1 DAGs
[2023-11-08T14:44:46.044+0000] {logging_mixin.py:154} INFO - [2023-11-08T14:44:46.044+0000] {dag.py:3722} INFO - Setting next_dagrun for tutorial_taskflow_api to None, run_after=None
[2023-11-08T14:44:46.057+0000] {processor.py:179} INFO - Processing /home/airflow/.local/lib/python3.11/site-packages/airflow/example_dags/tutorial_taskflow_api.py took 0.048 seconds
[2023-11-08T14:45:16.401+0000] {processor.py:157} INFO - Started process (PID=4344) to work on /home/airflow/.local/lib/python3.11/site-packages/airflow/example_dags/tutorial_taskflow_api.py
[2023-11-08T14:45:16.401+0000] {processor.py:829} INFO - Processing file /home/airflow/.local/lib/python3.11/site-packages/airflow/example_dags/tutorial_taskflow_api.py for tasks to queue
[2023-11-08T14:45:16.403+0000] {logging_mixin.py:154} INFO - [2023-11-08T14:45:16.403+0000] {dagbag.py:536} INFO - Filling up the DagBag from /home/airflow/.local/lib/python3.11/site-packages/airflow/example_dags/tutorial_taskflow_api.py
[2023-11-08T14:45:16.409+0000] {processor.py:839} INFO - DAG(s) dict_keys(['tutorial_taskflow_api']) retrieved from /home/airflow/.local/lib/python3.11/site-packages/airflow/example_dags/tutorial_taskflow_api.py
[2023-11-08T14:45:16.424+0000] {logging_mixin.py:154} INFO - [2023-11-08T14:45:16.424+0000] {dag.py:2941} INFO - Sync 1 DAGs
[2023-11-08T14:45:16.435+0000] {logging_mixin.py:154} INFO - [2023-11-08T14:45:16.434+0000] {dag.py:3722} INFO - Setting next_dagrun for tutorial_taskflow_api to None, run_after=None
[2023-11-08T14:45:16.449+0000] {processor.py:179} INFO - Processing /home/airflow/.local/lib/python3.11/site-packages/airflow/example_dags/tutorial_taskflow_api.py took 0.051 seconds
[2023-11-08T14:45:47.068+0000] {processor.py:157} INFO - Started process (PID=4420) to work on /home/airflow/.local/lib/python3.11/site-packages/airflow/example_dags/tutorial_taskflow_api.py
[2023-11-08T14:45:47.069+0000] {processor.py:829} INFO - Processing file /home/airflow/.local/lib/python3.11/site-packages/airflow/example_dags/tutorial_taskflow_api.py for tasks to queue
[2023-11-08T14:45:47.071+0000] {logging_mixin.py:154} INFO - [2023-11-08T14:45:47.071+0000] {dagbag.py:536} INFO - Filling up the DagBag from /home/airflow/.local/lib/python3.11/site-packages/airflow/example_dags/tutorial_taskflow_api.py
[2023-11-08T14:45:47.075+0000] {processor.py:839} INFO - DAG(s) dict_keys(['tutorial_taskflow_api']) retrieved from /home/airflow/.local/lib/python3.11/site-packages/airflow/example_dags/tutorial_taskflow_api.py
[2023-11-08T14:45:47.089+0000] {logging_mixin.py:154} INFO - [2023-11-08T14:45:47.088+0000] {dag.py:2941} INFO - Sync 1 DAGs
[2023-11-08T14:45:47.097+0000] {logging_mixin.py:154} INFO - [2023-11-08T14:45:47.097+0000] {dag.py:3722} INFO - Setting next_dagrun for tutorial_taskflow_api to None, run_after=None
[2023-11-08T14:45:47.111+0000] {processor.py:179} INFO - Processing /home/airflow/.local/lib/python3.11/site-packages/airflow/example_dags/tutorial_taskflow_api.py took 0.045 seconds
[2023-11-08T14:46:17.513+0000] {processor.py:157} INFO - Started process (PID=4496) to work on /home/airflow/.local/lib/python3.11/site-packages/airflow/example_dags/tutorial_taskflow_api.py
[2023-11-08T14:46:17.514+0000] {processor.py:829} INFO - Processing file /home/airflow/.local/lib/python3.11/site-packages/airflow/example_dags/tutorial_taskflow_api.py for tasks to queue
[2023-11-08T14:46:17.515+0000] {logging_mixin.py:154} INFO - [2023-11-08T14:46:17.515+0000] {dagbag.py:536} INFO - Filling up the DagBag from /home/airflow/.local/lib/python3.11/site-packages/airflow/example_dags/tutorial_taskflow_api.py
[2023-11-08T14:46:17.520+0000] {processor.py:839} INFO - DAG(s) dict_keys(['tutorial_taskflow_api']) retrieved from /home/airflow/.local/lib/python3.11/site-packages/airflow/example_dags/tutorial_taskflow_api.py
[2023-11-08T14:46:17.534+0000] {logging_mixin.py:154} INFO - [2023-11-08T14:46:17.534+0000] {dag.py:2941} INFO - Sync 1 DAGs
[2023-11-08T14:46:17.545+0000] {logging_mixin.py:154} INFO - [2023-11-08T14:46:17.545+0000] {dag.py:3722} INFO - Setting next_dagrun for tutorial_taskflow_api to None, run_after=None
[2023-11-08T14:46:17.561+0000] {processor.py:179} INFO - Processing /home/airflow/.local/lib/python3.11/site-packages/airflow/example_dags/tutorial_taskflow_api.py took 0.050 seconds
[2023-11-08T14:46:48.082+0000] {processor.py:157} INFO - Started process (PID=4572) to work on /home/airflow/.local/lib/python3.11/site-packages/airflow/example_dags/tutorial_taskflow_api.py
[2023-11-08T14:46:48.128+0000] {processor.py:829} INFO - Processing file /home/airflow/.local/lib/python3.11/site-packages/airflow/example_dags/tutorial_taskflow_api.py for tasks to queue
[2023-11-08T14:46:48.130+0000] {logging_mixin.py:154} INFO - [2023-11-08T14:46:48.130+0000] {dagbag.py:536} INFO - Filling up the DagBag from /home/airflow/.local/lib/python3.11/site-packages/airflow/example_dags/tutorial_taskflow_api.py
[2023-11-08T14:46:48.134+0000] {processor.py:839} INFO - DAG(s) dict_keys(['tutorial_taskflow_api']) retrieved from /home/airflow/.local/lib/python3.11/site-packages/airflow/example_dags/tutorial_taskflow_api.py
[2023-11-08T14:46:48.149+0000] {logging_mixin.py:154} INFO - [2023-11-08T14:46:48.149+0000] {dag.py:2941} INFO - Sync 1 DAGs
[2023-11-08T14:46:48.159+0000] {logging_mixin.py:154} INFO - [2023-11-08T14:46:48.159+0000] {dag.py:3722} INFO - Setting next_dagrun for tutorial_taskflow_api to None, run_after=None
[2023-11-08T14:46:48.172+0000] {processor.py:179} INFO - Processing /home/airflow/.local/lib/python3.11/site-packages/airflow/example_dags/tutorial_taskflow_api.py took 0.092 seconds
[2023-11-08T14:47:18.270+0000] {processor.py:157} INFO - Started process (PID=4648) to work on /home/airflow/.local/lib/python3.11/site-packages/airflow/example_dags/tutorial_taskflow_api.py
[2023-11-08T14:47:18.271+0000] {processor.py:829} INFO - Processing file /home/airflow/.local/lib/python3.11/site-packages/airflow/example_dags/tutorial_taskflow_api.py for tasks to queue
[2023-11-08T14:47:18.273+0000] {logging_mixin.py:154} INFO - [2023-11-08T14:47:18.273+0000] {dagbag.py:536} INFO - Filling up the DagBag from /home/airflow/.local/lib/python3.11/site-packages/airflow/example_dags/tutorial_taskflow_api.py
[2023-11-08T14:47:18.277+0000] {processor.py:839} INFO - DAG(s) dict_keys(['tutorial_taskflow_api']) retrieved from /home/airflow/.local/lib/python3.11/site-packages/airflow/example_dags/tutorial_taskflow_api.py
[2023-11-08T14:47:18.291+0000] {logging_mixin.py:154} INFO - [2023-11-08T14:47:18.291+0000] {dag.py:2941} INFO - Sync 1 DAGs
[2023-11-08T14:47:18.300+0000] {logging_mixin.py:154} INFO - [2023-11-08T14:47:18.300+0000] {dag.py:3722} INFO - Setting next_dagrun for tutorial_taskflow_api to None, run_after=None
[2023-11-08T14:47:18.314+0000] {processor.py:179} INFO - Processing /home/airflow/.local/lib/python3.11/site-packages/airflow/example_dags/tutorial_taskflow_api.py took 0.047 seconds
[2023-11-08T14:47:48.686+0000] {processor.py:157} INFO - Started process (PID=4724) to work on /home/airflow/.local/lib/python3.11/site-packages/airflow/example_dags/tutorial_taskflow_api.py
[2023-11-08T14:47:48.687+0000] {processor.py:829} INFO - Processing file /home/airflow/.local/lib/python3.11/site-packages/airflow/example_dags/tutorial_taskflow_api.py for tasks to queue
[2023-11-08T14:47:48.688+0000] {logging_mixin.py:154} INFO - [2023-11-08T14:47:48.688+0000] {dagbag.py:536} INFO - Filling up the DagBag from /home/airflow/.local/lib/python3.11/site-packages/airflow/example_dags/tutorial_taskflow_api.py
[2023-11-08T14:47:48.694+0000] {processor.py:839} INFO - DAG(s) dict_keys(['tutorial_taskflow_api']) retrieved from /home/airflow/.local/lib/python3.11/site-packages/airflow/example_dags/tutorial_taskflow_api.py
[2023-11-08T14:47:48.711+0000] {logging_mixin.py:154} INFO - [2023-11-08T14:47:48.711+0000] {dag.py:2941} INFO - Sync 1 DAGs
[2023-11-08T14:47:48.965+0000] {logging_mixin.py:154} INFO - [2023-11-08T14:47:48.965+0000] {dag.py:3722} INFO - Setting next_dagrun for tutorial_taskflow_api to None, run_after=None
[2023-11-08T14:47:48.983+0000] {processor.py:179} INFO - Processing /home/airflow/.local/lib/python3.11/site-packages/airflow/example_dags/tutorial_taskflow_api.py took 0.299 seconds
[2023-11-08T14:48:19.875+0000] {processor.py:157} INFO - Started process (PID=4800) to work on /home/airflow/.local/lib/python3.11/site-packages/airflow/example_dags/tutorial_taskflow_api.py
[2023-11-08T14:48:19.876+0000] {processor.py:829} INFO - Processing file /home/airflow/.local/lib/python3.11/site-packages/airflow/example_dags/tutorial_taskflow_api.py for tasks to queue
[2023-11-08T14:48:19.877+0000] {logging_mixin.py:154} INFO - [2023-11-08T14:48:19.877+0000] {dagbag.py:536} INFO - Filling up the DagBag from /home/airflow/.local/lib/python3.11/site-packages/airflow/example_dags/tutorial_taskflow_api.py
[2023-11-08T14:48:19.882+0000] {processor.py:839} INFO - DAG(s) dict_keys(['tutorial_taskflow_api']) retrieved from /home/airflow/.local/lib/python3.11/site-packages/airflow/example_dags/tutorial_taskflow_api.py
[2023-11-08T14:48:19.896+0000] {logging_mixin.py:154} INFO - [2023-11-08T14:48:19.896+0000] {dag.py:2941} INFO - Sync 1 DAGs
[2023-11-08T14:48:19.907+0000] {logging_mixin.py:154} INFO - [2023-11-08T14:48:19.907+0000] {dag.py:3722} INFO - Setting next_dagrun for tutorial_taskflow_api to None, run_after=None
[2023-11-08T14:48:19.921+0000] {processor.py:179} INFO - Processing /home/airflow/.local/lib/python3.11/site-packages/airflow/example_dags/tutorial_taskflow_api.py took 0.048 seconds
[2023-11-08T14:48:50.072+0000] {processor.py:157} INFO - Started process (PID=4875) to work on /home/airflow/.local/lib/python3.11/site-packages/airflow/example_dags/tutorial_taskflow_api.py
[2023-11-08T14:48:50.073+0000] {processor.py:829} INFO - Processing file /home/airflow/.local/lib/python3.11/site-packages/airflow/example_dags/tutorial_taskflow_api.py for tasks to queue
[2023-11-08T14:48:50.074+0000] {logging_mixin.py:154} INFO - [2023-11-08T14:48:50.074+0000] {dagbag.py:536} INFO - Filling up the DagBag from /home/airflow/.local/lib/python3.11/site-packages/airflow/example_dags/tutorial_taskflow_api.py
[2023-11-08T14:48:50.079+0000] {processor.py:839} INFO - DAG(s) dict_keys(['tutorial_taskflow_api']) retrieved from /home/airflow/.local/lib/python3.11/site-packages/airflow/example_dags/tutorial_taskflow_api.py
[2023-11-08T14:48:50.094+0000] {logging_mixin.py:154} INFO - [2023-11-08T14:48:50.094+0000] {dag.py:2941} INFO - Sync 1 DAGs
[2023-11-08T14:48:50.104+0000] {logging_mixin.py:154} INFO - [2023-11-08T14:48:50.103+0000] {dag.py:3722} INFO - Setting next_dagrun for tutorial_taskflow_api to None, run_after=None
[2023-11-08T14:48:50.117+0000] {processor.py:179} INFO - Processing /home/airflow/.local/lib/python3.11/site-packages/airflow/example_dags/tutorial_taskflow_api.py took 0.047 seconds
[2023-11-08T14:49:20.423+0000] {processor.py:157} INFO - Started process (PID=4951) to work on /home/airflow/.local/lib/python3.11/site-packages/airflow/example_dags/tutorial_taskflow_api.py
[2023-11-08T14:49:20.423+0000] {processor.py:829} INFO - Processing file /home/airflow/.local/lib/python3.11/site-packages/airflow/example_dags/tutorial_taskflow_api.py for tasks to queue
[2023-11-08T14:49:20.425+0000] {logging_mixin.py:154} INFO - [2023-11-08T14:49:20.425+0000] {dagbag.py:536} INFO - Filling up the DagBag from /home/airflow/.local/lib/python3.11/site-packages/airflow/example_dags/tutorial_taskflow_api.py
[2023-11-08T14:49:20.429+0000] {processor.py:839} INFO - DAG(s) dict_keys(['tutorial_taskflow_api']) retrieved from /home/airflow/.local/lib/python3.11/site-packages/airflow/example_dags/tutorial_taskflow_api.py
[2023-11-08T14:49:20.585+0000] {logging_mixin.py:154} INFO - [2023-11-08T14:49:20.584+0000] {dag.py:2941} INFO - Sync 1 DAGs
[2023-11-08T14:49:20.592+0000] {logging_mixin.py:154} INFO - [2023-11-08T14:49:20.592+0000] {dag.py:3722} INFO - Setting next_dagrun for tutorial_taskflow_api to None, run_after=None
[2023-11-08T14:49:20.604+0000] {processor.py:179} INFO - Processing /home/airflow/.local/lib/python3.11/site-packages/airflow/example_dags/tutorial_taskflow_api.py took 0.184 seconds
[2023-11-08T14:49:51.518+0000] {processor.py:157} INFO - Started process (PID=5027) to work on /home/airflow/.local/lib/python3.11/site-packages/airflow/example_dags/tutorial_taskflow_api.py
[2023-11-08T14:49:51.533+0000] {processor.py:829} INFO - Processing file /home/airflow/.local/lib/python3.11/site-packages/airflow/example_dags/tutorial_taskflow_api.py for tasks to queue
[2023-11-08T14:49:51.534+0000] {logging_mixin.py:154} INFO - [2023-11-08T14:49:51.534+0000] {dagbag.py:536} INFO - Filling up the DagBag from /home/airflow/.local/lib/python3.11/site-packages/airflow/example_dags/tutorial_taskflow_api.py
[2023-11-08T14:49:51.539+0000] {processor.py:839} INFO - DAG(s) dict_keys(['tutorial_taskflow_api']) retrieved from /home/airflow/.local/lib/python3.11/site-packages/airflow/example_dags/tutorial_taskflow_api.py
[2023-11-08T14:49:51.554+0000] {logging_mixin.py:154} INFO - [2023-11-08T14:49:51.554+0000] {dag.py:2941} INFO - Sync 1 DAGs
[2023-11-08T14:49:51.564+0000] {logging_mixin.py:154} INFO - [2023-11-08T14:49:51.564+0000] {dag.py:3722} INFO - Setting next_dagrun for tutorial_taskflow_api to None, run_after=None
[2023-11-08T14:49:51.578+0000] {processor.py:179} INFO - Processing /home/airflow/.local/lib/python3.11/site-packages/airflow/example_dags/tutorial_taskflow_api.py took 0.062 seconds
[2023-11-08T14:50:21.773+0000] {processor.py:157} INFO - Started process (PID=5103) to work on /home/airflow/.local/lib/python3.11/site-packages/airflow/example_dags/tutorial_taskflow_api.py
[2023-11-08T14:50:21.773+0000] {processor.py:829} INFO - Processing file /home/airflow/.local/lib/python3.11/site-packages/airflow/example_dags/tutorial_taskflow_api.py for tasks to queue
[2023-11-08T14:50:21.775+0000] {logging_mixin.py:154} INFO - [2023-11-08T14:50:21.775+0000] {dagbag.py:536} INFO - Filling up the DagBag from /home/airflow/.local/lib/python3.11/site-packages/airflow/example_dags/tutorial_taskflow_api.py
[2023-11-08T14:50:21.779+0000] {processor.py:839} INFO - DAG(s) dict_keys(['tutorial_taskflow_api']) retrieved from /home/airflow/.local/lib/python3.11/site-packages/airflow/example_dags/tutorial_taskflow_api.py
[2023-11-08T14:50:21.794+0000] {logging_mixin.py:154} INFO - [2023-11-08T14:50:21.793+0000] {dag.py:2941} INFO - Sync 1 DAGs
[2023-11-08T14:50:21.803+0000] {logging_mixin.py:154} INFO - [2023-11-08T14:50:21.802+0000] {dag.py:3722} INFO - Setting next_dagrun for tutorial_taskflow_api to None, run_after=None
[2023-11-08T14:50:21.829+0000] {processor.py:179} INFO - Processing /home/airflow/.local/lib/python3.11/site-packages/airflow/example_dags/tutorial_taskflow_api.py took 0.058 seconds
[2023-11-08T14:50:52.056+0000] {processor.py:157} INFO - Started process (PID=5179) to work on /home/airflow/.local/lib/python3.11/site-packages/airflow/example_dags/tutorial_taskflow_api.py
[2023-11-08T14:50:52.118+0000] {processor.py:829} INFO - Processing file /home/airflow/.local/lib/python3.11/site-packages/airflow/example_dags/tutorial_taskflow_api.py for tasks to queue
[2023-11-08T14:50:52.120+0000] {logging_mixin.py:154} INFO - [2023-11-08T14:50:52.120+0000] {dagbag.py:536} INFO - Filling up the DagBag from /home/airflow/.local/lib/python3.11/site-packages/airflow/example_dags/tutorial_taskflow_api.py
[2023-11-08T14:50:52.124+0000] {processor.py:839} INFO - DAG(s) dict_keys(['tutorial_taskflow_api']) retrieved from /home/airflow/.local/lib/python3.11/site-packages/airflow/example_dags/tutorial_taskflow_api.py
[2023-11-08T14:50:52.139+0000] {logging_mixin.py:154} INFO - [2023-11-08T14:50:52.139+0000] {dag.py:2941} INFO - Sync 1 DAGs
[2023-11-08T14:50:52.149+0000] {logging_mixin.py:154} INFO - [2023-11-08T14:50:52.149+0000] {dag.py:3722} INFO - Setting next_dagrun for tutorial_taskflow_api to None, run_after=None
[2023-11-08T14:50:52.163+0000] {processor.py:179} INFO - Processing /home/airflow/.local/lib/python3.11/site-packages/airflow/example_dags/tutorial_taskflow_api.py took 0.110 seconds
[2023-11-08T14:51:23.114+0000] {processor.py:157} INFO - Started process (PID=5255) to work on /home/airflow/.local/lib/python3.11/site-packages/airflow/example_dags/tutorial_taskflow_api.py
[2023-11-08T14:51:23.115+0000] {processor.py:829} INFO - Processing file /home/airflow/.local/lib/python3.11/site-packages/airflow/example_dags/tutorial_taskflow_api.py for tasks to queue
[2023-11-08T14:51:23.117+0000] {logging_mixin.py:154} INFO - [2023-11-08T14:51:23.117+0000] {dagbag.py:536} INFO - Filling up the DagBag from /home/airflow/.local/lib/python3.11/site-packages/airflow/example_dags/tutorial_taskflow_api.py
[2023-11-08T14:51:23.121+0000] {processor.py:839} INFO - DAG(s) dict_keys(['tutorial_taskflow_api']) retrieved from /home/airflow/.local/lib/python3.11/site-packages/airflow/example_dags/tutorial_taskflow_api.py
[2023-11-08T14:51:23.136+0000] {logging_mixin.py:154} INFO - [2023-11-08T14:51:23.135+0000] {dag.py:2941} INFO - Sync 1 DAGs
[2023-11-08T14:51:23.144+0000] {logging_mixin.py:154} INFO - [2023-11-08T14:51:23.144+0000] {dag.py:3722} INFO - Setting next_dagrun for tutorial_taskflow_api to None, run_after=None
[2023-11-08T14:51:23.157+0000] {processor.py:179} INFO - Processing /home/airflow/.local/lib/python3.11/site-packages/airflow/example_dags/tutorial_taskflow_api.py took 0.045 seconds
[2023-11-08T14:51:53.519+0000] {processor.py:157} INFO - Started process (PID=5331) to work on /home/airflow/.local/lib/python3.11/site-packages/airflow/example_dags/tutorial_taskflow_api.py
[2023-11-08T14:51:53.520+0000] {processor.py:829} INFO - Processing file /home/airflow/.local/lib/python3.11/site-packages/airflow/example_dags/tutorial_taskflow_api.py for tasks to queue
[2023-11-08T14:51:53.522+0000] {logging_mixin.py:154} INFO - [2023-11-08T14:51:53.522+0000] {dagbag.py:536} INFO - Filling up the DagBag from /home/airflow/.local/lib/python3.11/site-packages/airflow/example_dags/tutorial_taskflow_api.py
[2023-11-08T14:51:53.527+0000] {processor.py:839} INFO - DAG(s) dict_keys(['tutorial_taskflow_api']) retrieved from /home/airflow/.local/lib/python3.11/site-packages/airflow/example_dags/tutorial_taskflow_api.py
[2023-11-08T14:51:53.548+0000] {logging_mixin.py:154} INFO - [2023-11-08T14:51:53.548+0000] {dag.py:2941} INFO - Sync 1 DAGs
[2023-11-08T14:51:53.561+0000] {logging_mixin.py:154} INFO - [2023-11-08T14:51:53.561+0000] {dag.py:3722} INFO - Setting next_dagrun for tutorial_taskflow_api to None, run_after=None
[2023-11-08T14:51:53.576+0000] {processor.py:179} INFO - Processing /home/airflow/.local/lib/python3.11/site-packages/airflow/example_dags/tutorial_taskflow_api.py took 0.060 seconds
