[2023-11-08T14:16:32.114+0000] {processor.py:157} INFO - Started process (PID=114) to work on /home/airflow/.local/lib/python3.11/site-packages/airflow/example_dags/subdags/subdag.py
[2023-11-08T14:16:32.115+0000] {processor.py:829} INFO - Processing file /home/airflow/.local/lib/python3.11/site-packages/airflow/example_dags/subdags/subdag.py for tasks to queue
[2023-11-08T14:16:32.120+0000] {logging_mixin.py:154} INFO - [2023-11-08T14:16:32.119+0000] {dagbag.py:536} INFO - Filling up the DagBag from /home/airflow/.local/lib/python3.11/site-packages/airflow/example_dags/subdags/subdag.py
[2023-11-08T14:16:32.129+0000] {processor.py:841} WARNING - No viable dags retrieved from /home/airflow/.local/lib/python3.11/site-packages/airflow/example_dags/subdags/subdag.py
[2023-11-08T14:16:32.163+0000] {processor.py:179} INFO - Processing /home/airflow/.local/lib/python3.11/site-packages/airflow/example_dags/subdags/subdag.py took 0.063 seconds
[2023-11-08T14:17:02.258+0000] {processor.py:157} INFO - Started process (PID=189) to work on /home/airflow/.local/lib/python3.11/site-packages/airflow/example_dags/subdags/subdag.py
[2023-11-08T14:17:02.259+0000] {processor.py:829} INFO - Processing file /home/airflow/.local/lib/python3.11/site-packages/airflow/example_dags/subdags/subdag.py for tasks to queue
[2023-11-08T14:17:02.262+0000] {logging_mixin.py:154} INFO - [2023-11-08T14:17:02.262+0000] {dagbag.py:536} INFO - Filling up the DagBag from /home/airflow/.local/lib/python3.11/site-packages/airflow/example_dags/subdags/subdag.py
[2023-11-08T14:17:02.265+0000] {processor.py:841} WARNING - No viable dags retrieved from /home/airflow/.local/lib/python3.11/site-packages/airflow/example_dags/subdags/subdag.py
[2023-11-08T14:17:02.285+0000] {processor.py:179} INFO - Processing /home/airflow/.local/lib/python3.11/site-packages/airflow/example_dags/subdags/subdag.py took 0.031 seconds
[2023-11-08T14:17:32.632+0000] {processor.py:157} INFO - Started process (PID=265) to work on /home/airflow/.local/lib/python3.11/site-packages/airflow/example_dags/subdags/subdag.py
[2023-11-08T14:17:32.633+0000] {processor.py:829} INFO - Processing file /home/airflow/.local/lib/python3.11/site-packages/airflow/example_dags/subdags/subdag.py for tasks to queue
[2023-11-08T14:17:32.636+0000] {logging_mixin.py:154} INFO - [2023-11-08T14:17:32.636+0000] {dagbag.py:536} INFO - Filling up the DagBag from /home/airflow/.local/lib/python3.11/site-packages/airflow/example_dags/subdags/subdag.py
[2023-11-08T14:17:32.639+0000] {processor.py:841} WARNING - No viable dags retrieved from /home/airflow/.local/lib/python3.11/site-packages/airflow/example_dags/subdags/subdag.py
[2023-11-08T14:17:32.660+0000] {processor.py:179} INFO - Processing /home/airflow/.local/lib/python3.11/site-packages/airflow/example_dags/subdags/subdag.py took 0.032 seconds
[2023-11-08T14:18:03.548+0000] {processor.py:157} INFO - Started process (PID=342) to work on /home/airflow/.local/lib/python3.11/site-packages/airflow/example_dags/subdags/subdag.py
[2023-11-08T14:18:03.549+0000] {processor.py:829} INFO - Processing file /home/airflow/.local/lib/python3.11/site-packages/airflow/example_dags/subdags/subdag.py for tasks to queue
[2023-11-08T14:18:03.552+0000] {logging_mixin.py:154} INFO - [2023-11-08T14:18:03.552+0000] {dagbag.py:536} INFO - Filling up the DagBag from /home/airflow/.local/lib/python3.11/site-packages/airflow/example_dags/subdags/subdag.py
[2023-11-08T14:18:03.555+0000] {processor.py:841} WARNING - No viable dags retrieved from /home/airflow/.local/lib/python3.11/site-packages/airflow/example_dags/subdags/subdag.py
[2023-11-08T14:18:03.578+0000] {processor.py:179} INFO - Processing /home/airflow/.local/lib/python3.11/site-packages/airflow/example_dags/subdags/subdag.py took 0.034 seconds
[2023-11-08T14:18:34.739+0000] {processor.py:157} INFO - Started process (PID=418) to work on /home/airflow/.local/lib/python3.11/site-packages/airflow/example_dags/subdags/subdag.py
[2023-11-08T14:18:34.741+0000] {processor.py:829} INFO - Processing file /home/airflow/.local/lib/python3.11/site-packages/airflow/example_dags/subdags/subdag.py for tasks to queue
[2023-11-08T14:18:34.754+0000] {logging_mixin.py:154} INFO - [2023-11-08T14:18:34.745+0000] {dagbag.py:536} INFO - Filling up the DagBag from /home/airflow/.local/lib/python3.11/site-packages/airflow/example_dags/subdags/subdag.py
[2023-11-08T14:18:34.758+0000] {processor.py:841} WARNING - No viable dags retrieved from /home/airflow/.local/lib/python3.11/site-packages/airflow/example_dags/subdags/subdag.py
[2023-11-08T14:18:34.810+0000] {processor.py:179} INFO - Processing /home/airflow/.local/lib/python3.11/site-packages/airflow/example_dags/subdags/subdag.py took 0.085 seconds
[2023-11-08T14:19:18.257+0000] {processor.py:157} INFO - Started process (PID=494) to work on /home/airflow/.local/lib/python3.11/site-packages/airflow/example_dags/subdags/subdag.py
[2023-11-08T14:19:18.258+0000] {processor.py:829} INFO - Processing file /home/airflow/.local/lib/python3.11/site-packages/airflow/example_dags/subdags/subdag.py for tasks to queue
[2023-11-08T14:19:18.262+0000] {logging_mixin.py:154} INFO - [2023-11-08T14:19:18.262+0000] {dagbag.py:536} INFO - Filling up the DagBag from /home/airflow/.local/lib/python3.11/site-packages/airflow/example_dags/subdags/subdag.py
[2023-11-08T14:19:18.267+0000] {processor.py:841} WARNING - No viable dags retrieved from /home/airflow/.local/lib/python3.11/site-packages/airflow/example_dags/subdags/subdag.py
[2023-11-08T14:19:18.307+0000] {processor.py:179} INFO - Processing /home/airflow/.local/lib/python3.11/site-packages/airflow/example_dags/subdags/subdag.py took 0.062 seconds
[2023-11-08T14:19:48.871+0000] {processor.py:157} INFO - Started process (PID=570) to work on /home/airflow/.local/lib/python3.11/site-packages/airflow/example_dags/subdags/subdag.py
[2023-11-08T14:19:48.874+0000] {processor.py:829} INFO - Processing file /home/airflow/.local/lib/python3.11/site-packages/airflow/example_dags/subdags/subdag.py for tasks to queue
[2023-11-08T14:19:48.883+0000] {logging_mixin.py:154} INFO - [2023-11-08T14:19:48.881+0000] {dagbag.py:536} INFO - Filling up the DagBag from /home/airflow/.local/lib/python3.11/site-packages/airflow/example_dags/subdags/subdag.py
[2023-11-08T14:19:48.893+0000] {processor.py:841} WARNING - No viable dags retrieved from /home/airflow/.local/lib/python3.11/site-packages/airflow/example_dags/subdags/subdag.py
[2023-11-08T14:19:48.945+0000] {processor.py:179} INFO - Processing /home/airflow/.local/lib/python3.11/site-packages/airflow/example_dags/subdags/subdag.py took 0.090 seconds
[2023-11-08T14:20:19.823+0000] {processor.py:157} INFO - Started process (PID=647) to work on /home/airflow/.local/lib/python3.11/site-packages/airflow/example_dags/subdags/subdag.py
[2023-11-08T14:20:19.824+0000] {processor.py:829} INFO - Processing file /home/airflow/.local/lib/python3.11/site-packages/airflow/example_dags/subdags/subdag.py for tasks to queue
[2023-11-08T14:20:19.826+0000] {logging_mixin.py:154} INFO - [2023-11-08T14:20:19.826+0000] {dagbag.py:536} INFO - Filling up the DagBag from /home/airflow/.local/lib/python3.11/site-packages/airflow/example_dags/subdags/subdag.py
[2023-11-08T14:20:19.831+0000] {processor.py:841} WARNING - No viable dags retrieved from /home/airflow/.local/lib/python3.11/site-packages/airflow/example_dags/subdags/subdag.py
[2023-11-08T14:20:19.853+0000] {processor.py:179} INFO - Processing /home/airflow/.local/lib/python3.11/site-packages/airflow/example_dags/subdags/subdag.py took 0.035 seconds
[2023-11-08T14:20:50.354+0000] {processor.py:157} INFO - Started process (PID=723) to work on /home/airflow/.local/lib/python3.11/site-packages/airflow/example_dags/subdags/subdag.py
[2023-11-08T14:20:50.356+0000] {processor.py:829} INFO - Processing file /home/airflow/.local/lib/python3.11/site-packages/airflow/example_dags/subdags/subdag.py for tasks to queue
[2023-11-08T14:20:50.361+0000] {logging_mixin.py:154} INFO - [2023-11-08T14:20:50.361+0000] {dagbag.py:536} INFO - Filling up the DagBag from /home/airflow/.local/lib/python3.11/site-packages/airflow/example_dags/subdags/subdag.py
[2023-11-08T14:20:50.366+0000] {processor.py:841} WARNING - No viable dags retrieved from /home/airflow/.local/lib/python3.11/site-packages/airflow/example_dags/subdags/subdag.py
[2023-11-08T14:20:50.398+0000] {processor.py:179} INFO - Processing /home/airflow/.local/lib/python3.11/site-packages/airflow/example_dags/subdags/subdag.py took 0.049 seconds
[2023-11-08T14:21:20.839+0000] {processor.py:157} INFO - Started process (PID=799) to work on /home/airflow/.local/lib/python3.11/site-packages/airflow/example_dags/subdags/subdag.py
[2023-11-08T14:21:20.843+0000] {processor.py:829} INFO - Processing file /home/airflow/.local/lib/python3.11/site-packages/airflow/example_dags/subdags/subdag.py for tasks to queue
[2023-11-08T14:21:20.847+0000] {logging_mixin.py:154} INFO - [2023-11-08T14:21:20.847+0000] {dagbag.py:536} INFO - Filling up the DagBag from /home/airflow/.local/lib/python3.11/site-packages/airflow/example_dags/subdags/subdag.py
[2023-11-08T14:21:20.851+0000] {processor.py:841} WARNING - No viable dags retrieved from /home/airflow/.local/lib/python3.11/site-packages/airflow/example_dags/subdags/subdag.py
[2023-11-08T14:21:20.893+0000] {processor.py:179} INFO - Processing /home/airflow/.local/lib/python3.11/site-packages/airflow/example_dags/subdags/subdag.py took 0.065 seconds
[2023-11-08T14:21:51.327+0000] {processor.py:157} INFO - Started process (PID=875) to work on /home/airflow/.local/lib/python3.11/site-packages/airflow/example_dags/subdags/subdag.py
[2023-11-08T14:21:51.328+0000] {processor.py:829} INFO - Processing file /home/airflow/.local/lib/python3.11/site-packages/airflow/example_dags/subdags/subdag.py for tasks to queue
[2023-11-08T14:21:51.332+0000] {logging_mixin.py:154} INFO - [2023-11-08T14:21:51.331+0000] {dagbag.py:536} INFO - Filling up the DagBag from /home/airflow/.local/lib/python3.11/site-packages/airflow/example_dags/subdags/subdag.py
[2023-11-08T14:21:51.335+0000] {processor.py:841} WARNING - No viable dags retrieved from /home/airflow/.local/lib/python3.11/site-packages/airflow/example_dags/subdags/subdag.py
[2023-11-08T14:21:51.360+0000] {processor.py:179} INFO - Processing /home/airflow/.local/lib/python3.11/site-packages/airflow/example_dags/subdags/subdag.py took 0.043 seconds
[2023-11-08T14:22:21.649+0000] {processor.py:157} INFO - Started process (PID=951) to work on /home/airflow/.local/lib/python3.11/site-packages/airflow/example_dags/subdags/subdag.py
[2023-11-08T14:22:21.650+0000] {processor.py:829} INFO - Processing file /home/airflow/.local/lib/python3.11/site-packages/airflow/example_dags/subdags/subdag.py for tasks to queue
[2023-11-08T14:22:21.653+0000] {logging_mixin.py:154} INFO - [2023-11-08T14:22:21.653+0000] {dagbag.py:536} INFO - Filling up the DagBag from /home/airflow/.local/lib/python3.11/site-packages/airflow/example_dags/subdags/subdag.py
[2023-11-08T14:22:21.657+0000] {processor.py:841} WARNING - No viable dags retrieved from /home/airflow/.local/lib/python3.11/site-packages/airflow/example_dags/subdags/subdag.py
[2023-11-08T14:22:21.682+0000] {processor.py:179} INFO - Processing /home/airflow/.local/lib/python3.11/site-packages/airflow/example_dags/subdags/subdag.py took 0.039 seconds
[2023-11-08T14:22:51.876+0000] {processor.py:157} INFO - Started process (PID=1027) to work on /home/airflow/.local/lib/python3.11/site-packages/airflow/example_dags/subdags/subdag.py
[2023-11-08T14:22:51.877+0000] {processor.py:829} INFO - Processing file /home/airflow/.local/lib/python3.11/site-packages/airflow/example_dags/subdags/subdag.py for tasks to queue
[2023-11-08T14:22:51.880+0000] {logging_mixin.py:154} INFO - [2023-11-08T14:22:51.880+0000] {dagbag.py:536} INFO - Filling up the DagBag from /home/airflow/.local/lib/python3.11/site-packages/airflow/example_dags/subdags/subdag.py
[2023-11-08T14:22:51.883+0000] {processor.py:841} WARNING - No viable dags retrieved from /home/airflow/.local/lib/python3.11/site-packages/airflow/example_dags/subdags/subdag.py
[2023-11-08T14:22:51.906+0000] {processor.py:179} INFO - Processing /home/airflow/.local/lib/python3.11/site-packages/airflow/example_dags/subdags/subdag.py took 0.034 seconds
[2023-11-08T14:23:22.892+0000] {processor.py:157} INFO - Started process (PID=1103) to work on /home/airflow/.local/lib/python3.11/site-packages/airflow/example_dags/subdags/subdag.py
[2023-11-08T14:23:22.893+0000] {processor.py:829} INFO - Processing file /home/airflow/.local/lib/python3.11/site-packages/airflow/example_dags/subdags/subdag.py for tasks to queue
[2023-11-08T14:23:22.896+0000] {logging_mixin.py:154} INFO - [2023-11-08T14:23:22.896+0000] {dagbag.py:536} INFO - Filling up the DagBag from /home/airflow/.local/lib/python3.11/site-packages/airflow/example_dags/subdags/subdag.py
[2023-11-08T14:23:22.900+0000] {processor.py:841} WARNING - No viable dags retrieved from /home/airflow/.local/lib/python3.11/site-packages/airflow/example_dags/subdags/subdag.py
[2023-11-08T14:23:22.922+0000] {processor.py:179} INFO - Processing /home/airflow/.local/lib/python3.11/site-packages/airflow/example_dags/subdags/subdag.py took 0.039 seconds
[2023-11-08T14:24:01.865+0000] {processor.py:157} INFO - Started process (PID=1207) to work on /home/airflow/.local/lib/python3.11/site-packages/airflow/example_dags/subdags/subdag.py
[2023-11-08T14:24:01.874+0000] {processor.py:829} INFO - Processing file /home/airflow/.local/lib/python3.11/site-packages/airflow/example_dags/subdags/subdag.py for tasks to queue
[2023-11-08T14:24:01.878+0000] {logging_mixin.py:154} INFO - [2023-11-08T14:24:01.878+0000] {dagbag.py:536} INFO - Filling up the DagBag from /home/airflow/.local/lib/python3.11/site-packages/airflow/example_dags/subdags/subdag.py
[2023-11-08T14:24:01.882+0000] {processor.py:841} WARNING - No viable dags retrieved from /home/airflow/.local/lib/python3.11/site-packages/airflow/example_dags/subdags/subdag.py
[2023-11-08T14:24:01.927+0000] {processor.py:179} INFO - Processing /home/airflow/.local/lib/python3.11/site-packages/airflow/example_dags/subdags/subdag.py took 0.069 seconds
[2023-11-08T14:24:40.175+0000] {processor.py:157} INFO - Started process (PID=1281) to work on /home/airflow/.local/lib/python3.11/site-packages/airflow/example_dags/subdags/subdag.py
[2023-11-08T14:24:40.177+0000] {processor.py:829} INFO - Processing file /home/airflow/.local/lib/python3.11/site-packages/airflow/example_dags/subdags/subdag.py for tasks to queue
[2023-11-08T14:24:40.182+0000] {logging_mixin.py:154} INFO - [2023-11-08T14:24:40.181+0000] {dagbag.py:536} INFO - Filling up the DagBag from /home/airflow/.local/lib/python3.11/site-packages/airflow/example_dags/subdags/subdag.py
[2023-11-08T14:24:40.190+0000] {processor.py:841} WARNING - No viable dags retrieved from /home/airflow/.local/lib/python3.11/site-packages/airflow/example_dags/subdags/subdag.py
[2023-11-08T14:24:40.234+0000] {processor.py:179} INFO - Processing /home/airflow/.local/lib/python3.11/site-packages/airflow/example_dags/subdags/subdag.py took 0.072 seconds
[2023-11-08T14:25:11.035+0000] {processor.py:157} INFO - Started process (PID=1359) to work on /home/airflow/.local/lib/python3.11/site-packages/airflow/example_dags/subdags/subdag.py
[2023-11-08T14:25:11.036+0000] {processor.py:829} INFO - Processing file /home/airflow/.local/lib/python3.11/site-packages/airflow/example_dags/subdags/subdag.py for tasks to queue
[2023-11-08T14:25:11.039+0000] {logging_mixin.py:154} INFO - [2023-11-08T14:25:11.039+0000] {dagbag.py:536} INFO - Filling up the DagBag from /home/airflow/.local/lib/python3.11/site-packages/airflow/example_dags/subdags/subdag.py
[2023-11-08T14:25:11.042+0000] {processor.py:841} WARNING - No viable dags retrieved from /home/airflow/.local/lib/python3.11/site-packages/airflow/example_dags/subdags/subdag.py
[2023-11-08T14:25:11.065+0000] {processor.py:179} INFO - Processing /home/airflow/.local/lib/python3.11/site-packages/airflow/example_dags/subdags/subdag.py took 0.035 seconds
[2023-11-08T14:25:41.437+0000] {processor.py:157} INFO - Started process (PID=1435) to work on /home/airflow/.local/lib/python3.11/site-packages/airflow/example_dags/subdags/subdag.py
[2023-11-08T14:25:41.439+0000] {processor.py:829} INFO - Processing file /home/airflow/.local/lib/python3.11/site-packages/airflow/example_dags/subdags/subdag.py for tasks to queue
[2023-11-08T14:25:41.442+0000] {logging_mixin.py:154} INFO - [2023-11-08T14:25:41.441+0000] {dagbag.py:536} INFO - Filling up the DagBag from /home/airflow/.local/lib/python3.11/site-packages/airflow/example_dags/subdags/subdag.py
[2023-11-08T14:25:41.444+0000] {processor.py:841} WARNING - No viable dags retrieved from /home/airflow/.local/lib/python3.11/site-packages/airflow/example_dags/subdags/subdag.py
[2023-11-08T14:25:41.466+0000] {processor.py:179} INFO - Processing /home/airflow/.local/lib/python3.11/site-packages/airflow/example_dags/subdags/subdag.py took 0.033 seconds
[2023-11-08T14:26:12.970+0000] {processor.py:157} INFO - Started process (PID=1511) to work on /home/airflow/.local/lib/python3.11/site-packages/airflow/example_dags/subdags/subdag.py
[2023-11-08T14:26:12.971+0000] {processor.py:829} INFO - Processing file /home/airflow/.local/lib/python3.11/site-packages/airflow/example_dags/subdags/subdag.py for tasks to queue
[2023-11-08T14:26:12.981+0000] {logging_mixin.py:154} INFO - [2023-11-08T14:26:12.978+0000] {dagbag.py:536} INFO - Filling up the DagBag from /home/airflow/.local/lib/python3.11/site-packages/airflow/example_dags/subdags/subdag.py
[2023-11-08T14:26:12.986+0000] {processor.py:841} WARNING - No viable dags retrieved from /home/airflow/.local/lib/python3.11/site-packages/airflow/example_dags/subdags/subdag.py
[2023-11-08T14:26:13.033+0000] {processor.py:179} INFO - Processing /home/airflow/.local/lib/python3.11/site-packages/airflow/example_dags/subdags/subdag.py took 0.070 seconds
[2023-11-08T14:26:43.739+0000] {processor.py:157} INFO - Started process (PID=1587) to work on /home/airflow/.local/lib/python3.11/site-packages/airflow/example_dags/subdags/subdag.py
[2023-11-08T14:26:43.741+0000] {processor.py:829} INFO - Processing file /home/airflow/.local/lib/python3.11/site-packages/airflow/example_dags/subdags/subdag.py for tasks to queue
[2023-11-08T14:26:43.745+0000] {logging_mixin.py:154} INFO - [2023-11-08T14:26:43.744+0000] {dagbag.py:536} INFO - Filling up the DagBag from /home/airflow/.local/lib/python3.11/site-packages/airflow/example_dags/subdags/subdag.py
[2023-11-08T14:26:43.748+0000] {processor.py:841} WARNING - No viable dags retrieved from /home/airflow/.local/lib/python3.11/site-packages/airflow/example_dags/subdags/subdag.py
[2023-11-08T14:26:43.771+0000] {processor.py:179} INFO - Processing /home/airflow/.local/lib/python3.11/site-packages/airflow/example_dags/subdags/subdag.py took 0.036 seconds
[2023-11-08T14:27:14.382+0000] {processor.py:157} INFO - Started process (PID=1664) to work on /home/airflow/.local/lib/python3.11/site-packages/airflow/example_dags/subdags/subdag.py
[2023-11-08T14:27:14.383+0000] {processor.py:829} INFO - Processing file /home/airflow/.local/lib/python3.11/site-packages/airflow/example_dags/subdags/subdag.py for tasks to queue
[2023-11-08T14:27:14.386+0000] {logging_mixin.py:154} INFO - [2023-11-08T14:27:14.385+0000] {dagbag.py:536} INFO - Filling up the DagBag from /home/airflow/.local/lib/python3.11/site-packages/airflow/example_dags/subdags/subdag.py
[2023-11-08T14:27:14.388+0000] {processor.py:841} WARNING - No viable dags retrieved from /home/airflow/.local/lib/python3.11/site-packages/airflow/example_dags/subdags/subdag.py
[2023-11-08T14:27:14.409+0000] {processor.py:179} INFO - Processing /home/airflow/.local/lib/python3.11/site-packages/airflow/example_dags/subdags/subdag.py took 0.032 seconds
[2023-11-08T14:27:45.039+0000] {processor.py:157} INFO - Started process (PID=1740) to work on /home/airflow/.local/lib/python3.11/site-packages/airflow/example_dags/subdags/subdag.py
[2023-11-08T14:27:45.041+0000] {processor.py:829} INFO - Processing file /home/airflow/.local/lib/python3.11/site-packages/airflow/example_dags/subdags/subdag.py for tasks to queue
[2023-11-08T14:27:45.044+0000] {logging_mixin.py:154} INFO - [2023-11-08T14:27:45.044+0000] {dagbag.py:536} INFO - Filling up the DagBag from /home/airflow/.local/lib/python3.11/site-packages/airflow/example_dags/subdags/subdag.py
[2023-11-08T14:27:45.048+0000] {processor.py:841} WARNING - No viable dags retrieved from /home/airflow/.local/lib/python3.11/site-packages/airflow/example_dags/subdags/subdag.py
[2023-11-08T14:27:45.078+0000] {processor.py:179} INFO - Processing /home/airflow/.local/lib/python3.11/site-packages/airflow/example_dags/subdags/subdag.py took 0.043 seconds
[2023-11-08T14:28:16.334+0000] {processor.py:157} INFO - Started process (PID=1816) to work on /home/airflow/.local/lib/python3.11/site-packages/airflow/example_dags/subdags/subdag.py
[2023-11-08T14:28:16.336+0000] {processor.py:829} INFO - Processing file /home/airflow/.local/lib/python3.11/site-packages/airflow/example_dags/subdags/subdag.py for tasks to queue
[2023-11-08T14:28:16.338+0000] {logging_mixin.py:154} INFO - [2023-11-08T14:28:16.338+0000] {dagbag.py:536} INFO - Filling up the DagBag from /home/airflow/.local/lib/python3.11/site-packages/airflow/example_dags/subdags/subdag.py
[2023-11-08T14:28:16.342+0000] {processor.py:841} WARNING - No viable dags retrieved from /home/airflow/.local/lib/python3.11/site-packages/airflow/example_dags/subdags/subdag.py
[2023-11-08T14:28:16.382+0000] {processor.py:179} INFO - Processing /home/airflow/.local/lib/python3.11/site-packages/airflow/example_dags/subdags/subdag.py took 0.053 seconds
[2023-11-08T14:28:47.070+0000] {processor.py:157} INFO - Started process (PID=1892) to work on /home/airflow/.local/lib/python3.11/site-packages/airflow/example_dags/subdags/subdag.py
[2023-11-08T14:28:47.072+0000] {processor.py:829} INFO - Processing file /home/airflow/.local/lib/python3.11/site-packages/airflow/example_dags/subdags/subdag.py for tasks to queue
[2023-11-08T14:28:47.076+0000] {logging_mixin.py:154} INFO - [2023-11-08T14:28:47.076+0000] {dagbag.py:536} INFO - Filling up the DagBag from /home/airflow/.local/lib/python3.11/site-packages/airflow/example_dags/subdags/subdag.py
[2023-11-08T14:28:47.080+0000] {processor.py:841} WARNING - No viable dags retrieved from /home/airflow/.local/lib/python3.11/site-packages/airflow/example_dags/subdags/subdag.py
[2023-11-08T14:28:47.105+0000] {processor.py:179} INFO - Processing /home/airflow/.local/lib/python3.11/site-packages/airflow/example_dags/subdags/subdag.py took 0.040 seconds
[2023-11-08T14:29:18.037+0000] {processor.py:157} INFO - Started process (PID=1968) to work on /home/airflow/.local/lib/python3.11/site-packages/airflow/example_dags/subdags/subdag.py
[2023-11-08T14:29:18.038+0000] {processor.py:829} INFO - Processing file /home/airflow/.local/lib/python3.11/site-packages/airflow/example_dags/subdags/subdag.py for tasks to queue
[2023-11-08T14:29:18.041+0000] {logging_mixin.py:154} INFO - [2023-11-08T14:29:18.040+0000] {dagbag.py:536} INFO - Filling up the DagBag from /home/airflow/.local/lib/python3.11/site-packages/airflow/example_dags/subdags/subdag.py
[2023-11-08T14:29:18.046+0000] {processor.py:841} WARNING - No viable dags retrieved from /home/airflow/.local/lib/python3.11/site-packages/airflow/example_dags/subdags/subdag.py
[2023-11-08T14:29:18.071+0000] {processor.py:179} INFO - Processing /home/airflow/.local/lib/python3.11/site-packages/airflow/example_dags/subdags/subdag.py took 0.040 seconds
[2023-11-08T14:29:48.316+0000] {processor.py:157} INFO - Started process (PID=2044) to work on /home/airflow/.local/lib/python3.11/site-packages/airflow/example_dags/subdags/subdag.py
[2023-11-08T14:29:48.317+0000] {processor.py:829} INFO - Processing file /home/airflow/.local/lib/python3.11/site-packages/airflow/example_dags/subdags/subdag.py for tasks to queue
[2023-11-08T14:29:48.320+0000] {logging_mixin.py:154} INFO - [2023-11-08T14:29:48.319+0000] {dagbag.py:536} INFO - Filling up the DagBag from /home/airflow/.local/lib/python3.11/site-packages/airflow/example_dags/subdags/subdag.py
[2023-11-08T14:29:48.324+0000] {processor.py:841} WARNING - No viable dags retrieved from /home/airflow/.local/lib/python3.11/site-packages/airflow/example_dags/subdags/subdag.py
[2023-11-08T14:29:48.348+0000] {processor.py:179} INFO - Processing /home/airflow/.local/lib/python3.11/site-packages/airflow/example_dags/subdags/subdag.py took 0.038 seconds
[2023-11-08T14:30:19.348+0000] {processor.py:157} INFO - Started process (PID=2121) to work on /home/airflow/.local/lib/python3.11/site-packages/airflow/example_dags/subdags/subdag.py
[2023-11-08T14:30:19.349+0000] {processor.py:829} INFO - Processing file /home/airflow/.local/lib/python3.11/site-packages/airflow/example_dags/subdags/subdag.py for tasks to queue
[2023-11-08T14:30:19.353+0000] {logging_mixin.py:154} INFO - [2023-11-08T14:30:19.352+0000] {dagbag.py:536} INFO - Filling up the DagBag from /home/airflow/.local/lib/python3.11/site-packages/airflow/example_dags/subdags/subdag.py
[2023-11-08T14:30:19.356+0000] {processor.py:841} WARNING - No viable dags retrieved from /home/airflow/.local/lib/python3.11/site-packages/airflow/example_dags/subdags/subdag.py
[2023-11-08T14:30:19.379+0000] {processor.py:179} INFO - Processing /home/airflow/.local/lib/python3.11/site-packages/airflow/example_dags/subdags/subdag.py took 0.036 seconds
[2023-11-08T14:30:50.005+0000] {processor.py:157} INFO - Started process (PID=2198) to work on /home/airflow/.local/lib/python3.11/site-packages/airflow/example_dags/subdags/subdag.py
[2023-11-08T14:30:50.007+0000] {processor.py:829} INFO - Processing file /home/airflow/.local/lib/python3.11/site-packages/airflow/example_dags/subdags/subdag.py for tasks to queue
[2023-11-08T14:30:50.011+0000] {logging_mixin.py:154} INFO - [2023-11-08T14:30:50.010+0000] {dagbag.py:536} INFO - Filling up the DagBag from /home/airflow/.local/lib/python3.11/site-packages/airflow/example_dags/subdags/subdag.py
[2023-11-08T14:30:50.015+0000] {processor.py:841} WARNING - No viable dags retrieved from /home/airflow/.local/lib/python3.11/site-packages/airflow/example_dags/subdags/subdag.py
[2023-11-08T14:30:50.039+0000] {processor.py:179} INFO - Processing /home/airflow/.local/lib/python3.11/site-packages/airflow/example_dags/subdags/subdag.py took 0.038 seconds
[2023-11-08T14:31:20.353+0000] {processor.py:157} INFO - Started process (PID=2274) to work on /home/airflow/.local/lib/python3.11/site-packages/airflow/example_dags/subdags/subdag.py
[2023-11-08T14:31:20.355+0000] {processor.py:829} INFO - Processing file /home/airflow/.local/lib/python3.11/site-packages/airflow/example_dags/subdags/subdag.py for tasks to queue
[2023-11-08T14:31:20.358+0000] {logging_mixin.py:154} INFO - [2023-11-08T14:31:20.357+0000] {dagbag.py:536} INFO - Filling up the DagBag from /home/airflow/.local/lib/python3.11/site-packages/airflow/example_dags/subdags/subdag.py
[2023-11-08T14:31:20.361+0000] {processor.py:841} WARNING - No viable dags retrieved from /home/airflow/.local/lib/python3.11/site-packages/airflow/example_dags/subdags/subdag.py
[2023-11-08T14:31:20.384+0000] {processor.py:179} INFO - Processing /home/airflow/.local/lib/python3.11/site-packages/airflow/example_dags/subdags/subdag.py took 0.035 seconds
[2023-11-08T14:31:50.687+0000] {processor.py:157} INFO - Started process (PID=2350) to work on /home/airflow/.local/lib/python3.11/site-packages/airflow/example_dags/subdags/subdag.py
[2023-11-08T14:31:50.688+0000] {processor.py:829} INFO - Processing file /home/airflow/.local/lib/python3.11/site-packages/airflow/example_dags/subdags/subdag.py for tasks to queue
[2023-11-08T14:31:50.692+0000] {logging_mixin.py:154} INFO - [2023-11-08T14:31:50.692+0000] {dagbag.py:536} INFO - Filling up the DagBag from /home/airflow/.local/lib/python3.11/site-packages/airflow/example_dags/subdags/subdag.py
[2023-11-08T14:31:50.696+0000] {processor.py:841} WARNING - No viable dags retrieved from /home/airflow/.local/lib/python3.11/site-packages/airflow/example_dags/subdags/subdag.py
[2023-11-08T14:31:50.721+0000] {processor.py:179} INFO - Processing /home/airflow/.local/lib/python3.11/site-packages/airflow/example_dags/subdags/subdag.py took 0.041 seconds
[2023-11-08T14:32:21.040+0000] {processor.py:157} INFO - Started process (PID=2426) to work on /home/airflow/.local/lib/python3.11/site-packages/airflow/example_dags/subdags/subdag.py
[2023-11-08T14:32:21.041+0000] {processor.py:829} INFO - Processing file /home/airflow/.local/lib/python3.11/site-packages/airflow/example_dags/subdags/subdag.py for tasks to queue
[2023-11-08T14:32:21.044+0000] {logging_mixin.py:154} INFO - [2023-11-08T14:32:21.044+0000] {dagbag.py:536} INFO - Filling up the DagBag from /home/airflow/.local/lib/python3.11/site-packages/airflow/example_dags/subdags/subdag.py
[2023-11-08T14:32:21.047+0000] {processor.py:841} WARNING - No viable dags retrieved from /home/airflow/.local/lib/python3.11/site-packages/airflow/example_dags/subdags/subdag.py
[2023-11-08T14:32:21.069+0000] {processor.py:179} INFO - Processing /home/airflow/.local/lib/python3.11/site-packages/airflow/example_dags/subdags/subdag.py took 0.035 seconds
[2023-11-08T14:32:52.162+0000] {processor.py:157} INFO - Started process (PID=2502) to work on /home/airflow/.local/lib/python3.11/site-packages/airflow/example_dags/subdags/subdag.py
[2023-11-08T14:32:52.164+0000] {processor.py:829} INFO - Processing file /home/airflow/.local/lib/python3.11/site-packages/airflow/example_dags/subdags/subdag.py for tasks to queue
[2023-11-08T14:32:52.167+0000] {logging_mixin.py:154} INFO - [2023-11-08T14:32:52.166+0000] {dagbag.py:536} INFO - Filling up the DagBag from /home/airflow/.local/lib/python3.11/site-packages/airflow/example_dags/subdags/subdag.py
[2023-11-08T14:32:52.169+0000] {processor.py:841} WARNING - No viable dags retrieved from /home/airflow/.local/lib/python3.11/site-packages/airflow/example_dags/subdags/subdag.py
[2023-11-08T14:32:52.191+0000] {processor.py:179} INFO - Processing /home/airflow/.local/lib/python3.11/site-packages/airflow/example_dags/subdags/subdag.py took 0.034 seconds
[2023-11-08T14:33:22.526+0000] {processor.py:157} INFO - Started process (PID=2578) to work on /home/airflow/.local/lib/python3.11/site-packages/airflow/example_dags/subdags/subdag.py
[2023-11-08T14:33:22.527+0000] {processor.py:829} INFO - Processing file /home/airflow/.local/lib/python3.11/site-packages/airflow/example_dags/subdags/subdag.py for tasks to queue
[2023-11-08T14:33:22.530+0000] {logging_mixin.py:154} INFO - [2023-11-08T14:33:22.529+0000] {dagbag.py:536} INFO - Filling up the DagBag from /home/airflow/.local/lib/python3.11/site-packages/airflow/example_dags/subdags/subdag.py
[2023-11-08T14:33:22.532+0000] {processor.py:841} WARNING - No viable dags retrieved from /home/airflow/.local/lib/python3.11/site-packages/airflow/example_dags/subdags/subdag.py
[2023-11-08T14:33:22.551+0000] {processor.py:179} INFO - Processing /home/airflow/.local/lib/python3.11/site-packages/airflow/example_dags/subdags/subdag.py took 0.029 seconds
[2023-11-08T14:33:53.031+0000] {processor.py:157} INFO - Started process (PID=2654) to work on /home/airflow/.local/lib/python3.11/site-packages/airflow/example_dags/subdags/subdag.py
[2023-11-08T14:33:53.033+0000] {processor.py:829} INFO - Processing file /home/airflow/.local/lib/python3.11/site-packages/airflow/example_dags/subdags/subdag.py for tasks to queue
[2023-11-08T14:33:53.036+0000] {logging_mixin.py:154} INFO - [2023-11-08T14:33:53.036+0000] {dagbag.py:536} INFO - Filling up the DagBag from /home/airflow/.local/lib/python3.11/site-packages/airflow/example_dags/subdags/subdag.py
[2023-11-08T14:33:53.039+0000] {processor.py:841} WARNING - No viable dags retrieved from /home/airflow/.local/lib/python3.11/site-packages/airflow/example_dags/subdags/subdag.py
[2023-11-08T14:33:53.061+0000] {processor.py:179} INFO - Processing /home/airflow/.local/lib/python3.11/site-packages/airflow/example_dags/subdags/subdag.py took 0.035 seconds
[2023-11-08T14:34:23.997+0000] {processor.py:157} INFO - Started process (PID=2730) to work on /home/airflow/.local/lib/python3.11/site-packages/airflow/example_dags/subdags/subdag.py
[2023-11-08T14:34:23.998+0000] {processor.py:829} INFO - Processing file /home/airflow/.local/lib/python3.11/site-packages/airflow/example_dags/subdags/subdag.py for tasks to queue
[2023-11-08T14:34:24.001+0000] {logging_mixin.py:154} INFO - [2023-11-08T14:34:24.001+0000] {dagbag.py:536} INFO - Filling up the DagBag from /home/airflow/.local/lib/python3.11/site-packages/airflow/example_dags/subdags/subdag.py
[2023-11-08T14:34:24.004+0000] {processor.py:841} WARNING - No viable dags retrieved from /home/airflow/.local/lib/python3.11/site-packages/airflow/example_dags/subdags/subdag.py
[2023-11-08T14:34:24.026+0000] {processor.py:179} INFO - Processing /home/airflow/.local/lib/python3.11/site-packages/airflow/example_dags/subdags/subdag.py took 0.033 seconds
[2023-11-08T14:34:54.490+0000] {processor.py:157} INFO - Started process (PID=2806) to work on /home/airflow/.local/lib/python3.11/site-packages/airflow/example_dags/subdags/subdag.py
[2023-11-08T14:34:54.491+0000] {processor.py:829} INFO - Processing file /home/airflow/.local/lib/python3.11/site-packages/airflow/example_dags/subdags/subdag.py for tasks to queue
[2023-11-08T14:34:54.494+0000] {logging_mixin.py:154} INFO - [2023-11-08T14:34:54.494+0000] {dagbag.py:536} INFO - Filling up the DagBag from /home/airflow/.local/lib/python3.11/site-packages/airflow/example_dags/subdags/subdag.py
[2023-11-08T14:34:54.497+0000] {processor.py:841} WARNING - No viable dags retrieved from /home/airflow/.local/lib/python3.11/site-packages/airflow/example_dags/subdags/subdag.py
[2023-11-08T14:34:54.519+0000] {processor.py:179} INFO - Processing /home/airflow/.local/lib/python3.11/site-packages/airflow/example_dags/subdags/subdag.py took 0.034 seconds
[2023-11-08T14:35:25.510+0000] {processor.py:157} INFO - Started process (PID=2882) to work on /home/airflow/.local/lib/python3.11/site-packages/airflow/example_dags/subdags/subdag.py
[2023-11-08T14:35:25.511+0000] {processor.py:829} INFO - Processing file /home/airflow/.local/lib/python3.11/site-packages/airflow/example_dags/subdags/subdag.py for tasks to queue
[2023-11-08T14:35:25.515+0000] {logging_mixin.py:154} INFO - [2023-11-08T14:35:25.514+0000] {dagbag.py:536} INFO - Filling up the DagBag from /home/airflow/.local/lib/python3.11/site-packages/airflow/example_dags/subdags/subdag.py
[2023-11-08T14:35:25.517+0000] {processor.py:841} WARNING - No viable dags retrieved from /home/airflow/.local/lib/python3.11/site-packages/airflow/example_dags/subdags/subdag.py
[2023-11-08T14:35:25.540+0000] {processor.py:179} INFO - Processing /home/airflow/.local/lib/python3.11/site-packages/airflow/example_dags/subdags/subdag.py took 0.034 seconds
[2023-11-08T14:35:56.377+0000] {processor.py:157} INFO - Started process (PID=2958) to work on /home/airflow/.local/lib/python3.11/site-packages/airflow/example_dags/subdags/subdag.py
[2023-11-08T14:35:56.378+0000] {processor.py:829} INFO - Processing file /home/airflow/.local/lib/python3.11/site-packages/airflow/example_dags/subdags/subdag.py for tasks to queue
[2023-11-08T14:35:56.380+0000] {logging_mixin.py:154} INFO - [2023-11-08T14:35:56.380+0000] {dagbag.py:536} INFO - Filling up the DagBag from /home/airflow/.local/lib/python3.11/site-packages/airflow/example_dags/subdags/subdag.py
[2023-11-08T14:35:56.383+0000] {processor.py:841} WARNING - No viable dags retrieved from /home/airflow/.local/lib/python3.11/site-packages/airflow/example_dags/subdags/subdag.py
[2023-11-08T14:35:56.403+0000] {processor.py:179} INFO - Processing /home/airflow/.local/lib/python3.11/site-packages/airflow/example_dags/subdags/subdag.py took 0.030 seconds
[2023-11-08T14:36:27.175+0000] {processor.py:157} INFO - Started process (PID=3034) to work on /home/airflow/.local/lib/python3.11/site-packages/airflow/example_dags/subdags/subdag.py
[2023-11-08T14:36:27.176+0000] {processor.py:829} INFO - Processing file /home/airflow/.local/lib/python3.11/site-packages/airflow/example_dags/subdags/subdag.py for tasks to queue
[2023-11-08T14:36:27.179+0000] {logging_mixin.py:154} INFO - [2023-11-08T14:36:27.179+0000] {dagbag.py:536} INFO - Filling up the DagBag from /home/airflow/.local/lib/python3.11/site-packages/airflow/example_dags/subdags/subdag.py
[2023-11-08T14:36:27.182+0000] {processor.py:841} WARNING - No viable dags retrieved from /home/airflow/.local/lib/python3.11/site-packages/airflow/example_dags/subdags/subdag.py
[2023-11-08T14:36:27.203+0000] {processor.py:179} INFO - Processing /home/airflow/.local/lib/python3.11/site-packages/airflow/example_dags/subdags/subdag.py took 0.032 seconds
[2023-11-08T14:36:57.816+0000] {processor.py:157} INFO - Started process (PID=3110) to work on /home/airflow/.local/lib/python3.11/site-packages/airflow/example_dags/subdags/subdag.py
[2023-11-08T14:36:57.816+0000] {processor.py:829} INFO - Processing file /home/airflow/.local/lib/python3.11/site-packages/airflow/example_dags/subdags/subdag.py for tasks to queue
[2023-11-08T14:36:57.819+0000] {logging_mixin.py:154} INFO - [2023-11-08T14:36:57.819+0000] {dagbag.py:536} INFO - Filling up the DagBag from /home/airflow/.local/lib/python3.11/site-packages/airflow/example_dags/subdags/subdag.py
[2023-11-08T14:36:57.822+0000] {processor.py:841} WARNING - No viable dags retrieved from /home/airflow/.local/lib/python3.11/site-packages/airflow/example_dags/subdags/subdag.py
[2023-11-08T14:36:57.844+0000] {processor.py:179} INFO - Processing /home/airflow/.local/lib/python3.11/site-packages/airflow/example_dags/subdags/subdag.py took 0.033 seconds
[2023-11-08T14:37:28.313+0000] {processor.py:157} INFO - Started process (PID=3186) to work on /home/airflow/.local/lib/python3.11/site-packages/airflow/example_dags/subdags/subdag.py
[2023-11-08T14:37:28.314+0000] {processor.py:829} INFO - Processing file /home/airflow/.local/lib/python3.11/site-packages/airflow/example_dags/subdags/subdag.py for tasks to queue
[2023-11-08T14:37:28.316+0000] {logging_mixin.py:154} INFO - [2023-11-08T14:37:28.315+0000] {dagbag.py:536} INFO - Filling up the DagBag from /home/airflow/.local/lib/python3.11/site-packages/airflow/example_dags/subdags/subdag.py
[2023-11-08T14:37:28.317+0000] {processor.py:841} WARNING - No viable dags retrieved from /home/airflow/.local/lib/python3.11/site-packages/airflow/example_dags/subdags/subdag.py
[2023-11-08T14:37:28.328+0000] {processor.py:179} INFO - Processing /home/airflow/.local/lib/python3.11/site-packages/airflow/example_dags/subdags/subdag.py took 0.016 seconds
[2023-11-08T14:37:58.605+0000] {processor.py:157} INFO - Started process (PID=3262) to work on /home/airflow/.local/lib/python3.11/site-packages/airflow/example_dags/subdags/subdag.py
[2023-11-08T14:37:58.605+0000] {processor.py:829} INFO - Processing file /home/airflow/.local/lib/python3.11/site-packages/airflow/example_dags/subdags/subdag.py for tasks to queue
[2023-11-08T14:37:58.607+0000] {logging_mixin.py:154} INFO - [2023-11-08T14:37:58.606+0000] {dagbag.py:536} INFO - Filling up the DagBag from /home/airflow/.local/lib/python3.11/site-packages/airflow/example_dags/subdags/subdag.py
[2023-11-08T14:37:58.608+0000] {processor.py:841} WARNING - No viable dags retrieved from /home/airflow/.local/lib/python3.11/site-packages/airflow/example_dags/subdags/subdag.py
[2023-11-08T14:37:58.618+0000] {processor.py:179} INFO - Processing /home/airflow/.local/lib/python3.11/site-packages/airflow/example_dags/subdags/subdag.py took 0.015 seconds
[2023-11-08T14:38:28.757+0000] {processor.py:157} INFO - Started process (PID=3338) to work on /home/airflow/.local/lib/python3.11/site-packages/airflow/example_dags/subdags/subdag.py
[2023-11-08T14:38:28.758+0000] {processor.py:829} INFO - Processing file /home/airflow/.local/lib/python3.11/site-packages/airflow/example_dags/subdags/subdag.py for tasks to queue
[2023-11-08T14:38:28.759+0000] {logging_mixin.py:154} INFO - [2023-11-08T14:38:28.759+0000] {dagbag.py:536} INFO - Filling up the DagBag from /home/airflow/.local/lib/python3.11/site-packages/airflow/example_dags/subdags/subdag.py
[2023-11-08T14:38:28.760+0000] {processor.py:841} WARNING - No viable dags retrieved from /home/airflow/.local/lib/python3.11/site-packages/airflow/example_dags/subdags/subdag.py
[2023-11-08T14:38:28.770+0000] {processor.py:179} INFO - Processing /home/airflow/.local/lib/python3.11/site-packages/airflow/example_dags/subdags/subdag.py took 0.015 seconds
[2023-11-08T14:38:58.842+0000] {processor.py:157} INFO - Started process (PID=3414) to work on /home/airflow/.local/lib/python3.11/site-packages/airflow/example_dags/subdags/subdag.py
[2023-11-08T14:38:58.842+0000] {processor.py:829} INFO - Processing file /home/airflow/.local/lib/python3.11/site-packages/airflow/example_dags/subdags/subdag.py for tasks to queue
[2023-11-08T14:38:58.844+0000] {logging_mixin.py:154} INFO - [2023-11-08T14:38:58.844+0000] {dagbag.py:536} INFO - Filling up the DagBag from /home/airflow/.local/lib/python3.11/site-packages/airflow/example_dags/subdags/subdag.py
[2023-11-08T14:38:58.845+0000] {processor.py:841} WARNING - No viable dags retrieved from /home/airflow/.local/lib/python3.11/site-packages/airflow/example_dags/subdags/subdag.py
[2023-11-08T14:38:58.857+0000] {processor.py:179} INFO - Processing /home/airflow/.local/lib/python3.11/site-packages/airflow/example_dags/subdags/subdag.py took 0.018 seconds
[2023-11-08T14:39:28.917+0000] {processor.py:157} INFO - Started process (PID=3489) to work on /home/airflow/.local/lib/python3.11/site-packages/airflow/example_dags/subdags/subdag.py
[2023-11-08T14:39:28.918+0000] {processor.py:829} INFO - Processing file /home/airflow/.local/lib/python3.11/site-packages/airflow/example_dags/subdags/subdag.py for tasks to queue
[2023-11-08T14:39:28.920+0000] {logging_mixin.py:154} INFO - [2023-11-08T14:39:28.919+0000] {dagbag.py:536} INFO - Filling up the DagBag from /home/airflow/.local/lib/python3.11/site-packages/airflow/example_dags/subdags/subdag.py
[2023-11-08T14:39:28.921+0000] {processor.py:841} WARNING - No viable dags retrieved from /home/airflow/.local/lib/python3.11/site-packages/airflow/example_dags/subdags/subdag.py
[2023-11-08T14:39:28.930+0000] {processor.py:179} INFO - Processing /home/airflow/.local/lib/python3.11/site-packages/airflow/example_dags/subdags/subdag.py took 0.015 seconds
[2023-11-08T14:39:59.157+0000] {processor.py:157} INFO - Started process (PID=3565) to work on /home/airflow/.local/lib/python3.11/site-packages/airflow/example_dags/subdags/subdag.py
[2023-11-08T14:39:59.158+0000] {processor.py:829} INFO - Processing file /home/airflow/.local/lib/python3.11/site-packages/airflow/example_dags/subdags/subdag.py for tasks to queue
[2023-11-08T14:39:59.160+0000] {logging_mixin.py:154} INFO - [2023-11-08T14:39:59.160+0000] {dagbag.py:536} INFO - Filling up the DagBag from /home/airflow/.local/lib/python3.11/site-packages/airflow/example_dags/subdags/subdag.py
[2023-11-08T14:39:59.161+0000] {processor.py:841} WARNING - No viable dags retrieved from /home/airflow/.local/lib/python3.11/site-packages/airflow/example_dags/subdags/subdag.py
[2023-11-08T14:39:59.173+0000] {processor.py:179} INFO - Processing /home/airflow/.local/lib/python3.11/site-packages/airflow/example_dags/subdags/subdag.py took 0.018 seconds
[2023-11-08T14:40:29.460+0000] {processor.py:157} INFO - Started process (PID=3642) to work on /home/airflow/.local/lib/python3.11/site-packages/airflow/example_dags/subdags/subdag.py
[2023-11-08T14:40:29.461+0000] {processor.py:829} INFO - Processing file /home/airflow/.local/lib/python3.11/site-packages/airflow/example_dags/subdags/subdag.py for tasks to queue
[2023-11-08T14:40:29.462+0000] {logging_mixin.py:154} INFO - [2023-11-08T14:40:29.462+0000] {dagbag.py:536} INFO - Filling up the DagBag from /home/airflow/.local/lib/python3.11/site-packages/airflow/example_dags/subdags/subdag.py
[2023-11-08T14:40:29.464+0000] {processor.py:841} WARNING - No viable dags retrieved from /home/airflow/.local/lib/python3.11/site-packages/airflow/example_dags/subdags/subdag.py
[2023-11-08T14:40:29.474+0000] {processor.py:179} INFO - Processing /home/airflow/.local/lib/python3.11/site-packages/airflow/example_dags/subdags/subdag.py took 0.016 seconds
[2023-11-08T14:40:59.687+0000] {processor.py:157} INFO - Started process (PID=3718) to work on /home/airflow/.local/lib/python3.11/site-packages/airflow/example_dags/subdags/subdag.py
[2023-11-08T14:40:59.688+0000] {processor.py:829} INFO - Processing file /home/airflow/.local/lib/python3.11/site-packages/airflow/example_dags/subdags/subdag.py for tasks to queue
[2023-11-08T14:40:59.689+0000] {logging_mixin.py:154} INFO - [2023-11-08T14:40:59.689+0000] {dagbag.py:536} INFO - Filling up the DagBag from /home/airflow/.local/lib/python3.11/site-packages/airflow/example_dags/subdags/subdag.py
[2023-11-08T14:40:59.691+0000] {processor.py:841} WARNING - No viable dags retrieved from /home/airflow/.local/lib/python3.11/site-packages/airflow/example_dags/subdags/subdag.py
[2023-11-08T14:40:59.701+0000] {processor.py:179} INFO - Processing /home/airflow/.local/lib/python3.11/site-packages/airflow/example_dags/subdags/subdag.py took 0.016 seconds
[2023-11-08T14:41:29.833+0000] {processor.py:157} INFO - Started process (PID=3794) to work on /home/airflow/.local/lib/python3.11/site-packages/airflow/example_dags/subdags/subdag.py
[2023-11-08T14:41:29.834+0000] {processor.py:829} INFO - Processing file /home/airflow/.local/lib/python3.11/site-packages/airflow/example_dags/subdags/subdag.py for tasks to queue
[2023-11-08T14:41:29.836+0000] {logging_mixin.py:154} INFO - [2023-11-08T14:41:29.836+0000] {dagbag.py:536} INFO - Filling up the DagBag from /home/airflow/.local/lib/python3.11/site-packages/airflow/example_dags/subdags/subdag.py
[2023-11-08T14:41:29.837+0000] {processor.py:841} WARNING - No viable dags retrieved from /home/airflow/.local/lib/python3.11/site-packages/airflow/example_dags/subdags/subdag.py
[2023-11-08T14:41:29.847+0000] {processor.py:179} INFO - Processing /home/airflow/.local/lib/python3.11/site-packages/airflow/example_dags/subdags/subdag.py took 0.016 seconds
[2023-11-08T14:42:00.787+0000] {processor.py:157} INFO - Started process (PID=3869) to work on /home/airflow/.local/lib/python3.11/site-packages/airflow/example_dags/subdags/subdag.py
[2023-11-08T14:42:00.788+0000] {processor.py:829} INFO - Processing file /home/airflow/.local/lib/python3.11/site-packages/airflow/example_dags/subdags/subdag.py for tasks to queue
[2023-11-08T14:42:00.789+0000] {logging_mixin.py:154} INFO - [2023-11-08T14:42:00.789+0000] {dagbag.py:536} INFO - Filling up the DagBag from /home/airflow/.local/lib/python3.11/site-packages/airflow/example_dags/subdags/subdag.py
[2023-11-08T14:42:00.791+0000] {processor.py:841} WARNING - No viable dags retrieved from /home/airflow/.local/lib/python3.11/site-packages/airflow/example_dags/subdags/subdag.py
[2023-11-08T14:42:00.800+0000] {processor.py:179} INFO - Processing /home/airflow/.local/lib/python3.11/site-packages/airflow/example_dags/subdags/subdag.py took 0.015 seconds
[2023-11-08T14:42:30.940+0000] {processor.py:157} INFO - Started process (PID=3945) to work on /home/airflow/.local/lib/python3.11/site-packages/airflow/example_dags/subdags/subdag.py
[2023-11-08T14:42:30.941+0000] {processor.py:829} INFO - Processing file /home/airflow/.local/lib/python3.11/site-packages/airflow/example_dags/subdags/subdag.py for tasks to queue
[2023-11-08T14:42:30.943+0000] {logging_mixin.py:154} INFO - [2023-11-08T14:42:30.943+0000] {dagbag.py:536} INFO - Filling up the DagBag from /home/airflow/.local/lib/python3.11/site-packages/airflow/example_dags/subdags/subdag.py
[2023-11-08T14:42:30.944+0000] {processor.py:841} WARNING - No viable dags retrieved from /home/airflow/.local/lib/python3.11/site-packages/airflow/example_dags/subdags/subdag.py
[2023-11-08T14:42:30.956+0000] {processor.py:179} INFO - Processing /home/airflow/.local/lib/python3.11/site-packages/airflow/example_dags/subdags/subdag.py took 0.018 seconds
[2023-11-08T14:43:01.349+0000] {processor.py:157} INFO - Started process (PID=4020) to work on /home/airflow/.local/lib/python3.11/site-packages/airflow/example_dags/subdags/subdag.py
[2023-11-08T14:43:01.349+0000] {processor.py:829} INFO - Processing file /home/airflow/.local/lib/python3.11/site-packages/airflow/example_dags/subdags/subdag.py for tasks to queue
[2023-11-08T14:43:01.351+0000] {logging_mixin.py:154} INFO - [2023-11-08T14:43:01.351+0000] {dagbag.py:536} INFO - Filling up the DagBag from /home/airflow/.local/lib/python3.11/site-packages/airflow/example_dags/subdags/subdag.py
[2023-11-08T14:43:01.352+0000] {processor.py:841} WARNING - No viable dags retrieved from /home/airflow/.local/lib/python3.11/site-packages/airflow/example_dags/subdags/subdag.py
[2023-11-08T14:43:01.361+0000] {processor.py:179} INFO - Processing /home/airflow/.local/lib/python3.11/site-packages/airflow/example_dags/subdags/subdag.py took 0.014 seconds
[2023-11-08T14:43:31.734+0000] {processor.py:157} INFO - Started process (PID=4096) to work on /home/airflow/.local/lib/python3.11/site-packages/airflow/example_dags/subdags/subdag.py
[2023-11-08T14:43:31.735+0000] {processor.py:829} INFO - Processing file /home/airflow/.local/lib/python3.11/site-packages/airflow/example_dags/subdags/subdag.py for tasks to queue
[2023-11-08T14:43:31.736+0000] {logging_mixin.py:154} INFO - [2023-11-08T14:43:31.736+0000] {dagbag.py:536} INFO - Filling up the DagBag from /home/airflow/.local/lib/python3.11/site-packages/airflow/example_dags/subdags/subdag.py
[2023-11-08T14:43:31.737+0000] {processor.py:841} WARNING - No viable dags retrieved from /home/airflow/.local/lib/python3.11/site-packages/airflow/example_dags/subdags/subdag.py
[2023-11-08T14:43:31.747+0000] {processor.py:179} INFO - Processing /home/airflow/.local/lib/python3.11/site-packages/airflow/example_dags/subdags/subdag.py took 0.015 seconds
[2023-11-08T14:44:02.141+0000] {processor.py:157} INFO - Started process (PID=4172) to work on /home/airflow/.local/lib/python3.11/site-packages/airflow/example_dags/subdags/subdag.py
[2023-11-08T14:44:02.142+0000] {processor.py:829} INFO - Processing file /home/airflow/.local/lib/python3.11/site-packages/airflow/example_dags/subdags/subdag.py for tasks to queue
[2023-11-08T14:44:02.143+0000] {logging_mixin.py:154} INFO - [2023-11-08T14:44:02.143+0000] {dagbag.py:536} INFO - Filling up the DagBag from /home/airflow/.local/lib/python3.11/site-packages/airflow/example_dags/subdags/subdag.py
[2023-11-08T14:44:02.144+0000] {processor.py:841} WARNING - No viable dags retrieved from /home/airflow/.local/lib/python3.11/site-packages/airflow/example_dags/subdags/subdag.py
[2023-11-08T14:44:02.154+0000] {processor.py:179} INFO - Processing /home/airflow/.local/lib/python3.11/site-packages/airflow/example_dags/subdags/subdag.py took 0.015 seconds
[2023-11-08T14:44:32.348+0000] {processor.py:157} INFO - Started process (PID=4248) to work on /home/airflow/.local/lib/python3.11/site-packages/airflow/example_dags/subdags/subdag.py
[2023-11-08T14:44:32.349+0000] {processor.py:829} INFO - Processing file /home/airflow/.local/lib/python3.11/site-packages/airflow/example_dags/subdags/subdag.py for tasks to queue
[2023-11-08T14:44:32.350+0000] {logging_mixin.py:154} INFO - [2023-11-08T14:44:32.350+0000] {dagbag.py:536} INFO - Filling up the DagBag from /home/airflow/.local/lib/python3.11/site-packages/airflow/example_dags/subdags/subdag.py
[2023-11-08T14:44:32.352+0000] {processor.py:841} WARNING - No viable dags retrieved from /home/airflow/.local/lib/python3.11/site-packages/airflow/example_dags/subdags/subdag.py
[2023-11-08T14:44:32.362+0000] {processor.py:179} INFO - Processing /home/airflow/.local/lib/python3.11/site-packages/airflow/example_dags/subdags/subdag.py took 0.016 seconds
[2023-11-08T14:45:02.768+0000] {processor.py:157} INFO - Started process (PID=4324) to work on /home/airflow/.local/lib/python3.11/site-packages/airflow/example_dags/subdags/subdag.py
[2023-11-08T14:45:02.769+0000] {processor.py:829} INFO - Processing file /home/airflow/.local/lib/python3.11/site-packages/airflow/example_dags/subdags/subdag.py for tasks to queue
[2023-11-08T14:45:02.770+0000] {logging_mixin.py:154} INFO - [2023-11-08T14:45:02.770+0000] {dagbag.py:536} INFO - Filling up the DagBag from /home/airflow/.local/lib/python3.11/site-packages/airflow/example_dags/subdags/subdag.py
[2023-11-08T14:45:02.772+0000] {processor.py:841} WARNING - No viable dags retrieved from /home/airflow/.local/lib/python3.11/site-packages/airflow/example_dags/subdags/subdag.py
[2023-11-08T14:45:02.782+0000] {processor.py:179} INFO - Processing /home/airflow/.local/lib/python3.11/site-packages/airflow/example_dags/subdags/subdag.py took 0.016 seconds
[2023-11-08T14:45:33.421+0000] {processor.py:157} INFO - Started process (PID=4401) to work on /home/airflow/.local/lib/python3.11/site-packages/airflow/example_dags/subdags/subdag.py
[2023-11-08T14:45:33.423+0000] {processor.py:829} INFO - Processing file /home/airflow/.local/lib/python3.11/site-packages/airflow/example_dags/subdags/subdag.py for tasks to queue
[2023-11-08T14:45:33.424+0000] {logging_mixin.py:154} INFO - [2023-11-08T14:45:33.424+0000] {dagbag.py:536} INFO - Filling up the DagBag from /home/airflow/.local/lib/python3.11/site-packages/airflow/example_dags/subdags/subdag.py
[2023-11-08T14:45:33.426+0000] {processor.py:841} WARNING - No viable dags retrieved from /home/airflow/.local/lib/python3.11/site-packages/airflow/example_dags/subdags/subdag.py
[2023-11-08T14:45:33.436+0000] {processor.py:179} INFO - Processing /home/airflow/.local/lib/python3.11/site-packages/airflow/example_dags/subdags/subdag.py took 0.017 seconds
[2023-11-08T14:46:03.873+0000] {processor.py:157} INFO - Started process (PID=4477) to work on /home/airflow/.local/lib/python3.11/site-packages/airflow/example_dags/subdags/subdag.py
[2023-11-08T14:46:03.874+0000] {processor.py:829} INFO - Processing file /home/airflow/.local/lib/python3.11/site-packages/airflow/example_dags/subdags/subdag.py for tasks to queue
[2023-11-08T14:46:03.876+0000] {logging_mixin.py:154} INFO - [2023-11-08T14:46:03.875+0000] {dagbag.py:536} INFO - Filling up the DagBag from /home/airflow/.local/lib/python3.11/site-packages/airflow/example_dags/subdags/subdag.py
[2023-11-08T14:46:03.877+0000] {processor.py:841} WARNING - No viable dags retrieved from /home/airflow/.local/lib/python3.11/site-packages/airflow/example_dags/subdags/subdag.py
[2023-11-08T14:46:03.887+0000] {processor.py:179} INFO - Processing /home/airflow/.local/lib/python3.11/site-packages/airflow/example_dags/subdags/subdag.py took 0.016 seconds
[2023-11-08T14:46:34.478+0000] {processor.py:157} INFO - Started process (PID=4553) to work on /home/airflow/.local/lib/python3.11/site-packages/airflow/example_dags/subdags/subdag.py
[2023-11-08T14:46:34.479+0000] {processor.py:829} INFO - Processing file /home/airflow/.local/lib/python3.11/site-packages/airflow/example_dags/subdags/subdag.py for tasks to queue
[2023-11-08T14:46:34.480+0000] {logging_mixin.py:154} INFO - [2023-11-08T14:46:34.480+0000] {dagbag.py:536} INFO - Filling up the DagBag from /home/airflow/.local/lib/python3.11/site-packages/airflow/example_dags/subdags/subdag.py
[2023-11-08T14:46:34.482+0000] {processor.py:841} WARNING - No viable dags retrieved from /home/airflow/.local/lib/python3.11/site-packages/airflow/example_dags/subdags/subdag.py
[2023-11-08T14:46:34.491+0000] {processor.py:179} INFO - Processing /home/airflow/.local/lib/python3.11/site-packages/airflow/example_dags/subdags/subdag.py took 0.015 seconds
[2023-11-08T14:47:05.342+0000] {processor.py:157} INFO - Started process (PID=4629) to work on /home/airflow/.local/lib/python3.11/site-packages/airflow/example_dags/subdags/subdag.py
[2023-11-08T14:47:05.343+0000] {processor.py:829} INFO - Processing file /home/airflow/.local/lib/python3.11/site-packages/airflow/example_dags/subdags/subdag.py for tasks to queue
[2023-11-08T14:47:05.344+0000] {logging_mixin.py:154} INFO - [2023-11-08T14:47:05.344+0000] {dagbag.py:536} INFO - Filling up the DagBag from /home/airflow/.local/lib/python3.11/site-packages/airflow/example_dags/subdags/subdag.py
[2023-11-08T14:47:05.346+0000] {processor.py:841} WARNING - No viable dags retrieved from /home/airflow/.local/lib/python3.11/site-packages/airflow/example_dags/subdags/subdag.py
[2023-11-08T14:47:05.355+0000] {processor.py:179} INFO - Processing /home/airflow/.local/lib/python3.11/site-packages/airflow/example_dags/subdags/subdag.py took 0.015 seconds
[2023-11-08T14:47:36.705+0000] {processor.py:157} INFO - Started process (PID=4705) to work on /home/airflow/.local/lib/python3.11/site-packages/airflow/example_dags/subdags/subdag.py
[2023-11-08T14:47:36.705+0000] {processor.py:829} INFO - Processing file /home/airflow/.local/lib/python3.11/site-packages/airflow/example_dags/subdags/subdag.py for tasks to queue
[2023-11-08T14:47:36.707+0000] {logging_mixin.py:154} INFO - [2023-11-08T14:47:36.707+0000] {dagbag.py:536} INFO - Filling up the DagBag from /home/airflow/.local/lib/python3.11/site-packages/airflow/example_dags/subdags/subdag.py
[2023-11-08T14:47:36.709+0000] {processor.py:841} WARNING - No viable dags retrieved from /home/airflow/.local/lib/python3.11/site-packages/airflow/example_dags/subdags/subdag.py
[2023-11-08T14:47:36.723+0000] {processor.py:179} INFO - Processing /home/airflow/.local/lib/python3.11/site-packages/airflow/example_dags/subdags/subdag.py took 0.022 seconds
[2023-11-08T14:48:07.248+0000] {processor.py:157} INFO - Started process (PID=4781) to work on /home/airflow/.local/lib/python3.11/site-packages/airflow/example_dags/subdags/subdag.py
[2023-11-08T14:48:07.249+0000] {processor.py:829} INFO - Processing file /home/airflow/.local/lib/python3.11/site-packages/airflow/example_dags/subdags/subdag.py for tasks to queue
[2023-11-08T14:48:07.251+0000] {logging_mixin.py:154} INFO - [2023-11-08T14:48:07.251+0000] {dagbag.py:536} INFO - Filling up the DagBag from /home/airflow/.local/lib/python3.11/site-packages/airflow/example_dags/subdags/subdag.py
[2023-11-08T14:48:07.252+0000] {processor.py:841} WARNING - No viable dags retrieved from /home/airflow/.local/lib/python3.11/site-packages/airflow/example_dags/subdags/subdag.py
[2023-11-08T14:48:07.261+0000] {processor.py:179} INFO - Processing /home/airflow/.local/lib/python3.11/site-packages/airflow/example_dags/subdags/subdag.py took 0.015 seconds
[2023-11-08T14:48:38.373+0000] {processor.py:157} INFO - Started process (PID=4865) to work on /home/airflow/.local/lib/python3.11/site-packages/airflow/example_dags/subdags/subdag.py
[2023-11-08T14:48:38.374+0000] {processor.py:829} INFO - Processing file /home/airflow/.local/lib/python3.11/site-packages/airflow/example_dags/subdags/subdag.py for tasks to queue
[2023-11-08T14:48:38.376+0000] {logging_mixin.py:154} INFO - [2023-11-08T14:48:38.375+0000] {dagbag.py:536} INFO - Filling up the DagBag from /home/airflow/.local/lib/python3.11/site-packages/airflow/example_dags/subdags/subdag.py
[2023-11-08T14:48:38.377+0000] {processor.py:841} WARNING - No viable dags retrieved from /home/airflow/.local/lib/python3.11/site-packages/airflow/example_dags/subdags/subdag.py
[2023-11-08T14:48:38.389+0000] {processor.py:179} INFO - Processing /home/airflow/.local/lib/python3.11/site-packages/airflow/example_dags/subdags/subdag.py took 0.018 seconds
[2023-11-08T14:49:10.038+0000] {processor.py:157} INFO - Started process (PID=4941) to work on /home/airflow/.local/lib/python3.11/site-packages/airflow/example_dags/subdags/subdag.py
[2023-11-08T14:49:10.039+0000] {processor.py:829} INFO - Processing file /home/airflow/.local/lib/python3.11/site-packages/airflow/example_dags/subdags/subdag.py for tasks to queue
[2023-11-08T14:49:10.042+0000] {logging_mixin.py:154} INFO - [2023-11-08T14:49:10.041+0000] {dagbag.py:536} INFO - Filling up the DagBag from /home/airflow/.local/lib/python3.11/site-packages/airflow/example_dags/subdags/subdag.py
[2023-11-08T14:49:10.045+0000] {processor.py:841} WARNING - No viable dags retrieved from /home/airflow/.local/lib/python3.11/site-packages/airflow/example_dags/subdags/subdag.py
[2023-11-08T14:49:10.065+0000] {processor.py:179} INFO - Processing /home/airflow/.local/lib/python3.11/site-packages/airflow/example_dags/subdags/subdag.py took 0.031 seconds
[2023-11-08T14:49:41.045+0000] {processor.py:157} INFO - Started process (PID=5017) to work on /home/airflow/.local/lib/python3.11/site-packages/airflow/example_dags/subdags/subdag.py
[2023-11-08T14:49:41.046+0000] {processor.py:829} INFO - Processing file /home/airflow/.local/lib/python3.11/site-packages/airflow/example_dags/subdags/subdag.py for tasks to queue
[2023-11-08T14:49:41.047+0000] {logging_mixin.py:154} INFO - [2023-11-08T14:49:41.047+0000] {dagbag.py:536} INFO - Filling up the DagBag from /home/airflow/.local/lib/python3.11/site-packages/airflow/example_dags/subdags/subdag.py
[2023-11-08T14:49:41.049+0000] {processor.py:841} WARNING - No viable dags retrieved from /home/airflow/.local/lib/python3.11/site-packages/airflow/example_dags/subdags/subdag.py
[2023-11-08T14:49:41.059+0000] {processor.py:179} INFO - Processing /home/airflow/.local/lib/python3.11/site-packages/airflow/example_dags/subdags/subdag.py took 0.016 seconds
[2023-11-08T14:50:11.246+0000] {processor.py:157} INFO - Started process (PID=5093) to work on /home/airflow/.local/lib/python3.11/site-packages/airflow/example_dags/subdags/subdag.py
[2023-11-08T14:50:11.246+0000] {processor.py:829} INFO - Processing file /home/airflow/.local/lib/python3.11/site-packages/airflow/example_dags/subdags/subdag.py for tasks to queue
[2023-11-08T14:50:11.248+0000] {logging_mixin.py:154} INFO - [2023-11-08T14:50:11.248+0000] {dagbag.py:536} INFO - Filling up the DagBag from /home/airflow/.local/lib/python3.11/site-packages/airflow/example_dags/subdags/subdag.py
[2023-11-08T14:50:11.249+0000] {processor.py:841} WARNING - No viable dags retrieved from /home/airflow/.local/lib/python3.11/site-packages/airflow/example_dags/subdags/subdag.py
[2023-11-08T14:50:11.259+0000] {processor.py:179} INFO - Processing /home/airflow/.local/lib/python3.11/site-packages/airflow/example_dags/subdags/subdag.py took 0.016 seconds
[2023-11-08T14:50:41.543+0000] {processor.py:157} INFO - Started process (PID=5169) to work on /home/airflow/.local/lib/python3.11/site-packages/airflow/example_dags/subdags/subdag.py
[2023-11-08T14:50:41.544+0000] {processor.py:829} INFO - Processing file /home/airflow/.local/lib/python3.11/site-packages/airflow/example_dags/subdags/subdag.py for tasks to queue
[2023-11-08T14:50:41.545+0000] {logging_mixin.py:154} INFO - [2023-11-08T14:50:41.545+0000] {dagbag.py:536} INFO - Filling up the DagBag from /home/airflow/.local/lib/python3.11/site-packages/airflow/example_dags/subdags/subdag.py
[2023-11-08T14:50:41.546+0000] {processor.py:841} WARNING - No viable dags retrieved from /home/airflow/.local/lib/python3.11/site-packages/airflow/example_dags/subdags/subdag.py
[2023-11-08T14:50:41.556+0000] {processor.py:179} INFO - Processing /home/airflow/.local/lib/python3.11/site-packages/airflow/example_dags/subdags/subdag.py took 0.016 seconds
[2023-11-08T14:51:11.823+0000] {processor.py:157} INFO - Started process (PID=5245) to work on /home/airflow/.local/lib/python3.11/site-packages/airflow/example_dags/subdags/subdag.py
[2023-11-08T14:51:11.824+0000] {processor.py:829} INFO - Processing file /home/airflow/.local/lib/python3.11/site-packages/airflow/example_dags/subdags/subdag.py for tasks to queue
[2023-11-08T14:51:11.826+0000] {logging_mixin.py:154} INFO - [2023-11-08T14:51:11.825+0000] {dagbag.py:536} INFO - Filling up the DagBag from /home/airflow/.local/lib/python3.11/site-packages/airflow/example_dags/subdags/subdag.py
[2023-11-08T14:51:11.827+0000] {processor.py:841} WARNING - No viable dags retrieved from /home/airflow/.local/lib/python3.11/site-packages/airflow/example_dags/subdags/subdag.py
[2023-11-08T14:51:11.837+0000] {processor.py:179} INFO - Processing /home/airflow/.local/lib/python3.11/site-packages/airflow/example_dags/subdags/subdag.py took 0.016 seconds
[2023-11-08T14:51:42.733+0000] {processor.py:157} INFO - Started process (PID=5321) to work on /home/airflow/.local/lib/python3.11/site-packages/airflow/example_dags/subdags/subdag.py
[2023-11-08T14:51:42.734+0000] {processor.py:829} INFO - Processing file /home/airflow/.local/lib/python3.11/site-packages/airflow/example_dags/subdags/subdag.py for tasks to queue
[2023-11-08T14:51:42.738+0000] {logging_mixin.py:154} INFO - [2023-11-08T14:51:42.738+0000] {dagbag.py:536} INFO - Filling up the DagBag from /home/airflow/.local/lib/python3.11/site-packages/airflow/example_dags/subdags/subdag.py
[2023-11-08T14:51:42.740+0000] {processor.py:841} WARNING - No viable dags retrieved from /home/airflow/.local/lib/python3.11/site-packages/airflow/example_dags/subdags/subdag.py
[2023-11-08T14:51:42.753+0000] {processor.py:179} INFO - Processing /home/airflow/.local/lib/python3.11/site-packages/airflow/example_dags/subdags/subdag.py took 0.022 seconds
[2023-11-08T14:52:13.536+0000] {processor.py:157} INFO - Started process (PID=5397) to work on /home/airflow/.local/lib/python3.11/site-packages/airflow/example_dags/subdags/subdag.py
[2023-11-08T14:52:13.537+0000] {processor.py:829} INFO - Processing file /home/airflow/.local/lib/python3.11/site-packages/airflow/example_dags/subdags/subdag.py for tasks to queue
[2023-11-08T14:52:13.539+0000] {logging_mixin.py:154} INFO - [2023-11-08T14:52:13.539+0000] {dagbag.py:536} INFO - Filling up the DagBag from /home/airflow/.local/lib/python3.11/site-packages/airflow/example_dags/subdags/subdag.py
[2023-11-08T14:52:13.541+0000] {processor.py:841} WARNING - No viable dags retrieved from /home/airflow/.local/lib/python3.11/site-packages/airflow/example_dags/subdags/subdag.py
[2023-11-08T14:52:13.553+0000] {processor.py:179} INFO - Processing /home/airflow/.local/lib/python3.11/site-packages/airflow/example_dags/subdags/subdag.py took 0.019 seconds
